[2025-03-08T22:35:47.636+0000] {processor.py:186} INFO - Started process (PID=99) to work on /home/airflow/.local/lib/python3.12/site-packages/airflow/example_dags/example_inlet_event_extra.py
[2025-03-08T22:35:47.637+0000] {processor.py:914} INFO - Processing file /home/airflow/.local/lib/python3.12/site-packages/airflow/example_dags/example_inlet_event_extra.py for tasks to queue
[2025-03-08T22:35:47.638+0000] {logging_mixin.py:190} INFO - [2025-03-08T22:35:47.638+0000] {dagbag.py:588} INFO - Filling up the DagBag from /home/airflow/.local/lib/python3.12/site-packages/airflow/example_dags/example_inlet_event_extra.py
[2025-03-08T22:35:48.076+0000] {processor.py:925} INFO - DAG(s) 'read_dataset_event', 'read_dataset_event_from_classic' retrieved from /home/airflow/.local/lib/python3.12/site-packages/airflow/example_dags/example_inlet_event_extra.py
[2025-03-08T22:35:48.150+0000] {logging_mixin.py:190} INFO - [2025-03-08T22:35:48.149+0000] {override.py:1912} INFO - Created Permission View: can edit on DAG:read_dataset_event
[2025-03-08T22:35:48.158+0000] {logging_mixin.py:190} INFO - [2025-03-08T22:35:48.158+0000] {override.py:1912} INFO - Created Permission View: can read on DAG:read_dataset_event
[2025-03-08T22:35:48.164+0000] {logging_mixin.py:190} INFO - [2025-03-08T22:35:48.163+0000] {override.py:1912} INFO - Created Permission View: can delete on DAG:read_dataset_event
[2025-03-08T22:35:48.172+0000] {logging_mixin.py:190} INFO - [2025-03-08T22:35:48.172+0000] {override.py:1912} INFO - Created Permission View: menu access on DAG Run:read_dataset_event
[2025-03-08T22:35:48.178+0000] {logging_mixin.py:190} INFO - [2025-03-08T22:35:48.178+0000] {override.py:1912} INFO - Created Permission View: can delete on DAG Run:read_dataset_event
[2025-03-08T22:35:48.184+0000] {logging_mixin.py:190} INFO - [2025-03-08T22:35:48.183+0000] {override.py:1912} INFO - Created Permission View: can read on DAG Run:read_dataset_event
[2025-03-08T22:35:48.188+0000] {logging_mixin.py:190} INFO - [2025-03-08T22:35:48.188+0000] {override.py:1912} INFO - Created Permission View: can create on DAG Run:read_dataset_event
[2025-03-08T22:35:48.199+0000] {logging_mixin.py:190} INFO - [2025-03-08T22:35:48.199+0000] {override.py:1912} INFO - Created Permission View: can edit on DAG:read_dataset_event_from_classic
[2025-03-08T22:35:48.206+0000] {logging_mixin.py:190} INFO - [2025-03-08T22:35:48.206+0000] {override.py:1912} INFO - Created Permission View: can read on DAG:read_dataset_event_from_classic
[2025-03-08T22:35:48.213+0000] {logging_mixin.py:190} INFO - [2025-03-08T22:35:48.212+0000] {override.py:1912} INFO - Created Permission View: can delete on DAG:read_dataset_event_from_classic
[2025-03-08T22:35:48.219+0000] {logging_mixin.py:190} INFO - [2025-03-08T22:35:48.219+0000] {override.py:1912} INFO - Created Permission View: menu access on DAG Run:read_dataset_event_from_classic
[2025-03-08T22:35:48.224+0000] {logging_mixin.py:190} INFO - [2025-03-08T22:35:48.224+0000] {override.py:1912} INFO - Created Permission View: can delete on DAG Run:read_dataset_event_from_classic
[2025-03-08T22:35:48.229+0000] {logging_mixin.py:190} INFO - [2025-03-08T22:35:48.229+0000] {override.py:1912} INFO - Created Permission View: can read on DAG Run:read_dataset_event_from_classic
[2025-03-08T22:35:48.235+0000] {logging_mixin.py:190} INFO - [2025-03-08T22:35:48.234+0000] {override.py:1912} INFO - Created Permission View: can create on DAG Run:read_dataset_event_from_classic
[2025-03-08T22:35:48.235+0000] {logging_mixin.py:190} INFO - [2025-03-08T22:35:48.235+0000] {dag.py:3239} INFO - Sync 2 DAGs
[2025-03-08T22:35:48.245+0000] {logging_mixin.py:190} INFO - [2025-03-08T22:35:48.244+0000] {dag.py:3262} INFO - Creating ORM DAG for read_dataset_event
[2025-03-08T22:35:48.245+0000] {logging_mixin.py:190} INFO - [2025-03-08T22:35:48.245+0000] {dag.py:3262} INFO - Creating ORM DAG for read_dataset_event_from_classic
[2025-03-08T22:35:48.252+0000] {logging_mixin.py:190} INFO - [2025-03-08T22:35:48.252+0000] {dag.py:4180} INFO - Setting next_dagrun for read_dataset_event to 2025-03-07 00:00:00+00:00, run_after=2025-03-08 00:00:00+00:00
[2025-03-08T22:35:48.254+0000] {logging_mixin.py:190} INFO - [2025-03-08T22:35:48.253+0000] {dag.py:4180} INFO - Setting next_dagrun for read_dataset_event_from_classic to 2025-03-07 00:00:00+00:00, run_after=2025-03-08 00:00:00+00:00
[2025-03-08T22:35:48.266+0000] {processor.py:208} INFO - Processing /home/airflow/.local/lib/python3.12/site-packages/airflow/example_dags/example_inlet_event_extra.py took 0.634 seconds
[2025-03-08T22:36:18.589+0000] {processor.py:186} INFO - Started process (PID=164) to work on /home/airflow/.local/lib/python3.12/site-packages/airflow/example_dags/example_inlet_event_extra.py
[2025-03-08T22:36:18.590+0000] {processor.py:914} INFO - Processing file /home/airflow/.local/lib/python3.12/site-packages/airflow/example_dags/example_inlet_event_extra.py for tasks to queue
[2025-03-08T22:36:18.591+0000] {logging_mixin.py:190} INFO - [2025-03-08T22:36:18.591+0000] {dagbag.py:588} INFO - Filling up the DagBag from /home/airflow/.local/lib/python3.12/site-packages/airflow/example_dags/example_inlet_event_extra.py
[2025-03-08T22:36:19.101+0000] {processor.py:925} INFO - DAG(s) 'read_dataset_event_from_classic', 'read_dataset_event' retrieved from /home/airflow/.local/lib/python3.12/site-packages/airflow/example_dags/example_inlet_event_extra.py
[2025-03-08T22:36:19.121+0000] {logging_mixin.py:190} INFO - [2025-03-08T22:36:19.121+0000] {dag.py:3239} INFO - Sync 2 DAGs
[2025-03-08T22:36:19.143+0000] {logging_mixin.py:190} INFO - [2025-03-08T22:36:19.143+0000] {dag.py:4180} INFO - Setting next_dagrun for read_dataset_event to 2025-03-07 00:00:00+00:00, run_after=2025-03-08 00:00:00+00:00
[2025-03-08T22:36:19.149+0000] {logging_mixin.py:190} INFO - [2025-03-08T22:36:19.149+0000] {dag.py:4180} INFO - Setting next_dagrun for read_dataset_event_from_classic to 2025-03-07 00:00:00+00:00, run_after=2025-03-08 00:00:00+00:00
[2025-03-08T22:36:19.168+0000] {processor.py:208} INFO - Processing /home/airflow/.local/lib/python3.12/site-packages/airflow/example_dags/example_inlet_event_extra.py took 0.582 seconds
[2025-03-08T22:36:49.236+0000] {processor.py:186} INFO - Started process (PID=231) to work on /home/airflow/.local/lib/python3.12/site-packages/airflow/example_dags/example_inlet_event_extra.py
[2025-03-08T22:36:49.236+0000] {processor.py:914} INFO - Processing file /home/airflow/.local/lib/python3.12/site-packages/airflow/example_dags/example_inlet_event_extra.py for tasks to queue
[2025-03-08T22:36:49.238+0000] {logging_mixin.py:190} INFO - [2025-03-08T22:36:49.238+0000] {dagbag.py:588} INFO - Filling up the DagBag from /home/airflow/.local/lib/python3.12/site-packages/airflow/example_dags/example_inlet_event_extra.py
[2025-03-08T22:36:49.656+0000] {processor.py:925} INFO - DAG(s) 'read_dataset_event', 'read_dataset_event_from_classic' retrieved from /home/airflow/.local/lib/python3.12/site-packages/airflow/example_dags/example_inlet_event_extra.py
[2025-03-08T22:36:49.676+0000] {logging_mixin.py:190} INFO - [2025-03-08T22:36:49.675+0000] {dag.py:3239} INFO - Sync 2 DAGs
[2025-03-08T22:36:49.696+0000] {logging_mixin.py:190} INFO - [2025-03-08T22:36:49.696+0000] {dag.py:4180} INFO - Setting next_dagrun for read_dataset_event to 2025-03-07 00:00:00+00:00, run_after=2025-03-08 00:00:00+00:00
[2025-03-08T22:36:49.701+0000] {logging_mixin.py:190} INFO - [2025-03-08T22:36:49.701+0000] {dag.py:4180} INFO - Setting next_dagrun for read_dataset_event_from_classic to 2025-03-07 00:00:00+00:00, run_after=2025-03-08 00:00:00+00:00
[2025-03-08T22:36:49.713+0000] {processor.py:208} INFO - Processing /home/airflow/.local/lib/python3.12/site-packages/airflow/example_dags/example_inlet_event_extra.py took 0.481 seconds
[2025-03-08T22:37:20.141+0000] {processor.py:186} INFO - Started process (PID=295) to work on /home/airflow/.local/lib/python3.12/site-packages/airflow/example_dags/example_inlet_event_extra.py
[2025-03-08T22:37:20.141+0000] {processor.py:914} INFO - Processing file /home/airflow/.local/lib/python3.12/site-packages/airflow/example_dags/example_inlet_event_extra.py for tasks to queue
[2025-03-08T22:37:20.143+0000] {logging_mixin.py:190} INFO - [2025-03-08T22:37:20.143+0000] {dagbag.py:588} INFO - Filling up the DagBag from /home/airflow/.local/lib/python3.12/site-packages/airflow/example_dags/example_inlet_event_extra.py
[2025-03-08T22:37:20.578+0000] {processor.py:925} INFO - DAG(s) 'read_dataset_event_from_classic', 'read_dataset_event' retrieved from /home/airflow/.local/lib/python3.12/site-packages/airflow/example_dags/example_inlet_event_extra.py
[2025-03-08T22:37:20.596+0000] {logging_mixin.py:190} INFO - [2025-03-08T22:37:20.595+0000] {dag.py:3239} INFO - Sync 2 DAGs
[2025-03-08T22:37:20.615+0000] {logging_mixin.py:190} INFO - [2025-03-08T22:37:20.615+0000] {dag.py:4180} INFO - Setting next_dagrun for read_dataset_event to 2025-03-07 00:00:00+00:00, run_after=2025-03-08 00:00:00+00:00
[2025-03-08T22:37:20.625+0000] {logging_mixin.py:190} INFO - [2025-03-08T22:37:20.625+0000] {dag.py:4180} INFO - Setting next_dagrun for read_dataset_event_from_classic to 2025-03-07 00:00:00+00:00, run_after=2025-03-08 00:00:00+00:00
[2025-03-08T22:37:20.645+0000] {processor.py:208} INFO - Processing /home/airflow/.local/lib/python3.12/site-packages/airflow/example_dags/example_inlet_event_extra.py took 0.508 seconds
[2025-03-08T22:37:50.860+0000] {processor.py:186} INFO - Started process (PID=359) to work on /home/airflow/.local/lib/python3.12/site-packages/airflow/example_dags/example_inlet_event_extra.py
[2025-03-08T22:37:50.861+0000] {processor.py:914} INFO - Processing file /home/airflow/.local/lib/python3.12/site-packages/airflow/example_dags/example_inlet_event_extra.py for tasks to queue
[2025-03-08T22:37:50.863+0000] {logging_mixin.py:190} INFO - [2025-03-08T22:37:50.863+0000] {dagbag.py:588} INFO - Filling up the DagBag from /home/airflow/.local/lib/python3.12/site-packages/airflow/example_dags/example_inlet_event_extra.py
[2025-03-08T22:37:51.355+0000] {processor.py:925} INFO - DAG(s) 'read_dataset_event', 'read_dataset_event_from_classic' retrieved from /home/airflow/.local/lib/python3.12/site-packages/airflow/example_dags/example_inlet_event_extra.py
[2025-03-08T22:37:51.374+0000] {logging_mixin.py:190} INFO - [2025-03-08T22:37:51.373+0000] {dag.py:3239} INFO - Sync 2 DAGs
[2025-03-08T22:37:51.393+0000] {logging_mixin.py:190} INFO - [2025-03-08T22:37:51.393+0000] {dag.py:4180} INFO - Setting next_dagrun for read_dataset_event to 2025-03-07 00:00:00+00:00, run_after=2025-03-08 00:00:00+00:00
[2025-03-08T22:37:51.398+0000] {logging_mixin.py:190} INFO - [2025-03-08T22:37:51.398+0000] {dag.py:4180} INFO - Setting next_dagrun for read_dataset_event_from_classic to 2025-03-07 00:00:00+00:00, run_after=2025-03-08 00:00:00+00:00
[2025-03-08T22:37:51.418+0000] {processor.py:208} INFO - Processing /home/airflow/.local/lib/python3.12/site-packages/airflow/example_dags/example_inlet_event_extra.py took 0.562 seconds
[2025-03-08T22:38:21.972+0000] {processor.py:186} INFO - Started process (PID=420) to work on /home/airflow/.local/lib/python3.12/site-packages/airflow/example_dags/example_inlet_event_extra.py
[2025-03-08T22:38:21.973+0000] {processor.py:914} INFO - Processing file /home/airflow/.local/lib/python3.12/site-packages/airflow/example_dags/example_inlet_event_extra.py for tasks to queue
[2025-03-08T22:38:21.975+0000] {logging_mixin.py:190} INFO - [2025-03-08T22:38:21.974+0000] {dagbag.py:588} INFO - Filling up the DagBag from /home/airflow/.local/lib/python3.12/site-packages/airflow/example_dags/example_inlet_event_extra.py
[2025-03-08T22:38:22.403+0000] {processor.py:925} INFO - DAG(s) 'read_dataset_event_from_classic', 'read_dataset_event' retrieved from /home/airflow/.local/lib/python3.12/site-packages/airflow/example_dags/example_inlet_event_extra.py
[2025-03-08T22:38:22.426+0000] {logging_mixin.py:190} INFO - [2025-03-08T22:38:22.426+0000] {dag.py:3239} INFO - Sync 2 DAGs
[2025-03-08T22:38:22.448+0000] {logging_mixin.py:190} INFO - [2025-03-08T22:38:22.448+0000] {dag.py:4180} INFO - Setting next_dagrun for read_dataset_event to 2025-03-07 00:00:00+00:00, run_after=2025-03-08 00:00:00+00:00
[2025-03-08T22:38:22.454+0000] {logging_mixin.py:190} INFO - [2025-03-08T22:38:22.453+0000] {dag.py:4180} INFO - Setting next_dagrun for read_dataset_event_from_classic to 2025-03-07 00:00:00+00:00, run_after=2025-03-08 00:00:00+00:00
[2025-03-08T22:38:22.471+0000] {processor.py:208} INFO - Processing /home/airflow/.local/lib/python3.12/site-packages/airflow/example_dags/example_inlet_event_extra.py took 0.503 seconds
[2025-03-08T22:38:53.181+0000] {processor.py:186} INFO - Started process (PID=483) to work on /home/airflow/.local/lib/python3.12/site-packages/airflow/example_dags/example_inlet_event_extra.py
[2025-03-08T22:38:53.182+0000] {processor.py:914} INFO - Processing file /home/airflow/.local/lib/python3.12/site-packages/airflow/example_dags/example_inlet_event_extra.py for tasks to queue
[2025-03-08T22:38:53.184+0000] {logging_mixin.py:190} INFO - [2025-03-08T22:38:53.184+0000] {dagbag.py:588} INFO - Filling up the DagBag from /home/airflow/.local/lib/python3.12/site-packages/airflow/example_dags/example_inlet_event_extra.py
[2025-03-08T22:38:53.587+0000] {processor.py:925} INFO - DAG(s) 'read_dataset_event', 'read_dataset_event_from_classic' retrieved from /home/airflow/.local/lib/python3.12/site-packages/airflow/example_dags/example_inlet_event_extra.py
[2025-03-08T22:38:53.602+0000] {logging_mixin.py:190} INFO - [2025-03-08T22:38:53.602+0000] {dag.py:3239} INFO - Sync 2 DAGs
[2025-03-08T22:38:53.619+0000] {logging_mixin.py:190} INFO - [2025-03-08T22:38:53.619+0000] {dag.py:4180} INFO - Setting next_dagrun for read_dataset_event to 2025-03-07 00:00:00+00:00, run_after=2025-03-08 00:00:00+00:00
[2025-03-08T22:38:53.622+0000] {logging_mixin.py:190} INFO - [2025-03-08T22:38:53.622+0000] {dag.py:4180} INFO - Setting next_dagrun for read_dataset_event_from_classic to 2025-03-07 00:00:00+00:00, run_after=2025-03-08 00:00:00+00:00
[2025-03-08T22:38:53.632+0000] {processor.py:208} INFO - Processing /home/airflow/.local/lib/python3.12/site-packages/airflow/example_dags/example_inlet_event_extra.py took 0.455 seconds
[2025-03-08T23:37:27.487+0000] {processor.py:186} INFO - Started process (PID=93) to work on /home/airflow/.local/lib/python3.12/site-packages/airflow/example_dags/example_inlet_event_extra.py
[2025-03-08T23:37:27.488+0000] {processor.py:914} INFO - Processing file /home/airflow/.local/lib/python3.12/site-packages/airflow/example_dags/example_inlet_event_extra.py for tasks to queue
[2025-03-08T23:37:27.490+0000] {logging_mixin.py:190} INFO - [2025-03-08T23:37:27.490+0000] {dagbag.py:588} INFO - Filling up the DagBag from /home/airflow/.local/lib/python3.12/site-packages/airflow/example_dags/example_inlet_event_extra.py
[2025-03-08T23:37:27.994+0000] {processor.py:925} INFO - DAG(s) 'read_dataset_event_from_classic', 'read_dataset_event' retrieved from /home/airflow/.local/lib/python3.12/site-packages/airflow/example_dags/example_inlet_event_extra.py
[2025-03-08T23:37:28.021+0000] {logging_mixin.py:190} INFO - [2025-03-08T23:37:28.020+0000] {dag.py:3239} INFO - Sync 2 DAGs
[2025-03-08T23:37:28.049+0000] {logging_mixin.py:190} INFO - [2025-03-08T23:37:28.048+0000] {dag.py:4180} INFO - Setting next_dagrun for read_dataset_event to 2025-03-07 00:00:00+00:00, run_after=2025-03-08 00:00:00+00:00
[2025-03-08T23:37:28.055+0000] {logging_mixin.py:190} INFO - [2025-03-08T23:37:28.054+0000] {dag.py:4180} INFO - Setting next_dagrun for read_dataset_event_from_classic to 2025-03-07 00:00:00+00:00, run_after=2025-03-08 00:00:00+00:00
[2025-03-08T23:37:28.073+0000] {processor.py:208} INFO - Processing /home/airflow/.local/lib/python3.12/site-packages/airflow/example_dags/example_inlet_event_extra.py took 0.590 seconds
[2025-03-08T23:37:58.171+0000] {processor.py:186} INFO - Started process (PID=166) to work on /home/airflow/.local/lib/python3.12/site-packages/airflow/example_dags/example_inlet_event_extra.py
[2025-03-08T23:37:58.173+0000] {processor.py:914} INFO - Processing file /home/airflow/.local/lib/python3.12/site-packages/airflow/example_dags/example_inlet_event_extra.py for tasks to queue
[2025-03-08T23:37:58.175+0000] {logging_mixin.py:190} INFO - [2025-03-08T23:37:58.174+0000] {dagbag.py:588} INFO - Filling up the DagBag from /home/airflow/.local/lib/python3.12/site-packages/airflow/example_dags/example_inlet_event_extra.py
[2025-03-08T23:37:58.625+0000] {processor.py:925} INFO - DAG(s) 'read_dataset_event', 'read_dataset_event_from_classic' retrieved from /home/airflow/.local/lib/python3.12/site-packages/airflow/example_dags/example_inlet_event_extra.py
[2025-03-08T23:37:58.641+0000] {logging_mixin.py:190} INFO - [2025-03-08T23:37:58.640+0000] {dag.py:3239} INFO - Sync 2 DAGs
[2025-03-08T23:37:58.661+0000] {logging_mixin.py:190} INFO - [2025-03-08T23:37:58.660+0000] {dag.py:4180} INFO - Setting next_dagrun for read_dataset_event to 2025-03-07 00:00:00+00:00, run_after=2025-03-08 00:00:00+00:00
[2025-03-08T23:37:58.669+0000] {logging_mixin.py:190} INFO - [2025-03-08T23:37:58.668+0000] {dag.py:4180} INFO - Setting next_dagrun for read_dataset_event_from_classic to 2025-03-07 00:00:00+00:00, run_after=2025-03-08 00:00:00+00:00
[2025-03-08T23:37:58.686+0000] {processor.py:208} INFO - Processing /home/airflow/.local/lib/python3.12/site-packages/airflow/example_dags/example_inlet_event_extra.py took 0.520 seconds
[2025-03-08T23:38:28.897+0000] {processor.py:186} INFO - Started process (PID=230) to work on /home/airflow/.local/lib/python3.12/site-packages/airflow/example_dags/example_inlet_event_extra.py
[2025-03-08T23:38:28.898+0000] {processor.py:914} INFO - Processing file /home/airflow/.local/lib/python3.12/site-packages/airflow/example_dags/example_inlet_event_extra.py for tasks to queue
[2025-03-08T23:38:28.900+0000] {logging_mixin.py:190} INFO - [2025-03-08T23:38:28.900+0000] {dagbag.py:588} INFO - Filling up the DagBag from /home/airflow/.local/lib/python3.12/site-packages/airflow/example_dags/example_inlet_event_extra.py
[2025-03-08T23:38:29.368+0000] {processor.py:925} INFO - DAG(s) 'read_dataset_event', 'read_dataset_event_from_classic' retrieved from /home/airflow/.local/lib/python3.12/site-packages/airflow/example_dags/example_inlet_event_extra.py
[2025-03-08T23:38:29.387+0000] {logging_mixin.py:190} INFO - [2025-03-08T23:38:29.387+0000] {dag.py:3239} INFO - Sync 2 DAGs
[2025-03-08T23:38:29.407+0000] {logging_mixin.py:190} INFO - [2025-03-08T23:38:29.407+0000] {dag.py:4180} INFO - Setting next_dagrun for read_dataset_event to 2025-03-07 00:00:00+00:00, run_after=2025-03-08 00:00:00+00:00
[2025-03-08T23:38:29.413+0000] {logging_mixin.py:190} INFO - [2025-03-08T23:38:29.413+0000] {dag.py:4180} INFO - Setting next_dagrun for read_dataset_event_from_classic to 2025-03-07 00:00:00+00:00, run_after=2025-03-08 00:00:00+00:00
[2025-03-08T23:38:29.429+0000] {processor.py:208} INFO - Processing /home/airflow/.local/lib/python3.12/site-packages/airflow/example_dags/example_inlet_event_extra.py took 0.536 seconds
[2025-03-08T23:38:59.859+0000] {processor.py:186} INFO - Started process (PID=291) to work on /home/airflow/.local/lib/python3.12/site-packages/airflow/example_dags/example_inlet_event_extra.py
[2025-03-08T23:38:59.859+0000] {processor.py:914} INFO - Processing file /home/airflow/.local/lib/python3.12/site-packages/airflow/example_dags/example_inlet_event_extra.py for tasks to queue
[2025-03-08T23:38:59.861+0000] {logging_mixin.py:190} INFO - [2025-03-08T23:38:59.861+0000] {dagbag.py:588} INFO - Filling up the DagBag from /home/airflow/.local/lib/python3.12/site-packages/airflow/example_dags/example_inlet_event_extra.py
[2025-03-08T23:39:00.298+0000] {processor.py:925} INFO - DAG(s) 'read_dataset_event', 'read_dataset_event_from_classic' retrieved from /home/airflow/.local/lib/python3.12/site-packages/airflow/example_dags/example_inlet_event_extra.py
[2025-03-08T23:39:00.314+0000] {logging_mixin.py:190} INFO - [2025-03-08T23:39:00.314+0000] {dag.py:3239} INFO - Sync 2 DAGs
[2025-03-08T23:39:00.332+0000] {logging_mixin.py:190} INFO - [2025-03-08T23:39:00.332+0000] {dag.py:4180} INFO - Setting next_dagrun for read_dataset_event to 2025-03-07 00:00:00+00:00, run_after=2025-03-08 00:00:00+00:00
[2025-03-08T23:39:00.336+0000] {logging_mixin.py:190} INFO - [2025-03-08T23:39:00.336+0000] {dag.py:4180} INFO - Setting next_dagrun for read_dataset_event_from_classic to 2025-03-07 00:00:00+00:00, run_after=2025-03-08 00:00:00+00:00
[2025-03-08T23:39:00.351+0000] {processor.py:208} INFO - Processing /home/airflow/.local/lib/python3.12/site-packages/airflow/example_dags/example_inlet_event_extra.py took 0.497 seconds
[2025-03-08T23:39:31.438+0000] {processor.py:186} INFO - Started process (PID=359) to work on /home/airflow/.local/lib/python3.12/site-packages/airflow/example_dags/example_inlet_event_extra.py
[2025-03-08T23:39:31.439+0000] {processor.py:914} INFO - Processing file /home/airflow/.local/lib/python3.12/site-packages/airflow/example_dags/example_inlet_event_extra.py for tasks to queue
[2025-03-08T23:39:31.440+0000] {logging_mixin.py:190} INFO - [2025-03-08T23:39:31.440+0000] {dagbag.py:588} INFO - Filling up the DagBag from /home/airflow/.local/lib/python3.12/site-packages/airflow/example_dags/example_inlet_event_extra.py
[2025-03-08T23:39:31.874+0000] {processor.py:925} INFO - DAG(s) 'read_dataset_event', 'read_dataset_event_from_classic' retrieved from /home/airflow/.local/lib/python3.12/site-packages/airflow/example_dags/example_inlet_event_extra.py
[2025-03-08T23:39:31.890+0000] {logging_mixin.py:190} INFO - [2025-03-08T23:39:31.890+0000] {dag.py:3239} INFO - Sync 2 DAGs
[2025-03-08T23:39:31.911+0000] {logging_mixin.py:190} INFO - [2025-03-08T23:39:31.910+0000] {dag.py:4180} INFO - Setting next_dagrun for read_dataset_event to 2025-03-07 00:00:00+00:00, run_after=2025-03-08 00:00:00+00:00
[2025-03-08T23:39:31.915+0000] {logging_mixin.py:190} INFO - [2025-03-08T23:39:31.915+0000] {dag.py:4180} INFO - Setting next_dagrun for read_dataset_event_from_classic to 2025-03-07 00:00:00+00:00, run_after=2025-03-08 00:00:00+00:00
[2025-03-08T23:39:31.929+0000] {processor.py:208} INFO - Processing /home/airflow/.local/lib/python3.12/site-packages/airflow/example_dags/example_inlet_event_extra.py took 0.495 seconds
[2025-03-08T23:40:02.918+0000] {processor.py:186} INFO - Started process (PID=424) to work on /home/airflow/.local/lib/python3.12/site-packages/airflow/example_dags/example_inlet_event_extra.py
[2025-03-08T23:40:02.919+0000] {processor.py:914} INFO - Processing file /home/airflow/.local/lib/python3.12/site-packages/airflow/example_dags/example_inlet_event_extra.py for tasks to queue
[2025-03-08T23:40:02.920+0000] {logging_mixin.py:190} INFO - [2025-03-08T23:40:02.920+0000] {dagbag.py:588} INFO - Filling up the DagBag from /home/airflow/.local/lib/python3.12/site-packages/airflow/example_dags/example_inlet_event_extra.py
[2025-03-08T23:40:03.370+0000] {processor.py:925} INFO - DAG(s) 'read_dataset_event', 'read_dataset_event_from_classic' retrieved from /home/airflow/.local/lib/python3.12/site-packages/airflow/example_dags/example_inlet_event_extra.py
[2025-03-08T23:40:03.390+0000] {logging_mixin.py:190} INFO - [2025-03-08T23:40:03.390+0000] {dag.py:3239} INFO - Sync 2 DAGs
[2025-03-08T23:40:03.410+0000] {logging_mixin.py:190} INFO - [2025-03-08T23:40:03.409+0000] {dag.py:4180} INFO - Setting next_dagrun for read_dataset_event to 2025-03-07 00:00:00+00:00, run_after=2025-03-08 00:00:00+00:00
[2025-03-08T23:40:03.413+0000] {logging_mixin.py:190} INFO - [2025-03-08T23:40:03.413+0000] {dag.py:4180} INFO - Setting next_dagrun for read_dataset_event_from_classic to 2025-03-07 00:00:00+00:00, run_after=2025-03-08 00:00:00+00:00
[2025-03-08T23:40:03.429+0000] {processor.py:208} INFO - Processing /home/airflow/.local/lib/python3.12/site-packages/airflow/example_dags/example_inlet_event_extra.py took 0.515 seconds
[2025-03-08T23:40:34.930+0000] {processor.py:186} INFO - Started process (PID=490) to work on /home/airflow/.local/lib/python3.12/site-packages/airflow/example_dags/example_inlet_event_extra.py
[2025-03-08T23:40:34.931+0000] {processor.py:914} INFO - Processing file /home/airflow/.local/lib/python3.12/site-packages/airflow/example_dags/example_inlet_event_extra.py for tasks to queue
[2025-03-08T23:40:34.932+0000] {logging_mixin.py:190} INFO - [2025-03-08T23:40:34.932+0000] {dagbag.py:588} INFO - Filling up the DagBag from /home/airflow/.local/lib/python3.12/site-packages/airflow/example_dags/example_inlet_event_extra.py
[2025-03-08T23:40:35.436+0000] {processor.py:925} INFO - DAG(s) 'read_dataset_event', 'read_dataset_event_from_classic' retrieved from /home/airflow/.local/lib/python3.12/site-packages/airflow/example_dags/example_inlet_event_extra.py
[2025-03-08T23:40:35.458+0000] {logging_mixin.py:190} INFO - [2025-03-08T23:40:35.458+0000] {dag.py:3239} INFO - Sync 2 DAGs
[2025-03-08T23:40:35.481+0000] {logging_mixin.py:190} INFO - [2025-03-08T23:40:35.481+0000] {dag.py:4180} INFO - Setting next_dagrun for read_dataset_event to 2025-03-07 00:00:00+00:00, run_after=2025-03-08 00:00:00+00:00
[2025-03-08T23:40:35.487+0000] {logging_mixin.py:190} INFO - [2025-03-08T23:40:35.486+0000] {dag.py:4180} INFO - Setting next_dagrun for read_dataset_event_from_classic to 2025-03-07 00:00:00+00:00, run_after=2025-03-08 00:00:00+00:00
[2025-03-08T23:40:35.506+0000] {processor.py:208} INFO - Processing /home/airflow/.local/lib/python3.12/site-packages/airflow/example_dags/example_inlet_event_extra.py took 0.581 seconds
[2025-03-08T23:41:05.544+0000] {processor.py:186} INFO - Started process (PID=547) to work on /home/airflow/.local/lib/python3.12/site-packages/airflow/example_dags/example_inlet_event_extra.py
[2025-03-08T23:41:05.545+0000] {processor.py:914} INFO - Processing file /home/airflow/.local/lib/python3.12/site-packages/airflow/example_dags/example_inlet_event_extra.py for tasks to queue
[2025-03-08T23:41:05.547+0000] {logging_mixin.py:190} INFO - [2025-03-08T23:41:05.547+0000] {dagbag.py:588} INFO - Filling up the DagBag from /home/airflow/.local/lib/python3.12/site-packages/airflow/example_dags/example_inlet_event_extra.py
[2025-03-08T23:41:06.018+0000] {processor.py:925} INFO - DAG(s) 'read_dataset_event', 'read_dataset_event_from_classic' retrieved from /home/airflow/.local/lib/python3.12/site-packages/airflow/example_dags/example_inlet_event_extra.py
[2025-03-08T23:41:06.037+0000] {logging_mixin.py:190} INFO - [2025-03-08T23:41:06.037+0000] {dag.py:3239} INFO - Sync 2 DAGs
[2025-03-08T23:41:06.057+0000] {logging_mixin.py:190} INFO - [2025-03-08T23:41:06.057+0000] {dag.py:4180} INFO - Setting next_dagrun for read_dataset_event to 2025-03-07 00:00:00+00:00, run_after=2025-03-08 00:00:00+00:00
[2025-03-08T23:41:06.062+0000] {logging_mixin.py:190} INFO - [2025-03-08T23:41:06.062+0000] {dag.py:4180} INFO - Setting next_dagrun for read_dataset_event_from_classic to 2025-03-07 00:00:00+00:00, run_after=2025-03-08 00:00:00+00:00
[2025-03-08T23:41:06.076+0000] {processor.py:208} INFO - Processing /home/airflow/.local/lib/python3.12/site-packages/airflow/example_dags/example_inlet_event_extra.py took 0.537 seconds
[2025-03-08T23:41:36.211+0000] {processor.py:186} INFO - Started process (PID=615) to work on /home/airflow/.local/lib/python3.12/site-packages/airflow/example_dags/example_inlet_event_extra.py
[2025-03-08T23:41:36.212+0000] {processor.py:914} INFO - Processing file /home/airflow/.local/lib/python3.12/site-packages/airflow/example_dags/example_inlet_event_extra.py for tasks to queue
[2025-03-08T23:41:36.214+0000] {logging_mixin.py:190} INFO - [2025-03-08T23:41:36.213+0000] {dagbag.py:588} INFO - Filling up the DagBag from /home/airflow/.local/lib/python3.12/site-packages/airflow/example_dags/example_inlet_event_extra.py
[2025-03-08T23:41:36.720+0000] {processor.py:925} INFO - DAG(s) 'read_dataset_event_from_classic', 'read_dataset_event' retrieved from /home/airflow/.local/lib/python3.12/site-packages/airflow/example_dags/example_inlet_event_extra.py
[2025-03-08T23:41:36.738+0000] {logging_mixin.py:190} INFO - [2025-03-08T23:41:36.738+0000] {dag.py:3239} INFO - Sync 2 DAGs
[2025-03-08T23:41:36.761+0000] {logging_mixin.py:190} INFO - [2025-03-08T23:41:36.761+0000] {dag.py:4180} INFO - Setting next_dagrun for read_dataset_event to 2025-03-07 00:00:00+00:00, run_after=2025-03-08 00:00:00+00:00
[2025-03-08T23:41:36.766+0000] {logging_mixin.py:190} INFO - [2025-03-08T23:41:36.766+0000] {dag.py:4180} INFO - Setting next_dagrun for read_dataset_event_from_classic to 2025-03-07 00:00:00+00:00, run_after=2025-03-08 00:00:00+00:00
[2025-03-08T23:41:36.782+0000] {processor.py:208} INFO - Processing /home/airflow/.local/lib/python3.12/site-packages/airflow/example_dags/example_inlet_event_extra.py took 0.576 seconds
[2025-03-08T23:42:07.929+0000] {processor.py:186} INFO - Started process (PID=679) to work on /home/airflow/.local/lib/python3.12/site-packages/airflow/example_dags/example_inlet_event_extra.py
[2025-03-08T23:42:07.930+0000] {processor.py:914} INFO - Processing file /home/airflow/.local/lib/python3.12/site-packages/airflow/example_dags/example_inlet_event_extra.py for tasks to queue
[2025-03-08T23:42:07.932+0000] {logging_mixin.py:190} INFO - [2025-03-08T23:42:07.931+0000] {dagbag.py:588} INFO - Filling up the DagBag from /home/airflow/.local/lib/python3.12/site-packages/airflow/example_dags/example_inlet_event_extra.py
[2025-03-08T23:42:08.435+0000] {processor.py:925} INFO - DAG(s) 'read_dataset_event_from_classic', 'read_dataset_event' retrieved from /home/airflow/.local/lib/python3.12/site-packages/airflow/example_dags/example_inlet_event_extra.py
[2025-03-08T23:42:08.455+0000] {logging_mixin.py:190} INFO - [2025-03-08T23:42:08.455+0000] {dag.py:3239} INFO - Sync 2 DAGs
[2025-03-08T23:42:08.475+0000] {logging_mixin.py:190} INFO - [2025-03-08T23:42:08.475+0000] {dag.py:4180} INFO - Setting next_dagrun for read_dataset_event to 2025-03-07 00:00:00+00:00, run_after=2025-03-08 00:00:00+00:00
[2025-03-08T23:42:08.479+0000] {logging_mixin.py:190} INFO - [2025-03-08T23:42:08.479+0000] {dag.py:4180} INFO - Setting next_dagrun for read_dataset_event_from_classic to 2025-03-07 00:00:00+00:00, run_after=2025-03-08 00:00:00+00:00
[2025-03-08T23:42:08.494+0000] {processor.py:208} INFO - Processing /home/airflow/.local/lib/python3.12/site-packages/airflow/example_dags/example_inlet_event_extra.py took 0.570 seconds
[2025-03-08T23:42:39.822+0000] {processor.py:186} INFO - Started process (PID=742) to work on /home/airflow/.local/lib/python3.12/site-packages/airflow/example_dags/example_inlet_event_extra.py
[2025-03-08T23:42:39.823+0000] {processor.py:914} INFO - Processing file /home/airflow/.local/lib/python3.12/site-packages/airflow/example_dags/example_inlet_event_extra.py for tasks to queue
[2025-03-08T23:42:39.825+0000] {logging_mixin.py:190} INFO - [2025-03-08T23:42:39.825+0000] {dagbag.py:588} INFO - Filling up the DagBag from /home/airflow/.local/lib/python3.12/site-packages/airflow/example_dags/example_inlet_event_extra.py
[2025-03-08T23:42:40.295+0000] {processor.py:925} INFO - DAG(s) 'read_dataset_event_from_classic', 'read_dataset_event' retrieved from /home/airflow/.local/lib/python3.12/site-packages/airflow/example_dags/example_inlet_event_extra.py
[2025-03-08T23:42:40.314+0000] {logging_mixin.py:190} INFO - [2025-03-08T23:42:40.314+0000] {dag.py:3239} INFO - Sync 2 DAGs
[2025-03-08T23:42:40.335+0000] {logging_mixin.py:190} INFO - [2025-03-08T23:42:40.334+0000] {dag.py:4180} INFO - Setting next_dagrun for read_dataset_event to 2025-03-07 00:00:00+00:00, run_after=2025-03-08 00:00:00+00:00
[2025-03-08T23:42:40.339+0000] {logging_mixin.py:190} INFO - [2025-03-08T23:42:40.339+0000] {dag.py:4180} INFO - Setting next_dagrun for read_dataset_event_from_classic to 2025-03-07 00:00:00+00:00, run_after=2025-03-08 00:00:00+00:00
[2025-03-08T23:42:40.353+0000] {processor.py:208} INFO - Processing /home/airflow/.local/lib/python3.12/site-packages/airflow/example_dags/example_inlet_event_extra.py took 0.535 seconds
[2025-03-08T23:43:10.888+0000] {processor.py:186} INFO - Started process (PID=806) to work on /home/airflow/.local/lib/python3.12/site-packages/airflow/example_dags/example_inlet_event_extra.py
[2025-03-08T23:43:10.889+0000] {processor.py:914} INFO - Processing file /home/airflow/.local/lib/python3.12/site-packages/airflow/example_dags/example_inlet_event_extra.py for tasks to queue
[2025-03-08T23:43:10.890+0000] {logging_mixin.py:190} INFO - [2025-03-08T23:43:10.890+0000] {dagbag.py:588} INFO - Filling up the DagBag from /home/airflow/.local/lib/python3.12/site-packages/airflow/example_dags/example_inlet_event_extra.py
[2025-03-08T23:43:11.368+0000] {processor.py:925} INFO - DAG(s) 'read_dataset_event', 'read_dataset_event_from_classic' retrieved from /home/airflow/.local/lib/python3.12/site-packages/airflow/example_dags/example_inlet_event_extra.py
[2025-03-08T23:43:11.387+0000] {logging_mixin.py:190} INFO - [2025-03-08T23:43:11.387+0000] {dag.py:3239} INFO - Sync 2 DAGs
[2025-03-08T23:43:11.410+0000] {logging_mixin.py:190} INFO - [2025-03-08T23:43:11.410+0000] {dag.py:4180} INFO - Setting next_dagrun for read_dataset_event to 2025-03-07 00:00:00+00:00, run_after=2025-03-08 00:00:00+00:00
[2025-03-08T23:43:11.416+0000] {logging_mixin.py:190} INFO - [2025-03-08T23:43:11.416+0000] {dag.py:4180} INFO - Setting next_dagrun for read_dataset_event_from_classic to 2025-03-07 00:00:00+00:00, run_after=2025-03-08 00:00:00+00:00
[2025-03-08T23:43:11.435+0000] {processor.py:208} INFO - Processing /home/airflow/.local/lib/python3.12/site-packages/airflow/example_dags/example_inlet_event_extra.py took 0.551 seconds
[2025-03-08T23:43:41.494+0000] {processor.py:186} INFO - Started process (PID=869) to work on /home/airflow/.local/lib/python3.12/site-packages/airflow/example_dags/example_inlet_event_extra.py
[2025-03-08T23:43:41.494+0000] {processor.py:914} INFO - Processing file /home/airflow/.local/lib/python3.12/site-packages/airflow/example_dags/example_inlet_event_extra.py for tasks to queue
[2025-03-08T23:43:41.497+0000] {logging_mixin.py:190} INFO - [2025-03-08T23:43:41.496+0000] {dagbag.py:588} INFO - Filling up the DagBag from /home/airflow/.local/lib/python3.12/site-packages/airflow/example_dags/example_inlet_event_extra.py
[2025-03-08T23:43:41.919+0000] {processor.py:925} INFO - DAG(s) 'read_dataset_event_from_classic', 'read_dataset_event' retrieved from /home/airflow/.local/lib/python3.12/site-packages/airflow/example_dags/example_inlet_event_extra.py
[2025-03-08T23:43:41.939+0000] {logging_mixin.py:190} INFO - [2025-03-08T23:43:41.939+0000] {dag.py:3239} INFO - Sync 2 DAGs
[2025-03-08T23:43:41.956+0000] {logging_mixin.py:190} INFO - [2025-03-08T23:43:41.956+0000] {dag.py:4180} INFO - Setting next_dagrun for read_dataset_event to 2025-03-07 00:00:00+00:00, run_after=2025-03-08 00:00:00+00:00
[2025-03-08T23:43:41.959+0000] {logging_mixin.py:190} INFO - [2025-03-08T23:43:41.959+0000] {dag.py:4180} INFO - Setting next_dagrun for read_dataset_event_from_classic to 2025-03-07 00:00:00+00:00, run_after=2025-03-08 00:00:00+00:00
[2025-03-08T23:43:41.976+0000] {processor.py:208} INFO - Processing /home/airflow/.local/lib/python3.12/site-packages/airflow/example_dags/example_inlet_event_extra.py took 0.488 seconds
[2025-03-08T23:44:12.817+0000] {processor.py:186} INFO - Started process (PID=932) to work on /home/airflow/.local/lib/python3.12/site-packages/airflow/example_dags/example_inlet_event_extra.py
[2025-03-08T23:44:12.818+0000] {processor.py:914} INFO - Processing file /home/airflow/.local/lib/python3.12/site-packages/airflow/example_dags/example_inlet_event_extra.py for tasks to queue
[2025-03-08T23:44:12.820+0000] {logging_mixin.py:190} INFO - [2025-03-08T23:44:12.819+0000] {dagbag.py:588} INFO - Filling up the DagBag from /home/airflow/.local/lib/python3.12/site-packages/airflow/example_dags/example_inlet_event_extra.py
[2025-03-08T23:44:13.297+0000] {processor.py:925} INFO - DAG(s) 'read_dataset_event', 'read_dataset_event_from_classic' retrieved from /home/airflow/.local/lib/python3.12/site-packages/airflow/example_dags/example_inlet_event_extra.py
[2025-03-08T23:44:13.318+0000] {logging_mixin.py:190} INFO - [2025-03-08T23:44:13.318+0000] {dag.py:3239} INFO - Sync 2 DAGs
[2025-03-08T23:44:13.341+0000] {logging_mixin.py:190} INFO - [2025-03-08T23:44:13.340+0000] {dag.py:4180} INFO - Setting next_dagrun for read_dataset_event to 2025-03-07 00:00:00+00:00, run_after=2025-03-08 00:00:00+00:00
[2025-03-08T23:44:13.345+0000] {logging_mixin.py:190} INFO - [2025-03-08T23:44:13.345+0000] {dag.py:4180} INFO - Setting next_dagrun for read_dataset_event_from_classic to 2025-03-07 00:00:00+00:00, run_after=2025-03-08 00:00:00+00:00
[2025-03-08T23:44:13.367+0000] {processor.py:208} INFO - Processing /home/airflow/.local/lib/python3.12/site-packages/airflow/example_dags/example_inlet_event_extra.py took 0.554 seconds
[2025-03-08T23:44:43.911+0000] {processor.py:186} INFO - Started process (PID=995) to work on /home/airflow/.local/lib/python3.12/site-packages/airflow/example_dags/example_inlet_event_extra.py
[2025-03-08T23:44:43.913+0000] {processor.py:914} INFO - Processing file /home/airflow/.local/lib/python3.12/site-packages/airflow/example_dags/example_inlet_event_extra.py for tasks to queue
[2025-03-08T23:44:43.914+0000] {logging_mixin.py:190} INFO - [2025-03-08T23:44:43.914+0000] {dagbag.py:588} INFO - Filling up the DagBag from /home/airflow/.local/lib/python3.12/site-packages/airflow/example_dags/example_inlet_event_extra.py
[2025-03-08T23:44:44.370+0000] {processor.py:925} INFO - DAG(s) 'read_dataset_event', 'read_dataset_event_from_classic' retrieved from /home/airflow/.local/lib/python3.12/site-packages/airflow/example_dags/example_inlet_event_extra.py
[2025-03-08T23:44:44.389+0000] {logging_mixin.py:190} INFO - [2025-03-08T23:44:44.389+0000] {dag.py:3239} INFO - Sync 2 DAGs
[2025-03-08T23:44:44.410+0000] {logging_mixin.py:190} INFO - [2025-03-08T23:44:44.410+0000] {dag.py:4180} INFO - Setting next_dagrun for read_dataset_event to 2025-03-07 00:00:00+00:00, run_after=2025-03-08 00:00:00+00:00
[2025-03-08T23:44:44.415+0000] {logging_mixin.py:190} INFO - [2025-03-08T23:44:44.415+0000] {dag.py:4180} INFO - Setting next_dagrun for read_dataset_event_from_classic to 2025-03-07 00:00:00+00:00, run_after=2025-03-08 00:00:00+00:00
[2025-03-08T23:44:44.436+0000] {processor.py:208} INFO - Processing /home/airflow/.local/lib/python3.12/site-packages/airflow/example_dags/example_inlet_event_extra.py took 0.530 seconds
[2025-03-08T23:45:14.851+0000] {processor.py:186} INFO - Started process (PID=1058) to work on /home/airflow/.local/lib/python3.12/site-packages/airflow/example_dags/example_inlet_event_extra.py
[2025-03-08T23:45:14.852+0000] {processor.py:914} INFO - Processing file /home/airflow/.local/lib/python3.12/site-packages/airflow/example_dags/example_inlet_event_extra.py for tasks to queue
[2025-03-08T23:45:14.854+0000] {logging_mixin.py:190} INFO - [2025-03-08T23:45:14.854+0000] {dagbag.py:588} INFO - Filling up the DagBag from /home/airflow/.local/lib/python3.12/site-packages/airflow/example_dags/example_inlet_event_extra.py
[2025-03-08T23:45:15.273+0000] {processor.py:925} INFO - DAG(s) 'read_dataset_event', 'read_dataset_event_from_classic' retrieved from /home/airflow/.local/lib/python3.12/site-packages/airflow/example_dags/example_inlet_event_extra.py
[2025-03-08T23:45:15.295+0000] {logging_mixin.py:190} INFO - [2025-03-08T23:45:15.294+0000] {dag.py:3239} INFO - Sync 2 DAGs
[2025-03-08T23:45:15.317+0000] {logging_mixin.py:190} INFO - [2025-03-08T23:45:15.317+0000] {dag.py:4180} INFO - Setting next_dagrun for read_dataset_event to 2025-03-07 00:00:00+00:00, run_after=2025-03-08 00:00:00+00:00
[2025-03-08T23:45:15.321+0000] {logging_mixin.py:190} INFO - [2025-03-08T23:45:15.321+0000] {dag.py:4180} INFO - Setting next_dagrun for read_dataset_event_from_classic to 2025-03-07 00:00:00+00:00, run_after=2025-03-08 00:00:00+00:00
[2025-03-08T23:45:15.333+0000] {processor.py:208} INFO - Processing /home/airflow/.local/lib/python3.12/site-packages/airflow/example_dags/example_inlet_event_extra.py took 0.486 seconds
[2025-03-08T23:45:45.880+0000] {processor.py:186} INFO - Started process (PID=1121) to work on /home/airflow/.local/lib/python3.12/site-packages/airflow/example_dags/example_inlet_event_extra.py
[2025-03-08T23:45:45.880+0000] {processor.py:914} INFO - Processing file /home/airflow/.local/lib/python3.12/site-packages/airflow/example_dags/example_inlet_event_extra.py for tasks to queue
[2025-03-08T23:45:45.883+0000] {logging_mixin.py:190} INFO - [2025-03-08T23:45:45.882+0000] {dagbag.py:588} INFO - Filling up the DagBag from /home/airflow/.local/lib/python3.12/site-packages/airflow/example_dags/example_inlet_event_extra.py
[2025-03-08T23:45:46.322+0000] {processor.py:925} INFO - DAG(s) 'read_dataset_event_from_classic', 'read_dataset_event' retrieved from /home/airflow/.local/lib/python3.12/site-packages/airflow/example_dags/example_inlet_event_extra.py
[2025-03-08T23:45:46.341+0000] {logging_mixin.py:190} INFO - [2025-03-08T23:45:46.341+0000] {dag.py:3239} INFO - Sync 2 DAGs
[2025-03-08T23:45:46.360+0000] {logging_mixin.py:190} INFO - [2025-03-08T23:45:46.360+0000] {dag.py:4180} INFO - Setting next_dagrun for read_dataset_event to 2025-03-07 00:00:00+00:00, run_after=2025-03-08 00:00:00+00:00
[2025-03-08T23:45:46.366+0000] {logging_mixin.py:190} INFO - [2025-03-08T23:45:46.366+0000] {dag.py:4180} INFO - Setting next_dagrun for read_dataset_event_from_classic to 2025-03-07 00:00:00+00:00, run_after=2025-03-08 00:00:00+00:00
[2025-03-08T23:45:46.380+0000] {processor.py:208} INFO - Processing /home/airflow/.local/lib/python3.12/site-packages/airflow/example_dags/example_inlet_event_extra.py took 0.504 seconds
[2025-03-08T23:46:16.867+0000] {processor.py:186} INFO - Started process (PID=1184) to work on /home/airflow/.local/lib/python3.12/site-packages/airflow/example_dags/example_inlet_event_extra.py
[2025-03-08T23:46:16.868+0000] {processor.py:914} INFO - Processing file /home/airflow/.local/lib/python3.12/site-packages/airflow/example_dags/example_inlet_event_extra.py for tasks to queue
[2025-03-08T23:46:16.870+0000] {logging_mixin.py:190} INFO - [2025-03-08T23:46:16.870+0000] {dagbag.py:588} INFO - Filling up the DagBag from /home/airflow/.local/lib/python3.12/site-packages/airflow/example_dags/example_inlet_event_extra.py
[2025-03-08T23:46:17.329+0000] {processor.py:925} INFO - DAG(s) 'read_dataset_event_from_classic', 'read_dataset_event' retrieved from /home/airflow/.local/lib/python3.12/site-packages/airflow/example_dags/example_inlet_event_extra.py
[2025-03-08T23:46:17.347+0000] {logging_mixin.py:190} INFO - [2025-03-08T23:46:17.346+0000] {dag.py:3239} INFO - Sync 2 DAGs
[2025-03-08T23:46:17.369+0000] {logging_mixin.py:190} INFO - [2025-03-08T23:46:17.368+0000] {dag.py:4180} INFO - Setting next_dagrun for read_dataset_event to 2025-03-07 00:00:00+00:00, run_after=2025-03-08 00:00:00+00:00
[2025-03-08T23:46:17.374+0000] {logging_mixin.py:190} INFO - [2025-03-08T23:46:17.373+0000] {dag.py:4180} INFO - Setting next_dagrun for read_dataset_event_from_classic to 2025-03-07 00:00:00+00:00, run_after=2025-03-08 00:00:00+00:00
[2025-03-08T23:46:17.394+0000] {processor.py:208} INFO - Processing /home/airflow/.local/lib/python3.12/site-packages/airflow/example_dags/example_inlet_event_extra.py took 0.530 seconds
[2025-03-08T23:46:47.891+0000] {processor.py:186} INFO - Started process (PID=1247) to work on /home/airflow/.local/lib/python3.12/site-packages/airflow/example_dags/example_inlet_event_extra.py
[2025-03-08T23:46:47.892+0000] {processor.py:914} INFO - Processing file /home/airflow/.local/lib/python3.12/site-packages/airflow/example_dags/example_inlet_event_extra.py for tasks to queue
[2025-03-08T23:46:47.894+0000] {logging_mixin.py:190} INFO - [2025-03-08T23:46:47.893+0000] {dagbag.py:588} INFO - Filling up the DagBag from /home/airflow/.local/lib/python3.12/site-packages/airflow/example_dags/example_inlet_event_extra.py
[2025-03-08T23:46:48.298+0000] {processor.py:925} INFO - DAG(s) 'read_dataset_event', 'read_dataset_event_from_classic' retrieved from /home/airflow/.local/lib/python3.12/site-packages/airflow/example_dags/example_inlet_event_extra.py
[2025-03-08T23:46:48.322+0000] {logging_mixin.py:190} INFO - [2025-03-08T23:46:48.322+0000] {dag.py:3239} INFO - Sync 2 DAGs
[2025-03-08T23:46:48.344+0000] {logging_mixin.py:190} INFO - [2025-03-08T23:46:48.343+0000] {dag.py:4180} INFO - Setting next_dagrun for read_dataset_event to 2025-03-07 00:00:00+00:00, run_after=2025-03-08 00:00:00+00:00
[2025-03-08T23:46:48.348+0000] {logging_mixin.py:190} INFO - [2025-03-08T23:46:48.348+0000] {dag.py:4180} INFO - Setting next_dagrun for read_dataset_event_from_classic to 2025-03-07 00:00:00+00:00, run_after=2025-03-08 00:00:00+00:00
[2025-03-08T23:46:48.361+0000] {processor.py:208} INFO - Processing /home/airflow/.local/lib/python3.12/site-packages/airflow/example_dags/example_inlet_event_extra.py took 0.473 seconds
[2025-03-08T23:47:18.628+0000] {processor.py:186} INFO - Started process (PID=1310) to work on /home/airflow/.local/lib/python3.12/site-packages/airflow/example_dags/example_inlet_event_extra.py
[2025-03-08T23:47:18.629+0000] {processor.py:914} INFO - Processing file /home/airflow/.local/lib/python3.12/site-packages/airflow/example_dags/example_inlet_event_extra.py for tasks to queue
[2025-03-08T23:47:18.630+0000] {logging_mixin.py:190} INFO - [2025-03-08T23:47:18.630+0000] {dagbag.py:588} INFO - Filling up the DagBag from /home/airflow/.local/lib/python3.12/site-packages/airflow/example_dags/example_inlet_event_extra.py
[2025-03-08T23:47:19.029+0000] {processor.py:925} INFO - DAG(s) 'read_dataset_event', 'read_dataset_event_from_classic' retrieved from /home/airflow/.local/lib/python3.12/site-packages/airflow/example_dags/example_inlet_event_extra.py
[2025-03-08T23:47:19.045+0000] {logging_mixin.py:190} INFO - [2025-03-08T23:47:19.045+0000] {dag.py:3239} INFO - Sync 2 DAGs
[2025-03-08T23:47:19.064+0000] {logging_mixin.py:190} INFO - [2025-03-08T23:47:19.063+0000] {dag.py:4180} INFO - Setting next_dagrun for read_dataset_event to 2025-03-07 00:00:00+00:00, run_after=2025-03-08 00:00:00+00:00
[2025-03-08T23:47:19.067+0000] {logging_mixin.py:190} INFO - [2025-03-08T23:47:19.067+0000] {dag.py:4180} INFO - Setting next_dagrun for read_dataset_event_from_classic to 2025-03-07 00:00:00+00:00, run_after=2025-03-08 00:00:00+00:00
[2025-03-08T23:47:19.085+0000] {processor.py:208} INFO - Processing /home/airflow/.local/lib/python3.12/site-packages/airflow/example_dags/example_inlet_event_extra.py took 0.460 seconds
[2025-03-08T23:47:49.589+0000] {processor.py:186} INFO - Started process (PID=1373) to work on /home/airflow/.local/lib/python3.12/site-packages/airflow/example_dags/example_inlet_event_extra.py
[2025-03-08T23:47:49.589+0000] {processor.py:914} INFO - Processing file /home/airflow/.local/lib/python3.12/site-packages/airflow/example_dags/example_inlet_event_extra.py for tasks to queue
[2025-03-08T23:47:49.591+0000] {logging_mixin.py:190} INFO - [2025-03-08T23:47:49.590+0000] {dagbag.py:588} INFO - Filling up the DagBag from /home/airflow/.local/lib/python3.12/site-packages/airflow/example_dags/example_inlet_event_extra.py
[2025-03-08T23:47:49.997+0000] {processor.py:925} INFO - DAG(s) 'read_dataset_event_from_classic', 'read_dataset_event' retrieved from /home/airflow/.local/lib/python3.12/site-packages/airflow/example_dags/example_inlet_event_extra.py
[2025-03-08T23:47:50.013+0000] {logging_mixin.py:190} INFO - [2025-03-08T23:47:50.013+0000] {dag.py:3239} INFO - Sync 2 DAGs
[2025-03-08T23:47:50.033+0000] {logging_mixin.py:190} INFO - [2025-03-08T23:47:50.033+0000] {dag.py:4180} INFO - Setting next_dagrun for read_dataset_event to 2025-03-07 00:00:00+00:00, run_after=2025-03-08 00:00:00+00:00
[2025-03-08T23:47:50.036+0000] {logging_mixin.py:190} INFO - [2025-03-08T23:47:50.036+0000] {dag.py:4180} INFO - Setting next_dagrun for read_dataset_event_from_classic to 2025-03-07 00:00:00+00:00, run_after=2025-03-08 00:00:00+00:00
[2025-03-08T23:47:50.054+0000] {processor.py:208} INFO - Processing /home/airflow/.local/lib/python3.12/site-packages/airflow/example_dags/example_inlet_event_extra.py took 0.469 seconds
[2025-03-08T23:48:20.251+0000] {processor.py:186} INFO - Started process (PID=1436) to work on /home/airflow/.local/lib/python3.12/site-packages/airflow/example_dags/example_inlet_event_extra.py
[2025-03-08T23:48:20.252+0000] {processor.py:914} INFO - Processing file /home/airflow/.local/lib/python3.12/site-packages/airflow/example_dags/example_inlet_event_extra.py for tasks to queue
[2025-03-08T23:48:20.254+0000] {logging_mixin.py:190} INFO - [2025-03-08T23:48:20.253+0000] {dagbag.py:588} INFO - Filling up the DagBag from /home/airflow/.local/lib/python3.12/site-packages/airflow/example_dags/example_inlet_event_extra.py
[2025-03-08T23:48:20.664+0000] {processor.py:925} INFO - DAG(s) 'read_dataset_event_from_classic', 'read_dataset_event' retrieved from /home/airflow/.local/lib/python3.12/site-packages/airflow/example_dags/example_inlet_event_extra.py
[2025-03-08T23:48:20.680+0000] {logging_mixin.py:190} INFO - [2025-03-08T23:48:20.680+0000] {dag.py:3239} INFO - Sync 2 DAGs
[2025-03-08T23:48:20.698+0000] {logging_mixin.py:190} INFO - [2025-03-08T23:48:20.698+0000] {dag.py:4180} INFO - Setting next_dagrun for read_dataset_event to 2025-03-07 00:00:00+00:00, run_after=2025-03-08 00:00:00+00:00
[2025-03-08T23:48:20.702+0000] {logging_mixin.py:190} INFO - [2025-03-08T23:48:20.702+0000] {dag.py:4180} INFO - Setting next_dagrun for read_dataset_event_from_classic to 2025-03-07 00:00:00+00:00, run_after=2025-03-08 00:00:00+00:00
[2025-03-08T23:48:20.714+0000] {processor.py:208} INFO - Processing /home/airflow/.local/lib/python3.12/site-packages/airflow/example_dags/example_inlet_event_extra.py took 0.466 seconds
[2025-03-08T23:48:51.190+0000] {processor.py:186} INFO - Started process (PID=1499) to work on /home/airflow/.local/lib/python3.12/site-packages/airflow/example_dags/example_inlet_event_extra.py
[2025-03-08T23:48:51.191+0000] {processor.py:914} INFO - Processing file /home/airflow/.local/lib/python3.12/site-packages/airflow/example_dags/example_inlet_event_extra.py for tasks to queue
[2025-03-08T23:48:51.193+0000] {logging_mixin.py:190} INFO - [2025-03-08T23:48:51.193+0000] {dagbag.py:588} INFO - Filling up the DagBag from /home/airflow/.local/lib/python3.12/site-packages/airflow/example_dags/example_inlet_event_extra.py
[2025-03-08T23:48:51.632+0000] {processor.py:925} INFO - DAG(s) 'read_dataset_event_from_classic', 'read_dataset_event' retrieved from /home/airflow/.local/lib/python3.12/site-packages/airflow/example_dags/example_inlet_event_extra.py
[2025-03-08T23:48:51.650+0000] {logging_mixin.py:190} INFO - [2025-03-08T23:48:51.650+0000] {dag.py:3239} INFO - Sync 2 DAGs
[2025-03-08T23:48:51.670+0000] {logging_mixin.py:190} INFO - [2025-03-08T23:48:51.670+0000] {dag.py:4180} INFO - Setting next_dagrun for read_dataset_event to 2025-03-07 00:00:00+00:00, run_after=2025-03-08 00:00:00+00:00
[2025-03-08T23:48:51.675+0000] {logging_mixin.py:190} INFO - [2025-03-08T23:48:51.675+0000] {dag.py:4180} INFO - Setting next_dagrun for read_dataset_event_from_classic to 2025-03-07 00:00:00+00:00, run_after=2025-03-08 00:00:00+00:00
[2025-03-08T23:48:51.694+0000] {processor.py:208} INFO - Processing /home/airflow/.local/lib/python3.12/site-packages/airflow/example_dags/example_inlet_event_extra.py took 0.507 seconds
[2025-03-08T23:49:22.533+0000] {processor.py:186} INFO - Started process (PID=1562) to work on /home/airflow/.local/lib/python3.12/site-packages/airflow/example_dags/example_inlet_event_extra.py
[2025-03-08T23:49:22.534+0000] {processor.py:914} INFO - Processing file /home/airflow/.local/lib/python3.12/site-packages/airflow/example_dags/example_inlet_event_extra.py for tasks to queue
[2025-03-08T23:49:22.536+0000] {logging_mixin.py:190} INFO - [2025-03-08T23:49:22.536+0000] {dagbag.py:588} INFO - Filling up the DagBag from /home/airflow/.local/lib/python3.12/site-packages/airflow/example_dags/example_inlet_event_extra.py
[2025-03-08T23:49:23.002+0000] {processor.py:925} INFO - DAG(s) 'read_dataset_event_from_classic', 'read_dataset_event' retrieved from /home/airflow/.local/lib/python3.12/site-packages/airflow/example_dags/example_inlet_event_extra.py
[2025-03-08T23:49:23.018+0000] {logging_mixin.py:190} INFO - [2025-03-08T23:49:23.018+0000] {dag.py:3239} INFO - Sync 2 DAGs
[2025-03-08T23:49:23.035+0000] {logging_mixin.py:190} INFO - [2025-03-08T23:49:23.035+0000] {dag.py:4180} INFO - Setting next_dagrun for read_dataset_event to 2025-03-07 00:00:00+00:00, run_after=2025-03-08 00:00:00+00:00
[2025-03-08T23:49:23.039+0000] {logging_mixin.py:190} INFO - [2025-03-08T23:49:23.039+0000] {dag.py:4180} INFO - Setting next_dagrun for read_dataset_event_from_classic to 2025-03-07 00:00:00+00:00, run_after=2025-03-08 00:00:00+00:00
[2025-03-08T23:49:23.057+0000] {processor.py:208} INFO - Processing /home/airflow/.local/lib/python3.12/site-packages/airflow/example_dags/example_inlet_event_extra.py took 0.528 seconds
[2025-03-08T23:49:53.685+0000] {processor.py:186} INFO - Started process (PID=1625) to work on /home/airflow/.local/lib/python3.12/site-packages/airflow/example_dags/example_inlet_event_extra.py
[2025-03-08T23:49:53.687+0000] {processor.py:914} INFO - Processing file /home/airflow/.local/lib/python3.12/site-packages/airflow/example_dags/example_inlet_event_extra.py for tasks to queue
[2025-03-08T23:49:53.689+0000] {logging_mixin.py:190} INFO - [2025-03-08T23:49:53.689+0000] {dagbag.py:588} INFO - Filling up the DagBag from /home/airflow/.local/lib/python3.12/site-packages/airflow/example_dags/example_inlet_event_extra.py
[2025-03-08T23:49:54.119+0000] {processor.py:925} INFO - DAG(s) 'read_dataset_event_from_classic', 'read_dataset_event' retrieved from /home/airflow/.local/lib/python3.12/site-packages/airflow/example_dags/example_inlet_event_extra.py
[2025-03-08T23:49:54.134+0000] {logging_mixin.py:190} INFO - [2025-03-08T23:49:54.134+0000] {dag.py:3239} INFO - Sync 2 DAGs
[2025-03-08T23:49:54.152+0000] {logging_mixin.py:190} INFO - [2025-03-08T23:49:54.152+0000] {dag.py:4180} INFO - Setting next_dagrun for read_dataset_event to 2025-03-07 00:00:00+00:00, run_after=2025-03-08 00:00:00+00:00
[2025-03-08T23:49:54.156+0000] {logging_mixin.py:190} INFO - [2025-03-08T23:49:54.156+0000] {dag.py:4180} INFO - Setting next_dagrun for read_dataset_event_from_classic to 2025-03-07 00:00:00+00:00, run_after=2025-03-08 00:00:00+00:00
[2025-03-08T23:49:54.173+0000] {processor.py:208} INFO - Processing /home/airflow/.local/lib/python3.12/site-packages/airflow/example_dags/example_inlet_event_extra.py took 0.491 seconds
[2025-03-08T23:50:24.230+0000] {processor.py:186} INFO - Started process (PID=1688) to work on /home/airflow/.local/lib/python3.12/site-packages/airflow/example_dags/example_inlet_event_extra.py
[2025-03-08T23:50:24.231+0000] {processor.py:914} INFO - Processing file /home/airflow/.local/lib/python3.12/site-packages/airflow/example_dags/example_inlet_event_extra.py for tasks to queue
[2025-03-08T23:50:24.233+0000] {logging_mixin.py:190} INFO - [2025-03-08T23:50:24.233+0000] {dagbag.py:588} INFO - Filling up the DagBag from /home/airflow/.local/lib/python3.12/site-packages/airflow/example_dags/example_inlet_event_extra.py
[2025-03-08T23:50:24.659+0000] {processor.py:925} INFO - DAG(s) 'read_dataset_event', 'read_dataset_event_from_classic' retrieved from /home/airflow/.local/lib/python3.12/site-packages/airflow/example_dags/example_inlet_event_extra.py
[2025-03-08T23:50:24.678+0000] {logging_mixin.py:190} INFO - [2025-03-08T23:50:24.678+0000] {dag.py:3239} INFO - Sync 2 DAGs
[2025-03-08T23:50:24.700+0000] {logging_mixin.py:190} INFO - [2025-03-08T23:50:24.700+0000] {dag.py:4180} INFO - Setting next_dagrun for read_dataset_event to 2025-03-07 00:00:00+00:00, run_after=2025-03-08 00:00:00+00:00
[2025-03-08T23:50:24.703+0000] {logging_mixin.py:190} INFO - [2025-03-08T23:50:24.703+0000] {dag.py:4180} INFO - Setting next_dagrun for read_dataset_event_from_classic to 2025-03-07 00:00:00+00:00, run_after=2025-03-08 00:00:00+00:00
[2025-03-08T23:50:24.714+0000] {processor.py:208} INFO - Processing /home/airflow/.local/lib/python3.12/site-packages/airflow/example_dags/example_inlet_event_extra.py took 0.490 seconds
[2025-03-08T23:50:55.019+0000] {processor.py:186} INFO - Started process (PID=1751) to work on /home/airflow/.local/lib/python3.12/site-packages/airflow/example_dags/example_inlet_event_extra.py
[2025-03-08T23:50:55.019+0000] {processor.py:914} INFO - Processing file /home/airflow/.local/lib/python3.12/site-packages/airflow/example_dags/example_inlet_event_extra.py for tasks to queue
[2025-03-08T23:50:55.021+0000] {logging_mixin.py:190} INFO - [2025-03-08T23:50:55.021+0000] {dagbag.py:588} INFO - Filling up the DagBag from /home/airflow/.local/lib/python3.12/site-packages/airflow/example_dags/example_inlet_event_extra.py
[2025-03-08T23:50:55.416+0000] {processor.py:925} INFO - DAG(s) 'read_dataset_event_from_classic', 'read_dataset_event' retrieved from /home/airflow/.local/lib/python3.12/site-packages/airflow/example_dags/example_inlet_event_extra.py
[2025-03-08T23:50:55.430+0000] {logging_mixin.py:190} INFO - [2025-03-08T23:50:55.430+0000] {dag.py:3239} INFO - Sync 2 DAGs
[2025-03-08T23:50:55.446+0000] {logging_mixin.py:190} INFO - [2025-03-08T23:50:55.446+0000] {dag.py:4180} INFO - Setting next_dagrun for read_dataset_event to 2025-03-07 00:00:00+00:00, run_after=2025-03-08 00:00:00+00:00
[2025-03-08T23:50:55.450+0000] {logging_mixin.py:190} INFO - [2025-03-08T23:50:55.449+0000] {dag.py:4180} INFO - Setting next_dagrun for read_dataset_event_from_classic to 2025-03-07 00:00:00+00:00, run_after=2025-03-08 00:00:00+00:00
[2025-03-08T23:50:55.467+0000] {processor.py:208} INFO - Processing /home/airflow/.local/lib/python3.12/site-packages/airflow/example_dags/example_inlet_event_extra.py took 0.452 seconds
[2025-03-08T23:51:26.069+0000] {processor.py:186} INFO - Started process (PID=1814) to work on /home/airflow/.local/lib/python3.12/site-packages/airflow/example_dags/example_inlet_event_extra.py
[2025-03-08T23:51:26.070+0000] {processor.py:914} INFO - Processing file /home/airflow/.local/lib/python3.12/site-packages/airflow/example_dags/example_inlet_event_extra.py for tasks to queue
[2025-03-08T23:51:26.073+0000] {logging_mixin.py:190} INFO - [2025-03-08T23:51:26.072+0000] {dagbag.py:588} INFO - Filling up the DagBag from /home/airflow/.local/lib/python3.12/site-packages/airflow/example_dags/example_inlet_event_extra.py
[2025-03-08T23:51:26.473+0000] {processor.py:925} INFO - DAG(s) 'read_dataset_event_from_classic', 'read_dataset_event' retrieved from /home/airflow/.local/lib/python3.12/site-packages/airflow/example_dags/example_inlet_event_extra.py
[2025-03-08T23:51:26.489+0000] {logging_mixin.py:190} INFO - [2025-03-08T23:51:26.489+0000] {dag.py:3239} INFO - Sync 2 DAGs
[2025-03-08T23:51:26.508+0000] {logging_mixin.py:190} INFO - [2025-03-08T23:51:26.508+0000] {dag.py:4180} INFO - Setting next_dagrun for read_dataset_event to 2025-03-07 00:00:00+00:00, run_after=2025-03-08 00:00:00+00:00
[2025-03-08T23:51:26.513+0000] {logging_mixin.py:190} INFO - [2025-03-08T23:51:26.513+0000] {dag.py:4180} INFO - Setting next_dagrun for read_dataset_event_from_classic to 2025-03-07 00:00:00+00:00, run_after=2025-03-08 00:00:00+00:00
[2025-03-08T23:51:26.532+0000] {processor.py:208} INFO - Processing /home/airflow/.local/lib/python3.12/site-packages/airflow/example_dags/example_inlet_event_extra.py took 0.468 seconds
[2025-03-08T23:51:56.951+0000] {processor.py:186} INFO - Started process (PID=1878) to work on /home/airflow/.local/lib/python3.12/site-packages/airflow/example_dags/example_inlet_event_extra.py
[2025-03-08T23:51:56.951+0000] {processor.py:914} INFO - Processing file /home/airflow/.local/lib/python3.12/site-packages/airflow/example_dags/example_inlet_event_extra.py for tasks to queue
[2025-03-08T23:51:56.953+0000] {logging_mixin.py:190} INFO - [2025-03-08T23:51:56.953+0000] {dagbag.py:588} INFO - Filling up the DagBag from /home/airflow/.local/lib/python3.12/site-packages/airflow/example_dags/example_inlet_event_extra.py
[2025-03-08T23:51:57.419+0000] {processor.py:925} INFO - DAG(s) 'read_dataset_event', 'read_dataset_event_from_classic' retrieved from /home/airflow/.local/lib/python3.12/site-packages/airflow/example_dags/example_inlet_event_extra.py
[2025-03-08T23:51:57.437+0000] {logging_mixin.py:190} INFO - [2025-03-08T23:51:57.437+0000] {dag.py:3239} INFO - Sync 2 DAGs
[2025-03-08T23:51:57.459+0000] {logging_mixin.py:190} INFO - [2025-03-08T23:51:57.459+0000] {dag.py:4180} INFO - Setting next_dagrun for read_dataset_event to 2025-03-07 00:00:00+00:00, run_after=2025-03-08 00:00:00+00:00
[2025-03-08T23:51:57.463+0000] {logging_mixin.py:190} INFO - [2025-03-08T23:51:57.462+0000] {dag.py:4180} INFO - Setting next_dagrun for read_dataset_event_from_classic to 2025-03-07 00:00:00+00:00, run_after=2025-03-08 00:00:00+00:00
[2025-03-08T23:51:57.477+0000] {processor.py:208} INFO - Processing /home/airflow/.local/lib/python3.12/site-packages/airflow/example_dags/example_inlet_event_extra.py took 0.530 seconds
[2025-03-08T23:52:27.622+0000] {processor.py:186} INFO - Started process (PID=1930) to work on /home/airflow/.local/lib/python3.12/site-packages/airflow/example_dags/example_inlet_event_extra.py
[2025-03-08T23:52:27.622+0000] {processor.py:914} INFO - Processing file /home/airflow/.local/lib/python3.12/site-packages/airflow/example_dags/example_inlet_event_extra.py for tasks to queue
[2025-03-08T23:52:27.624+0000] {logging_mixin.py:190} INFO - [2025-03-08T23:52:27.624+0000] {dagbag.py:588} INFO - Filling up the DagBag from /home/airflow/.local/lib/python3.12/site-packages/airflow/example_dags/example_inlet_event_extra.py
[2025-03-08T23:52:28.089+0000] {processor.py:925} INFO - DAG(s) 'read_dataset_event', 'read_dataset_event_from_classic' retrieved from /home/airflow/.local/lib/python3.12/site-packages/airflow/example_dags/example_inlet_event_extra.py
[2025-03-08T23:52:28.106+0000] {logging_mixin.py:190} INFO - [2025-03-08T23:52:28.106+0000] {dag.py:3239} INFO - Sync 2 DAGs
[2025-03-08T23:52:28.126+0000] {logging_mixin.py:190} INFO - [2025-03-08T23:52:28.126+0000] {dag.py:4180} INFO - Setting next_dagrun for read_dataset_event to 2025-03-07 00:00:00+00:00, run_after=2025-03-08 00:00:00+00:00
[2025-03-08T23:52:28.130+0000] {logging_mixin.py:190} INFO - [2025-03-08T23:52:28.130+0000] {dag.py:4180} INFO - Setting next_dagrun for read_dataset_event_from_classic to 2025-03-07 00:00:00+00:00, run_after=2025-03-08 00:00:00+00:00
[2025-03-08T23:52:28.143+0000] {processor.py:208} INFO - Processing /home/airflow/.local/lib/python3.12/site-packages/airflow/example_dags/example_inlet_event_extra.py took 0.525 seconds
[2025-03-08T23:52:58.346+0000] {processor.py:186} INFO - Started process (PID=1990) to work on /home/airflow/.local/lib/python3.12/site-packages/airflow/example_dags/example_inlet_event_extra.py
[2025-03-08T23:52:58.346+0000] {processor.py:914} INFO - Processing file /home/airflow/.local/lib/python3.12/site-packages/airflow/example_dags/example_inlet_event_extra.py for tasks to queue
[2025-03-08T23:52:58.348+0000] {logging_mixin.py:190} INFO - [2025-03-08T23:52:58.348+0000] {dagbag.py:588} INFO - Filling up the DagBag from /home/airflow/.local/lib/python3.12/site-packages/airflow/example_dags/example_inlet_event_extra.py
[2025-03-08T23:52:58.771+0000] {processor.py:925} INFO - DAG(s) 'read_dataset_event_from_classic', 'read_dataset_event' retrieved from /home/airflow/.local/lib/python3.12/site-packages/airflow/example_dags/example_inlet_event_extra.py
[2025-03-08T23:52:58.785+0000] {logging_mixin.py:190} INFO - [2025-03-08T23:52:58.785+0000] {dag.py:3239} INFO - Sync 2 DAGs
[2025-03-08T23:52:58.801+0000] {logging_mixin.py:190} INFO - [2025-03-08T23:52:58.801+0000] {dag.py:4180} INFO - Setting next_dagrun for read_dataset_event to 2025-03-07 00:00:00+00:00, run_after=2025-03-08 00:00:00+00:00
[2025-03-08T23:52:58.804+0000] {logging_mixin.py:190} INFO - [2025-03-08T23:52:58.804+0000] {dag.py:4180} INFO - Setting next_dagrun for read_dataset_event_from_classic to 2025-03-07 00:00:00+00:00, run_after=2025-03-08 00:00:00+00:00
[2025-03-08T23:52:58.817+0000] {processor.py:208} INFO - Processing /home/airflow/.local/lib/python3.12/site-packages/airflow/example_dags/example_inlet_event_extra.py took 0.475 seconds
[2025-03-08T23:53:29.367+0000] {processor.py:186} INFO - Started process (PID=2063) to work on /home/airflow/.local/lib/python3.12/site-packages/airflow/example_dags/example_inlet_event_extra.py
[2025-03-08T23:53:29.368+0000] {processor.py:914} INFO - Processing file /home/airflow/.local/lib/python3.12/site-packages/airflow/example_dags/example_inlet_event_extra.py for tasks to queue
[2025-03-08T23:53:29.370+0000] {logging_mixin.py:190} INFO - [2025-03-08T23:53:29.369+0000] {dagbag.py:588} INFO - Filling up the DagBag from /home/airflow/.local/lib/python3.12/site-packages/airflow/example_dags/example_inlet_event_extra.py
[2025-03-08T23:53:29.795+0000] {processor.py:925} INFO - DAG(s) 'read_dataset_event_from_classic', 'read_dataset_event' retrieved from /home/airflow/.local/lib/python3.12/site-packages/airflow/example_dags/example_inlet_event_extra.py
[2025-03-08T23:53:29.815+0000] {logging_mixin.py:190} INFO - [2025-03-08T23:53:29.814+0000] {dag.py:3239} INFO - Sync 2 DAGs
[2025-03-08T23:53:29.834+0000] {logging_mixin.py:190} INFO - [2025-03-08T23:53:29.833+0000] {dag.py:4180} INFO - Setting next_dagrun for read_dataset_event to 2025-03-07 00:00:00+00:00, run_after=2025-03-08 00:00:00+00:00
[2025-03-08T23:53:29.838+0000] {logging_mixin.py:190} INFO - [2025-03-08T23:53:29.838+0000] {dag.py:4180} INFO - Setting next_dagrun for read_dataset_event_from_classic to 2025-03-07 00:00:00+00:00, run_after=2025-03-08 00:00:00+00:00
[2025-03-08T23:53:29.849+0000] {processor.py:208} INFO - Processing /home/airflow/.local/lib/python3.12/site-packages/airflow/example_dags/example_inlet_event_extra.py took 0.488 seconds
[2025-03-08T23:54:00.646+0000] {processor.py:186} INFO - Started process (PID=2126) to work on /home/airflow/.local/lib/python3.12/site-packages/airflow/example_dags/example_inlet_event_extra.py
[2025-03-08T23:54:00.647+0000] {processor.py:914} INFO - Processing file /home/airflow/.local/lib/python3.12/site-packages/airflow/example_dags/example_inlet_event_extra.py for tasks to queue
[2025-03-08T23:54:00.649+0000] {logging_mixin.py:190} INFO - [2025-03-08T23:54:00.649+0000] {dagbag.py:588} INFO - Filling up the DagBag from /home/airflow/.local/lib/python3.12/site-packages/airflow/example_dags/example_inlet_event_extra.py
[2025-03-08T23:54:01.102+0000] {processor.py:925} INFO - DAG(s) 'read_dataset_event_from_classic', 'read_dataset_event' retrieved from /home/airflow/.local/lib/python3.12/site-packages/airflow/example_dags/example_inlet_event_extra.py
[2025-03-08T23:54:01.120+0000] {logging_mixin.py:190} INFO - [2025-03-08T23:54:01.120+0000] {dag.py:3239} INFO - Sync 2 DAGs
[2025-03-08T23:54:01.140+0000] {logging_mixin.py:190} INFO - [2025-03-08T23:54:01.140+0000] {dag.py:4180} INFO - Setting next_dagrun for read_dataset_event to 2025-03-07 00:00:00+00:00, run_after=2025-03-08 00:00:00+00:00
[2025-03-08T23:54:01.144+0000] {logging_mixin.py:190} INFO - [2025-03-08T23:54:01.144+0000] {dag.py:4180} INFO - Setting next_dagrun for read_dataset_event_from_classic to 2025-03-07 00:00:00+00:00, run_after=2025-03-08 00:00:00+00:00
[2025-03-08T23:54:01.157+0000] {processor.py:208} INFO - Processing /home/airflow/.local/lib/python3.12/site-packages/airflow/example_dags/example_inlet_event_extra.py took 0.516 seconds
[2025-03-08T23:54:31.916+0000] {processor.py:186} INFO - Started process (PID=2189) to work on /home/airflow/.local/lib/python3.12/site-packages/airflow/example_dags/example_inlet_event_extra.py
[2025-03-08T23:54:31.917+0000] {processor.py:914} INFO - Processing file /home/airflow/.local/lib/python3.12/site-packages/airflow/example_dags/example_inlet_event_extra.py for tasks to queue
[2025-03-08T23:54:31.919+0000] {logging_mixin.py:190} INFO - [2025-03-08T23:54:31.919+0000] {dagbag.py:588} INFO - Filling up the DagBag from /home/airflow/.local/lib/python3.12/site-packages/airflow/example_dags/example_inlet_event_extra.py
[2025-03-08T23:54:32.376+0000] {processor.py:925} INFO - DAG(s) 'read_dataset_event_from_classic', 'read_dataset_event' retrieved from /home/airflow/.local/lib/python3.12/site-packages/airflow/example_dags/example_inlet_event_extra.py
[2025-03-08T23:54:32.394+0000] {logging_mixin.py:190} INFO - [2025-03-08T23:54:32.394+0000] {dag.py:3239} INFO - Sync 2 DAGs
[2025-03-08T23:54:32.415+0000] {logging_mixin.py:190} INFO - [2025-03-08T23:54:32.415+0000] {dag.py:4180} INFO - Setting next_dagrun for read_dataset_event to 2025-03-07 00:00:00+00:00, run_after=2025-03-08 00:00:00+00:00
[2025-03-08T23:54:32.420+0000] {logging_mixin.py:190} INFO - [2025-03-08T23:54:32.419+0000] {dag.py:4180} INFO - Setting next_dagrun for read_dataset_event_from_classic to 2025-03-07 00:00:00+00:00, run_after=2025-03-08 00:00:00+00:00
[2025-03-08T23:54:32.433+0000] {processor.py:208} INFO - Processing /home/airflow/.local/lib/python3.12/site-packages/airflow/example_dags/example_inlet_event_extra.py took 0.521 seconds
[2025-03-08T23:55:02.722+0000] {processor.py:186} INFO - Started process (PID=2257) to work on /home/airflow/.local/lib/python3.12/site-packages/airflow/example_dags/example_inlet_event_extra.py
[2025-03-08T23:55:02.723+0000] {processor.py:914} INFO - Processing file /home/airflow/.local/lib/python3.12/site-packages/airflow/example_dags/example_inlet_event_extra.py for tasks to queue
[2025-03-08T23:55:02.725+0000] {logging_mixin.py:190} INFO - [2025-03-08T23:55:02.725+0000] {dagbag.py:588} INFO - Filling up the DagBag from /home/airflow/.local/lib/python3.12/site-packages/airflow/example_dags/example_inlet_event_extra.py
[2025-03-08T23:55:03.163+0000] {processor.py:925} INFO - DAG(s) 'read_dataset_event_from_classic', 'read_dataset_event' retrieved from /home/airflow/.local/lib/python3.12/site-packages/airflow/example_dags/example_inlet_event_extra.py
[2025-03-08T23:55:03.184+0000] {logging_mixin.py:190} INFO - [2025-03-08T23:55:03.183+0000] {dag.py:3239} INFO - Sync 2 DAGs
[2025-03-08T23:55:03.204+0000] {logging_mixin.py:190} INFO - [2025-03-08T23:55:03.204+0000] {dag.py:4180} INFO - Setting next_dagrun for read_dataset_event to 2025-03-07 00:00:00+00:00, run_after=2025-03-08 00:00:00+00:00
[2025-03-08T23:55:03.209+0000] {logging_mixin.py:190} INFO - [2025-03-08T23:55:03.209+0000] {dag.py:4180} INFO - Setting next_dagrun for read_dataset_event_from_classic to 2025-03-07 00:00:00+00:00, run_after=2025-03-08 00:00:00+00:00
[2025-03-08T23:55:03.224+0000] {processor.py:208} INFO - Processing /home/airflow/.local/lib/python3.12/site-packages/airflow/example_dags/example_inlet_event_extra.py took 0.506 seconds
[2025-03-08T23:55:33.957+0000] {processor.py:186} INFO - Started process (PID=2318) to work on /home/airflow/.local/lib/python3.12/site-packages/airflow/example_dags/example_inlet_event_extra.py
[2025-03-08T23:55:33.958+0000] {processor.py:914} INFO - Processing file /home/airflow/.local/lib/python3.12/site-packages/airflow/example_dags/example_inlet_event_extra.py for tasks to queue
[2025-03-08T23:55:33.959+0000] {logging_mixin.py:190} INFO - [2025-03-08T23:55:33.959+0000] {dagbag.py:588} INFO - Filling up the DagBag from /home/airflow/.local/lib/python3.12/site-packages/airflow/example_dags/example_inlet_event_extra.py
[2025-03-08T23:55:34.395+0000] {processor.py:925} INFO - DAG(s) 'read_dataset_event', 'read_dataset_event_from_classic' retrieved from /home/airflow/.local/lib/python3.12/site-packages/airflow/example_dags/example_inlet_event_extra.py
[2025-03-08T23:55:34.411+0000] {logging_mixin.py:190} INFO - [2025-03-08T23:55:34.411+0000] {dag.py:3239} INFO - Sync 2 DAGs
[2025-03-08T23:55:34.428+0000] {logging_mixin.py:190} INFO - [2025-03-08T23:55:34.428+0000] {dag.py:4180} INFO - Setting next_dagrun for read_dataset_event to 2025-03-07 00:00:00+00:00, run_after=2025-03-08 00:00:00+00:00
[2025-03-08T23:55:34.433+0000] {logging_mixin.py:190} INFO - [2025-03-08T23:55:34.432+0000] {dag.py:4180} INFO - Setting next_dagrun for read_dataset_event_from_classic to 2025-03-07 00:00:00+00:00, run_after=2025-03-08 00:00:00+00:00
[2025-03-08T23:55:34.447+0000] {processor.py:208} INFO - Processing /home/airflow/.local/lib/python3.12/site-packages/airflow/example_dags/example_inlet_event_extra.py took 0.493 seconds
[2025-03-08T23:56:05.196+0000] {processor.py:186} INFO - Started process (PID=2380) to work on /home/airflow/.local/lib/python3.12/site-packages/airflow/example_dags/example_inlet_event_extra.py
[2025-03-08T23:56:05.197+0000] {processor.py:914} INFO - Processing file /home/airflow/.local/lib/python3.12/site-packages/airflow/example_dags/example_inlet_event_extra.py for tasks to queue
[2025-03-08T23:56:05.199+0000] {logging_mixin.py:190} INFO - [2025-03-08T23:56:05.199+0000] {dagbag.py:588} INFO - Filling up the DagBag from /home/airflow/.local/lib/python3.12/site-packages/airflow/example_dags/example_inlet_event_extra.py
[2025-03-08T23:56:05.642+0000] {processor.py:925} INFO - DAG(s) 'read_dataset_event', 'read_dataset_event_from_classic' retrieved from /home/airflow/.local/lib/python3.12/site-packages/airflow/example_dags/example_inlet_event_extra.py
[2025-03-08T23:56:05.657+0000] {logging_mixin.py:190} INFO - [2025-03-08T23:56:05.656+0000] {dag.py:3239} INFO - Sync 2 DAGs
[2025-03-08T23:56:05.674+0000] {logging_mixin.py:190} INFO - [2025-03-08T23:56:05.674+0000] {dag.py:4180} INFO - Setting next_dagrun for read_dataset_event to 2025-03-07 00:00:00+00:00, run_after=2025-03-08 00:00:00+00:00
[2025-03-08T23:56:05.677+0000] {logging_mixin.py:190} INFO - [2025-03-08T23:56:05.677+0000] {dag.py:4180} INFO - Setting next_dagrun for read_dataset_event_from_classic to 2025-03-07 00:00:00+00:00, run_after=2025-03-08 00:00:00+00:00
[2025-03-08T23:56:05.689+0000] {processor.py:208} INFO - Processing /home/airflow/.local/lib/python3.12/site-packages/airflow/example_dags/example_inlet_event_extra.py took 0.497 seconds
[2025-03-08T23:56:37.159+0000] {processor.py:186} INFO - Started process (PID=2447) to work on /home/airflow/.local/lib/python3.12/site-packages/airflow/example_dags/example_inlet_event_extra.py
[2025-03-08T23:56:37.160+0000] {processor.py:914} INFO - Processing file /home/airflow/.local/lib/python3.12/site-packages/airflow/example_dags/example_inlet_event_extra.py for tasks to queue
[2025-03-08T23:56:37.161+0000] {logging_mixin.py:190} INFO - [2025-03-08T23:56:37.161+0000] {dagbag.py:588} INFO - Filling up the DagBag from /home/airflow/.local/lib/python3.12/site-packages/airflow/example_dags/example_inlet_event_extra.py
[2025-03-08T23:56:37.583+0000] {processor.py:925} INFO - DAG(s) 'read_dataset_event_from_classic', 'read_dataset_event' retrieved from /home/airflow/.local/lib/python3.12/site-packages/airflow/example_dags/example_inlet_event_extra.py
[2025-03-08T23:56:37.601+0000] {logging_mixin.py:190} INFO - [2025-03-08T23:56:37.601+0000] {dag.py:3239} INFO - Sync 2 DAGs
[2025-03-08T23:56:37.620+0000] {logging_mixin.py:190} INFO - [2025-03-08T23:56:37.620+0000] {dag.py:4180} INFO - Setting next_dagrun for read_dataset_event to 2025-03-07 00:00:00+00:00, run_after=2025-03-08 00:00:00+00:00
[2025-03-08T23:56:37.624+0000] {logging_mixin.py:190} INFO - [2025-03-08T23:56:37.624+0000] {dag.py:4180} INFO - Setting next_dagrun for read_dataset_event_from_classic to 2025-03-07 00:00:00+00:00, run_after=2025-03-08 00:00:00+00:00
[2025-03-08T23:56:37.637+0000] {processor.py:208} INFO - Processing /home/airflow/.local/lib/python3.12/site-packages/airflow/example_dags/example_inlet_event_extra.py took 0.483 seconds
[2025-03-08T23:57:07.797+0000] {processor.py:186} INFO - Started process (PID=2510) to work on /home/airflow/.local/lib/python3.12/site-packages/airflow/example_dags/example_inlet_event_extra.py
[2025-03-08T23:57:07.797+0000] {processor.py:914} INFO - Processing file /home/airflow/.local/lib/python3.12/site-packages/airflow/example_dags/example_inlet_event_extra.py for tasks to queue
[2025-03-08T23:57:07.799+0000] {logging_mixin.py:190} INFO - [2025-03-08T23:57:07.799+0000] {dagbag.py:588} INFO - Filling up the DagBag from /home/airflow/.local/lib/python3.12/site-packages/airflow/example_dags/example_inlet_event_extra.py
[2025-03-08T23:57:08.231+0000] {processor.py:925} INFO - DAG(s) 'read_dataset_event', 'read_dataset_event_from_classic' retrieved from /home/airflow/.local/lib/python3.12/site-packages/airflow/example_dags/example_inlet_event_extra.py
[2025-03-08T23:57:08.251+0000] {logging_mixin.py:190} INFO - [2025-03-08T23:57:08.250+0000] {dag.py:3239} INFO - Sync 2 DAGs
[2025-03-08T23:57:08.275+0000] {logging_mixin.py:190} INFO - [2025-03-08T23:57:08.275+0000] {dag.py:4180} INFO - Setting next_dagrun for read_dataset_event to 2025-03-07 00:00:00+00:00, run_after=2025-03-08 00:00:00+00:00
[2025-03-08T23:57:08.279+0000] {logging_mixin.py:190} INFO - [2025-03-08T23:57:08.279+0000] {dag.py:4180} INFO - Setting next_dagrun for read_dataset_event_from_classic to 2025-03-07 00:00:00+00:00, run_after=2025-03-08 00:00:00+00:00
[2025-03-08T23:57:08.294+0000] {processor.py:208} INFO - Processing /home/airflow/.local/lib/python3.12/site-packages/airflow/example_dags/example_inlet_event_extra.py took 0.502 seconds
[2025-03-08T23:57:38.689+0000] {processor.py:186} INFO - Started process (PID=2568) to work on /home/airflow/.local/lib/python3.12/site-packages/airflow/example_dags/example_inlet_event_extra.py
[2025-03-08T23:57:38.690+0000] {processor.py:914} INFO - Processing file /home/airflow/.local/lib/python3.12/site-packages/airflow/example_dags/example_inlet_event_extra.py for tasks to queue
[2025-03-08T23:57:38.692+0000] {logging_mixin.py:190} INFO - [2025-03-08T23:57:38.692+0000] {dagbag.py:588} INFO - Filling up the DagBag from /home/airflow/.local/lib/python3.12/site-packages/airflow/example_dags/example_inlet_event_extra.py
[2025-03-08T23:57:39.103+0000] {processor.py:925} INFO - DAG(s) 'read_dataset_event', 'read_dataset_event_from_classic' retrieved from /home/airflow/.local/lib/python3.12/site-packages/airflow/example_dags/example_inlet_event_extra.py
[2025-03-08T23:57:39.118+0000] {logging_mixin.py:190} INFO - [2025-03-08T23:57:39.117+0000] {dag.py:3239} INFO - Sync 2 DAGs
[2025-03-08T23:57:39.134+0000] {logging_mixin.py:190} INFO - [2025-03-08T23:57:39.134+0000] {dag.py:4180} INFO - Setting next_dagrun for read_dataset_event to 2025-03-07 00:00:00+00:00, run_after=2025-03-08 00:00:00+00:00
[2025-03-08T23:57:39.138+0000] {logging_mixin.py:190} INFO - [2025-03-08T23:57:39.138+0000] {dag.py:4180} INFO - Setting next_dagrun for read_dataset_event_from_classic to 2025-03-07 00:00:00+00:00, run_after=2025-03-08 00:00:00+00:00
[2025-03-08T23:57:39.151+0000] {processor.py:208} INFO - Processing /home/airflow/.local/lib/python3.12/site-packages/airflow/example_dags/example_inlet_event_extra.py took 0.466 seconds
[2025-03-08T23:58:10.016+0000] {processor.py:186} INFO - Started process (PID=2626) to work on /home/airflow/.local/lib/python3.12/site-packages/airflow/example_dags/example_inlet_event_extra.py
[2025-03-08T23:58:10.016+0000] {processor.py:914} INFO - Processing file /home/airflow/.local/lib/python3.12/site-packages/airflow/example_dags/example_inlet_event_extra.py for tasks to queue
[2025-03-08T23:58:10.018+0000] {logging_mixin.py:190} INFO - [2025-03-08T23:58:10.018+0000] {dagbag.py:588} INFO - Filling up the DagBag from /home/airflow/.local/lib/python3.12/site-packages/airflow/example_dags/example_inlet_event_extra.py
[2025-03-08T23:58:10.433+0000] {processor.py:925} INFO - DAG(s) 'read_dataset_event', 'read_dataset_event_from_classic' retrieved from /home/airflow/.local/lib/python3.12/site-packages/airflow/example_dags/example_inlet_event_extra.py
[2025-03-08T23:58:10.454+0000] {logging_mixin.py:190} INFO - [2025-03-08T23:58:10.454+0000] {dag.py:3239} INFO - Sync 2 DAGs
[2025-03-08T23:58:10.474+0000] {logging_mixin.py:190} INFO - [2025-03-08T23:58:10.474+0000] {dag.py:4180} INFO - Setting next_dagrun for read_dataset_event to 2025-03-07 00:00:00+00:00, run_after=2025-03-08 00:00:00+00:00
[2025-03-08T23:58:10.478+0000] {logging_mixin.py:190} INFO - [2025-03-08T23:58:10.478+0000] {dag.py:4180} INFO - Setting next_dagrun for read_dataset_event_from_classic to 2025-03-07 00:00:00+00:00, run_after=2025-03-08 00:00:00+00:00
[2025-03-08T23:58:10.495+0000] {processor.py:208} INFO - Processing /home/airflow/.local/lib/python3.12/site-packages/airflow/example_dags/example_inlet_event_extra.py took 0.484 seconds
