[2025-03-08T22:35:45.554+0000] {processor.py:186} INFO - Started process (PID=76) to work on /home/airflow/.local/lib/python3.12/site-packages/airflow/example_dags/example_time_delta_sensor_async.py
[2025-03-08T22:35:45.555+0000] {processor.py:914} INFO - Processing file /home/airflow/.local/lib/python3.12/site-packages/airflow/example_dags/example_time_delta_sensor_async.py for tasks to queue
[2025-03-08T22:35:45.557+0000] {logging_mixin.py:190} INFO - [2025-03-08T22:35:45.557+0000] {dagbag.py:588} INFO - Filling up the DagBag from /home/airflow/.local/lib/python3.12/site-packages/airflow/example_dags/example_time_delta_sensor_async.py
[2025-03-08T22:35:45.563+0000] {processor.py:925} INFO - DAG(s) 'example_time_delta_sensor_async' retrieved from /home/airflow/.local/lib/python3.12/site-packages/airflow/example_dags/example_time_delta_sensor_async.py
[2025-03-08T22:35:45.649+0000] {logging_mixin.py:190} INFO - [2025-03-08T22:35:45.648+0000] {override.py:1912} INFO - Created Permission View: can edit on DAG:example_time_delta_sensor_async
[2025-03-08T22:35:45.657+0000] {logging_mixin.py:190} INFO - [2025-03-08T22:35:45.657+0000] {override.py:1912} INFO - Created Permission View: can read on DAG:example_time_delta_sensor_async
[2025-03-08T22:35:45.663+0000] {logging_mixin.py:190} INFO - [2025-03-08T22:35:45.663+0000] {override.py:1912} INFO - Created Permission View: can delete on DAG:example_time_delta_sensor_async
[2025-03-08T22:35:45.670+0000] {logging_mixin.py:190} INFO - [2025-03-08T22:35:45.670+0000] {override.py:1912} INFO - Created Permission View: menu access on DAG Run:example_time_delta_sensor_async
[2025-03-08T22:35:45.676+0000] {logging_mixin.py:190} INFO - [2025-03-08T22:35:45.676+0000] {override.py:1912} INFO - Created Permission View: can delete on DAG Run:example_time_delta_sensor_async
[2025-03-08T22:35:45.683+0000] {logging_mixin.py:190} INFO - [2025-03-08T22:35:45.682+0000] {override.py:1912} INFO - Created Permission View: can read on DAG Run:example_time_delta_sensor_async
[2025-03-08T22:35:45.688+0000] {logging_mixin.py:190} INFO - [2025-03-08T22:35:45.687+0000] {override.py:1912} INFO - Created Permission View: can create on DAG Run:example_time_delta_sensor_async
[2025-03-08T22:35:45.688+0000] {logging_mixin.py:190} INFO - [2025-03-08T22:35:45.688+0000] {dag.py:3239} INFO - Sync 1 DAGs
[2025-03-08T22:35:45.699+0000] {logging_mixin.py:190} INFO - [2025-03-08T22:35:45.698+0000] {dag.py:3262} INFO - Creating ORM DAG for example_time_delta_sensor_async
[2025-03-08T22:35:45.699+0000] {logging_mixin.py:190} INFO - [2025-03-08T22:35:45.699+0000] {dag.py:4180} INFO - Setting next_dagrun for example_time_delta_sensor_async to None, run_after=None
[2025-03-08T22:35:45.711+0000] {processor.py:208} INFO - Processing /home/airflow/.local/lib/python3.12/site-packages/airflow/example_dags/example_time_delta_sensor_async.py took 0.162 seconds
[2025-03-08T22:36:16.216+0000] {processor.py:186} INFO - Started process (PID=139) to work on /home/airflow/.local/lib/python3.12/site-packages/airflow/example_dags/example_time_delta_sensor_async.py
[2025-03-08T22:36:16.216+0000] {processor.py:914} INFO - Processing file /home/airflow/.local/lib/python3.12/site-packages/airflow/example_dags/example_time_delta_sensor_async.py for tasks to queue
[2025-03-08T22:36:16.219+0000] {logging_mixin.py:190} INFO - [2025-03-08T22:36:16.218+0000] {dagbag.py:588} INFO - Filling up the DagBag from /home/airflow/.local/lib/python3.12/site-packages/airflow/example_dags/example_time_delta_sensor_async.py
[2025-03-08T22:36:16.224+0000] {processor.py:925} INFO - DAG(s) 'example_time_delta_sensor_async' retrieved from /home/airflow/.local/lib/python3.12/site-packages/airflow/example_dags/example_time_delta_sensor_async.py
[2025-03-08T22:36:16.240+0000] {logging_mixin.py:190} INFO - [2025-03-08T22:36:16.239+0000] {dag.py:3239} INFO - Sync 1 DAGs
[2025-03-08T22:36:16.251+0000] {logging_mixin.py:190} INFO - [2025-03-08T22:36:16.251+0000] {dag.py:4180} INFO - Setting next_dagrun for example_time_delta_sensor_async to None, run_after=None
[2025-03-08T22:36:16.273+0000] {processor.py:208} INFO - Processing /home/airflow/.local/lib/python3.12/site-packages/airflow/example_dags/example_time_delta_sensor_async.py took 0.061 seconds
[2025-03-08T22:36:46.912+0000] {processor.py:186} INFO - Started process (PID=202) to work on /home/airflow/.local/lib/python3.12/site-packages/airflow/example_dags/example_time_delta_sensor_async.py
[2025-03-08T22:36:46.913+0000] {processor.py:914} INFO - Processing file /home/airflow/.local/lib/python3.12/site-packages/airflow/example_dags/example_time_delta_sensor_async.py for tasks to queue
[2025-03-08T22:36:46.915+0000] {logging_mixin.py:190} INFO - [2025-03-08T22:36:46.915+0000] {dagbag.py:588} INFO - Filling up the DagBag from /home/airflow/.local/lib/python3.12/site-packages/airflow/example_dags/example_time_delta_sensor_async.py
[2025-03-08T22:36:46.922+0000] {processor.py:925} INFO - DAG(s) 'example_time_delta_sensor_async' retrieved from /home/airflow/.local/lib/python3.12/site-packages/airflow/example_dags/example_time_delta_sensor_async.py
[2025-03-08T22:36:46.941+0000] {logging_mixin.py:190} INFO - [2025-03-08T22:36:46.940+0000] {dag.py:3239} INFO - Sync 1 DAGs
[2025-03-08T22:36:46.956+0000] {logging_mixin.py:190} INFO - [2025-03-08T22:36:46.956+0000] {dag.py:4180} INFO - Setting next_dagrun for example_time_delta_sensor_async to None, run_after=None
[2025-03-08T22:36:46.977+0000] {processor.py:208} INFO - Processing /home/airflow/.local/lib/python3.12/site-packages/airflow/example_dags/example_time_delta_sensor_async.py took 0.069 seconds
[2025-03-08T22:37:17.606+0000] {processor.py:186} INFO - Started process (PID=271) to work on /home/airflow/.local/lib/python3.12/site-packages/airflow/example_dags/example_time_delta_sensor_async.py
[2025-03-08T22:37:17.606+0000] {processor.py:914} INFO - Processing file /home/airflow/.local/lib/python3.12/site-packages/airflow/example_dags/example_time_delta_sensor_async.py for tasks to queue
[2025-03-08T22:37:17.608+0000] {logging_mixin.py:190} INFO - [2025-03-08T22:37:17.608+0000] {dagbag.py:588} INFO - Filling up the DagBag from /home/airflow/.local/lib/python3.12/site-packages/airflow/example_dags/example_time_delta_sensor_async.py
[2025-03-08T22:37:17.613+0000] {processor.py:925} INFO - DAG(s) 'example_time_delta_sensor_async' retrieved from /home/airflow/.local/lib/python3.12/site-packages/airflow/example_dags/example_time_delta_sensor_async.py
[2025-03-08T22:37:17.627+0000] {logging_mixin.py:190} INFO - [2025-03-08T22:37:17.627+0000] {dag.py:3239} INFO - Sync 1 DAGs
[2025-03-08T22:37:17.638+0000] {logging_mixin.py:190} INFO - [2025-03-08T22:37:17.638+0000] {dag.py:4180} INFO - Setting next_dagrun for example_time_delta_sensor_async to None, run_after=None
[2025-03-08T22:37:17.652+0000] {processor.py:208} INFO - Processing /home/airflow/.local/lib/python3.12/site-packages/airflow/example_dags/example_time_delta_sensor_async.py took 0.050 seconds
[2025-03-08T22:37:48.349+0000] {processor.py:186} INFO - Started process (PID=334) to work on /home/airflow/.local/lib/python3.12/site-packages/airflow/example_dags/example_time_delta_sensor_async.py
[2025-03-08T22:37:48.350+0000] {processor.py:914} INFO - Processing file /home/airflow/.local/lib/python3.12/site-packages/airflow/example_dags/example_time_delta_sensor_async.py for tasks to queue
[2025-03-08T22:37:48.352+0000] {logging_mixin.py:190} INFO - [2025-03-08T22:37:48.352+0000] {dagbag.py:588} INFO - Filling up the DagBag from /home/airflow/.local/lib/python3.12/site-packages/airflow/example_dags/example_time_delta_sensor_async.py
[2025-03-08T22:37:48.358+0000] {processor.py:925} INFO - DAG(s) 'example_time_delta_sensor_async' retrieved from /home/airflow/.local/lib/python3.12/site-packages/airflow/example_dags/example_time_delta_sensor_async.py
[2025-03-08T22:37:48.374+0000] {logging_mixin.py:190} INFO - [2025-03-08T22:37:48.374+0000] {dag.py:3239} INFO - Sync 1 DAGs
[2025-03-08T22:37:48.386+0000] {logging_mixin.py:190} INFO - [2025-03-08T22:37:48.386+0000] {dag.py:4180} INFO - Setting next_dagrun for example_time_delta_sensor_async to None, run_after=None
[2025-03-08T22:37:48.404+0000] {processor.py:208} INFO - Processing /home/airflow/.local/lib/python3.12/site-packages/airflow/example_dags/example_time_delta_sensor_async.py took 0.059 seconds
[2025-03-08T22:38:19.454+0000] {processor.py:186} INFO - Started process (PID=397) to work on /home/airflow/.local/lib/python3.12/site-packages/airflow/example_dags/example_time_delta_sensor_async.py
[2025-03-08T22:38:19.455+0000] {processor.py:914} INFO - Processing file /home/airflow/.local/lib/python3.12/site-packages/airflow/example_dags/example_time_delta_sensor_async.py for tasks to queue
[2025-03-08T22:38:19.456+0000] {logging_mixin.py:190} INFO - [2025-03-08T22:38:19.456+0000] {dagbag.py:588} INFO - Filling up the DagBag from /home/airflow/.local/lib/python3.12/site-packages/airflow/example_dags/example_time_delta_sensor_async.py
[2025-03-08T22:38:19.461+0000] {processor.py:925} INFO - DAG(s) 'example_time_delta_sensor_async' retrieved from /home/airflow/.local/lib/python3.12/site-packages/airflow/example_dags/example_time_delta_sensor_async.py
[2025-03-08T22:38:19.476+0000] {logging_mixin.py:190} INFO - [2025-03-08T22:38:19.476+0000] {dag.py:3239} INFO - Sync 1 DAGs
[2025-03-08T22:38:19.488+0000] {logging_mixin.py:190} INFO - [2025-03-08T22:38:19.488+0000] {dag.py:4180} INFO - Setting next_dagrun for example_time_delta_sensor_async to None, run_after=None
[2025-03-08T22:38:19.508+0000] {processor.py:208} INFO - Processing /home/airflow/.local/lib/python3.12/site-packages/airflow/example_dags/example_time_delta_sensor_async.py took 0.058 seconds
[2025-03-08T22:38:50.810+0000] {processor.py:186} INFO - Started process (PID=460) to work on /home/airflow/.local/lib/python3.12/site-packages/airflow/example_dags/example_time_delta_sensor_async.py
[2025-03-08T22:38:50.811+0000] {processor.py:914} INFO - Processing file /home/airflow/.local/lib/python3.12/site-packages/airflow/example_dags/example_time_delta_sensor_async.py for tasks to queue
[2025-03-08T22:38:50.812+0000] {logging_mixin.py:190} INFO - [2025-03-08T22:38:50.812+0000] {dagbag.py:588} INFO - Filling up the DagBag from /home/airflow/.local/lib/python3.12/site-packages/airflow/example_dags/example_time_delta_sensor_async.py
[2025-03-08T22:38:50.816+0000] {processor.py:925} INFO - DAG(s) 'example_time_delta_sensor_async' retrieved from /home/airflow/.local/lib/python3.12/site-packages/airflow/example_dags/example_time_delta_sensor_async.py
[2025-03-08T22:38:50.830+0000] {logging_mixin.py:190} INFO - [2025-03-08T22:38:50.830+0000] {dag.py:3239} INFO - Sync 1 DAGs
[2025-03-08T22:38:50.839+0000] {logging_mixin.py:190} INFO - [2025-03-08T22:38:50.839+0000] {dag.py:4180} INFO - Setting next_dagrun for example_time_delta_sensor_async to None, run_after=None
[2025-03-08T22:38:50.852+0000] {processor.py:208} INFO - Processing /home/airflow/.local/lib/python3.12/site-packages/airflow/example_dags/example_time_delta_sensor_async.py took 0.046 seconds
[2025-03-08T23:37:26.056+0000] {processor.py:186} INFO - Started process (PID=76) to work on /home/airflow/.local/lib/python3.12/site-packages/airflow/example_dags/example_time_delta_sensor_async.py
[2025-03-08T23:37:26.057+0000] {processor.py:914} INFO - Processing file /home/airflow/.local/lib/python3.12/site-packages/airflow/example_dags/example_time_delta_sensor_async.py for tasks to queue
[2025-03-08T23:37:26.059+0000] {logging_mixin.py:190} INFO - [2025-03-08T23:37:26.059+0000] {dagbag.py:588} INFO - Filling up the DagBag from /home/airflow/.local/lib/python3.12/site-packages/airflow/example_dags/example_time_delta_sensor_async.py
[2025-03-08T23:37:26.068+0000] {processor.py:925} INFO - DAG(s) 'example_time_delta_sensor_async' retrieved from /home/airflow/.local/lib/python3.12/site-packages/airflow/example_dags/example_time_delta_sensor_async.py
[2025-03-08T23:37:26.091+0000] {logging_mixin.py:190} INFO - [2025-03-08T23:37:26.091+0000] {dag.py:3239} INFO - Sync 1 DAGs
[2025-03-08T23:37:26.108+0000] {logging_mixin.py:190} INFO - [2025-03-08T23:37:26.108+0000] {dag.py:4180} INFO - Setting next_dagrun for example_time_delta_sensor_async to None, run_after=None
[2025-03-08T23:37:26.129+0000] {processor.py:208} INFO - Processing /home/airflow/.local/lib/python3.12/site-packages/airflow/example_dags/example_time_delta_sensor_async.py took 0.077 seconds
[2025-03-08T23:37:56.648+0000] {processor.py:186} INFO - Started process (PID=139) to work on /home/airflow/.local/lib/python3.12/site-packages/airflow/example_dags/example_time_delta_sensor_async.py
[2025-03-08T23:37:56.648+0000] {processor.py:914} INFO - Processing file /home/airflow/.local/lib/python3.12/site-packages/airflow/example_dags/example_time_delta_sensor_async.py for tasks to queue
[2025-03-08T23:37:56.650+0000] {logging_mixin.py:190} INFO - [2025-03-08T23:37:56.650+0000] {dagbag.py:588} INFO - Filling up the DagBag from /home/airflow/.local/lib/python3.12/site-packages/airflow/example_dags/example_time_delta_sensor_async.py
[2025-03-08T23:37:56.655+0000] {processor.py:925} INFO - DAG(s) 'example_time_delta_sensor_async' retrieved from /home/airflow/.local/lib/python3.12/site-packages/airflow/example_dags/example_time_delta_sensor_async.py
[2025-03-08T23:37:56.668+0000] {logging_mixin.py:190} INFO - [2025-03-08T23:37:56.668+0000] {dag.py:3239} INFO - Sync 1 DAGs
[2025-03-08T23:37:56.678+0000] {logging_mixin.py:190} INFO - [2025-03-08T23:37:56.678+0000] {dag.py:4180} INFO - Setting next_dagrun for example_time_delta_sensor_async to None, run_after=None
[2025-03-08T23:37:56.692+0000] {processor.py:208} INFO - Processing /home/airflow/.local/lib/python3.12/site-packages/airflow/example_dags/example_time_delta_sensor_async.py took 0.048 seconds
[2025-03-08T23:38:27.463+0000] {processor.py:186} INFO - Started process (PID=202) to work on /home/airflow/.local/lib/python3.12/site-packages/airflow/example_dags/example_time_delta_sensor_async.py
[2025-03-08T23:38:27.464+0000] {processor.py:914} INFO - Processing file /home/airflow/.local/lib/python3.12/site-packages/airflow/example_dags/example_time_delta_sensor_async.py for tasks to queue
[2025-03-08T23:38:27.465+0000] {logging_mixin.py:190} INFO - [2025-03-08T23:38:27.465+0000] {dagbag.py:588} INFO - Filling up the DagBag from /home/airflow/.local/lib/python3.12/site-packages/airflow/example_dags/example_time_delta_sensor_async.py
[2025-03-08T23:38:27.470+0000] {processor.py:925} INFO - DAG(s) 'example_time_delta_sensor_async' retrieved from /home/airflow/.local/lib/python3.12/site-packages/airflow/example_dags/example_time_delta_sensor_async.py
[2025-03-08T23:38:27.485+0000] {logging_mixin.py:190} INFO - [2025-03-08T23:38:27.485+0000] {dag.py:3239} INFO - Sync 1 DAGs
[2025-03-08T23:38:27.496+0000] {logging_mixin.py:190} INFO - [2025-03-08T23:38:27.496+0000] {dag.py:4180} INFO - Setting next_dagrun for example_time_delta_sensor_async to None, run_after=None
[2025-03-08T23:38:27.514+0000] {processor.py:208} INFO - Processing /home/airflow/.local/lib/python3.12/site-packages/airflow/example_dags/example_time_delta_sensor_async.py took 0.056 seconds
[2025-03-08T23:38:58.698+0000] {processor.py:186} INFO - Started process (PID=271) to work on /home/airflow/.local/lib/python3.12/site-packages/airflow/example_dags/example_time_delta_sensor_async.py
[2025-03-08T23:38:58.699+0000] {processor.py:914} INFO - Processing file /home/airflow/.local/lib/python3.12/site-packages/airflow/example_dags/example_time_delta_sensor_async.py for tasks to queue
[2025-03-08T23:38:58.700+0000] {logging_mixin.py:190} INFO - [2025-03-08T23:38:58.700+0000] {dagbag.py:588} INFO - Filling up the DagBag from /home/airflow/.local/lib/python3.12/site-packages/airflow/example_dags/example_time_delta_sensor_async.py
[2025-03-08T23:38:58.705+0000] {processor.py:925} INFO - DAG(s) 'example_time_delta_sensor_async' retrieved from /home/airflow/.local/lib/python3.12/site-packages/airflow/example_dags/example_time_delta_sensor_async.py
[2025-03-08T23:38:58.720+0000] {logging_mixin.py:190} INFO - [2025-03-08T23:38:58.720+0000] {dag.py:3239} INFO - Sync 1 DAGs
[2025-03-08T23:38:58.731+0000] {logging_mixin.py:190} INFO - [2025-03-08T23:38:58.731+0000] {dag.py:4180} INFO - Setting next_dagrun for example_time_delta_sensor_async to None, run_after=None
[2025-03-08T23:38:58.746+0000] {processor.py:208} INFO - Processing /home/airflow/.local/lib/python3.12/site-packages/airflow/example_dags/example_time_delta_sensor_async.py took 0.052 seconds
[2025-03-08T23:39:30.003+0000] {processor.py:186} INFO - Started process (PID=334) to work on /home/airflow/.local/lib/python3.12/site-packages/airflow/example_dags/example_time_delta_sensor_async.py
[2025-03-08T23:39:30.003+0000] {processor.py:914} INFO - Processing file /home/airflow/.local/lib/python3.12/site-packages/airflow/example_dags/example_time_delta_sensor_async.py for tasks to queue
[2025-03-08T23:39:30.005+0000] {logging_mixin.py:190} INFO - [2025-03-08T23:39:30.005+0000] {dagbag.py:588} INFO - Filling up the DagBag from /home/airflow/.local/lib/python3.12/site-packages/airflow/example_dags/example_time_delta_sensor_async.py
[2025-03-08T23:39:30.010+0000] {processor.py:925} INFO - DAG(s) 'example_time_delta_sensor_async' retrieved from /home/airflow/.local/lib/python3.12/site-packages/airflow/example_dags/example_time_delta_sensor_async.py
[2025-03-08T23:39:30.024+0000] {logging_mixin.py:190} INFO - [2025-03-08T23:39:30.024+0000] {dag.py:3239} INFO - Sync 1 DAGs
[2025-03-08T23:39:30.034+0000] {logging_mixin.py:190} INFO - [2025-03-08T23:39:30.034+0000] {dag.py:4180} INFO - Setting next_dagrun for example_time_delta_sensor_async to None, run_after=None
[2025-03-08T23:39:30.047+0000] {processor.py:208} INFO - Processing /home/airflow/.local/lib/python3.12/site-packages/airflow/example_dags/example_time_delta_sensor_async.py took 0.048 seconds
[2025-03-08T23:40:01.414+0000] {processor.py:186} INFO - Started process (PID=397) to work on /home/airflow/.local/lib/python3.12/site-packages/airflow/example_dags/example_time_delta_sensor_async.py
[2025-03-08T23:40:01.415+0000] {processor.py:914} INFO - Processing file /home/airflow/.local/lib/python3.12/site-packages/airflow/example_dags/example_time_delta_sensor_async.py for tasks to queue
[2025-03-08T23:40:01.416+0000] {logging_mixin.py:190} INFO - [2025-03-08T23:40:01.416+0000] {dagbag.py:588} INFO - Filling up the DagBag from /home/airflow/.local/lib/python3.12/site-packages/airflow/example_dags/example_time_delta_sensor_async.py
[2025-03-08T23:40:01.421+0000] {processor.py:925} INFO - DAG(s) 'example_time_delta_sensor_async' retrieved from /home/airflow/.local/lib/python3.12/site-packages/airflow/example_dags/example_time_delta_sensor_async.py
[2025-03-08T23:40:01.437+0000] {logging_mixin.py:190} INFO - [2025-03-08T23:40:01.437+0000] {dag.py:3239} INFO - Sync 1 DAGs
[2025-03-08T23:40:01.448+0000] {logging_mixin.py:190} INFO - [2025-03-08T23:40:01.447+0000] {dag.py:4180} INFO - Setting next_dagrun for example_time_delta_sensor_async to None, run_after=None
[2025-03-08T23:40:01.463+0000] {processor.py:208} INFO - Processing /home/airflow/.local/lib/python3.12/site-packages/airflow/example_dags/example_time_delta_sensor_async.py took 0.053 seconds
[2025-03-08T23:40:32.838+0000] {processor.py:186} INFO - Started process (PID=460) to work on /home/airflow/.local/lib/python3.12/site-packages/airflow/example_dags/example_time_delta_sensor_async.py
[2025-03-08T23:40:32.839+0000] {processor.py:914} INFO - Processing file /home/airflow/.local/lib/python3.12/site-packages/airflow/example_dags/example_time_delta_sensor_async.py for tasks to queue
[2025-03-08T23:40:32.842+0000] {logging_mixin.py:190} INFO - [2025-03-08T23:40:32.841+0000] {dagbag.py:588} INFO - Filling up the DagBag from /home/airflow/.local/lib/python3.12/site-packages/airflow/example_dags/example_time_delta_sensor_async.py
[2025-03-08T23:40:32.848+0000] {processor.py:925} INFO - DAG(s) 'example_time_delta_sensor_async' retrieved from /home/airflow/.local/lib/python3.12/site-packages/airflow/example_dags/example_time_delta_sensor_async.py
[2025-03-08T23:40:32.866+0000] {logging_mixin.py:190} INFO - [2025-03-08T23:40:32.866+0000] {dag.py:3239} INFO - Sync 1 DAGs
[2025-03-08T23:40:32.878+0000] {logging_mixin.py:190} INFO - [2025-03-08T23:40:32.878+0000] {dag.py:4180} INFO - Setting next_dagrun for example_time_delta_sensor_async to None, run_after=None
[2025-03-08T23:40:32.897+0000] {processor.py:208} INFO - Processing /home/airflow/.local/lib/python3.12/site-packages/airflow/example_dags/example_time_delta_sensor_async.py took 0.063 seconds
[2025-03-08T23:41:03.567+0000] {processor.py:186} INFO - Started process (PID=523) to work on /home/airflow/.local/lib/python3.12/site-packages/airflow/example_dags/example_time_delta_sensor_async.py
[2025-03-08T23:41:03.568+0000] {processor.py:914} INFO - Processing file /home/airflow/.local/lib/python3.12/site-packages/airflow/example_dags/example_time_delta_sensor_async.py for tasks to queue
[2025-03-08T23:41:03.571+0000] {logging_mixin.py:190} INFO - [2025-03-08T23:41:03.570+0000] {dagbag.py:588} INFO - Filling up the DagBag from /home/airflow/.local/lib/python3.12/site-packages/airflow/example_dags/example_time_delta_sensor_async.py
[2025-03-08T23:41:03.577+0000] {processor.py:925} INFO - DAG(s) 'example_time_delta_sensor_async' retrieved from /home/airflow/.local/lib/python3.12/site-packages/airflow/example_dags/example_time_delta_sensor_async.py
[2025-03-08T23:41:03.597+0000] {logging_mixin.py:190} INFO - [2025-03-08T23:41:03.597+0000] {dag.py:3239} INFO - Sync 1 DAGs
[2025-03-08T23:41:03.611+0000] {logging_mixin.py:190} INFO - [2025-03-08T23:41:03.610+0000] {dag.py:4180} INFO - Setting next_dagrun for example_time_delta_sensor_async to None, run_after=None
[2025-03-08T23:41:03.631+0000] {processor.py:208} INFO - Processing /home/airflow/.local/lib/python3.12/site-packages/airflow/example_dags/example_time_delta_sensor_async.py took 0.069 seconds
[2025-03-08T23:41:34.589+0000] {processor.py:186} INFO - Started process (PID=586) to work on /home/airflow/.local/lib/python3.12/site-packages/airflow/example_dags/example_time_delta_sensor_async.py
[2025-03-08T23:41:34.590+0000] {processor.py:914} INFO - Processing file /home/airflow/.local/lib/python3.12/site-packages/airflow/example_dags/example_time_delta_sensor_async.py for tasks to queue
[2025-03-08T23:41:34.591+0000] {logging_mixin.py:190} INFO - [2025-03-08T23:41:34.591+0000] {dagbag.py:588} INFO - Filling up the DagBag from /home/airflow/.local/lib/python3.12/site-packages/airflow/example_dags/example_time_delta_sensor_async.py
[2025-03-08T23:41:34.596+0000] {processor.py:925} INFO - DAG(s) 'example_time_delta_sensor_async' retrieved from /home/airflow/.local/lib/python3.12/site-packages/airflow/example_dags/example_time_delta_sensor_async.py
[2025-03-08T23:41:34.611+0000] {logging_mixin.py:190} INFO - [2025-03-08T23:41:34.611+0000] {dag.py:3239} INFO - Sync 1 DAGs
[2025-03-08T23:41:34.622+0000] {logging_mixin.py:190} INFO - [2025-03-08T23:41:34.622+0000] {dag.py:4180} INFO - Setting next_dagrun for example_time_delta_sensor_async to None, run_after=None
[2025-03-08T23:41:34.639+0000] {processor.py:208} INFO - Processing /home/airflow/.local/lib/python3.12/site-packages/airflow/example_dags/example_time_delta_sensor_async.py took 0.054 seconds
[2025-03-08T23:42:06.168+0000] {processor.py:186} INFO - Started process (PID=649) to work on /home/airflow/.local/lib/python3.12/site-packages/airflow/example_dags/example_time_delta_sensor_async.py
[2025-03-08T23:42:06.169+0000] {processor.py:914} INFO - Processing file /home/airflow/.local/lib/python3.12/site-packages/airflow/example_dags/example_time_delta_sensor_async.py for tasks to queue
[2025-03-08T23:42:06.171+0000] {logging_mixin.py:190} INFO - [2025-03-08T23:42:06.171+0000] {dagbag.py:588} INFO - Filling up the DagBag from /home/airflow/.local/lib/python3.12/site-packages/airflow/example_dags/example_time_delta_sensor_async.py
[2025-03-08T23:42:06.178+0000] {processor.py:925} INFO - DAG(s) 'example_time_delta_sensor_async' retrieved from /home/airflow/.local/lib/python3.12/site-packages/airflow/example_dags/example_time_delta_sensor_async.py
[2025-03-08T23:42:06.197+0000] {logging_mixin.py:190} INFO - [2025-03-08T23:42:06.197+0000] {dag.py:3239} INFO - Sync 1 DAGs
[2025-03-08T23:42:06.208+0000] {logging_mixin.py:190} INFO - [2025-03-08T23:42:06.208+0000] {dag.py:4180} INFO - Setting next_dagrun for example_time_delta_sensor_async to None, run_after=None
[2025-03-08T23:42:06.226+0000] {processor.py:208} INFO - Processing /home/airflow/.local/lib/python3.12/site-packages/airflow/example_dags/example_time_delta_sensor_async.py took 0.063 seconds
[2025-03-08T23:42:37.709+0000] {processor.py:186} INFO - Started process (PID=712) to work on /home/airflow/.local/lib/python3.12/site-packages/airflow/example_dags/example_time_delta_sensor_async.py
[2025-03-08T23:42:37.710+0000] {processor.py:914} INFO - Processing file /home/airflow/.local/lib/python3.12/site-packages/airflow/example_dags/example_time_delta_sensor_async.py for tasks to queue
[2025-03-08T23:42:37.712+0000] {logging_mixin.py:190} INFO - [2025-03-08T23:42:37.712+0000] {dagbag.py:588} INFO - Filling up the DagBag from /home/airflow/.local/lib/python3.12/site-packages/airflow/example_dags/example_time_delta_sensor_async.py
[2025-03-08T23:42:37.719+0000] {processor.py:925} INFO - DAG(s) 'example_time_delta_sensor_async' retrieved from /home/airflow/.local/lib/python3.12/site-packages/airflow/example_dags/example_time_delta_sensor_async.py
[2025-03-08T23:42:37.737+0000] {logging_mixin.py:190} INFO - [2025-03-08T23:42:37.737+0000] {dag.py:3239} INFO - Sync 1 DAGs
[2025-03-08T23:42:37.750+0000] {logging_mixin.py:190} INFO - [2025-03-08T23:42:37.749+0000] {dag.py:4180} INFO - Setting next_dagrun for example_time_delta_sensor_async to None, run_after=None
[2025-03-08T23:42:37.770+0000] {processor.py:208} INFO - Processing /home/airflow/.local/lib/python3.12/site-packages/airflow/example_dags/example_time_delta_sensor_async.py took 0.066 seconds
[2025-03-08T23:43:08.156+0000] {processor.py:186} INFO - Started process (PID=776) to work on /home/airflow/.local/lib/python3.12/site-packages/airflow/example_dags/example_time_delta_sensor_async.py
[2025-03-08T23:43:08.157+0000] {processor.py:914} INFO - Processing file /home/airflow/.local/lib/python3.12/site-packages/airflow/example_dags/example_time_delta_sensor_async.py for tasks to queue
[2025-03-08T23:43:08.159+0000] {logging_mixin.py:190} INFO - [2025-03-08T23:43:08.159+0000] {dagbag.py:588} INFO - Filling up the DagBag from /home/airflow/.local/lib/python3.12/site-packages/airflow/example_dags/example_time_delta_sensor_async.py
[2025-03-08T23:43:08.164+0000] {processor.py:925} INFO - DAG(s) 'example_time_delta_sensor_async' retrieved from /home/airflow/.local/lib/python3.12/site-packages/airflow/example_dags/example_time_delta_sensor_async.py
[2025-03-08T23:43:08.178+0000] {logging_mixin.py:190} INFO - [2025-03-08T23:43:08.178+0000] {dag.py:3239} INFO - Sync 1 DAGs
[2025-03-08T23:43:08.188+0000] {logging_mixin.py:190} INFO - [2025-03-08T23:43:08.188+0000] {dag.py:4180} INFO - Setting next_dagrun for example_time_delta_sensor_async to None, run_after=None
[2025-03-08T23:43:08.202+0000] {processor.py:208} INFO - Processing /home/airflow/.local/lib/python3.12/site-packages/airflow/example_dags/example_time_delta_sensor_async.py took 0.051 seconds
[2025-03-08T23:43:39.475+0000] {processor.py:186} INFO - Started process (PID=839) to work on /home/airflow/.local/lib/python3.12/site-packages/airflow/example_dags/example_time_delta_sensor_async.py
[2025-03-08T23:43:39.476+0000] {processor.py:914} INFO - Processing file /home/airflow/.local/lib/python3.12/site-packages/airflow/example_dags/example_time_delta_sensor_async.py for tasks to queue
[2025-03-08T23:43:39.478+0000] {logging_mixin.py:190} INFO - [2025-03-08T23:43:39.478+0000] {dagbag.py:588} INFO - Filling up the DagBag from /home/airflow/.local/lib/python3.12/site-packages/airflow/example_dags/example_time_delta_sensor_async.py
[2025-03-08T23:43:39.485+0000] {processor.py:925} INFO - DAG(s) 'example_time_delta_sensor_async' retrieved from /home/airflow/.local/lib/python3.12/site-packages/airflow/example_dags/example_time_delta_sensor_async.py
[2025-03-08T23:43:39.501+0000] {logging_mixin.py:190} INFO - [2025-03-08T23:43:39.501+0000] {dag.py:3239} INFO - Sync 1 DAGs
[2025-03-08T23:43:39.512+0000] {logging_mixin.py:190} INFO - [2025-03-08T23:43:39.512+0000] {dag.py:4180} INFO - Setting next_dagrun for example_time_delta_sensor_async to None, run_after=None
[2025-03-08T23:43:39.527+0000] {processor.py:208} INFO - Processing /home/airflow/.local/lib/python3.12/site-packages/airflow/example_dags/example_time_delta_sensor_async.py took 0.058 seconds
[2025-03-08T23:44:10.152+0000] {processor.py:186} INFO - Started process (PID=902) to work on /home/airflow/.local/lib/python3.12/site-packages/airflow/example_dags/example_time_delta_sensor_async.py
[2025-03-08T23:44:10.153+0000] {processor.py:914} INFO - Processing file /home/airflow/.local/lib/python3.12/site-packages/airflow/example_dags/example_time_delta_sensor_async.py for tasks to queue
[2025-03-08T23:44:10.155+0000] {logging_mixin.py:190} INFO - [2025-03-08T23:44:10.154+0000] {dagbag.py:588} INFO - Filling up the DagBag from /home/airflow/.local/lib/python3.12/site-packages/airflow/example_dags/example_time_delta_sensor_async.py
[2025-03-08T23:44:10.159+0000] {processor.py:925} INFO - DAG(s) 'example_time_delta_sensor_async' retrieved from /home/airflow/.local/lib/python3.12/site-packages/airflow/example_dags/example_time_delta_sensor_async.py
[2025-03-08T23:44:10.173+0000] {logging_mixin.py:190} INFO - [2025-03-08T23:44:10.173+0000] {dag.py:3239} INFO - Sync 1 DAGs
[2025-03-08T23:44:10.184+0000] {logging_mixin.py:190} INFO - [2025-03-08T23:44:10.184+0000] {dag.py:4180} INFO - Setting next_dagrun for example_time_delta_sensor_async to None, run_after=None
[2025-03-08T23:44:10.200+0000] {processor.py:208} INFO - Processing /home/airflow/.local/lib/python3.12/site-packages/airflow/example_dags/example_time_delta_sensor_async.py took 0.052 seconds
[2025-03-08T23:44:41.280+0000] {processor.py:186} INFO - Started process (PID=965) to work on /home/airflow/.local/lib/python3.12/site-packages/airflow/example_dags/example_time_delta_sensor_async.py
[2025-03-08T23:44:41.280+0000] {processor.py:914} INFO - Processing file /home/airflow/.local/lib/python3.12/site-packages/airflow/example_dags/example_time_delta_sensor_async.py for tasks to queue
[2025-03-08T23:44:41.282+0000] {logging_mixin.py:190} INFO - [2025-03-08T23:44:41.282+0000] {dagbag.py:588} INFO - Filling up the DagBag from /home/airflow/.local/lib/python3.12/site-packages/airflow/example_dags/example_time_delta_sensor_async.py
[2025-03-08T23:44:41.287+0000] {processor.py:925} INFO - DAG(s) 'example_time_delta_sensor_async' retrieved from /home/airflow/.local/lib/python3.12/site-packages/airflow/example_dags/example_time_delta_sensor_async.py
[2025-03-08T23:44:41.302+0000] {logging_mixin.py:190} INFO - [2025-03-08T23:44:41.302+0000] {dag.py:3239} INFO - Sync 1 DAGs
[2025-03-08T23:44:41.313+0000] {logging_mixin.py:190} INFO - [2025-03-08T23:44:41.312+0000] {dag.py:4180} INFO - Setting next_dagrun for example_time_delta_sensor_async to None, run_after=None
[2025-03-08T23:44:41.328+0000] {processor.py:208} INFO - Processing /home/airflow/.local/lib/python3.12/site-packages/airflow/example_dags/example_time_delta_sensor_async.py took 0.053 seconds
[2025-03-08T23:45:12.301+0000] {processor.py:186} INFO - Started process (PID=1028) to work on /home/airflow/.local/lib/python3.12/site-packages/airflow/example_dags/example_time_delta_sensor_async.py
[2025-03-08T23:45:12.302+0000] {processor.py:914} INFO - Processing file /home/airflow/.local/lib/python3.12/site-packages/airflow/example_dags/example_time_delta_sensor_async.py for tasks to queue
[2025-03-08T23:45:12.304+0000] {logging_mixin.py:190} INFO - [2025-03-08T23:45:12.304+0000] {dagbag.py:588} INFO - Filling up the DagBag from /home/airflow/.local/lib/python3.12/site-packages/airflow/example_dags/example_time_delta_sensor_async.py
[2025-03-08T23:45:12.310+0000] {processor.py:925} INFO - DAG(s) 'example_time_delta_sensor_async' retrieved from /home/airflow/.local/lib/python3.12/site-packages/airflow/example_dags/example_time_delta_sensor_async.py
[2025-03-08T23:45:12.328+0000] {logging_mixin.py:190} INFO - [2025-03-08T23:45:12.328+0000] {dag.py:3239} INFO - Sync 1 DAGs
[2025-03-08T23:45:12.338+0000] {logging_mixin.py:190} INFO - [2025-03-08T23:45:12.338+0000] {dag.py:4180} INFO - Setting next_dagrun for example_time_delta_sensor_async to None, run_after=None
[2025-03-08T23:45:12.357+0000] {processor.py:208} INFO - Processing /home/airflow/.local/lib/python3.12/site-packages/airflow/example_dags/example_time_delta_sensor_async.py took 0.060 seconds
[2025-03-08T23:45:43.181+0000] {processor.py:186} INFO - Started process (PID=1091) to work on /home/airflow/.local/lib/python3.12/site-packages/airflow/example_dags/example_time_delta_sensor_async.py
[2025-03-08T23:45:43.182+0000] {processor.py:914} INFO - Processing file /home/airflow/.local/lib/python3.12/site-packages/airflow/example_dags/example_time_delta_sensor_async.py for tasks to queue
[2025-03-08T23:45:43.184+0000] {logging_mixin.py:190} INFO - [2025-03-08T23:45:43.184+0000] {dagbag.py:588} INFO - Filling up the DagBag from /home/airflow/.local/lib/python3.12/site-packages/airflow/example_dags/example_time_delta_sensor_async.py
[2025-03-08T23:45:43.189+0000] {processor.py:925} INFO - DAG(s) 'example_time_delta_sensor_async' retrieved from /home/airflow/.local/lib/python3.12/site-packages/airflow/example_dags/example_time_delta_sensor_async.py
[2025-03-08T23:45:43.209+0000] {logging_mixin.py:190} INFO - [2025-03-08T23:45:43.208+0000] {dag.py:3239} INFO - Sync 1 DAGs
[2025-03-08T23:45:43.222+0000] {logging_mixin.py:190} INFO - [2025-03-08T23:45:43.222+0000] {dag.py:4180} INFO - Setting next_dagrun for example_time_delta_sensor_async to None, run_after=None
[2025-03-08T23:45:43.238+0000] {processor.py:208} INFO - Processing /home/airflow/.local/lib/python3.12/site-packages/airflow/example_dags/example_time_delta_sensor_async.py took 0.064 seconds
[2025-03-08T23:46:14.261+0000] {processor.py:186} INFO - Started process (PID=1154) to work on /home/airflow/.local/lib/python3.12/site-packages/airflow/example_dags/example_time_delta_sensor_async.py
[2025-03-08T23:46:14.262+0000] {processor.py:914} INFO - Processing file /home/airflow/.local/lib/python3.12/site-packages/airflow/example_dags/example_time_delta_sensor_async.py for tasks to queue
[2025-03-08T23:46:14.264+0000] {logging_mixin.py:190} INFO - [2025-03-08T23:46:14.264+0000] {dagbag.py:588} INFO - Filling up the DagBag from /home/airflow/.local/lib/python3.12/site-packages/airflow/example_dags/example_time_delta_sensor_async.py
[2025-03-08T23:46:14.272+0000] {processor.py:925} INFO - DAG(s) 'example_time_delta_sensor_async' retrieved from /home/airflow/.local/lib/python3.12/site-packages/airflow/example_dags/example_time_delta_sensor_async.py
[2025-03-08T23:46:14.288+0000] {logging_mixin.py:190} INFO - [2025-03-08T23:46:14.287+0000] {dag.py:3239} INFO - Sync 1 DAGs
[2025-03-08T23:46:14.300+0000] {logging_mixin.py:190} INFO - [2025-03-08T23:46:14.300+0000] {dag.py:4180} INFO - Setting next_dagrun for example_time_delta_sensor_async to None, run_after=None
[2025-03-08T23:46:14.317+0000] {processor.py:208} INFO - Processing /home/airflow/.local/lib/python3.12/site-packages/airflow/example_dags/example_time_delta_sensor_async.py took 0.063 seconds
[2025-03-08T23:46:45.308+0000] {processor.py:186} INFO - Started process (PID=1217) to work on /home/airflow/.local/lib/python3.12/site-packages/airflow/example_dags/example_time_delta_sensor_async.py
[2025-03-08T23:46:45.309+0000] {processor.py:914} INFO - Processing file /home/airflow/.local/lib/python3.12/site-packages/airflow/example_dags/example_time_delta_sensor_async.py for tasks to queue
[2025-03-08T23:46:45.312+0000] {logging_mixin.py:190} INFO - [2025-03-08T23:46:45.311+0000] {dagbag.py:588} INFO - Filling up the DagBag from /home/airflow/.local/lib/python3.12/site-packages/airflow/example_dags/example_time_delta_sensor_async.py
[2025-03-08T23:46:45.319+0000] {processor.py:925} INFO - DAG(s) 'example_time_delta_sensor_async' retrieved from /home/airflow/.local/lib/python3.12/site-packages/airflow/example_dags/example_time_delta_sensor_async.py
[2025-03-08T23:46:45.335+0000] {logging_mixin.py:190} INFO - [2025-03-08T23:46:45.335+0000] {dag.py:3239} INFO - Sync 1 DAGs
[2025-03-08T23:46:45.347+0000] {logging_mixin.py:190} INFO - [2025-03-08T23:46:45.347+0000] {dag.py:4180} INFO - Setting next_dagrun for example_time_delta_sensor_async to None, run_after=None
[2025-03-08T23:46:45.361+0000] {processor.py:208} INFO - Processing /home/airflow/.local/lib/python3.12/site-packages/airflow/example_dags/example_time_delta_sensor_async.py took 0.057 seconds
[2025-03-08T23:47:16.136+0000] {processor.py:186} INFO - Started process (PID=1280) to work on /home/airflow/.local/lib/python3.12/site-packages/airflow/example_dags/example_time_delta_sensor_async.py
[2025-03-08T23:47:16.136+0000] {processor.py:914} INFO - Processing file /home/airflow/.local/lib/python3.12/site-packages/airflow/example_dags/example_time_delta_sensor_async.py for tasks to queue
[2025-03-08T23:47:16.138+0000] {logging_mixin.py:190} INFO - [2025-03-08T23:47:16.138+0000] {dagbag.py:588} INFO - Filling up the DagBag from /home/airflow/.local/lib/python3.12/site-packages/airflow/example_dags/example_time_delta_sensor_async.py
[2025-03-08T23:47:16.142+0000] {processor.py:925} INFO - DAG(s) 'example_time_delta_sensor_async' retrieved from /home/airflow/.local/lib/python3.12/site-packages/airflow/example_dags/example_time_delta_sensor_async.py
[2025-03-08T23:47:16.156+0000] {logging_mixin.py:190} INFO - [2025-03-08T23:47:16.156+0000] {dag.py:3239} INFO - Sync 1 DAGs
[2025-03-08T23:47:16.166+0000] {logging_mixin.py:190} INFO - [2025-03-08T23:47:16.166+0000] {dag.py:4180} INFO - Setting next_dagrun for example_time_delta_sensor_async to None, run_after=None
[2025-03-08T23:47:16.179+0000] {processor.py:208} INFO - Processing /home/airflow/.local/lib/python3.12/site-packages/airflow/example_dags/example_time_delta_sensor_async.py took 0.047 seconds
[2025-03-08T23:47:46.824+0000] {processor.py:186} INFO - Started process (PID=1343) to work on /home/airflow/.local/lib/python3.12/site-packages/airflow/example_dags/example_time_delta_sensor_async.py
[2025-03-08T23:47:46.825+0000] {processor.py:914} INFO - Processing file /home/airflow/.local/lib/python3.12/site-packages/airflow/example_dags/example_time_delta_sensor_async.py for tasks to queue
[2025-03-08T23:47:46.827+0000] {logging_mixin.py:190} INFO - [2025-03-08T23:47:46.826+0000] {dagbag.py:588} INFO - Filling up the DagBag from /home/airflow/.local/lib/python3.12/site-packages/airflow/example_dags/example_time_delta_sensor_async.py
[2025-03-08T23:47:46.831+0000] {processor.py:925} INFO - DAG(s) 'example_time_delta_sensor_async' retrieved from /home/airflow/.local/lib/python3.12/site-packages/airflow/example_dags/example_time_delta_sensor_async.py
[2025-03-08T23:47:46.844+0000] {logging_mixin.py:190} INFO - [2025-03-08T23:47:46.844+0000] {dag.py:3239} INFO - Sync 1 DAGs
[2025-03-08T23:47:46.854+0000] {logging_mixin.py:190} INFO - [2025-03-08T23:47:46.854+0000] {dag.py:4180} INFO - Setting next_dagrun for example_time_delta_sensor_async to None, run_after=None
[2025-03-08T23:47:46.871+0000] {processor.py:208} INFO - Processing /home/airflow/.local/lib/python3.12/site-packages/airflow/example_dags/example_time_delta_sensor_async.py took 0.051 seconds
[2025-03-08T23:48:17.689+0000] {processor.py:186} INFO - Started process (PID=1406) to work on /home/airflow/.local/lib/python3.12/site-packages/airflow/example_dags/example_time_delta_sensor_async.py
[2025-03-08T23:48:17.690+0000] {processor.py:914} INFO - Processing file /home/airflow/.local/lib/python3.12/site-packages/airflow/example_dags/example_time_delta_sensor_async.py for tasks to queue
[2025-03-08T23:48:17.691+0000] {logging_mixin.py:190} INFO - [2025-03-08T23:48:17.691+0000] {dagbag.py:588} INFO - Filling up the DagBag from /home/airflow/.local/lib/python3.12/site-packages/airflow/example_dags/example_time_delta_sensor_async.py
[2025-03-08T23:48:17.696+0000] {processor.py:925} INFO - DAG(s) 'example_time_delta_sensor_async' retrieved from /home/airflow/.local/lib/python3.12/site-packages/airflow/example_dags/example_time_delta_sensor_async.py
[2025-03-08T23:48:17.711+0000] {logging_mixin.py:190} INFO - [2025-03-08T23:48:17.710+0000] {dag.py:3239} INFO - Sync 1 DAGs
[2025-03-08T23:48:17.720+0000] {logging_mixin.py:190} INFO - [2025-03-08T23:48:17.720+0000] {dag.py:4180} INFO - Setting next_dagrun for example_time_delta_sensor_async to None, run_after=None
[2025-03-08T23:48:17.734+0000] {processor.py:208} INFO - Processing /home/airflow/.local/lib/python3.12/site-packages/airflow/example_dags/example_time_delta_sensor_async.py took 0.049 seconds
[2025-03-08T23:48:48.446+0000] {processor.py:186} INFO - Started process (PID=1469) to work on /home/airflow/.local/lib/python3.12/site-packages/airflow/example_dags/example_time_delta_sensor_async.py
[2025-03-08T23:48:48.446+0000] {processor.py:914} INFO - Processing file /home/airflow/.local/lib/python3.12/site-packages/airflow/example_dags/example_time_delta_sensor_async.py for tasks to queue
[2025-03-08T23:48:48.449+0000] {logging_mixin.py:190} INFO - [2025-03-08T23:48:48.449+0000] {dagbag.py:588} INFO - Filling up the DagBag from /home/airflow/.local/lib/python3.12/site-packages/airflow/example_dags/example_time_delta_sensor_async.py
[2025-03-08T23:48:48.455+0000] {processor.py:925} INFO - DAG(s) 'example_time_delta_sensor_async' retrieved from /home/airflow/.local/lib/python3.12/site-packages/airflow/example_dags/example_time_delta_sensor_async.py
[2025-03-08T23:48:48.472+0000] {logging_mixin.py:190} INFO - [2025-03-08T23:48:48.472+0000] {dag.py:3239} INFO - Sync 1 DAGs
[2025-03-08T23:48:48.485+0000] {logging_mixin.py:190} INFO - [2025-03-08T23:48:48.485+0000] {dag.py:4180} INFO - Setting next_dagrun for example_time_delta_sensor_async to None, run_after=None
[2025-03-08T23:48:48.503+0000] {processor.py:208} INFO - Processing /home/airflow/.local/lib/python3.12/site-packages/airflow/example_dags/example_time_delta_sensor_async.py took 0.061 seconds
[2025-03-08T23:49:19.710+0000] {processor.py:186} INFO - Started process (PID=1532) to work on /home/airflow/.local/lib/python3.12/site-packages/airflow/example_dags/example_time_delta_sensor_async.py
[2025-03-08T23:49:19.711+0000] {processor.py:914} INFO - Processing file /home/airflow/.local/lib/python3.12/site-packages/airflow/example_dags/example_time_delta_sensor_async.py for tasks to queue
[2025-03-08T23:49:19.712+0000] {logging_mixin.py:190} INFO - [2025-03-08T23:49:19.712+0000] {dagbag.py:588} INFO - Filling up the DagBag from /home/airflow/.local/lib/python3.12/site-packages/airflow/example_dags/example_time_delta_sensor_async.py
[2025-03-08T23:49:19.717+0000] {processor.py:925} INFO - DAG(s) 'example_time_delta_sensor_async' retrieved from /home/airflow/.local/lib/python3.12/site-packages/airflow/example_dags/example_time_delta_sensor_async.py
[2025-03-08T23:49:19.733+0000] {logging_mixin.py:190} INFO - [2025-03-08T23:49:19.733+0000] {dag.py:3239} INFO - Sync 1 DAGs
[2025-03-08T23:49:19.744+0000] {logging_mixin.py:190} INFO - [2025-03-08T23:49:19.744+0000] {dag.py:4180} INFO - Setting next_dagrun for example_time_delta_sensor_async to None, run_after=None
[2025-03-08T23:49:19.759+0000] {processor.py:208} INFO - Processing /home/airflow/.local/lib/python3.12/site-packages/airflow/example_dags/example_time_delta_sensor_async.py took 0.053 seconds
[2025-03-08T23:49:50.855+0000] {processor.py:186} INFO - Started process (PID=1595) to work on /home/airflow/.local/lib/python3.12/site-packages/airflow/example_dags/example_time_delta_sensor_async.py
[2025-03-08T23:49:50.856+0000] {processor.py:914} INFO - Processing file /home/airflow/.local/lib/python3.12/site-packages/airflow/example_dags/example_time_delta_sensor_async.py for tasks to queue
[2025-03-08T23:49:50.857+0000] {logging_mixin.py:190} INFO - [2025-03-08T23:49:50.857+0000] {dagbag.py:588} INFO - Filling up the DagBag from /home/airflow/.local/lib/python3.12/site-packages/airflow/example_dags/example_time_delta_sensor_async.py
[2025-03-08T23:49:50.862+0000] {processor.py:925} INFO - DAG(s) 'example_time_delta_sensor_async' retrieved from /home/airflow/.local/lib/python3.12/site-packages/airflow/example_dags/example_time_delta_sensor_async.py
[2025-03-08T23:49:50.877+0000] {logging_mixin.py:190} INFO - [2025-03-08T23:49:50.876+0000] {dag.py:3239} INFO - Sync 1 DAGs
[2025-03-08T23:49:50.887+0000] {logging_mixin.py:190} INFO - [2025-03-08T23:49:50.887+0000] {dag.py:4180} INFO - Setting next_dagrun for example_time_delta_sensor_async to None, run_after=None
[2025-03-08T23:49:50.901+0000] {processor.py:208} INFO - Processing /home/airflow/.local/lib/python3.12/site-packages/airflow/example_dags/example_time_delta_sensor_async.py took 0.049 seconds
[2025-03-08T23:50:22.209+0000] {processor.py:186} INFO - Started process (PID=1658) to work on /home/airflow/.local/lib/python3.12/site-packages/airflow/example_dags/example_time_delta_sensor_async.py
[2025-03-08T23:50:22.210+0000] {processor.py:914} INFO - Processing file /home/airflow/.local/lib/python3.12/site-packages/airflow/example_dags/example_time_delta_sensor_async.py for tasks to queue
[2025-03-08T23:50:22.213+0000] {logging_mixin.py:190} INFO - [2025-03-08T23:50:22.212+0000] {dagbag.py:588} INFO - Filling up the DagBag from /home/airflow/.local/lib/python3.12/site-packages/airflow/example_dags/example_time_delta_sensor_async.py
[2025-03-08T23:50:22.219+0000] {processor.py:925} INFO - DAG(s) 'example_time_delta_sensor_async' retrieved from /home/airflow/.local/lib/python3.12/site-packages/airflow/example_dags/example_time_delta_sensor_async.py
[2025-03-08T23:50:22.235+0000] {logging_mixin.py:190} INFO - [2025-03-08T23:50:22.234+0000] {dag.py:3239} INFO - Sync 1 DAGs
[2025-03-08T23:50:22.245+0000] {logging_mixin.py:190} INFO - [2025-03-08T23:50:22.244+0000] {dag.py:4180} INFO - Setting next_dagrun for example_time_delta_sensor_async to None, run_after=None
[2025-03-08T23:50:22.260+0000] {processor.py:208} INFO - Processing /home/airflow/.local/lib/python3.12/site-packages/airflow/example_dags/example_time_delta_sensor_async.py took 0.056 seconds
[2025-03-08T23:50:52.806+0000] {processor.py:186} INFO - Started process (PID=1721) to work on /home/airflow/.local/lib/python3.12/site-packages/airflow/example_dags/example_time_delta_sensor_async.py
[2025-03-08T23:50:52.806+0000] {processor.py:914} INFO - Processing file /home/airflow/.local/lib/python3.12/site-packages/airflow/example_dags/example_time_delta_sensor_async.py for tasks to queue
[2025-03-08T23:50:52.808+0000] {logging_mixin.py:190} INFO - [2025-03-08T23:50:52.808+0000] {dagbag.py:588} INFO - Filling up the DagBag from /home/airflow/.local/lib/python3.12/site-packages/airflow/example_dags/example_time_delta_sensor_async.py
[2025-03-08T23:50:52.812+0000] {processor.py:925} INFO - DAG(s) 'example_time_delta_sensor_async' retrieved from /home/airflow/.local/lib/python3.12/site-packages/airflow/example_dags/example_time_delta_sensor_async.py
[2025-03-08T23:50:52.826+0000] {logging_mixin.py:190} INFO - [2025-03-08T23:50:52.826+0000] {dag.py:3239} INFO - Sync 1 DAGs
[2025-03-08T23:50:52.835+0000] {logging_mixin.py:190} INFO - [2025-03-08T23:50:52.835+0000] {dag.py:4180} INFO - Setting next_dagrun for example_time_delta_sensor_async to None, run_after=None
[2025-03-08T23:50:52.849+0000] {processor.py:208} INFO - Processing /home/airflow/.local/lib/python3.12/site-packages/airflow/example_dags/example_time_delta_sensor_async.py took 0.047 seconds
[2025-03-08T23:51:24.144+0000] {processor.py:186} INFO - Started process (PID=1784) to work on /home/airflow/.local/lib/python3.12/site-packages/airflow/example_dags/example_time_delta_sensor_async.py
[2025-03-08T23:51:24.145+0000] {processor.py:914} INFO - Processing file /home/airflow/.local/lib/python3.12/site-packages/airflow/example_dags/example_time_delta_sensor_async.py for tasks to queue
[2025-03-08T23:51:24.147+0000] {logging_mixin.py:190} INFO - [2025-03-08T23:51:24.147+0000] {dagbag.py:588} INFO - Filling up the DagBag from /home/airflow/.local/lib/python3.12/site-packages/airflow/example_dags/example_time_delta_sensor_async.py
[2025-03-08T23:51:24.151+0000] {processor.py:925} INFO - DAG(s) 'example_time_delta_sensor_async' retrieved from /home/airflow/.local/lib/python3.12/site-packages/airflow/example_dags/example_time_delta_sensor_async.py
[2025-03-08T23:51:24.168+0000] {logging_mixin.py:190} INFO - [2025-03-08T23:51:24.168+0000] {dag.py:3239} INFO - Sync 1 DAGs
[2025-03-08T23:51:24.179+0000] {logging_mixin.py:190} INFO - [2025-03-08T23:51:24.179+0000] {dag.py:4180} INFO - Setting next_dagrun for example_time_delta_sensor_async to None, run_after=None
[2025-03-08T23:51:24.195+0000] {processor.py:208} INFO - Processing /home/airflow/.local/lib/python3.12/site-packages/airflow/example_dags/example_time_delta_sensor_async.py took 0.055 seconds
[2025-03-08T23:51:55.302+0000] {processor.py:186} INFO - Started process (PID=1847) to work on /home/airflow/.local/lib/python3.12/site-packages/airflow/example_dags/example_time_delta_sensor_async.py
[2025-03-08T23:51:55.303+0000] {processor.py:914} INFO - Processing file /home/airflow/.local/lib/python3.12/site-packages/airflow/example_dags/example_time_delta_sensor_async.py for tasks to queue
[2025-03-08T23:51:55.305+0000] {logging_mixin.py:190} INFO - [2025-03-08T23:51:55.305+0000] {dagbag.py:588} INFO - Filling up the DagBag from /home/airflow/.local/lib/python3.12/site-packages/airflow/example_dags/example_time_delta_sensor_async.py
[2025-03-08T23:51:55.310+0000] {processor.py:925} INFO - DAG(s) 'example_time_delta_sensor_async' retrieved from /home/airflow/.local/lib/python3.12/site-packages/airflow/example_dags/example_time_delta_sensor_async.py
[2025-03-08T23:51:55.324+0000] {logging_mixin.py:190} INFO - [2025-03-08T23:51:55.324+0000] {dag.py:3239} INFO - Sync 1 DAGs
[2025-03-08T23:51:55.334+0000] {logging_mixin.py:190} INFO - [2025-03-08T23:51:55.334+0000] {dag.py:4180} INFO - Setting next_dagrun for example_time_delta_sensor_async to None, run_after=None
[2025-03-08T23:51:55.347+0000] {processor.py:208} INFO - Processing /home/airflow/.local/lib/python3.12/site-packages/airflow/example_dags/example_time_delta_sensor_async.py took 0.049 seconds
[2025-03-08T23:52:26.307+0000] {processor.py:186} INFO - Started process (PID=1910) to work on /home/airflow/.local/lib/python3.12/site-packages/airflow/example_dags/example_time_delta_sensor_async.py
[2025-03-08T23:52:26.307+0000] {processor.py:914} INFO - Processing file /home/airflow/.local/lib/python3.12/site-packages/airflow/example_dags/example_time_delta_sensor_async.py for tasks to queue
[2025-03-08T23:52:26.309+0000] {logging_mixin.py:190} INFO - [2025-03-08T23:52:26.309+0000] {dagbag.py:588} INFO - Filling up the DagBag from /home/airflow/.local/lib/python3.12/site-packages/airflow/example_dags/example_time_delta_sensor_async.py
[2025-03-08T23:52:26.315+0000] {processor.py:925} INFO - DAG(s) 'example_time_delta_sensor_async' retrieved from /home/airflow/.local/lib/python3.12/site-packages/airflow/example_dags/example_time_delta_sensor_async.py
[2025-03-08T23:52:26.337+0000] {logging_mixin.py:190} INFO - [2025-03-08T23:52:26.336+0000] {dag.py:3239} INFO - Sync 1 DAGs
[2025-03-08T23:52:26.350+0000] {logging_mixin.py:190} INFO - [2025-03-08T23:52:26.349+0000] {dag.py:4180} INFO - Setting next_dagrun for example_time_delta_sensor_async to None, run_after=None
[2025-03-08T23:52:26.365+0000] {processor.py:208} INFO - Processing /home/airflow/.local/lib/python3.12/site-packages/airflow/example_dags/example_time_delta_sensor_async.py took 0.062 seconds
[2025-03-08T23:52:57.373+0000] {processor.py:186} INFO - Started process (PID=1973) to work on /home/airflow/.local/lib/python3.12/site-packages/airflow/example_dags/example_time_delta_sensor_async.py
[2025-03-08T23:52:57.374+0000] {processor.py:914} INFO - Processing file /home/airflow/.local/lib/python3.12/site-packages/airflow/example_dags/example_time_delta_sensor_async.py for tasks to queue
[2025-03-08T23:52:57.375+0000] {logging_mixin.py:190} INFO - [2025-03-08T23:52:57.375+0000] {dagbag.py:588} INFO - Filling up the DagBag from /home/airflow/.local/lib/python3.12/site-packages/airflow/example_dags/example_time_delta_sensor_async.py
[2025-03-08T23:52:57.380+0000] {processor.py:925} INFO - DAG(s) 'example_time_delta_sensor_async' retrieved from /home/airflow/.local/lib/python3.12/site-packages/airflow/example_dags/example_time_delta_sensor_async.py
[2025-03-08T23:52:57.394+0000] {logging_mixin.py:190} INFO - [2025-03-08T23:52:57.394+0000] {dag.py:3239} INFO - Sync 1 DAGs
[2025-03-08T23:52:57.405+0000] {logging_mixin.py:190} INFO - [2025-03-08T23:52:57.405+0000] {dag.py:4180} INFO - Setting next_dagrun for example_time_delta_sensor_async to None, run_after=None
[2025-03-08T23:52:57.420+0000] {processor.py:208} INFO - Processing /home/airflow/.local/lib/python3.12/site-packages/airflow/example_dags/example_time_delta_sensor_async.py took 0.050 seconds
[2025-03-08T23:53:28.176+0000] {processor.py:186} INFO - Started process (PID=2036) to work on /home/airflow/.local/lib/python3.12/site-packages/airflow/example_dags/example_time_delta_sensor_async.py
[2025-03-08T23:53:28.177+0000] {processor.py:914} INFO - Processing file /home/airflow/.local/lib/python3.12/site-packages/airflow/example_dags/example_time_delta_sensor_async.py for tasks to queue
[2025-03-08T23:53:28.178+0000] {logging_mixin.py:190} INFO - [2025-03-08T23:53:28.178+0000] {dagbag.py:588} INFO - Filling up the DagBag from /home/airflow/.local/lib/python3.12/site-packages/airflow/example_dags/example_time_delta_sensor_async.py
[2025-03-08T23:53:28.183+0000] {processor.py:925} INFO - DAG(s) 'example_time_delta_sensor_async' retrieved from /home/airflow/.local/lib/python3.12/site-packages/airflow/example_dags/example_time_delta_sensor_async.py
[2025-03-08T23:53:28.199+0000] {logging_mixin.py:190} INFO - [2025-03-08T23:53:28.199+0000] {dag.py:3239} INFO - Sync 1 DAGs
[2025-03-08T23:53:28.211+0000] {logging_mixin.py:190} INFO - [2025-03-08T23:53:28.211+0000] {dag.py:4180} INFO - Setting next_dagrun for example_time_delta_sensor_async to None, run_after=None
[2025-03-08T23:53:28.224+0000] {processor.py:208} INFO - Processing /home/airflow/.local/lib/python3.12/site-packages/airflow/example_dags/example_time_delta_sensor_async.py took 0.052 seconds
[2025-03-08T23:53:59.283+0000] {processor.py:186} INFO - Started process (PID=2105) to work on /home/airflow/.local/lib/python3.12/site-packages/airflow/example_dags/example_time_delta_sensor_async.py
[2025-03-08T23:53:59.284+0000] {processor.py:914} INFO - Processing file /home/airflow/.local/lib/python3.12/site-packages/airflow/example_dags/example_time_delta_sensor_async.py for tasks to queue
[2025-03-08T23:53:59.285+0000] {logging_mixin.py:190} INFO - [2025-03-08T23:53:59.285+0000] {dagbag.py:588} INFO - Filling up the DagBag from /home/airflow/.local/lib/python3.12/site-packages/airflow/example_dags/example_time_delta_sensor_async.py
[2025-03-08T23:53:59.290+0000] {processor.py:925} INFO - DAG(s) 'example_time_delta_sensor_async' retrieved from /home/airflow/.local/lib/python3.12/site-packages/airflow/example_dags/example_time_delta_sensor_async.py
[2025-03-08T23:53:59.304+0000] {logging_mixin.py:190} INFO - [2025-03-08T23:53:59.304+0000] {dag.py:3239} INFO - Sync 1 DAGs
[2025-03-08T23:53:59.313+0000] {logging_mixin.py:190} INFO - [2025-03-08T23:53:59.313+0000] {dag.py:4180} INFO - Setting next_dagrun for example_time_delta_sensor_async to None, run_after=None
[2025-03-08T23:53:59.327+0000] {processor.py:208} INFO - Processing /home/airflow/.local/lib/python3.12/site-packages/airflow/example_dags/example_time_delta_sensor_async.py took 0.048 seconds
[2025-03-08T23:54:30.564+0000] {processor.py:186} INFO - Started process (PID=2168) to work on /home/airflow/.local/lib/python3.12/site-packages/airflow/example_dags/example_time_delta_sensor_async.py
[2025-03-08T23:54:30.565+0000] {processor.py:914} INFO - Processing file /home/airflow/.local/lib/python3.12/site-packages/airflow/example_dags/example_time_delta_sensor_async.py for tasks to queue
[2025-03-08T23:54:30.567+0000] {logging_mixin.py:190} INFO - [2025-03-08T23:54:30.567+0000] {dagbag.py:588} INFO - Filling up the DagBag from /home/airflow/.local/lib/python3.12/site-packages/airflow/example_dags/example_time_delta_sensor_async.py
[2025-03-08T23:54:30.573+0000] {processor.py:925} INFO - DAG(s) 'example_time_delta_sensor_async' retrieved from /home/airflow/.local/lib/python3.12/site-packages/airflow/example_dags/example_time_delta_sensor_async.py
[2025-03-08T23:54:30.588+0000] {logging_mixin.py:190} INFO - [2025-03-08T23:54:30.588+0000] {dag.py:3239} INFO - Sync 1 DAGs
[2025-03-08T23:54:30.600+0000] {logging_mixin.py:190} INFO - [2025-03-08T23:54:30.600+0000] {dag.py:4180} INFO - Setting next_dagrun for example_time_delta_sensor_async to None, run_after=None
[2025-03-08T23:54:30.616+0000] {processor.py:208} INFO - Processing /home/airflow/.local/lib/python3.12/site-packages/airflow/example_dags/example_time_delta_sensor_async.py took 0.058 seconds
[2025-03-08T23:55:01.182+0000] {processor.py:186} INFO - Started process (PID=2231) to work on /home/airflow/.local/lib/python3.12/site-packages/airflow/example_dags/example_time_delta_sensor_async.py
[2025-03-08T23:55:01.182+0000] {processor.py:914} INFO - Processing file /home/airflow/.local/lib/python3.12/site-packages/airflow/example_dags/example_time_delta_sensor_async.py for tasks to queue
[2025-03-08T23:55:01.184+0000] {logging_mixin.py:190} INFO - [2025-03-08T23:55:01.184+0000] {dagbag.py:588} INFO - Filling up the DagBag from /home/airflow/.local/lib/python3.12/site-packages/airflow/example_dags/example_time_delta_sensor_async.py
[2025-03-08T23:55:01.190+0000] {processor.py:925} INFO - DAG(s) 'example_time_delta_sensor_async' retrieved from /home/airflow/.local/lib/python3.12/site-packages/airflow/example_dags/example_time_delta_sensor_async.py
[2025-03-08T23:55:01.208+0000] {logging_mixin.py:190} INFO - [2025-03-08T23:55:01.208+0000] {dag.py:3239} INFO - Sync 1 DAGs
[2025-03-08T23:55:01.220+0000] {logging_mixin.py:190} INFO - [2025-03-08T23:55:01.220+0000] {dag.py:4180} INFO - Setting next_dagrun for example_time_delta_sensor_async to None, run_after=None
[2025-03-08T23:55:01.238+0000] {processor.py:208} INFO - Processing /home/airflow/.local/lib/python3.12/site-packages/airflow/example_dags/example_time_delta_sensor_async.py took 0.062 seconds
[2025-03-08T23:55:32.435+0000] {processor.py:186} INFO - Started process (PID=2294) to work on /home/airflow/.local/lib/python3.12/site-packages/airflow/example_dags/example_time_delta_sensor_async.py
[2025-03-08T23:55:32.436+0000] {processor.py:914} INFO - Processing file /home/airflow/.local/lib/python3.12/site-packages/airflow/example_dags/example_time_delta_sensor_async.py for tasks to queue
[2025-03-08T23:55:32.438+0000] {logging_mixin.py:190} INFO - [2025-03-08T23:55:32.438+0000] {dagbag.py:588} INFO - Filling up the DagBag from /home/airflow/.local/lib/python3.12/site-packages/airflow/example_dags/example_time_delta_sensor_async.py
[2025-03-08T23:55:32.442+0000] {processor.py:925} INFO - DAG(s) 'example_time_delta_sensor_async' retrieved from /home/airflow/.local/lib/python3.12/site-packages/airflow/example_dags/example_time_delta_sensor_async.py
[2025-03-08T23:55:32.456+0000] {logging_mixin.py:190} INFO - [2025-03-08T23:55:32.456+0000] {dag.py:3239} INFO - Sync 1 DAGs
[2025-03-08T23:55:32.466+0000] {logging_mixin.py:190} INFO - [2025-03-08T23:55:32.466+0000] {dag.py:4180} INFO - Setting next_dagrun for example_time_delta_sensor_async to None, run_after=None
[2025-03-08T23:55:32.479+0000] {processor.py:208} INFO - Processing /home/airflow/.local/lib/python3.12/site-packages/airflow/example_dags/example_time_delta_sensor_async.py took 0.047 seconds
[2025-03-08T23:56:03.731+0000] {processor.py:186} INFO - Started process (PID=2357) to work on /home/airflow/.local/lib/python3.12/site-packages/airflow/example_dags/example_time_delta_sensor_async.py
[2025-03-08T23:56:03.731+0000] {processor.py:914} INFO - Processing file /home/airflow/.local/lib/python3.12/site-packages/airflow/example_dags/example_time_delta_sensor_async.py for tasks to queue
[2025-03-08T23:56:03.733+0000] {logging_mixin.py:190} INFO - [2025-03-08T23:56:03.733+0000] {dagbag.py:588} INFO - Filling up the DagBag from /home/airflow/.local/lib/python3.12/site-packages/airflow/example_dags/example_time_delta_sensor_async.py
[2025-03-08T23:56:03.738+0000] {processor.py:925} INFO - DAG(s) 'example_time_delta_sensor_async' retrieved from /home/airflow/.local/lib/python3.12/site-packages/airflow/example_dags/example_time_delta_sensor_async.py
[2025-03-08T23:56:03.753+0000] {logging_mixin.py:190} INFO - [2025-03-08T23:56:03.753+0000] {dag.py:3239} INFO - Sync 1 DAGs
[2025-03-08T23:56:03.763+0000] {logging_mixin.py:190} INFO - [2025-03-08T23:56:03.763+0000] {dag.py:4180} INFO - Setting next_dagrun for example_time_delta_sensor_async to None, run_after=None
[2025-03-08T23:56:03.776+0000] {processor.py:208} INFO - Processing /home/airflow/.local/lib/python3.12/site-packages/airflow/example_dags/example_time_delta_sensor_async.py took 0.049 seconds
[2025-03-08T23:56:35.226+0000] {processor.py:186} INFO - Started process (PID=2420) to work on /home/airflow/.local/lib/python3.12/site-packages/airflow/example_dags/example_time_delta_sensor_async.py
[2025-03-08T23:56:35.227+0000] {processor.py:914} INFO - Processing file /home/airflow/.local/lib/python3.12/site-packages/airflow/example_dags/example_time_delta_sensor_async.py for tasks to queue
[2025-03-08T23:56:35.230+0000] {logging_mixin.py:190} INFO - [2025-03-08T23:56:35.229+0000] {dagbag.py:588} INFO - Filling up the DagBag from /home/airflow/.local/lib/python3.12/site-packages/airflow/example_dags/example_time_delta_sensor_async.py
[2025-03-08T23:56:35.236+0000] {processor.py:925} INFO - DAG(s) 'example_time_delta_sensor_async' retrieved from /home/airflow/.local/lib/python3.12/site-packages/airflow/example_dags/example_time_delta_sensor_async.py
[2025-03-08T23:56:35.258+0000] {logging_mixin.py:190} INFO - [2025-03-08T23:56:35.257+0000] {dag.py:3239} INFO - Sync 1 DAGs
[2025-03-08T23:56:35.272+0000] {logging_mixin.py:190} INFO - [2025-03-08T23:56:35.272+0000] {dag.py:4180} INFO - Setting next_dagrun for example_time_delta_sensor_async to None, run_after=None
[2025-03-08T23:56:35.290+0000] {processor.py:208} INFO - Processing /home/airflow/.local/lib/python3.12/site-packages/airflow/example_dags/example_time_delta_sensor_async.py took 0.070 seconds
[2025-03-08T23:57:06.286+0000] {processor.py:186} INFO - Started process (PID=2483) to work on /home/airflow/.local/lib/python3.12/site-packages/airflow/example_dags/example_time_delta_sensor_async.py
[2025-03-08T23:57:06.287+0000] {processor.py:914} INFO - Processing file /home/airflow/.local/lib/python3.12/site-packages/airflow/example_dags/example_time_delta_sensor_async.py for tasks to queue
[2025-03-08T23:57:06.289+0000] {logging_mixin.py:190} INFO - [2025-03-08T23:57:06.288+0000] {dagbag.py:588} INFO - Filling up the DagBag from /home/airflow/.local/lib/python3.12/site-packages/airflow/example_dags/example_time_delta_sensor_async.py
[2025-03-08T23:57:06.293+0000] {processor.py:925} INFO - DAG(s) 'example_time_delta_sensor_async' retrieved from /home/airflow/.local/lib/python3.12/site-packages/airflow/example_dags/example_time_delta_sensor_async.py
[2025-03-08T23:57:06.308+0000] {logging_mixin.py:190} INFO - [2025-03-08T23:57:06.308+0000] {dag.py:3239} INFO - Sync 1 DAGs
[2025-03-08T23:57:06.319+0000] {logging_mixin.py:190} INFO - [2025-03-08T23:57:06.319+0000] {dag.py:4180} INFO - Setting next_dagrun for example_time_delta_sensor_async to None, run_after=None
[2025-03-08T23:57:06.332+0000] {processor.py:208} INFO - Processing /home/airflow/.local/lib/python3.12/site-packages/airflow/example_dags/example_time_delta_sensor_async.py took 0.050 seconds
[2025-03-08T23:57:37.496+0000] {processor.py:186} INFO - Started process (PID=2546) to work on /home/airflow/.local/lib/python3.12/site-packages/airflow/example_dags/example_time_delta_sensor_async.py
[2025-03-08T23:57:37.497+0000] {processor.py:914} INFO - Processing file /home/airflow/.local/lib/python3.12/site-packages/airflow/example_dags/example_time_delta_sensor_async.py for tasks to queue
[2025-03-08T23:57:37.499+0000] {logging_mixin.py:190} INFO - [2025-03-08T23:57:37.498+0000] {dagbag.py:588} INFO - Filling up the DagBag from /home/airflow/.local/lib/python3.12/site-packages/airflow/example_dags/example_time_delta_sensor_async.py
[2025-03-08T23:57:37.504+0000] {processor.py:925} INFO - DAG(s) 'example_time_delta_sensor_async' retrieved from /home/airflow/.local/lib/python3.12/site-packages/airflow/example_dags/example_time_delta_sensor_async.py
[2025-03-08T23:57:37.518+0000] {logging_mixin.py:190} INFO - [2025-03-08T23:57:37.518+0000] {dag.py:3239} INFO - Sync 1 DAGs
[2025-03-08T23:57:37.528+0000] {logging_mixin.py:190} INFO - [2025-03-08T23:57:37.528+0000] {dag.py:4180} INFO - Setting next_dagrun for example_time_delta_sensor_async to None, run_after=None
[2025-03-08T23:57:37.541+0000] {processor.py:208} INFO - Processing /home/airflow/.local/lib/python3.12/site-packages/airflow/example_dags/example_time_delta_sensor_async.py took 0.049 seconds
[2025-03-08T23:58:09.007+0000] {processor.py:186} INFO - Started process (PID=2609) to work on /home/airflow/.local/lib/python3.12/site-packages/airflow/example_dags/example_time_delta_sensor_async.py
[2025-03-08T23:58:09.008+0000] {processor.py:914} INFO - Processing file /home/airflow/.local/lib/python3.12/site-packages/airflow/example_dags/example_time_delta_sensor_async.py for tasks to queue
[2025-03-08T23:58:09.010+0000] {logging_mixin.py:190} INFO - [2025-03-08T23:58:09.010+0000] {dagbag.py:588} INFO - Filling up the DagBag from /home/airflow/.local/lib/python3.12/site-packages/airflow/example_dags/example_time_delta_sensor_async.py
[2025-03-08T23:58:09.014+0000] {processor.py:925} INFO - DAG(s) 'example_time_delta_sensor_async' retrieved from /home/airflow/.local/lib/python3.12/site-packages/airflow/example_dags/example_time_delta_sensor_async.py
[2025-03-08T23:58:09.032+0000] {logging_mixin.py:190} INFO - [2025-03-08T23:58:09.032+0000] {dag.py:3239} INFO - Sync 1 DAGs
[2025-03-08T23:58:09.042+0000] {logging_mixin.py:190} INFO - [2025-03-08T23:58:09.042+0000] {dag.py:4180} INFO - Setting next_dagrun for example_time_delta_sensor_async to None, run_after=None
[2025-03-08T23:58:09.058+0000] {processor.py:208} INFO - Processing /home/airflow/.local/lib/python3.12/site-packages/airflow/example_dags/example_time_delta_sensor_async.py took 0.055 seconds
