[2025-03-08T22:35:47.030+0000] {processor.py:186} INFO - Started process (PID=92) to work on /home/airflow/.local/lib/python3.12/site-packages/airflow/example_dags/example_python_operator.py
[2025-03-08T22:35:47.031+0000] {processor.py:914} INFO - Processing file /home/airflow/.local/lib/python3.12/site-packages/airflow/example_dags/example_python_operator.py for tasks to queue
[2025-03-08T22:35:47.032+0000] {logging_mixin.py:190} INFO - [2025-03-08T22:35:47.032+0000] {dagbag.py:588} INFO - Filling up the DagBag from /home/airflow/.local/lib/python3.12/site-packages/airflow/example_dags/example_python_operator.py
[2025-03-08T22:35:47.043+0000] {processor.py:925} INFO - DAG(s) 'example_python_operator' retrieved from /home/airflow/.local/lib/python3.12/site-packages/airflow/example_dags/example_python_operator.py
[2025-03-08T22:35:47.126+0000] {logging_mixin.py:190} INFO - [2025-03-08T22:35:47.125+0000] {override.py:1912} INFO - Created Permission View: can edit on DAG:example_python_operator
[2025-03-08T22:35:47.136+0000] {logging_mixin.py:190} INFO - [2025-03-08T22:35:47.135+0000] {override.py:1912} INFO - Created Permission View: can read on DAG:example_python_operator
[2025-03-08T22:35:47.142+0000] {logging_mixin.py:190} INFO - [2025-03-08T22:35:47.142+0000] {override.py:1912} INFO - Created Permission View: can delete on DAG:example_python_operator
[2025-03-08T22:35:47.149+0000] {logging_mixin.py:190} INFO - [2025-03-08T22:35:47.148+0000] {override.py:1912} INFO - Created Permission View: menu access on DAG Run:example_python_operator
[2025-03-08T22:35:47.155+0000] {logging_mixin.py:190} INFO - [2025-03-08T22:35:47.155+0000] {override.py:1912} INFO - Created Permission View: can delete on DAG Run:example_python_operator
[2025-03-08T22:35:47.162+0000] {logging_mixin.py:190} INFO - [2025-03-08T22:35:47.162+0000] {override.py:1912} INFO - Created Permission View: can read on DAG Run:example_python_operator
[2025-03-08T22:35:47.167+0000] {logging_mixin.py:190} INFO - [2025-03-08T22:35:47.167+0000] {override.py:1912} INFO - Created Permission View: can create on DAG Run:example_python_operator
[2025-03-08T22:35:47.168+0000] {logging_mixin.py:190} INFO - [2025-03-08T22:35:47.168+0000] {dag.py:3239} INFO - Sync 1 DAGs
[2025-03-08T22:35:47.178+0000] {logging_mixin.py:190} INFO - [2025-03-08T22:35:47.177+0000] {dag.py:3262} INFO - Creating ORM DAG for example_python_operator
[2025-03-08T22:35:47.178+0000] {logging_mixin.py:190} INFO - [2025-03-08T22:35:47.178+0000] {dag.py:4180} INFO - Setting next_dagrun for example_python_operator to None, run_after=None
[2025-03-08T22:35:47.192+0000] {processor.py:208} INFO - Processing /home/airflow/.local/lib/python3.12/site-packages/airflow/example_dags/example_python_operator.py took 0.167 seconds
[2025-03-08T22:36:17.963+0000] {processor.py:186} INFO - Started process (PID=155) to work on /home/airflow/.local/lib/python3.12/site-packages/airflow/example_dags/example_python_operator.py
[2025-03-08T22:36:17.963+0000] {processor.py:914} INFO - Processing file /home/airflow/.local/lib/python3.12/site-packages/airflow/example_dags/example_python_operator.py for tasks to queue
[2025-03-08T22:36:17.965+0000] {logging_mixin.py:190} INFO - [2025-03-08T22:36:17.965+0000] {dagbag.py:588} INFO - Filling up the DagBag from /home/airflow/.local/lib/python3.12/site-packages/airflow/example_dags/example_python_operator.py
[2025-03-08T22:36:17.973+0000] {processor.py:925} INFO - DAG(s) 'example_python_operator' retrieved from /home/airflow/.local/lib/python3.12/site-packages/airflow/example_dags/example_python_operator.py
[2025-03-08T22:36:17.990+0000] {logging_mixin.py:190} INFO - [2025-03-08T22:36:17.990+0000] {dag.py:3239} INFO - Sync 1 DAGs
[2025-03-08T22:36:18.002+0000] {logging_mixin.py:190} INFO - [2025-03-08T22:36:18.002+0000] {dag.py:4180} INFO - Setting next_dagrun for example_python_operator to None, run_after=None
[2025-03-08T22:36:18.022+0000] {processor.py:208} INFO - Processing /home/airflow/.local/lib/python3.12/site-packages/airflow/example_dags/example_python_operator.py took 0.063 seconds
[2025-03-08T22:36:48.643+0000] {processor.py:186} INFO - Started process (PID=218) to work on /home/airflow/.local/lib/python3.12/site-packages/airflow/example_dags/example_python_operator.py
[2025-03-08T22:36:48.644+0000] {processor.py:914} INFO - Processing file /home/airflow/.local/lib/python3.12/site-packages/airflow/example_dags/example_python_operator.py for tasks to queue
[2025-03-08T22:36:48.645+0000] {logging_mixin.py:190} INFO - [2025-03-08T22:36:48.645+0000] {dagbag.py:588} INFO - Filling up the DagBag from /home/airflow/.local/lib/python3.12/site-packages/airflow/example_dags/example_python_operator.py
[2025-03-08T22:36:48.654+0000] {processor.py:925} INFO - DAG(s) 'example_python_operator' retrieved from /home/airflow/.local/lib/python3.12/site-packages/airflow/example_dags/example_python_operator.py
[2025-03-08T22:36:48.672+0000] {logging_mixin.py:190} INFO - [2025-03-08T22:36:48.672+0000] {dag.py:3239} INFO - Sync 1 DAGs
[2025-03-08T22:36:48.682+0000] {logging_mixin.py:190} INFO - [2025-03-08T22:36:48.682+0000] {dag.py:4180} INFO - Setting next_dagrun for example_python_operator to None, run_after=None
[2025-03-08T22:36:48.698+0000] {processor.py:208} INFO - Processing /home/airflow/.local/lib/python3.12/site-packages/airflow/example_dags/example_python_operator.py took 0.060 seconds
[2025-03-08T22:37:19.337+0000] {processor.py:186} INFO - Started process (PID=281) to work on /home/airflow/.local/lib/python3.12/site-packages/airflow/example_dags/example_python_operator.py
[2025-03-08T22:37:19.338+0000] {processor.py:914} INFO - Processing file /home/airflow/.local/lib/python3.12/site-packages/airflow/example_dags/example_python_operator.py for tasks to queue
[2025-03-08T22:37:19.339+0000] {logging_mixin.py:190} INFO - [2025-03-08T22:37:19.339+0000] {dagbag.py:588} INFO - Filling up the DagBag from /home/airflow/.local/lib/python3.12/site-packages/airflow/example_dags/example_python_operator.py
[2025-03-08T22:37:19.347+0000] {processor.py:925} INFO - DAG(s) 'example_python_operator' retrieved from /home/airflow/.local/lib/python3.12/site-packages/airflow/example_dags/example_python_operator.py
[2025-03-08T22:37:19.363+0000] {logging_mixin.py:190} INFO - [2025-03-08T22:37:19.362+0000] {dag.py:3239} INFO - Sync 1 DAGs
[2025-03-08T22:37:19.373+0000] {logging_mixin.py:190} INFO - [2025-03-08T22:37:19.373+0000] {dag.py:4180} INFO - Setting next_dagrun for example_python_operator to None, run_after=None
[2025-03-08T22:37:19.387+0000] {processor.py:208} INFO - Processing /home/airflow/.local/lib/python3.12/site-packages/airflow/example_dags/example_python_operator.py took 0.053 seconds
[2025-03-08T22:37:50.120+0000] {processor.py:186} INFO - Started process (PID=344) to work on /home/airflow/.local/lib/python3.12/site-packages/airflow/example_dags/example_python_operator.py
[2025-03-08T22:37:50.121+0000] {processor.py:914} INFO - Processing file /home/airflow/.local/lib/python3.12/site-packages/airflow/example_dags/example_python_operator.py for tasks to queue
[2025-03-08T22:37:50.123+0000] {logging_mixin.py:190} INFO - [2025-03-08T22:37:50.123+0000] {dagbag.py:588} INFO - Filling up the DagBag from /home/airflow/.local/lib/python3.12/site-packages/airflow/example_dags/example_python_operator.py
[2025-03-08T22:37:50.133+0000] {processor.py:925} INFO - DAG(s) 'example_python_operator' retrieved from /home/airflow/.local/lib/python3.12/site-packages/airflow/example_dags/example_python_operator.py
[2025-03-08T22:37:50.150+0000] {logging_mixin.py:190} INFO - [2025-03-08T22:37:50.150+0000] {dag.py:3239} INFO - Sync 1 DAGs
[2025-03-08T22:37:50.160+0000] {logging_mixin.py:190} INFO - [2025-03-08T22:37:50.160+0000] {dag.py:4180} INFO - Setting next_dagrun for example_python_operator to None, run_after=None
[2025-03-08T22:37:50.178+0000] {processor.py:208} INFO - Processing /home/airflow/.local/lib/python3.12/site-packages/airflow/example_dags/example_python_operator.py took 0.062 seconds
[2025-03-08T22:38:21.208+0000] {processor.py:186} INFO - Started process (PID=407) to work on /home/airflow/.local/lib/python3.12/site-packages/airflow/example_dags/example_python_operator.py
[2025-03-08T22:38:21.209+0000] {processor.py:914} INFO - Processing file /home/airflow/.local/lib/python3.12/site-packages/airflow/example_dags/example_python_operator.py for tasks to queue
[2025-03-08T22:38:21.210+0000] {logging_mixin.py:190} INFO - [2025-03-08T22:38:21.210+0000] {dagbag.py:588} INFO - Filling up the DagBag from /home/airflow/.local/lib/python3.12/site-packages/airflow/example_dags/example_python_operator.py
[2025-03-08T22:38:21.220+0000] {processor.py:925} INFO - DAG(s) 'example_python_operator' retrieved from /home/airflow/.local/lib/python3.12/site-packages/airflow/example_dags/example_python_operator.py
[2025-03-08T22:38:21.236+0000] {logging_mixin.py:190} INFO - [2025-03-08T22:38:21.236+0000] {dag.py:3239} INFO - Sync 1 DAGs
[2025-03-08T22:38:21.246+0000] {logging_mixin.py:190} INFO - [2025-03-08T22:38:21.246+0000] {dag.py:4180} INFO - Setting next_dagrun for example_python_operator to None, run_after=None
[2025-03-08T22:38:21.259+0000] {processor.py:208} INFO - Processing /home/airflow/.local/lib/python3.12/site-packages/airflow/example_dags/example_python_operator.py took 0.056 seconds
[2025-03-08T22:38:51.288+0000] {processor.py:186} INFO - Started process (PID=469) to work on /home/airflow/.local/lib/python3.12/site-packages/airflow/example_dags/example_python_operator.py
[2025-03-08T22:38:51.289+0000] {processor.py:914} INFO - Processing file /home/airflow/.local/lib/python3.12/site-packages/airflow/example_dags/example_python_operator.py for tasks to queue
[2025-03-08T22:38:51.290+0000] {logging_mixin.py:190} INFO - [2025-03-08T22:38:51.290+0000] {dagbag.py:588} INFO - Filling up the DagBag from /home/airflow/.local/lib/python3.12/site-packages/airflow/example_dags/example_python_operator.py
[2025-03-08T22:38:51.298+0000] {processor.py:925} INFO - DAG(s) 'example_python_operator' retrieved from /home/airflow/.local/lib/python3.12/site-packages/airflow/example_dags/example_python_operator.py
[2025-03-08T22:38:51.314+0000] {logging_mixin.py:190} INFO - [2025-03-08T22:38:51.314+0000] {dag.py:3239} INFO - Sync 1 DAGs
[2025-03-08T22:38:51.325+0000] {logging_mixin.py:190} INFO - [2025-03-08T22:38:51.325+0000] {dag.py:4180} INFO - Setting next_dagrun for example_python_operator to None, run_after=None
[2025-03-08T22:38:51.339+0000] {processor.py:208} INFO - Processing /home/airflow/.local/lib/python3.12/site-packages/airflow/example_dags/example_python_operator.py took 0.054 seconds
[2025-03-08T23:37:27.013+0000] {processor.py:186} INFO - Started process (PID=86) to work on /home/airflow/.local/lib/python3.12/site-packages/airflow/example_dags/example_python_operator.py
[2025-03-08T23:37:27.014+0000] {processor.py:914} INFO - Processing file /home/airflow/.local/lib/python3.12/site-packages/airflow/example_dags/example_python_operator.py for tasks to queue
[2025-03-08T23:37:27.016+0000] {logging_mixin.py:190} INFO - [2025-03-08T23:37:27.016+0000] {dagbag.py:588} INFO - Filling up the DagBag from /home/airflow/.local/lib/python3.12/site-packages/airflow/example_dags/example_python_operator.py
[2025-03-08T23:37:27.026+0000] {processor.py:925} INFO - DAG(s) 'example_python_operator' retrieved from /home/airflow/.local/lib/python3.12/site-packages/airflow/example_dags/example_python_operator.py
[2025-03-08T23:37:27.124+0000] {logging_mixin.py:190} INFO - [2025-03-08T23:37:27.123+0000] {dag.py:3239} INFO - Sync 1 DAGs
[2025-03-08T23:37:27.133+0000] {logging_mixin.py:190} INFO - [2025-03-08T23:37:27.133+0000] {dag.py:4180} INFO - Setting next_dagrun for example_python_operator to None, run_after=None
[2025-03-08T23:37:27.148+0000] {processor.py:208} INFO - Processing /home/airflow/.local/lib/python3.12/site-packages/airflow/example_dags/example_python_operator.py took 0.140 seconds
[2025-03-08T23:37:57.677+0000] {processor.py:186} INFO - Started process (PID=149) to work on /home/airflow/.local/lib/python3.12/site-packages/airflow/example_dags/example_python_operator.py
[2025-03-08T23:37:57.679+0000] {processor.py:914} INFO - Processing file /home/airflow/.local/lib/python3.12/site-packages/airflow/example_dags/example_python_operator.py for tasks to queue
[2025-03-08T23:37:57.680+0000] {logging_mixin.py:190} INFO - [2025-03-08T23:37:57.680+0000] {dagbag.py:588} INFO - Filling up the DagBag from /home/airflow/.local/lib/python3.12/site-packages/airflow/example_dags/example_python_operator.py
[2025-03-08T23:37:57.689+0000] {processor.py:925} INFO - DAG(s) 'example_python_operator' retrieved from /home/airflow/.local/lib/python3.12/site-packages/airflow/example_dags/example_python_operator.py
[2025-03-08T23:37:57.708+0000] {logging_mixin.py:190} INFO - [2025-03-08T23:37:57.708+0000] {dag.py:3239} INFO - Sync 1 DAGs
[2025-03-08T23:37:57.722+0000] {logging_mixin.py:190} INFO - [2025-03-08T23:37:57.722+0000] {dag.py:4180} INFO - Setting next_dagrun for example_python_operator to None, run_after=None
[2025-03-08T23:37:57.741+0000] {processor.py:208} INFO - Processing /home/airflow/.local/lib/python3.12/site-packages/airflow/example_dags/example_python_operator.py took 0.069 seconds
[2025-03-08T23:38:28.202+0000] {processor.py:186} INFO - Started process (PID=218) to work on /home/airflow/.local/lib/python3.12/site-packages/airflow/example_dags/example_python_operator.py
[2025-03-08T23:38:28.203+0000] {processor.py:914} INFO - Processing file /home/airflow/.local/lib/python3.12/site-packages/airflow/example_dags/example_python_operator.py for tasks to queue
[2025-03-08T23:38:28.205+0000] {logging_mixin.py:190} INFO - [2025-03-08T23:38:28.205+0000] {dagbag.py:588} INFO - Filling up the DagBag from /home/airflow/.local/lib/python3.12/site-packages/airflow/example_dags/example_python_operator.py
[2025-03-08T23:38:28.214+0000] {processor.py:925} INFO - DAG(s) 'example_python_operator' retrieved from /home/airflow/.local/lib/python3.12/site-packages/airflow/example_dags/example_python_operator.py
[2025-03-08T23:38:28.230+0000] {logging_mixin.py:190} INFO - [2025-03-08T23:38:28.230+0000] {dag.py:3239} INFO - Sync 1 DAGs
[2025-03-08T23:38:28.239+0000] {logging_mixin.py:190} INFO - [2025-03-08T23:38:28.239+0000] {dag.py:4180} INFO - Setting next_dagrun for example_python_operator to None, run_after=None
[2025-03-08T23:38:28.260+0000] {processor.py:208} INFO - Processing /home/airflow/.local/lib/python3.12/site-packages/airflow/example_dags/example_python_operator.py took 0.062 seconds
[2025-03-08T23:38:59.436+0000] {processor.py:186} INFO - Started process (PID=281) to work on /home/airflow/.local/lib/python3.12/site-packages/airflow/example_dags/example_python_operator.py
[2025-03-08T23:38:59.436+0000] {processor.py:914} INFO - Processing file /home/airflow/.local/lib/python3.12/site-packages/airflow/example_dags/example_python_operator.py for tasks to queue
[2025-03-08T23:38:59.438+0000] {logging_mixin.py:190} INFO - [2025-03-08T23:38:59.438+0000] {dagbag.py:588} INFO - Filling up the DagBag from /home/airflow/.local/lib/python3.12/site-packages/airflow/example_dags/example_python_operator.py
[2025-03-08T23:38:59.449+0000] {processor.py:925} INFO - DAG(s) 'example_python_operator' retrieved from /home/airflow/.local/lib/python3.12/site-packages/airflow/example_dags/example_python_operator.py
[2025-03-08T23:38:59.465+0000] {logging_mixin.py:190} INFO - [2025-03-08T23:38:59.465+0000] {dag.py:3239} INFO - Sync 1 DAGs
[2025-03-08T23:38:59.475+0000] {logging_mixin.py:190} INFO - [2025-03-08T23:38:59.475+0000] {dag.py:4180} INFO - Setting next_dagrun for example_python_operator to None, run_after=None
[2025-03-08T23:38:59.490+0000] {processor.py:208} INFO - Processing /home/airflow/.local/lib/python3.12/site-packages/airflow/example_dags/example_python_operator.py took 0.058 seconds
[2025-03-08T23:39:30.678+0000] {processor.py:186} INFO - Started process (PID=344) to work on /home/airflow/.local/lib/python3.12/site-packages/airflow/example_dags/example_python_operator.py
[2025-03-08T23:39:30.678+0000] {processor.py:914} INFO - Processing file /home/airflow/.local/lib/python3.12/site-packages/airflow/example_dags/example_python_operator.py for tasks to queue
[2025-03-08T23:39:30.681+0000] {logging_mixin.py:190} INFO - [2025-03-08T23:39:30.680+0000] {dagbag.py:588} INFO - Filling up the DagBag from /home/airflow/.local/lib/python3.12/site-packages/airflow/example_dags/example_python_operator.py
[2025-03-08T23:39:30.689+0000] {processor.py:925} INFO - DAG(s) 'example_python_operator' retrieved from /home/airflow/.local/lib/python3.12/site-packages/airflow/example_dags/example_python_operator.py
[2025-03-08T23:39:30.710+0000] {logging_mixin.py:190} INFO - [2025-03-08T23:39:30.709+0000] {dag.py:3239} INFO - Sync 1 DAGs
[2025-03-08T23:39:30.721+0000] {logging_mixin.py:190} INFO - [2025-03-08T23:39:30.720+0000] {dag.py:4180} INFO - Setting next_dagrun for example_python_operator to None, run_after=None
[2025-03-08T23:39:30.738+0000] {processor.py:208} INFO - Processing /home/airflow/.local/lib/python3.12/site-packages/airflow/example_dags/example_python_operator.py took 0.064 seconds
[2025-03-08T23:40:02.095+0000] {processor.py:186} INFO - Started process (PID=407) to work on /home/airflow/.local/lib/python3.12/site-packages/airflow/example_dags/example_python_operator.py
[2025-03-08T23:40:02.096+0000] {processor.py:914} INFO - Processing file /home/airflow/.local/lib/python3.12/site-packages/airflow/example_dags/example_python_operator.py for tasks to queue
[2025-03-08T23:40:02.097+0000] {logging_mixin.py:190} INFO - [2025-03-08T23:40:02.097+0000] {dagbag.py:588} INFO - Filling up the DagBag from /home/airflow/.local/lib/python3.12/site-packages/airflow/example_dags/example_python_operator.py
[2025-03-08T23:40:02.105+0000] {processor.py:925} INFO - DAG(s) 'example_python_operator' retrieved from /home/airflow/.local/lib/python3.12/site-packages/airflow/example_dags/example_python_operator.py
[2025-03-08T23:40:02.122+0000] {logging_mixin.py:190} INFO - [2025-03-08T23:40:02.122+0000] {dag.py:3239} INFO - Sync 1 DAGs
[2025-03-08T23:40:02.135+0000] {logging_mixin.py:190} INFO - [2025-03-08T23:40:02.134+0000] {dag.py:4180} INFO - Setting next_dagrun for example_python_operator to None, run_after=None
[2025-03-08T23:40:02.150+0000] {processor.py:208} INFO - Processing /home/airflow/.local/lib/python3.12/site-packages/airflow/example_dags/example_python_operator.py took 0.059 seconds
[2025-03-08T23:40:34.049+0000] {processor.py:186} INFO - Started process (PID=470) to work on /home/airflow/.local/lib/python3.12/site-packages/airflow/example_dags/example_python_operator.py
[2025-03-08T23:40:34.051+0000] {processor.py:914} INFO - Processing file /home/airflow/.local/lib/python3.12/site-packages/airflow/example_dags/example_python_operator.py for tasks to queue
[2025-03-08T23:40:34.053+0000] {logging_mixin.py:190} INFO - [2025-03-08T23:40:34.053+0000] {dagbag.py:588} INFO - Filling up the DagBag from /home/airflow/.local/lib/python3.12/site-packages/airflow/example_dags/example_python_operator.py
[2025-03-08T23:40:34.063+0000] {processor.py:925} INFO - DAG(s) 'example_python_operator' retrieved from /home/airflow/.local/lib/python3.12/site-packages/airflow/example_dags/example_python_operator.py
[2025-03-08T23:40:34.080+0000] {logging_mixin.py:190} INFO - [2025-03-08T23:40:34.080+0000] {dag.py:3239} INFO - Sync 1 DAGs
[2025-03-08T23:40:34.091+0000] {logging_mixin.py:190} INFO - [2025-03-08T23:40:34.091+0000] {dag.py:4180} INFO - Setting next_dagrun for example_python_operator to None, run_after=None
[2025-03-08T23:40:34.106+0000] {processor.py:208} INFO - Processing /home/airflow/.local/lib/python3.12/site-packages/airflow/example_dags/example_python_operator.py took 0.061 seconds
[2025-03-08T23:41:04.841+0000] {processor.py:186} INFO - Started process (PID=533) to work on /home/airflow/.local/lib/python3.12/site-packages/airflow/example_dags/example_python_operator.py
[2025-03-08T23:41:04.842+0000] {processor.py:914} INFO - Processing file /home/airflow/.local/lib/python3.12/site-packages/airflow/example_dags/example_python_operator.py for tasks to queue
[2025-03-08T23:41:04.844+0000] {logging_mixin.py:190} INFO - [2025-03-08T23:41:04.843+0000] {dagbag.py:588} INFO - Filling up the DagBag from /home/airflow/.local/lib/python3.12/site-packages/airflow/example_dags/example_python_operator.py
[2025-03-08T23:41:04.854+0000] {processor.py:925} INFO - DAG(s) 'example_python_operator' retrieved from /home/airflow/.local/lib/python3.12/site-packages/airflow/example_dags/example_python_operator.py
[2025-03-08T23:41:04.872+0000] {logging_mixin.py:190} INFO - [2025-03-08T23:41:04.871+0000] {dag.py:3239} INFO - Sync 1 DAGs
[2025-03-08T23:41:04.885+0000] {logging_mixin.py:190} INFO - [2025-03-08T23:41:04.885+0000] {dag.py:4180} INFO - Setting next_dagrun for example_python_operator to None, run_after=None
[2025-03-08T23:41:04.902+0000] {processor.py:208} INFO - Processing /home/airflow/.local/lib/python3.12/site-packages/airflow/example_dags/example_python_operator.py took 0.065 seconds
[2025-03-08T23:41:35.291+0000] {processor.py:186} INFO - Started process (PID=596) to work on /home/airflow/.local/lib/python3.12/site-packages/airflow/example_dags/example_python_operator.py
[2025-03-08T23:41:35.291+0000] {processor.py:914} INFO - Processing file /home/airflow/.local/lib/python3.12/site-packages/airflow/example_dags/example_python_operator.py for tasks to queue
[2025-03-08T23:41:35.294+0000] {logging_mixin.py:190} INFO - [2025-03-08T23:41:35.293+0000] {dagbag.py:588} INFO - Filling up the DagBag from /home/airflow/.local/lib/python3.12/site-packages/airflow/example_dags/example_python_operator.py
[2025-03-08T23:41:35.302+0000] {processor.py:925} INFO - DAG(s) 'example_python_operator' retrieved from /home/airflow/.local/lib/python3.12/site-packages/airflow/example_dags/example_python_operator.py
[2025-03-08T23:41:35.322+0000] {logging_mixin.py:190} INFO - [2025-03-08T23:41:35.321+0000] {dag.py:3239} INFO - Sync 1 DAGs
[2025-03-08T23:41:35.333+0000] {logging_mixin.py:190} INFO - [2025-03-08T23:41:35.333+0000] {dag.py:4180} INFO - Setting next_dagrun for example_python_operator to None, run_after=None
[2025-03-08T23:41:35.349+0000] {processor.py:208} INFO - Processing /home/airflow/.local/lib/python3.12/site-packages/airflow/example_dags/example_python_operator.py took 0.063 seconds
[2025-03-08T23:42:06.907+0000] {processor.py:186} INFO - Started process (PID=659) to work on /home/airflow/.local/lib/python3.12/site-packages/airflow/example_dags/example_python_operator.py
[2025-03-08T23:42:06.908+0000] {processor.py:914} INFO - Processing file /home/airflow/.local/lib/python3.12/site-packages/airflow/example_dags/example_python_operator.py for tasks to queue
[2025-03-08T23:42:06.911+0000] {logging_mixin.py:190} INFO - [2025-03-08T23:42:06.910+0000] {dagbag.py:588} INFO - Filling up the DagBag from /home/airflow/.local/lib/python3.12/site-packages/airflow/example_dags/example_python_operator.py
[2025-03-08T23:42:06.919+0000] {processor.py:925} INFO - DAG(s) 'example_python_operator' retrieved from /home/airflow/.local/lib/python3.12/site-packages/airflow/example_dags/example_python_operator.py
[2025-03-08T23:42:06.937+0000] {logging_mixin.py:190} INFO - [2025-03-08T23:42:06.937+0000] {dag.py:3239} INFO - Sync 1 DAGs
[2025-03-08T23:42:06.948+0000] {logging_mixin.py:190} INFO - [2025-03-08T23:42:06.948+0000] {dag.py:4180} INFO - Setting next_dagrun for example_python_operator to None, run_after=None
[2025-03-08T23:42:06.965+0000] {processor.py:208} INFO - Processing /home/airflow/.local/lib/python3.12/site-packages/airflow/example_dags/example_python_operator.py took 0.062 seconds
[2025-03-08T23:42:38.907+0000] {processor.py:186} INFO - Started process (PID=722) to work on /home/airflow/.local/lib/python3.12/site-packages/airflow/example_dags/example_python_operator.py
[2025-03-08T23:42:38.907+0000] {processor.py:914} INFO - Processing file /home/airflow/.local/lib/python3.12/site-packages/airflow/example_dags/example_python_operator.py for tasks to queue
[2025-03-08T23:42:38.910+0000] {logging_mixin.py:190} INFO - [2025-03-08T23:42:38.909+0000] {dagbag.py:588} INFO - Filling up the DagBag from /home/airflow/.local/lib/python3.12/site-packages/airflow/example_dags/example_python_operator.py
[2025-03-08T23:42:38.919+0000] {processor.py:925} INFO - DAG(s) 'example_python_operator' retrieved from /home/airflow/.local/lib/python3.12/site-packages/airflow/example_dags/example_python_operator.py
[2025-03-08T23:42:38.939+0000] {logging_mixin.py:190} INFO - [2025-03-08T23:42:38.939+0000] {dag.py:3239} INFO - Sync 1 DAGs
[2025-03-08T23:42:38.950+0000] {logging_mixin.py:190} INFO - [2025-03-08T23:42:38.950+0000] {dag.py:4180} INFO - Setting next_dagrun for example_python_operator to None, run_after=None
[2025-03-08T23:42:38.965+0000] {processor.py:208} INFO - Processing /home/airflow/.local/lib/python3.12/site-packages/airflow/example_dags/example_python_operator.py took 0.063 seconds
[2025-03-08T23:43:09.812+0000] {processor.py:186} INFO - Started process (PID=786) to work on /home/airflow/.local/lib/python3.12/site-packages/airflow/example_dags/example_python_operator.py
[2025-03-08T23:43:09.813+0000] {processor.py:914} INFO - Processing file /home/airflow/.local/lib/python3.12/site-packages/airflow/example_dags/example_python_operator.py for tasks to queue
[2025-03-08T23:43:09.814+0000] {logging_mixin.py:190} INFO - [2025-03-08T23:43:09.814+0000] {dagbag.py:588} INFO - Filling up the DagBag from /home/airflow/.local/lib/python3.12/site-packages/airflow/example_dags/example_python_operator.py
[2025-03-08T23:43:09.823+0000] {processor.py:925} INFO - DAG(s) 'example_python_operator' retrieved from /home/airflow/.local/lib/python3.12/site-packages/airflow/example_dags/example_python_operator.py
[2025-03-08T23:43:09.840+0000] {logging_mixin.py:190} INFO - [2025-03-08T23:43:09.839+0000] {dag.py:3239} INFO - Sync 1 DAGs
[2025-03-08T23:43:09.852+0000] {logging_mixin.py:190} INFO - [2025-03-08T23:43:09.851+0000] {dag.py:4180} INFO - Setting next_dagrun for example_python_operator to None, run_after=None
[2025-03-08T23:43:09.871+0000] {processor.py:208} INFO - Processing /home/airflow/.local/lib/python3.12/site-packages/airflow/example_dags/example_python_operator.py took 0.064 seconds
[2025-03-08T23:43:40.196+0000] {processor.py:186} INFO - Started process (PID=849) to work on /home/airflow/.local/lib/python3.12/site-packages/airflow/example_dags/example_python_operator.py
[2025-03-08T23:43:40.196+0000] {processor.py:914} INFO - Processing file /home/airflow/.local/lib/python3.12/site-packages/airflow/example_dags/example_python_operator.py for tasks to queue
[2025-03-08T23:43:40.198+0000] {logging_mixin.py:190} INFO - [2025-03-08T23:43:40.198+0000] {dagbag.py:588} INFO - Filling up the DagBag from /home/airflow/.local/lib/python3.12/site-packages/airflow/example_dags/example_python_operator.py
[2025-03-08T23:43:40.205+0000] {processor.py:925} INFO - DAG(s) 'example_python_operator' retrieved from /home/airflow/.local/lib/python3.12/site-packages/airflow/example_dags/example_python_operator.py
[2025-03-08T23:43:40.222+0000] {logging_mixin.py:190} INFO - [2025-03-08T23:43:40.221+0000] {dag.py:3239} INFO - Sync 1 DAGs
[2025-03-08T23:43:40.232+0000] {logging_mixin.py:190} INFO - [2025-03-08T23:43:40.232+0000] {dag.py:4180} INFO - Setting next_dagrun for example_python_operator to None, run_after=None
[2025-03-08T23:43:40.245+0000] {processor.py:208} INFO - Processing /home/airflow/.local/lib/python3.12/site-packages/airflow/example_dags/example_python_operator.py took 0.053 seconds
[2025-03-08T23:44:10.609+0000] {processor.py:186} INFO - Started process (PID=911) to work on /home/airflow/.local/lib/python3.12/site-packages/airflow/example_dags/example_python_operator.py
[2025-03-08T23:44:10.610+0000] {processor.py:914} INFO - Processing file /home/airflow/.local/lib/python3.12/site-packages/airflow/example_dags/example_python_operator.py for tasks to queue
[2025-03-08T23:44:10.611+0000] {logging_mixin.py:190} INFO - [2025-03-08T23:44:10.611+0000] {dagbag.py:588} INFO - Filling up the DagBag from /home/airflow/.local/lib/python3.12/site-packages/airflow/example_dags/example_python_operator.py
[2025-03-08T23:44:10.620+0000] {processor.py:925} INFO - DAG(s) 'example_python_operator' retrieved from /home/airflow/.local/lib/python3.12/site-packages/airflow/example_dags/example_python_operator.py
[2025-03-08T23:44:10.637+0000] {logging_mixin.py:190} INFO - [2025-03-08T23:44:10.637+0000] {dag.py:3239} INFO - Sync 1 DAGs
[2025-03-08T23:44:10.649+0000] {logging_mixin.py:190} INFO - [2025-03-08T23:44:10.649+0000] {dag.py:4180} INFO - Setting next_dagrun for example_python_operator to None, run_after=None
[2025-03-08T23:44:10.666+0000] {processor.py:208} INFO - Processing /home/airflow/.local/lib/python3.12/site-packages/airflow/example_dags/example_python_operator.py took 0.062 seconds
[2025-03-08T23:44:42.004+0000] {processor.py:186} INFO - Started process (PID=975) to work on /home/airflow/.local/lib/python3.12/site-packages/airflow/example_dags/example_python_operator.py
[2025-03-08T23:44:42.006+0000] {processor.py:914} INFO - Processing file /home/airflow/.local/lib/python3.12/site-packages/airflow/example_dags/example_python_operator.py for tasks to queue
[2025-03-08T23:44:42.008+0000] {logging_mixin.py:190} INFO - [2025-03-08T23:44:42.008+0000] {dagbag.py:588} INFO - Filling up the DagBag from /home/airflow/.local/lib/python3.12/site-packages/airflow/example_dags/example_python_operator.py
[2025-03-08T23:44:42.016+0000] {processor.py:925} INFO - DAG(s) 'example_python_operator' retrieved from /home/airflow/.local/lib/python3.12/site-packages/airflow/example_dags/example_python_operator.py
[2025-03-08T23:44:42.034+0000] {logging_mixin.py:190} INFO - [2025-03-08T23:44:42.033+0000] {dag.py:3239} INFO - Sync 1 DAGs
[2025-03-08T23:44:42.044+0000] {logging_mixin.py:190} INFO - [2025-03-08T23:44:42.044+0000] {dag.py:4180} INFO - Setting next_dagrun for example_python_operator to None, run_after=None
[2025-03-08T23:44:42.059+0000] {processor.py:208} INFO - Processing /home/airflow/.local/lib/python3.12/site-packages/airflow/example_dags/example_python_operator.py took 0.059 seconds
[2025-03-08T23:45:13.011+0000] {processor.py:186} INFO - Started process (PID=1038) to work on /home/airflow/.local/lib/python3.12/site-packages/airflow/example_dags/example_python_operator.py
[2025-03-08T23:45:13.012+0000] {processor.py:914} INFO - Processing file /home/airflow/.local/lib/python3.12/site-packages/airflow/example_dags/example_python_operator.py for tasks to queue
[2025-03-08T23:45:13.013+0000] {logging_mixin.py:190} INFO - [2025-03-08T23:45:13.013+0000] {dagbag.py:588} INFO - Filling up the DagBag from /home/airflow/.local/lib/python3.12/site-packages/airflow/example_dags/example_python_operator.py
[2025-03-08T23:45:13.021+0000] {processor.py:925} INFO - DAG(s) 'example_python_operator' retrieved from /home/airflow/.local/lib/python3.12/site-packages/airflow/example_dags/example_python_operator.py
[2025-03-08T23:45:13.037+0000] {logging_mixin.py:190} INFO - [2025-03-08T23:45:13.037+0000] {dag.py:3239} INFO - Sync 1 DAGs
[2025-03-08T23:45:13.048+0000] {logging_mixin.py:190} INFO - [2025-03-08T23:45:13.048+0000] {dag.py:4180} INFO - Setting next_dagrun for example_python_operator to None, run_after=None
[2025-03-08T23:45:13.062+0000] {processor.py:208} INFO - Processing /home/airflow/.local/lib/python3.12/site-packages/airflow/example_dags/example_python_operator.py took 0.055 seconds
[2025-03-08T23:45:43.956+0000] {processor.py:186} INFO - Started process (PID=1101) to work on /home/airflow/.local/lib/python3.12/site-packages/airflow/example_dags/example_python_operator.py
[2025-03-08T23:45:43.957+0000] {processor.py:914} INFO - Processing file /home/airflow/.local/lib/python3.12/site-packages/airflow/example_dags/example_python_operator.py for tasks to queue
[2025-03-08T23:45:43.959+0000] {logging_mixin.py:190} INFO - [2025-03-08T23:45:43.959+0000] {dagbag.py:588} INFO - Filling up the DagBag from /home/airflow/.local/lib/python3.12/site-packages/airflow/example_dags/example_python_operator.py
[2025-03-08T23:45:43.968+0000] {processor.py:925} INFO - DAG(s) 'example_python_operator' retrieved from /home/airflow/.local/lib/python3.12/site-packages/airflow/example_dags/example_python_operator.py
[2025-03-08T23:45:43.985+0000] {logging_mixin.py:190} INFO - [2025-03-08T23:45:43.985+0000] {dag.py:3239} INFO - Sync 1 DAGs
[2025-03-08T23:45:43.997+0000] {logging_mixin.py:190} INFO - [2025-03-08T23:45:43.997+0000] {dag.py:4180} INFO - Setting next_dagrun for example_python_operator to None, run_after=None
[2025-03-08T23:45:44.013+0000] {processor.py:208} INFO - Processing /home/airflow/.local/lib/python3.12/site-packages/airflow/example_dags/example_python_operator.py took 0.062 seconds
[2025-03-08T23:46:15.021+0000] {processor.py:186} INFO - Started process (PID=1164) to work on /home/airflow/.local/lib/python3.12/site-packages/airflow/example_dags/example_python_operator.py
[2025-03-08T23:46:15.021+0000] {processor.py:914} INFO - Processing file /home/airflow/.local/lib/python3.12/site-packages/airflow/example_dags/example_python_operator.py for tasks to queue
[2025-03-08T23:46:15.023+0000] {logging_mixin.py:190} INFO - [2025-03-08T23:46:15.022+0000] {dagbag.py:588} INFO - Filling up the DagBag from /home/airflow/.local/lib/python3.12/site-packages/airflow/example_dags/example_python_operator.py
[2025-03-08T23:46:15.031+0000] {processor.py:925} INFO - DAG(s) 'example_python_operator' retrieved from /home/airflow/.local/lib/python3.12/site-packages/airflow/example_dags/example_python_operator.py
[2025-03-08T23:46:15.049+0000] {logging_mixin.py:190} INFO - [2025-03-08T23:46:15.049+0000] {dag.py:3239} INFO - Sync 1 DAGs
[2025-03-08T23:46:15.061+0000] {logging_mixin.py:190} INFO - [2025-03-08T23:46:15.060+0000] {dag.py:4180} INFO - Setting next_dagrun for example_python_operator to None, run_after=None
[2025-03-08T23:46:15.074+0000] {processor.py:208} INFO - Processing /home/airflow/.local/lib/python3.12/site-packages/airflow/example_dags/example_python_operator.py took 0.058 seconds
[2025-03-08T23:46:46.040+0000] {processor.py:186} INFO - Started process (PID=1227) to work on /home/airflow/.local/lib/python3.12/site-packages/airflow/example_dags/example_python_operator.py
[2025-03-08T23:46:46.041+0000] {processor.py:914} INFO - Processing file /home/airflow/.local/lib/python3.12/site-packages/airflow/example_dags/example_python_operator.py for tasks to queue
[2025-03-08T23:46:46.043+0000] {logging_mixin.py:190} INFO - [2025-03-08T23:46:46.043+0000] {dagbag.py:588} INFO - Filling up the DagBag from /home/airflow/.local/lib/python3.12/site-packages/airflow/example_dags/example_python_operator.py
[2025-03-08T23:46:46.053+0000] {processor.py:925} INFO - DAG(s) 'example_python_operator' retrieved from /home/airflow/.local/lib/python3.12/site-packages/airflow/example_dags/example_python_operator.py
[2025-03-08T23:46:46.072+0000] {logging_mixin.py:190} INFO - [2025-03-08T23:46:46.071+0000] {dag.py:3239} INFO - Sync 1 DAGs
[2025-03-08T23:46:46.083+0000] {logging_mixin.py:190} INFO - [2025-03-08T23:46:46.083+0000] {dag.py:4180} INFO - Setting next_dagrun for example_python_operator to None, run_after=None
[2025-03-08T23:46:46.098+0000] {processor.py:208} INFO - Processing /home/airflow/.local/lib/python3.12/site-packages/airflow/example_dags/example_python_operator.py took 0.062 seconds
[2025-03-08T23:47:16.810+0000] {processor.py:186} INFO - Started process (PID=1290) to work on /home/airflow/.local/lib/python3.12/site-packages/airflow/example_dags/example_python_operator.py
[2025-03-08T23:47:16.811+0000] {processor.py:914} INFO - Processing file /home/airflow/.local/lib/python3.12/site-packages/airflow/example_dags/example_python_operator.py for tasks to queue
[2025-03-08T23:47:16.813+0000] {logging_mixin.py:190} INFO - [2025-03-08T23:47:16.813+0000] {dagbag.py:588} INFO - Filling up the DagBag from /home/airflow/.local/lib/python3.12/site-packages/airflow/example_dags/example_python_operator.py
[2025-03-08T23:47:16.820+0000] {processor.py:925} INFO - DAG(s) 'example_python_operator' retrieved from /home/airflow/.local/lib/python3.12/site-packages/airflow/example_dags/example_python_operator.py
[2025-03-08T23:47:16.837+0000] {logging_mixin.py:190} INFO - [2025-03-08T23:47:16.836+0000] {dag.py:3239} INFO - Sync 1 DAGs
[2025-03-08T23:47:16.847+0000] {logging_mixin.py:190} INFO - [2025-03-08T23:47:16.847+0000] {dag.py:4180} INFO - Setting next_dagrun for example_python_operator to None, run_after=None
[2025-03-08T23:47:16.862+0000] {processor.py:208} INFO - Processing /home/airflow/.local/lib/python3.12/site-packages/airflow/example_dags/example_python_operator.py took 0.056 seconds
[2025-03-08T23:47:47.597+0000] {processor.py:186} INFO - Started process (PID=1353) to work on /home/airflow/.local/lib/python3.12/site-packages/airflow/example_dags/example_python_operator.py
[2025-03-08T23:47:47.597+0000] {processor.py:914} INFO - Processing file /home/airflow/.local/lib/python3.12/site-packages/airflow/example_dags/example_python_operator.py for tasks to queue
[2025-03-08T23:47:47.599+0000] {logging_mixin.py:190} INFO - [2025-03-08T23:47:47.599+0000] {dagbag.py:588} INFO - Filling up the DagBag from /home/airflow/.local/lib/python3.12/site-packages/airflow/example_dags/example_python_operator.py
[2025-03-08T23:47:47.606+0000] {processor.py:925} INFO - DAG(s) 'example_python_operator' retrieved from /home/airflow/.local/lib/python3.12/site-packages/airflow/example_dags/example_python_operator.py
[2025-03-08T23:47:47.623+0000] {logging_mixin.py:190} INFO - [2025-03-08T23:47:47.623+0000] {dag.py:3239} INFO - Sync 1 DAGs
[2025-03-08T23:47:47.633+0000] {logging_mixin.py:190} INFO - [2025-03-08T23:47:47.633+0000] {dag.py:4180} INFO - Setting next_dagrun for example_python_operator to None, run_after=None
[2025-03-08T23:47:47.647+0000] {processor.py:208} INFO - Processing /home/airflow/.local/lib/python3.12/site-packages/airflow/example_dags/example_python_operator.py took 0.054 seconds
[2025-03-08T23:48:18.107+0000] {processor.py:186} INFO - Started process (PID=1415) to work on /home/airflow/.local/lib/python3.12/site-packages/airflow/example_dags/example_python_operator.py
[2025-03-08T23:48:18.107+0000] {processor.py:914} INFO - Processing file /home/airflow/.local/lib/python3.12/site-packages/airflow/example_dags/example_python_operator.py for tasks to queue
[2025-03-08T23:48:18.109+0000] {logging_mixin.py:190} INFO - [2025-03-08T23:48:18.109+0000] {dagbag.py:588} INFO - Filling up the DagBag from /home/airflow/.local/lib/python3.12/site-packages/airflow/example_dags/example_python_operator.py
[2025-03-08T23:48:18.116+0000] {processor.py:925} INFO - DAG(s) 'example_python_operator' retrieved from /home/airflow/.local/lib/python3.12/site-packages/airflow/example_dags/example_python_operator.py
[2025-03-08T23:48:18.133+0000] {logging_mixin.py:190} INFO - [2025-03-08T23:48:18.133+0000] {dag.py:3239} INFO - Sync 1 DAGs
[2025-03-08T23:48:18.144+0000] {logging_mixin.py:190} INFO - [2025-03-08T23:48:18.144+0000] {dag.py:4180} INFO - Setting next_dagrun for example_python_operator to None, run_after=None
[2025-03-08T23:48:18.158+0000] {processor.py:208} INFO - Processing /home/airflow/.local/lib/python3.12/site-packages/airflow/example_dags/example_python_operator.py took 0.055 seconds
[2025-03-08T23:48:48.933+0000] {processor.py:186} INFO - Started process (PID=1478) to work on /home/airflow/.local/lib/python3.12/site-packages/airflow/example_dags/example_python_operator.py
[2025-03-08T23:48:48.934+0000] {processor.py:914} INFO - Processing file /home/airflow/.local/lib/python3.12/site-packages/airflow/example_dags/example_python_operator.py for tasks to queue
[2025-03-08T23:48:48.937+0000] {logging_mixin.py:190} INFO - [2025-03-08T23:48:48.937+0000] {dagbag.py:588} INFO - Filling up the DagBag from /home/airflow/.local/lib/python3.12/site-packages/airflow/example_dags/example_python_operator.py
[2025-03-08T23:48:48.945+0000] {processor.py:925} INFO - DAG(s) 'example_python_operator' retrieved from /home/airflow/.local/lib/python3.12/site-packages/airflow/example_dags/example_python_operator.py
[2025-03-08T23:48:48.963+0000] {logging_mixin.py:190} INFO - [2025-03-08T23:48:48.963+0000] {dag.py:3239} INFO - Sync 1 DAGs
[2025-03-08T23:48:48.974+0000] {logging_mixin.py:190} INFO - [2025-03-08T23:48:48.974+0000] {dag.py:4180} INFO - Setting next_dagrun for example_python_operator to None, run_after=None
[2025-03-08T23:48:48.995+0000] {processor.py:208} INFO - Processing /home/airflow/.local/lib/python3.12/site-packages/airflow/example_dags/example_python_operator.py took 0.067 seconds
[2025-03-08T23:49:20.424+0000] {processor.py:186} INFO - Started process (PID=1542) to work on /home/airflow/.local/lib/python3.12/site-packages/airflow/example_dags/example_python_operator.py
[2025-03-08T23:49:20.425+0000] {processor.py:914} INFO - Processing file /home/airflow/.local/lib/python3.12/site-packages/airflow/example_dags/example_python_operator.py for tasks to queue
[2025-03-08T23:49:20.428+0000] {logging_mixin.py:190} INFO - [2025-03-08T23:49:20.427+0000] {dagbag.py:588} INFO - Filling up the DagBag from /home/airflow/.local/lib/python3.12/site-packages/airflow/example_dags/example_python_operator.py
[2025-03-08T23:49:20.437+0000] {processor.py:925} INFO - DAG(s) 'example_python_operator' retrieved from /home/airflow/.local/lib/python3.12/site-packages/airflow/example_dags/example_python_operator.py
[2025-03-08T23:49:20.457+0000] {logging_mixin.py:190} INFO - [2025-03-08T23:49:20.457+0000] {dag.py:3239} INFO - Sync 1 DAGs
[2025-03-08T23:49:20.471+0000] {logging_mixin.py:190} INFO - [2025-03-08T23:49:20.471+0000] {dag.py:4180} INFO - Setting next_dagrun for example_python_operator to None, run_after=None
[2025-03-08T23:49:20.490+0000] {processor.py:208} INFO - Processing /home/airflow/.local/lib/python3.12/site-packages/airflow/example_dags/example_python_operator.py took 0.070 seconds
[2025-03-08T23:49:51.685+0000] {processor.py:186} INFO - Started process (PID=1605) to work on /home/airflow/.local/lib/python3.12/site-packages/airflow/example_dags/example_python_operator.py
[2025-03-08T23:49:51.686+0000] {processor.py:914} INFO - Processing file /home/airflow/.local/lib/python3.12/site-packages/airflow/example_dags/example_python_operator.py for tasks to queue
[2025-03-08T23:49:51.689+0000] {logging_mixin.py:190} INFO - [2025-03-08T23:49:51.688+0000] {dagbag.py:588} INFO - Filling up the DagBag from /home/airflow/.local/lib/python3.12/site-packages/airflow/example_dags/example_python_operator.py
[2025-03-08T23:49:51.698+0000] {processor.py:925} INFO - DAG(s) 'example_python_operator' retrieved from /home/airflow/.local/lib/python3.12/site-packages/airflow/example_dags/example_python_operator.py
[2025-03-08T23:49:51.716+0000] {logging_mixin.py:190} INFO - [2025-03-08T23:49:51.716+0000] {dag.py:3239} INFO - Sync 1 DAGs
[2025-03-08T23:49:51.728+0000] {logging_mixin.py:190} INFO - [2025-03-08T23:49:51.728+0000] {dag.py:4180} INFO - Setting next_dagrun for example_python_operator to None, run_after=None
[2025-03-08T23:49:51.743+0000] {processor.py:208} INFO - Processing /home/airflow/.local/lib/python3.12/site-packages/airflow/example_dags/example_python_operator.py took 0.062 seconds
[2025-03-08T23:50:23.024+0000] {processor.py:186} INFO - Started process (PID=1668) to work on /home/airflow/.local/lib/python3.12/site-packages/airflow/example_dags/example_python_operator.py
[2025-03-08T23:50:23.024+0000] {processor.py:914} INFO - Processing file /home/airflow/.local/lib/python3.12/site-packages/airflow/example_dags/example_python_operator.py for tasks to queue
[2025-03-08T23:50:23.026+0000] {logging_mixin.py:190} INFO - [2025-03-08T23:50:23.026+0000] {dagbag.py:588} INFO - Filling up the DagBag from /home/airflow/.local/lib/python3.12/site-packages/airflow/example_dags/example_python_operator.py
[2025-03-08T23:50:23.035+0000] {processor.py:925} INFO - DAG(s) 'example_python_operator' retrieved from /home/airflow/.local/lib/python3.12/site-packages/airflow/example_dags/example_python_operator.py
[2025-03-08T23:50:23.052+0000] {logging_mixin.py:190} INFO - [2025-03-08T23:50:23.052+0000] {dag.py:3239} INFO - Sync 1 DAGs
[2025-03-08T23:50:23.063+0000] {logging_mixin.py:190} INFO - [2025-03-08T23:50:23.063+0000] {dag.py:4180} INFO - Setting next_dagrun for example_python_operator to None, run_after=None
[2025-03-08T23:50:23.080+0000] {processor.py:208} INFO - Processing /home/airflow/.local/lib/python3.12/site-packages/airflow/example_dags/example_python_operator.py took 0.061 seconds
[2025-03-08T23:50:53.967+0000] {processor.py:186} INFO - Started process (PID=1731) to work on /home/airflow/.local/lib/python3.12/site-packages/airflow/example_dags/example_python_operator.py
[2025-03-08T23:50:53.968+0000] {processor.py:914} INFO - Processing file /home/airflow/.local/lib/python3.12/site-packages/airflow/example_dags/example_python_operator.py for tasks to queue
[2025-03-08T23:50:53.970+0000] {logging_mixin.py:190} INFO - [2025-03-08T23:50:53.970+0000] {dagbag.py:588} INFO - Filling up the DagBag from /home/airflow/.local/lib/python3.12/site-packages/airflow/example_dags/example_python_operator.py
[2025-03-08T23:50:53.981+0000] {processor.py:925} INFO - DAG(s) 'example_python_operator' retrieved from /home/airflow/.local/lib/python3.12/site-packages/airflow/example_dags/example_python_operator.py
[2025-03-08T23:50:54.003+0000] {logging_mixin.py:190} INFO - [2025-03-08T23:50:54.003+0000] {dag.py:3239} INFO - Sync 1 DAGs
[2025-03-08T23:50:54.018+0000] {logging_mixin.py:190} INFO - [2025-03-08T23:50:54.017+0000] {dag.py:4180} INFO - Setting next_dagrun for example_python_operator to None, run_after=None
[2025-03-08T23:50:54.039+0000] {processor.py:208} INFO - Processing /home/airflow/.local/lib/python3.12/site-packages/airflow/example_dags/example_python_operator.py took 0.077 seconds
[2025-03-08T23:51:25.206+0000] {processor.py:186} INFO - Started process (PID=1794) to work on /home/airflow/.local/lib/python3.12/site-packages/airflow/example_dags/example_python_operator.py
[2025-03-08T23:51:25.207+0000] {processor.py:914} INFO - Processing file /home/airflow/.local/lib/python3.12/site-packages/airflow/example_dags/example_python_operator.py for tasks to queue
[2025-03-08T23:51:25.209+0000] {logging_mixin.py:190} INFO - [2025-03-08T23:51:25.209+0000] {dagbag.py:588} INFO - Filling up the DagBag from /home/airflow/.local/lib/python3.12/site-packages/airflow/example_dags/example_python_operator.py
[2025-03-08T23:51:25.216+0000] {processor.py:925} INFO - DAG(s) 'example_python_operator' retrieved from /home/airflow/.local/lib/python3.12/site-packages/airflow/example_dags/example_python_operator.py
[2025-03-08T23:51:25.233+0000] {logging_mixin.py:190} INFO - [2025-03-08T23:51:25.233+0000] {dag.py:3239} INFO - Sync 1 DAGs
[2025-03-08T23:51:25.243+0000] {logging_mixin.py:190} INFO - [2025-03-08T23:51:25.243+0000] {dag.py:4180} INFO - Setting next_dagrun for example_python_operator to None, run_after=None
[2025-03-08T23:51:25.255+0000] {processor.py:208} INFO - Processing /home/airflow/.local/lib/python3.12/site-packages/airflow/example_dags/example_python_operator.py took 0.053 seconds
[2025-03-08T23:51:56.013+0000] {processor.py:186} INFO - Started process (PID=1857) to work on /home/airflow/.local/lib/python3.12/site-packages/airflow/example_dags/example_python_operator.py
[2025-03-08T23:51:56.014+0000] {processor.py:914} INFO - Processing file /home/airflow/.local/lib/python3.12/site-packages/airflow/example_dags/example_python_operator.py for tasks to queue
[2025-03-08T23:51:56.016+0000] {logging_mixin.py:190} INFO - [2025-03-08T23:51:56.016+0000] {dagbag.py:588} INFO - Filling up the DagBag from /home/airflow/.local/lib/python3.12/site-packages/airflow/example_dags/example_python_operator.py
[2025-03-08T23:51:56.024+0000] {processor.py:925} INFO - DAG(s) 'example_python_operator' retrieved from /home/airflow/.local/lib/python3.12/site-packages/airflow/example_dags/example_python_operator.py
[2025-03-08T23:51:56.045+0000] {logging_mixin.py:190} INFO - [2025-03-08T23:51:56.045+0000] {dag.py:3239} INFO - Sync 1 DAGs
[2025-03-08T23:51:56.057+0000] {logging_mixin.py:190} INFO - [2025-03-08T23:51:56.057+0000] {dag.py:4180} INFO - Setting next_dagrun for example_python_operator to None, run_after=None
[2025-03-08T23:51:56.074+0000] {processor.py:208} INFO - Processing /home/airflow/.local/lib/python3.12/site-packages/airflow/example_dags/example_python_operator.py took 0.064 seconds
[2025-03-08T23:52:27.175+0000] {processor.py:186} INFO - Started process (PID=1920) to work on /home/airflow/.local/lib/python3.12/site-packages/airflow/example_dags/example_python_operator.py
[2025-03-08T23:52:27.176+0000] {processor.py:914} INFO - Processing file /home/airflow/.local/lib/python3.12/site-packages/airflow/example_dags/example_python_operator.py for tasks to queue
[2025-03-08T23:52:27.178+0000] {logging_mixin.py:190} INFO - [2025-03-08T23:52:27.178+0000] {dagbag.py:588} INFO - Filling up the DagBag from /home/airflow/.local/lib/python3.12/site-packages/airflow/example_dags/example_python_operator.py
[2025-03-08T23:52:27.187+0000] {processor.py:925} INFO - DAG(s) 'example_python_operator' retrieved from /home/airflow/.local/lib/python3.12/site-packages/airflow/example_dags/example_python_operator.py
[2025-03-08T23:52:27.208+0000] {logging_mixin.py:190} INFO - [2025-03-08T23:52:27.207+0000] {dag.py:3239} INFO - Sync 1 DAGs
[2025-03-08T23:52:27.219+0000] {logging_mixin.py:190} INFO - [2025-03-08T23:52:27.218+0000] {dag.py:4180} INFO - Setting next_dagrun for example_python_operator to None, run_after=None
[2025-03-08T23:52:27.235+0000] {processor.py:208} INFO - Processing /home/airflow/.local/lib/python3.12/site-packages/airflow/example_dags/example_python_operator.py took 0.064 seconds
[2025-03-08T23:52:58.094+0000] {processor.py:186} INFO - Started process (PID=1983) to work on /home/airflow/.local/lib/python3.12/site-packages/airflow/example_dags/example_python_operator.py
[2025-03-08T23:52:58.095+0000] {processor.py:914} INFO - Processing file /home/airflow/.local/lib/python3.12/site-packages/airflow/example_dags/example_python_operator.py for tasks to queue
[2025-03-08T23:52:58.097+0000] {logging_mixin.py:190} INFO - [2025-03-08T23:52:58.097+0000] {dagbag.py:588} INFO - Filling up the DagBag from /home/airflow/.local/lib/python3.12/site-packages/airflow/example_dags/example_python_operator.py
[2025-03-08T23:52:58.104+0000] {processor.py:925} INFO - DAG(s) 'example_python_operator' retrieved from /home/airflow/.local/lib/python3.12/site-packages/airflow/example_dags/example_python_operator.py
[2025-03-08T23:52:58.120+0000] {logging_mixin.py:190} INFO - [2025-03-08T23:52:58.120+0000] {dag.py:3239} INFO - Sync 1 DAGs
[2025-03-08T23:52:58.130+0000] {logging_mixin.py:190} INFO - [2025-03-08T23:52:58.130+0000] {dag.py:4180} INFO - Setting next_dagrun for example_python_operator to None, run_after=None
[2025-03-08T23:52:58.143+0000] {processor.py:208} INFO - Processing /home/airflow/.local/lib/python3.12/site-packages/airflow/example_dags/example_python_operator.py took 0.052 seconds
[2025-03-08T23:53:28.861+0000] {processor.py:186} INFO - Started process (PID=2046) to work on /home/airflow/.local/lib/python3.12/site-packages/airflow/example_dags/example_python_operator.py
[2025-03-08T23:53:28.862+0000] {processor.py:914} INFO - Processing file /home/airflow/.local/lib/python3.12/site-packages/airflow/example_dags/example_python_operator.py for tasks to queue
[2025-03-08T23:53:28.864+0000] {logging_mixin.py:190} INFO - [2025-03-08T23:53:28.864+0000] {dagbag.py:588} INFO - Filling up the DagBag from /home/airflow/.local/lib/python3.12/site-packages/airflow/example_dags/example_python_operator.py
[2025-03-08T23:53:28.872+0000] {processor.py:925} INFO - DAG(s) 'example_python_operator' retrieved from /home/airflow/.local/lib/python3.12/site-packages/airflow/example_dags/example_python_operator.py
[2025-03-08T23:53:28.889+0000] {logging_mixin.py:190} INFO - [2025-03-08T23:53:28.889+0000] {dag.py:3239} INFO - Sync 1 DAGs
[2025-03-08T23:53:28.900+0000] {logging_mixin.py:190} INFO - [2025-03-08T23:53:28.900+0000] {dag.py:4180} INFO - Setting next_dagrun for example_python_operator to None, run_after=None
[2025-03-08T23:53:28.912+0000] {processor.py:208} INFO - Processing /home/airflow/.local/lib/python3.12/site-packages/airflow/example_dags/example_python_operator.py took 0.055 seconds
[2025-03-08T23:54:00.127+0000] {processor.py:186} INFO - Started process (PID=2115) to work on /home/airflow/.local/lib/python3.12/site-packages/airflow/example_dags/example_python_operator.py
[2025-03-08T23:54:00.128+0000] {processor.py:914} INFO - Processing file /home/airflow/.local/lib/python3.12/site-packages/airflow/example_dags/example_python_operator.py for tasks to queue
[2025-03-08T23:54:00.130+0000] {logging_mixin.py:190} INFO - [2025-03-08T23:54:00.130+0000] {dagbag.py:588} INFO - Filling up the DagBag from /home/airflow/.local/lib/python3.12/site-packages/airflow/example_dags/example_python_operator.py
[2025-03-08T23:54:00.138+0000] {processor.py:925} INFO - DAG(s) 'example_python_operator' retrieved from /home/airflow/.local/lib/python3.12/site-packages/airflow/example_dags/example_python_operator.py
[2025-03-08T23:54:00.155+0000] {logging_mixin.py:190} INFO - [2025-03-08T23:54:00.155+0000] {dag.py:3239} INFO - Sync 1 DAGs
[2025-03-08T23:54:00.165+0000] {logging_mixin.py:190} INFO - [2025-03-08T23:54:00.165+0000] {dag.py:4180} INFO - Setting next_dagrun for example_python_operator to None, run_after=None
[2025-03-08T23:54:00.181+0000] {processor.py:208} INFO - Processing /home/airflow/.local/lib/python3.12/site-packages/airflow/example_dags/example_python_operator.py took 0.058 seconds
[2025-03-08T23:54:31.395+0000] {processor.py:186} INFO - Started process (PID=2178) to work on /home/airflow/.local/lib/python3.12/site-packages/airflow/example_dags/example_python_operator.py
[2025-03-08T23:54:31.396+0000] {processor.py:914} INFO - Processing file /home/airflow/.local/lib/python3.12/site-packages/airflow/example_dags/example_python_operator.py for tasks to queue
[2025-03-08T23:54:31.398+0000] {logging_mixin.py:190} INFO - [2025-03-08T23:54:31.398+0000] {dagbag.py:588} INFO - Filling up the DagBag from /home/airflow/.local/lib/python3.12/site-packages/airflow/example_dags/example_python_operator.py
[2025-03-08T23:54:31.407+0000] {processor.py:925} INFO - DAG(s) 'example_python_operator' retrieved from /home/airflow/.local/lib/python3.12/site-packages/airflow/example_dags/example_python_operator.py
[2025-03-08T23:54:31.427+0000] {logging_mixin.py:190} INFO - [2025-03-08T23:54:31.426+0000] {dag.py:3239} INFO - Sync 1 DAGs
[2025-03-08T23:54:31.440+0000] {logging_mixin.py:190} INFO - [2025-03-08T23:54:31.440+0000] {dag.py:4180} INFO - Setting next_dagrun for example_python_operator to None, run_after=None
[2025-03-08T23:54:31.459+0000] {processor.py:208} INFO - Processing /home/airflow/.local/lib/python3.12/site-packages/airflow/example_dags/example_python_operator.py took 0.068 seconds
[2025-03-08T23:55:01.997+0000] {processor.py:186} INFO - Started process (PID=2241) to work on /home/airflow/.local/lib/python3.12/site-packages/airflow/example_dags/example_python_operator.py
[2025-03-08T23:55:01.998+0000] {processor.py:914} INFO - Processing file /home/airflow/.local/lib/python3.12/site-packages/airflow/example_dags/example_python_operator.py for tasks to queue
[2025-03-08T23:55:02.000+0000] {logging_mixin.py:190} INFO - [2025-03-08T23:55:02.000+0000] {dagbag.py:588} INFO - Filling up the DagBag from /home/airflow/.local/lib/python3.12/site-packages/airflow/example_dags/example_python_operator.py
[2025-03-08T23:55:02.009+0000] {processor.py:925} INFO - DAG(s) 'example_python_operator' retrieved from /home/airflow/.local/lib/python3.12/site-packages/airflow/example_dags/example_python_operator.py
[2025-03-08T23:55:02.027+0000] {logging_mixin.py:190} INFO - [2025-03-08T23:55:02.026+0000] {dag.py:3239} INFO - Sync 1 DAGs
[2025-03-08T23:55:02.038+0000] {logging_mixin.py:190} INFO - [2025-03-08T23:55:02.038+0000] {dag.py:4180} INFO - Setting next_dagrun for example_python_operator to None, run_after=None
[2025-03-08T23:55:02.054+0000] {processor.py:208} INFO - Processing /home/airflow/.local/lib/python3.12/site-packages/airflow/example_dags/example_python_operator.py took 0.061 seconds
[2025-03-08T23:55:33.231+0000] {processor.py:186} INFO - Started process (PID=2304) to work on /home/airflow/.local/lib/python3.12/site-packages/airflow/example_dags/example_python_operator.py
[2025-03-08T23:55:33.232+0000] {processor.py:914} INFO - Processing file /home/airflow/.local/lib/python3.12/site-packages/airflow/example_dags/example_python_operator.py for tasks to queue
[2025-03-08T23:55:33.234+0000] {logging_mixin.py:190} INFO - [2025-03-08T23:55:33.233+0000] {dagbag.py:588} INFO - Filling up the DagBag from /home/airflow/.local/lib/python3.12/site-packages/airflow/example_dags/example_python_operator.py
[2025-03-08T23:55:33.245+0000] {processor.py:925} INFO - DAG(s) 'example_python_operator' retrieved from /home/airflow/.local/lib/python3.12/site-packages/airflow/example_dags/example_python_operator.py
[2025-03-08T23:55:33.267+0000] {logging_mixin.py:190} INFO - [2025-03-08T23:55:33.267+0000] {dag.py:3239} INFO - Sync 1 DAGs
[2025-03-08T23:55:33.280+0000] {logging_mixin.py:190} INFO - [2025-03-08T23:55:33.280+0000] {dag.py:4180} INFO - Setting next_dagrun for example_python_operator to None, run_after=None
[2025-03-08T23:55:33.298+0000] {processor.py:208} INFO - Processing /home/airflow/.local/lib/python3.12/site-packages/airflow/example_dags/example_python_operator.py took 0.071 seconds
[2025-03-08T23:56:04.460+0000] {processor.py:186} INFO - Started process (PID=2367) to work on /home/airflow/.local/lib/python3.12/site-packages/airflow/example_dags/example_python_operator.py
[2025-03-08T23:56:04.461+0000] {processor.py:914} INFO - Processing file /home/airflow/.local/lib/python3.12/site-packages/airflow/example_dags/example_python_operator.py for tasks to queue
[2025-03-08T23:56:04.463+0000] {logging_mixin.py:190} INFO - [2025-03-08T23:56:04.463+0000] {dagbag.py:588} INFO - Filling up the DagBag from /home/airflow/.local/lib/python3.12/site-packages/airflow/example_dags/example_python_operator.py
[2025-03-08T23:56:04.474+0000] {processor.py:925} INFO - DAG(s) 'example_python_operator' retrieved from /home/airflow/.local/lib/python3.12/site-packages/airflow/example_dags/example_python_operator.py
[2025-03-08T23:56:04.494+0000] {logging_mixin.py:190} INFO - [2025-03-08T23:56:04.494+0000] {dag.py:3239} INFO - Sync 1 DAGs
[2025-03-08T23:56:04.505+0000] {logging_mixin.py:190} INFO - [2025-03-08T23:56:04.505+0000] {dag.py:4180} INFO - Setting next_dagrun for example_python_operator to None, run_after=None
[2025-03-08T23:56:04.517+0000] {processor.py:208} INFO - Processing /home/airflow/.local/lib/python3.12/site-packages/airflow/example_dags/example_python_operator.py took 0.060 seconds
[2025-03-08T23:56:36.181+0000] {processor.py:186} INFO - Started process (PID=2430) to work on /home/airflow/.local/lib/python3.12/site-packages/airflow/example_dags/example_python_operator.py
[2025-03-08T23:56:36.182+0000] {processor.py:914} INFO - Processing file /home/airflow/.local/lib/python3.12/site-packages/airflow/example_dags/example_python_operator.py for tasks to queue
[2025-03-08T23:56:36.183+0000] {logging_mixin.py:190} INFO - [2025-03-08T23:56:36.183+0000] {dagbag.py:588} INFO - Filling up the DagBag from /home/airflow/.local/lib/python3.12/site-packages/airflow/example_dags/example_python_operator.py
[2025-03-08T23:56:36.192+0000] {processor.py:925} INFO - DAG(s) 'example_python_operator' retrieved from /home/airflow/.local/lib/python3.12/site-packages/airflow/example_dags/example_python_operator.py
[2025-03-08T23:56:36.211+0000] {logging_mixin.py:190} INFO - [2025-03-08T23:56:36.211+0000] {dag.py:3239} INFO - Sync 1 DAGs
[2025-03-08T23:56:36.222+0000] {logging_mixin.py:190} INFO - [2025-03-08T23:56:36.222+0000] {dag.py:4180} INFO - Setting next_dagrun for example_python_operator to None, run_after=None
[2025-03-08T23:56:36.237+0000] {processor.py:208} INFO - Processing /home/airflow/.local/lib/python3.12/site-packages/airflow/example_dags/example_python_operator.py took 0.061 seconds
[2025-03-08T23:57:07.071+0000] {processor.py:186} INFO - Started process (PID=2493) to work on /home/airflow/.local/lib/python3.12/site-packages/airflow/example_dags/example_python_operator.py
[2025-03-08T23:57:07.072+0000] {processor.py:914} INFO - Processing file /home/airflow/.local/lib/python3.12/site-packages/airflow/example_dags/example_python_operator.py for tasks to queue
[2025-03-08T23:57:07.073+0000] {logging_mixin.py:190} INFO - [2025-03-08T23:57:07.073+0000] {dagbag.py:588} INFO - Filling up the DagBag from /home/airflow/.local/lib/python3.12/site-packages/airflow/example_dags/example_python_operator.py
[2025-03-08T23:57:07.082+0000] {processor.py:925} INFO - DAG(s) 'example_python_operator' retrieved from /home/airflow/.local/lib/python3.12/site-packages/airflow/example_dags/example_python_operator.py
[2025-03-08T23:57:07.099+0000] {logging_mixin.py:190} INFO - [2025-03-08T23:57:07.099+0000] {dag.py:3239} INFO - Sync 1 DAGs
[2025-03-08T23:57:07.109+0000] {logging_mixin.py:190} INFO - [2025-03-08T23:57:07.109+0000] {dag.py:4180} INFO - Setting next_dagrun for example_python_operator to None, run_after=None
[2025-03-08T23:57:07.123+0000] {processor.py:208} INFO - Processing /home/airflow/.local/lib/python3.12/site-packages/airflow/example_dags/example_python_operator.py took 0.056 seconds
[2025-03-08T23:57:38.169+0000] {processor.py:186} INFO - Started process (PID=2556) to work on /home/airflow/.local/lib/python3.12/site-packages/airflow/example_dags/example_python_operator.py
[2025-03-08T23:57:38.169+0000] {processor.py:914} INFO - Processing file /home/airflow/.local/lib/python3.12/site-packages/airflow/example_dags/example_python_operator.py for tasks to queue
[2025-03-08T23:57:38.171+0000] {logging_mixin.py:190} INFO - [2025-03-08T23:57:38.171+0000] {dagbag.py:588} INFO - Filling up the DagBag from /home/airflow/.local/lib/python3.12/site-packages/airflow/example_dags/example_python_operator.py
[2025-03-08T23:57:38.179+0000] {processor.py:925} INFO - DAG(s) 'example_python_operator' retrieved from /home/airflow/.local/lib/python3.12/site-packages/airflow/example_dags/example_python_operator.py
[2025-03-08T23:57:38.197+0000] {logging_mixin.py:190} INFO - [2025-03-08T23:57:38.196+0000] {dag.py:3239} INFO - Sync 1 DAGs
[2025-03-08T23:57:38.208+0000] {logging_mixin.py:190} INFO - [2025-03-08T23:57:38.207+0000] {dag.py:4180} INFO - Setting next_dagrun for example_python_operator to None, run_after=None
[2025-03-08T23:57:38.221+0000] {processor.py:208} INFO - Processing /home/airflow/.local/lib/python3.12/site-packages/airflow/example_dags/example_python_operator.py took 0.057 seconds
[2025-03-08T23:58:09.543+0000] {processor.py:186} INFO - Started process (PID=2619) to work on /home/airflow/.local/lib/python3.12/site-packages/airflow/example_dags/example_python_operator.py
[2025-03-08T23:58:09.544+0000] {processor.py:914} INFO - Processing file /home/airflow/.local/lib/python3.12/site-packages/airflow/example_dags/example_python_operator.py for tasks to queue
[2025-03-08T23:58:09.546+0000] {logging_mixin.py:190} INFO - [2025-03-08T23:58:09.546+0000] {dagbag.py:588} INFO - Filling up the DagBag from /home/airflow/.local/lib/python3.12/site-packages/airflow/example_dags/example_python_operator.py
[2025-03-08T23:58:09.556+0000] {processor.py:925} INFO - DAG(s) 'example_python_operator' retrieved from /home/airflow/.local/lib/python3.12/site-packages/airflow/example_dags/example_python_operator.py
[2025-03-08T23:58:09.574+0000] {logging_mixin.py:190} INFO - [2025-03-08T23:58:09.574+0000] {dag.py:3239} INFO - Sync 1 DAGs
[2025-03-08T23:58:09.585+0000] {logging_mixin.py:190} INFO - [2025-03-08T23:58:09.585+0000] {dag.py:4180} INFO - Setting next_dagrun for example_python_operator to None, run_after=None
[2025-03-08T23:58:09.599+0000] {processor.py:208} INFO - Processing /home/airflow/.local/lib/python3.12/site-packages/airflow/example_dags/example_python_operator.py took 0.060 seconds
