[2025-03-08T22:35:43.048+0000] {processor.py:186} INFO - Started process (PID=63) to work on /home/airflow/.local/lib/python3.12/site-packages/airflow/example_dags/example_branch_day_of_week_operator.py
[2025-03-08T22:35:43.048+0000] {processor.py:914} INFO - Processing file /home/airflow/.local/lib/python3.12/site-packages/airflow/example_dags/example_branch_day_of_week_operator.py for tasks to queue
[2025-03-08T22:35:43.050+0000] {logging_mixin.py:190} INFO - [2025-03-08T22:35:43.050+0000] {dagbag.py:588} INFO - Filling up the DagBag from /home/airflow/.local/lib/python3.12/site-packages/airflow/example_dags/example_branch_day_of_week_operator.py
[2025-03-08T22:35:43.059+0000] {processor.py:925} INFO - DAG(s) 'example_weekday_branch_operator' retrieved from /home/airflow/.local/lib/python3.12/site-packages/airflow/example_dags/example_branch_day_of_week_operator.py
[2025-03-08T22:35:43.154+0000] {logging_mixin.py:190} INFO - [2025-03-08T22:35:43.154+0000] {override.py:1912} INFO - Created Permission View: can edit on DAG:example_weekday_branch_operator
[2025-03-08T22:35:43.164+0000] {logging_mixin.py:190} INFO - [2025-03-08T22:35:43.163+0000] {override.py:1912} INFO - Created Permission View: can read on DAG:example_weekday_branch_operator
[2025-03-08T22:35:43.170+0000] {logging_mixin.py:190} INFO - [2025-03-08T22:35:43.169+0000] {override.py:1912} INFO - Created Permission View: can delete on DAG:example_weekday_branch_operator
[2025-03-08T22:35:43.177+0000] {logging_mixin.py:190} INFO - [2025-03-08T22:35:43.177+0000] {override.py:1912} INFO - Created Permission View: menu access on DAG Run:example_weekday_branch_operator
[2025-03-08T22:35:43.184+0000] {logging_mixin.py:190} INFO - [2025-03-08T22:35:43.184+0000] {override.py:1912} INFO - Created Permission View: can delete on DAG Run:example_weekday_branch_operator
[2025-03-08T22:35:43.190+0000] {logging_mixin.py:190} INFO - [2025-03-08T22:35:43.190+0000] {override.py:1912} INFO - Created Permission View: can read on DAG Run:example_weekday_branch_operator
[2025-03-08T22:35:43.196+0000] {logging_mixin.py:190} INFO - [2025-03-08T22:35:43.196+0000] {override.py:1912} INFO - Created Permission View: can create on DAG Run:example_weekday_branch_operator
[2025-03-08T22:35:43.197+0000] {logging_mixin.py:190} INFO - [2025-03-08T22:35:43.197+0000] {dag.py:3239} INFO - Sync 1 DAGs
[2025-03-08T22:35:43.207+0000] {logging_mixin.py:190} INFO - [2025-03-08T22:35:43.207+0000] {dag.py:3262} INFO - Creating ORM DAG for example_weekday_branch_operator
[2025-03-08T22:35:43.219+0000] {logging_mixin.py:190} INFO - [2025-03-08T22:35:43.219+0000] {dag.py:4180} INFO - Setting next_dagrun for example_weekday_branch_operator to 2025-03-07 00:00:00+00:00, run_after=2025-03-08 00:00:00+00:00
[2025-03-08T22:35:43.234+0000] {processor.py:208} INFO - Processing /home/airflow/.local/lib/python3.12/site-packages/airflow/example_dags/example_branch_day_of_week_operator.py took 0.191 seconds
[2025-03-08T22:36:13.982+0000] {processor.py:186} INFO - Started process (PID=126) to work on /home/airflow/.local/lib/python3.12/site-packages/airflow/example_dags/example_branch_day_of_week_operator.py
[2025-03-08T22:36:13.983+0000] {processor.py:914} INFO - Processing file /home/airflow/.local/lib/python3.12/site-packages/airflow/example_dags/example_branch_day_of_week_operator.py for tasks to queue
[2025-03-08T22:36:13.984+0000] {logging_mixin.py:190} INFO - [2025-03-08T22:36:13.984+0000] {dagbag.py:588} INFO - Filling up the DagBag from /home/airflow/.local/lib/python3.12/site-packages/airflow/example_dags/example_branch_day_of_week_operator.py
[2025-03-08T22:36:13.991+0000] {processor.py:925} INFO - DAG(s) 'example_weekday_branch_operator' retrieved from /home/airflow/.local/lib/python3.12/site-packages/airflow/example_dags/example_branch_day_of_week_operator.py
[2025-03-08T22:36:14.006+0000] {logging_mixin.py:190} INFO - [2025-03-08T22:36:14.006+0000] {dag.py:3239} INFO - Sync 1 DAGs
[2025-03-08T22:36:14.025+0000] {logging_mixin.py:190} INFO - [2025-03-08T22:36:14.024+0000] {dag.py:4180} INFO - Setting next_dagrun for example_weekday_branch_operator to 2025-03-07 00:00:00+00:00, run_after=2025-03-08 00:00:00+00:00
[2025-03-08T22:36:14.042+0000] {processor.py:208} INFO - Processing /home/airflow/.local/lib/python3.12/site-packages/airflow/example_dags/example_branch_day_of_week_operator.py took 0.063 seconds
[2025-03-08T22:36:44.714+0000] {processor.py:186} INFO - Started process (PID=189) to work on /home/airflow/.local/lib/python3.12/site-packages/airflow/example_dags/example_branch_day_of_week_operator.py
[2025-03-08T22:36:44.715+0000] {processor.py:914} INFO - Processing file /home/airflow/.local/lib/python3.12/site-packages/airflow/example_dags/example_branch_day_of_week_operator.py for tasks to queue
[2025-03-08T22:36:44.718+0000] {logging_mixin.py:190} INFO - [2025-03-08T22:36:44.717+0000] {dagbag.py:588} INFO - Filling up the DagBag from /home/airflow/.local/lib/python3.12/site-packages/airflow/example_dags/example_branch_day_of_week_operator.py
[2025-03-08T22:36:44.725+0000] {processor.py:925} INFO - DAG(s) 'example_weekday_branch_operator' retrieved from /home/airflow/.local/lib/python3.12/site-packages/airflow/example_dags/example_branch_day_of_week_operator.py
[2025-03-08T22:36:44.746+0000] {logging_mixin.py:190} INFO - [2025-03-08T22:36:44.746+0000] {dag.py:3239} INFO - Sync 1 DAGs
[2025-03-08T22:36:44.769+0000] {logging_mixin.py:190} INFO - [2025-03-08T22:36:44.769+0000] {dag.py:4180} INFO - Setting next_dagrun for example_weekday_branch_operator to 2025-03-07 00:00:00+00:00, run_after=2025-03-08 00:00:00+00:00
[2025-03-08T22:36:44.788+0000] {processor.py:208} INFO - Processing /home/airflow/.local/lib/python3.12/site-packages/airflow/example_dags/example_branch_day_of_week_operator.py took 0.080 seconds
[2025-03-08T22:37:15.462+0000] {processor.py:186} INFO - Started process (PID=252) to work on /home/airflow/.local/lib/python3.12/site-packages/airflow/example_dags/example_branch_day_of_week_operator.py
[2025-03-08T22:37:15.462+0000] {processor.py:914} INFO - Processing file /home/airflow/.local/lib/python3.12/site-packages/airflow/example_dags/example_branch_day_of_week_operator.py for tasks to queue
[2025-03-08T22:37:15.464+0000] {logging_mixin.py:190} INFO - [2025-03-08T22:37:15.464+0000] {dagbag.py:588} INFO - Filling up the DagBag from /home/airflow/.local/lib/python3.12/site-packages/airflow/example_dags/example_branch_day_of_week_operator.py
[2025-03-08T22:37:15.470+0000] {processor.py:925} INFO - DAG(s) 'example_weekday_branch_operator' retrieved from /home/airflow/.local/lib/python3.12/site-packages/airflow/example_dags/example_branch_day_of_week_operator.py
[2025-03-08T22:37:15.485+0000] {logging_mixin.py:190} INFO - [2025-03-08T22:37:15.484+0000] {dag.py:3239} INFO - Sync 1 DAGs
[2025-03-08T22:37:15.501+0000] {logging_mixin.py:190} INFO - [2025-03-08T22:37:15.501+0000] {dag.py:4180} INFO - Setting next_dagrun for example_weekday_branch_operator to 2025-03-07 00:00:00+00:00, run_after=2025-03-08 00:00:00+00:00
[2025-03-08T22:37:15.515+0000] {processor.py:208} INFO - Processing /home/airflow/.local/lib/python3.12/site-packages/airflow/example_dags/example_branch_day_of_week_operator.py took 0.057 seconds
[2025-03-08T22:37:46.063+0000] {processor.py:186} INFO - Started process (PID=315) to work on /home/airflow/.local/lib/python3.12/site-packages/airflow/example_dags/example_branch_day_of_week_operator.py
[2025-03-08T22:37:46.064+0000] {processor.py:914} INFO - Processing file /home/airflow/.local/lib/python3.12/site-packages/airflow/example_dags/example_branch_day_of_week_operator.py for tasks to queue
[2025-03-08T22:37:46.066+0000] {logging_mixin.py:190} INFO - [2025-03-08T22:37:46.066+0000] {dagbag.py:588} INFO - Filling up the DagBag from /home/airflow/.local/lib/python3.12/site-packages/airflow/example_dags/example_branch_day_of_week_operator.py
[2025-03-08T22:37:46.073+0000] {processor.py:925} INFO - DAG(s) 'example_weekday_branch_operator' retrieved from /home/airflow/.local/lib/python3.12/site-packages/airflow/example_dags/example_branch_day_of_week_operator.py
[2025-03-08T22:37:46.092+0000] {logging_mixin.py:190} INFO - [2025-03-08T22:37:46.092+0000] {dag.py:3239} INFO - Sync 1 DAGs
[2025-03-08T22:37:46.109+0000] {logging_mixin.py:190} INFO - [2025-03-08T22:37:46.109+0000] {dag.py:4180} INFO - Setting next_dagrun for example_weekday_branch_operator to 2025-03-07 00:00:00+00:00, run_after=2025-03-08 00:00:00+00:00
[2025-03-08T22:37:46.122+0000] {processor.py:208} INFO - Processing /home/airflow/.local/lib/python3.12/site-packages/airflow/example_dags/example_branch_day_of_week_operator.py took 0.066 seconds
[2025-03-08T22:38:16.285+0000] {processor.py:186} INFO - Started process (PID=378) to work on /home/airflow/.local/lib/python3.12/site-packages/airflow/example_dags/example_branch_day_of_week_operator.py
[2025-03-08T22:38:16.286+0000] {processor.py:914} INFO - Processing file /home/airflow/.local/lib/python3.12/site-packages/airflow/example_dags/example_branch_day_of_week_operator.py for tasks to queue
[2025-03-08T22:38:16.288+0000] {logging_mixin.py:190} INFO - [2025-03-08T22:38:16.288+0000] {dagbag.py:588} INFO - Filling up the DagBag from /home/airflow/.local/lib/python3.12/site-packages/airflow/example_dags/example_branch_day_of_week_operator.py
[2025-03-08T22:38:16.294+0000] {processor.py:925} INFO - DAG(s) 'example_weekday_branch_operator' retrieved from /home/airflow/.local/lib/python3.12/site-packages/airflow/example_dags/example_branch_day_of_week_operator.py
[2025-03-08T22:38:16.312+0000] {logging_mixin.py:190} INFO - [2025-03-08T22:38:16.312+0000] {dag.py:3239} INFO - Sync 1 DAGs
[2025-03-08T22:38:16.331+0000] {logging_mixin.py:190} INFO - [2025-03-08T22:38:16.331+0000] {dag.py:4180} INFO - Setting next_dagrun for example_weekday_branch_operator to 2025-03-07 00:00:00+00:00, run_after=2025-03-08 00:00:00+00:00
[2025-03-08T22:38:16.348+0000] {processor.py:208} INFO - Processing /home/airflow/.local/lib/python3.12/site-packages/airflow/example_dags/example_branch_day_of_week_operator.py took 0.068 seconds
[2025-03-08T22:38:46.638+0000] {processor.py:186} INFO - Started process (PID=441) to work on /home/airflow/.local/lib/python3.12/site-packages/airflow/example_dags/example_branch_day_of_week_operator.py
[2025-03-08T22:38:46.639+0000] {processor.py:914} INFO - Processing file /home/airflow/.local/lib/python3.12/site-packages/airflow/example_dags/example_branch_day_of_week_operator.py for tasks to queue
[2025-03-08T22:38:46.641+0000] {logging_mixin.py:190} INFO - [2025-03-08T22:38:46.641+0000] {dagbag.py:588} INFO - Filling up the DagBag from /home/airflow/.local/lib/python3.12/site-packages/airflow/example_dags/example_branch_day_of_week_operator.py
[2025-03-08T22:38:46.647+0000] {processor.py:925} INFO - DAG(s) 'example_weekday_branch_operator' retrieved from /home/airflow/.local/lib/python3.12/site-packages/airflow/example_dags/example_branch_day_of_week_operator.py
[2025-03-08T22:38:46.661+0000] {logging_mixin.py:190} INFO - [2025-03-08T22:38:46.661+0000] {dag.py:3239} INFO - Sync 1 DAGs
[2025-03-08T22:38:46.678+0000] {logging_mixin.py:190} INFO - [2025-03-08T22:38:46.678+0000] {dag.py:4180} INFO - Setting next_dagrun for example_weekday_branch_operator to 2025-03-07 00:00:00+00:00, run_after=2025-03-08 00:00:00+00:00
[2025-03-08T22:38:46.694+0000] {processor.py:208} INFO - Processing /home/airflow/.local/lib/python3.12/site-packages/airflow/example_dags/example_branch_day_of_week_operator.py took 0.060 seconds
[2025-03-08T22:39:17.121+0000] {processor.py:186} INFO - Started process (PID=504) to work on /home/airflow/.local/lib/python3.12/site-packages/airflow/example_dags/example_branch_day_of_week_operator.py
[2025-03-08T22:39:17.122+0000] {processor.py:914} INFO - Processing file /home/airflow/.local/lib/python3.12/site-packages/airflow/example_dags/example_branch_day_of_week_operator.py for tasks to queue
[2025-03-08T22:39:17.125+0000] {logging_mixin.py:190} INFO - [2025-03-08T22:39:17.125+0000] {dagbag.py:588} INFO - Filling up the DagBag from /home/airflow/.local/lib/python3.12/site-packages/airflow/example_dags/example_branch_day_of_week_operator.py
[2025-03-08T22:39:17.132+0000] {processor.py:925} INFO - DAG(s) 'example_weekday_branch_operator' retrieved from /home/airflow/.local/lib/python3.12/site-packages/airflow/example_dags/example_branch_day_of_week_operator.py
[2025-03-08T22:39:17.148+0000] {logging_mixin.py:190} INFO - [2025-03-08T22:39:17.147+0000] {dag.py:3239} INFO - Sync 1 DAGs
[2025-03-08T22:39:17.168+0000] {logging_mixin.py:190} INFO - [2025-03-08T22:39:17.168+0000] {dag.py:4180} INFO - Setting next_dagrun for example_weekday_branch_operator to 2025-03-07 00:00:00+00:00, run_after=2025-03-08 00:00:00+00:00
[2025-03-08T22:39:17.187+0000] {processor.py:208} INFO - Processing /home/airflow/.local/lib/python3.12/site-packages/airflow/example_dags/example_branch_day_of_week_operator.py took 0.070 seconds
[2025-03-08T23:37:24.153+0000] {processor.py:186} INFO - Started process (PID=63) to work on /home/airflow/.local/lib/python3.12/site-packages/airflow/example_dags/example_branch_day_of_week_operator.py
[2025-03-08T23:37:24.154+0000] {processor.py:914} INFO - Processing file /home/airflow/.local/lib/python3.12/site-packages/airflow/example_dags/example_branch_day_of_week_operator.py for tasks to queue
[2025-03-08T23:37:24.156+0000] {logging_mixin.py:190} INFO - [2025-03-08T23:37:24.155+0000] {dagbag.py:588} INFO - Filling up the DagBag from /home/airflow/.local/lib/python3.12/site-packages/airflow/example_dags/example_branch_day_of_week_operator.py
[2025-03-08T23:37:24.164+0000] {processor.py:925} INFO - DAG(s) 'example_weekday_branch_operator' retrieved from /home/airflow/.local/lib/python3.12/site-packages/airflow/example_dags/example_branch_day_of_week_operator.py
[2025-03-08T23:37:24.184+0000] {logging_mixin.py:190} INFO - [2025-03-08T23:37:24.184+0000] {dag.py:3239} INFO - Sync 1 DAGs
[2025-03-08T23:37:24.206+0000] {logging_mixin.py:190} INFO - [2025-03-08T23:37:24.205+0000] {dag.py:4180} INFO - Setting next_dagrun for example_weekday_branch_operator to 2025-03-07 00:00:00+00:00, run_after=2025-03-08 00:00:00+00:00
[2025-03-08T23:37:24.230+0000] {processor.py:208} INFO - Processing /home/airflow/.local/lib/python3.12/site-packages/airflow/example_dags/example_branch_day_of_week_operator.py took 0.081 seconds
[2025-03-08T23:37:54.557+0000] {processor.py:186} INFO - Started process (PID=126) to work on /home/airflow/.local/lib/python3.12/site-packages/airflow/example_dags/example_branch_day_of_week_operator.py
[2025-03-08T23:37:54.558+0000] {processor.py:914} INFO - Processing file /home/airflow/.local/lib/python3.12/site-packages/airflow/example_dags/example_branch_day_of_week_operator.py for tasks to queue
[2025-03-08T23:37:54.560+0000] {logging_mixin.py:190} INFO - [2025-03-08T23:37:54.560+0000] {dagbag.py:588} INFO - Filling up the DagBag from /home/airflow/.local/lib/python3.12/site-packages/airflow/example_dags/example_branch_day_of_week_operator.py
[2025-03-08T23:37:54.568+0000] {processor.py:925} INFO - DAG(s) 'example_weekday_branch_operator' retrieved from /home/airflow/.local/lib/python3.12/site-packages/airflow/example_dags/example_branch_day_of_week_operator.py
[2025-03-08T23:37:54.589+0000] {logging_mixin.py:190} INFO - [2025-03-08T23:37:54.589+0000] {dag.py:3239} INFO - Sync 1 DAGs
[2025-03-08T23:37:54.613+0000] {logging_mixin.py:190} INFO - [2025-03-08T23:37:54.613+0000] {dag.py:4180} INFO - Setting next_dagrun for example_weekday_branch_operator to 2025-03-07 00:00:00+00:00, run_after=2025-03-08 00:00:00+00:00
[2025-03-08T23:37:54.634+0000] {processor.py:208} INFO - Processing /home/airflow/.local/lib/python3.12/site-packages/airflow/example_dags/example_branch_day_of_week_operator.py took 0.080 seconds
[2025-03-08T23:38:25.001+0000] {processor.py:186} INFO - Started process (PID=189) to work on /home/airflow/.local/lib/python3.12/site-packages/airflow/example_dags/example_branch_day_of_week_operator.py
[2025-03-08T23:38:25.002+0000] {processor.py:914} INFO - Processing file /home/airflow/.local/lib/python3.12/site-packages/airflow/example_dags/example_branch_day_of_week_operator.py for tasks to queue
[2025-03-08T23:38:25.004+0000] {logging_mixin.py:190} INFO - [2025-03-08T23:38:25.004+0000] {dagbag.py:588} INFO - Filling up the DagBag from /home/airflow/.local/lib/python3.12/site-packages/airflow/example_dags/example_branch_day_of_week_operator.py
[2025-03-08T23:38:25.011+0000] {processor.py:925} INFO - DAG(s) 'example_weekday_branch_operator' retrieved from /home/airflow/.local/lib/python3.12/site-packages/airflow/example_dags/example_branch_day_of_week_operator.py
[2025-03-08T23:38:25.028+0000] {logging_mixin.py:190} INFO - [2025-03-08T23:38:25.027+0000] {dag.py:3239} INFO - Sync 1 DAGs
[2025-03-08T23:38:25.046+0000] {logging_mixin.py:190} INFO - [2025-03-08T23:38:25.046+0000] {dag.py:4180} INFO - Setting next_dagrun for example_weekday_branch_operator to 2025-03-07 00:00:00+00:00, run_after=2025-03-08 00:00:00+00:00
[2025-03-08T23:38:25.062+0000] {processor.py:208} INFO - Processing /home/airflow/.local/lib/python3.12/site-packages/airflow/example_dags/example_branch_day_of_week_operator.py took 0.065 seconds
[2025-03-08T23:38:55.499+0000] {processor.py:186} INFO - Started process (PID=252) to work on /home/airflow/.local/lib/python3.12/site-packages/airflow/example_dags/example_branch_day_of_week_operator.py
[2025-03-08T23:38:55.500+0000] {processor.py:914} INFO - Processing file /home/airflow/.local/lib/python3.12/site-packages/airflow/example_dags/example_branch_day_of_week_operator.py for tasks to queue
[2025-03-08T23:38:55.501+0000] {logging_mixin.py:190} INFO - [2025-03-08T23:38:55.501+0000] {dagbag.py:588} INFO - Filling up the DagBag from /home/airflow/.local/lib/python3.12/site-packages/airflow/example_dags/example_branch_day_of_week_operator.py
[2025-03-08T23:38:55.508+0000] {processor.py:925} INFO - DAG(s) 'example_weekday_branch_operator' retrieved from /home/airflow/.local/lib/python3.12/site-packages/airflow/example_dags/example_branch_day_of_week_operator.py
[2025-03-08T23:38:55.523+0000] {logging_mixin.py:190} INFO - [2025-03-08T23:38:55.522+0000] {dag.py:3239} INFO - Sync 1 DAGs
[2025-03-08T23:38:55.547+0000] {logging_mixin.py:190} INFO - [2025-03-08T23:38:55.547+0000] {dag.py:4180} INFO - Setting next_dagrun for example_weekday_branch_operator to 2025-03-07 00:00:00+00:00, run_after=2025-03-08 00:00:00+00:00
[2025-03-08T23:38:55.564+0000] {processor.py:208} INFO - Processing /home/airflow/.local/lib/python3.12/site-packages/airflow/example_dags/example_branch_day_of_week_operator.py took 0.069 seconds
[2025-03-08T23:39:25.858+0000] {processor.py:186} INFO - Started process (PID=315) to work on /home/airflow/.local/lib/python3.12/site-packages/airflow/example_dags/example_branch_day_of_week_operator.py
[2025-03-08T23:39:25.858+0000] {processor.py:914} INFO - Processing file /home/airflow/.local/lib/python3.12/site-packages/airflow/example_dags/example_branch_day_of_week_operator.py for tasks to queue
[2025-03-08T23:39:25.859+0000] {logging_mixin.py:190} INFO - [2025-03-08T23:39:25.859+0000] {dagbag.py:588} INFO - Filling up the DagBag from /home/airflow/.local/lib/python3.12/site-packages/airflow/example_dags/example_branch_day_of_week_operator.py
[2025-03-08T23:39:25.866+0000] {processor.py:925} INFO - DAG(s) 'example_weekday_branch_operator' retrieved from /home/airflow/.local/lib/python3.12/site-packages/airflow/example_dags/example_branch_day_of_week_operator.py
[2025-03-08T23:39:25.886+0000] {logging_mixin.py:190} INFO - [2025-03-08T23:39:25.885+0000] {dag.py:3239} INFO - Sync 1 DAGs
[2025-03-08T23:39:25.904+0000] {logging_mixin.py:190} INFO - [2025-03-08T23:39:25.904+0000] {dag.py:4180} INFO - Setting next_dagrun for example_weekday_branch_operator to 2025-03-07 00:00:00+00:00, run_after=2025-03-08 00:00:00+00:00
[2025-03-08T23:39:25.918+0000] {processor.py:208} INFO - Processing /home/airflow/.local/lib/python3.12/site-packages/airflow/example_dags/example_branch_day_of_week_operator.py took 0.064 seconds
[2025-03-08T23:39:56.170+0000] {processor.py:186} INFO - Started process (PID=378) to work on /home/airflow/.local/lib/python3.12/site-packages/airflow/example_dags/example_branch_day_of_week_operator.py
[2025-03-08T23:39:56.171+0000] {processor.py:914} INFO - Processing file /home/airflow/.local/lib/python3.12/site-packages/airflow/example_dags/example_branch_day_of_week_operator.py for tasks to queue
[2025-03-08T23:39:56.174+0000] {logging_mixin.py:190} INFO - [2025-03-08T23:39:56.174+0000] {dagbag.py:588} INFO - Filling up the DagBag from /home/airflow/.local/lib/python3.12/site-packages/airflow/example_dags/example_branch_day_of_week_operator.py
[2025-03-08T23:39:56.183+0000] {processor.py:925} INFO - DAG(s) 'example_weekday_branch_operator' retrieved from /home/airflow/.local/lib/python3.12/site-packages/airflow/example_dags/example_branch_day_of_week_operator.py
[2025-03-08T23:39:56.202+0000] {logging_mixin.py:190} INFO - [2025-03-08T23:39:56.201+0000] {dag.py:3239} INFO - Sync 1 DAGs
[2025-03-08T23:39:56.227+0000] {logging_mixin.py:190} INFO - [2025-03-08T23:39:56.226+0000] {dag.py:4180} INFO - Setting next_dagrun for example_weekday_branch_operator to 2025-03-07 00:00:00+00:00, run_after=2025-03-08 00:00:00+00:00
[2025-03-08T23:39:56.247+0000] {processor.py:208} INFO - Processing /home/airflow/.local/lib/python3.12/site-packages/airflow/example_dags/example_branch_day_of_week_operator.py took 0.084 seconds
[2025-03-08T23:40:26.507+0000] {processor.py:186} INFO - Started process (PID=441) to work on /home/airflow/.local/lib/python3.12/site-packages/airflow/example_dags/example_branch_day_of_week_operator.py
[2025-03-08T23:40:26.507+0000] {processor.py:914} INFO - Processing file /home/airflow/.local/lib/python3.12/site-packages/airflow/example_dags/example_branch_day_of_week_operator.py for tasks to queue
[2025-03-08T23:40:26.509+0000] {logging_mixin.py:190} INFO - [2025-03-08T23:40:26.509+0000] {dagbag.py:588} INFO - Filling up the DagBag from /home/airflow/.local/lib/python3.12/site-packages/airflow/example_dags/example_branch_day_of_week_operator.py
[2025-03-08T23:40:26.517+0000] {processor.py:925} INFO - DAG(s) 'example_weekday_branch_operator' retrieved from /home/airflow/.local/lib/python3.12/site-packages/airflow/example_dags/example_branch_day_of_week_operator.py
[2025-03-08T23:40:26.535+0000] {logging_mixin.py:190} INFO - [2025-03-08T23:40:26.534+0000] {dag.py:3239} INFO - Sync 1 DAGs
[2025-03-08T23:40:26.551+0000] {logging_mixin.py:190} INFO - [2025-03-08T23:40:26.551+0000] {dag.py:4180} INFO - Setting next_dagrun for example_weekday_branch_operator to 2025-03-07 00:00:00+00:00, run_after=2025-03-08 00:00:00+00:00
[2025-03-08T23:40:26.568+0000] {processor.py:208} INFO - Processing /home/airflow/.local/lib/python3.12/site-packages/airflow/example_dags/example_branch_day_of_week_operator.py took 0.066 seconds
[2025-03-08T23:40:57.291+0000] {processor.py:186} INFO - Started process (PID=504) to work on /home/airflow/.local/lib/python3.12/site-packages/airflow/example_dags/example_branch_day_of_week_operator.py
[2025-03-08T23:40:57.292+0000] {processor.py:914} INFO - Processing file /home/airflow/.local/lib/python3.12/site-packages/airflow/example_dags/example_branch_day_of_week_operator.py for tasks to queue
[2025-03-08T23:40:57.294+0000] {logging_mixin.py:190} INFO - [2025-03-08T23:40:57.294+0000] {dagbag.py:588} INFO - Filling up the DagBag from /home/airflow/.local/lib/python3.12/site-packages/airflow/example_dags/example_branch_day_of_week_operator.py
[2025-03-08T23:40:57.300+0000] {processor.py:925} INFO - DAG(s) 'example_weekday_branch_operator' retrieved from /home/airflow/.local/lib/python3.12/site-packages/airflow/example_dags/example_branch_day_of_week_operator.py
[2025-03-08T23:40:57.317+0000] {logging_mixin.py:190} INFO - [2025-03-08T23:40:57.317+0000] {dag.py:3239} INFO - Sync 1 DAGs
[2025-03-08T23:40:57.337+0000] {logging_mixin.py:190} INFO - [2025-03-08T23:40:57.337+0000] {dag.py:4180} INFO - Setting next_dagrun for example_weekday_branch_operator to 2025-03-07 00:00:00+00:00, run_after=2025-03-08 00:00:00+00:00
[2025-03-08T23:40:57.356+0000] {processor.py:208} INFO - Processing /home/airflow/.local/lib/python3.12/site-packages/airflow/example_dags/example_branch_day_of_week_operator.py took 0.071 seconds
[2025-03-08T23:41:28.266+0000] {processor.py:186} INFO - Started process (PID=573) to work on /home/airflow/.local/lib/python3.12/site-packages/airflow/example_dags/example_branch_day_of_week_operator.py
[2025-03-08T23:41:28.267+0000] {processor.py:914} INFO - Processing file /home/airflow/.local/lib/python3.12/site-packages/airflow/example_dags/example_branch_day_of_week_operator.py for tasks to queue
[2025-03-08T23:41:28.269+0000] {logging_mixin.py:190} INFO - [2025-03-08T23:41:28.269+0000] {dagbag.py:588} INFO - Filling up the DagBag from /home/airflow/.local/lib/python3.12/site-packages/airflow/example_dags/example_branch_day_of_week_operator.py
[2025-03-08T23:41:28.276+0000] {processor.py:925} INFO - DAG(s) 'example_weekday_branch_operator' retrieved from /home/airflow/.local/lib/python3.12/site-packages/airflow/example_dags/example_branch_day_of_week_operator.py
[2025-03-08T23:41:28.292+0000] {logging_mixin.py:190} INFO - [2025-03-08T23:41:28.291+0000] {dag.py:3239} INFO - Sync 1 DAGs
[2025-03-08T23:41:28.308+0000] {logging_mixin.py:190} INFO - [2025-03-08T23:41:28.308+0000] {dag.py:4180} INFO - Setting next_dagrun for example_weekday_branch_operator to 2025-03-07 00:00:00+00:00, run_after=2025-03-08 00:00:00+00:00
[2025-03-08T23:41:28.321+0000] {processor.py:208} INFO - Processing /home/airflow/.local/lib/python3.12/site-packages/airflow/example_dags/example_branch_day_of_week_operator.py took 0.059 seconds
[2025-03-08T23:41:58.775+0000] {processor.py:186} INFO - Started process (PID=636) to work on /home/airflow/.local/lib/python3.12/site-packages/airflow/example_dags/example_branch_day_of_week_operator.py
[2025-03-08T23:41:58.776+0000] {processor.py:914} INFO - Processing file /home/airflow/.local/lib/python3.12/site-packages/airflow/example_dags/example_branch_day_of_week_operator.py for tasks to queue
[2025-03-08T23:41:58.779+0000] {logging_mixin.py:190} INFO - [2025-03-08T23:41:58.778+0000] {dagbag.py:588} INFO - Filling up the DagBag from /home/airflow/.local/lib/python3.12/site-packages/airflow/example_dags/example_branch_day_of_week_operator.py
[2025-03-08T23:41:58.785+0000] {processor.py:925} INFO - DAG(s) 'example_weekday_branch_operator' retrieved from /home/airflow/.local/lib/python3.12/site-packages/airflow/example_dags/example_branch_day_of_week_operator.py
[2025-03-08T23:41:58.806+0000] {logging_mixin.py:190} INFO - [2025-03-08T23:41:58.806+0000] {dag.py:3239} INFO - Sync 1 DAGs
[2025-03-08T23:41:58.828+0000] {logging_mixin.py:190} INFO - [2025-03-08T23:41:58.828+0000] {dag.py:4180} INFO - Setting next_dagrun for example_weekday_branch_operator to 2025-03-07 00:00:00+00:00, run_after=2025-03-08 00:00:00+00:00
[2025-03-08T23:41:58.845+0000] {processor.py:208} INFO - Processing /home/airflow/.local/lib/python3.12/site-packages/airflow/example_dags/example_branch_day_of_week_operator.py took 0.076 seconds
[2025-03-08T23:42:29.274+0000] {processor.py:186} INFO - Started process (PID=699) to work on /home/airflow/.local/lib/python3.12/site-packages/airflow/example_dags/example_branch_day_of_week_operator.py
[2025-03-08T23:42:29.275+0000] {processor.py:914} INFO - Processing file /home/airflow/.local/lib/python3.12/site-packages/airflow/example_dags/example_branch_day_of_week_operator.py for tasks to queue
[2025-03-08T23:42:29.277+0000] {logging_mixin.py:190} INFO - [2025-03-08T23:42:29.276+0000] {dagbag.py:588} INFO - Filling up the DagBag from /home/airflow/.local/lib/python3.12/site-packages/airflow/example_dags/example_branch_day_of_week_operator.py
[2025-03-08T23:42:29.283+0000] {processor.py:925} INFO - DAG(s) 'example_weekday_branch_operator' retrieved from /home/airflow/.local/lib/python3.12/site-packages/airflow/example_dags/example_branch_day_of_week_operator.py
[2025-03-08T23:42:29.298+0000] {logging_mixin.py:190} INFO - [2025-03-08T23:42:29.298+0000] {dag.py:3239} INFO - Sync 1 DAGs
[2025-03-08T23:42:29.315+0000] {logging_mixin.py:190} INFO - [2025-03-08T23:42:29.315+0000] {dag.py:4180} INFO - Setting next_dagrun for example_weekday_branch_operator to 2025-03-07 00:00:00+00:00, run_after=2025-03-08 00:00:00+00:00
[2025-03-08T23:42:29.329+0000] {processor.py:208} INFO - Processing /home/airflow/.local/lib/python3.12/site-packages/airflow/example_dags/example_branch_day_of_week_operator.py took 0.059 seconds
[2025-03-08T23:42:59.965+0000] {processor.py:186} INFO - Started process (PID=763) to work on /home/airflow/.local/lib/python3.12/site-packages/airflow/example_dags/example_branch_day_of_week_operator.py
[2025-03-08T23:42:59.966+0000] {processor.py:914} INFO - Processing file /home/airflow/.local/lib/python3.12/site-packages/airflow/example_dags/example_branch_day_of_week_operator.py for tasks to queue
[2025-03-08T23:42:59.969+0000] {logging_mixin.py:190} INFO - [2025-03-08T23:42:59.968+0000] {dagbag.py:588} INFO - Filling up the DagBag from /home/airflow/.local/lib/python3.12/site-packages/airflow/example_dags/example_branch_day_of_week_operator.py
[2025-03-08T23:42:59.976+0000] {processor.py:925} INFO - DAG(s) 'example_weekday_branch_operator' retrieved from /home/airflow/.local/lib/python3.12/site-packages/airflow/example_dags/example_branch_day_of_week_operator.py
[2025-03-08T23:42:59.992+0000] {logging_mixin.py:190} INFO - [2025-03-08T23:42:59.992+0000] {dag.py:3239} INFO - Sync 1 DAGs
[2025-03-08T23:43:00.012+0000] {logging_mixin.py:190} INFO - [2025-03-08T23:43:00.012+0000] {dag.py:4180} INFO - Setting next_dagrun for example_weekday_branch_operator to 2025-03-07 00:00:00+00:00, run_after=2025-03-08 00:00:00+00:00
[2025-03-08T23:43:00.029+0000] {processor.py:208} INFO - Processing /home/airflow/.local/lib/python3.12/site-packages/airflow/example_dags/example_branch_day_of_week_operator.py took 0.068 seconds
[2025-03-08T23:43:30.233+0000] {processor.py:186} INFO - Started process (PID=826) to work on /home/airflow/.local/lib/python3.12/site-packages/airflow/example_dags/example_branch_day_of_week_operator.py
[2025-03-08T23:43:30.234+0000] {processor.py:914} INFO - Processing file /home/airflow/.local/lib/python3.12/site-packages/airflow/example_dags/example_branch_day_of_week_operator.py for tasks to queue
[2025-03-08T23:43:30.237+0000] {logging_mixin.py:190} INFO - [2025-03-08T23:43:30.237+0000] {dagbag.py:588} INFO - Filling up the DagBag from /home/airflow/.local/lib/python3.12/site-packages/airflow/example_dags/example_branch_day_of_week_operator.py
[2025-03-08T23:43:30.246+0000] {processor.py:925} INFO - DAG(s) 'example_weekday_branch_operator' retrieved from /home/airflow/.local/lib/python3.12/site-packages/airflow/example_dags/example_branch_day_of_week_operator.py
[2025-03-08T23:43:30.264+0000] {logging_mixin.py:190} INFO - [2025-03-08T23:43:30.263+0000] {dag.py:3239} INFO - Sync 1 DAGs
[2025-03-08T23:43:30.283+0000] {logging_mixin.py:190} INFO - [2025-03-08T23:43:30.283+0000] {dag.py:4180} INFO - Setting next_dagrun for example_weekday_branch_operator to 2025-03-07 00:00:00+00:00, run_after=2025-03-08 00:00:00+00:00
[2025-03-08T23:43:30.298+0000] {processor.py:208} INFO - Processing /home/airflow/.local/lib/python3.12/site-packages/airflow/example_dags/example_branch_day_of_week_operator.py took 0.070 seconds
[2025-03-08T23:44:00.883+0000] {processor.py:186} INFO - Started process (PID=889) to work on /home/airflow/.local/lib/python3.12/site-packages/airflow/example_dags/example_branch_day_of_week_operator.py
[2025-03-08T23:44:00.884+0000] {processor.py:914} INFO - Processing file /home/airflow/.local/lib/python3.12/site-packages/airflow/example_dags/example_branch_day_of_week_operator.py for tasks to queue
[2025-03-08T23:44:00.887+0000] {logging_mixin.py:190} INFO - [2025-03-08T23:44:00.887+0000] {dagbag.py:588} INFO - Filling up the DagBag from /home/airflow/.local/lib/python3.12/site-packages/airflow/example_dags/example_branch_day_of_week_operator.py
[2025-03-08T23:44:00.894+0000] {processor.py:925} INFO - DAG(s) 'example_weekday_branch_operator' retrieved from /home/airflow/.local/lib/python3.12/site-packages/airflow/example_dags/example_branch_day_of_week_operator.py
[2025-03-08T23:44:00.916+0000] {logging_mixin.py:190} INFO - [2025-03-08T23:44:00.916+0000] {dag.py:3239} INFO - Sync 1 DAGs
[2025-03-08T23:44:00.939+0000] {logging_mixin.py:190} INFO - [2025-03-08T23:44:00.939+0000] {dag.py:4180} INFO - Setting next_dagrun for example_weekday_branch_operator to 2025-03-07 00:00:00+00:00, run_after=2025-03-08 00:00:00+00:00
[2025-03-08T23:44:00.961+0000] {processor.py:208} INFO - Processing /home/airflow/.local/lib/python3.12/site-packages/airflow/example_dags/example_branch_day_of_week_operator.py took 0.083 seconds
[2025-03-08T23:44:31.015+0000] {processor.py:186} INFO - Started process (PID=952) to work on /home/airflow/.local/lib/python3.12/site-packages/airflow/example_dags/example_branch_day_of_week_operator.py
[2025-03-08T23:44:31.016+0000] {processor.py:914} INFO - Processing file /home/airflow/.local/lib/python3.12/site-packages/airflow/example_dags/example_branch_day_of_week_operator.py for tasks to queue
[2025-03-08T23:44:31.018+0000] {logging_mixin.py:190} INFO - [2025-03-08T23:44:31.018+0000] {dagbag.py:588} INFO - Filling up the DagBag from /home/airflow/.local/lib/python3.12/site-packages/airflow/example_dags/example_branch_day_of_week_operator.py
[2025-03-08T23:44:31.025+0000] {processor.py:925} INFO - DAG(s) 'example_weekday_branch_operator' retrieved from /home/airflow/.local/lib/python3.12/site-packages/airflow/example_dags/example_branch_day_of_week_operator.py
[2025-03-08T23:44:31.042+0000] {logging_mixin.py:190} INFO - [2025-03-08T23:44:31.042+0000] {dag.py:3239} INFO - Sync 1 DAGs
[2025-03-08T23:44:31.065+0000] {logging_mixin.py:190} INFO - [2025-03-08T23:44:31.065+0000] {dag.py:4180} INFO - Setting next_dagrun for example_weekday_branch_operator to 2025-03-07 00:00:00+00:00, run_after=2025-03-08 00:00:00+00:00
[2025-03-08T23:44:31.084+0000] {processor.py:208} INFO - Processing /home/airflow/.local/lib/python3.12/site-packages/airflow/example_dags/example_branch_day_of_week_operator.py took 0.075 seconds
[2025-03-08T23:45:02.048+0000] {processor.py:186} INFO - Started process (PID=1015) to work on /home/airflow/.local/lib/python3.12/site-packages/airflow/example_dags/example_branch_day_of_week_operator.py
[2025-03-08T23:45:02.049+0000] {processor.py:914} INFO - Processing file /home/airflow/.local/lib/python3.12/site-packages/airflow/example_dags/example_branch_day_of_week_operator.py for tasks to queue
[2025-03-08T23:45:02.051+0000] {logging_mixin.py:190} INFO - [2025-03-08T23:45:02.050+0000] {dagbag.py:588} INFO - Filling up the DagBag from /home/airflow/.local/lib/python3.12/site-packages/airflow/example_dags/example_branch_day_of_week_operator.py
[2025-03-08T23:45:02.058+0000] {processor.py:925} INFO - DAG(s) 'example_weekday_branch_operator' retrieved from /home/airflow/.local/lib/python3.12/site-packages/airflow/example_dags/example_branch_day_of_week_operator.py
[2025-03-08T23:45:02.075+0000] {logging_mixin.py:190} INFO - [2025-03-08T23:45:02.074+0000] {dag.py:3239} INFO - Sync 1 DAGs
[2025-03-08T23:45:02.093+0000] {logging_mixin.py:190} INFO - [2025-03-08T23:45:02.093+0000] {dag.py:4180} INFO - Setting next_dagrun for example_weekday_branch_operator to 2025-03-07 00:00:00+00:00, run_after=2025-03-08 00:00:00+00:00
[2025-03-08T23:45:02.109+0000] {processor.py:208} INFO - Processing /home/airflow/.local/lib/python3.12/site-packages/airflow/example_dags/example_branch_day_of_week_operator.py took 0.067 seconds
[2025-03-08T23:45:32.965+0000] {processor.py:186} INFO - Started process (PID=1078) to work on /home/airflow/.local/lib/python3.12/site-packages/airflow/example_dags/example_branch_day_of_week_operator.py
[2025-03-08T23:45:32.966+0000] {processor.py:914} INFO - Processing file /home/airflow/.local/lib/python3.12/site-packages/airflow/example_dags/example_branch_day_of_week_operator.py for tasks to queue
[2025-03-08T23:45:32.968+0000] {logging_mixin.py:190} INFO - [2025-03-08T23:45:32.967+0000] {dagbag.py:588} INFO - Filling up the DagBag from /home/airflow/.local/lib/python3.12/site-packages/airflow/example_dags/example_branch_day_of_week_operator.py
[2025-03-08T23:45:32.974+0000] {processor.py:925} INFO - DAG(s) 'example_weekday_branch_operator' retrieved from /home/airflow/.local/lib/python3.12/site-packages/airflow/example_dags/example_branch_day_of_week_operator.py
[2025-03-08T23:45:32.988+0000] {logging_mixin.py:190} INFO - [2025-03-08T23:45:32.988+0000] {dag.py:3239} INFO - Sync 1 DAGs
[2025-03-08T23:45:33.005+0000] {logging_mixin.py:190} INFO - [2025-03-08T23:45:33.004+0000] {dag.py:4180} INFO - Setting next_dagrun for example_weekday_branch_operator to 2025-03-07 00:00:00+00:00, run_after=2025-03-08 00:00:00+00:00
[2025-03-08T23:45:33.019+0000] {processor.py:208} INFO - Processing /home/airflow/.local/lib/python3.12/site-packages/airflow/example_dags/example_branch_day_of_week_operator.py took 0.058 seconds
[2025-03-08T23:46:03.973+0000] {processor.py:186} INFO - Started process (PID=1141) to work on /home/airflow/.local/lib/python3.12/site-packages/airflow/example_dags/example_branch_day_of_week_operator.py
[2025-03-08T23:46:03.973+0000] {processor.py:914} INFO - Processing file /home/airflow/.local/lib/python3.12/site-packages/airflow/example_dags/example_branch_day_of_week_operator.py for tasks to queue
[2025-03-08T23:46:03.975+0000] {logging_mixin.py:190} INFO - [2025-03-08T23:46:03.975+0000] {dagbag.py:588} INFO - Filling up the DagBag from /home/airflow/.local/lib/python3.12/site-packages/airflow/example_dags/example_branch_day_of_week_operator.py
[2025-03-08T23:46:03.981+0000] {processor.py:925} INFO - DAG(s) 'example_weekday_branch_operator' retrieved from /home/airflow/.local/lib/python3.12/site-packages/airflow/example_dags/example_branch_day_of_week_operator.py
[2025-03-08T23:46:03.997+0000] {logging_mixin.py:190} INFO - [2025-03-08T23:46:03.997+0000] {dag.py:3239} INFO - Sync 1 DAGs
[2025-03-08T23:46:04.014+0000] {logging_mixin.py:190} INFO - [2025-03-08T23:46:04.014+0000] {dag.py:4180} INFO - Setting next_dagrun for example_weekday_branch_operator to 2025-03-07 00:00:00+00:00, run_after=2025-03-08 00:00:00+00:00
[2025-03-08T23:46:04.029+0000] {processor.py:208} INFO - Processing /home/airflow/.local/lib/python3.12/site-packages/airflow/example_dags/example_branch_day_of_week_operator.py took 0.060 seconds
[2025-03-08T23:46:35.016+0000] {processor.py:186} INFO - Started process (PID=1204) to work on /home/airflow/.local/lib/python3.12/site-packages/airflow/example_dags/example_branch_day_of_week_operator.py
[2025-03-08T23:46:35.017+0000] {processor.py:914} INFO - Processing file /home/airflow/.local/lib/python3.12/site-packages/airflow/example_dags/example_branch_day_of_week_operator.py for tasks to queue
[2025-03-08T23:46:35.019+0000] {logging_mixin.py:190} INFO - [2025-03-08T23:46:35.019+0000] {dagbag.py:588} INFO - Filling up the DagBag from /home/airflow/.local/lib/python3.12/site-packages/airflow/example_dags/example_branch_day_of_week_operator.py
[2025-03-08T23:46:35.026+0000] {processor.py:925} INFO - DAG(s) 'example_weekday_branch_operator' retrieved from /home/airflow/.local/lib/python3.12/site-packages/airflow/example_dags/example_branch_day_of_week_operator.py
[2025-03-08T23:46:35.044+0000] {logging_mixin.py:190} INFO - [2025-03-08T23:46:35.044+0000] {dag.py:3239} INFO - Sync 1 DAGs
[2025-03-08T23:46:35.065+0000] {logging_mixin.py:190} INFO - [2025-03-08T23:46:35.065+0000] {dag.py:4180} INFO - Setting next_dagrun for example_weekday_branch_operator to 2025-03-07 00:00:00+00:00, run_after=2025-03-08 00:00:00+00:00
[2025-03-08T23:46:35.080+0000] {processor.py:208} INFO - Processing /home/airflow/.local/lib/python3.12/site-packages/airflow/example_dags/example_branch_day_of_week_operator.py took 0.067 seconds
[2025-03-08T23:47:05.941+0000] {processor.py:186} INFO - Started process (PID=1267) to work on /home/airflow/.local/lib/python3.12/site-packages/airflow/example_dags/example_branch_day_of_week_operator.py
[2025-03-08T23:47:05.942+0000] {processor.py:914} INFO - Processing file /home/airflow/.local/lib/python3.12/site-packages/airflow/example_dags/example_branch_day_of_week_operator.py for tasks to queue
[2025-03-08T23:47:05.944+0000] {logging_mixin.py:190} INFO - [2025-03-08T23:47:05.944+0000] {dagbag.py:588} INFO - Filling up the DagBag from /home/airflow/.local/lib/python3.12/site-packages/airflow/example_dags/example_branch_day_of_week_operator.py
[2025-03-08T23:47:05.951+0000] {processor.py:925} INFO - DAG(s) 'example_weekday_branch_operator' retrieved from /home/airflow/.local/lib/python3.12/site-packages/airflow/example_dags/example_branch_day_of_week_operator.py
[2025-03-08T23:47:05.969+0000] {logging_mixin.py:190} INFO - [2025-03-08T23:47:05.969+0000] {dag.py:3239} INFO - Sync 1 DAGs
[2025-03-08T23:47:05.991+0000] {logging_mixin.py:190} INFO - [2025-03-08T23:47:05.991+0000] {dag.py:4180} INFO - Setting next_dagrun for example_weekday_branch_operator to 2025-03-07 00:00:00+00:00, run_after=2025-03-08 00:00:00+00:00
[2025-03-08T23:47:06.010+0000] {processor.py:208} INFO - Processing /home/airflow/.local/lib/python3.12/site-packages/airflow/example_dags/example_branch_day_of_week_operator.py took 0.074 seconds
[2025-03-08T23:47:36.667+0000] {processor.py:186} INFO - Started process (PID=1330) to work on /home/airflow/.local/lib/python3.12/site-packages/airflow/example_dags/example_branch_day_of_week_operator.py
[2025-03-08T23:47:36.668+0000] {processor.py:914} INFO - Processing file /home/airflow/.local/lib/python3.12/site-packages/airflow/example_dags/example_branch_day_of_week_operator.py for tasks to queue
[2025-03-08T23:47:36.669+0000] {logging_mixin.py:190} INFO - [2025-03-08T23:47:36.669+0000] {dagbag.py:588} INFO - Filling up the DagBag from /home/airflow/.local/lib/python3.12/site-packages/airflow/example_dags/example_branch_day_of_week_operator.py
[2025-03-08T23:47:36.676+0000] {processor.py:925} INFO - DAG(s) 'example_weekday_branch_operator' retrieved from /home/airflow/.local/lib/python3.12/site-packages/airflow/example_dags/example_branch_day_of_week_operator.py
[2025-03-08T23:47:36.693+0000] {logging_mixin.py:190} INFO - [2025-03-08T23:47:36.693+0000] {dag.py:3239} INFO - Sync 1 DAGs
[2025-03-08T23:47:36.713+0000] {logging_mixin.py:190} INFO - [2025-03-08T23:47:36.712+0000] {dag.py:4180} INFO - Setting next_dagrun for example_weekday_branch_operator to 2025-03-07 00:00:00+00:00, run_after=2025-03-08 00:00:00+00:00
[2025-03-08T23:47:36.728+0000] {processor.py:208} INFO - Processing /home/airflow/.local/lib/python3.12/site-packages/airflow/example_dags/example_branch_day_of_week_operator.py took 0.064 seconds
[2025-03-08T23:48:07.601+0000] {processor.py:186} INFO - Started process (PID=1393) to work on /home/airflow/.local/lib/python3.12/site-packages/airflow/example_dags/example_branch_day_of_week_operator.py
[2025-03-08T23:48:07.602+0000] {processor.py:914} INFO - Processing file /home/airflow/.local/lib/python3.12/site-packages/airflow/example_dags/example_branch_day_of_week_operator.py for tasks to queue
[2025-03-08T23:48:07.603+0000] {logging_mixin.py:190} INFO - [2025-03-08T23:48:07.603+0000] {dagbag.py:588} INFO - Filling up the DagBag from /home/airflow/.local/lib/python3.12/site-packages/airflow/example_dags/example_branch_day_of_week_operator.py
[2025-03-08T23:48:07.609+0000] {processor.py:925} INFO - DAG(s) 'example_weekday_branch_operator' retrieved from /home/airflow/.local/lib/python3.12/site-packages/airflow/example_dags/example_branch_day_of_week_operator.py
[2025-03-08T23:48:07.625+0000] {logging_mixin.py:190} INFO - [2025-03-08T23:48:07.625+0000] {dag.py:3239} INFO - Sync 1 DAGs
[2025-03-08T23:48:07.641+0000] {logging_mixin.py:190} INFO - [2025-03-08T23:48:07.641+0000] {dag.py:4180} INFO - Setting next_dagrun for example_weekday_branch_operator to 2025-03-07 00:00:00+00:00, run_after=2025-03-08 00:00:00+00:00
[2025-03-08T23:48:07.655+0000] {processor.py:208} INFO - Processing /home/airflow/.local/lib/python3.12/site-packages/airflow/example_dags/example_branch_day_of_week_operator.py took 0.058 seconds
[2025-03-08T23:48:38.312+0000] {processor.py:186} INFO - Started process (PID=1456) to work on /home/airflow/.local/lib/python3.12/site-packages/airflow/example_dags/example_branch_day_of_week_operator.py
[2025-03-08T23:48:38.313+0000] {processor.py:914} INFO - Processing file /home/airflow/.local/lib/python3.12/site-packages/airflow/example_dags/example_branch_day_of_week_operator.py for tasks to queue
[2025-03-08T23:48:38.315+0000] {logging_mixin.py:190} INFO - [2025-03-08T23:48:38.315+0000] {dagbag.py:588} INFO - Filling up the DagBag from /home/airflow/.local/lib/python3.12/site-packages/airflow/example_dags/example_branch_day_of_week_operator.py
[2025-03-08T23:48:38.324+0000] {processor.py:925} INFO - DAG(s) 'example_weekday_branch_operator' retrieved from /home/airflow/.local/lib/python3.12/site-packages/airflow/example_dags/example_branch_day_of_week_operator.py
[2025-03-08T23:48:38.342+0000] {logging_mixin.py:190} INFO - [2025-03-08T23:48:38.342+0000] {dag.py:3239} INFO - Sync 1 DAGs
[2025-03-08T23:48:38.364+0000] {logging_mixin.py:190} INFO - [2025-03-08T23:48:38.363+0000] {dag.py:4180} INFO - Setting next_dagrun for example_weekday_branch_operator to 2025-03-07 00:00:00+00:00, run_after=2025-03-08 00:00:00+00:00
[2025-03-08T23:48:38.379+0000] {processor.py:208} INFO - Processing /home/airflow/.local/lib/python3.12/site-packages/airflow/example_dags/example_branch_day_of_week_operator.py took 0.072 seconds
[2025-03-08T23:49:09.340+0000] {processor.py:186} INFO - Started process (PID=1519) to work on /home/airflow/.local/lib/python3.12/site-packages/airflow/example_dags/example_branch_day_of_week_operator.py
[2025-03-08T23:49:09.340+0000] {processor.py:914} INFO - Processing file /home/airflow/.local/lib/python3.12/site-packages/airflow/example_dags/example_branch_day_of_week_operator.py for tasks to queue
[2025-03-08T23:49:09.343+0000] {logging_mixin.py:190} INFO - [2025-03-08T23:49:09.343+0000] {dagbag.py:588} INFO - Filling up the DagBag from /home/airflow/.local/lib/python3.12/site-packages/airflow/example_dags/example_branch_day_of_week_operator.py
[2025-03-08T23:49:09.353+0000] {processor.py:925} INFO - DAG(s) 'example_weekday_branch_operator' retrieved from /home/airflow/.local/lib/python3.12/site-packages/airflow/example_dags/example_branch_day_of_week_operator.py
[2025-03-08T23:49:09.374+0000] {logging_mixin.py:190} INFO - [2025-03-08T23:49:09.374+0000] {dag.py:3239} INFO - Sync 1 DAGs
[2025-03-08T23:49:09.396+0000] {logging_mixin.py:190} INFO - [2025-03-08T23:49:09.396+0000] {dag.py:4180} INFO - Setting next_dagrun for example_weekday_branch_operator to 2025-03-07 00:00:00+00:00, run_after=2025-03-08 00:00:00+00:00
[2025-03-08T23:49:09.415+0000] {processor.py:208} INFO - Processing /home/airflow/.local/lib/python3.12/site-packages/airflow/example_dags/example_branch_day_of_week_operator.py took 0.081 seconds
[2025-03-08T23:49:39.635+0000] {processor.py:186} INFO - Started process (PID=1582) to work on /home/airflow/.local/lib/python3.12/site-packages/airflow/example_dags/example_branch_day_of_week_operator.py
[2025-03-08T23:49:39.636+0000] {processor.py:914} INFO - Processing file /home/airflow/.local/lib/python3.12/site-packages/airflow/example_dags/example_branch_day_of_week_operator.py for tasks to queue
[2025-03-08T23:49:39.638+0000] {logging_mixin.py:190} INFO - [2025-03-08T23:49:39.637+0000] {dagbag.py:588} INFO - Filling up the DagBag from /home/airflow/.local/lib/python3.12/site-packages/airflow/example_dags/example_branch_day_of_week_operator.py
[2025-03-08T23:49:39.644+0000] {processor.py:925} INFO - DAG(s) 'example_weekday_branch_operator' retrieved from /home/airflow/.local/lib/python3.12/site-packages/airflow/example_dags/example_branch_day_of_week_operator.py
[2025-03-08T23:49:39.658+0000] {logging_mixin.py:190} INFO - [2025-03-08T23:49:39.658+0000] {dag.py:3239} INFO - Sync 1 DAGs
[2025-03-08T23:49:39.674+0000] {logging_mixin.py:190} INFO - [2025-03-08T23:49:39.674+0000] {dag.py:4180} INFO - Setting next_dagrun for example_weekday_branch_operator to 2025-03-07 00:00:00+00:00, run_after=2025-03-08 00:00:00+00:00
[2025-03-08T23:49:39.687+0000] {processor.py:208} INFO - Processing /home/airflow/.local/lib/python3.12/site-packages/airflow/example_dags/example_branch_day_of_week_operator.py took 0.056 seconds
[2025-03-08T23:50:09.900+0000] {processor.py:186} INFO - Started process (PID=1645) to work on /home/airflow/.local/lib/python3.12/site-packages/airflow/example_dags/example_branch_day_of_week_operator.py
[2025-03-08T23:50:09.901+0000] {processor.py:914} INFO - Processing file /home/airflow/.local/lib/python3.12/site-packages/airflow/example_dags/example_branch_day_of_week_operator.py for tasks to queue
[2025-03-08T23:50:09.903+0000] {logging_mixin.py:190} INFO - [2025-03-08T23:50:09.902+0000] {dagbag.py:588} INFO - Filling up the DagBag from /home/airflow/.local/lib/python3.12/site-packages/airflow/example_dags/example_branch_day_of_week_operator.py
[2025-03-08T23:50:09.910+0000] {processor.py:925} INFO - DAG(s) 'example_weekday_branch_operator' retrieved from /home/airflow/.local/lib/python3.12/site-packages/airflow/example_dags/example_branch_day_of_week_operator.py
[2025-03-08T23:50:09.932+0000] {logging_mixin.py:190} INFO - [2025-03-08T23:50:09.931+0000] {dag.py:3239} INFO - Sync 1 DAGs
[2025-03-08T23:50:09.952+0000] {logging_mixin.py:190} INFO - [2025-03-08T23:50:09.952+0000] {dag.py:4180} INFO - Setting next_dagrun for example_weekday_branch_operator to 2025-03-07 00:00:00+00:00, run_after=2025-03-08 00:00:00+00:00
[2025-03-08T23:50:09.970+0000] {processor.py:208} INFO - Processing /home/airflow/.local/lib/python3.12/site-packages/airflow/example_dags/example_branch_day_of_week_operator.py took 0.074 seconds
[2025-03-08T23:50:40.558+0000] {processor.py:186} INFO - Started process (PID=1708) to work on /home/airflow/.local/lib/python3.12/site-packages/airflow/example_dags/example_branch_day_of_week_operator.py
[2025-03-08T23:50:40.559+0000] {processor.py:914} INFO - Processing file /home/airflow/.local/lib/python3.12/site-packages/airflow/example_dags/example_branch_day_of_week_operator.py for tasks to queue
[2025-03-08T23:50:40.561+0000] {logging_mixin.py:190} INFO - [2025-03-08T23:50:40.561+0000] {dagbag.py:588} INFO - Filling up the DagBag from /home/airflow/.local/lib/python3.12/site-packages/airflow/example_dags/example_branch_day_of_week_operator.py
[2025-03-08T23:50:40.567+0000] {processor.py:925} INFO - DAG(s) 'example_weekday_branch_operator' retrieved from /home/airflow/.local/lib/python3.12/site-packages/airflow/example_dags/example_branch_day_of_week_operator.py
[2025-03-08T23:50:40.585+0000] {logging_mixin.py:190} INFO - [2025-03-08T23:50:40.585+0000] {dag.py:3239} INFO - Sync 1 DAGs
[2025-03-08T23:50:40.602+0000] {logging_mixin.py:190} INFO - [2025-03-08T23:50:40.602+0000] {dag.py:4180} INFO - Setting next_dagrun for example_weekday_branch_operator to 2025-03-07 00:00:00+00:00, run_after=2025-03-08 00:00:00+00:00
[2025-03-08T23:50:40.617+0000] {processor.py:208} INFO - Processing /home/airflow/.local/lib/python3.12/site-packages/airflow/example_dags/example_branch_day_of_week_operator.py took 0.062 seconds
[2025-03-08T23:51:10.771+0000] {processor.py:186} INFO - Started process (PID=1771) to work on /home/airflow/.local/lib/python3.12/site-packages/airflow/example_dags/example_branch_day_of_week_operator.py
[2025-03-08T23:51:10.772+0000] {processor.py:914} INFO - Processing file /home/airflow/.local/lib/python3.12/site-packages/airflow/example_dags/example_branch_day_of_week_operator.py for tasks to queue
[2025-03-08T23:51:10.775+0000] {logging_mixin.py:190} INFO - [2025-03-08T23:51:10.774+0000] {dagbag.py:588} INFO - Filling up the DagBag from /home/airflow/.local/lib/python3.12/site-packages/airflow/example_dags/example_branch_day_of_week_operator.py
[2025-03-08T23:51:10.782+0000] {processor.py:925} INFO - DAG(s) 'example_weekday_branch_operator' retrieved from /home/airflow/.local/lib/python3.12/site-packages/airflow/example_dags/example_branch_day_of_week_operator.py
[2025-03-08T23:51:10.800+0000] {logging_mixin.py:190} INFO - [2025-03-08T23:51:10.799+0000] {dag.py:3239} INFO - Sync 1 DAGs
[2025-03-08T23:51:10.820+0000] {logging_mixin.py:190} INFO - [2025-03-08T23:51:10.820+0000] {dag.py:4180} INFO - Setting next_dagrun for example_weekday_branch_operator to 2025-03-07 00:00:00+00:00, run_after=2025-03-08 00:00:00+00:00
[2025-03-08T23:51:10.839+0000] {processor.py:208} INFO - Processing /home/airflow/.local/lib/python3.12/site-packages/airflow/example_dags/example_branch_day_of_week_operator.py took 0.073 seconds
[2025-03-08T23:51:41.115+0000] {processor.py:186} INFO - Started process (PID=1834) to work on /home/airflow/.local/lib/python3.12/site-packages/airflow/example_dags/example_branch_day_of_week_operator.py
[2025-03-08T23:51:41.116+0000] {processor.py:914} INFO - Processing file /home/airflow/.local/lib/python3.12/site-packages/airflow/example_dags/example_branch_day_of_week_operator.py for tasks to queue
[2025-03-08T23:51:41.118+0000] {logging_mixin.py:190} INFO - [2025-03-08T23:51:41.118+0000] {dagbag.py:588} INFO - Filling up the DagBag from /home/airflow/.local/lib/python3.12/site-packages/airflow/example_dags/example_branch_day_of_week_operator.py
[2025-03-08T23:51:41.125+0000] {processor.py:925} INFO - DAG(s) 'example_weekday_branch_operator' retrieved from /home/airflow/.local/lib/python3.12/site-packages/airflow/example_dags/example_branch_day_of_week_operator.py
[2025-03-08T23:51:41.141+0000] {logging_mixin.py:190} INFO - [2025-03-08T23:51:41.140+0000] {dag.py:3239} INFO - Sync 1 DAGs
[2025-03-08T23:51:41.157+0000] {logging_mixin.py:190} INFO - [2025-03-08T23:51:41.157+0000] {dag.py:4180} INFO - Setting next_dagrun for example_weekday_branch_operator to 2025-03-07 00:00:00+00:00, run_after=2025-03-08 00:00:00+00:00
[2025-03-08T23:51:41.171+0000] {processor.py:208} INFO - Processing /home/airflow/.local/lib/python3.12/site-packages/airflow/example_dags/example_branch_day_of_week_operator.py took 0.060 seconds
[2025-03-08T23:52:12.062+0000] {processor.py:186} INFO - Started process (PID=1897) to work on /home/airflow/.local/lib/python3.12/site-packages/airflow/example_dags/example_branch_day_of_week_operator.py
[2025-03-08T23:52:12.063+0000] {processor.py:914} INFO - Processing file /home/airflow/.local/lib/python3.12/site-packages/airflow/example_dags/example_branch_day_of_week_operator.py for tasks to queue
[2025-03-08T23:52:12.065+0000] {logging_mixin.py:190} INFO - [2025-03-08T23:52:12.065+0000] {dagbag.py:588} INFO - Filling up the DagBag from /home/airflow/.local/lib/python3.12/site-packages/airflow/example_dags/example_branch_day_of_week_operator.py
[2025-03-08T23:52:12.074+0000] {processor.py:925} INFO - DAG(s) 'example_weekday_branch_operator' retrieved from /home/airflow/.local/lib/python3.12/site-packages/airflow/example_dags/example_branch_day_of_week_operator.py
[2025-03-08T23:52:12.094+0000] {logging_mixin.py:190} INFO - [2025-03-08T23:52:12.094+0000] {dag.py:3239} INFO - Sync 1 DAGs
[2025-03-08T23:52:12.114+0000] {logging_mixin.py:190} INFO - [2025-03-08T23:52:12.114+0000] {dag.py:4180} INFO - Setting next_dagrun for example_weekday_branch_operator to 2025-03-07 00:00:00+00:00, run_after=2025-03-08 00:00:00+00:00
[2025-03-08T23:52:12.127+0000] {processor.py:208} INFO - Processing /home/airflow/.local/lib/python3.12/site-packages/airflow/example_dags/example_branch_day_of_week_operator.py took 0.071 seconds
[2025-03-08T23:52:42.198+0000] {processor.py:186} INFO - Started process (PID=1960) to work on /home/airflow/.local/lib/python3.12/site-packages/airflow/example_dags/example_branch_day_of_week_operator.py
[2025-03-08T23:52:42.199+0000] {processor.py:914} INFO - Processing file /home/airflow/.local/lib/python3.12/site-packages/airflow/example_dags/example_branch_day_of_week_operator.py for tasks to queue
[2025-03-08T23:52:42.200+0000] {logging_mixin.py:190} INFO - [2025-03-08T23:52:42.200+0000] {dagbag.py:588} INFO - Filling up the DagBag from /home/airflow/.local/lib/python3.12/site-packages/airflow/example_dags/example_branch_day_of_week_operator.py
[2025-03-08T23:52:42.208+0000] {processor.py:925} INFO - DAG(s) 'example_weekday_branch_operator' retrieved from /home/airflow/.local/lib/python3.12/site-packages/airflow/example_dags/example_branch_day_of_week_operator.py
[2025-03-08T23:52:42.231+0000] {logging_mixin.py:190} INFO - [2025-03-08T23:52:42.230+0000] {dag.py:3239} INFO - Sync 1 DAGs
[2025-03-08T23:52:42.251+0000] {logging_mixin.py:190} INFO - [2025-03-08T23:52:42.251+0000] {dag.py:4180} INFO - Setting next_dagrun for example_weekday_branch_operator to 2025-03-07 00:00:00+00:00, run_after=2025-03-08 00:00:00+00:00
[2025-03-08T23:52:42.267+0000] {processor.py:208} INFO - Processing /home/airflow/.local/lib/python3.12/site-packages/airflow/example_dags/example_branch_day_of_week_operator.py took 0.073 seconds
[2025-03-08T23:53:12.943+0000] {processor.py:186} INFO - Started process (PID=2023) to work on /home/airflow/.local/lib/python3.12/site-packages/airflow/example_dags/example_branch_day_of_week_operator.py
[2025-03-08T23:53:12.944+0000] {processor.py:914} INFO - Processing file /home/airflow/.local/lib/python3.12/site-packages/airflow/example_dags/example_branch_day_of_week_operator.py for tasks to queue
[2025-03-08T23:53:12.946+0000] {logging_mixin.py:190} INFO - [2025-03-08T23:53:12.946+0000] {dagbag.py:588} INFO - Filling up the DagBag from /home/airflow/.local/lib/python3.12/site-packages/airflow/example_dags/example_branch_day_of_week_operator.py
[2025-03-08T23:53:12.953+0000] {processor.py:925} INFO - DAG(s) 'example_weekday_branch_operator' retrieved from /home/airflow/.local/lib/python3.12/site-packages/airflow/example_dags/example_branch_day_of_week_operator.py
[2025-03-08T23:53:12.968+0000] {logging_mixin.py:190} INFO - [2025-03-08T23:53:12.968+0000] {dag.py:3239} INFO - Sync 1 DAGs
[2025-03-08T23:53:12.985+0000] {logging_mixin.py:190} INFO - [2025-03-08T23:53:12.985+0000] {dag.py:4180} INFO - Setting next_dagrun for example_weekday_branch_operator to 2025-03-07 00:00:00+00:00, run_after=2025-03-08 00:00:00+00:00
[2025-03-08T23:53:12.999+0000] {processor.py:208} INFO - Processing /home/airflow/.local/lib/python3.12/site-packages/airflow/example_dags/example_branch_day_of_week_operator.py took 0.061 seconds
[2025-03-08T23:53:44.005+0000] {processor.py:186} INFO - Started process (PID=2086) to work on /home/airflow/.local/lib/python3.12/site-packages/airflow/example_dags/example_branch_day_of_week_operator.py
[2025-03-08T23:53:44.006+0000] {processor.py:914} INFO - Processing file /home/airflow/.local/lib/python3.12/site-packages/airflow/example_dags/example_branch_day_of_week_operator.py for tasks to queue
[2025-03-08T23:53:44.007+0000] {logging_mixin.py:190} INFO - [2025-03-08T23:53:44.007+0000] {dagbag.py:588} INFO - Filling up the DagBag from /home/airflow/.local/lib/python3.12/site-packages/airflow/example_dags/example_branch_day_of_week_operator.py
[2025-03-08T23:53:44.014+0000] {processor.py:925} INFO - DAG(s) 'example_weekday_branch_operator' retrieved from /home/airflow/.local/lib/python3.12/site-packages/airflow/example_dags/example_branch_day_of_week_operator.py
[2025-03-08T23:53:44.033+0000] {logging_mixin.py:190} INFO - [2025-03-08T23:53:44.032+0000] {dag.py:3239} INFO - Sync 1 DAGs
[2025-03-08T23:53:44.051+0000] {logging_mixin.py:190} INFO - [2025-03-08T23:53:44.051+0000] {dag.py:4180} INFO - Setting next_dagrun for example_weekday_branch_operator to 2025-03-07 00:00:00+00:00, run_after=2025-03-08 00:00:00+00:00
[2025-03-08T23:53:44.066+0000] {processor.py:208} INFO - Processing /home/airflow/.local/lib/python3.12/site-packages/airflow/example_dags/example_branch_day_of_week_operator.py took 0.066 seconds
[2025-03-08T23:54:14.230+0000] {processor.py:186} INFO - Started process (PID=2149) to work on /home/airflow/.local/lib/python3.12/site-packages/airflow/example_dags/example_branch_day_of_week_operator.py
[2025-03-08T23:54:14.231+0000] {processor.py:914} INFO - Processing file /home/airflow/.local/lib/python3.12/site-packages/airflow/example_dags/example_branch_day_of_week_operator.py for tasks to queue
[2025-03-08T23:54:14.233+0000] {logging_mixin.py:190} INFO - [2025-03-08T23:54:14.233+0000] {dagbag.py:588} INFO - Filling up the DagBag from /home/airflow/.local/lib/python3.12/site-packages/airflow/example_dags/example_branch_day_of_week_operator.py
[2025-03-08T23:54:14.241+0000] {processor.py:925} INFO - DAG(s) 'example_weekday_branch_operator' retrieved from /home/airflow/.local/lib/python3.12/site-packages/airflow/example_dags/example_branch_day_of_week_operator.py
[2025-03-08T23:54:14.258+0000] {logging_mixin.py:190} INFO - [2025-03-08T23:54:14.258+0000] {dag.py:3239} INFO - Sync 1 DAGs
[2025-03-08T23:54:14.279+0000] {logging_mixin.py:190} INFO - [2025-03-08T23:54:14.279+0000] {dag.py:4180} INFO - Setting next_dagrun for example_weekday_branch_operator to 2025-03-07 00:00:00+00:00, run_after=2025-03-08 00:00:00+00:00
[2025-03-08T23:54:14.296+0000] {processor.py:208} INFO - Processing /home/airflow/.local/lib/python3.12/site-packages/airflow/example_dags/example_branch_day_of_week_operator.py took 0.071 seconds
[2025-03-08T23:54:44.777+0000] {processor.py:186} INFO - Started process (PID=2212) to work on /home/airflow/.local/lib/python3.12/site-packages/airflow/example_dags/example_branch_day_of_week_operator.py
[2025-03-08T23:54:44.778+0000] {processor.py:914} INFO - Processing file /home/airflow/.local/lib/python3.12/site-packages/airflow/example_dags/example_branch_day_of_week_operator.py for tasks to queue
[2025-03-08T23:54:44.780+0000] {logging_mixin.py:190} INFO - [2025-03-08T23:54:44.780+0000] {dagbag.py:588} INFO - Filling up the DagBag from /home/airflow/.local/lib/python3.12/site-packages/airflow/example_dags/example_branch_day_of_week_operator.py
[2025-03-08T23:54:44.788+0000] {processor.py:925} INFO - DAG(s) 'example_weekday_branch_operator' retrieved from /home/airflow/.local/lib/python3.12/site-packages/airflow/example_dags/example_branch_day_of_week_operator.py
[2025-03-08T23:54:44.804+0000] {logging_mixin.py:190} INFO - [2025-03-08T23:54:44.804+0000] {dag.py:3239} INFO - Sync 1 DAGs
[2025-03-08T23:54:44.824+0000] {logging_mixin.py:190} INFO - [2025-03-08T23:54:44.824+0000] {dag.py:4180} INFO - Setting next_dagrun for example_weekday_branch_operator to 2025-03-07 00:00:00+00:00, run_after=2025-03-08 00:00:00+00:00
[2025-03-08T23:54:44.839+0000] {processor.py:208} INFO - Processing /home/airflow/.local/lib/python3.12/site-packages/airflow/example_dags/example_branch_day_of_week_operator.py took 0.067 seconds
[2025-03-08T23:55:15.336+0000] {processor.py:186} INFO - Started process (PID=2275) to work on /home/airflow/.local/lib/python3.12/site-packages/airflow/example_dags/example_branch_day_of_week_operator.py
[2025-03-08T23:55:15.337+0000] {processor.py:914} INFO - Processing file /home/airflow/.local/lib/python3.12/site-packages/airflow/example_dags/example_branch_day_of_week_operator.py for tasks to queue
[2025-03-08T23:55:15.338+0000] {logging_mixin.py:190} INFO - [2025-03-08T23:55:15.338+0000] {dagbag.py:588} INFO - Filling up the DagBag from /home/airflow/.local/lib/python3.12/site-packages/airflow/example_dags/example_branch_day_of_week_operator.py
[2025-03-08T23:55:15.344+0000] {processor.py:925} INFO - DAG(s) 'example_weekday_branch_operator' retrieved from /home/airflow/.local/lib/python3.12/site-packages/airflow/example_dags/example_branch_day_of_week_operator.py
[2025-03-08T23:55:15.360+0000] {logging_mixin.py:190} INFO - [2025-03-08T23:55:15.360+0000] {dag.py:3239} INFO - Sync 1 DAGs
[2025-03-08T23:55:15.375+0000] {logging_mixin.py:190} INFO - [2025-03-08T23:55:15.375+0000] {dag.py:4180} INFO - Setting next_dagrun for example_weekday_branch_operator to 2025-03-07 00:00:00+00:00, run_after=2025-03-08 00:00:00+00:00
[2025-03-08T23:55:15.388+0000] {processor.py:208} INFO - Processing /home/airflow/.local/lib/python3.12/site-packages/airflow/example_dags/example_branch_day_of_week_operator.py took 0.056 seconds
[2025-03-08T23:55:45.565+0000] {processor.py:186} INFO - Started process (PID=2338) to work on /home/airflow/.local/lib/python3.12/site-packages/airflow/example_dags/example_branch_day_of_week_operator.py
[2025-03-08T23:55:45.567+0000] {processor.py:914} INFO - Processing file /home/airflow/.local/lib/python3.12/site-packages/airflow/example_dags/example_branch_day_of_week_operator.py for tasks to queue
[2025-03-08T23:55:45.568+0000] {logging_mixin.py:190} INFO - [2025-03-08T23:55:45.568+0000] {dagbag.py:588} INFO - Filling up the DagBag from /home/airflow/.local/lib/python3.12/site-packages/airflow/example_dags/example_branch_day_of_week_operator.py
[2025-03-08T23:55:45.575+0000] {processor.py:925} INFO - DAG(s) 'example_weekday_branch_operator' retrieved from /home/airflow/.local/lib/python3.12/site-packages/airflow/example_dags/example_branch_day_of_week_operator.py
[2025-03-08T23:55:45.593+0000] {logging_mixin.py:190} INFO - [2025-03-08T23:55:45.593+0000] {dag.py:3239} INFO - Sync 1 DAGs
[2025-03-08T23:55:45.612+0000] {logging_mixin.py:190} INFO - [2025-03-08T23:55:45.612+0000] {dag.py:4180} INFO - Setting next_dagrun for example_weekday_branch_operator to 2025-03-07 00:00:00+00:00, run_after=2025-03-08 00:00:00+00:00
[2025-03-08T23:55:45.628+0000] {processor.py:208} INFO - Processing /home/airflow/.local/lib/python3.12/site-packages/airflow/example_dags/example_branch_day_of_week_operator.py took 0.068 seconds
[2025-03-08T23:56:15.863+0000] {processor.py:186} INFO - Started process (PID=2401) to work on /home/airflow/.local/lib/python3.12/site-packages/airflow/example_dags/example_branch_day_of_week_operator.py
[2025-03-08T23:56:15.864+0000] {processor.py:914} INFO - Processing file /home/airflow/.local/lib/python3.12/site-packages/airflow/example_dags/example_branch_day_of_week_operator.py for tasks to queue
[2025-03-08T23:56:15.866+0000] {logging_mixin.py:190} INFO - [2025-03-08T23:56:15.866+0000] {dagbag.py:588} INFO - Filling up the DagBag from /home/airflow/.local/lib/python3.12/site-packages/airflow/example_dags/example_branch_day_of_week_operator.py
[2025-03-08T23:56:15.872+0000] {processor.py:925} INFO - DAG(s) 'example_weekday_branch_operator' retrieved from /home/airflow/.local/lib/python3.12/site-packages/airflow/example_dags/example_branch_day_of_week_operator.py
[2025-03-08T23:56:15.888+0000] {logging_mixin.py:190} INFO - [2025-03-08T23:56:15.887+0000] {dag.py:3239} INFO - Sync 1 DAGs
[2025-03-08T23:56:15.905+0000] {logging_mixin.py:190} INFO - [2025-03-08T23:56:15.905+0000] {dag.py:4180} INFO - Setting next_dagrun for example_weekday_branch_operator to 2025-03-07 00:00:00+00:00, run_after=2025-03-08 00:00:00+00:00
[2025-03-08T23:56:15.918+0000] {processor.py:208} INFO - Processing /home/airflow/.local/lib/python3.12/site-packages/airflow/example_dags/example_branch_day_of_week_operator.py took 0.058 seconds
[2025-03-08T23:56:46.060+0000] {processor.py:186} INFO - Started process (PID=2464) to work on /home/airflow/.local/lib/python3.12/site-packages/airflow/example_dags/example_branch_day_of_week_operator.py
[2025-03-08T23:56:46.060+0000] {processor.py:914} INFO - Processing file /home/airflow/.local/lib/python3.12/site-packages/airflow/example_dags/example_branch_day_of_week_operator.py for tasks to queue
[2025-03-08T23:56:46.062+0000] {logging_mixin.py:190} INFO - [2025-03-08T23:56:46.062+0000] {dagbag.py:588} INFO - Filling up the DagBag from /home/airflow/.local/lib/python3.12/site-packages/airflow/example_dags/example_branch_day_of_week_operator.py
[2025-03-08T23:56:46.069+0000] {processor.py:925} INFO - DAG(s) 'example_weekday_branch_operator' retrieved from /home/airflow/.local/lib/python3.12/site-packages/airflow/example_dags/example_branch_day_of_week_operator.py
[2025-03-08T23:56:46.084+0000] {logging_mixin.py:190} INFO - [2025-03-08T23:56:46.084+0000] {dag.py:3239} INFO - Sync 1 DAGs
[2025-03-08T23:56:46.104+0000] {logging_mixin.py:190} INFO - [2025-03-08T23:56:46.104+0000] {dag.py:4180} INFO - Setting next_dagrun for example_weekday_branch_operator to 2025-03-07 00:00:00+00:00, run_after=2025-03-08 00:00:00+00:00
[2025-03-08T23:56:46.117+0000] {processor.py:208} INFO - Processing /home/airflow/.local/lib/python3.12/site-packages/airflow/example_dags/example_branch_day_of_week_operator.py took 0.062 seconds
[2025-03-08T23:57:16.288+0000] {processor.py:186} INFO - Started process (PID=2527) to work on /home/airflow/.local/lib/python3.12/site-packages/airflow/example_dags/example_branch_day_of_week_operator.py
[2025-03-08T23:57:16.289+0000] {processor.py:914} INFO - Processing file /home/airflow/.local/lib/python3.12/site-packages/airflow/example_dags/example_branch_day_of_week_operator.py for tasks to queue
[2025-03-08T23:57:16.290+0000] {logging_mixin.py:190} INFO - [2025-03-08T23:57:16.290+0000] {dagbag.py:588} INFO - Filling up the DagBag from /home/airflow/.local/lib/python3.12/site-packages/airflow/example_dags/example_branch_day_of_week_operator.py
[2025-03-08T23:57:16.296+0000] {processor.py:925} INFO - DAG(s) 'example_weekday_branch_operator' retrieved from /home/airflow/.local/lib/python3.12/site-packages/airflow/example_dags/example_branch_day_of_week_operator.py
[2025-03-08T23:57:16.311+0000] {logging_mixin.py:190} INFO - [2025-03-08T23:57:16.310+0000] {dag.py:3239} INFO - Sync 1 DAGs
[2025-03-08T23:57:16.327+0000] {logging_mixin.py:190} INFO - [2025-03-08T23:57:16.326+0000] {dag.py:4180} INFO - Setting next_dagrun for example_weekday_branch_operator to 2025-03-07 00:00:00+00:00, run_after=2025-03-08 00:00:00+00:00
[2025-03-08T23:57:16.340+0000] {processor.py:208} INFO - Processing /home/airflow/.local/lib/python3.12/site-packages/airflow/example_dags/example_branch_day_of_week_operator.py took 0.055 seconds
[2025-03-08T23:57:46.839+0000] {processor.py:186} INFO - Started process (PID=2590) to work on /home/airflow/.local/lib/python3.12/site-packages/airflow/example_dags/example_branch_day_of_week_operator.py
[2025-03-08T23:57:46.839+0000] {processor.py:914} INFO - Processing file /home/airflow/.local/lib/python3.12/site-packages/airflow/example_dags/example_branch_day_of_week_operator.py for tasks to queue
[2025-03-08T23:57:46.841+0000] {logging_mixin.py:190} INFO - [2025-03-08T23:57:46.841+0000] {dagbag.py:588} INFO - Filling up the DagBag from /home/airflow/.local/lib/python3.12/site-packages/airflow/example_dags/example_branch_day_of_week_operator.py
[2025-03-08T23:57:46.849+0000] {processor.py:925} INFO - DAG(s) 'example_weekday_branch_operator' retrieved from /home/airflow/.local/lib/python3.12/site-packages/airflow/example_dags/example_branch_day_of_week_operator.py
[2025-03-08T23:57:46.868+0000] {logging_mixin.py:190} INFO - [2025-03-08T23:57:46.868+0000] {dag.py:3239} INFO - Sync 1 DAGs
[2025-03-08T23:57:46.887+0000] {logging_mixin.py:190} INFO - [2025-03-08T23:57:46.887+0000] {dag.py:4180} INFO - Setting next_dagrun for example_weekday_branch_operator to 2025-03-07 00:00:00+00:00, run_after=2025-03-08 00:00:00+00:00
[2025-03-08T23:57:46.903+0000] {processor.py:208} INFO - Processing /home/airflow/.local/lib/python3.12/site-packages/airflow/example_dags/example_branch_day_of_week_operator.py took 0.068 seconds
[2025-03-08T23:58:17.614+0000] {processor.py:186} INFO - Started process (PID=2653) to work on /home/airflow/.local/lib/python3.12/site-packages/airflow/example_dags/example_branch_day_of_week_operator.py
[2025-03-08T23:58:17.615+0000] {processor.py:914} INFO - Processing file /home/airflow/.local/lib/python3.12/site-packages/airflow/example_dags/example_branch_day_of_week_operator.py for tasks to queue
[2025-03-08T23:58:17.617+0000] {logging_mixin.py:190} INFO - [2025-03-08T23:58:17.617+0000] {dagbag.py:588} INFO - Filling up the DagBag from /home/airflow/.local/lib/python3.12/site-packages/airflow/example_dags/example_branch_day_of_week_operator.py
[2025-03-08T23:58:17.623+0000] {processor.py:925} INFO - DAG(s) 'example_weekday_branch_operator' retrieved from /home/airflow/.local/lib/python3.12/site-packages/airflow/example_dags/example_branch_day_of_week_operator.py
[2025-03-08T23:58:17.637+0000] {logging_mixin.py:190} INFO - [2025-03-08T23:58:17.637+0000] {dag.py:3239} INFO - Sync 1 DAGs
[2025-03-08T23:58:17.653+0000] {logging_mixin.py:190} INFO - [2025-03-08T23:58:17.653+0000] {dag.py:4180} INFO - Setting next_dagrun for example_weekday_branch_operator to 2025-03-07 00:00:00+00:00, run_after=2025-03-08 00:00:00+00:00
[2025-03-08T23:58:17.669+0000] {processor.py:208} INFO - Processing /home/airflow/.local/lib/python3.12/site-packages/airflow/example_dags/example_branch_day_of_week_operator.py took 0.058 seconds
