[2025-03-08T22:35:48.136+0000] {processor.py:186} INFO - Started process (PID=102) to work on /home/airflow/.local/lib/python3.12/site-packages/airflow/example_dags/example_latest_only.py
[2025-03-08T22:35:48.137+0000] {processor.py:914} INFO - Processing file /home/airflow/.local/lib/python3.12/site-packages/airflow/example_dags/example_latest_only.py for tasks to queue
[2025-03-08T22:35:48.139+0000] {logging_mixin.py:190} INFO - [2025-03-08T22:35:48.139+0000] {dagbag.py:588} INFO - Filling up the DagBag from /home/airflow/.local/lib/python3.12/site-packages/airflow/example_dags/example_latest_only.py
[2025-03-08T22:35:48.144+0000] {processor.py:925} INFO - DAG(s) 'latest_only' retrieved from /home/airflow/.local/lib/python3.12/site-packages/airflow/example_dags/example_latest_only.py
[2025-03-08T22:35:48.217+0000] {logging_mixin.py:190} INFO - [2025-03-08T22:35:48.216+0000] {override.py:1912} INFO - Created Permission View: can edit on DAG:latest_only
[2025-03-08T22:35:48.225+0000] {logging_mixin.py:190} INFO - [2025-03-08T22:35:48.225+0000] {override.py:1912} INFO - Created Permission View: can read on DAG:latest_only
[2025-03-08T22:35:48.230+0000] {logging_mixin.py:190} INFO - [2025-03-08T22:35:48.230+0000] {override.py:1912} INFO - Created Permission View: can delete on DAG:latest_only
[2025-03-08T22:35:48.236+0000] {logging_mixin.py:190} INFO - [2025-03-08T22:35:48.236+0000] {override.py:1912} INFO - Created Permission View: menu access on DAG Run:latest_only
[2025-03-08T22:35:48.240+0000] {logging_mixin.py:190} INFO - [2025-03-08T22:35:48.240+0000] {override.py:1912} INFO - Created Permission View: can delete on DAG Run:latest_only
[2025-03-08T22:35:48.245+0000] {logging_mixin.py:190} INFO - [2025-03-08T22:35:48.245+0000] {override.py:1912} INFO - Created Permission View: can read on DAG Run:latest_only
[2025-03-08T22:35:48.250+0000] {logging_mixin.py:190} INFO - [2025-03-08T22:35:48.250+0000] {override.py:1912} INFO - Created Permission View: can create on DAG Run:latest_only
[2025-03-08T22:35:48.250+0000] {logging_mixin.py:190} INFO - [2025-03-08T22:35:48.250+0000] {dag.py:3239} INFO - Sync 1 DAGs
[2025-03-08T22:35:48.260+0000] {logging_mixin.py:190} INFO - [2025-03-08T22:35:48.259+0000] {dag.py:3262} INFO - Creating ORM DAG for latest_only
[2025-03-08T22:35:48.266+0000] {logging_mixin.py:190} INFO - [2025-03-08T22:35:48.266+0000] {dag.py:4180} INFO - Setting next_dagrun for latest_only to 2025-03-08 16:00:00+00:00, run_after=2025-03-08 20:00:00+00:00
[2025-03-08T22:35:48.279+0000] {processor.py:208} INFO - Processing /home/airflow/.local/lib/python3.12/site-packages/airflow/example_dags/example_latest_only.py took 0.147 seconds
[2025-03-08T22:36:18.589+0000] {processor.py:186} INFO - Started process (PID=165) to work on /home/airflow/.local/lib/python3.12/site-packages/airflow/example_dags/example_latest_only.py
[2025-03-08T22:36:18.590+0000] {processor.py:914} INFO - Processing file /home/airflow/.local/lib/python3.12/site-packages/airflow/example_dags/example_latest_only.py for tasks to queue
[2025-03-08T22:36:18.591+0000] {logging_mixin.py:190} INFO - [2025-03-08T22:36:18.591+0000] {dagbag.py:588} INFO - Filling up the DagBag from /home/airflow/.local/lib/python3.12/site-packages/airflow/example_dags/example_latest_only.py
[2025-03-08T22:36:18.596+0000] {processor.py:925} INFO - DAG(s) 'latest_only' retrieved from /home/airflow/.local/lib/python3.12/site-packages/airflow/example_dags/example_latest_only.py
[2025-03-08T22:36:18.611+0000] {logging_mixin.py:190} INFO - [2025-03-08T22:36:18.610+0000] {dag.py:3239} INFO - Sync 1 DAGs
[2025-03-08T22:36:18.629+0000] {logging_mixin.py:190} INFO - [2025-03-08T22:36:18.628+0000] {dag.py:4180} INFO - Setting next_dagrun for latest_only to 2025-03-08 16:00:00+00:00, run_after=2025-03-08 20:00:00+00:00
[2025-03-08T22:36:18.651+0000] {processor.py:208} INFO - Processing /home/airflow/.local/lib/python3.12/site-packages/airflow/example_dags/example_latest_only.py took 0.065 seconds
[2025-03-08T22:36:49.054+0000] {processor.py:186} INFO - Started process (PID=227) to work on /home/airflow/.local/lib/python3.12/site-packages/airflow/example_dags/example_latest_only.py
[2025-03-08T22:36:49.055+0000] {processor.py:914} INFO - Processing file /home/airflow/.local/lib/python3.12/site-packages/airflow/example_dags/example_latest_only.py for tasks to queue
[2025-03-08T22:36:49.057+0000] {logging_mixin.py:190} INFO - [2025-03-08T22:36:49.057+0000] {dagbag.py:588} INFO - Filling up the DagBag from /home/airflow/.local/lib/python3.12/site-packages/airflow/example_dags/example_latest_only.py
[2025-03-08T22:36:49.063+0000] {processor.py:925} INFO - DAG(s) 'latest_only' retrieved from /home/airflow/.local/lib/python3.12/site-packages/airflow/example_dags/example_latest_only.py
[2025-03-08T22:36:49.079+0000] {logging_mixin.py:190} INFO - [2025-03-08T22:36:49.079+0000] {dag.py:3239} INFO - Sync 1 DAGs
[2025-03-08T22:36:49.097+0000] {logging_mixin.py:190} INFO - [2025-03-08T22:36:49.096+0000] {dag.py:4180} INFO - Setting next_dagrun for latest_only to 2025-03-08 16:00:00+00:00, run_after=2025-03-08 20:00:00+00:00
[2025-03-08T22:36:49.111+0000] {processor.py:208} INFO - Processing /home/airflow/.local/lib/python3.12/site-packages/airflow/example_dags/example_latest_only.py took 0.064 seconds
[2025-03-08T22:37:19.875+0000] {processor.py:186} INFO - Started process (PID=290) to work on /home/airflow/.local/lib/python3.12/site-packages/airflow/example_dags/example_latest_only.py
[2025-03-08T22:37:19.876+0000] {processor.py:914} INFO - Processing file /home/airflow/.local/lib/python3.12/site-packages/airflow/example_dags/example_latest_only.py for tasks to queue
[2025-03-08T22:37:19.877+0000] {logging_mixin.py:190} INFO - [2025-03-08T22:37:19.877+0000] {dagbag.py:588} INFO - Filling up the DagBag from /home/airflow/.local/lib/python3.12/site-packages/airflow/example_dags/example_latest_only.py
[2025-03-08T22:37:19.883+0000] {processor.py:925} INFO - DAG(s) 'latest_only' retrieved from /home/airflow/.local/lib/python3.12/site-packages/airflow/example_dags/example_latest_only.py
[2025-03-08T22:37:19.898+0000] {logging_mixin.py:190} INFO - [2025-03-08T22:37:19.898+0000] {dag.py:3239} INFO - Sync 1 DAGs
[2025-03-08T22:37:19.917+0000] {logging_mixin.py:190} INFO - [2025-03-08T22:37:19.917+0000] {dag.py:4180} INFO - Setting next_dagrun for latest_only to 2025-03-08 16:00:00+00:00, run_after=2025-03-08 20:00:00+00:00
[2025-03-08T22:37:19.932+0000] {processor.py:208} INFO - Processing /home/airflow/.local/lib/python3.12/site-packages/airflow/example_dags/example_latest_only.py took 0.062 seconds
[2025-03-08T22:37:50.502+0000] {processor.py:186} INFO - Started process (PID=353) to work on /home/airflow/.local/lib/python3.12/site-packages/airflow/example_dags/example_latest_only.py
[2025-03-08T22:37:50.503+0000] {processor.py:914} INFO - Processing file /home/airflow/.local/lib/python3.12/site-packages/airflow/example_dags/example_latest_only.py for tasks to queue
[2025-03-08T22:37:50.504+0000] {logging_mixin.py:190} INFO - [2025-03-08T22:37:50.504+0000] {dagbag.py:588} INFO - Filling up the DagBag from /home/airflow/.local/lib/python3.12/site-packages/airflow/example_dags/example_latest_only.py
[2025-03-08T22:37:50.509+0000] {processor.py:925} INFO - DAG(s) 'latest_only' retrieved from /home/airflow/.local/lib/python3.12/site-packages/airflow/example_dags/example_latest_only.py
[2025-03-08T22:37:50.525+0000] {logging_mixin.py:190} INFO - [2025-03-08T22:37:50.525+0000] {dag.py:3239} INFO - Sync 1 DAGs
[2025-03-08T22:37:50.542+0000] {logging_mixin.py:190} INFO - [2025-03-08T22:37:50.542+0000] {dag.py:4180} INFO - Setting next_dagrun for latest_only to 2025-03-08 16:00:00+00:00, run_after=2025-03-08 20:00:00+00:00
[2025-03-08T22:37:50.555+0000] {processor.py:208} INFO - Processing /home/airflow/.local/lib/python3.12/site-packages/airflow/example_dags/example_latest_only.py took 0.058 seconds
[2025-03-08T22:38:21.694+0000] {processor.py:186} INFO - Started process (PID=416) to work on /home/airflow/.local/lib/python3.12/site-packages/airflow/example_dags/example_latest_only.py
[2025-03-08T22:38:21.694+0000] {processor.py:914} INFO - Processing file /home/airflow/.local/lib/python3.12/site-packages/airflow/example_dags/example_latest_only.py for tasks to queue
[2025-03-08T22:38:21.696+0000] {logging_mixin.py:190} INFO - [2025-03-08T22:38:21.696+0000] {dagbag.py:588} INFO - Filling up the DagBag from /home/airflow/.local/lib/python3.12/site-packages/airflow/example_dags/example_latest_only.py
[2025-03-08T22:38:21.702+0000] {processor.py:925} INFO - DAG(s) 'latest_only' retrieved from /home/airflow/.local/lib/python3.12/site-packages/airflow/example_dags/example_latest_only.py
[2025-03-08T22:38:21.717+0000] {logging_mixin.py:190} INFO - [2025-03-08T22:38:21.717+0000] {dag.py:3239} INFO - Sync 1 DAGs
[2025-03-08T22:38:21.734+0000] {logging_mixin.py:190} INFO - [2025-03-08T22:38:21.734+0000] {dag.py:4180} INFO - Setting next_dagrun for latest_only to 2025-03-08 16:00:00+00:00, run_after=2025-03-08 20:00:00+00:00
[2025-03-08T22:38:21.748+0000] {processor.py:208} INFO - Processing /home/airflow/.local/lib/python3.12/site-packages/airflow/example_dags/example_latest_only.py took 0.059 seconds
[2025-03-08T22:38:52.929+0000] {processor.py:186} INFO - Started process (PID=479) to work on /home/airflow/.local/lib/python3.12/site-packages/airflow/example_dags/example_latest_only.py
[2025-03-08T22:38:52.930+0000] {processor.py:914} INFO - Processing file /home/airflow/.local/lib/python3.12/site-packages/airflow/example_dags/example_latest_only.py for tasks to queue
[2025-03-08T22:38:52.932+0000] {logging_mixin.py:190} INFO - [2025-03-08T22:38:52.931+0000] {dagbag.py:588} INFO - Filling up the DagBag from /home/airflow/.local/lib/python3.12/site-packages/airflow/example_dags/example_latest_only.py
[2025-03-08T22:38:52.936+0000] {processor.py:925} INFO - DAG(s) 'latest_only' retrieved from /home/airflow/.local/lib/python3.12/site-packages/airflow/example_dags/example_latest_only.py
[2025-03-08T22:38:52.951+0000] {logging_mixin.py:190} INFO - [2025-03-08T22:38:52.950+0000] {dag.py:3239} INFO - Sync 1 DAGs
[2025-03-08T22:38:52.967+0000] {logging_mixin.py:190} INFO - [2025-03-08T22:38:52.967+0000] {dag.py:4180} INFO - Setting next_dagrun for latest_only to 2025-03-08 16:00:00+00:00, run_after=2025-03-08 20:00:00+00:00
[2025-03-08T22:38:52.982+0000] {processor.py:208} INFO - Processing /home/airflow/.local/lib/python3.12/site-packages/airflow/example_dags/example_latest_only.py took 0.057 seconds
[2025-03-08T23:37:27.712+0000] {processor.py:186} INFO - Started process (PID=96) to work on /home/airflow/.local/lib/python3.12/site-packages/airflow/example_dags/example_latest_only.py
[2025-03-08T23:37:27.713+0000] {processor.py:914} INFO - Processing file /home/airflow/.local/lib/python3.12/site-packages/airflow/example_dags/example_latest_only.py for tasks to queue
[2025-03-08T23:37:27.715+0000] {logging_mixin.py:190} INFO - [2025-03-08T23:37:27.715+0000] {dagbag.py:588} INFO - Filling up the DagBag from /home/airflow/.local/lib/python3.12/site-packages/airflow/example_dags/example_latest_only.py
[2025-03-08T23:37:27.720+0000] {processor.py:925} INFO - DAG(s) 'latest_only' retrieved from /home/airflow/.local/lib/python3.12/site-packages/airflow/example_dags/example_latest_only.py
[2025-03-08T23:37:27.737+0000] {logging_mixin.py:190} INFO - [2025-03-08T23:37:27.737+0000] {dag.py:3239} INFO - Sync 1 DAGs
[2025-03-08T23:37:27.764+0000] {logging_mixin.py:190} INFO - [2025-03-08T23:37:27.763+0000] {dag.py:4180} INFO - Setting next_dagrun for latest_only to 2025-03-08 16:00:00+00:00, run_after=2025-03-08 20:00:00+00:00
[2025-03-08T23:37:27.779+0000] {processor.py:208} INFO - Processing /home/airflow/.local/lib/python3.12/site-packages/airflow/example_dags/example_latest_only.py took 0.072 seconds
[2025-03-08T23:37:58.083+0000] {processor.py:186} INFO - Started process (PID=164) to work on /home/airflow/.local/lib/python3.12/site-packages/airflow/example_dags/example_latest_only.py
[2025-03-08T23:37:58.084+0000] {processor.py:914} INFO - Processing file /home/airflow/.local/lib/python3.12/site-packages/airflow/example_dags/example_latest_only.py for tasks to queue
[2025-03-08T23:37:58.085+0000] {logging_mixin.py:190} INFO - [2025-03-08T23:37:58.085+0000] {dagbag.py:588} INFO - Filling up the DagBag from /home/airflow/.local/lib/python3.12/site-packages/airflow/example_dags/example_latest_only.py
[2025-03-08T23:37:58.090+0000] {processor.py:925} INFO - DAG(s) 'latest_only' retrieved from /home/airflow/.local/lib/python3.12/site-packages/airflow/example_dags/example_latest_only.py
[2025-03-08T23:37:58.107+0000] {logging_mixin.py:190} INFO - [2025-03-08T23:37:58.106+0000] {dag.py:3239} INFO - Sync 1 DAGs
[2025-03-08T23:37:58.128+0000] {logging_mixin.py:190} INFO - [2025-03-08T23:37:58.128+0000] {dag.py:4180} INFO - Setting next_dagrun for latest_only to 2025-03-08 16:00:00+00:00, run_after=2025-03-08 20:00:00+00:00
[2025-03-08T23:37:58.143+0000] {processor.py:208} INFO - Processing /home/airflow/.local/lib/python3.12/site-packages/airflow/example_dags/example_latest_only.py took 0.064 seconds
[2025-03-08T23:38:28.706+0000] {processor.py:186} INFO - Started process (PID=227) to work on /home/airflow/.local/lib/python3.12/site-packages/airflow/example_dags/example_latest_only.py
[2025-03-08T23:38:28.707+0000] {processor.py:914} INFO - Processing file /home/airflow/.local/lib/python3.12/site-packages/airflow/example_dags/example_latest_only.py for tasks to queue
[2025-03-08T23:38:28.709+0000] {logging_mixin.py:190} INFO - [2025-03-08T23:38:28.709+0000] {dagbag.py:588} INFO - Filling up the DagBag from /home/airflow/.local/lib/python3.12/site-packages/airflow/example_dags/example_latest_only.py
[2025-03-08T23:38:28.716+0000] {processor.py:925} INFO - DAG(s) 'latest_only' retrieved from /home/airflow/.local/lib/python3.12/site-packages/airflow/example_dags/example_latest_only.py
[2025-03-08T23:38:28.732+0000] {logging_mixin.py:190} INFO - [2025-03-08T23:38:28.732+0000] {dag.py:3239} INFO - Sync 1 DAGs
[2025-03-08T23:38:28.752+0000] {logging_mixin.py:190} INFO - [2025-03-08T23:38:28.752+0000] {dag.py:4180} INFO - Setting next_dagrun for latest_only to 2025-03-08 16:00:00+00:00, run_after=2025-03-08 20:00:00+00:00
[2025-03-08T23:38:28.770+0000] {processor.py:208} INFO - Processing /home/airflow/.local/lib/python3.12/site-packages/airflow/example_dags/example_latest_only.py took 0.069 seconds
[2025-03-08T23:38:59.799+0000] {processor.py:186} INFO - Started process (PID=290) to work on /home/airflow/.local/lib/python3.12/site-packages/airflow/example_dags/example_latest_only.py
[2025-03-08T23:38:59.800+0000] {processor.py:914} INFO - Processing file /home/airflow/.local/lib/python3.12/site-packages/airflow/example_dags/example_latest_only.py for tasks to queue
[2025-03-08T23:38:59.801+0000] {logging_mixin.py:190} INFO - [2025-03-08T23:38:59.801+0000] {dagbag.py:588} INFO - Filling up the DagBag from /home/airflow/.local/lib/python3.12/site-packages/airflow/example_dags/example_latest_only.py
[2025-03-08T23:38:59.806+0000] {processor.py:925} INFO - DAG(s) 'latest_only' retrieved from /home/airflow/.local/lib/python3.12/site-packages/airflow/example_dags/example_latest_only.py
[2025-03-08T23:38:59.820+0000] {logging_mixin.py:190} INFO - [2025-03-08T23:38:59.819+0000] {dag.py:3239} INFO - Sync 1 DAGs
[2025-03-08T23:38:59.838+0000] {logging_mixin.py:190} INFO - [2025-03-08T23:38:59.837+0000] {dag.py:4180} INFO - Setting next_dagrun for latest_only to 2025-03-08 16:00:00+00:00, run_after=2025-03-08 20:00:00+00:00
[2025-03-08T23:38:59.852+0000] {processor.py:208} INFO - Processing /home/airflow/.local/lib/python3.12/site-packages/airflow/example_dags/example_latest_only.py took 0.057 seconds
[2025-03-08T23:39:31.176+0000] {processor.py:186} INFO - Started process (PID=353) to work on /home/airflow/.local/lib/python3.12/site-packages/airflow/example_dags/example_latest_only.py
[2025-03-08T23:39:31.177+0000] {processor.py:914} INFO - Processing file /home/airflow/.local/lib/python3.12/site-packages/airflow/example_dags/example_latest_only.py for tasks to queue
[2025-03-08T23:39:31.179+0000] {logging_mixin.py:190} INFO - [2025-03-08T23:39:31.178+0000] {dagbag.py:588} INFO - Filling up the DagBag from /home/airflow/.local/lib/python3.12/site-packages/airflow/example_dags/example_latest_only.py
[2025-03-08T23:39:31.185+0000] {processor.py:925} INFO - DAG(s) 'latest_only' retrieved from /home/airflow/.local/lib/python3.12/site-packages/airflow/example_dags/example_latest_only.py
[2025-03-08T23:39:31.200+0000] {logging_mixin.py:190} INFO - [2025-03-08T23:39:31.200+0000] {dag.py:3239} INFO - Sync 1 DAGs
[2025-03-08T23:39:31.220+0000] {logging_mixin.py:190} INFO - [2025-03-08T23:39:31.220+0000] {dag.py:4180} INFO - Setting next_dagrun for latest_only to 2025-03-08 16:00:00+00:00, run_after=2025-03-08 20:00:00+00:00
[2025-03-08T23:39:31.238+0000] {processor.py:208} INFO - Processing /home/airflow/.local/lib/python3.12/site-packages/airflow/example_dags/example_latest_only.py took 0.066 seconds
[2025-03-08T23:40:02.547+0000] {processor.py:186} INFO - Started process (PID=416) to work on /home/airflow/.local/lib/python3.12/site-packages/airflow/example_dags/example_latest_only.py
[2025-03-08T23:40:02.547+0000] {processor.py:914} INFO - Processing file /home/airflow/.local/lib/python3.12/site-packages/airflow/example_dags/example_latest_only.py for tasks to queue
[2025-03-08T23:40:02.550+0000] {logging_mixin.py:190} INFO - [2025-03-08T23:40:02.549+0000] {dagbag.py:588} INFO - Filling up the DagBag from /home/airflow/.local/lib/python3.12/site-packages/airflow/example_dags/example_latest_only.py
[2025-03-08T23:40:02.554+0000] {processor.py:925} INFO - DAG(s) 'latest_only' retrieved from /home/airflow/.local/lib/python3.12/site-packages/airflow/example_dags/example_latest_only.py
[2025-03-08T23:40:02.568+0000] {logging_mixin.py:190} INFO - [2025-03-08T23:40:02.568+0000] {dag.py:3239} INFO - Sync 1 DAGs
[2025-03-08T23:40:02.587+0000] {logging_mixin.py:190} INFO - [2025-03-08T23:40:02.587+0000] {dag.py:4180} INFO - Setting next_dagrun for latest_only to 2025-03-08 16:00:00+00:00, run_after=2025-03-08 20:00:00+00:00
[2025-03-08T23:40:02.602+0000] {processor.py:208} INFO - Processing /home/airflow/.local/lib/python3.12/site-packages/airflow/example_dags/example_latest_only.py took 0.059 seconds
[2025-03-08T23:40:34.456+0000] {processor.py:186} INFO - Started process (PID=479) to work on /home/airflow/.local/lib/python3.12/site-packages/airflow/example_dags/example_latest_only.py
[2025-03-08T23:40:34.457+0000] {processor.py:914} INFO - Processing file /home/airflow/.local/lib/python3.12/site-packages/airflow/example_dags/example_latest_only.py for tasks to queue
[2025-03-08T23:40:34.458+0000] {logging_mixin.py:190} INFO - [2025-03-08T23:40:34.458+0000] {dagbag.py:588} INFO - Filling up the DagBag from /home/airflow/.local/lib/python3.12/site-packages/airflow/example_dags/example_latest_only.py
[2025-03-08T23:40:34.463+0000] {processor.py:925} INFO - DAG(s) 'latest_only' retrieved from /home/airflow/.local/lib/python3.12/site-packages/airflow/example_dags/example_latest_only.py
[2025-03-08T23:40:34.480+0000] {logging_mixin.py:190} INFO - [2025-03-08T23:40:34.479+0000] {dag.py:3239} INFO - Sync 1 DAGs
[2025-03-08T23:40:34.499+0000] {logging_mixin.py:190} INFO - [2025-03-08T23:40:34.499+0000] {dag.py:4180} INFO - Setting next_dagrun for latest_only to 2025-03-08 16:00:00+00:00, run_after=2025-03-08 20:00:00+00:00
[2025-03-08T23:40:34.515+0000] {processor.py:208} INFO - Processing /home/airflow/.local/lib/python3.12/site-packages/airflow/example_dags/example_latest_only.py took 0.064 seconds
[2025-03-08T23:41:05.295+0000] {processor.py:186} INFO - Started process (PID=542) to work on /home/airflow/.local/lib/python3.12/site-packages/airflow/example_dags/example_latest_only.py
[2025-03-08T23:41:05.299+0000] {processor.py:914} INFO - Processing file /home/airflow/.local/lib/python3.12/site-packages/airflow/example_dags/example_latest_only.py for tasks to queue
[2025-03-08T23:41:05.300+0000] {logging_mixin.py:190} INFO - [2025-03-08T23:41:05.300+0000] {dagbag.py:588} INFO - Filling up the DagBag from /home/airflow/.local/lib/python3.12/site-packages/airflow/example_dags/example_latest_only.py
[2025-03-08T23:41:05.306+0000] {processor.py:925} INFO - DAG(s) 'latest_only' retrieved from /home/airflow/.local/lib/python3.12/site-packages/airflow/example_dags/example_latest_only.py
[2025-03-08T23:41:05.321+0000] {logging_mixin.py:190} INFO - [2025-03-08T23:41:05.321+0000] {dag.py:3239} INFO - Sync 1 DAGs
[2025-03-08T23:41:05.345+0000] {logging_mixin.py:190} INFO - [2025-03-08T23:41:05.345+0000] {dag.py:4180} INFO - Setting next_dagrun for latest_only to 2025-03-08 16:00:00+00:00, run_after=2025-03-08 20:00:00+00:00
[2025-03-08T23:41:05.362+0000] {processor.py:208} INFO - Processing /home/airflow/.local/lib/python3.12/site-packages/airflow/example_dags/example_latest_only.py took 0.072 seconds
[2025-03-08T23:41:35.753+0000] {processor.py:186} INFO - Started process (PID=605) to work on /home/airflow/.local/lib/python3.12/site-packages/airflow/example_dags/example_latest_only.py
[2025-03-08T23:41:35.753+0000] {processor.py:914} INFO - Processing file /home/airflow/.local/lib/python3.12/site-packages/airflow/example_dags/example_latest_only.py for tasks to queue
[2025-03-08T23:41:35.755+0000] {logging_mixin.py:190} INFO - [2025-03-08T23:41:35.755+0000] {dagbag.py:588} INFO - Filling up the DagBag from /home/airflow/.local/lib/python3.12/site-packages/airflow/example_dags/example_latest_only.py
[2025-03-08T23:41:35.761+0000] {processor.py:925} INFO - DAG(s) 'latest_only' retrieved from /home/airflow/.local/lib/python3.12/site-packages/airflow/example_dags/example_latest_only.py
[2025-03-08T23:41:35.777+0000] {logging_mixin.py:190} INFO - [2025-03-08T23:41:35.776+0000] {dag.py:3239} INFO - Sync 1 DAGs
[2025-03-08T23:41:35.796+0000] {logging_mixin.py:190} INFO - [2025-03-08T23:41:35.795+0000] {dag.py:4180} INFO - Setting next_dagrun for latest_only to 2025-03-08 16:00:00+00:00, run_after=2025-03-08 20:00:00+00:00
[2025-03-08T23:41:35.811+0000] {processor.py:208} INFO - Processing /home/airflow/.local/lib/python3.12/site-packages/airflow/example_dags/example_latest_only.py took 0.062 seconds
[2025-03-08T23:42:07.463+0000] {processor.py:186} INFO - Started process (PID=668) to work on /home/airflow/.local/lib/python3.12/site-packages/airflow/example_dags/example_latest_only.py
[2025-03-08T23:42:07.464+0000] {processor.py:914} INFO - Processing file /home/airflow/.local/lib/python3.12/site-packages/airflow/example_dags/example_latest_only.py for tasks to queue
[2025-03-08T23:42:07.467+0000] {logging_mixin.py:190} INFO - [2025-03-08T23:42:07.466+0000] {dagbag.py:588} INFO - Filling up the DagBag from /home/airflow/.local/lib/python3.12/site-packages/airflow/example_dags/example_latest_only.py
[2025-03-08T23:42:07.473+0000] {processor.py:925} INFO - DAG(s) 'latest_only' retrieved from /home/airflow/.local/lib/python3.12/site-packages/airflow/example_dags/example_latest_only.py
[2025-03-08T23:42:07.490+0000] {logging_mixin.py:190} INFO - [2025-03-08T23:42:07.489+0000] {dag.py:3239} INFO - Sync 1 DAGs
[2025-03-08T23:42:07.508+0000] {logging_mixin.py:190} INFO - [2025-03-08T23:42:07.508+0000] {dag.py:4180} INFO - Setting next_dagrun for latest_only to 2025-03-08 16:00:00+00:00, run_after=2025-03-08 20:00:00+00:00
[2025-03-08T23:42:07.523+0000] {processor.py:208} INFO - Processing /home/airflow/.local/lib/python3.12/site-packages/airflow/example_dags/example_latest_only.py took 0.065 seconds
[2025-03-08T23:42:39.333+0000] {processor.py:186} INFO - Started process (PID=731) to work on /home/airflow/.local/lib/python3.12/site-packages/airflow/example_dags/example_latest_only.py
[2025-03-08T23:42:39.334+0000] {processor.py:914} INFO - Processing file /home/airflow/.local/lib/python3.12/site-packages/airflow/example_dags/example_latest_only.py for tasks to queue
[2025-03-08T23:42:39.336+0000] {logging_mixin.py:190} INFO - [2025-03-08T23:42:39.336+0000] {dagbag.py:588} INFO - Filling up the DagBag from /home/airflow/.local/lib/python3.12/site-packages/airflow/example_dags/example_latest_only.py
[2025-03-08T23:42:39.342+0000] {processor.py:925} INFO - DAG(s) 'latest_only' retrieved from /home/airflow/.local/lib/python3.12/site-packages/airflow/example_dags/example_latest_only.py
[2025-03-08T23:42:39.358+0000] {logging_mixin.py:190} INFO - [2025-03-08T23:42:39.358+0000] {dag.py:3239} INFO - Sync 1 DAGs
[2025-03-08T23:42:39.376+0000] {logging_mixin.py:190} INFO - [2025-03-08T23:42:39.376+0000] {dag.py:4180} INFO - Setting next_dagrun for latest_only to 2025-03-08 16:00:00+00:00, run_after=2025-03-08 20:00:00+00:00
[2025-03-08T23:42:39.392+0000] {processor.py:208} INFO - Processing /home/airflow/.local/lib/python3.12/site-packages/airflow/example_dags/example_latest_only.py took 0.065 seconds
[2025-03-08T23:43:10.373+0000] {processor.py:186} INFO - Started process (PID=795) to work on /home/airflow/.local/lib/python3.12/site-packages/airflow/example_dags/example_latest_only.py
[2025-03-08T23:43:10.374+0000] {processor.py:914} INFO - Processing file /home/airflow/.local/lib/python3.12/site-packages/airflow/example_dags/example_latest_only.py for tasks to queue
[2025-03-08T23:43:10.375+0000] {logging_mixin.py:190} INFO - [2025-03-08T23:43:10.375+0000] {dagbag.py:588} INFO - Filling up the DagBag from /home/airflow/.local/lib/python3.12/site-packages/airflow/example_dags/example_latest_only.py
[2025-03-08T23:43:10.381+0000] {processor.py:925} INFO - DAG(s) 'latest_only' retrieved from /home/airflow/.local/lib/python3.12/site-packages/airflow/example_dags/example_latest_only.py
[2025-03-08T23:43:10.397+0000] {logging_mixin.py:190} INFO - [2025-03-08T23:43:10.397+0000] {dag.py:3239} INFO - Sync 1 DAGs
[2025-03-08T23:43:10.415+0000] {logging_mixin.py:190} INFO - [2025-03-08T23:43:10.415+0000] {dag.py:4180} INFO - Setting next_dagrun for latest_only to 2025-03-08 16:00:00+00:00, run_after=2025-03-08 20:00:00+00:00
[2025-03-08T23:43:10.432+0000] {processor.py:208} INFO - Processing /home/airflow/.local/lib/python3.12/site-packages/airflow/example_dags/example_latest_only.py took 0.063 seconds
[2025-03-08T23:43:40.880+0000] {processor.py:186} INFO - Started process (PID=858) to work on /home/airflow/.local/lib/python3.12/site-packages/airflow/example_dags/example_latest_only.py
[2025-03-08T23:43:40.881+0000] {processor.py:914} INFO - Processing file /home/airflow/.local/lib/python3.12/site-packages/airflow/example_dags/example_latest_only.py for tasks to queue
[2025-03-08T23:43:40.884+0000] {logging_mixin.py:190} INFO - [2025-03-08T23:43:40.884+0000] {dagbag.py:588} INFO - Filling up the DagBag from /home/airflow/.local/lib/python3.12/site-packages/airflow/example_dags/example_latest_only.py
[2025-03-08T23:43:40.890+0000] {processor.py:925} INFO - DAG(s) 'latest_only' retrieved from /home/airflow/.local/lib/python3.12/site-packages/airflow/example_dags/example_latest_only.py
[2025-03-08T23:43:40.907+0000] {logging_mixin.py:190} INFO - [2025-03-08T23:43:40.907+0000] {dag.py:3239} INFO - Sync 1 DAGs
[2025-03-08T23:43:40.927+0000] {logging_mixin.py:190} INFO - [2025-03-08T23:43:40.927+0000] {dag.py:4180} INFO - Setting next_dagrun for latest_only to 2025-03-08 16:00:00+00:00, run_after=2025-03-08 20:00:00+00:00
[2025-03-08T23:43:40.942+0000] {processor.py:208} INFO - Processing /home/airflow/.local/lib/python3.12/site-packages/airflow/example_dags/example_latest_only.py took 0.067 seconds
[2025-03-08T23:44:11.299+0000] {processor.py:186} INFO - Started process (PID=921) to work on /home/airflow/.local/lib/python3.12/site-packages/airflow/example_dags/example_latest_only.py
[2025-03-08T23:44:11.300+0000] {processor.py:914} INFO - Processing file /home/airflow/.local/lib/python3.12/site-packages/airflow/example_dags/example_latest_only.py for tasks to queue
[2025-03-08T23:44:11.302+0000] {logging_mixin.py:190} INFO - [2025-03-08T23:44:11.302+0000] {dagbag.py:588} INFO - Filling up the DagBag from /home/airflow/.local/lib/python3.12/site-packages/airflow/example_dags/example_latest_only.py
[2025-03-08T23:44:11.309+0000] {processor.py:925} INFO - DAG(s) 'latest_only' retrieved from /home/airflow/.local/lib/python3.12/site-packages/airflow/example_dags/example_latest_only.py
[2025-03-08T23:44:11.327+0000] {logging_mixin.py:190} INFO - [2025-03-08T23:44:11.326+0000] {dag.py:3239} INFO - Sync 1 DAGs
[2025-03-08T23:44:11.347+0000] {logging_mixin.py:190} INFO - [2025-03-08T23:44:11.346+0000] {dag.py:4180} INFO - Setting next_dagrun for latest_only to 2025-03-08 16:00:00+00:00, run_after=2025-03-08 20:00:00+00:00
[2025-03-08T23:44:11.365+0000] {processor.py:208} INFO - Processing /home/airflow/.local/lib/python3.12/site-packages/airflow/example_dags/example_latest_only.py took 0.071 seconds
[2025-03-08T23:44:42.423+0000] {processor.py:186} INFO - Started process (PID=984) to work on /home/airflow/.local/lib/python3.12/site-packages/airflow/example_dags/example_latest_only.py
[2025-03-08T23:44:42.424+0000] {processor.py:914} INFO - Processing file /home/airflow/.local/lib/python3.12/site-packages/airflow/example_dags/example_latest_only.py for tasks to queue
[2025-03-08T23:44:42.426+0000] {logging_mixin.py:190} INFO - [2025-03-08T23:44:42.426+0000] {dagbag.py:588} INFO - Filling up the DagBag from /home/airflow/.local/lib/python3.12/site-packages/airflow/example_dags/example_latest_only.py
[2025-03-08T23:44:42.431+0000] {processor.py:925} INFO - DAG(s) 'latest_only' retrieved from /home/airflow/.local/lib/python3.12/site-packages/airflow/example_dags/example_latest_only.py
[2025-03-08T23:44:42.447+0000] {logging_mixin.py:190} INFO - [2025-03-08T23:44:42.447+0000] {dag.py:3239} INFO - Sync 1 DAGs
[2025-03-08T23:44:42.470+0000] {logging_mixin.py:190} INFO - [2025-03-08T23:44:42.470+0000] {dag.py:4180} INFO - Setting next_dagrun for latest_only to 2025-03-08 16:00:00+00:00, run_after=2025-03-08 20:00:00+00:00
[2025-03-08T23:44:42.488+0000] {processor.py:208} INFO - Processing /home/airflow/.local/lib/python3.12/site-packages/airflow/example_dags/example_latest_only.py took 0.070 seconds
[2025-03-08T23:45:13.397+0000] {processor.py:186} INFO - Started process (PID=1047) to work on /home/airflow/.local/lib/python3.12/site-packages/airflow/example_dags/example_latest_only.py
[2025-03-08T23:45:13.397+0000] {processor.py:914} INFO - Processing file /home/airflow/.local/lib/python3.12/site-packages/airflow/example_dags/example_latest_only.py for tasks to queue
[2025-03-08T23:45:13.399+0000] {logging_mixin.py:190} INFO - [2025-03-08T23:45:13.399+0000] {dagbag.py:588} INFO - Filling up the DagBag from /home/airflow/.local/lib/python3.12/site-packages/airflow/example_dags/example_latest_only.py
[2025-03-08T23:45:13.404+0000] {processor.py:925} INFO - DAG(s) 'latest_only' retrieved from /home/airflow/.local/lib/python3.12/site-packages/airflow/example_dags/example_latest_only.py
[2025-03-08T23:45:13.420+0000] {logging_mixin.py:190} INFO - [2025-03-08T23:45:13.419+0000] {dag.py:3239} INFO - Sync 1 DAGs
[2025-03-08T23:45:13.440+0000] {logging_mixin.py:190} INFO - [2025-03-08T23:45:13.440+0000] {dag.py:4180} INFO - Setting next_dagrun for latest_only to 2025-03-08 16:00:00+00:00, run_after=2025-03-08 20:00:00+00:00
[2025-03-08T23:45:13.452+0000] {processor.py:208} INFO - Processing /home/airflow/.local/lib/python3.12/site-packages/airflow/example_dags/example_latest_only.py took 0.060 seconds
[2025-03-08T23:45:44.383+0000] {processor.py:186} INFO - Started process (PID=1110) to work on /home/airflow/.local/lib/python3.12/site-packages/airflow/example_dags/example_latest_only.py
[2025-03-08T23:45:44.384+0000] {processor.py:914} INFO - Processing file /home/airflow/.local/lib/python3.12/site-packages/airflow/example_dags/example_latest_only.py for tasks to queue
[2025-03-08T23:45:44.386+0000] {logging_mixin.py:190} INFO - [2025-03-08T23:45:44.385+0000] {dagbag.py:588} INFO - Filling up the DagBag from /home/airflow/.local/lib/python3.12/site-packages/airflow/example_dags/example_latest_only.py
[2025-03-08T23:45:44.390+0000] {processor.py:925} INFO - DAG(s) 'latest_only' retrieved from /home/airflow/.local/lib/python3.12/site-packages/airflow/example_dags/example_latest_only.py
[2025-03-08T23:45:44.407+0000] {logging_mixin.py:190} INFO - [2025-03-08T23:45:44.407+0000] {dag.py:3239} INFO - Sync 1 DAGs
[2025-03-08T23:45:44.425+0000] {logging_mixin.py:190} INFO - [2025-03-08T23:45:44.425+0000] {dag.py:4180} INFO - Setting next_dagrun for latest_only to 2025-03-08 16:00:00+00:00, run_after=2025-03-08 20:00:00+00:00
[2025-03-08T23:45:44.439+0000] {processor.py:208} INFO - Processing /home/airflow/.local/lib/python3.12/site-packages/airflow/example_dags/example_latest_only.py took 0.061 seconds
[2025-03-08T23:46:15.412+0000] {processor.py:186} INFO - Started process (PID=1173) to work on /home/airflow/.local/lib/python3.12/site-packages/airflow/example_dags/example_latest_only.py
[2025-03-08T23:46:15.413+0000] {processor.py:914} INFO - Processing file /home/airflow/.local/lib/python3.12/site-packages/airflow/example_dags/example_latest_only.py for tasks to queue
[2025-03-08T23:46:15.415+0000] {logging_mixin.py:190} INFO - [2025-03-08T23:46:15.415+0000] {dagbag.py:588} INFO - Filling up the DagBag from /home/airflow/.local/lib/python3.12/site-packages/airflow/example_dags/example_latest_only.py
[2025-03-08T23:46:15.420+0000] {processor.py:925} INFO - DAG(s) 'latest_only' retrieved from /home/airflow/.local/lib/python3.12/site-packages/airflow/example_dags/example_latest_only.py
[2025-03-08T23:46:15.436+0000] {logging_mixin.py:190} INFO - [2025-03-08T23:46:15.436+0000] {dag.py:3239} INFO - Sync 1 DAGs
[2025-03-08T23:46:15.453+0000] {logging_mixin.py:190} INFO - [2025-03-08T23:46:15.453+0000] {dag.py:4180} INFO - Setting next_dagrun for latest_only to 2025-03-08 16:00:00+00:00, run_after=2025-03-08 20:00:00+00:00
[2025-03-08T23:46:15.469+0000] {processor.py:208} INFO - Processing /home/airflow/.local/lib/python3.12/site-packages/airflow/example_dags/example_latest_only.py took 0.061 seconds
[2025-03-08T23:46:46.440+0000] {processor.py:186} INFO - Started process (PID=1236) to work on /home/airflow/.local/lib/python3.12/site-packages/airflow/example_dags/example_latest_only.py
[2025-03-08T23:46:46.440+0000] {processor.py:914} INFO - Processing file /home/airflow/.local/lib/python3.12/site-packages/airflow/example_dags/example_latest_only.py for tasks to queue
[2025-03-08T23:46:46.442+0000] {logging_mixin.py:190} INFO - [2025-03-08T23:46:46.442+0000] {dagbag.py:588} INFO - Filling up the DagBag from /home/airflow/.local/lib/python3.12/site-packages/airflow/example_dags/example_latest_only.py
[2025-03-08T23:46:46.446+0000] {processor.py:925} INFO - DAG(s) 'latest_only' retrieved from /home/airflow/.local/lib/python3.12/site-packages/airflow/example_dags/example_latest_only.py
[2025-03-08T23:46:46.461+0000] {logging_mixin.py:190} INFO - [2025-03-08T23:46:46.461+0000] {dag.py:3239} INFO - Sync 1 DAGs
[2025-03-08T23:46:46.476+0000] {logging_mixin.py:190} INFO - [2025-03-08T23:46:46.476+0000] {dag.py:4180} INFO - Setting next_dagrun for latest_only to 2025-03-08 16:00:00+00:00, run_after=2025-03-08 20:00:00+00:00
[2025-03-08T23:46:46.489+0000] {processor.py:208} INFO - Processing /home/airflow/.local/lib/python3.12/site-packages/airflow/example_dags/example_latest_only.py took 0.054 seconds
[2025-03-08T23:47:17.186+0000] {processor.py:186} INFO - Started process (PID=1299) to work on /home/airflow/.local/lib/python3.12/site-packages/airflow/example_dags/example_latest_only.py
[2025-03-08T23:47:17.187+0000] {processor.py:914} INFO - Processing file /home/airflow/.local/lib/python3.12/site-packages/airflow/example_dags/example_latest_only.py for tasks to queue
[2025-03-08T23:47:17.188+0000] {logging_mixin.py:190} INFO - [2025-03-08T23:47:17.188+0000] {dagbag.py:588} INFO - Filling up the DagBag from /home/airflow/.local/lib/python3.12/site-packages/airflow/example_dags/example_latest_only.py
[2025-03-08T23:47:17.193+0000] {processor.py:925} INFO - DAG(s) 'latest_only' retrieved from /home/airflow/.local/lib/python3.12/site-packages/airflow/example_dags/example_latest_only.py
[2025-03-08T23:47:17.207+0000] {logging_mixin.py:190} INFO - [2025-03-08T23:47:17.207+0000] {dag.py:3239} INFO - Sync 1 DAGs
[2025-03-08T23:47:17.223+0000] {logging_mixin.py:190} INFO - [2025-03-08T23:47:17.223+0000] {dag.py:4180} INFO - Setting next_dagrun for latest_only to 2025-03-08 16:00:00+00:00, run_after=2025-03-08 20:00:00+00:00
[2025-03-08T23:47:17.235+0000] {processor.py:208} INFO - Processing /home/airflow/.local/lib/python3.12/site-packages/airflow/example_dags/example_latest_only.py took 0.053 seconds
[2025-03-08T23:47:47.996+0000] {processor.py:186} INFO - Started process (PID=1362) to work on /home/airflow/.local/lib/python3.12/site-packages/airflow/example_dags/example_latest_only.py
[2025-03-08T23:47:47.997+0000] {processor.py:914} INFO - Processing file /home/airflow/.local/lib/python3.12/site-packages/airflow/example_dags/example_latest_only.py for tasks to queue
[2025-03-08T23:47:47.998+0000] {logging_mixin.py:190} INFO - [2025-03-08T23:47:47.998+0000] {dagbag.py:588} INFO - Filling up the DagBag from /home/airflow/.local/lib/python3.12/site-packages/airflow/example_dags/example_latest_only.py
[2025-03-08T23:47:48.002+0000] {processor.py:925} INFO - DAG(s) 'latest_only' retrieved from /home/airflow/.local/lib/python3.12/site-packages/airflow/example_dags/example_latest_only.py
[2025-03-08T23:47:48.016+0000] {logging_mixin.py:190} INFO - [2025-03-08T23:47:48.016+0000] {dag.py:3239} INFO - Sync 1 DAGs
[2025-03-08T23:47:48.032+0000] {logging_mixin.py:190} INFO - [2025-03-08T23:47:48.032+0000] {dag.py:4180} INFO - Setting next_dagrun for latest_only to 2025-03-08 16:00:00+00:00, run_after=2025-03-08 20:00:00+00:00
[2025-03-08T23:47:48.046+0000] {processor.py:208} INFO - Processing /home/airflow/.local/lib/python3.12/site-packages/airflow/example_dags/example_latest_only.py took 0.054 seconds
[2025-03-08T23:48:18.782+0000] {processor.py:186} INFO - Started process (PID=1425) to work on /home/airflow/.local/lib/python3.12/site-packages/airflow/example_dags/example_latest_only.py
[2025-03-08T23:48:18.783+0000] {processor.py:914} INFO - Processing file /home/airflow/.local/lib/python3.12/site-packages/airflow/example_dags/example_latest_only.py for tasks to queue
[2025-03-08T23:48:18.785+0000] {logging_mixin.py:190} INFO - [2025-03-08T23:48:18.784+0000] {dagbag.py:588} INFO - Filling up the DagBag from /home/airflow/.local/lib/python3.12/site-packages/airflow/example_dags/example_latest_only.py
[2025-03-08T23:48:18.790+0000] {processor.py:925} INFO - DAG(s) 'latest_only' retrieved from /home/airflow/.local/lib/python3.12/site-packages/airflow/example_dags/example_latest_only.py
[2025-03-08T23:48:18.804+0000] {logging_mixin.py:190} INFO - [2025-03-08T23:48:18.804+0000] {dag.py:3239} INFO - Sync 1 DAGs
[2025-03-08T23:48:18.821+0000] {logging_mixin.py:190} INFO - [2025-03-08T23:48:18.821+0000] {dag.py:4180} INFO - Setting next_dagrun for latest_only to 2025-03-08 16:00:00+00:00, run_after=2025-03-08 20:00:00+00:00
[2025-03-08T23:48:18.834+0000] {processor.py:208} INFO - Processing /home/airflow/.local/lib/python3.12/site-packages/airflow/example_dags/example_latest_only.py took 0.055 seconds
[2025-03-08T23:48:49.650+0000] {processor.py:186} INFO - Started process (PID=1488) to work on /home/airflow/.local/lib/python3.12/site-packages/airflow/example_dags/example_latest_only.py
[2025-03-08T23:48:49.651+0000] {processor.py:914} INFO - Processing file /home/airflow/.local/lib/python3.12/site-packages/airflow/example_dags/example_latest_only.py for tasks to queue
[2025-03-08T23:48:49.653+0000] {logging_mixin.py:190} INFO - [2025-03-08T23:48:49.653+0000] {dagbag.py:588} INFO - Filling up the DagBag from /home/airflow/.local/lib/python3.12/site-packages/airflow/example_dags/example_latest_only.py
[2025-03-08T23:48:49.660+0000] {processor.py:925} INFO - DAG(s) 'latest_only' retrieved from /home/airflow/.local/lib/python3.12/site-packages/airflow/example_dags/example_latest_only.py
[2025-03-08T23:48:49.680+0000] {logging_mixin.py:190} INFO - [2025-03-08T23:48:49.680+0000] {dag.py:3239} INFO - Sync 1 DAGs
[2025-03-08T23:48:49.699+0000] {logging_mixin.py:190} INFO - [2025-03-08T23:48:49.699+0000] {dag.py:4180} INFO - Setting next_dagrun for latest_only to 2025-03-08 16:00:00+00:00, run_after=2025-03-08 20:00:00+00:00
[2025-03-08T23:48:49.718+0000] {processor.py:208} INFO - Processing /home/airflow/.local/lib/python3.12/site-packages/airflow/example_dags/example_latest_only.py took 0.074 seconds
[2025-03-08T23:49:20.836+0000] {processor.py:186} INFO - Started process (PID=1551) to work on /home/airflow/.local/lib/python3.12/site-packages/airflow/example_dags/example_latest_only.py
[2025-03-08T23:49:20.837+0000] {processor.py:914} INFO - Processing file /home/airflow/.local/lib/python3.12/site-packages/airflow/example_dags/example_latest_only.py for tasks to queue
[2025-03-08T23:49:20.839+0000] {logging_mixin.py:190} INFO - [2025-03-08T23:49:20.839+0000] {dagbag.py:588} INFO - Filling up the DagBag from /home/airflow/.local/lib/python3.12/site-packages/airflow/example_dags/example_latest_only.py
[2025-03-08T23:49:20.845+0000] {processor.py:925} INFO - DAG(s) 'latest_only' retrieved from /home/airflow/.local/lib/python3.12/site-packages/airflow/example_dags/example_latest_only.py
[2025-03-08T23:49:20.863+0000] {logging_mixin.py:190} INFO - [2025-03-08T23:49:20.863+0000] {dag.py:3239} INFO - Sync 1 DAGs
[2025-03-08T23:49:20.883+0000] {logging_mixin.py:190} INFO - [2025-03-08T23:49:20.883+0000] {dag.py:4180} INFO - Setting next_dagrun for latest_only to 2025-03-08 16:00:00+00:00, run_after=2025-03-08 20:00:00+00:00
[2025-03-08T23:49:20.901+0000] {processor.py:208} INFO - Processing /home/airflow/.local/lib/python3.12/site-packages/airflow/example_dags/example_latest_only.py took 0.069 seconds
[2025-03-08T23:49:52.054+0000] {processor.py:186} INFO - Started process (PID=1614) to work on /home/airflow/.local/lib/python3.12/site-packages/airflow/example_dags/example_latest_only.py
[2025-03-08T23:49:52.054+0000] {processor.py:914} INFO - Processing file /home/airflow/.local/lib/python3.12/site-packages/airflow/example_dags/example_latest_only.py for tasks to queue
[2025-03-08T23:49:52.057+0000] {logging_mixin.py:190} INFO - [2025-03-08T23:49:52.056+0000] {dagbag.py:588} INFO - Filling up the DagBag from /home/airflow/.local/lib/python3.12/site-packages/airflow/example_dags/example_latest_only.py
[2025-03-08T23:49:52.062+0000] {processor.py:925} INFO - DAG(s) 'latest_only' retrieved from /home/airflow/.local/lib/python3.12/site-packages/airflow/example_dags/example_latest_only.py
[2025-03-08T23:49:52.076+0000] {logging_mixin.py:190} INFO - [2025-03-08T23:49:52.076+0000] {dag.py:3239} INFO - Sync 1 DAGs
[2025-03-08T23:49:52.092+0000] {logging_mixin.py:190} INFO - [2025-03-08T23:49:52.092+0000] {dag.py:4180} INFO - Setting next_dagrun for latest_only to 2025-03-08 16:00:00+00:00, run_after=2025-03-08 20:00:00+00:00
[2025-03-08T23:49:52.106+0000] {processor.py:208} INFO - Processing /home/airflow/.local/lib/python3.12/site-packages/airflow/example_dags/example_latest_only.py took 0.056 seconds
[2025-03-08T23:50:23.592+0000] {processor.py:186} INFO - Started process (PID=1677) to work on /home/airflow/.local/lib/python3.12/site-packages/airflow/example_dags/example_latest_only.py
[2025-03-08T23:50:23.593+0000] {processor.py:914} INFO - Processing file /home/airflow/.local/lib/python3.12/site-packages/airflow/example_dags/example_latest_only.py for tasks to queue
[2025-03-08T23:50:23.595+0000] {logging_mixin.py:190} INFO - [2025-03-08T23:50:23.595+0000] {dagbag.py:588} INFO - Filling up the DagBag from /home/airflow/.local/lib/python3.12/site-packages/airflow/example_dags/example_latest_only.py
[2025-03-08T23:50:23.601+0000] {processor.py:925} INFO - DAG(s) 'latest_only' retrieved from /home/airflow/.local/lib/python3.12/site-packages/airflow/example_dags/example_latest_only.py
[2025-03-08T23:50:23.615+0000] {logging_mixin.py:190} INFO - [2025-03-08T23:50:23.615+0000] {dag.py:3239} INFO - Sync 1 DAGs
[2025-03-08T23:50:23.630+0000] {logging_mixin.py:190} INFO - [2025-03-08T23:50:23.630+0000] {dag.py:4180} INFO - Setting next_dagrun for latest_only to 2025-03-08 16:00:00+00:00, run_after=2025-03-08 20:00:00+00:00
[2025-03-08T23:50:23.644+0000] {processor.py:208} INFO - Processing /home/airflow/.local/lib/python3.12/site-packages/airflow/example_dags/example_latest_only.py took 0.056 seconds
[2025-03-08T23:50:54.521+0000] {processor.py:186} INFO - Started process (PID=1740) to work on /home/airflow/.local/lib/python3.12/site-packages/airflow/example_dags/example_latest_only.py
[2025-03-08T23:50:54.521+0000] {processor.py:914} INFO - Processing file /home/airflow/.local/lib/python3.12/site-packages/airflow/example_dags/example_latest_only.py for tasks to queue
[2025-03-08T23:50:54.523+0000] {logging_mixin.py:190} INFO - [2025-03-08T23:50:54.523+0000] {dagbag.py:588} INFO - Filling up the DagBag from /home/airflow/.local/lib/python3.12/site-packages/airflow/example_dags/example_latest_only.py
[2025-03-08T23:50:54.528+0000] {processor.py:925} INFO - DAG(s) 'latest_only' retrieved from /home/airflow/.local/lib/python3.12/site-packages/airflow/example_dags/example_latest_only.py
[2025-03-08T23:50:54.542+0000] {logging_mixin.py:190} INFO - [2025-03-08T23:50:54.542+0000] {dag.py:3239} INFO - Sync 1 DAGs
[2025-03-08T23:50:54.558+0000] {logging_mixin.py:190} INFO - [2025-03-08T23:50:54.558+0000] {dag.py:4180} INFO - Setting next_dagrun for latest_only to 2025-03-08 16:00:00+00:00, run_after=2025-03-08 20:00:00+00:00
[2025-03-08T23:50:54.570+0000] {processor.py:208} INFO - Processing /home/airflow/.local/lib/python3.12/site-packages/airflow/example_dags/example_latest_only.py took 0.053 seconds
[2025-03-08T23:51:25.593+0000] {processor.py:186} INFO - Started process (PID=1803) to work on /home/airflow/.local/lib/python3.12/site-packages/airflow/example_dags/example_latest_only.py
[2025-03-08T23:51:25.594+0000] {processor.py:914} INFO - Processing file /home/airflow/.local/lib/python3.12/site-packages/airflow/example_dags/example_latest_only.py for tasks to queue
[2025-03-08T23:51:25.596+0000] {logging_mixin.py:190} INFO - [2025-03-08T23:51:25.596+0000] {dagbag.py:588} INFO - Filling up the DagBag from /home/airflow/.local/lib/python3.12/site-packages/airflow/example_dags/example_latest_only.py
[2025-03-08T23:51:25.602+0000] {processor.py:925} INFO - DAG(s) 'latest_only' retrieved from /home/airflow/.local/lib/python3.12/site-packages/airflow/example_dags/example_latest_only.py
[2025-03-08T23:51:25.619+0000] {logging_mixin.py:190} INFO - [2025-03-08T23:51:25.618+0000] {dag.py:3239} INFO - Sync 1 DAGs
[2025-03-08T23:51:25.638+0000] {logging_mixin.py:190} INFO - [2025-03-08T23:51:25.637+0000] {dag.py:4180} INFO - Setting next_dagrun for latest_only to 2025-03-08 16:00:00+00:00, run_after=2025-03-08 20:00:00+00:00
[2025-03-08T23:51:25.653+0000] {processor.py:208} INFO - Processing /home/airflow/.local/lib/python3.12/site-packages/airflow/example_dags/example_latest_only.py took 0.065 seconds
[2025-03-08T23:51:56.420+0000] {processor.py:186} INFO - Started process (PID=1866) to work on /home/airflow/.local/lib/python3.12/site-packages/airflow/example_dags/example_latest_only.py
[2025-03-08T23:51:56.421+0000] {processor.py:914} INFO - Processing file /home/airflow/.local/lib/python3.12/site-packages/airflow/example_dags/example_latest_only.py for tasks to queue
[2025-03-08T23:51:56.423+0000] {logging_mixin.py:190} INFO - [2025-03-08T23:51:56.423+0000] {dagbag.py:588} INFO - Filling up the DagBag from /home/airflow/.local/lib/python3.12/site-packages/airflow/example_dags/example_latest_only.py
[2025-03-08T23:51:56.428+0000] {processor.py:925} INFO - DAG(s) 'latest_only' retrieved from /home/airflow/.local/lib/python3.12/site-packages/airflow/example_dags/example_latest_only.py
[2025-03-08T23:51:56.443+0000] {logging_mixin.py:190} INFO - [2025-03-08T23:51:56.443+0000] {dag.py:3239} INFO - Sync 1 DAGs
[2025-03-08T23:51:56.461+0000] {logging_mixin.py:190} INFO - [2025-03-08T23:51:56.461+0000] {dag.py:4180} INFO - Setting next_dagrun for latest_only to 2025-03-08 16:00:00+00:00, run_after=2025-03-08 20:00:00+00:00
[2025-03-08T23:51:56.477+0000] {processor.py:208} INFO - Processing /home/airflow/.local/lib/python3.12/site-packages/airflow/example_dags/example_latest_only.py took 0.061 seconds
[2025-03-08T23:52:27.579+0000] {processor.py:186} INFO - Started process (PID=1929) to work on /home/airflow/.local/lib/python3.12/site-packages/airflow/example_dags/example_latest_only.py
[2025-03-08T23:52:27.580+0000] {processor.py:914} INFO - Processing file /home/airflow/.local/lib/python3.12/site-packages/airflow/example_dags/example_latest_only.py for tasks to queue
[2025-03-08T23:52:27.581+0000] {logging_mixin.py:190} INFO - [2025-03-08T23:52:27.581+0000] {dagbag.py:588} INFO - Filling up the DagBag from /home/airflow/.local/lib/python3.12/site-packages/airflow/example_dags/example_latest_only.py
[2025-03-08T23:52:27.587+0000] {processor.py:925} INFO - DAG(s) 'latest_only' retrieved from /home/airflow/.local/lib/python3.12/site-packages/airflow/example_dags/example_latest_only.py
[2025-03-08T23:52:27.603+0000] {logging_mixin.py:190} INFO - [2025-03-08T23:52:27.602+0000] {dag.py:3239} INFO - Sync 1 DAGs
[2025-03-08T23:52:27.620+0000] {logging_mixin.py:190} INFO - [2025-03-08T23:52:27.620+0000] {dag.py:4180} INFO - Setting next_dagrun for latest_only to 2025-03-08 16:00:00+00:00, run_after=2025-03-08 20:00:00+00:00
[2025-03-08T23:52:27.637+0000] {processor.py:208} INFO - Processing /home/airflow/.local/lib/python3.12/site-packages/airflow/example_dags/example_latest_only.py took 0.062 seconds
[2025-03-08T23:52:58.590+0000] {processor.py:186} INFO - Started process (PID=1993) to work on /home/airflow/.local/lib/python3.12/site-packages/airflow/example_dags/example_latest_only.py
[2025-03-08T23:52:58.591+0000] {processor.py:914} INFO - Processing file /home/airflow/.local/lib/python3.12/site-packages/airflow/example_dags/example_latest_only.py for tasks to queue
[2025-03-08T23:52:58.593+0000] {logging_mixin.py:190} INFO - [2025-03-08T23:52:58.592+0000] {dagbag.py:588} INFO - Filling up the DagBag from /home/airflow/.local/lib/python3.12/site-packages/airflow/example_dags/example_latest_only.py
[2025-03-08T23:52:58.597+0000] {processor.py:925} INFO - DAG(s) 'latest_only' retrieved from /home/airflow/.local/lib/python3.12/site-packages/airflow/example_dags/example_latest_only.py
[2025-03-08T23:52:58.612+0000] {logging_mixin.py:190} INFO - [2025-03-08T23:52:58.612+0000] {dag.py:3239} INFO - Sync 1 DAGs
[2025-03-08T23:52:58.628+0000] {logging_mixin.py:190} INFO - [2025-03-08T23:52:58.628+0000] {dag.py:4180} INFO - Setting next_dagrun for latest_only to 2025-03-08 16:00:00+00:00, run_after=2025-03-08 20:00:00+00:00
[2025-03-08T23:52:58.642+0000] {processor.py:208} INFO - Processing /home/airflow/.local/lib/python3.12/site-packages/airflow/example_dags/example_latest_only.py took 0.056 seconds
[2025-03-08T23:53:29.279+0000] {processor.py:186} INFO - Started process (PID=2061) to work on /home/airflow/.local/lib/python3.12/site-packages/airflow/example_dags/example_latest_only.py
[2025-03-08T23:53:29.279+0000] {processor.py:914} INFO - Processing file /home/airflow/.local/lib/python3.12/site-packages/airflow/example_dags/example_latest_only.py for tasks to queue
[2025-03-08T23:53:29.282+0000] {logging_mixin.py:190} INFO - [2025-03-08T23:53:29.281+0000] {dagbag.py:588} INFO - Filling up the DagBag from /home/airflow/.local/lib/python3.12/site-packages/airflow/example_dags/example_latest_only.py
[2025-03-08T23:53:29.287+0000] {processor.py:925} INFO - DAG(s) 'latest_only' retrieved from /home/airflow/.local/lib/python3.12/site-packages/airflow/example_dags/example_latest_only.py
[2025-03-08T23:53:29.303+0000] {logging_mixin.py:190} INFO - [2025-03-08T23:53:29.303+0000] {dag.py:3239} INFO - Sync 1 DAGs
[2025-03-08T23:53:29.319+0000] {logging_mixin.py:190} INFO - [2025-03-08T23:53:29.319+0000] {dag.py:4180} INFO - Setting next_dagrun for latest_only to 2025-03-08 16:00:00+00:00, run_after=2025-03-08 20:00:00+00:00
[2025-03-08T23:53:29.333+0000] {processor.py:208} INFO - Processing /home/airflow/.local/lib/python3.12/site-packages/airflow/example_dags/example_latest_only.py took 0.058 seconds
[2025-03-08T23:54:00.561+0000] {processor.py:186} INFO - Started process (PID=2124) to work on /home/airflow/.local/lib/python3.12/site-packages/airflow/example_dags/example_latest_only.py
[2025-03-08T23:54:00.562+0000] {processor.py:914} INFO - Processing file /home/airflow/.local/lib/python3.12/site-packages/airflow/example_dags/example_latest_only.py for tasks to queue
[2025-03-08T23:54:00.564+0000] {logging_mixin.py:190} INFO - [2025-03-08T23:54:00.564+0000] {dagbag.py:588} INFO - Filling up the DagBag from /home/airflow/.local/lib/python3.12/site-packages/airflow/example_dags/example_latest_only.py
[2025-03-08T23:54:00.569+0000] {processor.py:925} INFO - DAG(s) 'latest_only' retrieved from /home/airflow/.local/lib/python3.12/site-packages/airflow/example_dags/example_latest_only.py
[2025-03-08T23:54:00.584+0000] {logging_mixin.py:190} INFO - [2025-03-08T23:54:00.584+0000] {dag.py:3239} INFO - Sync 1 DAGs
[2025-03-08T23:54:00.601+0000] {logging_mixin.py:190} INFO - [2025-03-08T23:54:00.601+0000] {dag.py:4180} INFO - Setting next_dagrun for latest_only to 2025-03-08 16:00:00+00:00, run_after=2025-03-08 20:00:00+00:00
[2025-03-08T23:54:00.618+0000] {processor.py:208} INFO - Processing /home/airflow/.local/lib/python3.12/site-packages/airflow/example_dags/example_latest_only.py took 0.061 seconds
[2025-03-08T23:54:31.829+0000] {processor.py:186} INFO - Started process (PID=2187) to work on /home/airflow/.local/lib/python3.12/site-packages/airflow/example_dags/example_latest_only.py
[2025-03-08T23:54:31.830+0000] {processor.py:914} INFO - Processing file /home/airflow/.local/lib/python3.12/site-packages/airflow/example_dags/example_latest_only.py for tasks to queue
[2025-03-08T23:54:31.832+0000] {logging_mixin.py:190} INFO - [2025-03-08T23:54:31.831+0000] {dagbag.py:588} INFO - Filling up the DagBag from /home/airflow/.local/lib/python3.12/site-packages/airflow/example_dags/example_latest_only.py
[2025-03-08T23:54:31.837+0000] {processor.py:925} INFO - DAG(s) 'latest_only' retrieved from /home/airflow/.local/lib/python3.12/site-packages/airflow/example_dags/example_latest_only.py
[2025-03-08T23:54:31.852+0000] {logging_mixin.py:190} INFO - [2025-03-08T23:54:31.852+0000] {dag.py:3239} INFO - Sync 1 DAGs
[2025-03-08T23:54:31.871+0000] {logging_mixin.py:190} INFO - [2025-03-08T23:54:31.871+0000] {dag.py:4180} INFO - Setting next_dagrun for latest_only to 2025-03-08 16:00:00+00:00, run_after=2025-03-08 20:00:00+00:00
[2025-03-08T23:54:31.886+0000] {processor.py:208} INFO - Processing /home/airflow/.local/lib/python3.12/site-packages/airflow/example_dags/example_latest_only.py took 0.061 seconds
[2025-03-08T23:55:02.406+0000] {processor.py:186} INFO - Started process (PID=2250) to work on /home/airflow/.local/lib/python3.12/site-packages/airflow/example_dags/example_latest_only.py
[2025-03-08T23:55:02.407+0000] {processor.py:914} INFO - Processing file /home/airflow/.local/lib/python3.12/site-packages/airflow/example_dags/example_latest_only.py for tasks to queue
[2025-03-08T23:55:02.409+0000] {logging_mixin.py:190} INFO - [2025-03-08T23:55:02.409+0000] {dagbag.py:588} INFO - Filling up the DagBag from /home/airflow/.local/lib/python3.12/site-packages/airflow/example_dags/example_latest_only.py
[2025-03-08T23:55:02.414+0000] {processor.py:925} INFO - DAG(s) 'latest_only' retrieved from /home/airflow/.local/lib/python3.12/site-packages/airflow/example_dags/example_latest_only.py
[2025-03-08T23:55:02.431+0000] {logging_mixin.py:190} INFO - [2025-03-08T23:55:02.430+0000] {dag.py:3239} INFO - Sync 1 DAGs
[2025-03-08T23:55:02.452+0000] {logging_mixin.py:190} INFO - [2025-03-08T23:55:02.451+0000] {dag.py:4180} INFO - Setting next_dagrun for latest_only to 2025-03-08 16:00:00+00:00, run_after=2025-03-08 20:00:00+00:00
[2025-03-08T23:55:02.470+0000] {processor.py:208} INFO - Processing /home/airflow/.local/lib/python3.12/site-packages/airflow/example_dags/example_latest_only.py took 0.068 seconds
[2025-03-08T23:55:33.607+0000] {processor.py:186} INFO - Started process (PID=2313) to work on /home/airflow/.local/lib/python3.12/site-packages/airflow/example_dags/example_latest_only.py
[2025-03-08T23:55:33.608+0000] {processor.py:914} INFO - Processing file /home/airflow/.local/lib/python3.12/site-packages/airflow/example_dags/example_latest_only.py for tasks to queue
[2025-03-08T23:55:33.610+0000] {logging_mixin.py:190} INFO - [2025-03-08T23:55:33.609+0000] {dagbag.py:588} INFO - Filling up the DagBag from /home/airflow/.local/lib/python3.12/site-packages/airflow/example_dags/example_latest_only.py
[2025-03-08T23:55:33.614+0000] {processor.py:925} INFO - DAG(s) 'latest_only' retrieved from /home/airflow/.local/lib/python3.12/site-packages/airflow/example_dags/example_latest_only.py
[2025-03-08T23:55:33.627+0000] {logging_mixin.py:190} INFO - [2025-03-08T23:55:33.627+0000] {dag.py:3239} INFO - Sync 1 DAGs
[2025-03-08T23:55:33.644+0000] {logging_mixin.py:190} INFO - [2025-03-08T23:55:33.644+0000] {dag.py:4180} INFO - Setting next_dagrun for latest_only to 2025-03-08 16:00:00+00:00, run_after=2025-03-08 20:00:00+00:00
[2025-03-08T23:55:33.657+0000] {processor.py:208} INFO - Processing /home/airflow/.local/lib/python3.12/site-packages/airflow/example_dags/example_latest_only.py took 0.054 seconds
[2025-03-08T23:56:05.027+0000] {processor.py:186} INFO - Started process (PID=2376) to work on /home/airflow/.local/lib/python3.12/site-packages/airflow/example_dags/example_latest_only.py
[2025-03-08T23:56:05.029+0000] {processor.py:914} INFO - Processing file /home/airflow/.local/lib/python3.12/site-packages/airflow/example_dags/example_latest_only.py for tasks to queue
[2025-03-08T23:56:05.031+0000] {logging_mixin.py:190} INFO - [2025-03-08T23:56:05.031+0000] {dagbag.py:588} INFO - Filling up the DagBag from /home/airflow/.local/lib/python3.12/site-packages/airflow/example_dags/example_latest_only.py
[2025-03-08T23:56:05.035+0000] {processor.py:925} INFO - DAG(s) 'latest_only' retrieved from /home/airflow/.local/lib/python3.12/site-packages/airflow/example_dags/example_latest_only.py
[2025-03-08T23:56:05.053+0000] {logging_mixin.py:190} INFO - [2025-03-08T23:56:05.052+0000] {dag.py:3239} INFO - Sync 1 DAGs
[2025-03-08T23:56:05.070+0000] {logging_mixin.py:190} INFO - [2025-03-08T23:56:05.070+0000] {dag.py:4180} INFO - Setting next_dagrun for latest_only to 2025-03-08 16:00:00+00:00, run_after=2025-03-08 20:00:00+00:00
[2025-03-08T23:56:05.087+0000] {processor.py:208} INFO - Processing /home/airflow/.local/lib/python3.12/site-packages/airflow/example_dags/example_latest_only.py took 0.065 seconds
[2025-03-08T23:56:36.559+0000] {processor.py:186} INFO - Started process (PID=2439) to work on /home/airflow/.local/lib/python3.12/site-packages/airflow/example_dags/example_latest_only.py
[2025-03-08T23:56:36.560+0000] {processor.py:914} INFO - Processing file /home/airflow/.local/lib/python3.12/site-packages/airflow/example_dags/example_latest_only.py for tasks to queue
[2025-03-08T23:56:36.561+0000] {logging_mixin.py:190} INFO - [2025-03-08T23:56:36.561+0000] {dagbag.py:588} INFO - Filling up the DagBag from /home/airflow/.local/lib/python3.12/site-packages/airflow/example_dags/example_latest_only.py
[2025-03-08T23:56:36.566+0000] {processor.py:925} INFO - DAG(s) 'latest_only' retrieved from /home/airflow/.local/lib/python3.12/site-packages/airflow/example_dags/example_latest_only.py
[2025-03-08T23:56:36.580+0000] {logging_mixin.py:190} INFO - [2025-03-08T23:56:36.580+0000] {dag.py:3239} INFO - Sync 1 DAGs
[2025-03-08T23:56:36.601+0000] {logging_mixin.py:190} INFO - [2025-03-08T23:56:36.601+0000] {dag.py:4180} INFO - Setting next_dagrun for latest_only to 2025-03-08 16:00:00+00:00, run_after=2025-03-08 20:00:00+00:00
[2025-03-08T23:56:36.617+0000] {processor.py:208} INFO - Processing /home/airflow/.local/lib/python3.12/site-packages/airflow/example_dags/example_latest_only.py took 0.062 seconds
[2025-03-08T23:57:07.447+0000] {processor.py:186} INFO - Started process (PID=2502) to work on /home/airflow/.local/lib/python3.12/site-packages/airflow/example_dags/example_latest_only.py
[2025-03-08T23:57:07.448+0000] {processor.py:914} INFO - Processing file /home/airflow/.local/lib/python3.12/site-packages/airflow/example_dags/example_latest_only.py for tasks to queue
[2025-03-08T23:57:07.450+0000] {logging_mixin.py:190} INFO - [2025-03-08T23:57:07.450+0000] {dagbag.py:588} INFO - Filling up the DagBag from /home/airflow/.local/lib/python3.12/site-packages/airflow/example_dags/example_latest_only.py
[2025-03-08T23:57:07.455+0000] {processor.py:925} INFO - DAG(s) 'latest_only' retrieved from /home/airflow/.local/lib/python3.12/site-packages/airflow/example_dags/example_latest_only.py
[2025-03-08T23:57:07.469+0000] {logging_mixin.py:190} INFO - [2025-03-08T23:57:07.469+0000] {dag.py:3239} INFO - Sync 1 DAGs
[2025-03-08T23:57:07.486+0000] {logging_mixin.py:190} INFO - [2025-03-08T23:57:07.486+0000] {dag.py:4180} INFO - Setting next_dagrun for latest_only to 2025-03-08 16:00:00+00:00, run_after=2025-03-08 20:00:00+00:00
[2025-03-08T23:57:07.499+0000] {processor.py:208} INFO - Processing /home/airflow/.local/lib/python3.12/site-packages/airflow/example_dags/example_latest_only.py took 0.057 seconds
[2025-03-08T23:57:38.554+0000] {processor.py:186} INFO - Started process (PID=2565) to work on /home/airflow/.local/lib/python3.12/site-packages/airflow/example_dags/example_latest_only.py
[2025-03-08T23:57:38.555+0000] {processor.py:914} INFO - Processing file /home/airflow/.local/lib/python3.12/site-packages/airflow/example_dags/example_latest_only.py for tasks to queue
[2025-03-08T23:57:38.556+0000] {logging_mixin.py:190} INFO - [2025-03-08T23:57:38.556+0000] {dagbag.py:588} INFO - Filling up the DagBag from /home/airflow/.local/lib/python3.12/site-packages/airflow/example_dags/example_latest_only.py
[2025-03-08T23:57:38.561+0000] {processor.py:925} INFO - DAG(s) 'latest_only' retrieved from /home/airflow/.local/lib/python3.12/site-packages/airflow/example_dags/example_latest_only.py
[2025-03-08T23:57:38.575+0000] {logging_mixin.py:190} INFO - [2025-03-08T23:57:38.575+0000] {dag.py:3239} INFO - Sync 1 DAGs
[2025-03-08T23:57:38.592+0000] {logging_mixin.py:190} INFO - [2025-03-08T23:57:38.591+0000] {dag.py:4180} INFO - Setting next_dagrun for latest_only to 2025-03-08 16:00:00+00:00, run_after=2025-03-08 20:00:00+00:00
[2025-03-08T23:57:38.603+0000] {processor.py:208} INFO - Processing /home/airflow/.local/lib/python3.12/site-packages/airflow/example_dags/example_latest_only.py took 0.053 seconds
[2025-03-08T23:58:10.265+0000] {processor.py:186} INFO - Started process (PID=2629) to work on /home/airflow/.local/lib/python3.12/site-packages/airflow/example_dags/example_latest_only.py
[2025-03-08T23:58:10.267+0000] {processor.py:914} INFO - Processing file /home/airflow/.local/lib/python3.12/site-packages/airflow/example_dags/example_latest_only.py for tasks to queue
[2025-03-08T23:58:10.269+0000] {logging_mixin.py:190} INFO - [2025-03-08T23:58:10.269+0000] {dagbag.py:588} INFO - Filling up the DagBag from /home/airflow/.local/lib/python3.12/site-packages/airflow/example_dags/example_latest_only.py
[2025-03-08T23:58:10.275+0000] {processor.py:925} INFO - DAG(s) 'latest_only' retrieved from /home/airflow/.local/lib/python3.12/site-packages/airflow/example_dags/example_latest_only.py
[2025-03-08T23:58:10.294+0000] {logging_mixin.py:190} INFO - [2025-03-08T23:58:10.294+0000] {dag.py:3239} INFO - Sync 1 DAGs
[2025-03-08T23:58:10.313+0000] {logging_mixin.py:190} INFO - [2025-03-08T23:58:10.313+0000] {dag.py:4180} INFO - Setting next_dagrun for latest_only to 2025-03-08 16:00:00+00:00, run_after=2025-03-08 20:00:00+00:00
[2025-03-08T23:58:10.328+0000] {processor.py:208} INFO - Processing /home/airflow/.local/lib/python3.12/site-packages/airflow/example_dags/example_latest_only.py took 0.068 seconds
