[2025-03-08T22:35:46.287+0000] {processor.py:186} INFO - Started process (PID=81) to work on /home/airflow/.local/lib/python3.12/site-packages/airflow/example_dags/example_python_decorator.py
[2025-03-08T22:35:46.288+0000] {processor.py:914} INFO - Processing file /home/airflow/.local/lib/python3.12/site-packages/airflow/example_dags/example_python_decorator.py for tasks to queue
[2025-03-08T22:35:46.290+0000] {logging_mixin.py:190} INFO - [2025-03-08T22:35:46.289+0000] {dagbag.py:588} INFO - Filling up the DagBag from /home/airflow/.local/lib/python3.12/site-packages/airflow/example_dags/example_python_decorator.py
[2025-03-08T22:35:46.300+0000] {processor.py:925} INFO - DAG(s) 'example_python_decorator' retrieved from /home/airflow/.local/lib/python3.12/site-packages/airflow/example_dags/example_python_decorator.py
[2025-03-08T22:35:46.387+0000] {logging_mixin.py:190} INFO - [2025-03-08T22:35:46.386+0000] {override.py:1912} INFO - Created Permission View: can edit on DAG:example_python_decorator
[2025-03-08T22:35:46.395+0000] {logging_mixin.py:190} INFO - [2025-03-08T22:35:46.395+0000] {override.py:1912} INFO - Created Permission View: can read on DAG:example_python_decorator
[2025-03-08T22:35:46.401+0000] {logging_mixin.py:190} INFO - [2025-03-08T22:35:46.401+0000] {override.py:1912} INFO - Created Permission View: can delete on DAG:example_python_decorator
[2025-03-08T22:35:46.408+0000] {logging_mixin.py:190} INFO - [2025-03-08T22:35:46.407+0000] {override.py:1912} INFO - Created Permission View: menu access on DAG Run:example_python_decorator
[2025-03-08T22:35:46.414+0000] {logging_mixin.py:190} INFO - [2025-03-08T22:35:46.413+0000] {override.py:1912} INFO - Created Permission View: can delete on DAG Run:example_python_decorator
[2025-03-08T22:35:46.422+0000] {logging_mixin.py:190} INFO - [2025-03-08T22:35:46.421+0000] {override.py:1912} INFO - Created Permission View: can read on DAG Run:example_python_decorator
[2025-03-08T22:35:46.428+0000] {logging_mixin.py:190} INFO - [2025-03-08T22:35:46.428+0000] {override.py:1912} INFO - Created Permission View: can create on DAG Run:example_python_decorator
[2025-03-08T22:35:46.428+0000] {logging_mixin.py:190} INFO - [2025-03-08T22:35:46.428+0000] {dag.py:3239} INFO - Sync 1 DAGs
[2025-03-08T22:35:46.439+0000] {logging_mixin.py:190} INFO - [2025-03-08T22:35:46.439+0000] {dag.py:3262} INFO - Creating ORM DAG for example_python_decorator
[2025-03-08T22:35:46.440+0000] {logging_mixin.py:190} INFO - [2025-03-08T22:35:46.440+0000] {dag.py:4180} INFO - Setting next_dagrun for example_python_decorator to None, run_after=None
[2025-03-08T22:35:46.454+0000] {processor.py:208} INFO - Processing /home/airflow/.local/lib/python3.12/site-packages/airflow/example_dags/example_python_decorator.py took 0.171 seconds
[2025-03-08T22:36:17.411+0000] {processor.py:186} INFO - Started process (PID=150) to work on /home/airflow/.local/lib/python3.12/site-packages/airflow/example_dags/example_python_decorator.py
[2025-03-08T22:36:17.412+0000] {processor.py:914} INFO - Processing file /home/airflow/.local/lib/python3.12/site-packages/airflow/example_dags/example_python_decorator.py for tasks to queue
[2025-03-08T22:36:17.414+0000] {logging_mixin.py:190} INFO - [2025-03-08T22:36:17.414+0000] {dagbag.py:588} INFO - Filling up the DagBag from /home/airflow/.local/lib/python3.12/site-packages/airflow/example_dags/example_python_decorator.py
[2025-03-08T22:36:17.423+0000] {processor.py:925} INFO - DAG(s) 'example_python_decorator' retrieved from /home/airflow/.local/lib/python3.12/site-packages/airflow/example_dags/example_python_decorator.py
[2025-03-08T22:36:17.440+0000] {logging_mixin.py:190} INFO - [2025-03-08T22:36:17.440+0000] {dag.py:3239} INFO - Sync 1 DAGs
[2025-03-08T22:36:17.451+0000] {logging_mixin.py:190} INFO - [2025-03-08T22:36:17.451+0000] {dag.py:4180} INFO - Setting next_dagrun for example_python_decorator to None, run_after=None
[2025-03-08T22:36:17.477+0000] {processor.py:208} INFO - Processing /home/airflow/.local/lib/python3.12/site-packages/airflow/example_dags/example_python_decorator.py took 0.069 seconds
[2025-03-08T22:36:48.137+0000] {processor.py:186} INFO - Started process (PID=213) to work on /home/airflow/.local/lib/python3.12/site-packages/airflow/example_dags/example_python_decorator.py
[2025-03-08T22:36:48.138+0000] {processor.py:914} INFO - Processing file /home/airflow/.local/lib/python3.12/site-packages/airflow/example_dags/example_python_decorator.py for tasks to queue
[2025-03-08T22:36:48.139+0000] {logging_mixin.py:190} INFO - [2025-03-08T22:36:48.139+0000] {dagbag.py:588} INFO - Filling up the DagBag from /home/airflow/.local/lib/python3.12/site-packages/airflow/example_dags/example_python_decorator.py
[2025-03-08T22:36:48.149+0000] {processor.py:925} INFO - DAG(s) 'example_python_decorator' retrieved from /home/airflow/.local/lib/python3.12/site-packages/airflow/example_dags/example_python_decorator.py
[2025-03-08T22:36:48.170+0000] {logging_mixin.py:190} INFO - [2025-03-08T22:36:48.170+0000] {dag.py:3239} INFO - Sync 1 DAGs
[2025-03-08T22:36:48.183+0000] {logging_mixin.py:190} INFO - [2025-03-08T22:36:48.182+0000] {dag.py:4180} INFO - Setting next_dagrun for example_python_decorator to None, run_after=None
[2025-03-08T22:36:48.206+0000] {processor.py:208} INFO - Processing /home/airflow/.local/lib/python3.12/site-packages/airflow/example_dags/example_python_decorator.py took 0.074 seconds
[2025-03-08T22:37:18.779+0000] {processor.py:186} INFO - Started process (PID=276) to work on /home/airflow/.local/lib/python3.12/site-packages/airflow/example_dags/example_python_decorator.py
[2025-03-08T22:37:18.780+0000] {processor.py:914} INFO - Processing file /home/airflow/.local/lib/python3.12/site-packages/airflow/example_dags/example_python_decorator.py for tasks to queue
[2025-03-08T22:37:18.781+0000] {logging_mixin.py:190} INFO - [2025-03-08T22:37:18.781+0000] {dagbag.py:588} INFO - Filling up the DagBag from /home/airflow/.local/lib/python3.12/site-packages/airflow/example_dags/example_python_decorator.py
[2025-03-08T22:37:18.790+0000] {processor.py:925} INFO - DAG(s) 'example_python_decorator' retrieved from /home/airflow/.local/lib/python3.12/site-packages/airflow/example_dags/example_python_decorator.py
[2025-03-08T22:37:18.809+0000] {logging_mixin.py:190} INFO - [2025-03-08T22:37:18.809+0000] {dag.py:3239} INFO - Sync 1 DAGs
[2025-03-08T22:37:18.820+0000] {logging_mixin.py:190} INFO - [2025-03-08T22:37:18.820+0000] {dag.py:4180} INFO - Setting next_dagrun for example_python_decorator to None, run_after=None
[2025-03-08T22:37:18.837+0000] {processor.py:208} INFO - Processing /home/airflow/.local/lib/python3.12/site-packages/airflow/example_dags/example_python_decorator.py took 0.062 seconds
[2025-03-08T22:37:49.539+0000] {processor.py:186} INFO - Started process (PID=339) to work on /home/airflow/.local/lib/python3.12/site-packages/airflow/example_dags/example_python_decorator.py
[2025-03-08T22:37:49.539+0000] {processor.py:914} INFO - Processing file /home/airflow/.local/lib/python3.12/site-packages/airflow/example_dags/example_python_decorator.py for tasks to queue
[2025-03-08T22:37:49.541+0000] {logging_mixin.py:190} INFO - [2025-03-08T22:37:49.541+0000] {dagbag.py:588} INFO - Filling up the DagBag from /home/airflow/.local/lib/python3.12/site-packages/airflow/example_dags/example_python_decorator.py
[2025-03-08T22:37:49.551+0000] {processor.py:925} INFO - DAG(s) 'example_python_decorator' retrieved from /home/airflow/.local/lib/python3.12/site-packages/airflow/example_dags/example_python_decorator.py
[2025-03-08T22:37:49.570+0000] {logging_mixin.py:190} INFO - [2025-03-08T22:37:49.570+0000] {dag.py:3239} INFO - Sync 1 DAGs
[2025-03-08T22:37:49.582+0000] {logging_mixin.py:190} INFO - [2025-03-08T22:37:49.582+0000] {dag.py:4180} INFO - Setting next_dagrun for example_python_decorator to None, run_after=None
[2025-03-08T22:37:49.599+0000] {processor.py:208} INFO - Processing /home/airflow/.local/lib/python3.12/site-packages/airflow/example_dags/example_python_decorator.py took 0.064 seconds
[2025-03-08T22:38:19.734+0000] {processor.py:186} INFO - Started process (PID=401) to work on /home/airflow/.local/lib/python3.12/site-packages/airflow/example_dags/example_python_decorator.py
[2025-03-08T22:38:19.735+0000] {processor.py:914} INFO - Processing file /home/airflow/.local/lib/python3.12/site-packages/airflow/example_dags/example_python_decorator.py for tasks to queue
[2025-03-08T22:38:19.736+0000] {logging_mixin.py:190} INFO - [2025-03-08T22:38:19.736+0000] {dagbag.py:588} INFO - Filling up the DagBag from /home/airflow/.local/lib/python3.12/site-packages/airflow/example_dags/example_python_decorator.py
[2025-03-08T22:38:19.746+0000] {processor.py:925} INFO - DAG(s) 'example_python_decorator' retrieved from /home/airflow/.local/lib/python3.12/site-packages/airflow/example_dags/example_python_decorator.py
[2025-03-08T22:38:19.762+0000] {logging_mixin.py:190} INFO - [2025-03-08T22:38:19.762+0000] {dag.py:3239} INFO - Sync 1 DAGs
[2025-03-08T22:38:19.773+0000] {logging_mixin.py:190} INFO - [2025-03-08T22:38:19.773+0000] {dag.py:4180} INFO - Setting next_dagrun for example_python_decorator to None, run_after=None
[2025-03-08T22:38:19.786+0000] {processor.py:208} INFO - Processing /home/airflow/.local/lib/python3.12/site-packages/airflow/example_dags/example_python_decorator.py took 0.056 seconds
[2025-03-08T22:38:50.963+0000] {processor.py:186} INFO - Started process (PID=464) to work on /home/airflow/.local/lib/python3.12/site-packages/airflow/example_dags/example_python_decorator.py
[2025-03-08T22:38:50.963+0000] {processor.py:914} INFO - Processing file /home/airflow/.local/lib/python3.12/site-packages/airflow/example_dags/example_python_decorator.py for tasks to queue
[2025-03-08T22:38:50.965+0000] {logging_mixin.py:190} INFO - [2025-03-08T22:38:50.964+0000] {dagbag.py:588} INFO - Filling up the DagBag from /home/airflow/.local/lib/python3.12/site-packages/airflow/example_dags/example_python_decorator.py
[2025-03-08T22:38:50.973+0000] {processor.py:925} INFO - DAG(s) 'example_python_decorator' retrieved from /home/airflow/.local/lib/python3.12/site-packages/airflow/example_dags/example_python_decorator.py
[2025-03-08T22:38:50.989+0000] {logging_mixin.py:190} INFO - [2025-03-08T22:38:50.989+0000] {dag.py:3239} INFO - Sync 1 DAGs
[2025-03-08T22:38:50.998+0000] {logging_mixin.py:190} INFO - [2025-03-08T22:38:50.998+0000] {dag.py:4180} INFO - Setting next_dagrun for example_python_decorator to None, run_after=None
[2025-03-08T22:38:51.013+0000] {processor.py:208} INFO - Processing /home/airflow/.local/lib/python3.12/site-packages/airflow/example_dags/example_python_decorator.py took 0.054 seconds
[2025-03-08T23:37:26.466+0000] {processor.py:186} INFO - Started process (PID=81) to work on /home/airflow/.local/lib/python3.12/site-packages/airflow/example_dags/example_python_decorator.py
[2025-03-08T23:37:26.467+0000] {processor.py:914} INFO - Processing file /home/airflow/.local/lib/python3.12/site-packages/airflow/example_dags/example_python_decorator.py for tasks to queue
[2025-03-08T23:37:26.469+0000] {logging_mixin.py:190} INFO - [2025-03-08T23:37:26.469+0000] {dagbag.py:588} INFO - Filling up the DagBag from /home/airflow/.local/lib/python3.12/site-packages/airflow/example_dags/example_python_decorator.py
[2025-03-08T23:37:26.480+0000] {processor.py:925} INFO - DAG(s) 'example_python_decorator' retrieved from /home/airflow/.local/lib/python3.12/site-packages/airflow/example_dags/example_python_decorator.py
[2025-03-08T23:37:26.573+0000] {logging_mixin.py:190} INFO - [2025-03-08T23:37:26.573+0000] {dag.py:3239} INFO - Sync 1 DAGs
[2025-03-08T23:37:26.585+0000] {logging_mixin.py:190} INFO - [2025-03-08T23:37:26.585+0000] {dag.py:4180} INFO - Setting next_dagrun for example_python_decorator to None, run_after=None
[2025-03-08T23:37:26.603+0000] {processor.py:208} INFO - Processing /home/airflow/.local/lib/python3.12/site-packages/airflow/example_dags/example_python_decorator.py took 0.142 seconds
[2025-03-08T23:37:56.807+0000] {processor.py:186} INFO - Started process (PID=143) to work on /home/airflow/.local/lib/python3.12/site-packages/airflow/example_dags/example_python_decorator.py
[2025-03-08T23:37:56.808+0000] {processor.py:914} INFO - Processing file /home/airflow/.local/lib/python3.12/site-packages/airflow/example_dags/example_python_decorator.py for tasks to queue
[2025-03-08T23:37:56.810+0000] {logging_mixin.py:190} INFO - [2025-03-08T23:37:56.810+0000] {dagbag.py:588} INFO - Filling up the DagBag from /home/airflow/.local/lib/python3.12/site-packages/airflow/example_dags/example_python_decorator.py
[2025-03-08T23:37:56.820+0000] {processor.py:925} INFO - DAG(s) 'example_python_decorator' retrieved from /home/airflow/.local/lib/python3.12/site-packages/airflow/example_dags/example_python_decorator.py
[2025-03-08T23:37:56.835+0000] {logging_mixin.py:190} INFO - [2025-03-08T23:37:56.835+0000] {dag.py:3239} INFO - Sync 1 DAGs
[2025-03-08T23:37:56.845+0000] {logging_mixin.py:190} INFO - [2025-03-08T23:37:56.845+0000] {dag.py:4180} INFO - Setting next_dagrun for example_python_decorator to None, run_after=None
[2025-03-08T23:37:56.859+0000] {processor.py:208} INFO - Processing /home/airflow/.local/lib/python3.12/site-packages/airflow/example_dags/example_python_decorator.py took 0.056 seconds
[2025-03-08T23:38:27.606+0000] {processor.py:186} INFO - Started process (PID=205) to work on /home/airflow/.local/lib/python3.12/site-packages/airflow/example_dags/example_python_decorator.py
[2025-03-08T23:38:27.607+0000] {processor.py:914} INFO - Processing file /home/airflow/.local/lib/python3.12/site-packages/airflow/example_dags/example_python_decorator.py for tasks to queue
[2025-03-08T23:38:27.609+0000] {logging_mixin.py:190} INFO - [2025-03-08T23:38:27.609+0000] {dagbag.py:588} INFO - Filling up the DagBag from /home/airflow/.local/lib/python3.12/site-packages/airflow/example_dags/example_python_decorator.py
[2025-03-08T23:38:27.619+0000] {processor.py:925} INFO - DAG(s) 'example_python_decorator' retrieved from /home/airflow/.local/lib/python3.12/site-packages/airflow/example_dags/example_python_decorator.py
[2025-03-08T23:38:27.636+0000] {logging_mixin.py:190} INFO - [2025-03-08T23:38:27.635+0000] {dag.py:3239} INFO - Sync 1 DAGs
[2025-03-08T23:38:27.648+0000] {logging_mixin.py:190} INFO - [2025-03-08T23:38:27.648+0000] {dag.py:4180} INFO - Setting next_dagrun for example_python_decorator to None, run_after=None
[2025-03-08T23:38:27.665+0000] {processor.py:208} INFO - Processing /home/airflow/.local/lib/python3.12/site-packages/airflow/example_dags/example_python_decorator.py took 0.064 seconds
[2025-03-08T23:38:58.869+0000] {processor.py:186} INFO - Started process (PID=275) to work on /home/airflow/.local/lib/python3.12/site-packages/airflow/example_dags/example_python_decorator.py
[2025-03-08T23:38:58.870+0000] {processor.py:914} INFO - Processing file /home/airflow/.local/lib/python3.12/site-packages/airflow/example_dags/example_python_decorator.py for tasks to queue
[2025-03-08T23:38:58.871+0000] {logging_mixin.py:190} INFO - [2025-03-08T23:38:58.871+0000] {dagbag.py:588} INFO - Filling up the DagBag from /home/airflow/.local/lib/python3.12/site-packages/airflow/example_dags/example_python_decorator.py
[2025-03-08T23:38:58.882+0000] {processor.py:925} INFO - DAG(s) 'example_python_decorator' retrieved from /home/airflow/.local/lib/python3.12/site-packages/airflow/example_dags/example_python_decorator.py
[2025-03-08T23:38:58.899+0000] {logging_mixin.py:190} INFO - [2025-03-08T23:38:58.899+0000] {dag.py:3239} INFO - Sync 1 DAGs
[2025-03-08T23:38:58.911+0000] {logging_mixin.py:190} INFO - [2025-03-08T23:38:58.911+0000] {dag.py:4180} INFO - Setting next_dagrun for example_python_decorator to None, run_after=None
[2025-03-08T23:38:58.930+0000] {processor.py:208} INFO - Processing /home/airflow/.local/lib/python3.12/site-packages/airflow/example_dags/example_python_decorator.py took 0.065 seconds
[2025-03-08T23:39:30.186+0000] {processor.py:186} INFO - Started process (PID=338) to work on /home/airflow/.local/lib/python3.12/site-packages/airflow/example_dags/example_python_decorator.py
[2025-03-08T23:39:30.187+0000] {processor.py:914} INFO - Processing file /home/airflow/.local/lib/python3.12/site-packages/airflow/example_dags/example_python_decorator.py for tasks to queue
[2025-03-08T23:39:30.188+0000] {logging_mixin.py:190} INFO - [2025-03-08T23:39:30.188+0000] {dagbag.py:588} INFO - Filling up the DagBag from /home/airflow/.local/lib/python3.12/site-packages/airflow/example_dags/example_python_decorator.py
[2025-03-08T23:39:30.197+0000] {processor.py:925} INFO - DAG(s) 'example_python_decorator' retrieved from /home/airflow/.local/lib/python3.12/site-packages/airflow/example_dags/example_python_decorator.py
[2025-03-08T23:39:30.214+0000] {logging_mixin.py:190} INFO - [2025-03-08T23:39:30.213+0000] {dag.py:3239} INFO - Sync 1 DAGs
[2025-03-08T23:39:30.225+0000] {logging_mixin.py:190} INFO - [2025-03-08T23:39:30.225+0000] {dag.py:4180} INFO - Setting next_dagrun for example_python_decorator to None, run_after=None
[2025-03-08T23:39:30.238+0000] {processor.py:208} INFO - Processing /home/airflow/.local/lib/python3.12/site-packages/airflow/example_dags/example_python_decorator.py took 0.057 seconds
[2025-03-08T23:40:01.577+0000] {processor.py:186} INFO - Started process (PID=401) to work on /home/airflow/.local/lib/python3.12/site-packages/airflow/example_dags/example_python_decorator.py
[2025-03-08T23:40:01.578+0000] {processor.py:914} INFO - Processing file /home/airflow/.local/lib/python3.12/site-packages/airflow/example_dags/example_python_decorator.py for tasks to queue
[2025-03-08T23:40:01.580+0000] {logging_mixin.py:190} INFO - [2025-03-08T23:40:01.579+0000] {dagbag.py:588} INFO - Filling up the DagBag from /home/airflow/.local/lib/python3.12/site-packages/airflow/example_dags/example_python_decorator.py
[2025-03-08T23:40:01.591+0000] {processor.py:925} INFO - DAG(s) 'example_python_decorator' retrieved from /home/airflow/.local/lib/python3.12/site-packages/airflow/example_dags/example_python_decorator.py
[2025-03-08T23:40:01.610+0000] {logging_mixin.py:190} INFO - [2025-03-08T23:40:01.609+0000] {dag.py:3239} INFO - Sync 1 DAGs
[2025-03-08T23:40:01.621+0000] {logging_mixin.py:190} INFO - [2025-03-08T23:40:01.621+0000] {dag.py:4180} INFO - Setting next_dagrun for example_python_decorator to None, run_after=None
[2025-03-08T23:40:01.636+0000] {processor.py:208} INFO - Processing /home/airflow/.local/lib/python3.12/site-packages/airflow/example_dags/example_python_decorator.py took 0.062 seconds
[2025-03-08T23:40:33.140+0000] {processor.py:186} INFO - Started process (PID=464) to work on /home/airflow/.local/lib/python3.12/site-packages/airflow/example_dags/example_python_decorator.py
[2025-03-08T23:40:33.141+0000] {processor.py:914} INFO - Processing file /home/airflow/.local/lib/python3.12/site-packages/airflow/example_dags/example_python_decorator.py for tasks to queue
[2025-03-08T23:40:33.143+0000] {logging_mixin.py:190} INFO - [2025-03-08T23:40:33.143+0000] {dagbag.py:588} INFO - Filling up the DagBag from /home/airflow/.local/lib/python3.12/site-packages/airflow/example_dags/example_python_decorator.py
[2025-03-08T23:40:33.154+0000] {processor.py:925} INFO - DAG(s) 'example_python_decorator' retrieved from /home/airflow/.local/lib/python3.12/site-packages/airflow/example_dags/example_python_decorator.py
[2025-03-08T23:40:33.175+0000] {logging_mixin.py:190} INFO - [2025-03-08T23:40:33.175+0000] {dag.py:3239} INFO - Sync 1 DAGs
[2025-03-08T23:40:33.190+0000] {logging_mixin.py:190} INFO - [2025-03-08T23:40:33.189+0000] {dag.py:4180} INFO - Setting next_dagrun for example_python_decorator to None, run_after=None
[2025-03-08T23:40:33.207+0000] {processor.py:208} INFO - Processing /home/airflow/.local/lib/python3.12/site-packages/airflow/example_dags/example_python_decorator.py took 0.071 seconds
[2025-03-08T23:41:03.882+0000] {processor.py:186} INFO - Started process (PID=527) to work on /home/airflow/.local/lib/python3.12/site-packages/airflow/example_dags/example_python_decorator.py
[2025-03-08T23:41:03.883+0000] {processor.py:914} INFO - Processing file /home/airflow/.local/lib/python3.12/site-packages/airflow/example_dags/example_python_decorator.py for tasks to queue
[2025-03-08T23:41:03.886+0000] {logging_mixin.py:190} INFO - [2025-03-08T23:41:03.886+0000] {dagbag.py:588} INFO - Filling up the DagBag from /home/airflow/.local/lib/python3.12/site-packages/airflow/example_dags/example_python_decorator.py
[2025-03-08T23:41:03.896+0000] {processor.py:925} INFO - DAG(s) 'example_python_decorator' retrieved from /home/airflow/.local/lib/python3.12/site-packages/airflow/example_dags/example_python_decorator.py
[2025-03-08T23:41:03.915+0000] {logging_mixin.py:190} INFO - [2025-03-08T23:41:03.915+0000] {dag.py:3239} INFO - Sync 1 DAGs
[2025-03-08T23:41:03.929+0000] {logging_mixin.py:190} INFO - [2025-03-08T23:41:03.929+0000] {dag.py:4180} INFO - Setting next_dagrun for example_python_decorator to None, run_after=None
[2025-03-08T23:41:03.946+0000] {processor.py:208} INFO - Processing /home/airflow/.local/lib/python3.12/site-packages/airflow/example_dags/example_python_decorator.py took 0.069 seconds
[2025-03-08T23:41:34.765+0000] {processor.py:186} INFO - Started process (PID=590) to work on /home/airflow/.local/lib/python3.12/site-packages/airflow/example_dags/example_python_decorator.py
[2025-03-08T23:41:34.766+0000] {processor.py:914} INFO - Processing file /home/airflow/.local/lib/python3.12/site-packages/airflow/example_dags/example_python_decorator.py for tasks to queue
[2025-03-08T23:41:34.768+0000] {logging_mixin.py:190} INFO - [2025-03-08T23:41:34.768+0000] {dagbag.py:588} INFO - Filling up the DagBag from /home/airflow/.local/lib/python3.12/site-packages/airflow/example_dags/example_python_decorator.py
[2025-03-08T23:41:34.779+0000] {processor.py:925} INFO - DAG(s) 'example_python_decorator' retrieved from /home/airflow/.local/lib/python3.12/site-packages/airflow/example_dags/example_python_decorator.py
[2025-03-08T23:41:34.798+0000] {logging_mixin.py:190} INFO - [2025-03-08T23:41:34.798+0000] {dag.py:3239} INFO - Sync 1 DAGs
[2025-03-08T23:41:34.810+0000] {logging_mixin.py:190} INFO - [2025-03-08T23:41:34.810+0000] {dag.py:4180} INFO - Setting next_dagrun for example_python_decorator to None, run_after=None
[2025-03-08T23:41:34.830+0000] {processor.py:208} INFO - Processing /home/airflow/.local/lib/python3.12/site-packages/airflow/example_dags/example_python_decorator.py took 0.069 seconds
[2025-03-08T23:42:06.440+0000] {processor.py:186} INFO - Started process (PID=653) to work on /home/airflow/.local/lib/python3.12/site-packages/airflow/example_dags/example_python_decorator.py
[2025-03-08T23:42:06.440+0000] {processor.py:914} INFO - Processing file /home/airflow/.local/lib/python3.12/site-packages/airflow/example_dags/example_python_decorator.py for tasks to queue
[2025-03-08T23:42:06.442+0000] {logging_mixin.py:190} INFO - [2025-03-08T23:42:06.442+0000] {dagbag.py:588} INFO - Filling up the DagBag from /home/airflow/.local/lib/python3.12/site-packages/airflow/example_dags/example_python_decorator.py
[2025-03-08T23:42:06.451+0000] {processor.py:925} INFO - DAG(s) 'example_python_decorator' retrieved from /home/airflow/.local/lib/python3.12/site-packages/airflow/example_dags/example_python_decorator.py
[2025-03-08T23:42:06.466+0000] {logging_mixin.py:190} INFO - [2025-03-08T23:42:06.466+0000] {dag.py:3239} INFO - Sync 1 DAGs
[2025-03-08T23:42:06.476+0000] {logging_mixin.py:190} INFO - [2025-03-08T23:42:06.475+0000] {dag.py:4180} INFO - Setting next_dagrun for example_python_decorator to None, run_after=None
[2025-03-08T23:42:06.490+0000] {processor.py:208} INFO - Processing /home/airflow/.local/lib/python3.12/site-packages/airflow/example_dags/example_python_decorator.py took 0.054 seconds
[2025-03-08T23:42:38.012+0000] {processor.py:186} INFO - Started process (PID=716) to work on /home/airflow/.local/lib/python3.12/site-packages/airflow/example_dags/example_python_decorator.py
[2025-03-08T23:42:38.013+0000] {processor.py:914} INFO - Processing file /home/airflow/.local/lib/python3.12/site-packages/airflow/example_dags/example_python_decorator.py for tasks to queue
[2025-03-08T23:42:38.015+0000] {logging_mixin.py:190} INFO - [2025-03-08T23:42:38.015+0000] {dagbag.py:588} INFO - Filling up the DagBag from /home/airflow/.local/lib/python3.12/site-packages/airflow/example_dags/example_python_decorator.py
[2025-03-08T23:42:38.028+0000] {processor.py:925} INFO - DAG(s) 'example_python_decorator' retrieved from /home/airflow/.local/lib/python3.12/site-packages/airflow/example_dags/example_python_decorator.py
[2025-03-08T23:42:38.046+0000] {logging_mixin.py:190} INFO - [2025-03-08T23:42:38.046+0000] {dag.py:3239} INFO - Sync 1 DAGs
[2025-03-08T23:42:38.058+0000] {logging_mixin.py:190} INFO - [2025-03-08T23:42:38.058+0000] {dag.py:4180} INFO - Setting next_dagrun for example_python_decorator to None, run_after=None
[2025-03-08T23:42:38.076+0000] {processor.py:208} INFO - Processing /home/airflow/.local/lib/python3.12/site-packages/airflow/example_dags/example_python_decorator.py took 0.070 seconds
[2025-03-08T23:43:08.314+0000] {processor.py:186} INFO - Started process (PID=780) to work on /home/airflow/.local/lib/python3.12/site-packages/airflow/example_dags/example_python_decorator.py
[2025-03-08T23:43:08.315+0000] {processor.py:914} INFO - Processing file /home/airflow/.local/lib/python3.12/site-packages/airflow/example_dags/example_python_decorator.py for tasks to queue
[2025-03-08T23:43:08.317+0000] {logging_mixin.py:190} INFO - [2025-03-08T23:43:08.317+0000] {dagbag.py:588} INFO - Filling up the DagBag from /home/airflow/.local/lib/python3.12/site-packages/airflow/example_dags/example_python_decorator.py
[2025-03-08T23:43:08.327+0000] {processor.py:925} INFO - DAG(s) 'example_python_decorator' retrieved from /home/airflow/.local/lib/python3.12/site-packages/airflow/example_dags/example_python_decorator.py
[2025-03-08T23:43:08.345+0000] {logging_mixin.py:190} INFO - [2025-03-08T23:43:08.345+0000] {dag.py:3239} INFO - Sync 1 DAGs
[2025-03-08T23:43:08.356+0000] {logging_mixin.py:190} INFO - [2025-03-08T23:43:08.356+0000] {dag.py:4180} INFO - Setting next_dagrun for example_python_decorator to None, run_after=None
[2025-03-08T23:43:08.372+0000] {processor.py:208} INFO - Processing /home/airflow/.local/lib/python3.12/site-packages/airflow/example_dags/example_python_decorator.py took 0.062 seconds
[2025-03-08T23:43:39.721+0000] {processor.py:186} INFO - Started process (PID=843) to work on /home/airflow/.local/lib/python3.12/site-packages/airflow/example_dags/example_python_decorator.py
[2025-03-08T23:43:39.721+0000] {processor.py:914} INFO - Processing file /home/airflow/.local/lib/python3.12/site-packages/airflow/example_dags/example_python_decorator.py for tasks to queue
[2025-03-08T23:43:39.723+0000] {logging_mixin.py:190} INFO - [2025-03-08T23:43:39.723+0000] {dagbag.py:588} INFO - Filling up the DagBag from /home/airflow/.local/lib/python3.12/site-packages/airflow/example_dags/example_python_decorator.py
[2025-03-08T23:43:39.732+0000] {processor.py:925} INFO - DAG(s) 'example_python_decorator' retrieved from /home/airflow/.local/lib/python3.12/site-packages/airflow/example_dags/example_python_decorator.py
[2025-03-08T23:43:39.748+0000] {logging_mixin.py:190} INFO - [2025-03-08T23:43:39.747+0000] {dag.py:3239} INFO - Sync 1 DAGs
[2025-03-08T23:43:39.758+0000] {logging_mixin.py:190} INFO - [2025-03-08T23:43:39.758+0000] {dag.py:4180} INFO - Setting next_dagrun for example_python_decorator to None, run_after=None
[2025-03-08T23:43:39.771+0000] {processor.py:208} INFO - Processing /home/airflow/.local/lib/python3.12/site-packages/airflow/example_dags/example_python_decorator.py took 0.054 seconds
[2025-03-08T23:44:10.316+0000] {processor.py:186} INFO - Started process (PID=906) to work on /home/airflow/.local/lib/python3.12/site-packages/airflow/example_dags/example_python_decorator.py
[2025-03-08T23:44:10.317+0000] {processor.py:914} INFO - Processing file /home/airflow/.local/lib/python3.12/site-packages/airflow/example_dags/example_python_decorator.py for tasks to queue
[2025-03-08T23:44:10.319+0000] {logging_mixin.py:190} INFO - [2025-03-08T23:44:10.319+0000] {dagbag.py:588} INFO - Filling up the DagBag from /home/airflow/.local/lib/python3.12/site-packages/airflow/example_dags/example_python_decorator.py
[2025-03-08T23:44:10.329+0000] {processor.py:925} INFO - DAG(s) 'example_python_decorator' retrieved from /home/airflow/.local/lib/python3.12/site-packages/airflow/example_dags/example_python_decorator.py
[2025-03-08T23:44:10.347+0000] {logging_mixin.py:190} INFO - [2025-03-08T23:44:10.347+0000] {dag.py:3239} INFO - Sync 1 DAGs
[2025-03-08T23:44:10.358+0000] {logging_mixin.py:190} INFO - [2025-03-08T23:44:10.358+0000] {dag.py:4180} INFO - Setting next_dagrun for example_python_decorator to None, run_after=None
[2025-03-08T23:44:10.374+0000] {processor.py:208} INFO - Processing /home/airflow/.local/lib/python3.12/site-packages/airflow/example_dags/example_python_decorator.py took 0.062 seconds
[2025-03-08T23:44:41.481+0000] {processor.py:186} INFO - Started process (PID=970) to work on /home/airflow/.local/lib/python3.12/site-packages/airflow/example_dags/example_python_decorator.py
[2025-03-08T23:44:41.482+0000] {processor.py:914} INFO - Processing file /home/airflow/.local/lib/python3.12/site-packages/airflow/example_dags/example_python_decorator.py for tasks to queue
[2025-03-08T23:44:41.484+0000] {logging_mixin.py:190} INFO - [2025-03-08T23:44:41.484+0000] {dagbag.py:588} INFO - Filling up the DagBag from /home/airflow/.local/lib/python3.12/site-packages/airflow/example_dags/example_python_decorator.py
[2025-03-08T23:44:41.494+0000] {processor.py:925} INFO - DAG(s) 'example_python_decorator' retrieved from /home/airflow/.local/lib/python3.12/site-packages/airflow/example_dags/example_python_decorator.py
[2025-03-08T23:44:41.514+0000] {logging_mixin.py:190} INFO - [2025-03-08T23:44:41.514+0000] {dag.py:3239} INFO - Sync 1 DAGs
[2025-03-08T23:44:41.527+0000] {logging_mixin.py:190} INFO - [2025-03-08T23:44:41.527+0000] {dag.py:4180} INFO - Setting next_dagrun for example_python_decorator to None, run_after=None
[2025-03-08T23:44:41.544+0000] {processor.py:208} INFO - Processing /home/airflow/.local/lib/python3.12/site-packages/airflow/example_dags/example_python_decorator.py took 0.067 seconds
[2025-03-08T23:45:12.628+0000] {processor.py:186} INFO - Started process (PID=1033) to work on /home/airflow/.local/lib/python3.12/site-packages/airflow/example_dags/example_python_decorator.py
[2025-03-08T23:45:12.629+0000] {processor.py:914} INFO - Processing file /home/airflow/.local/lib/python3.12/site-packages/airflow/example_dags/example_python_decorator.py for tasks to queue
[2025-03-08T23:45:12.631+0000] {logging_mixin.py:190} INFO - [2025-03-08T23:45:12.630+0000] {dagbag.py:588} INFO - Filling up the DagBag from /home/airflow/.local/lib/python3.12/site-packages/airflow/example_dags/example_python_decorator.py
[2025-03-08T23:45:12.640+0000] {processor.py:925} INFO - DAG(s) 'example_python_decorator' retrieved from /home/airflow/.local/lib/python3.12/site-packages/airflow/example_dags/example_python_decorator.py
[2025-03-08T23:45:12.657+0000] {logging_mixin.py:190} INFO - [2025-03-08T23:45:12.657+0000] {dag.py:3239} INFO - Sync 1 DAGs
[2025-03-08T23:45:12.669+0000] {logging_mixin.py:190} INFO - [2025-03-08T23:45:12.668+0000] {dag.py:4180} INFO - Setting next_dagrun for example_python_decorator to None, run_after=None
[2025-03-08T23:45:12.685+0000] {processor.py:208} INFO - Processing /home/airflow/.local/lib/python3.12/site-packages/airflow/example_dags/example_python_decorator.py took 0.061 seconds
[2025-03-08T23:45:43.545+0000] {processor.py:186} INFO - Started process (PID=1096) to work on /home/airflow/.local/lib/python3.12/site-packages/airflow/example_dags/example_python_decorator.py
[2025-03-08T23:45:43.546+0000] {processor.py:914} INFO - Processing file /home/airflow/.local/lib/python3.12/site-packages/airflow/example_dags/example_python_decorator.py for tasks to queue
[2025-03-08T23:45:43.548+0000] {logging_mixin.py:190} INFO - [2025-03-08T23:45:43.548+0000] {dagbag.py:588} INFO - Filling up the DagBag from /home/airflow/.local/lib/python3.12/site-packages/airflow/example_dags/example_python_decorator.py
[2025-03-08T23:45:43.558+0000] {processor.py:925} INFO - DAG(s) 'example_python_decorator' retrieved from /home/airflow/.local/lib/python3.12/site-packages/airflow/example_dags/example_python_decorator.py
[2025-03-08T23:45:43.578+0000] {logging_mixin.py:190} INFO - [2025-03-08T23:45:43.577+0000] {dag.py:3239} INFO - Sync 1 DAGs
[2025-03-08T23:45:43.588+0000] {logging_mixin.py:190} INFO - [2025-03-08T23:45:43.588+0000] {dag.py:4180} INFO - Setting next_dagrun for example_python_decorator to None, run_after=None
[2025-03-08T23:45:43.606+0000] {processor.py:208} INFO - Processing /home/airflow/.local/lib/python3.12/site-packages/airflow/example_dags/example_python_decorator.py took 0.066 seconds
[2025-03-08T23:46:14.614+0000] {processor.py:186} INFO - Started process (PID=1159) to work on /home/airflow/.local/lib/python3.12/site-packages/airflow/example_dags/example_python_decorator.py
[2025-03-08T23:46:14.615+0000] {processor.py:914} INFO - Processing file /home/airflow/.local/lib/python3.12/site-packages/airflow/example_dags/example_python_decorator.py for tasks to queue
[2025-03-08T23:46:14.617+0000] {logging_mixin.py:190} INFO - [2025-03-08T23:46:14.616+0000] {dagbag.py:588} INFO - Filling up the DagBag from /home/airflow/.local/lib/python3.12/site-packages/airflow/example_dags/example_python_decorator.py
[2025-03-08T23:46:14.628+0000] {processor.py:925} INFO - DAG(s) 'example_python_decorator' retrieved from /home/airflow/.local/lib/python3.12/site-packages/airflow/example_dags/example_python_decorator.py
[2025-03-08T23:46:14.648+0000] {logging_mixin.py:190} INFO - [2025-03-08T23:46:14.648+0000] {dag.py:3239} INFO - Sync 1 DAGs
[2025-03-08T23:46:14.661+0000] {logging_mixin.py:190} INFO - [2025-03-08T23:46:14.660+0000] {dag.py:4180} INFO - Setting next_dagrun for example_python_decorator to None, run_after=None
[2025-03-08T23:46:14.678+0000] {processor.py:208} INFO - Processing /home/airflow/.local/lib/python3.12/site-packages/airflow/example_dags/example_python_decorator.py took 0.068 seconds
[2025-03-08T23:46:45.653+0000] {processor.py:186} INFO - Started process (PID=1222) to work on /home/airflow/.local/lib/python3.12/site-packages/airflow/example_dags/example_python_decorator.py
[2025-03-08T23:46:45.654+0000] {processor.py:914} INFO - Processing file /home/airflow/.local/lib/python3.12/site-packages/airflow/example_dags/example_python_decorator.py for tasks to queue
[2025-03-08T23:46:45.658+0000] {logging_mixin.py:190} INFO - [2025-03-08T23:46:45.657+0000] {dagbag.py:588} INFO - Filling up the DagBag from /home/airflow/.local/lib/python3.12/site-packages/airflow/example_dags/example_python_decorator.py
[2025-03-08T23:46:45.668+0000] {processor.py:925} INFO - DAG(s) 'example_python_decorator' retrieved from /home/airflow/.local/lib/python3.12/site-packages/airflow/example_dags/example_python_decorator.py
[2025-03-08T23:46:45.687+0000] {logging_mixin.py:190} INFO - [2025-03-08T23:46:45.687+0000] {dag.py:3239} INFO - Sync 1 DAGs
[2025-03-08T23:46:45.698+0000] {logging_mixin.py:190} INFO - [2025-03-08T23:46:45.698+0000] {dag.py:4180} INFO - Setting next_dagrun for example_python_decorator to None, run_after=None
[2025-03-08T23:46:45.713+0000] {processor.py:208} INFO - Processing /home/airflow/.local/lib/python3.12/site-packages/airflow/example_dags/example_python_decorator.py took 0.066 seconds
[2025-03-08T23:47:16.444+0000] {processor.py:186} INFO - Started process (PID=1285) to work on /home/airflow/.local/lib/python3.12/site-packages/airflow/example_dags/example_python_decorator.py
[2025-03-08T23:47:16.445+0000] {processor.py:914} INFO - Processing file /home/airflow/.local/lib/python3.12/site-packages/airflow/example_dags/example_python_decorator.py for tasks to queue
[2025-03-08T23:47:16.447+0000] {logging_mixin.py:190} INFO - [2025-03-08T23:47:16.447+0000] {dagbag.py:588} INFO - Filling up the DagBag from /home/airflow/.local/lib/python3.12/site-packages/airflow/example_dags/example_python_decorator.py
[2025-03-08T23:47:16.456+0000] {processor.py:925} INFO - DAG(s) 'example_python_decorator' retrieved from /home/airflow/.local/lib/python3.12/site-packages/airflow/example_dags/example_python_decorator.py
[2025-03-08T23:47:16.476+0000] {logging_mixin.py:190} INFO - [2025-03-08T23:47:16.476+0000] {dag.py:3239} INFO - Sync 1 DAGs
[2025-03-08T23:47:16.490+0000] {logging_mixin.py:190} INFO - [2025-03-08T23:47:16.489+0000] {dag.py:4180} INFO - Setting next_dagrun for example_python_decorator to None, run_after=None
[2025-03-08T23:47:16.504+0000] {processor.py:208} INFO - Processing /home/airflow/.local/lib/python3.12/site-packages/airflow/example_dags/example_python_decorator.py took 0.063 seconds
[2025-03-08T23:47:47.080+0000] {processor.py:186} INFO - Started process (PID=1347) to work on /home/airflow/.local/lib/python3.12/site-packages/airflow/example_dags/example_python_decorator.py
[2025-03-08T23:47:47.080+0000] {processor.py:914} INFO - Processing file /home/airflow/.local/lib/python3.12/site-packages/airflow/example_dags/example_python_decorator.py for tasks to queue
[2025-03-08T23:47:47.082+0000] {logging_mixin.py:190} INFO - [2025-03-08T23:47:47.082+0000] {dagbag.py:588} INFO - Filling up the DagBag from /home/airflow/.local/lib/python3.12/site-packages/airflow/example_dags/example_python_decorator.py
[2025-03-08T23:47:47.091+0000] {processor.py:925} INFO - DAG(s) 'example_python_decorator' retrieved from /home/airflow/.local/lib/python3.12/site-packages/airflow/example_dags/example_python_decorator.py
[2025-03-08T23:47:47.106+0000] {logging_mixin.py:190} INFO - [2025-03-08T23:47:47.106+0000] {dag.py:3239} INFO - Sync 1 DAGs
[2025-03-08T23:47:47.116+0000] {logging_mixin.py:190} INFO - [2025-03-08T23:47:47.116+0000] {dag.py:4180} INFO - Setting next_dagrun for example_python_decorator to None, run_after=None
[2025-03-08T23:47:47.129+0000] {processor.py:208} INFO - Processing /home/airflow/.local/lib/python3.12/site-packages/airflow/example_dags/example_python_decorator.py took 0.053 seconds
[2025-03-08T23:48:17.837+0000] {processor.py:186} INFO - Started process (PID=1410) to work on /home/airflow/.local/lib/python3.12/site-packages/airflow/example_dags/example_python_decorator.py
[2025-03-08T23:48:17.838+0000] {processor.py:914} INFO - Processing file /home/airflow/.local/lib/python3.12/site-packages/airflow/example_dags/example_python_decorator.py for tasks to queue
[2025-03-08T23:48:17.840+0000] {logging_mixin.py:190} INFO - [2025-03-08T23:48:17.839+0000] {dagbag.py:588} INFO - Filling up the DagBag from /home/airflow/.local/lib/python3.12/site-packages/airflow/example_dags/example_python_decorator.py
[2025-03-08T23:48:17.849+0000] {processor.py:925} INFO - DAG(s) 'example_python_decorator' retrieved from /home/airflow/.local/lib/python3.12/site-packages/airflow/example_dags/example_python_decorator.py
[2025-03-08T23:48:17.866+0000] {logging_mixin.py:190} INFO - [2025-03-08T23:48:17.865+0000] {dag.py:3239} INFO - Sync 1 DAGs
[2025-03-08T23:48:17.875+0000] {logging_mixin.py:190} INFO - [2025-03-08T23:48:17.875+0000] {dag.py:4180} INFO - Setting next_dagrun for example_python_decorator to None, run_after=None
[2025-03-08T23:48:17.889+0000] {processor.py:208} INFO - Processing /home/airflow/.local/lib/python3.12/site-packages/airflow/example_dags/example_python_decorator.py took 0.055 seconds
[2025-03-08T23:48:48.634+0000] {processor.py:186} INFO - Started process (PID=1473) to work on /home/airflow/.local/lib/python3.12/site-packages/airflow/example_dags/example_python_decorator.py
[2025-03-08T23:48:48.635+0000] {processor.py:914} INFO - Processing file /home/airflow/.local/lib/python3.12/site-packages/airflow/example_dags/example_python_decorator.py for tasks to queue
[2025-03-08T23:48:48.637+0000] {logging_mixin.py:190} INFO - [2025-03-08T23:48:48.636+0000] {dagbag.py:588} INFO - Filling up the DagBag from /home/airflow/.local/lib/python3.12/site-packages/airflow/example_dags/example_python_decorator.py
[2025-03-08T23:48:48.647+0000] {processor.py:925} INFO - DAG(s) 'example_python_decorator' retrieved from /home/airflow/.local/lib/python3.12/site-packages/airflow/example_dags/example_python_decorator.py
[2025-03-08T23:48:48.667+0000] {logging_mixin.py:190} INFO - [2025-03-08T23:48:48.667+0000] {dag.py:3239} INFO - Sync 1 DAGs
[2025-03-08T23:48:48.679+0000] {logging_mixin.py:190} INFO - [2025-03-08T23:48:48.679+0000] {dag.py:4180} INFO - Setting next_dagrun for example_python_decorator to None, run_after=None
[2025-03-08T23:48:48.694+0000] {processor.py:208} INFO - Processing /home/airflow/.local/lib/python3.12/site-packages/airflow/example_dags/example_python_decorator.py took 0.065 seconds
[2025-03-08T23:49:19.901+0000] {processor.py:186} INFO - Started process (PID=1537) to work on /home/airflow/.local/lib/python3.12/site-packages/airflow/example_dags/example_python_decorator.py
[2025-03-08T23:49:19.901+0000] {processor.py:914} INFO - Processing file /home/airflow/.local/lib/python3.12/site-packages/airflow/example_dags/example_python_decorator.py for tasks to queue
[2025-03-08T23:49:19.903+0000] {logging_mixin.py:190} INFO - [2025-03-08T23:49:19.903+0000] {dagbag.py:588} INFO - Filling up the DagBag from /home/airflow/.local/lib/python3.12/site-packages/airflow/example_dags/example_python_decorator.py
[2025-03-08T23:49:19.912+0000] {processor.py:925} INFO - DAG(s) 'example_python_decorator' retrieved from /home/airflow/.local/lib/python3.12/site-packages/airflow/example_dags/example_python_decorator.py
[2025-03-08T23:49:19.928+0000] {logging_mixin.py:190} INFO - [2025-03-08T23:49:19.928+0000] {dag.py:3239} INFO - Sync 1 DAGs
[2025-03-08T23:49:19.938+0000] {logging_mixin.py:190} INFO - [2025-03-08T23:49:19.937+0000] {dag.py:4180} INFO - Setting next_dagrun for example_python_decorator to None, run_after=None
[2025-03-08T23:49:19.954+0000] {processor.py:208} INFO - Processing /home/airflow/.local/lib/python3.12/site-packages/airflow/example_dags/example_python_decorator.py took 0.058 seconds
[2025-03-08T23:49:51.134+0000] {processor.py:186} INFO - Started process (PID=1600) to work on /home/airflow/.local/lib/python3.12/site-packages/airflow/example_dags/example_python_decorator.py
[2025-03-08T23:49:51.135+0000] {processor.py:914} INFO - Processing file /home/airflow/.local/lib/python3.12/site-packages/airflow/example_dags/example_python_decorator.py for tasks to queue
[2025-03-08T23:49:51.138+0000] {logging_mixin.py:190} INFO - [2025-03-08T23:49:51.137+0000] {dagbag.py:588} INFO - Filling up the DagBag from /home/airflow/.local/lib/python3.12/site-packages/airflow/example_dags/example_python_decorator.py
[2025-03-08T23:49:51.150+0000] {processor.py:925} INFO - DAG(s) 'example_python_decorator' retrieved from /home/airflow/.local/lib/python3.12/site-packages/airflow/example_dags/example_python_decorator.py
[2025-03-08T23:49:51.170+0000] {logging_mixin.py:190} INFO - [2025-03-08T23:49:51.170+0000] {dag.py:3239} INFO - Sync 1 DAGs
[2025-03-08T23:49:51.185+0000] {logging_mixin.py:190} INFO - [2025-03-08T23:49:51.184+0000] {dag.py:4180} INFO - Setting next_dagrun for example_python_decorator to None, run_after=None
[2025-03-08T23:49:51.201+0000] {processor.py:208} INFO - Processing /home/airflow/.local/lib/python3.12/site-packages/airflow/example_dags/example_python_decorator.py took 0.071 seconds
[2025-03-08T23:50:22.453+0000] {processor.py:186} INFO - Started process (PID=1662) to work on /home/airflow/.local/lib/python3.12/site-packages/airflow/example_dags/example_python_decorator.py
[2025-03-08T23:50:22.454+0000] {processor.py:914} INFO - Processing file /home/airflow/.local/lib/python3.12/site-packages/airflow/example_dags/example_python_decorator.py for tasks to queue
[2025-03-08T23:50:22.456+0000] {logging_mixin.py:190} INFO - [2025-03-08T23:50:22.456+0000] {dagbag.py:588} INFO - Filling up the DagBag from /home/airflow/.local/lib/python3.12/site-packages/airflow/example_dags/example_python_decorator.py
[2025-03-08T23:50:22.465+0000] {processor.py:925} INFO - DAG(s) 'example_python_decorator' retrieved from /home/airflow/.local/lib/python3.12/site-packages/airflow/example_dags/example_python_decorator.py
[2025-03-08T23:50:22.480+0000] {logging_mixin.py:190} INFO - [2025-03-08T23:50:22.480+0000] {dag.py:3239} INFO - Sync 1 DAGs
[2025-03-08T23:50:22.491+0000] {logging_mixin.py:190} INFO - [2025-03-08T23:50:22.491+0000] {dag.py:4180} INFO - Setting next_dagrun for example_python_decorator to None, run_after=None
[2025-03-08T23:50:22.503+0000] {processor.py:208} INFO - Processing /home/airflow/.local/lib/python3.12/site-packages/airflow/example_dags/example_python_decorator.py took 0.054 seconds
[2025-03-08T23:50:53.049+0000] {processor.py:186} INFO - Started process (PID=1725) to work on /home/airflow/.local/lib/python3.12/site-packages/airflow/example_dags/example_python_decorator.py
[2025-03-08T23:50:53.050+0000] {processor.py:914} INFO - Processing file /home/airflow/.local/lib/python3.12/site-packages/airflow/example_dags/example_python_decorator.py for tasks to queue
[2025-03-08T23:50:53.052+0000] {logging_mixin.py:190} INFO - [2025-03-08T23:50:53.052+0000] {dagbag.py:588} INFO - Filling up the DagBag from /home/airflow/.local/lib/python3.12/site-packages/airflow/example_dags/example_python_decorator.py
[2025-03-08T23:50:53.061+0000] {processor.py:925} INFO - DAG(s) 'example_python_decorator' retrieved from /home/airflow/.local/lib/python3.12/site-packages/airflow/example_dags/example_python_decorator.py
[2025-03-08T23:50:53.077+0000] {logging_mixin.py:190} INFO - [2025-03-08T23:50:53.076+0000] {dag.py:3239} INFO - Sync 1 DAGs
[2025-03-08T23:50:53.087+0000] {logging_mixin.py:190} INFO - [2025-03-08T23:50:53.087+0000] {dag.py:4180} INFO - Setting next_dagrun for example_python_decorator to None, run_after=None
[2025-03-08T23:50:53.101+0000] {processor.py:208} INFO - Processing /home/airflow/.local/lib/python3.12/site-packages/airflow/example_dags/example_python_decorator.py took 0.055 seconds
[2025-03-08T23:51:24.416+0000] {processor.py:186} INFO - Started process (PID=1788) to work on /home/airflow/.local/lib/python3.12/site-packages/airflow/example_dags/example_python_decorator.py
[2025-03-08T23:51:24.417+0000] {processor.py:914} INFO - Processing file /home/airflow/.local/lib/python3.12/site-packages/airflow/example_dags/example_python_decorator.py for tasks to queue
[2025-03-08T23:51:24.418+0000] {logging_mixin.py:190} INFO - [2025-03-08T23:51:24.418+0000] {dagbag.py:588} INFO - Filling up the DagBag from /home/airflow/.local/lib/python3.12/site-packages/airflow/example_dags/example_python_decorator.py
[2025-03-08T23:51:24.429+0000] {processor.py:925} INFO - DAG(s) 'example_python_decorator' retrieved from /home/airflow/.local/lib/python3.12/site-packages/airflow/example_dags/example_python_decorator.py
[2025-03-08T23:51:24.446+0000] {logging_mixin.py:190} INFO - [2025-03-08T23:51:24.445+0000] {dag.py:3239} INFO - Sync 1 DAGs
[2025-03-08T23:51:24.456+0000] {logging_mixin.py:190} INFO - [2025-03-08T23:51:24.456+0000] {dag.py:4180} INFO - Setting next_dagrun for example_python_decorator to None, run_after=None
[2025-03-08T23:51:24.471+0000] {processor.py:208} INFO - Processing /home/airflow/.local/lib/python3.12/site-packages/airflow/example_dags/example_python_decorator.py took 0.060 seconds
[2025-03-08T23:51:55.486+0000] {processor.py:186} INFO - Started process (PID=1852) to work on /home/airflow/.local/lib/python3.12/site-packages/airflow/example_dags/example_python_decorator.py
[2025-03-08T23:51:55.487+0000] {processor.py:914} INFO - Processing file /home/airflow/.local/lib/python3.12/site-packages/airflow/example_dags/example_python_decorator.py for tasks to queue
[2025-03-08T23:51:55.489+0000] {logging_mixin.py:190} INFO - [2025-03-08T23:51:55.488+0000] {dagbag.py:588} INFO - Filling up the DagBag from /home/airflow/.local/lib/python3.12/site-packages/airflow/example_dags/example_python_decorator.py
[2025-03-08T23:51:55.498+0000] {processor.py:925} INFO - DAG(s) 'example_python_decorator' retrieved from /home/airflow/.local/lib/python3.12/site-packages/airflow/example_dags/example_python_decorator.py
[2025-03-08T23:51:55.516+0000] {logging_mixin.py:190} INFO - [2025-03-08T23:51:55.515+0000] {dag.py:3239} INFO - Sync 1 DAGs
[2025-03-08T23:51:55.526+0000] {logging_mixin.py:190} INFO - [2025-03-08T23:51:55.526+0000] {dag.py:4180} INFO - Setting next_dagrun for example_python_decorator to None, run_after=None
[2025-03-08T23:51:55.543+0000] {processor.py:208} INFO - Processing /home/airflow/.local/lib/python3.12/site-packages/airflow/example_dags/example_python_decorator.py took 0.060 seconds
[2025-03-08T23:52:26.728+0000] {processor.py:186} INFO - Started process (PID=1915) to work on /home/airflow/.local/lib/python3.12/site-packages/airflow/example_dags/example_python_decorator.py
[2025-03-08T23:52:26.729+0000] {processor.py:914} INFO - Processing file /home/airflow/.local/lib/python3.12/site-packages/airflow/example_dags/example_python_decorator.py for tasks to queue
[2025-03-08T23:52:26.731+0000] {logging_mixin.py:190} INFO - [2025-03-08T23:52:26.731+0000] {dagbag.py:588} INFO - Filling up the DagBag from /home/airflow/.local/lib/python3.12/site-packages/airflow/example_dags/example_python_decorator.py
[2025-03-08T23:52:26.741+0000] {processor.py:925} INFO - DAG(s) 'example_python_decorator' retrieved from /home/airflow/.local/lib/python3.12/site-packages/airflow/example_dags/example_python_decorator.py
[2025-03-08T23:52:26.759+0000] {logging_mixin.py:190} INFO - [2025-03-08T23:52:26.759+0000] {dag.py:3239} INFO - Sync 1 DAGs
[2025-03-08T23:52:26.770+0000] {logging_mixin.py:190} INFO - [2025-03-08T23:52:26.770+0000] {dag.py:4180} INFO - Setting next_dagrun for example_python_decorator to None, run_after=None
[2025-03-08T23:52:26.786+0000] {processor.py:208} INFO - Processing /home/airflow/.local/lib/python3.12/site-packages/airflow/example_dags/example_python_decorator.py took 0.063 seconds
[2025-03-08T23:52:57.657+0000] {processor.py:186} INFO - Started process (PID=1978) to work on /home/airflow/.local/lib/python3.12/site-packages/airflow/example_dags/example_python_decorator.py
[2025-03-08T23:52:57.658+0000] {processor.py:914} INFO - Processing file /home/airflow/.local/lib/python3.12/site-packages/airflow/example_dags/example_python_decorator.py for tasks to queue
[2025-03-08T23:52:57.660+0000] {logging_mixin.py:190} INFO - [2025-03-08T23:52:57.660+0000] {dagbag.py:588} INFO - Filling up the DagBag from /home/airflow/.local/lib/python3.12/site-packages/airflow/example_dags/example_python_decorator.py
[2025-03-08T23:52:57.669+0000] {processor.py:925} INFO - DAG(s) 'example_python_decorator' retrieved from /home/airflow/.local/lib/python3.12/site-packages/airflow/example_dags/example_python_decorator.py
[2025-03-08T23:52:57.687+0000] {logging_mixin.py:190} INFO - [2025-03-08T23:52:57.687+0000] {dag.py:3239} INFO - Sync 1 DAGs
[2025-03-08T23:52:57.698+0000] {logging_mixin.py:190} INFO - [2025-03-08T23:52:57.697+0000] {dag.py:4180} INFO - Setting next_dagrun for example_python_decorator to None, run_after=None
[2025-03-08T23:52:57.712+0000] {processor.py:208} INFO - Processing /home/airflow/.local/lib/python3.12/site-packages/airflow/example_dags/example_python_decorator.py took 0.059 seconds
[2025-03-08T23:53:28.463+0000] {processor.py:186} INFO - Started process (PID=2041) to work on /home/airflow/.local/lib/python3.12/site-packages/airflow/example_dags/example_python_decorator.py
[2025-03-08T23:53:28.464+0000] {processor.py:914} INFO - Processing file /home/airflow/.local/lib/python3.12/site-packages/airflow/example_dags/example_python_decorator.py for tasks to queue
[2025-03-08T23:53:28.466+0000] {logging_mixin.py:190} INFO - [2025-03-08T23:53:28.465+0000] {dagbag.py:588} INFO - Filling up the DagBag from /home/airflow/.local/lib/python3.12/site-packages/airflow/example_dags/example_python_decorator.py
[2025-03-08T23:53:28.475+0000] {processor.py:925} INFO - DAG(s) 'example_python_decorator' retrieved from /home/airflow/.local/lib/python3.12/site-packages/airflow/example_dags/example_python_decorator.py
[2025-03-08T23:53:28.493+0000] {logging_mixin.py:190} INFO - [2025-03-08T23:53:28.493+0000] {dag.py:3239} INFO - Sync 1 DAGs
[2025-03-08T23:53:28.504+0000] {logging_mixin.py:190} INFO - [2025-03-08T23:53:28.504+0000] {dag.py:4180} INFO - Setting next_dagrun for example_python_decorator to None, run_after=None
[2025-03-08T23:53:28.519+0000] {processor.py:208} INFO - Processing /home/airflow/.local/lib/python3.12/site-packages/airflow/example_dags/example_python_decorator.py took 0.059 seconds
[2025-03-08T23:53:59.674+0000] {processor.py:186} INFO - Started process (PID=2110) to work on /home/airflow/.local/lib/python3.12/site-packages/airflow/example_dags/example_python_decorator.py
[2025-03-08T23:53:59.675+0000] {processor.py:914} INFO - Processing file /home/airflow/.local/lib/python3.12/site-packages/airflow/example_dags/example_python_decorator.py for tasks to queue
[2025-03-08T23:53:59.677+0000] {logging_mixin.py:190} INFO - [2025-03-08T23:53:59.677+0000] {dagbag.py:588} INFO - Filling up the DagBag from /home/airflow/.local/lib/python3.12/site-packages/airflow/example_dags/example_python_decorator.py
[2025-03-08T23:53:59.687+0000] {processor.py:925} INFO - DAG(s) 'example_python_decorator' retrieved from /home/airflow/.local/lib/python3.12/site-packages/airflow/example_dags/example_python_decorator.py
[2025-03-08T23:53:59.705+0000] {logging_mixin.py:190} INFO - [2025-03-08T23:53:59.705+0000] {dag.py:3239} INFO - Sync 1 DAGs
[2025-03-08T23:53:59.716+0000] {logging_mixin.py:190} INFO - [2025-03-08T23:53:59.716+0000] {dag.py:4180} INFO - Setting next_dagrun for example_python_decorator to None, run_after=None
[2025-03-08T23:53:59.732+0000] {processor.py:208} INFO - Processing /home/airflow/.local/lib/python3.12/site-packages/airflow/example_dags/example_python_decorator.py took 0.062 seconds
[2025-03-08T23:54:30.942+0000] {processor.py:186} INFO - Started process (PID=2173) to work on /home/airflow/.local/lib/python3.12/site-packages/airflow/example_dags/example_python_decorator.py
[2025-03-08T23:54:30.943+0000] {processor.py:914} INFO - Processing file /home/airflow/.local/lib/python3.12/site-packages/airflow/example_dags/example_python_decorator.py for tasks to queue
[2025-03-08T23:54:30.945+0000] {logging_mixin.py:190} INFO - [2025-03-08T23:54:30.945+0000] {dagbag.py:588} INFO - Filling up the DagBag from /home/airflow/.local/lib/python3.12/site-packages/airflow/example_dags/example_python_decorator.py
[2025-03-08T23:54:30.955+0000] {processor.py:925} INFO - DAG(s) 'example_python_decorator' retrieved from /home/airflow/.local/lib/python3.12/site-packages/airflow/example_dags/example_python_decorator.py
[2025-03-08T23:54:30.973+0000] {logging_mixin.py:190} INFO - [2025-03-08T23:54:30.973+0000] {dag.py:3239} INFO - Sync 1 DAGs
[2025-03-08T23:54:30.985+0000] {logging_mixin.py:190} INFO - [2025-03-08T23:54:30.985+0000] {dag.py:4180} INFO - Setting next_dagrun for example_python_decorator to None, run_after=None
[2025-03-08T23:54:31.002+0000] {processor.py:208} INFO - Processing /home/airflow/.local/lib/python3.12/site-packages/airflow/example_dags/example_python_decorator.py took 0.065 seconds
[2025-03-08T23:55:01.552+0000] {processor.py:186} INFO - Started process (PID=2236) to work on /home/airflow/.local/lib/python3.12/site-packages/airflow/example_dags/example_python_decorator.py
[2025-03-08T23:55:01.553+0000] {processor.py:914} INFO - Processing file /home/airflow/.local/lib/python3.12/site-packages/airflow/example_dags/example_python_decorator.py for tasks to queue
[2025-03-08T23:55:01.555+0000] {logging_mixin.py:190} INFO - [2025-03-08T23:55:01.555+0000] {dagbag.py:588} INFO - Filling up the DagBag from /home/airflow/.local/lib/python3.12/site-packages/airflow/example_dags/example_python_decorator.py
[2025-03-08T23:55:01.566+0000] {processor.py:925} INFO - DAG(s) 'example_python_decorator' retrieved from /home/airflow/.local/lib/python3.12/site-packages/airflow/example_dags/example_python_decorator.py
[2025-03-08T23:55:01.585+0000] {logging_mixin.py:190} INFO - [2025-03-08T23:55:01.585+0000] {dag.py:3239} INFO - Sync 1 DAGs
[2025-03-08T23:55:01.597+0000] {logging_mixin.py:190} INFO - [2025-03-08T23:55:01.597+0000] {dag.py:4180} INFO - Setting next_dagrun for example_python_decorator to None, run_after=None
[2025-03-08T23:55:01.616+0000] {processor.py:208} INFO - Processing /home/airflow/.local/lib/python3.12/site-packages/airflow/example_dags/example_python_decorator.py took 0.069 seconds
[2025-03-08T23:55:32.702+0000] {processor.py:186} INFO - Started process (PID=2299) to work on /home/airflow/.local/lib/python3.12/site-packages/airflow/example_dags/example_python_decorator.py
[2025-03-08T23:55:32.703+0000] {processor.py:914} INFO - Processing file /home/airflow/.local/lib/python3.12/site-packages/airflow/example_dags/example_python_decorator.py for tasks to queue
[2025-03-08T23:55:32.704+0000] {logging_mixin.py:190} INFO - [2025-03-08T23:55:32.704+0000] {dagbag.py:588} INFO - Filling up the DagBag from /home/airflow/.local/lib/python3.12/site-packages/airflow/example_dags/example_python_decorator.py
[2025-03-08T23:55:32.714+0000] {processor.py:925} INFO - DAG(s) 'example_python_decorator' retrieved from /home/airflow/.local/lib/python3.12/site-packages/airflow/example_dags/example_python_decorator.py
[2025-03-08T23:55:32.731+0000] {logging_mixin.py:190} INFO - [2025-03-08T23:55:32.731+0000] {dag.py:3239} INFO - Sync 1 DAGs
[2025-03-08T23:55:32.742+0000] {logging_mixin.py:190} INFO - [2025-03-08T23:55:32.742+0000] {dag.py:4180} INFO - Setting next_dagrun for example_python_decorator to None, run_after=None
[2025-03-08T23:55:32.757+0000] {processor.py:208} INFO - Processing /home/airflow/.local/lib/python3.12/site-packages/airflow/example_dags/example_python_decorator.py took 0.059 seconds
[2025-03-08T23:56:03.884+0000] {processor.py:186} INFO - Started process (PID=2361) to work on /home/airflow/.local/lib/python3.12/site-packages/airflow/example_dags/example_python_decorator.py
[2025-03-08T23:56:03.885+0000] {processor.py:914} INFO - Processing file /home/airflow/.local/lib/python3.12/site-packages/airflow/example_dags/example_python_decorator.py for tasks to queue
[2025-03-08T23:56:03.886+0000] {logging_mixin.py:190} INFO - [2025-03-08T23:56:03.886+0000] {dagbag.py:588} INFO - Filling up the DagBag from /home/airflow/.local/lib/python3.12/site-packages/airflow/example_dags/example_python_decorator.py
[2025-03-08T23:56:03.896+0000] {processor.py:925} INFO - DAG(s) 'example_python_decorator' retrieved from /home/airflow/.local/lib/python3.12/site-packages/airflow/example_dags/example_python_decorator.py
[2025-03-08T23:56:03.911+0000] {logging_mixin.py:190} INFO - [2025-03-08T23:56:03.910+0000] {dag.py:3239} INFO - Sync 1 DAGs
[2025-03-08T23:56:03.923+0000] {logging_mixin.py:190} INFO - [2025-03-08T23:56:03.922+0000] {dag.py:4180} INFO - Setting next_dagrun for example_python_decorator to None, run_after=None
[2025-03-08T23:56:03.941+0000] {processor.py:208} INFO - Processing /home/airflow/.local/lib/python3.12/site-packages/airflow/example_dags/example_python_decorator.py took 0.061 seconds
[2025-03-08T23:56:35.430+0000] {processor.py:186} INFO - Started process (PID=2424) to work on /home/airflow/.local/lib/python3.12/site-packages/airflow/example_dags/example_python_decorator.py
[2025-03-08T23:56:35.431+0000] {processor.py:914} INFO - Processing file /home/airflow/.local/lib/python3.12/site-packages/airflow/example_dags/example_python_decorator.py for tasks to queue
[2025-03-08T23:56:35.433+0000] {logging_mixin.py:190} INFO - [2025-03-08T23:56:35.433+0000] {dagbag.py:588} INFO - Filling up the DagBag from /home/airflow/.local/lib/python3.12/site-packages/airflow/example_dags/example_python_decorator.py
[2025-03-08T23:56:35.445+0000] {processor.py:925} INFO - DAG(s) 'example_python_decorator' retrieved from /home/airflow/.local/lib/python3.12/site-packages/airflow/example_dags/example_python_decorator.py
[2025-03-08T23:56:35.462+0000] {logging_mixin.py:190} INFO - [2025-03-08T23:56:35.462+0000] {dag.py:3239} INFO - Sync 1 DAGs
[2025-03-08T23:56:35.474+0000] {logging_mixin.py:190} INFO - [2025-03-08T23:56:35.474+0000] {dag.py:4180} INFO - Setting next_dagrun for example_python_decorator to None, run_after=None
[2025-03-08T23:56:35.489+0000] {processor.py:208} INFO - Processing /home/airflow/.local/lib/python3.12/site-packages/airflow/example_dags/example_python_decorator.py took 0.064 seconds
[2025-03-08T23:57:06.520+0000] {processor.py:186} INFO - Started process (PID=2488) to work on /home/airflow/.local/lib/python3.12/site-packages/airflow/example_dags/example_python_decorator.py
[2025-03-08T23:57:06.521+0000] {processor.py:914} INFO - Processing file /home/airflow/.local/lib/python3.12/site-packages/airflow/example_dags/example_python_decorator.py for tasks to queue
[2025-03-08T23:57:06.523+0000] {logging_mixin.py:190} INFO - [2025-03-08T23:57:06.523+0000] {dagbag.py:588} INFO - Filling up the DagBag from /home/airflow/.local/lib/python3.12/site-packages/airflow/example_dags/example_python_decorator.py
[2025-03-08T23:57:06.533+0000] {processor.py:925} INFO - DAG(s) 'example_python_decorator' retrieved from /home/airflow/.local/lib/python3.12/site-packages/airflow/example_dags/example_python_decorator.py
[2025-03-08T23:57:06.550+0000] {logging_mixin.py:190} INFO - [2025-03-08T23:57:06.550+0000] {dag.py:3239} INFO - Sync 1 DAGs
[2025-03-08T23:57:06.562+0000] {logging_mixin.py:190} INFO - [2025-03-08T23:57:06.561+0000] {dag.py:4180} INFO - Setting next_dagrun for example_python_decorator to None, run_after=None
[2025-03-08T23:57:06.577+0000] {processor.py:208} INFO - Processing /home/airflow/.local/lib/python3.12/site-packages/airflow/example_dags/example_python_decorator.py took 0.061 seconds
[2025-03-08T23:57:37.650+0000] {processor.py:186} INFO - Started process (PID=2550) to work on /home/airflow/.local/lib/python3.12/site-packages/airflow/example_dags/example_python_decorator.py
[2025-03-08T23:57:37.651+0000] {processor.py:914} INFO - Processing file /home/airflow/.local/lib/python3.12/site-packages/airflow/example_dags/example_python_decorator.py for tasks to queue
[2025-03-08T23:57:37.652+0000] {logging_mixin.py:190} INFO - [2025-03-08T23:57:37.652+0000] {dagbag.py:588} INFO - Filling up the DagBag from /home/airflow/.local/lib/python3.12/site-packages/airflow/example_dags/example_python_decorator.py
[2025-03-08T23:57:37.662+0000] {processor.py:925} INFO - DAG(s) 'example_python_decorator' retrieved from /home/airflow/.local/lib/python3.12/site-packages/airflow/example_dags/example_python_decorator.py
[2025-03-08T23:57:37.677+0000] {logging_mixin.py:190} INFO - [2025-03-08T23:57:37.677+0000] {dag.py:3239} INFO - Sync 1 DAGs
[2025-03-08T23:57:37.687+0000] {logging_mixin.py:190} INFO - [2025-03-08T23:57:37.687+0000] {dag.py:4180} INFO - Setting next_dagrun for example_python_decorator to None, run_after=None
[2025-03-08T23:57:37.701+0000] {processor.py:208} INFO - Processing /home/airflow/.local/lib/python3.12/site-packages/airflow/example_dags/example_python_decorator.py took 0.056 seconds
[2025-03-08T23:58:09.163+0000] {processor.py:186} INFO - Started process (PID=2613) to work on /home/airflow/.local/lib/python3.12/site-packages/airflow/example_dags/example_python_decorator.py
[2025-03-08T23:58:09.164+0000] {processor.py:914} INFO - Processing file /home/airflow/.local/lib/python3.12/site-packages/airflow/example_dags/example_python_decorator.py for tasks to queue
[2025-03-08T23:58:09.166+0000] {logging_mixin.py:190} INFO - [2025-03-08T23:58:09.166+0000] {dagbag.py:588} INFO - Filling up the DagBag from /home/airflow/.local/lib/python3.12/site-packages/airflow/example_dags/example_python_decorator.py
[2025-03-08T23:58:09.175+0000] {processor.py:925} INFO - DAG(s) 'example_python_decorator' retrieved from /home/airflow/.local/lib/python3.12/site-packages/airflow/example_dags/example_python_decorator.py
[2025-03-08T23:58:09.190+0000] {logging_mixin.py:190} INFO - [2025-03-08T23:58:09.190+0000] {dag.py:3239} INFO - Sync 1 DAGs
[2025-03-08T23:58:09.199+0000] {logging_mixin.py:190} INFO - [2025-03-08T23:58:09.198+0000] {dag.py:4180} INFO - Setting next_dagrun for example_python_decorator to None, run_after=None
[2025-03-08T23:58:09.213+0000] {processor.py:208} INFO - Processing /home/airflow/.local/lib/python3.12/site-packages/airflow/example_dags/example_python_decorator.py took 0.054 seconds
