[2025-03-08T22:35:43.906+0000] {processor.py:186} INFO - Started process (PID=68) to work on /home/airflow/.local/lib/python3.12/site-packages/airflow/example_dags/example_latest_only_with_trigger.py
[2025-03-08T22:35:43.907+0000] {processor.py:914} INFO - Processing file /home/airflow/.local/lib/python3.12/site-packages/airflow/example_dags/example_latest_only_with_trigger.py for tasks to queue
[2025-03-08T22:35:43.908+0000] {logging_mixin.py:190} INFO - [2025-03-08T22:35:43.908+0000] {dagbag.py:588} INFO - Filling up the DagBag from /home/airflow/.local/lib/python3.12/site-packages/airflow/example_dags/example_latest_only_with_trigger.py
[2025-03-08T22:35:43.915+0000] {processor.py:925} INFO - DAG(s) 'latest_only_with_trigger' retrieved from /home/airflow/.local/lib/python3.12/site-packages/airflow/example_dags/example_latest_only_with_trigger.py
[2025-03-08T22:35:44.018+0000] {logging_mixin.py:190} INFO - [2025-03-08T22:35:44.017+0000] {override.py:1912} INFO - Created Permission View: can edit on DAG:latest_only_with_trigger
[2025-03-08T22:35:44.028+0000] {logging_mixin.py:190} INFO - [2025-03-08T22:35:44.028+0000] {override.py:1912} INFO - Created Permission View: can read on DAG:latest_only_with_trigger
[2025-03-08T22:35:44.035+0000] {logging_mixin.py:190} INFO - [2025-03-08T22:35:44.034+0000] {override.py:1912} INFO - Created Permission View: can delete on DAG:latest_only_with_trigger
[2025-03-08T22:35:44.043+0000] {logging_mixin.py:190} INFO - [2025-03-08T22:35:44.043+0000] {override.py:1912} INFO - Created Permission View: menu access on DAG Run:latest_only_with_trigger
[2025-03-08T22:35:44.050+0000] {logging_mixin.py:190} INFO - [2025-03-08T22:35:44.050+0000] {override.py:1912} INFO - Created Permission View: can delete on DAG Run:latest_only_with_trigger
[2025-03-08T22:35:44.057+0000] {logging_mixin.py:190} INFO - [2025-03-08T22:35:44.057+0000] {override.py:1912} INFO - Created Permission View: can read on DAG Run:latest_only_with_trigger
[2025-03-08T22:35:44.063+0000] {logging_mixin.py:190} INFO - [2025-03-08T22:35:44.063+0000] {override.py:1912} INFO - Created Permission View: can create on DAG Run:latest_only_with_trigger
[2025-03-08T22:35:44.064+0000] {logging_mixin.py:190} INFO - [2025-03-08T22:35:44.064+0000] {dag.py:3239} INFO - Sync 1 DAGs
[2025-03-08T22:35:44.076+0000] {logging_mixin.py:190} INFO - [2025-03-08T22:35:44.076+0000] {dag.py:3262} INFO - Creating ORM DAG for latest_only_with_trigger
[2025-03-08T22:35:44.085+0000] {logging_mixin.py:190} INFO - [2025-03-08T22:35:44.085+0000] {dag.py:4180} INFO - Setting next_dagrun for latest_only_with_trigger to 2025-03-08 16:00:00+00:00, run_after=2025-03-08 20:00:00+00:00
[2025-03-08T22:35:44.102+0000] {processor.py:208} INFO - Processing /home/airflow/.local/lib/python3.12/site-packages/airflow/example_dags/example_latest_only_with_trigger.py took 0.200 seconds
[2025-03-08T22:36:14.260+0000] {processor.py:186} INFO - Started process (PID=130) to work on /home/airflow/.local/lib/python3.12/site-packages/airflow/example_dags/example_latest_only_with_trigger.py
[2025-03-08T22:36:14.261+0000] {processor.py:914} INFO - Processing file /home/airflow/.local/lib/python3.12/site-packages/airflow/example_dags/example_latest_only_with_trigger.py for tasks to queue
[2025-03-08T22:36:14.262+0000] {logging_mixin.py:190} INFO - [2025-03-08T22:36:14.262+0000] {dagbag.py:588} INFO - Filling up the DagBag from /home/airflow/.local/lib/python3.12/site-packages/airflow/example_dags/example_latest_only_with_trigger.py
[2025-03-08T22:36:14.267+0000] {processor.py:925} INFO - DAG(s) 'latest_only_with_trigger' retrieved from /home/airflow/.local/lib/python3.12/site-packages/airflow/example_dags/example_latest_only_with_trigger.py
[2025-03-08T22:36:14.281+0000] {logging_mixin.py:190} INFO - [2025-03-08T22:36:14.281+0000] {dag.py:3239} INFO - Sync 1 DAGs
[2025-03-08T22:36:14.298+0000] {logging_mixin.py:190} INFO - [2025-03-08T22:36:14.298+0000] {dag.py:4180} INFO - Setting next_dagrun for latest_only_with_trigger to 2025-03-08 16:00:00+00:00, run_after=2025-03-08 20:00:00+00:00
[2025-03-08T22:36:14.323+0000] {processor.py:208} INFO - Processing /home/airflow/.local/lib/python3.12/site-packages/airflow/example_dags/example_latest_only_with_trigger.py took 0.066 seconds
[2025-03-08T22:36:45.016+0000] {processor.py:186} INFO - Started process (PID=193) to work on /home/airflow/.local/lib/python3.12/site-packages/airflow/example_dags/example_latest_only_with_trigger.py
[2025-03-08T22:36:45.017+0000] {processor.py:914} INFO - Processing file /home/airflow/.local/lib/python3.12/site-packages/airflow/example_dags/example_latest_only_with_trigger.py for tasks to queue
[2025-03-08T22:36:45.019+0000] {logging_mixin.py:190} INFO - [2025-03-08T22:36:45.019+0000] {dagbag.py:588} INFO - Filling up the DagBag from /home/airflow/.local/lib/python3.12/site-packages/airflow/example_dags/example_latest_only_with_trigger.py
[2025-03-08T22:36:45.025+0000] {processor.py:925} INFO - DAG(s) 'latest_only_with_trigger' retrieved from /home/airflow/.local/lib/python3.12/site-packages/airflow/example_dags/example_latest_only_with_trigger.py
[2025-03-08T22:36:45.043+0000] {logging_mixin.py:190} INFO - [2025-03-08T22:36:45.042+0000] {dag.py:3239} INFO - Sync 1 DAGs
[2025-03-08T22:36:45.061+0000] {logging_mixin.py:190} INFO - [2025-03-08T22:36:45.061+0000] {dag.py:4180} INFO - Setting next_dagrun for latest_only_with_trigger to 2025-03-08 16:00:00+00:00, run_after=2025-03-08 20:00:00+00:00
[2025-03-08T22:36:45.081+0000] {processor.py:208} INFO - Processing /home/airflow/.local/lib/python3.12/site-packages/airflow/example_dags/example_latest_only_with_trigger.py took 0.069 seconds
[2025-03-08T22:37:15.726+0000] {processor.py:186} INFO - Started process (PID=256) to work on /home/airflow/.local/lib/python3.12/site-packages/airflow/example_dags/example_latest_only_with_trigger.py
[2025-03-08T22:37:15.727+0000] {processor.py:914} INFO - Processing file /home/airflow/.local/lib/python3.12/site-packages/airflow/example_dags/example_latest_only_with_trigger.py for tasks to queue
[2025-03-08T22:37:15.729+0000] {logging_mixin.py:190} INFO - [2025-03-08T22:37:15.729+0000] {dagbag.py:588} INFO - Filling up the DagBag from /home/airflow/.local/lib/python3.12/site-packages/airflow/example_dags/example_latest_only_with_trigger.py
[2025-03-08T22:37:15.734+0000] {processor.py:925} INFO - DAG(s) 'latest_only_with_trigger' retrieved from /home/airflow/.local/lib/python3.12/site-packages/airflow/example_dags/example_latest_only_with_trigger.py
[2025-03-08T22:37:15.748+0000] {logging_mixin.py:190} INFO - [2025-03-08T22:37:15.748+0000] {dag.py:3239} INFO - Sync 1 DAGs
[2025-03-08T22:37:15.765+0000] {logging_mixin.py:190} INFO - [2025-03-08T22:37:15.765+0000] {dag.py:4180} INFO - Setting next_dagrun for latest_only_with_trigger to 2025-03-08 16:00:00+00:00, run_after=2025-03-08 20:00:00+00:00
[2025-03-08T22:37:15.777+0000] {processor.py:208} INFO - Processing /home/airflow/.local/lib/python3.12/site-packages/airflow/example_dags/example_latest_only_with_trigger.py took 0.057 seconds
[2025-03-08T22:37:46.326+0000] {processor.py:186} INFO - Started process (PID=319) to work on /home/airflow/.local/lib/python3.12/site-packages/airflow/example_dags/example_latest_only_with_trigger.py
[2025-03-08T22:37:46.327+0000] {processor.py:914} INFO - Processing file /home/airflow/.local/lib/python3.12/site-packages/airflow/example_dags/example_latest_only_with_trigger.py for tasks to queue
[2025-03-08T22:37:46.329+0000] {logging_mixin.py:190} INFO - [2025-03-08T22:37:46.328+0000] {dagbag.py:588} INFO - Filling up the DagBag from /home/airflow/.local/lib/python3.12/site-packages/airflow/example_dags/example_latest_only_with_trigger.py
[2025-03-08T22:37:46.335+0000] {processor.py:925} INFO - DAG(s) 'latest_only_with_trigger' retrieved from /home/airflow/.local/lib/python3.12/site-packages/airflow/example_dags/example_latest_only_with_trigger.py
[2025-03-08T22:37:46.350+0000] {logging_mixin.py:190} INFO - [2025-03-08T22:37:46.350+0000] {dag.py:3239} INFO - Sync 1 DAGs
[2025-03-08T22:37:46.367+0000] {logging_mixin.py:190} INFO - [2025-03-08T22:37:46.367+0000] {dag.py:4180} INFO - Setting next_dagrun for latest_only_with_trigger to 2025-03-08 16:00:00+00:00, run_after=2025-03-08 20:00:00+00:00
[2025-03-08T22:37:46.385+0000] {processor.py:208} INFO - Processing /home/airflow/.local/lib/python3.12/site-packages/airflow/example_dags/example_latest_only_with_trigger.py took 0.062 seconds
[2025-03-08T22:38:16.558+0000] {processor.py:186} INFO - Started process (PID=382) to work on /home/airflow/.local/lib/python3.12/site-packages/airflow/example_dags/example_latest_only_with_trigger.py
[2025-03-08T22:38:16.559+0000] {processor.py:914} INFO - Processing file /home/airflow/.local/lib/python3.12/site-packages/airflow/example_dags/example_latest_only_with_trigger.py for tasks to queue
[2025-03-08T22:38:16.561+0000] {logging_mixin.py:190} INFO - [2025-03-08T22:38:16.561+0000] {dagbag.py:588} INFO - Filling up the DagBag from /home/airflow/.local/lib/python3.12/site-packages/airflow/example_dags/example_latest_only_with_trigger.py
[2025-03-08T22:38:16.567+0000] {processor.py:925} INFO - DAG(s) 'latest_only_with_trigger' retrieved from /home/airflow/.local/lib/python3.12/site-packages/airflow/example_dags/example_latest_only_with_trigger.py
[2025-03-08T22:38:16.583+0000] {logging_mixin.py:190} INFO - [2025-03-08T22:38:16.583+0000] {dag.py:3239} INFO - Sync 1 DAGs
[2025-03-08T22:38:16.602+0000] {logging_mixin.py:190} INFO - [2025-03-08T22:38:16.602+0000] {dag.py:4180} INFO - Setting next_dagrun for latest_only_with_trigger to 2025-03-08 16:00:00+00:00, run_after=2025-03-08 20:00:00+00:00
[2025-03-08T22:38:16.618+0000] {processor.py:208} INFO - Processing /home/airflow/.local/lib/python3.12/site-packages/airflow/example_dags/example_latest_only_with_trigger.py took 0.065 seconds
[2025-03-08T22:38:46.880+0000] {processor.py:186} INFO - Started process (PID=445) to work on /home/airflow/.local/lib/python3.12/site-packages/airflow/example_dags/example_latest_only_with_trigger.py
[2025-03-08T22:38:46.881+0000] {processor.py:914} INFO - Processing file /home/airflow/.local/lib/python3.12/site-packages/airflow/example_dags/example_latest_only_with_trigger.py for tasks to queue
[2025-03-08T22:38:46.882+0000] {logging_mixin.py:190} INFO - [2025-03-08T22:38:46.882+0000] {dagbag.py:588} INFO - Filling up the DagBag from /home/airflow/.local/lib/python3.12/site-packages/airflow/example_dags/example_latest_only_with_trigger.py
[2025-03-08T22:38:46.887+0000] {processor.py:925} INFO - DAG(s) 'latest_only_with_trigger' retrieved from /home/airflow/.local/lib/python3.12/site-packages/airflow/example_dags/example_latest_only_with_trigger.py
[2025-03-08T22:38:46.902+0000] {logging_mixin.py:190} INFO - [2025-03-08T22:38:46.902+0000] {dag.py:3239} INFO - Sync 1 DAGs
[2025-03-08T22:38:46.918+0000] {logging_mixin.py:190} INFO - [2025-03-08T22:38:46.917+0000] {dag.py:4180} INFO - Setting next_dagrun for latest_only_with_trigger to 2025-03-08 16:00:00+00:00, run_after=2025-03-08 20:00:00+00:00
[2025-03-08T22:38:46.931+0000] {processor.py:208} INFO - Processing /home/airflow/.local/lib/python3.12/site-packages/airflow/example_dags/example_latest_only_with_trigger.py took 0.055 seconds
[2025-03-08T22:39:17.318+0000] {processor.py:186} INFO - Started process (PID=514) to work on /home/airflow/.local/lib/python3.12/site-packages/airflow/example_dags/example_latest_only_with_trigger.py
[2025-03-08T22:39:17.319+0000] {processor.py:914} INFO - Processing file /home/airflow/.local/lib/python3.12/site-packages/airflow/example_dags/example_latest_only_with_trigger.py for tasks to queue
[2025-03-08T22:39:17.321+0000] {logging_mixin.py:190} INFO - [2025-03-08T22:39:17.320+0000] {dagbag.py:588} INFO - Filling up the DagBag from /home/airflow/.local/lib/python3.12/site-packages/airflow/example_dags/example_latest_only_with_trigger.py
[2025-03-08T22:39:17.329+0000] {processor.py:925} INFO - DAG(s) 'latest_only_with_trigger' retrieved from /home/airflow/.local/lib/python3.12/site-packages/airflow/example_dags/example_latest_only_with_trigger.py
[2025-03-08T22:39:17.345+0000] {logging_mixin.py:190} INFO - [2025-03-08T22:39:17.345+0000] {dag.py:3239} INFO - Sync 1 DAGs
[2025-03-08T22:39:17.364+0000] {logging_mixin.py:190} INFO - [2025-03-08T22:39:17.364+0000] {dag.py:4180} INFO - Setting next_dagrun for latest_only_with_trigger to 2025-03-08 16:00:00+00:00, run_after=2025-03-08 20:00:00+00:00
[2025-03-08T22:39:17.378+0000] {processor.py:208} INFO - Processing /home/airflow/.local/lib/python3.12/site-packages/airflow/example_dags/example_latest_only_with_trigger.py took 0.064 seconds
[2025-03-08T23:37:24.655+0000] {processor.py:186} INFO - Started process (PID=68) to work on /home/airflow/.local/lib/python3.12/site-packages/airflow/example_dags/example_latest_only_with_trigger.py
[2025-03-08T23:37:24.656+0000] {processor.py:914} INFO - Processing file /home/airflow/.local/lib/python3.12/site-packages/airflow/example_dags/example_latest_only_with_trigger.py for tasks to queue
[2025-03-08T23:37:24.658+0000] {logging_mixin.py:190} INFO - [2025-03-08T23:37:24.657+0000] {dagbag.py:588} INFO - Filling up the DagBag from /home/airflow/.local/lib/python3.12/site-packages/airflow/example_dags/example_latest_only_with_trigger.py
[2025-03-08T23:37:24.664+0000] {processor.py:925} INFO - DAG(s) 'latest_only_with_trigger' retrieved from /home/airflow/.local/lib/python3.12/site-packages/airflow/example_dags/example_latest_only_with_trigger.py
[2025-03-08T23:37:24.690+0000] {logging_mixin.py:190} INFO - [2025-03-08T23:37:24.690+0000] {dag.py:3239} INFO - Sync 1 DAGs
[2025-03-08T23:37:24.712+0000] {logging_mixin.py:190} INFO - [2025-03-08T23:37:24.712+0000] {dag.py:4180} INFO - Setting next_dagrun for latest_only_with_trigger to 2025-03-08 16:00:00+00:00, run_after=2025-03-08 20:00:00+00:00
[2025-03-08T23:37:24.733+0000] {processor.py:208} INFO - Processing /home/airflow/.local/lib/python3.12/site-packages/airflow/example_dags/example_latest_only_with_trigger.py took 0.082 seconds
[2025-03-08T23:37:55.697+0000] {processor.py:186} INFO - Started process (PID=131) to work on /home/airflow/.local/lib/python3.12/site-packages/airflow/example_dags/example_latest_only_with_trigger.py
[2025-03-08T23:37:55.697+0000] {processor.py:914} INFO - Processing file /home/airflow/.local/lib/python3.12/site-packages/airflow/example_dags/example_latest_only_with_trigger.py for tasks to queue
[2025-03-08T23:37:55.699+0000] {logging_mixin.py:190} INFO - [2025-03-08T23:37:55.699+0000] {dagbag.py:588} INFO - Filling up the DagBag from /home/airflow/.local/lib/python3.12/site-packages/airflow/example_dags/example_latest_only_with_trigger.py
[2025-03-08T23:37:55.704+0000] {processor.py:925} INFO - DAG(s) 'latest_only_with_trigger' retrieved from /home/airflow/.local/lib/python3.12/site-packages/airflow/example_dags/example_latest_only_with_trigger.py
[2025-03-08T23:37:55.724+0000] {logging_mixin.py:190} INFO - [2025-03-08T23:37:55.724+0000] {dag.py:3239} INFO - Sync 1 DAGs
[2025-03-08T23:37:55.745+0000] {logging_mixin.py:190} INFO - [2025-03-08T23:37:55.745+0000] {dag.py:4180} INFO - Setting next_dagrun for latest_only_with_trigger to 2025-03-08 16:00:00+00:00, run_after=2025-03-08 20:00:00+00:00
[2025-03-08T23:37:55.765+0000] {processor.py:208} INFO - Processing /home/airflow/.local/lib/python3.12/site-packages/airflow/example_dags/example_latest_only_with_trigger.py took 0.074 seconds
[2025-03-08T23:38:26.195+0000] {processor.py:186} INFO - Started process (PID=193) to work on /home/airflow/.local/lib/python3.12/site-packages/airflow/example_dags/example_latest_only_with_trigger.py
[2025-03-08T23:38:26.196+0000] {processor.py:914} INFO - Processing file /home/airflow/.local/lib/python3.12/site-packages/airflow/example_dags/example_latest_only_with_trigger.py for tasks to queue
[2025-03-08T23:38:26.199+0000] {logging_mixin.py:190} INFO - [2025-03-08T23:38:26.198+0000] {dagbag.py:588} INFO - Filling up the DagBag from /home/airflow/.local/lib/python3.12/site-packages/airflow/example_dags/example_latest_only_with_trigger.py
[2025-03-08T23:38:26.205+0000] {processor.py:925} INFO - DAG(s) 'latest_only_with_trigger' retrieved from /home/airflow/.local/lib/python3.12/site-packages/airflow/example_dags/example_latest_only_with_trigger.py
[2025-03-08T23:38:26.225+0000] {logging_mixin.py:190} INFO - [2025-03-08T23:38:26.225+0000] {dag.py:3239} INFO - Sync 1 DAGs
[2025-03-08T23:38:26.246+0000] {logging_mixin.py:190} INFO - [2025-03-08T23:38:26.246+0000] {dag.py:4180} INFO - Setting next_dagrun for latest_only_with_trigger to 2025-03-08 16:00:00+00:00, run_after=2025-03-08 20:00:00+00:00
[2025-03-08T23:38:26.262+0000] {processor.py:208} INFO - Processing /home/airflow/.local/lib/python3.12/site-packages/airflow/example_dags/example_latest_only_with_trigger.py took 0.072 seconds
[2025-03-08T23:38:56.708+0000] {processor.py:186} INFO - Started process (PID=256) to work on /home/airflow/.local/lib/python3.12/site-packages/airflow/example_dags/example_latest_only_with_trigger.py
[2025-03-08T23:38:56.709+0000] {processor.py:914} INFO - Processing file /home/airflow/.local/lib/python3.12/site-packages/airflow/example_dags/example_latest_only_with_trigger.py for tasks to queue
[2025-03-08T23:38:56.711+0000] {logging_mixin.py:190} INFO - [2025-03-08T23:38:56.711+0000] {dagbag.py:588} INFO - Filling up the DagBag from /home/airflow/.local/lib/python3.12/site-packages/airflow/example_dags/example_latest_only_with_trigger.py
[2025-03-08T23:38:56.718+0000] {processor.py:925} INFO - DAG(s) 'latest_only_with_trigger' retrieved from /home/airflow/.local/lib/python3.12/site-packages/airflow/example_dags/example_latest_only_with_trigger.py
[2025-03-08T23:38:56.739+0000] {logging_mixin.py:190} INFO - [2025-03-08T23:38:56.739+0000] {dag.py:3239} INFO - Sync 1 DAGs
[2025-03-08T23:38:56.758+0000] {logging_mixin.py:190} INFO - [2025-03-08T23:38:56.758+0000] {dag.py:4180} INFO - Setting next_dagrun for latest_only_with_trigger to 2025-03-08 16:00:00+00:00, run_after=2025-03-08 20:00:00+00:00
[2025-03-08T23:38:56.772+0000] {processor.py:208} INFO - Processing /home/airflow/.local/lib/python3.12/site-packages/airflow/example_dags/example_latest_only_with_trigger.py took 0.070 seconds
[2025-03-08T23:39:27.051+0000] {processor.py:186} INFO - Started process (PID=319) to work on /home/airflow/.local/lib/python3.12/site-packages/airflow/example_dags/example_latest_only_with_trigger.py
[2025-03-08T23:39:27.052+0000] {processor.py:914} INFO - Processing file /home/airflow/.local/lib/python3.12/site-packages/airflow/example_dags/example_latest_only_with_trigger.py for tasks to queue
[2025-03-08T23:39:27.054+0000] {logging_mixin.py:190} INFO - [2025-03-08T23:39:27.054+0000] {dagbag.py:588} INFO - Filling up the DagBag from /home/airflow/.local/lib/python3.12/site-packages/airflow/example_dags/example_latest_only_with_trigger.py
[2025-03-08T23:39:27.061+0000] {processor.py:925} INFO - DAG(s) 'latest_only_with_trigger' retrieved from /home/airflow/.local/lib/python3.12/site-packages/airflow/example_dags/example_latest_only_with_trigger.py
[2025-03-08T23:39:27.078+0000] {logging_mixin.py:190} INFO - [2025-03-08T23:39:27.078+0000] {dag.py:3239} INFO - Sync 1 DAGs
[2025-03-08T23:39:27.095+0000] {logging_mixin.py:190} INFO - [2025-03-08T23:39:27.094+0000] {dag.py:4180} INFO - Setting next_dagrun for latest_only_with_trigger to 2025-03-08 16:00:00+00:00, run_after=2025-03-08 20:00:00+00:00
[2025-03-08T23:39:27.120+0000] {processor.py:208} INFO - Processing /home/airflow/.local/lib/python3.12/site-packages/airflow/example_dags/example_latest_only_with_trigger.py took 0.074 seconds
[2025-03-08T23:39:57.410+0000] {processor.py:186} INFO - Started process (PID=382) to work on /home/airflow/.local/lib/python3.12/site-packages/airflow/example_dags/example_latest_only_with_trigger.py
[2025-03-08T23:39:57.411+0000] {processor.py:914} INFO - Processing file /home/airflow/.local/lib/python3.12/site-packages/airflow/example_dags/example_latest_only_with_trigger.py for tasks to queue
[2025-03-08T23:39:57.414+0000] {logging_mixin.py:190} INFO - [2025-03-08T23:39:57.413+0000] {dagbag.py:588} INFO - Filling up the DagBag from /home/airflow/.local/lib/python3.12/site-packages/airflow/example_dags/example_latest_only_with_trigger.py
[2025-03-08T23:39:57.420+0000] {processor.py:925} INFO - DAG(s) 'latest_only_with_trigger' retrieved from /home/airflow/.local/lib/python3.12/site-packages/airflow/example_dags/example_latest_only_with_trigger.py
[2025-03-08T23:39:57.440+0000] {logging_mixin.py:190} INFO - [2025-03-08T23:39:57.439+0000] {dag.py:3239} INFO - Sync 1 DAGs
[2025-03-08T23:39:57.463+0000] {logging_mixin.py:190} INFO - [2025-03-08T23:39:57.463+0000] {dag.py:4180} INFO - Setting next_dagrun for latest_only_with_trigger to 2025-03-08 16:00:00+00:00, run_after=2025-03-08 20:00:00+00:00
[2025-03-08T23:39:57.483+0000] {processor.py:208} INFO - Processing /home/airflow/.local/lib/python3.12/site-packages/airflow/example_dags/example_latest_only_with_trigger.py took 0.079 seconds
[2025-03-08T23:40:27.731+0000] {processor.py:186} INFO - Started process (PID=445) to work on /home/airflow/.local/lib/python3.12/site-packages/airflow/example_dags/example_latest_only_with_trigger.py
[2025-03-08T23:40:27.732+0000] {processor.py:914} INFO - Processing file /home/airflow/.local/lib/python3.12/site-packages/airflow/example_dags/example_latest_only_with_trigger.py for tasks to queue
[2025-03-08T23:40:27.733+0000] {logging_mixin.py:190} INFO - [2025-03-08T23:40:27.733+0000] {dagbag.py:588} INFO - Filling up the DagBag from /home/airflow/.local/lib/python3.12/site-packages/airflow/example_dags/example_latest_only_with_trigger.py
[2025-03-08T23:40:27.738+0000] {processor.py:925} INFO - DAG(s) 'latest_only_with_trigger' retrieved from /home/airflow/.local/lib/python3.12/site-packages/airflow/example_dags/example_latest_only_with_trigger.py
[2025-03-08T23:40:27.754+0000] {logging_mixin.py:190} INFO - [2025-03-08T23:40:27.754+0000] {dag.py:3239} INFO - Sync 1 DAGs
[2025-03-08T23:40:27.771+0000] {logging_mixin.py:190} INFO - [2025-03-08T23:40:27.771+0000] {dag.py:4180} INFO - Setting next_dagrun for latest_only_with_trigger to 2025-03-08 16:00:00+00:00, run_after=2025-03-08 20:00:00+00:00
[2025-03-08T23:40:27.789+0000] {processor.py:208} INFO - Processing /home/airflow/.local/lib/python3.12/site-packages/airflow/example_dags/example_latest_only_with_trigger.py took 0.062 seconds
[2025-03-08T23:40:58.519+0000] {processor.py:186} INFO - Started process (PID=514) to work on /home/airflow/.local/lib/python3.12/site-packages/airflow/example_dags/example_latest_only_with_trigger.py
[2025-03-08T23:40:58.520+0000] {processor.py:914} INFO - Processing file /home/airflow/.local/lib/python3.12/site-packages/airflow/example_dags/example_latest_only_with_trigger.py for tasks to queue
[2025-03-08T23:40:58.522+0000] {logging_mixin.py:190} INFO - [2025-03-08T23:40:58.522+0000] {dagbag.py:588} INFO - Filling up the DagBag from /home/airflow/.local/lib/python3.12/site-packages/airflow/example_dags/example_latest_only_with_trigger.py
[2025-03-08T23:40:58.531+0000] {processor.py:925} INFO - DAG(s) 'latest_only_with_trigger' retrieved from /home/airflow/.local/lib/python3.12/site-packages/airflow/example_dags/example_latest_only_with_trigger.py
[2025-03-08T23:40:58.551+0000] {logging_mixin.py:190} INFO - [2025-03-08T23:40:58.551+0000] {dag.py:3239} INFO - Sync 1 DAGs
[2025-03-08T23:40:58.570+0000] {logging_mixin.py:190} INFO - [2025-03-08T23:40:58.570+0000] {dag.py:4180} INFO - Setting next_dagrun for latest_only_with_trigger to 2025-03-08 16:00:00+00:00, run_after=2025-03-08 20:00:00+00:00
[2025-03-08T23:40:58.586+0000] {processor.py:208} INFO - Processing /home/airflow/.local/lib/python3.12/site-packages/airflow/example_dags/example_latest_only_with_trigger.py took 0.074 seconds
[2025-03-08T23:41:29.477+0000] {processor.py:186} INFO - Started process (PID=577) to work on /home/airflow/.local/lib/python3.12/site-packages/airflow/example_dags/example_latest_only_with_trigger.py
[2025-03-08T23:41:29.478+0000] {processor.py:914} INFO - Processing file /home/airflow/.local/lib/python3.12/site-packages/airflow/example_dags/example_latest_only_with_trigger.py for tasks to queue
[2025-03-08T23:41:29.480+0000] {logging_mixin.py:190} INFO - [2025-03-08T23:41:29.480+0000] {dagbag.py:588} INFO - Filling up the DagBag from /home/airflow/.local/lib/python3.12/site-packages/airflow/example_dags/example_latest_only_with_trigger.py
[2025-03-08T23:41:29.487+0000] {processor.py:925} INFO - DAG(s) 'latest_only_with_trigger' retrieved from /home/airflow/.local/lib/python3.12/site-packages/airflow/example_dags/example_latest_only_with_trigger.py
[2025-03-08T23:41:29.504+0000] {logging_mixin.py:190} INFO - [2025-03-08T23:41:29.504+0000] {dag.py:3239} INFO - Sync 1 DAGs
[2025-03-08T23:41:29.528+0000] {logging_mixin.py:190} INFO - [2025-03-08T23:41:29.528+0000] {dag.py:4180} INFO - Setting next_dagrun for latest_only_with_trigger to 2025-03-08 16:00:00+00:00, run_after=2025-03-08 20:00:00+00:00
[2025-03-08T23:41:29.551+0000] {processor.py:208} INFO - Processing /home/airflow/.local/lib/python3.12/site-packages/airflow/example_dags/example_latest_only_with_trigger.py took 0.078 seconds
[2025-03-08T23:41:59.991+0000] {processor.py:186} INFO - Started process (PID=640) to work on /home/airflow/.local/lib/python3.12/site-packages/airflow/example_dags/example_latest_only_with_trigger.py
[2025-03-08T23:41:59.992+0000] {processor.py:914} INFO - Processing file /home/airflow/.local/lib/python3.12/site-packages/airflow/example_dags/example_latest_only_with_trigger.py for tasks to queue
[2025-03-08T23:41:59.995+0000] {logging_mixin.py:190} INFO - [2025-03-08T23:41:59.994+0000] {dagbag.py:588} INFO - Filling up the DagBag from /home/airflow/.local/lib/python3.12/site-packages/airflow/example_dags/example_latest_only_with_trigger.py
[2025-03-08T23:42:00.002+0000] {processor.py:925} INFO - DAG(s) 'latest_only_with_trigger' retrieved from /home/airflow/.local/lib/python3.12/site-packages/airflow/example_dags/example_latest_only_with_trigger.py
[2025-03-08T23:42:00.019+0000] {logging_mixin.py:190} INFO - [2025-03-08T23:42:00.018+0000] {dag.py:3239} INFO - Sync 1 DAGs
[2025-03-08T23:42:00.040+0000] {logging_mixin.py:190} INFO - [2025-03-08T23:42:00.040+0000] {dag.py:4180} INFO - Setting next_dagrun for latest_only_with_trigger to 2025-03-08 16:00:00+00:00, run_after=2025-03-08 20:00:00+00:00
[2025-03-08T23:42:00.059+0000] {processor.py:208} INFO - Processing /home/airflow/.local/lib/python3.12/site-packages/airflow/example_dags/example_latest_only_with_trigger.py took 0.074 seconds
[2025-03-08T23:42:30.484+0000] {processor.py:186} INFO - Started process (PID=703) to work on /home/airflow/.local/lib/python3.12/site-packages/airflow/example_dags/example_latest_only_with_trigger.py
[2025-03-08T23:42:30.485+0000] {processor.py:914} INFO - Processing file /home/airflow/.local/lib/python3.12/site-packages/airflow/example_dags/example_latest_only_with_trigger.py for tasks to queue
[2025-03-08T23:42:30.488+0000] {logging_mixin.py:190} INFO - [2025-03-08T23:42:30.488+0000] {dagbag.py:588} INFO - Filling up the DagBag from /home/airflow/.local/lib/python3.12/site-packages/airflow/example_dags/example_latest_only_with_trigger.py
[2025-03-08T23:42:30.495+0000] {processor.py:925} INFO - DAG(s) 'latest_only_with_trigger' retrieved from /home/airflow/.local/lib/python3.12/site-packages/airflow/example_dags/example_latest_only_with_trigger.py
[2025-03-08T23:42:30.518+0000] {logging_mixin.py:190} INFO - [2025-03-08T23:42:30.517+0000] {dag.py:3239} INFO - Sync 1 DAGs
[2025-03-08T23:42:30.535+0000] {logging_mixin.py:190} INFO - [2025-03-08T23:42:30.535+0000] {dag.py:4180} INFO - Setting next_dagrun for latest_only_with_trigger to 2025-03-08 16:00:00+00:00, run_after=2025-03-08 20:00:00+00:00
[2025-03-08T23:42:30.556+0000] {processor.py:208} INFO - Processing /home/airflow/.local/lib/python3.12/site-packages/airflow/example_dags/example_latest_only_with_trigger.py took 0.077 seconds
[2025-03-08T23:43:01.173+0000] {processor.py:186} INFO - Started process (PID=767) to work on /home/airflow/.local/lib/python3.12/site-packages/airflow/example_dags/example_latest_only_with_trigger.py
[2025-03-08T23:43:01.174+0000] {processor.py:914} INFO - Processing file /home/airflow/.local/lib/python3.12/site-packages/airflow/example_dags/example_latest_only_with_trigger.py for tasks to queue
[2025-03-08T23:43:01.177+0000] {logging_mixin.py:190} INFO - [2025-03-08T23:43:01.176+0000] {dagbag.py:588} INFO - Filling up the DagBag from /home/airflow/.local/lib/python3.12/site-packages/airflow/example_dags/example_latest_only_with_trigger.py
[2025-03-08T23:43:01.182+0000] {processor.py:925} INFO - DAG(s) 'latest_only_with_trigger' retrieved from /home/airflow/.local/lib/python3.12/site-packages/airflow/example_dags/example_latest_only_with_trigger.py
[2025-03-08T23:43:01.198+0000] {logging_mixin.py:190} INFO - [2025-03-08T23:43:01.198+0000] {dag.py:3239} INFO - Sync 1 DAGs
[2025-03-08T23:43:01.216+0000] {logging_mixin.py:190} INFO - [2025-03-08T23:43:01.215+0000] {dag.py:4180} INFO - Setting next_dagrun for latest_only_with_trigger to 2025-03-08 16:00:00+00:00, run_after=2025-03-08 20:00:00+00:00
[2025-03-08T23:43:01.233+0000] {processor.py:208} INFO - Processing /home/airflow/.local/lib/python3.12/site-packages/airflow/example_dags/example_latest_only_with_trigger.py took 0.064 seconds
[2025-03-08T23:43:31.444+0000] {processor.py:186} INFO - Started process (PID=830) to work on /home/airflow/.local/lib/python3.12/site-packages/airflow/example_dags/example_latest_only_with_trigger.py
[2025-03-08T23:43:31.444+0000] {processor.py:914} INFO - Processing file /home/airflow/.local/lib/python3.12/site-packages/airflow/example_dags/example_latest_only_with_trigger.py for tasks to queue
[2025-03-08T23:43:31.446+0000] {logging_mixin.py:190} INFO - [2025-03-08T23:43:31.446+0000] {dagbag.py:588} INFO - Filling up the DagBag from /home/airflow/.local/lib/python3.12/site-packages/airflow/example_dags/example_latest_only_with_trigger.py
[2025-03-08T23:43:31.451+0000] {processor.py:925} INFO - DAG(s) 'latest_only_with_trigger' retrieved from /home/airflow/.local/lib/python3.12/site-packages/airflow/example_dags/example_latest_only_with_trigger.py
[2025-03-08T23:43:31.465+0000] {logging_mixin.py:190} INFO - [2025-03-08T23:43:31.464+0000] {dag.py:3239} INFO - Sync 1 DAGs
[2025-03-08T23:43:31.479+0000] {logging_mixin.py:190} INFO - [2025-03-08T23:43:31.479+0000] {dag.py:4180} INFO - Setting next_dagrun for latest_only_with_trigger to 2025-03-08 16:00:00+00:00, run_after=2025-03-08 20:00:00+00:00
[2025-03-08T23:43:31.492+0000] {processor.py:208} INFO - Processing /home/airflow/.local/lib/python3.12/site-packages/airflow/example_dags/example_latest_only_with_trigger.py took 0.052 seconds
[2025-03-08T23:44:02.115+0000] {processor.py:186} INFO - Started process (PID=893) to work on /home/airflow/.local/lib/python3.12/site-packages/airflow/example_dags/example_latest_only_with_trigger.py
[2025-03-08T23:44:02.116+0000] {processor.py:914} INFO - Processing file /home/airflow/.local/lib/python3.12/site-packages/airflow/example_dags/example_latest_only_with_trigger.py for tasks to queue
[2025-03-08T23:44:02.119+0000] {logging_mixin.py:190} INFO - [2025-03-08T23:44:02.119+0000] {dagbag.py:588} INFO - Filling up the DagBag from /home/airflow/.local/lib/python3.12/site-packages/airflow/example_dags/example_latest_only_with_trigger.py
[2025-03-08T23:44:02.125+0000] {processor.py:925} INFO - DAG(s) 'latest_only_with_trigger' retrieved from /home/airflow/.local/lib/python3.12/site-packages/airflow/example_dags/example_latest_only_with_trigger.py
[2025-03-08T23:44:02.144+0000] {logging_mixin.py:190} INFO - [2025-03-08T23:44:02.144+0000] {dag.py:3239} INFO - Sync 1 DAGs
[2025-03-08T23:44:02.164+0000] {logging_mixin.py:190} INFO - [2025-03-08T23:44:02.164+0000] {dag.py:4180} INFO - Setting next_dagrun for latest_only_with_trigger to 2025-03-08 16:00:00+00:00, run_after=2025-03-08 20:00:00+00:00
[2025-03-08T23:44:02.188+0000] {processor.py:208} INFO - Processing /home/airflow/.local/lib/python3.12/site-packages/airflow/example_dags/example_latest_only_with_trigger.py took 0.078 seconds
[2025-03-08T23:44:32.232+0000] {processor.py:186} INFO - Started process (PID=956) to work on /home/airflow/.local/lib/python3.12/site-packages/airflow/example_dags/example_latest_only_with_trigger.py
[2025-03-08T23:44:32.234+0000] {processor.py:914} INFO - Processing file /home/airflow/.local/lib/python3.12/site-packages/airflow/example_dags/example_latest_only_with_trigger.py for tasks to queue
[2025-03-08T23:44:32.236+0000] {logging_mixin.py:190} INFO - [2025-03-08T23:44:32.236+0000] {dagbag.py:588} INFO - Filling up the DagBag from /home/airflow/.local/lib/python3.12/site-packages/airflow/example_dags/example_latest_only_with_trigger.py
[2025-03-08T23:44:32.244+0000] {processor.py:925} INFO - DAG(s) 'latest_only_with_trigger' retrieved from /home/airflow/.local/lib/python3.12/site-packages/airflow/example_dags/example_latest_only_with_trigger.py
[2025-03-08T23:44:32.265+0000] {logging_mixin.py:190} INFO - [2025-03-08T23:44:32.265+0000] {dag.py:3239} INFO - Sync 1 DAGs
[2025-03-08T23:44:32.287+0000] {logging_mixin.py:190} INFO - [2025-03-08T23:44:32.287+0000] {dag.py:4180} INFO - Setting next_dagrun for latest_only_with_trigger to 2025-03-08 16:00:00+00:00, run_after=2025-03-08 20:00:00+00:00
[2025-03-08T23:44:32.312+0000] {processor.py:208} INFO - Processing /home/airflow/.local/lib/python3.12/site-packages/airflow/example_dags/example_latest_only_with_trigger.py took 0.086 seconds
[2025-03-08T23:45:03.172+0000] {processor.py:186} INFO - Started process (PID=1019) to work on /home/airflow/.local/lib/python3.12/site-packages/airflow/example_dags/example_latest_only_with_trigger.py
[2025-03-08T23:45:03.173+0000] {processor.py:914} INFO - Processing file /home/airflow/.local/lib/python3.12/site-packages/airflow/example_dags/example_latest_only_with_trigger.py for tasks to queue
[2025-03-08T23:45:03.177+0000] {logging_mixin.py:190} INFO - [2025-03-08T23:45:03.176+0000] {dagbag.py:588} INFO - Filling up the DagBag from /home/airflow/.local/lib/python3.12/site-packages/airflow/example_dags/example_latest_only_with_trigger.py
[2025-03-08T23:45:03.184+0000] {processor.py:925} INFO - DAG(s) 'latest_only_with_trigger' retrieved from /home/airflow/.local/lib/python3.12/site-packages/airflow/example_dags/example_latest_only_with_trigger.py
[2025-03-08T23:45:03.204+0000] {logging_mixin.py:190} INFO - [2025-03-08T23:45:03.204+0000] {dag.py:3239} INFO - Sync 1 DAGs
[2025-03-08T23:45:03.224+0000] {logging_mixin.py:190} INFO - [2025-03-08T23:45:03.224+0000] {dag.py:4180} INFO - Setting next_dagrun for latest_only_with_trigger to 2025-03-08 16:00:00+00:00, run_after=2025-03-08 20:00:00+00:00
[2025-03-08T23:45:03.240+0000] {processor.py:208} INFO - Processing /home/airflow/.local/lib/python3.12/site-packages/airflow/example_dags/example_latest_only_with_trigger.py took 0.074 seconds
[2025-03-08T23:45:34.153+0000] {processor.py:186} INFO - Started process (PID=1082) to work on /home/airflow/.local/lib/python3.12/site-packages/airflow/example_dags/example_latest_only_with_trigger.py
[2025-03-08T23:45:34.154+0000] {processor.py:914} INFO - Processing file /home/airflow/.local/lib/python3.12/site-packages/airflow/example_dags/example_latest_only_with_trigger.py for tasks to queue
[2025-03-08T23:45:34.157+0000] {logging_mixin.py:190} INFO - [2025-03-08T23:45:34.157+0000] {dagbag.py:588} INFO - Filling up the DagBag from /home/airflow/.local/lib/python3.12/site-packages/airflow/example_dags/example_latest_only_with_trigger.py
[2025-03-08T23:45:34.164+0000] {processor.py:925} INFO - DAG(s) 'latest_only_with_trigger' retrieved from /home/airflow/.local/lib/python3.12/site-packages/airflow/example_dags/example_latest_only_with_trigger.py
[2025-03-08T23:45:34.184+0000] {logging_mixin.py:190} INFO - [2025-03-08T23:45:34.183+0000] {dag.py:3239} INFO - Sync 1 DAGs
[2025-03-08T23:45:34.203+0000] {logging_mixin.py:190} INFO - [2025-03-08T23:45:34.203+0000] {dag.py:4180} INFO - Setting next_dagrun for latest_only_with_trigger to 2025-03-08 16:00:00+00:00, run_after=2025-03-08 20:00:00+00:00
[2025-03-08T23:45:34.222+0000] {processor.py:208} INFO - Processing /home/airflow/.local/lib/python3.12/site-packages/airflow/example_dags/example_latest_only_with_trigger.py took 0.075 seconds
[2025-03-08T23:46:05.157+0000] {processor.py:186} INFO - Started process (PID=1145) to work on /home/airflow/.local/lib/python3.12/site-packages/airflow/example_dags/example_latest_only_with_trigger.py
[2025-03-08T23:46:05.159+0000] {processor.py:914} INFO - Processing file /home/airflow/.local/lib/python3.12/site-packages/airflow/example_dags/example_latest_only_with_trigger.py for tasks to queue
[2025-03-08T23:46:05.161+0000] {logging_mixin.py:190} INFO - [2025-03-08T23:46:05.161+0000] {dagbag.py:588} INFO - Filling up the DagBag from /home/airflow/.local/lib/python3.12/site-packages/airflow/example_dags/example_latest_only_with_trigger.py
[2025-03-08T23:46:05.166+0000] {processor.py:925} INFO - DAG(s) 'latest_only_with_trigger' retrieved from /home/airflow/.local/lib/python3.12/site-packages/airflow/example_dags/example_latest_only_with_trigger.py
[2025-03-08T23:46:05.185+0000] {logging_mixin.py:190} INFO - [2025-03-08T23:46:05.185+0000] {dag.py:3239} INFO - Sync 1 DAGs
[2025-03-08T23:46:05.203+0000] {logging_mixin.py:190} INFO - [2025-03-08T23:46:05.202+0000] {dag.py:4180} INFO - Setting next_dagrun for latest_only_with_trigger to 2025-03-08 16:00:00+00:00, run_after=2025-03-08 20:00:00+00:00
[2025-03-08T23:46:05.223+0000] {processor.py:208} INFO - Processing /home/airflow/.local/lib/python3.12/site-packages/airflow/example_dags/example_latest_only_with_trigger.py took 0.071 seconds
[2025-03-08T23:46:35.291+0000] {processor.py:186} INFO - Started process (PID=1208) to work on /home/airflow/.local/lib/python3.12/site-packages/airflow/example_dags/example_latest_only_with_trigger.py
[2025-03-08T23:46:35.291+0000] {processor.py:914} INFO - Processing file /home/airflow/.local/lib/python3.12/site-packages/airflow/example_dags/example_latest_only_with_trigger.py for tasks to queue
[2025-03-08T23:46:35.293+0000] {logging_mixin.py:190} INFO - [2025-03-08T23:46:35.293+0000] {dagbag.py:588} INFO - Filling up the DagBag from /home/airflow/.local/lib/python3.12/site-packages/airflow/example_dags/example_latest_only_with_trigger.py
[2025-03-08T23:46:35.298+0000] {processor.py:925} INFO - DAG(s) 'latest_only_with_trigger' retrieved from /home/airflow/.local/lib/python3.12/site-packages/airflow/example_dags/example_latest_only_with_trigger.py
[2025-03-08T23:46:35.313+0000] {logging_mixin.py:190} INFO - [2025-03-08T23:46:35.313+0000] {dag.py:3239} INFO - Sync 1 DAGs
[2025-03-08T23:46:35.329+0000] {logging_mixin.py:190} INFO - [2025-03-08T23:46:35.329+0000] {dag.py:4180} INFO - Setting next_dagrun for latest_only_with_trigger to 2025-03-08 16:00:00+00:00, run_after=2025-03-08 20:00:00+00:00
[2025-03-08T23:46:35.342+0000] {processor.py:208} INFO - Processing /home/airflow/.local/lib/python3.12/site-packages/airflow/example_dags/example_latest_only_with_trigger.py took 0.056 seconds
[2025-03-08T23:47:06.226+0000] {processor.py:186} INFO - Started process (PID=1271) to work on /home/airflow/.local/lib/python3.12/site-packages/airflow/example_dags/example_latest_only_with_trigger.py
[2025-03-08T23:47:06.227+0000] {processor.py:914} INFO - Processing file /home/airflow/.local/lib/python3.12/site-packages/airflow/example_dags/example_latest_only_with_trigger.py for tasks to queue
[2025-03-08T23:47:06.230+0000] {logging_mixin.py:190} INFO - [2025-03-08T23:47:06.230+0000] {dagbag.py:588} INFO - Filling up the DagBag from /home/airflow/.local/lib/python3.12/site-packages/airflow/example_dags/example_latest_only_with_trigger.py
[2025-03-08T23:47:06.237+0000] {processor.py:925} INFO - DAG(s) 'latest_only_with_trigger' retrieved from /home/airflow/.local/lib/python3.12/site-packages/airflow/example_dags/example_latest_only_with_trigger.py
[2025-03-08T23:47:06.259+0000] {logging_mixin.py:190} INFO - [2025-03-08T23:47:06.258+0000] {dag.py:3239} INFO - Sync 1 DAGs
[2025-03-08T23:47:06.281+0000] {logging_mixin.py:190} INFO - [2025-03-08T23:47:06.281+0000] {dag.py:4180} INFO - Setting next_dagrun for latest_only_with_trigger to 2025-03-08 16:00:00+00:00, run_after=2025-03-08 20:00:00+00:00
[2025-03-08T23:47:06.298+0000] {processor.py:208} INFO - Processing /home/airflow/.local/lib/python3.12/site-packages/airflow/example_dags/example_latest_only_with_trigger.py took 0.079 seconds
[2025-03-08T23:47:36.839+0000] {processor.py:186} INFO - Started process (PID=1334) to work on /home/airflow/.local/lib/python3.12/site-packages/airflow/example_dags/example_latest_only_with_trigger.py
[2025-03-08T23:47:36.840+0000] {processor.py:914} INFO - Processing file /home/airflow/.local/lib/python3.12/site-packages/airflow/example_dags/example_latest_only_with_trigger.py for tasks to queue
[2025-03-08T23:47:36.842+0000] {logging_mixin.py:190} INFO - [2025-03-08T23:47:36.842+0000] {dagbag.py:588} INFO - Filling up the DagBag from /home/airflow/.local/lib/python3.12/site-packages/airflow/example_dags/example_latest_only_with_trigger.py
[2025-03-08T23:47:36.848+0000] {processor.py:925} INFO - DAG(s) 'latest_only_with_trigger' retrieved from /home/airflow/.local/lib/python3.12/site-packages/airflow/example_dags/example_latest_only_with_trigger.py
[2025-03-08T23:47:36.863+0000] {logging_mixin.py:190} INFO - [2025-03-08T23:47:36.863+0000] {dag.py:3239} INFO - Sync 1 DAGs
[2025-03-08T23:47:36.880+0000] {logging_mixin.py:190} INFO - [2025-03-08T23:47:36.880+0000] {dag.py:4180} INFO - Setting next_dagrun for latest_only_with_trigger to 2025-03-08 16:00:00+00:00, run_after=2025-03-08 20:00:00+00:00
[2025-03-08T23:47:36.894+0000] {processor.py:208} INFO - Processing /home/airflow/.local/lib/python3.12/site-packages/airflow/example_dags/example_latest_only_with_trigger.py took 0.059 seconds
[2025-03-08T23:48:07.849+0000] {processor.py:186} INFO - Started process (PID=1397) to work on /home/airflow/.local/lib/python3.12/site-packages/airflow/example_dags/example_latest_only_with_trigger.py
[2025-03-08T23:48:07.849+0000] {processor.py:914} INFO - Processing file /home/airflow/.local/lib/python3.12/site-packages/airflow/example_dags/example_latest_only_with_trigger.py for tasks to queue
[2025-03-08T23:48:07.851+0000] {logging_mixin.py:190} INFO - [2025-03-08T23:48:07.851+0000] {dagbag.py:588} INFO - Filling up the DagBag from /home/airflow/.local/lib/python3.12/site-packages/airflow/example_dags/example_latest_only_with_trigger.py
[2025-03-08T23:48:07.856+0000] {processor.py:925} INFO - DAG(s) 'latest_only_with_trigger' retrieved from /home/airflow/.local/lib/python3.12/site-packages/airflow/example_dags/example_latest_only_with_trigger.py
[2025-03-08T23:48:07.870+0000] {logging_mixin.py:190} INFO - [2025-03-08T23:48:07.870+0000] {dag.py:3239} INFO - Sync 1 DAGs
[2025-03-08T23:48:07.886+0000] {logging_mixin.py:190} INFO - [2025-03-08T23:48:07.885+0000] {dag.py:4180} INFO - Setting next_dagrun for latest_only_with_trigger to 2025-03-08 16:00:00+00:00, run_after=2025-03-08 20:00:00+00:00
[2025-03-08T23:48:07.898+0000] {processor.py:208} INFO - Processing /home/airflow/.local/lib/python3.12/site-packages/airflow/example_dags/example_latest_only_with_trigger.py took 0.053 seconds
[2025-03-08T23:48:38.517+0000] {processor.py:186} INFO - Started process (PID=1460) to work on /home/airflow/.local/lib/python3.12/site-packages/airflow/example_dags/example_latest_only_with_trigger.py
[2025-03-08T23:48:38.519+0000] {processor.py:914} INFO - Processing file /home/airflow/.local/lib/python3.12/site-packages/airflow/example_dags/example_latest_only_with_trigger.py for tasks to queue
[2025-03-08T23:48:38.521+0000] {logging_mixin.py:190} INFO - [2025-03-08T23:48:38.521+0000] {dagbag.py:588} INFO - Filling up the DagBag from /home/airflow/.local/lib/python3.12/site-packages/airflow/example_dags/example_latest_only_with_trigger.py
[2025-03-08T23:48:38.529+0000] {processor.py:925} INFO - DAG(s) 'latest_only_with_trigger' retrieved from /home/airflow/.local/lib/python3.12/site-packages/airflow/example_dags/example_latest_only_with_trigger.py
[2025-03-08T23:48:38.549+0000] {logging_mixin.py:190} INFO - [2025-03-08T23:48:38.549+0000] {dag.py:3239} INFO - Sync 1 DAGs
[2025-03-08T23:48:38.567+0000] {logging_mixin.py:190} INFO - [2025-03-08T23:48:38.567+0000] {dag.py:4180} INFO - Setting next_dagrun for latest_only_with_trigger to 2025-03-08 16:00:00+00:00, run_after=2025-03-08 20:00:00+00:00
[2025-03-08T23:48:38.581+0000] {processor.py:208} INFO - Processing /home/airflow/.local/lib/python3.12/site-packages/airflow/example_dags/example_latest_only_with_trigger.py took 0.070 seconds
[2025-03-08T23:49:09.647+0000] {processor.py:186} INFO - Started process (PID=1523) to work on /home/airflow/.local/lib/python3.12/site-packages/airflow/example_dags/example_latest_only_with_trigger.py
[2025-03-08T23:49:09.648+0000] {processor.py:914} INFO - Processing file /home/airflow/.local/lib/python3.12/site-packages/airflow/example_dags/example_latest_only_with_trigger.py for tasks to queue
[2025-03-08T23:49:09.650+0000] {logging_mixin.py:190} INFO - [2025-03-08T23:49:09.650+0000] {dagbag.py:588} INFO - Filling up the DagBag from /home/airflow/.local/lib/python3.12/site-packages/airflow/example_dags/example_latest_only_with_trigger.py
[2025-03-08T23:49:09.656+0000] {processor.py:925} INFO - DAG(s) 'latest_only_with_trigger' retrieved from /home/airflow/.local/lib/python3.12/site-packages/airflow/example_dags/example_latest_only_with_trigger.py
[2025-03-08T23:49:09.676+0000] {logging_mixin.py:190} INFO - [2025-03-08T23:49:09.676+0000] {dag.py:3239} INFO - Sync 1 DAGs
[2025-03-08T23:49:09.694+0000] {logging_mixin.py:190} INFO - [2025-03-08T23:49:09.694+0000] {dag.py:4180} INFO - Setting next_dagrun for latest_only_with_trigger to 2025-03-08 16:00:00+00:00, run_after=2025-03-08 20:00:00+00:00
[2025-03-08T23:49:09.707+0000] {processor.py:208} INFO - Processing /home/airflow/.local/lib/python3.12/site-packages/airflow/example_dags/example_latest_only_with_trigger.py took 0.066 seconds
[2025-03-08T23:49:39.895+0000] {processor.py:186} INFO - Started process (PID=1586) to work on /home/airflow/.local/lib/python3.12/site-packages/airflow/example_dags/example_latest_only_with_trigger.py
[2025-03-08T23:49:39.896+0000] {processor.py:914} INFO - Processing file /home/airflow/.local/lib/python3.12/site-packages/airflow/example_dags/example_latest_only_with_trigger.py for tasks to queue
[2025-03-08T23:49:39.897+0000] {logging_mixin.py:190} INFO - [2025-03-08T23:49:39.897+0000] {dagbag.py:588} INFO - Filling up the DagBag from /home/airflow/.local/lib/python3.12/site-packages/airflow/example_dags/example_latest_only_with_trigger.py
[2025-03-08T23:49:39.902+0000] {processor.py:925} INFO - DAG(s) 'latest_only_with_trigger' retrieved from /home/airflow/.local/lib/python3.12/site-packages/airflow/example_dags/example_latest_only_with_trigger.py
[2025-03-08T23:49:39.916+0000] {logging_mixin.py:190} INFO - [2025-03-08T23:49:39.916+0000] {dag.py:3239} INFO - Sync 1 DAGs
[2025-03-08T23:49:39.932+0000] {logging_mixin.py:190} INFO - [2025-03-08T23:49:39.932+0000] {dag.py:4180} INFO - Setting next_dagrun for latest_only_with_trigger to 2025-03-08 16:00:00+00:00, run_after=2025-03-08 20:00:00+00:00
[2025-03-08T23:49:39.946+0000] {processor.py:208} INFO - Processing /home/airflow/.local/lib/python3.12/site-packages/airflow/example_dags/example_latest_only_with_trigger.py took 0.054 seconds
[2025-03-08T23:50:10.205+0000] {processor.py:186} INFO - Started process (PID=1649) to work on /home/airflow/.local/lib/python3.12/site-packages/airflow/example_dags/example_latest_only_with_trigger.py
[2025-03-08T23:50:10.205+0000] {processor.py:914} INFO - Processing file /home/airflow/.local/lib/python3.12/site-packages/airflow/example_dags/example_latest_only_with_trigger.py for tasks to queue
[2025-03-08T23:50:10.207+0000] {logging_mixin.py:190} INFO - [2025-03-08T23:50:10.207+0000] {dagbag.py:588} INFO - Filling up the DagBag from /home/airflow/.local/lib/python3.12/site-packages/airflow/example_dags/example_latest_only_with_trigger.py
[2025-03-08T23:50:10.213+0000] {processor.py:925} INFO - DAG(s) 'latest_only_with_trigger' retrieved from /home/airflow/.local/lib/python3.12/site-packages/airflow/example_dags/example_latest_only_with_trigger.py
[2025-03-08T23:50:10.231+0000] {logging_mixin.py:190} INFO - [2025-03-08T23:50:10.231+0000] {dag.py:3239} INFO - Sync 1 DAGs
[2025-03-08T23:50:10.251+0000] {logging_mixin.py:190} INFO - [2025-03-08T23:50:10.250+0000] {dag.py:4180} INFO - Setting next_dagrun for latest_only_with_trigger to 2025-03-08 16:00:00+00:00, run_after=2025-03-08 20:00:00+00:00
[2025-03-08T23:50:10.264+0000] {processor.py:208} INFO - Processing /home/airflow/.local/lib/python3.12/site-packages/airflow/example_dags/example_latest_only_with_trigger.py took 0.064 seconds
[2025-03-08T23:50:40.735+0000] {processor.py:186} INFO - Started process (PID=1712) to work on /home/airflow/.local/lib/python3.12/site-packages/airflow/example_dags/example_latest_only_with_trigger.py
[2025-03-08T23:50:40.736+0000] {processor.py:914} INFO - Processing file /home/airflow/.local/lib/python3.12/site-packages/airflow/example_dags/example_latest_only_with_trigger.py for tasks to queue
[2025-03-08T23:50:40.738+0000] {logging_mixin.py:190} INFO - [2025-03-08T23:50:40.738+0000] {dagbag.py:588} INFO - Filling up the DagBag from /home/airflow/.local/lib/python3.12/site-packages/airflow/example_dags/example_latest_only_with_trigger.py
[2025-03-08T23:50:40.744+0000] {processor.py:925} INFO - DAG(s) 'latest_only_with_trigger' retrieved from /home/airflow/.local/lib/python3.12/site-packages/airflow/example_dags/example_latest_only_with_trigger.py
[2025-03-08T23:50:40.766+0000] {logging_mixin.py:190} INFO - [2025-03-08T23:50:40.765+0000] {dag.py:3239} INFO - Sync 1 DAGs
[2025-03-08T23:50:40.785+0000] {logging_mixin.py:190} INFO - [2025-03-08T23:50:40.784+0000] {dag.py:4180} INFO - Setting next_dagrun for latest_only_with_trigger to 2025-03-08 16:00:00+00:00, run_after=2025-03-08 20:00:00+00:00
[2025-03-08T23:50:40.799+0000] {processor.py:208} INFO - Processing /home/airflow/.local/lib/python3.12/site-packages/airflow/example_dags/example_latest_only_with_trigger.py took 0.069 seconds
[2025-03-08T23:51:11.080+0000] {processor.py:186} INFO - Started process (PID=1775) to work on /home/airflow/.local/lib/python3.12/site-packages/airflow/example_dags/example_latest_only_with_trigger.py
[2025-03-08T23:51:11.081+0000] {processor.py:914} INFO - Processing file /home/airflow/.local/lib/python3.12/site-packages/airflow/example_dags/example_latest_only_with_trigger.py for tasks to queue
[2025-03-08T23:51:11.083+0000] {logging_mixin.py:190} INFO - [2025-03-08T23:51:11.082+0000] {dagbag.py:588} INFO - Filling up the DagBag from /home/airflow/.local/lib/python3.12/site-packages/airflow/example_dags/example_latest_only_with_trigger.py
[2025-03-08T23:51:11.088+0000] {processor.py:925} INFO - DAG(s) 'latest_only_with_trigger' retrieved from /home/airflow/.local/lib/python3.12/site-packages/airflow/example_dags/example_latest_only_with_trigger.py
[2025-03-08T23:51:11.106+0000] {logging_mixin.py:190} INFO - [2025-03-08T23:51:11.106+0000] {dag.py:3239} INFO - Sync 1 DAGs
[2025-03-08T23:51:11.122+0000] {logging_mixin.py:190} INFO - [2025-03-08T23:51:11.122+0000] {dag.py:4180} INFO - Setting next_dagrun for latest_only_with_trigger to 2025-03-08 16:00:00+00:00, run_after=2025-03-08 20:00:00+00:00
[2025-03-08T23:51:11.137+0000] {processor.py:208} INFO - Processing /home/airflow/.local/lib/python3.12/site-packages/airflow/example_dags/example_latest_only_with_trigger.py took 0.061 seconds
[2025-03-08T23:51:41.388+0000] {processor.py:186} INFO - Started process (PID=1838) to work on /home/airflow/.local/lib/python3.12/site-packages/airflow/example_dags/example_latest_only_with_trigger.py
[2025-03-08T23:51:41.389+0000] {processor.py:914} INFO - Processing file /home/airflow/.local/lib/python3.12/site-packages/airflow/example_dags/example_latest_only_with_trigger.py for tasks to queue
[2025-03-08T23:51:41.392+0000] {logging_mixin.py:190} INFO - [2025-03-08T23:51:41.391+0000] {dagbag.py:588} INFO - Filling up the DagBag from /home/airflow/.local/lib/python3.12/site-packages/airflow/example_dags/example_latest_only_with_trigger.py
[2025-03-08T23:51:41.399+0000] {processor.py:925} INFO - DAG(s) 'latest_only_with_trigger' retrieved from /home/airflow/.local/lib/python3.12/site-packages/airflow/example_dags/example_latest_only_with_trigger.py
[2025-03-08T23:51:41.418+0000] {logging_mixin.py:190} INFO - [2025-03-08T23:51:41.418+0000] {dag.py:3239} INFO - Sync 1 DAGs
[2025-03-08T23:51:41.437+0000] {logging_mixin.py:190} INFO - [2025-03-08T23:51:41.437+0000] {dag.py:4180} INFO - Setting next_dagrun for latest_only_with_trigger to 2025-03-08 16:00:00+00:00, run_after=2025-03-08 20:00:00+00:00
[2025-03-08T23:51:41.452+0000] {processor.py:208} INFO - Processing /home/airflow/.local/lib/python3.12/site-packages/airflow/example_dags/example_latest_only_with_trigger.py took 0.069 seconds
[2025-03-08T23:52:12.364+0000] {processor.py:186} INFO - Started process (PID=1901) to work on /home/airflow/.local/lib/python3.12/site-packages/airflow/example_dags/example_latest_only_with_trigger.py
[2025-03-08T23:52:12.366+0000] {processor.py:914} INFO - Processing file /home/airflow/.local/lib/python3.12/site-packages/airflow/example_dags/example_latest_only_with_trigger.py for tasks to queue
[2025-03-08T23:52:12.368+0000] {logging_mixin.py:190} INFO - [2025-03-08T23:52:12.368+0000] {dagbag.py:588} INFO - Filling up the DagBag from /home/airflow/.local/lib/python3.12/site-packages/airflow/example_dags/example_latest_only_with_trigger.py
[2025-03-08T23:52:12.374+0000] {processor.py:925} INFO - DAG(s) 'latest_only_with_trigger' retrieved from /home/airflow/.local/lib/python3.12/site-packages/airflow/example_dags/example_latest_only_with_trigger.py
[2025-03-08T23:52:12.389+0000] {logging_mixin.py:190} INFO - [2025-03-08T23:52:12.389+0000] {dag.py:3239} INFO - Sync 1 DAGs
[2025-03-08T23:52:12.409+0000] {logging_mixin.py:190} INFO - [2025-03-08T23:52:12.409+0000] {dag.py:4180} INFO - Setting next_dagrun for latest_only_with_trigger to 2025-03-08 16:00:00+00:00, run_after=2025-03-08 20:00:00+00:00
[2025-03-08T23:52:12.423+0000] {processor.py:208} INFO - Processing /home/airflow/.local/lib/python3.12/site-packages/airflow/example_dags/example_latest_only_with_trigger.py took 0.064 seconds
[2025-03-08T23:52:42.494+0000] {processor.py:186} INFO - Started process (PID=1964) to work on /home/airflow/.local/lib/python3.12/site-packages/airflow/example_dags/example_latest_only_with_trigger.py
[2025-03-08T23:52:42.495+0000] {processor.py:914} INFO - Processing file /home/airflow/.local/lib/python3.12/site-packages/airflow/example_dags/example_latest_only_with_trigger.py for tasks to queue
[2025-03-08T23:52:42.496+0000] {logging_mixin.py:190} INFO - [2025-03-08T23:52:42.496+0000] {dagbag.py:588} INFO - Filling up the DagBag from /home/airflow/.local/lib/python3.12/site-packages/airflow/example_dags/example_latest_only_with_trigger.py
[2025-03-08T23:52:42.502+0000] {processor.py:925} INFO - DAG(s) 'latest_only_with_trigger' retrieved from /home/airflow/.local/lib/python3.12/site-packages/airflow/example_dags/example_latest_only_with_trigger.py
[2025-03-08T23:52:42.522+0000] {logging_mixin.py:190} INFO - [2025-03-08T23:52:42.522+0000] {dag.py:3239} INFO - Sync 1 DAGs
[2025-03-08T23:52:42.545+0000] {logging_mixin.py:190} INFO - [2025-03-08T23:52:42.545+0000] {dag.py:4180} INFO - Setting next_dagrun for latest_only_with_trigger to 2025-03-08 16:00:00+00:00, run_after=2025-03-08 20:00:00+00:00
[2025-03-08T23:52:42.563+0000] {processor.py:208} INFO - Processing /home/airflow/.local/lib/python3.12/site-packages/airflow/example_dags/example_latest_only_with_trigger.py took 0.075 seconds
[2025-03-08T23:53:13.229+0000] {processor.py:186} INFO - Started process (PID=2027) to work on /home/airflow/.local/lib/python3.12/site-packages/airflow/example_dags/example_latest_only_with_trigger.py
[2025-03-08T23:53:13.230+0000] {processor.py:914} INFO - Processing file /home/airflow/.local/lib/python3.12/site-packages/airflow/example_dags/example_latest_only_with_trigger.py for tasks to queue
[2025-03-08T23:53:13.232+0000] {logging_mixin.py:190} INFO - [2025-03-08T23:53:13.232+0000] {dagbag.py:588} INFO - Filling up the DagBag from /home/airflow/.local/lib/python3.12/site-packages/airflow/example_dags/example_latest_only_with_trigger.py
[2025-03-08T23:53:13.239+0000] {processor.py:925} INFO - DAG(s) 'latest_only_with_trigger' retrieved from /home/airflow/.local/lib/python3.12/site-packages/airflow/example_dags/example_latest_only_with_trigger.py
[2025-03-08T23:53:13.253+0000] {logging_mixin.py:190} INFO - [2025-03-08T23:53:13.253+0000] {dag.py:3239} INFO - Sync 1 DAGs
[2025-03-08T23:53:13.269+0000] {logging_mixin.py:190} INFO - [2025-03-08T23:53:13.269+0000] {dag.py:4180} INFO - Setting next_dagrun for latest_only_with_trigger to 2025-03-08 16:00:00+00:00, run_after=2025-03-08 20:00:00+00:00
[2025-03-08T23:53:13.283+0000] {processor.py:208} INFO - Processing /home/airflow/.local/lib/python3.12/site-packages/airflow/example_dags/example_latest_only_with_trigger.py took 0.059 seconds
[2025-03-08T23:53:44.196+0000] {processor.py:186} INFO - Started process (PID=2090) to work on /home/airflow/.local/lib/python3.12/site-packages/airflow/example_dags/example_latest_only_with_trigger.py
[2025-03-08T23:53:44.197+0000] {processor.py:914} INFO - Processing file /home/airflow/.local/lib/python3.12/site-packages/airflow/example_dags/example_latest_only_with_trigger.py for tasks to queue
[2025-03-08T23:53:44.199+0000] {logging_mixin.py:190} INFO - [2025-03-08T23:53:44.199+0000] {dagbag.py:588} INFO - Filling up the DagBag from /home/airflow/.local/lib/python3.12/site-packages/airflow/example_dags/example_latest_only_with_trigger.py
[2025-03-08T23:53:44.206+0000] {processor.py:925} INFO - DAG(s) 'latest_only_with_trigger' retrieved from /home/airflow/.local/lib/python3.12/site-packages/airflow/example_dags/example_latest_only_with_trigger.py
[2025-03-08T23:53:44.225+0000] {logging_mixin.py:190} INFO - [2025-03-08T23:53:44.225+0000] {dag.py:3239} INFO - Sync 1 DAGs
[2025-03-08T23:53:44.244+0000] {logging_mixin.py:190} INFO - [2025-03-08T23:53:44.243+0000] {dag.py:4180} INFO - Setting next_dagrun for latest_only_with_trigger to 2025-03-08 16:00:00+00:00, run_after=2025-03-08 20:00:00+00:00
[2025-03-08T23:53:44.259+0000] {processor.py:208} INFO - Processing /home/airflow/.local/lib/python3.12/site-packages/airflow/example_dags/example_latest_only_with_trigger.py took 0.066 seconds
[2025-03-08T23:54:14.429+0000] {processor.py:186} INFO - Started process (PID=2153) to work on /home/airflow/.local/lib/python3.12/site-packages/airflow/example_dags/example_latest_only_with_trigger.py
[2025-03-08T23:54:14.430+0000] {processor.py:914} INFO - Processing file /home/airflow/.local/lib/python3.12/site-packages/airflow/example_dags/example_latest_only_with_trigger.py for tasks to queue
[2025-03-08T23:54:14.432+0000] {logging_mixin.py:190} INFO - [2025-03-08T23:54:14.432+0000] {dagbag.py:588} INFO - Filling up the DagBag from /home/airflow/.local/lib/python3.12/site-packages/airflow/example_dags/example_latest_only_with_trigger.py
[2025-03-08T23:54:14.440+0000] {processor.py:925} INFO - DAG(s) 'latest_only_with_trigger' retrieved from /home/airflow/.local/lib/python3.12/site-packages/airflow/example_dags/example_latest_only_with_trigger.py
[2025-03-08T23:54:14.458+0000] {logging_mixin.py:190} INFO - [2025-03-08T23:54:14.458+0000] {dag.py:3239} INFO - Sync 1 DAGs
[2025-03-08T23:54:14.475+0000] {logging_mixin.py:190} INFO - [2025-03-08T23:54:14.475+0000] {dag.py:4180} INFO - Setting next_dagrun for latest_only_with_trigger to 2025-03-08 16:00:00+00:00, run_after=2025-03-08 20:00:00+00:00
[2025-03-08T23:54:14.488+0000] {processor.py:208} INFO - Processing /home/airflow/.local/lib/python3.12/site-packages/airflow/example_dags/example_latest_only_with_trigger.py took 0.065 seconds
[2025-03-08T23:54:45.052+0000] {processor.py:186} INFO - Started process (PID=2216) to work on /home/airflow/.local/lib/python3.12/site-packages/airflow/example_dags/example_latest_only_with_trigger.py
[2025-03-08T23:54:45.053+0000] {processor.py:914} INFO - Processing file /home/airflow/.local/lib/python3.12/site-packages/airflow/example_dags/example_latest_only_with_trigger.py for tasks to queue
[2025-03-08T23:54:45.055+0000] {logging_mixin.py:190} INFO - [2025-03-08T23:54:45.055+0000] {dagbag.py:588} INFO - Filling up the DagBag from /home/airflow/.local/lib/python3.12/site-packages/airflow/example_dags/example_latest_only_with_trigger.py
[2025-03-08T23:54:45.062+0000] {processor.py:925} INFO - DAG(s) 'latest_only_with_trigger' retrieved from /home/airflow/.local/lib/python3.12/site-packages/airflow/example_dags/example_latest_only_with_trigger.py
[2025-03-08T23:54:45.078+0000] {logging_mixin.py:190} INFO - [2025-03-08T23:54:45.078+0000] {dag.py:3239} INFO - Sync 1 DAGs
[2025-03-08T23:54:45.097+0000] {logging_mixin.py:190} INFO - [2025-03-08T23:54:45.097+0000] {dag.py:4180} INFO - Setting next_dagrun for latest_only_with_trigger to 2025-03-08 16:00:00+00:00, run_after=2025-03-08 20:00:00+00:00
[2025-03-08T23:54:45.111+0000] {processor.py:208} INFO - Processing /home/airflow/.local/lib/python3.12/site-packages/airflow/example_dags/example_latest_only_with_trigger.py took 0.063 seconds
[2025-03-08T23:55:15.501+0000] {processor.py:186} INFO - Started process (PID=2279) to work on /home/airflow/.local/lib/python3.12/site-packages/airflow/example_dags/example_latest_only_with_trigger.py
[2025-03-08T23:55:15.501+0000] {processor.py:914} INFO - Processing file /home/airflow/.local/lib/python3.12/site-packages/airflow/example_dags/example_latest_only_with_trigger.py for tasks to queue
[2025-03-08T23:55:15.503+0000] {logging_mixin.py:190} INFO - [2025-03-08T23:55:15.503+0000] {dagbag.py:588} INFO - Filling up the DagBag from /home/airflow/.local/lib/python3.12/site-packages/airflow/example_dags/example_latest_only_with_trigger.py
[2025-03-08T23:55:15.508+0000] {processor.py:925} INFO - DAG(s) 'latest_only_with_trigger' retrieved from /home/airflow/.local/lib/python3.12/site-packages/airflow/example_dags/example_latest_only_with_trigger.py
[2025-03-08T23:55:15.522+0000] {logging_mixin.py:190} INFO - [2025-03-08T23:55:15.522+0000] {dag.py:3239} INFO - Sync 1 DAGs
[2025-03-08T23:55:15.538+0000] {logging_mixin.py:190} INFO - [2025-03-08T23:55:15.538+0000] {dag.py:4180} INFO - Setting next_dagrun for latest_only_with_trigger to 2025-03-08 16:00:00+00:00, run_after=2025-03-08 20:00:00+00:00
[2025-03-08T23:55:15.550+0000] {processor.py:208} INFO - Processing /home/airflow/.local/lib/python3.12/site-packages/airflow/example_dags/example_latest_only_with_trigger.py took 0.054 seconds
[2025-03-08T23:55:45.750+0000] {processor.py:186} INFO - Started process (PID=2342) to work on /home/airflow/.local/lib/python3.12/site-packages/airflow/example_dags/example_latest_only_with_trigger.py
[2025-03-08T23:55:45.751+0000] {processor.py:914} INFO - Processing file /home/airflow/.local/lib/python3.12/site-packages/airflow/example_dags/example_latest_only_with_trigger.py for tasks to queue
[2025-03-08T23:55:45.753+0000] {logging_mixin.py:190} INFO - [2025-03-08T23:55:45.752+0000] {dagbag.py:588} INFO - Filling up the DagBag from /home/airflow/.local/lib/python3.12/site-packages/airflow/example_dags/example_latest_only_with_trigger.py
[2025-03-08T23:55:45.758+0000] {processor.py:925} INFO - DAG(s) 'latest_only_with_trigger' retrieved from /home/airflow/.local/lib/python3.12/site-packages/airflow/example_dags/example_latest_only_with_trigger.py
[2025-03-08T23:55:45.773+0000] {logging_mixin.py:190} INFO - [2025-03-08T23:55:45.773+0000] {dag.py:3239} INFO - Sync 1 DAGs
[2025-03-08T23:55:45.789+0000] {logging_mixin.py:190} INFO - [2025-03-08T23:55:45.789+0000] {dag.py:4180} INFO - Setting next_dagrun for latest_only_with_trigger to 2025-03-08 16:00:00+00:00, run_after=2025-03-08 20:00:00+00:00
[2025-03-08T23:55:45.802+0000] {processor.py:208} INFO - Processing /home/airflow/.local/lib/python3.12/site-packages/airflow/example_dags/example_latest_only_with_trigger.py took 0.056 seconds
[2025-03-08T23:56:16.119+0000] {processor.py:186} INFO - Started process (PID=2405) to work on /home/airflow/.local/lib/python3.12/site-packages/airflow/example_dags/example_latest_only_with_trigger.py
[2025-03-08T23:56:16.120+0000] {processor.py:914} INFO - Processing file /home/airflow/.local/lib/python3.12/site-packages/airflow/example_dags/example_latest_only_with_trigger.py for tasks to queue
[2025-03-08T23:56:16.122+0000] {logging_mixin.py:190} INFO - [2025-03-08T23:56:16.121+0000] {dagbag.py:588} INFO - Filling up the DagBag from /home/airflow/.local/lib/python3.12/site-packages/airflow/example_dags/example_latest_only_with_trigger.py
[2025-03-08T23:56:16.127+0000] {processor.py:925} INFO - DAG(s) 'latest_only_with_trigger' retrieved from /home/airflow/.local/lib/python3.12/site-packages/airflow/example_dags/example_latest_only_with_trigger.py
[2025-03-08T23:56:16.145+0000] {logging_mixin.py:190} INFO - [2025-03-08T23:56:16.145+0000] {dag.py:3239} INFO - Sync 1 DAGs
[2025-03-08T23:56:16.163+0000] {logging_mixin.py:190} INFO - [2025-03-08T23:56:16.162+0000] {dag.py:4180} INFO - Setting next_dagrun for latest_only_with_trigger to 2025-03-08 16:00:00+00:00, run_after=2025-03-08 20:00:00+00:00
[2025-03-08T23:56:16.178+0000] {processor.py:208} INFO - Processing /home/airflow/.local/lib/python3.12/site-packages/airflow/example_dags/example_latest_only_with_trigger.py took 0.063 seconds
[2025-03-08T23:56:46.254+0000] {processor.py:186} INFO - Started process (PID=2468) to work on /home/airflow/.local/lib/python3.12/site-packages/airflow/example_dags/example_latest_only_with_trigger.py
[2025-03-08T23:56:46.254+0000] {processor.py:914} INFO - Processing file /home/airflow/.local/lib/python3.12/site-packages/airflow/example_dags/example_latest_only_with_trigger.py for tasks to queue
[2025-03-08T23:56:46.256+0000] {logging_mixin.py:190} INFO - [2025-03-08T23:56:46.256+0000] {dagbag.py:588} INFO - Filling up the DagBag from /home/airflow/.local/lib/python3.12/site-packages/airflow/example_dags/example_latest_only_with_trigger.py
[2025-03-08T23:56:46.261+0000] {processor.py:925} INFO - DAG(s) 'latest_only_with_trigger' retrieved from /home/airflow/.local/lib/python3.12/site-packages/airflow/example_dags/example_latest_only_with_trigger.py
[2025-03-08T23:56:46.278+0000] {logging_mixin.py:190} INFO - [2025-03-08T23:56:46.277+0000] {dag.py:3239} INFO - Sync 1 DAGs
[2025-03-08T23:56:46.295+0000] {logging_mixin.py:190} INFO - [2025-03-08T23:56:46.295+0000] {dag.py:4180} INFO - Setting next_dagrun for latest_only_with_trigger to 2025-03-08 16:00:00+00:00, run_after=2025-03-08 20:00:00+00:00
[2025-03-08T23:56:46.310+0000] {processor.py:208} INFO - Processing /home/airflow/.local/lib/python3.12/site-packages/airflow/example_dags/example_latest_only_with_trigger.py took 0.061 seconds
[2025-03-08T23:57:16.527+0000] {processor.py:186} INFO - Started process (PID=2531) to work on /home/airflow/.local/lib/python3.12/site-packages/airflow/example_dags/example_latest_only_with_trigger.py
[2025-03-08T23:57:16.528+0000] {processor.py:914} INFO - Processing file /home/airflow/.local/lib/python3.12/site-packages/airflow/example_dags/example_latest_only_with_trigger.py for tasks to queue
[2025-03-08T23:57:16.530+0000] {logging_mixin.py:190} INFO - [2025-03-08T23:57:16.529+0000] {dagbag.py:588} INFO - Filling up the DagBag from /home/airflow/.local/lib/python3.12/site-packages/airflow/example_dags/example_latest_only_with_trigger.py
[2025-03-08T23:57:16.534+0000] {processor.py:925} INFO - DAG(s) 'latest_only_with_trigger' retrieved from /home/airflow/.local/lib/python3.12/site-packages/airflow/example_dags/example_latest_only_with_trigger.py
[2025-03-08T23:57:16.550+0000] {logging_mixin.py:190} INFO - [2025-03-08T23:57:16.550+0000] {dag.py:3239} INFO - Sync 1 DAGs
[2025-03-08T23:57:16.565+0000] {logging_mixin.py:190} INFO - [2025-03-08T23:57:16.565+0000] {dag.py:4180} INFO - Setting next_dagrun for latest_only_with_trigger to 2025-03-08 16:00:00+00:00, run_after=2025-03-08 20:00:00+00:00
[2025-03-08T23:57:16.580+0000] {processor.py:208} INFO - Processing /home/airflow/.local/lib/python3.12/site-packages/airflow/example_dags/example_latest_only_with_trigger.py took 0.056 seconds
[2025-03-08T23:57:47.025+0000] {processor.py:186} INFO - Started process (PID=2594) to work on /home/airflow/.local/lib/python3.12/site-packages/airflow/example_dags/example_latest_only_with_trigger.py
[2025-03-08T23:57:47.026+0000] {processor.py:914} INFO - Processing file /home/airflow/.local/lib/python3.12/site-packages/airflow/example_dags/example_latest_only_with_trigger.py for tasks to queue
[2025-03-08T23:57:47.028+0000] {logging_mixin.py:190} INFO - [2025-03-08T23:57:47.028+0000] {dagbag.py:588} INFO - Filling up the DagBag from /home/airflow/.local/lib/python3.12/site-packages/airflow/example_dags/example_latest_only_with_trigger.py
[2025-03-08T23:57:47.033+0000] {processor.py:925} INFO - DAG(s) 'latest_only_with_trigger' retrieved from /home/airflow/.local/lib/python3.12/site-packages/airflow/example_dags/example_latest_only_with_trigger.py
[2025-03-08T23:57:47.048+0000] {logging_mixin.py:190} INFO - [2025-03-08T23:57:47.048+0000] {dag.py:3239} INFO - Sync 1 DAGs
[2025-03-08T23:57:47.064+0000] {logging_mixin.py:190} INFO - [2025-03-08T23:57:47.064+0000] {dag.py:4180} INFO - Setting next_dagrun for latest_only_with_trigger to 2025-03-08 16:00:00+00:00, run_after=2025-03-08 20:00:00+00:00
[2025-03-08T23:57:47.077+0000] {processor.py:208} INFO - Processing /home/airflow/.local/lib/python3.12/site-packages/airflow/example_dags/example_latest_only_with_trigger.py took 0.056 seconds
[2025-03-08T23:58:17.805+0000] {processor.py:186} INFO - Started process (PID=2657) to work on /home/airflow/.local/lib/python3.12/site-packages/airflow/example_dags/example_latest_only_with_trigger.py
[2025-03-08T23:58:17.806+0000] {processor.py:914} INFO - Processing file /home/airflow/.local/lib/python3.12/site-packages/airflow/example_dags/example_latest_only_with_trigger.py for tasks to queue
[2025-03-08T23:58:17.808+0000] {logging_mixin.py:190} INFO - [2025-03-08T23:58:17.808+0000] {dagbag.py:588} INFO - Filling up the DagBag from /home/airflow/.local/lib/python3.12/site-packages/airflow/example_dags/example_latest_only_with_trigger.py
[2025-03-08T23:58:17.814+0000] {processor.py:925} INFO - DAG(s) 'latest_only_with_trigger' retrieved from /home/airflow/.local/lib/python3.12/site-packages/airflow/example_dags/example_latest_only_with_trigger.py
[2025-03-08T23:58:17.831+0000] {logging_mixin.py:190} INFO - [2025-03-08T23:58:17.831+0000] {dag.py:3239} INFO - Sync 1 DAGs
[2025-03-08T23:58:17.849+0000] {logging_mixin.py:190} INFO - [2025-03-08T23:58:17.849+0000] {dag.py:4180} INFO - Setting next_dagrun for latest_only_with_trigger to 2025-03-08 16:00:00+00:00, run_after=2025-03-08 20:00:00+00:00
[2025-03-08T23:58:17.863+0000] {processor.py:208} INFO - Processing /home/airflow/.local/lib/python3.12/site-packages/airflow/example_dags/example_latest_only_with_trigger.py took 0.063 seconds
