[2025-03-08T22:35:47.264+0000] {processor.py:186} INFO - Started process (PID=95) to work on /home/airflow/.local/lib/python3.12/site-packages/airflow/example_dags/example_params_trigger_ui.py
[2025-03-08T22:35:47.265+0000] {processor.py:914} INFO - Processing file /home/airflow/.local/lib/python3.12/site-packages/airflow/example_dags/example_params_trigger_ui.py for tasks to queue
[2025-03-08T22:35:47.267+0000] {logging_mixin.py:190} INFO - [2025-03-08T22:35:47.266+0000] {dagbag.py:588} INFO - Filling up the DagBag from /home/airflow/.local/lib/python3.12/site-packages/airflow/example_dags/example_params_trigger_ui.py
[2025-03-08T22:35:47.276+0000] {processor.py:925} INFO - DAG(s) 'example_params_trigger_ui' retrieved from /home/airflow/.local/lib/python3.12/site-packages/airflow/example_dags/example_params_trigger_ui.py
[2025-03-08T22:35:47.373+0000] {logging_mixin.py:190} INFO - [2025-03-08T22:35:47.372+0000] {override.py:1912} INFO - Created Permission View: can edit on DAG:example_params_trigger_ui
[2025-03-08T22:35:47.380+0000] {logging_mixin.py:190} INFO - [2025-03-08T22:35:47.380+0000] {override.py:1912} INFO - Created Permission View: can read on DAG:example_params_trigger_ui
[2025-03-08T22:35:47.387+0000] {logging_mixin.py:190} INFO - [2025-03-08T22:35:47.386+0000] {override.py:1912} INFO - Created Permission View: can delete on DAG:example_params_trigger_ui
[2025-03-08T22:35:47.394+0000] {logging_mixin.py:190} INFO - [2025-03-08T22:35:47.394+0000] {override.py:1912} INFO - Created Permission View: menu access on DAG Run:example_params_trigger_ui
[2025-03-08T22:35:47.401+0000] {logging_mixin.py:190} INFO - [2025-03-08T22:35:47.401+0000] {override.py:1912} INFO - Created Permission View: can delete on DAG Run:example_params_trigger_ui
[2025-03-08T22:35:47.407+0000] {logging_mixin.py:190} INFO - [2025-03-08T22:35:47.407+0000] {override.py:1912} INFO - Created Permission View: can read on DAG Run:example_params_trigger_ui
[2025-03-08T22:35:47.414+0000] {logging_mixin.py:190} INFO - [2025-03-08T22:35:47.414+0000] {override.py:1912} INFO - Created Permission View: can create on DAG Run:example_params_trigger_ui
[2025-03-08T22:35:47.415+0000] {logging_mixin.py:190} INFO - [2025-03-08T22:35:47.415+0000] {dag.py:3239} INFO - Sync 1 DAGs
[2025-03-08T22:35:47.424+0000] {logging_mixin.py:190} INFO - [2025-03-08T22:35:47.424+0000] {dag.py:3262} INFO - Creating ORM DAG for example_params_trigger_ui
[2025-03-08T22:35:47.424+0000] {logging_mixin.py:190} INFO - [2025-03-08T22:35:47.424+0000] {dag.py:4180} INFO - Setting next_dagrun for example_params_trigger_ui to None, run_after=None
[2025-03-08T22:35:47.439+0000] {processor.py:208} INFO - Processing /home/airflow/.local/lib/python3.12/site-packages/airflow/example_dags/example_params_trigger_ui.py took 0.179 seconds
[2025-03-08T22:36:18.154+0000] {processor.py:186} INFO - Started process (PID=158) to work on /home/airflow/.local/lib/python3.12/site-packages/airflow/example_dags/example_params_trigger_ui.py
[2025-03-08T22:36:18.154+0000] {processor.py:914} INFO - Processing file /home/airflow/.local/lib/python3.12/site-packages/airflow/example_dags/example_params_trigger_ui.py for tasks to queue
[2025-03-08T22:36:18.156+0000] {logging_mixin.py:190} INFO - [2025-03-08T22:36:18.156+0000] {dagbag.py:588} INFO - Filling up the DagBag from /home/airflow/.local/lib/python3.12/site-packages/airflow/example_dags/example_params_trigger_ui.py
[2025-03-08T22:36:18.162+0000] {processor.py:925} INFO - DAG(s) 'example_params_trigger_ui' retrieved from /home/airflow/.local/lib/python3.12/site-packages/airflow/example_dags/example_params_trigger_ui.py
[2025-03-08T22:36:18.192+0000] {logging_mixin.py:190} INFO - [2025-03-08T22:36:18.191+0000] {dag.py:3239} INFO - Sync 1 DAGs
[2025-03-08T22:36:18.202+0000] {logging_mixin.py:190} INFO - [2025-03-08T22:36:18.202+0000] {dag.py:4180} INFO - Setting next_dagrun for example_params_trigger_ui to None, run_after=None
[2025-03-08T22:36:18.223+0000] {processor.py:208} INFO - Processing /home/airflow/.local/lib/python3.12/site-packages/airflow/example_dags/example_params_trigger_ui.py took 0.073 seconds
[2025-03-08T22:36:48.798+0000] {processor.py:186} INFO - Started process (PID=221) to work on /home/airflow/.local/lib/python3.12/site-packages/airflow/example_dags/example_params_trigger_ui.py
[2025-03-08T22:36:48.800+0000] {processor.py:914} INFO - Processing file /home/airflow/.local/lib/python3.12/site-packages/airflow/example_dags/example_params_trigger_ui.py for tasks to queue
[2025-03-08T22:36:48.802+0000] {logging_mixin.py:190} INFO - [2025-03-08T22:36:48.801+0000] {dagbag.py:588} INFO - Filling up the DagBag from /home/airflow/.local/lib/python3.12/site-packages/airflow/example_dags/example_params_trigger_ui.py
[2025-03-08T22:36:48.812+0000] {processor.py:925} INFO - DAG(s) 'example_params_trigger_ui' retrieved from /home/airflow/.local/lib/python3.12/site-packages/airflow/example_dags/example_params_trigger_ui.py
[2025-03-08T22:36:48.845+0000] {logging_mixin.py:190} INFO - [2025-03-08T22:36:48.845+0000] {dag.py:3239} INFO - Sync 1 DAGs
[2025-03-08T22:36:48.854+0000] {logging_mixin.py:190} INFO - [2025-03-08T22:36:48.854+0000] {dag.py:4180} INFO - Setting next_dagrun for example_params_trigger_ui to None, run_after=None
[2025-03-08T22:36:48.868+0000] {processor.py:208} INFO - Processing /home/airflow/.local/lib/python3.12/site-packages/airflow/example_dags/example_params_trigger_ui.py took 0.075 seconds
[2025-03-08T22:37:19.504+0000] {processor.py:186} INFO - Started process (PID=284) to work on /home/airflow/.local/lib/python3.12/site-packages/airflow/example_dags/example_params_trigger_ui.py
[2025-03-08T22:37:19.505+0000] {processor.py:914} INFO - Processing file /home/airflow/.local/lib/python3.12/site-packages/airflow/example_dags/example_params_trigger_ui.py for tasks to queue
[2025-03-08T22:37:19.506+0000] {logging_mixin.py:190} INFO - [2025-03-08T22:37:19.506+0000] {dagbag.py:588} INFO - Filling up the DagBag from /home/airflow/.local/lib/python3.12/site-packages/airflow/example_dags/example_params_trigger_ui.py
[2025-03-08T22:37:19.513+0000] {processor.py:925} INFO - DAG(s) 'example_params_trigger_ui' retrieved from /home/airflow/.local/lib/python3.12/site-packages/airflow/example_dags/example_params_trigger_ui.py
[2025-03-08T22:37:19.543+0000] {logging_mixin.py:190} INFO - [2025-03-08T22:37:19.543+0000] {dag.py:3239} INFO - Sync 1 DAGs
[2025-03-08T22:37:19.553+0000] {logging_mixin.py:190} INFO - [2025-03-08T22:37:19.553+0000] {dag.py:4180} INFO - Setting next_dagrun for example_params_trigger_ui to None, run_after=None
[2025-03-08T22:37:19.566+0000] {processor.py:208} INFO - Processing /home/airflow/.local/lib/python3.12/site-packages/airflow/example_dags/example_params_trigger_ui.py took 0.065 seconds
[2025-03-08T22:37:50.239+0000] {processor.py:186} INFO - Started process (PID=347) to work on /home/airflow/.local/lib/python3.12/site-packages/airflow/example_dags/example_params_trigger_ui.py
[2025-03-08T22:37:50.240+0000] {processor.py:914} INFO - Processing file /home/airflow/.local/lib/python3.12/site-packages/airflow/example_dags/example_params_trigger_ui.py for tasks to queue
[2025-03-08T22:37:50.242+0000] {logging_mixin.py:190} INFO - [2025-03-08T22:37:50.242+0000] {dagbag.py:588} INFO - Filling up the DagBag from /home/airflow/.local/lib/python3.12/site-packages/airflow/example_dags/example_params_trigger_ui.py
[2025-03-08T22:37:50.249+0000] {processor.py:925} INFO - DAG(s) 'example_params_trigger_ui' retrieved from /home/airflow/.local/lib/python3.12/site-packages/airflow/example_dags/example_params_trigger_ui.py
[2025-03-08T22:37:50.280+0000] {logging_mixin.py:190} INFO - [2025-03-08T22:37:50.280+0000] {dag.py:3239} INFO - Sync 1 DAGs
[2025-03-08T22:37:50.292+0000] {logging_mixin.py:190} INFO - [2025-03-08T22:37:50.292+0000] {dag.py:4180} INFO - Setting next_dagrun for example_params_trigger_ui to None, run_after=None
[2025-03-08T22:37:50.308+0000] {processor.py:208} INFO - Processing /home/airflow/.local/lib/python3.12/site-packages/airflow/example_dags/example_params_trigger_ui.py took 0.073 seconds
[2025-03-08T22:38:21.404+0000] {processor.py:186} INFO - Started process (PID=410) to work on /home/airflow/.local/lib/python3.12/site-packages/airflow/example_dags/example_params_trigger_ui.py
[2025-03-08T22:38:21.405+0000] {processor.py:914} INFO - Processing file /home/airflow/.local/lib/python3.12/site-packages/airflow/example_dags/example_params_trigger_ui.py for tasks to queue
[2025-03-08T22:38:21.406+0000] {logging_mixin.py:190} INFO - [2025-03-08T22:38:21.406+0000] {dagbag.py:588} INFO - Filling up the DagBag from /home/airflow/.local/lib/python3.12/site-packages/airflow/example_dags/example_params_trigger_ui.py
[2025-03-08T22:38:21.415+0000] {processor.py:925} INFO - DAG(s) 'example_params_trigger_ui' retrieved from /home/airflow/.local/lib/python3.12/site-packages/airflow/example_dags/example_params_trigger_ui.py
[2025-03-08T22:38:21.447+0000] {logging_mixin.py:190} INFO - [2025-03-08T22:38:21.447+0000] {dag.py:3239} INFO - Sync 1 DAGs
[2025-03-08T22:38:21.460+0000] {logging_mixin.py:190} INFO - [2025-03-08T22:38:21.459+0000] {dag.py:4180} INFO - Setting next_dagrun for example_params_trigger_ui to None, run_after=None
[2025-03-08T22:38:21.476+0000] {processor.py:208} INFO - Processing /home/airflow/.local/lib/python3.12/site-packages/airflow/example_dags/example_params_trigger_ui.py took 0.077 seconds
[2025-03-08T22:38:52.523+0000] {processor.py:186} INFO - Started process (PID=473) to work on /home/airflow/.local/lib/python3.12/site-packages/airflow/example_dags/example_params_trigger_ui.py
[2025-03-08T22:38:52.523+0000] {processor.py:914} INFO - Processing file /home/airflow/.local/lib/python3.12/site-packages/airflow/example_dags/example_params_trigger_ui.py for tasks to queue
[2025-03-08T22:38:52.525+0000] {logging_mixin.py:190} INFO - [2025-03-08T22:38:52.525+0000] {dagbag.py:588} INFO - Filling up the DagBag from /home/airflow/.local/lib/python3.12/site-packages/airflow/example_dags/example_params_trigger_ui.py
[2025-03-08T22:38:52.533+0000] {processor.py:925} INFO - DAG(s) 'example_params_trigger_ui' retrieved from /home/airflow/.local/lib/python3.12/site-packages/airflow/example_dags/example_params_trigger_ui.py
[2025-03-08T22:38:52.562+0000] {logging_mixin.py:190} INFO - [2025-03-08T22:38:52.562+0000] {dag.py:3239} INFO - Sync 1 DAGs
[2025-03-08T22:38:52.572+0000] {logging_mixin.py:190} INFO - [2025-03-08T22:38:52.572+0000] {dag.py:4180} INFO - Setting next_dagrun for example_params_trigger_ui to None, run_after=None
[2025-03-08T22:38:52.586+0000] {processor.py:208} INFO - Processing /home/airflow/.local/lib/python3.12/site-packages/airflow/example_dags/example_params_trigger_ui.py took 0.067 seconds
[2025-03-08T23:37:27.285+0000] {processor.py:186} INFO - Started process (PID=89) to work on /home/airflow/.local/lib/python3.12/site-packages/airflow/example_dags/example_params_trigger_ui.py
[2025-03-08T23:37:27.286+0000] {processor.py:914} INFO - Processing file /home/airflow/.local/lib/python3.12/site-packages/airflow/example_dags/example_params_trigger_ui.py for tasks to queue
[2025-03-08T23:37:27.288+0000] {logging_mixin.py:190} INFO - [2025-03-08T23:37:27.288+0000] {dagbag.py:588} INFO - Filling up the DagBag from /home/airflow/.local/lib/python3.12/site-packages/airflow/example_dags/example_params_trigger_ui.py
[2025-03-08T23:37:27.297+0000] {processor.py:925} INFO - DAG(s) 'example_params_trigger_ui' retrieved from /home/airflow/.local/lib/python3.12/site-packages/airflow/example_dags/example_params_trigger_ui.py
[2025-03-08T23:37:27.336+0000] {logging_mixin.py:190} INFO - [2025-03-08T23:37:27.336+0000] {dag.py:3239} INFO - Sync 1 DAGs
[2025-03-08T23:37:27.348+0000] {logging_mixin.py:190} INFO - [2025-03-08T23:37:27.348+0000] {dag.py:4180} INFO - Setting next_dagrun for example_params_trigger_ui to None, run_after=None
[2025-03-08T23:37:27.366+0000] {processor.py:208} INFO - Processing /home/airflow/.local/lib/python3.12/site-packages/airflow/example_dags/example_params_trigger_ui.py took 0.086 seconds
[2025-03-08T23:37:57.795+0000] {processor.py:186} INFO - Started process (PID=152) to work on /home/airflow/.local/lib/python3.12/site-packages/airflow/example_dags/example_params_trigger_ui.py
[2025-03-08T23:37:57.796+0000] {processor.py:914} INFO - Processing file /home/airflow/.local/lib/python3.12/site-packages/airflow/example_dags/example_params_trigger_ui.py for tasks to queue
[2025-03-08T23:37:57.798+0000] {logging_mixin.py:190} INFO - [2025-03-08T23:37:57.798+0000] {dagbag.py:588} INFO - Filling up the DagBag from /home/airflow/.local/lib/python3.12/site-packages/airflow/example_dags/example_params_trigger_ui.py
[2025-03-08T23:37:57.807+0000] {processor.py:925} INFO - DAG(s) 'example_params_trigger_ui' retrieved from /home/airflow/.local/lib/python3.12/site-packages/airflow/example_dags/example_params_trigger_ui.py
[2025-03-08T23:37:57.840+0000] {logging_mixin.py:190} INFO - [2025-03-08T23:37:57.840+0000] {dag.py:3239} INFO - Sync 1 DAGs
[2025-03-08T23:37:57.856+0000] {logging_mixin.py:190} INFO - [2025-03-08T23:37:57.855+0000] {dag.py:4180} INFO - Setting next_dagrun for example_params_trigger_ui to None, run_after=None
[2025-03-08T23:37:57.871+0000] {processor.py:208} INFO - Processing /home/airflow/.local/lib/python3.12/site-packages/airflow/example_dags/example_params_trigger_ui.py took 0.080 seconds
[2025-03-08T23:38:28.380+0000] {processor.py:186} INFO - Started process (PID=221) to work on /home/airflow/.local/lib/python3.12/site-packages/airflow/example_dags/example_params_trigger_ui.py
[2025-03-08T23:38:28.381+0000] {processor.py:914} INFO - Processing file /home/airflow/.local/lib/python3.12/site-packages/airflow/example_dags/example_params_trigger_ui.py for tasks to queue
[2025-03-08T23:38:28.383+0000] {logging_mixin.py:190} INFO - [2025-03-08T23:38:28.382+0000] {dagbag.py:588} INFO - Filling up the DagBag from /home/airflow/.local/lib/python3.12/site-packages/airflow/example_dags/example_params_trigger_ui.py
[2025-03-08T23:38:28.392+0000] {processor.py:925} INFO - DAG(s) 'example_params_trigger_ui' retrieved from /home/airflow/.local/lib/python3.12/site-packages/airflow/example_dags/example_params_trigger_ui.py
[2025-03-08T23:38:28.426+0000] {logging_mixin.py:190} INFO - [2025-03-08T23:38:28.426+0000] {dag.py:3239} INFO - Sync 1 DAGs
[2025-03-08T23:38:28.438+0000] {logging_mixin.py:190} INFO - [2025-03-08T23:38:28.438+0000] {dag.py:4180} INFO - Setting next_dagrun for example_params_trigger_ui to None, run_after=None
[2025-03-08T23:38:28.456+0000] {processor.py:208} INFO - Processing /home/airflow/.local/lib/python3.12/site-packages/airflow/example_dags/example_params_trigger_ui.py took 0.081 seconds
[2025-03-08T23:38:59.536+0000] {processor.py:186} INFO - Started process (PID=284) to work on /home/airflow/.local/lib/python3.12/site-packages/airflow/example_dags/example_params_trigger_ui.py
[2025-03-08T23:38:59.536+0000] {processor.py:914} INFO - Processing file /home/airflow/.local/lib/python3.12/site-packages/airflow/example_dags/example_params_trigger_ui.py for tasks to queue
[2025-03-08T23:38:59.538+0000] {logging_mixin.py:190} INFO - [2025-03-08T23:38:59.538+0000] {dagbag.py:588} INFO - Filling up the DagBag from /home/airflow/.local/lib/python3.12/site-packages/airflow/example_dags/example_params_trigger_ui.py
[2025-03-08T23:38:59.546+0000] {processor.py:925} INFO - DAG(s) 'example_params_trigger_ui' retrieved from /home/airflow/.local/lib/python3.12/site-packages/airflow/example_dags/example_params_trigger_ui.py
[2025-03-08T23:38:59.578+0000] {logging_mixin.py:190} INFO - [2025-03-08T23:38:59.578+0000] {dag.py:3239} INFO - Sync 1 DAGs
[2025-03-08T23:38:59.589+0000] {logging_mixin.py:190} INFO - [2025-03-08T23:38:59.588+0000] {dag.py:4180} INFO - Setting next_dagrun for example_params_trigger_ui to None, run_after=None
[2025-03-08T23:38:59.606+0000] {processor.py:208} INFO - Processing /home/airflow/.local/lib/python3.12/site-packages/airflow/example_dags/example_params_trigger_ui.py took 0.075 seconds
[2025-03-08T23:39:30.924+0000] {processor.py:186} INFO - Started process (PID=347) to work on /home/airflow/.local/lib/python3.12/site-packages/airflow/example_dags/example_params_trigger_ui.py
[2025-03-08T23:39:30.925+0000] {processor.py:914} INFO - Processing file /home/airflow/.local/lib/python3.12/site-packages/airflow/example_dags/example_params_trigger_ui.py for tasks to queue
[2025-03-08T23:39:30.927+0000] {logging_mixin.py:190} INFO - [2025-03-08T23:39:30.927+0000] {dagbag.py:588} INFO - Filling up the DagBag from /home/airflow/.local/lib/python3.12/site-packages/airflow/example_dags/example_params_trigger_ui.py
[2025-03-08T23:39:30.934+0000] {processor.py:925} INFO - DAG(s) 'example_params_trigger_ui' retrieved from /home/airflow/.local/lib/python3.12/site-packages/airflow/example_dags/example_params_trigger_ui.py
[2025-03-08T23:39:30.963+0000] {logging_mixin.py:190} INFO - [2025-03-08T23:39:30.963+0000] {dag.py:3239} INFO - Sync 1 DAGs
[2025-03-08T23:39:30.973+0000] {logging_mixin.py:190} INFO - [2025-03-08T23:39:30.973+0000] {dag.py:4180} INFO - Setting next_dagrun for example_params_trigger_ui to None, run_after=None
[2025-03-08T23:39:30.987+0000] {processor.py:208} INFO - Processing /home/airflow/.local/lib/python3.12/site-packages/airflow/example_dags/example_params_trigger_ui.py took 0.067 seconds
[2025-03-08T23:40:02.274+0000] {processor.py:186} INFO - Started process (PID=410) to work on /home/airflow/.local/lib/python3.12/site-packages/airflow/example_dags/example_params_trigger_ui.py
[2025-03-08T23:40:02.276+0000] {processor.py:914} INFO - Processing file /home/airflow/.local/lib/python3.12/site-packages/airflow/example_dags/example_params_trigger_ui.py for tasks to queue
[2025-03-08T23:40:02.278+0000] {logging_mixin.py:190} INFO - [2025-03-08T23:40:02.277+0000] {dagbag.py:588} INFO - Filling up the DagBag from /home/airflow/.local/lib/python3.12/site-packages/airflow/example_dags/example_params_trigger_ui.py
[2025-03-08T23:40:02.286+0000] {processor.py:925} INFO - DAG(s) 'example_params_trigger_ui' retrieved from /home/airflow/.local/lib/python3.12/site-packages/airflow/example_dags/example_params_trigger_ui.py
[2025-03-08T23:40:02.318+0000] {logging_mixin.py:190} INFO - [2025-03-08T23:40:02.318+0000] {dag.py:3239} INFO - Sync 1 DAGs
[2025-03-08T23:40:02.331+0000] {logging_mixin.py:190} INFO - [2025-03-08T23:40:02.331+0000] {dag.py:4180} INFO - Setting next_dagrun for example_params_trigger_ui to None, run_after=None
[2025-03-08T23:40:02.352+0000] {processor.py:208} INFO - Processing /home/airflow/.local/lib/python3.12/site-packages/airflow/example_dags/example_params_trigger_ui.py took 0.082 seconds
[2025-03-08T23:40:34.190+0000] {processor.py:186} INFO - Started process (PID=473) to work on /home/airflow/.local/lib/python3.12/site-packages/airflow/example_dags/example_params_trigger_ui.py
[2025-03-08T23:40:34.192+0000] {processor.py:914} INFO - Processing file /home/airflow/.local/lib/python3.12/site-packages/airflow/example_dags/example_params_trigger_ui.py for tasks to queue
[2025-03-08T23:40:34.194+0000] {logging_mixin.py:190} INFO - [2025-03-08T23:40:34.193+0000] {dagbag.py:588} INFO - Filling up the DagBag from /home/airflow/.local/lib/python3.12/site-packages/airflow/example_dags/example_params_trigger_ui.py
[2025-03-08T23:40:34.201+0000] {processor.py:925} INFO - DAG(s) 'example_params_trigger_ui' retrieved from /home/airflow/.local/lib/python3.12/site-packages/airflow/example_dags/example_params_trigger_ui.py
[2025-03-08T23:40:34.235+0000] {logging_mixin.py:190} INFO - [2025-03-08T23:40:34.235+0000] {dag.py:3239} INFO - Sync 1 DAGs
[2025-03-08T23:40:34.247+0000] {logging_mixin.py:190} INFO - [2025-03-08T23:40:34.246+0000] {dag.py:4180} INFO - Setting next_dagrun for example_params_trigger_ui to None, run_after=None
[2025-03-08T23:40:34.263+0000] {processor.py:208} INFO - Processing /home/airflow/.local/lib/python3.12/site-packages/airflow/example_dags/example_params_trigger_ui.py took 0.077 seconds
[2025-03-08T23:41:05.020+0000] {processor.py:186} INFO - Started process (PID=536) to work on /home/airflow/.local/lib/python3.12/site-packages/airflow/example_dags/example_params_trigger_ui.py
[2025-03-08T23:41:05.021+0000] {processor.py:914} INFO - Processing file /home/airflow/.local/lib/python3.12/site-packages/airflow/example_dags/example_params_trigger_ui.py for tasks to queue
[2025-03-08T23:41:05.023+0000] {logging_mixin.py:190} INFO - [2025-03-08T23:41:05.022+0000] {dagbag.py:588} INFO - Filling up the DagBag from /home/airflow/.local/lib/python3.12/site-packages/airflow/example_dags/example_params_trigger_ui.py
[2025-03-08T23:41:05.031+0000] {processor.py:925} INFO - DAG(s) 'example_params_trigger_ui' retrieved from /home/airflow/.local/lib/python3.12/site-packages/airflow/example_dags/example_params_trigger_ui.py
[2025-03-08T23:41:05.066+0000] {logging_mixin.py:190} INFO - [2025-03-08T23:41:05.065+0000] {dag.py:3239} INFO - Sync 1 DAGs
[2025-03-08T23:41:05.077+0000] {logging_mixin.py:190} INFO - [2025-03-08T23:41:05.076+0000] {dag.py:4180} INFO - Setting next_dagrun for example_params_trigger_ui to None, run_after=None
[2025-03-08T23:41:05.094+0000] {processor.py:208} INFO - Processing /home/airflow/.local/lib/python3.12/site-packages/airflow/example_dags/example_params_trigger_ui.py took 0.079 seconds
[2025-03-08T23:41:35.470+0000] {processor.py:186} INFO - Started process (PID=599) to work on /home/airflow/.local/lib/python3.12/site-packages/airflow/example_dags/example_params_trigger_ui.py
[2025-03-08T23:41:35.471+0000] {processor.py:914} INFO - Processing file /home/airflow/.local/lib/python3.12/site-packages/airflow/example_dags/example_params_trigger_ui.py for tasks to queue
[2025-03-08T23:41:35.474+0000] {logging_mixin.py:190} INFO - [2025-03-08T23:41:35.473+0000] {dagbag.py:588} INFO - Filling up the DagBag from /home/airflow/.local/lib/python3.12/site-packages/airflow/example_dags/example_params_trigger_ui.py
[2025-03-08T23:41:35.482+0000] {processor.py:925} INFO - DAG(s) 'example_params_trigger_ui' retrieved from /home/airflow/.local/lib/python3.12/site-packages/airflow/example_dags/example_params_trigger_ui.py
[2025-03-08T23:41:35.514+0000] {logging_mixin.py:190} INFO - [2025-03-08T23:41:35.513+0000] {dag.py:3239} INFO - Sync 1 DAGs
[2025-03-08T23:41:35.524+0000] {logging_mixin.py:190} INFO - [2025-03-08T23:41:35.524+0000] {dag.py:4180} INFO - Setting next_dagrun for example_params_trigger_ui to None, run_after=None
[2025-03-08T23:41:35.542+0000] {processor.py:208} INFO - Processing /home/airflow/.local/lib/python3.12/site-packages/airflow/example_dags/example_params_trigger_ui.py took 0.076 seconds
[2025-03-08T23:42:07.178+0000] {processor.py:186} INFO - Started process (PID=662) to work on /home/airflow/.local/lib/python3.12/site-packages/airflow/example_dags/example_params_trigger_ui.py
[2025-03-08T23:42:07.179+0000] {processor.py:914} INFO - Processing file /home/airflow/.local/lib/python3.12/site-packages/airflow/example_dags/example_params_trigger_ui.py for tasks to queue
[2025-03-08T23:42:07.181+0000] {logging_mixin.py:190} INFO - [2025-03-08T23:42:07.181+0000] {dagbag.py:588} INFO - Filling up the DagBag from /home/airflow/.local/lib/python3.12/site-packages/airflow/example_dags/example_params_trigger_ui.py
[2025-03-08T23:42:07.189+0000] {processor.py:925} INFO - DAG(s) 'example_params_trigger_ui' retrieved from /home/airflow/.local/lib/python3.12/site-packages/airflow/example_dags/example_params_trigger_ui.py
[2025-03-08T23:42:07.223+0000] {logging_mixin.py:190} INFO - [2025-03-08T23:42:07.223+0000] {dag.py:3239} INFO - Sync 1 DAGs
[2025-03-08T23:42:07.236+0000] {logging_mixin.py:190} INFO - [2025-03-08T23:42:07.236+0000] {dag.py:4180} INFO - Setting next_dagrun for example_params_trigger_ui to None, run_after=None
[2025-03-08T23:42:07.252+0000] {processor.py:208} INFO - Processing /home/airflow/.local/lib/python3.12/site-packages/airflow/example_dags/example_params_trigger_ui.py took 0.078 seconds
[2025-03-08T23:42:39.056+0000] {processor.py:186} INFO - Started process (PID=725) to work on /home/airflow/.local/lib/python3.12/site-packages/airflow/example_dags/example_params_trigger_ui.py
[2025-03-08T23:42:39.057+0000] {processor.py:914} INFO - Processing file /home/airflow/.local/lib/python3.12/site-packages/airflow/example_dags/example_params_trigger_ui.py for tasks to queue
[2025-03-08T23:42:39.059+0000] {logging_mixin.py:190} INFO - [2025-03-08T23:42:39.059+0000] {dagbag.py:588} INFO - Filling up the DagBag from /home/airflow/.local/lib/python3.12/site-packages/airflow/example_dags/example_params_trigger_ui.py
[2025-03-08T23:42:39.070+0000] {processor.py:925} INFO - DAG(s) 'example_params_trigger_ui' retrieved from /home/airflow/.local/lib/python3.12/site-packages/airflow/example_dags/example_params_trigger_ui.py
[2025-03-08T23:42:39.105+0000] {logging_mixin.py:190} INFO - [2025-03-08T23:42:39.105+0000] {dag.py:3239} INFO - Sync 1 DAGs
[2025-03-08T23:42:39.118+0000] {logging_mixin.py:190} INFO - [2025-03-08T23:42:39.117+0000] {dag.py:4180} INFO - Setting next_dagrun for example_params_trigger_ui to None, run_after=None
[2025-03-08T23:42:39.132+0000] {processor.py:208} INFO - Processing /home/airflow/.local/lib/python3.12/site-packages/airflow/example_dags/example_params_trigger_ui.py took 0.081 seconds
[2025-03-08T23:43:10.112+0000] {processor.py:186} INFO - Started process (PID=789) to work on /home/airflow/.local/lib/python3.12/site-packages/airflow/example_dags/example_params_trigger_ui.py
[2025-03-08T23:43:10.113+0000] {processor.py:914} INFO - Processing file /home/airflow/.local/lib/python3.12/site-packages/airflow/example_dags/example_params_trigger_ui.py for tasks to queue
[2025-03-08T23:43:10.115+0000] {logging_mixin.py:190} INFO - [2025-03-08T23:43:10.115+0000] {dagbag.py:588} INFO - Filling up the DagBag from /home/airflow/.local/lib/python3.12/site-packages/airflow/example_dags/example_params_trigger_ui.py
[2025-03-08T23:43:10.122+0000] {processor.py:925} INFO - DAG(s) 'example_params_trigger_ui' retrieved from /home/airflow/.local/lib/python3.12/site-packages/airflow/example_dags/example_params_trigger_ui.py
[2025-03-08T23:43:10.154+0000] {logging_mixin.py:190} INFO - [2025-03-08T23:43:10.153+0000] {dag.py:3239} INFO - Sync 1 DAGs
[2025-03-08T23:43:10.165+0000] {logging_mixin.py:190} INFO - [2025-03-08T23:43:10.164+0000] {dag.py:4180} INFO - Setting next_dagrun for example_params_trigger_ui to None, run_after=None
[2025-03-08T23:43:10.179+0000] {processor.py:208} INFO - Processing /home/airflow/.local/lib/python3.12/site-packages/airflow/example_dags/example_params_trigger_ui.py took 0.071 seconds
[2025-03-08T23:43:40.455+0000] {processor.py:186} INFO - Started process (PID=852) to work on /home/airflow/.local/lib/python3.12/site-packages/airflow/example_dags/example_params_trigger_ui.py
[2025-03-08T23:43:40.456+0000] {processor.py:914} INFO - Processing file /home/airflow/.local/lib/python3.12/site-packages/airflow/example_dags/example_params_trigger_ui.py for tasks to queue
[2025-03-08T23:43:40.457+0000] {logging_mixin.py:190} INFO - [2025-03-08T23:43:40.457+0000] {dagbag.py:588} INFO - Filling up the DagBag from /home/airflow/.local/lib/python3.12/site-packages/airflow/example_dags/example_params_trigger_ui.py
[2025-03-08T23:43:40.464+0000] {processor.py:925} INFO - DAG(s) 'example_params_trigger_ui' retrieved from /home/airflow/.local/lib/python3.12/site-packages/airflow/example_dags/example_params_trigger_ui.py
[2025-03-08T23:43:40.493+0000] {logging_mixin.py:190} INFO - [2025-03-08T23:43:40.493+0000] {dag.py:3239} INFO - Sync 1 DAGs
[2025-03-08T23:43:40.503+0000] {logging_mixin.py:190} INFO - [2025-03-08T23:43:40.503+0000] {dag.py:4180} INFO - Setting next_dagrun for example_params_trigger_ui to None, run_after=None
[2025-03-08T23:43:40.518+0000] {processor.py:208} INFO - Processing /home/airflow/.local/lib/python3.12/site-packages/airflow/example_dags/example_params_trigger_ui.py took 0.067 seconds
[2025-03-08T23:44:10.824+0000] {processor.py:186} INFO - Started process (PID=915) to work on /home/airflow/.local/lib/python3.12/site-packages/airflow/example_dags/example_params_trigger_ui.py
[2025-03-08T23:44:10.825+0000] {processor.py:914} INFO - Processing file /home/airflow/.local/lib/python3.12/site-packages/airflow/example_dags/example_params_trigger_ui.py for tasks to queue
[2025-03-08T23:44:10.827+0000] {logging_mixin.py:190} INFO - [2025-03-08T23:44:10.827+0000] {dagbag.py:588} INFO - Filling up the DagBag from /home/airflow/.local/lib/python3.12/site-packages/airflow/example_dags/example_params_trigger_ui.py
[2025-03-08T23:44:10.835+0000] {processor.py:925} INFO - DAG(s) 'example_params_trigger_ui' retrieved from /home/airflow/.local/lib/python3.12/site-packages/airflow/example_dags/example_params_trigger_ui.py
[2025-03-08T23:44:10.879+0000] {logging_mixin.py:190} INFO - [2025-03-08T23:44:10.879+0000] {dag.py:3239} INFO - Sync 1 DAGs
[2025-03-08T23:44:10.890+0000] {logging_mixin.py:190} INFO - [2025-03-08T23:44:10.890+0000] {dag.py:4180} INFO - Setting next_dagrun for example_params_trigger_ui to None, run_after=None
[2025-03-08T23:44:10.909+0000] {processor.py:208} INFO - Processing /home/airflow/.local/lib/python3.12/site-packages/airflow/example_dags/example_params_trigger_ui.py took 0.090 seconds
[2025-03-08T23:44:42.155+0000] {processor.py:186} INFO - Started process (PID=978) to work on /home/airflow/.local/lib/python3.12/site-packages/airflow/example_dags/example_params_trigger_ui.py
[2025-03-08T23:44:42.156+0000] {processor.py:914} INFO - Processing file /home/airflow/.local/lib/python3.12/site-packages/airflow/example_dags/example_params_trigger_ui.py for tasks to queue
[2025-03-08T23:44:42.158+0000] {logging_mixin.py:190} INFO - [2025-03-08T23:44:42.158+0000] {dagbag.py:588} INFO - Filling up the DagBag from /home/airflow/.local/lib/python3.12/site-packages/airflow/example_dags/example_params_trigger_ui.py
[2025-03-08T23:44:42.166+0000] {processor.py:925} INFO - DAG(s) 'example_params_trigger_ui' retrieved from /home/airflow/.local/lib/python3.12/site-packages/airflow/example_dags/example_params_trigger_ui.py
[2025-03-08T23:44:42.200+0000] {logging_mixin.py:190} INFO - [2025-03-08T23:44:42.199+0000] {dag.py:3239} INFO - Sync 1 DAGs
[2025-03-08T23:44:42.210+0000] {logging_mixin.py:190} INFO - [2025-03-08T23:44:42.210+0000] {dag.py:4180} INFO - Setting next_dagrun for example_params_trigger_ui to None, run_after=None
[2025-03-08T23:44:42.226+0000] {processor.py:208} INFO - Processing /home/airflow/.local/lib/python3.12/site-packages/airflow/example_dags/example_params_trigger_ui.py took 0.076 seconds
[2025-03-08T23:45:13.144+0000] {processor.py:186} INFO - Started process (PID=1041) to work on /home/airflow/.local/lib/python3.12/site-packages/airflow/example_dags/example_params_trigger_ui.py
[2025-03-08T23:45:13.144+0000] {processor.py:914} INFO - Processing file /home/airflow/.local/lib/python3.12/site-packages/airflow/example_dags/example_params_trigger_ui.py for tasks to queue
[2025-03-08T23:45:13.146+0000] {logging_mixin.py:190} INFO - [2025-03-08T23:45:13.146+0000] {dagbag.py:588} INFO - Filling up the DagBag from /home/airflow/.local/lib/python3.12/site-packages/airflow/example_dags/example_params_trigger_ui.py
[2025-03-08T23:45:13.154+0000] {processor.py:925} INFO - DAG(s) 'example_params_trigger_ui' retrieved from /home/airflow/.local/lib/python3.12/site-packages/airflow/example_dags/example_params_trigger_ui.py
[2025-03-08T23:45:13.184+0000] {logging_mixin.py:190} INFO - [2025-03-08T23:45:13.184+0000] {dag.py:3239} INFO - Sync 1 DAGs
[2025-03-08T23:45:13.194+0000] {logging_mixin.py:190} INFO - [2025-03-08T23:45:13.194+0000] {dag.py:4180} INFO - Setting next_dagrun for example_params_trigger_ui to None, run_after=None
[2025-03-08T23:45:13.207+0000] {processor.py:208} INFO - Processing /home/airflow/.local/lib/python3.12/site-packages/airflow/example_dags/example_params_trigger_ui.py took 0.067 seconds
[2025-03-08T23:45:44.099+0000] {processor.py:186} INFO - Started process (PID=1104) to work on /home/airflow/.local/lib/python3.12/site-packages/airflow/example_dags/example_params_trigger_ui.py
[2025-03-08T23:45:44.099+0000] {processor.py:914} INFO - Processing file /home/airflow/.local/lib/python3.12/site-packages/airflow/example_dags/example_params_trigger_ui.py for tasks to queue
[2025-03-08T23:45:44.101+0000] {logging_mixin.py:190} INFO - [2025-03-08T23:45:44.101+0000] {dagbag.py:588} INFO - Filling up the DagBag from /home/airflow/.local/lib/python3.12/site-packages/airflow/example_dags/example_params_trigger_ui.py
[2025-03-08T23:45:44.109+0000] {processor.py:925} INFO - DAG(s) 'example_params_trigger_ui' retrieved from /home/airflow/.local/lib/python3.12/site-packages/airflow/example_dags/example_params_trigger_ui.py
[2025-03-08T23:45:44.148+0000] {logging_mixin.py:190} INFO - [2025-03-08T23:45:44.148+0000] {dag.py:3239} INFO - Sync 1 DAGs
[2025-03-08T23:45:44.159+0000] {logging_mixin.py:190} INFO - [2025-03-08T23:45:44.159+0000] {dag.py:4180} INFO - Setting next_dagrun for example_params_trigger_ui to None, run_after=None
[2025-03-08T23:45:44.178+0000] {processor.py:208} INFO - Processing /home/airflow/.local/lib/python3.12/site-packages/airflow/example_dags/example_params_trigger_ui.py took 0.083 seconds
[2025-03-08T23:46:15.154+0000] {processor.py:186} INFO - Started process (PID=1167) to work on /home/airflow/.local/lib/python3.12/site-packages/airflow/example_dags/example_params_trigger_ui.py
[2025-03-08T23:46:15.155+0000] {processor.py:914} INFO - Processing file /home/airflow/.local/lib/python3.12/site-packages/airflow/example_dags/example_params_trigger_ui.py for tasks to queue
[2025-03-08T23:46:15.158+0000] {logging_mixin.py:190} INFO - [2025-03-08T23:46:15.157+0000] {dagbag.py:588} INFO - Filling up the DagBag from /home/airflow/.local/lib/python3.12/site-packages/airflow/example_dags/example_params_trigger_ui.py
[2025-03-08T23:46:15.165+0000] {processor.py:925} INFO - DAG(s) 'example_params_trigger_ui' retrieved from /home/airflow/.local/lib/python3.12/site-packages/airflow/example_dags/example_params_trigger_ui.py
[2025-03-08T23:46:15.198+0000] {logging_mixin.py:190} INFO - [2025-03-08T23:46:15.198+0000] {dag.py:3239} INFO - Sync 1 DAGs
[2025-03-08T23:46:15.209+0000] {logging_mixin.py:190} INFO - [2025-03-08T23:46:15.209+0000] {dag.py:4180} INFO - Setting next_dagrun for example_params_trigger_ui to None, run_after=None
[2025-03-08T23:46:15.224+0000] {processor.py:208} INFO - Processing /home/airflow/.local/lib/python3.12/site-packages/airflow/example_dags/example_params_trigger_ui.py took 0.074 seconds
[2025-03-08T23:46:46.176+0000] {processor.py:186} INFO - Started process (PID=1230) to work on /home/airflow/.local/lib/python3.12/site-packages/airflow/example_dags/example_params_trigger_ui.py
[2025-03-08T23:46:46.178+0000] {processor.py:914} INFO - Processing file /home/airflow/.local/lib/python3.12/site-packages/airflow/example_dags/example_params_trigger_ui.py for tasks to queue
[2025-03-08T23:46:46.180+0000] {logging_mixin.py:190} INFO - [2025-03-08T23:46:46.180+0000] {dagbag.py:588} INFO - Filling up the DagBag from /home/airflow/.local/lib/python3.12/site-packages/airflow/example_dags/example_params_trigger_ui.py
[2025-03-08T23:46:46.191+0000] {processor.py:925} INFO - DAG(s) 'example_params_trigger_ui' retrieved from /home/airflow/.local/lib/python3.12/site-packages/airflow/example_dags/example_params_trigger_ui.py
[2025-03-08T23:46:46.225+0000] {logging_mixin.py:190} INFO - [2025-03-08T23:46:46.225+0000] {dag.py:3239} INFO - Sync 1 DAGs
[2025-03-08T23:46:46.237+0000] {logging_mixin.py:190} INFO - [2025-03-08T23:46:46.237+0000] {dag.py:4180} INFO - Setting next_dagrun for example_params_trigger_ui to None, run_after=None
[2025-03-08T23:46:46.251+0000] {processor.py:208} INFO - Processing /home/airflow/.local/lib/python3.12/site-packages/airflow/example_dags/example_params_trigger_ui.py took 0.081 seconds
[2025-03-08T23:47:16.947+0000] {processor.py:186} INFO - Started process (PID=1293) to work on /home/airflow/.local/lib/python3.12/site-packages/airflow/example_dags/example_params_trigger_ui.py
[2025-03-08T23:47:16.947+0000] {processor.py:914} INFO - Processing file /home/airflow/.local/lib/python3.12/site-packages/airflow/example_dags/example_params_trigger_ui.py for tasks to queue
[2025-03-08T23:47:16.949+0000] {logging_mixin.py:190} INFO - [2025-03-08T23:47:16.949+0000] {dagbag.py:588} INFO - Filling up the DagBag from /home/airflow/.local/lib/python3.12/site-packages/airflow/example_dags/example_params_trigger_ui.py
[2025-03-08T23:47:16.956+0000] {processor.py:925} INFO - DAG(s) 'example_params_trigger_ui' retrieved from /home/airflow/.local/lib/python3.12/site-packages/airflow/example_dags/example_params_trigger_ui.py
[2025-03-08T23:47:16.986+0000] {logging_mixin.py:190} INFO - [2025-03-08T23:47:16.986+0000] {dag.py:3239} INFO - Sync 1 DAGs
[2025-03-08T23:47:16.996+0000] {logging_mixin.py:190} INFO - [2025-03-08T23:47:16.996+0000] {dag.py:4180} INFO - Setting next_dagrun for example_params_trigger_ui to None, run_after=None
[2025-03-08T23:47:17.009+0000] {processor.py:208} INFO - Processing /home/airflow/.local/lib/python3.12/site-packages/airflow/example_dags/example_params_trigger_ui.py took 0.066 seconds
[2025-03-08T23:47:47.753+0000] {processor.py:186} INFO - Started process (PID=1356) to work on /home/airflow/.local/lib/python3.12/site-packages/airflow/example_dags/example_params_trigger_ui.py
[2025-03-08T23:47:47.754+0000] {processor.py:914} INFO - Processing file /home/airflow/.local/lib/python3.12/site-packages/airflow/example_dags/example_params_trigger_ui.py for tasks to queue
[2025-03-08T23:47:47.755+0000] {logging_mixin.py:190} INFO - [2025-03-08T23:47:47.755+0000] {dagbag.py:588} INFO - Filling up the DagBag from /home/airflow/.local/lib/python3.12/site-packages/airflow/example_dags/example_params_trigger_ui.py
[2025-03-08T23:47:47.762+0000] {processor.py:925} INFO - DAG(s) 'example_params_trigger_ui' retrieved from /home/airflow/.local/lib/python3.12/site-packages/airflow/example_dags/example_params_trigger_ui.py
[2025-03-08T23:47:47.792+0000] {logging_mixin.py:190} INFO - [2025-03-08T23:47:47.792+0000] {dag.py:3239} INFO - Sync 1 DAGs
[2025-03-08T23:47:47.802+0000] {logging_mixin.py:190} INFO - [2025-03-08T23:47:47.802+0000] {dag.py:4180} INFO - Setting next_dagrun for example_params_trigger_ui to None, run_after=None
[2025-03-08T23:47:47.815+0000] {processor.py:208} INFO - Processing /home/airflow/.local/lib/python3.12/site-packages/airflow/example_dags/example_params_trigger_ui.py took 0.066 seconds
[2025-03-08T23:48:18.356+0000] {processor.py:186} INFO - Started process (PID=1419) to work on /home/airflow/.local/lib/python3.12/site-packages/airflow/example_dags/example_params_trigger_ui.py
[2025-03-08T23:48:18.356+0000] {processor.py:914} INFO - Processing file /home/airflow/.local/lib/python3.12/site-packages/airflow/example_dags/example_params_trigger_ui.py for tasks to queue
[2025-03-08T23:48:18.358+0000] {logging_mixin.py:190} INFO - [2025-03-08T23:48:18.358+0000] {dagbag.py:588} INFO - Filling up the DagBag from /home/airflow/.local/lib/python3.12/site-packages/airflow/example_dags/example_params_trigger_ui.py
[2025-03-08T23:48:18.365+0000] {processor.py:925} INFO - DAG(s) 'example_params_trigger_ui' retrieved from /home/airflow/.local/lib/python3.12/site-packages/airflow/example_dags/example_params_trigger_ui.py
[2025-03-08T23:48:18.396+0000] {logging_mixin.py:190} INFO - [2025-03-08T23:48:18.396+0000] {dag.py:3239} INFO - Sync 1 DAGs
[2025-03-08T23:48:18.407+0000] {logging_mixin.py:190} INFO - [2025-03-08T23:48:18.407+0000] {dag.py:4180} INFO - Setting next_dagrun for example_params_trigger_ui to None, run_after=None
[2025-03-08T23:48:18.422+0000] {processor.py:208} INFO - Processing /home/airflow/.local/lib/python3.12/site-packages/airflow/example_dags/example_params_trigger_ui.py took 0.070 seconds
[2025-03-08T23:48:49.221+0000] {processor.py:186} INFO - Started process (PID=1482) to work on /home/airflow/.local/lib/python3.12/site-packages/airflow/example_dags/example_params_trigger_ui.py
[2025-03-08T23:48:49.222+0000] {processor.py:914} INFO - Processing file /home/airflow/.local/lib/python3.12/site-packages/airflow/example_dags/example_params_trigger_ui.py for tasks to queue
[2025-03-08T23:48:49.224+0000] {logging_mixin.py:190} INFO - [2025-03-08T23:48:49.224+0000] {dagbag.py:588} INFO - Filling up the DagBag from /home/airflow/.local/lib/python3.12/site-packages/airflow/example_dags/example_params_trigger_ui.py
[2025-03-08T23:48:49.231+0000] {processor.py:925} INFO - DAG(s) 'example_params_trigger_ui' retrieved from /home/airflow/.local/lib/python3.12/site-packages/airflow/example_dags/example_params_trigger_ui.py
[2025-03-08T23:48:49.266+0000] {logging_mixin.py:190} INFO - [2025-03-08T23:48:49.265+0000] {dag.py:3239} INFO - Sync 1 DAGs
[2025-03-08T23:48:49.276+0000] {logging_mixin.py:190} INFO - [2025-03-08T23:48:49.276+0000] {dag.py:4180} INFO - Setting next_dagrun for example_params_trigger_ui to None, run_after=None
[2025-03-08T23:48:49.291+0000] {processor.py:208} INFO - Processing /home/airflow/.local/lib/python3.12/site-packages/airflow/example_dags/example_params_trigger_ui.py took 0.074 seconds
[2025-03-08T23:49:20.557+0000] {processor.py:186} INFO - Started process (PID=1545) to work on /home/airflow/.local/lib/python3.12/site-packages/airflow/example_dags/example_params_trigger_ui.py
[2025-03-08T23:49:20.558+0000] {processor.py:914} INFO - Processing file /home/airflow/.local/lib/python3.12/site-packages/airflow/example_dags/example_params_trigger_ui.py for tasks to queue
[2025-03-08T23:49:20.561+0000] {logging_mixin.py:190} INFO - [2025-03-08T23:49:20.561+0000] {dagbag.py:588} INFO - Filling up the DagBag from /home/airflow/.local/lib/python3.12/site-packages/airflow/example_dags/example_params_trigger_ui.py
[2025-03-08T23:49:20.570+0000] {processor.py:925} INFO - DAG(s) 'example_params_trigger_ui' retrieved from /home/airflow/.local/lib/python3.12/site-packages/airflow/example_dags/example_params_trigger_ui.py
[2025-03-08T23:49:20.603+0000] {logging_mixin.py:190} INFO - [2025-03-08T23:49:20.602+0000] {dag.py:3239} INFO - Sync 1 DAGs
[2025-03-08T23:49:20.615+0000] {logging_mixin.py:190} INFO - [2025-03-08T23:49:20.615+0000] {dag.py:4180} INFO - Setting next_dagrun for example_params_trigger_ui to None, run_after=None
[2025-03-08T23:49:20.631+0000] {processor.py:208} INFO - Processing /home/airflow/.local/lib/python3.12/site-packages/airflow/example_dags/example_params_trigger_ui.py took 0.079 seconds
[2025-03-08T23:49:51.803+0000] {processor.py:186} INFO - Started process (PID=1608) to work on /home/airflow/.local/lib/python3.12/site-packages/airflow/example_dags/example_params_trigger_ui.py
[2025-03-08T23:49:51.804+0000] {processor.py:914} INFO - Processing file /home/airflow/.local/lib/python3.12/site-packages/airflow/example_dags/example_params_trigger_ui.py for tasks to queue
[2025-03-08T23:49:51.805+0000] {logging_mixin.py:190} INFO - [2025-03-08T23:49:51.805+0000] {dagbag.py:588} INFO - Filling up the DagBag from /home/airflow/.local/lib/python3.12/site-packages/airflow/example_dags/example_params_trigger_ui.py
[2025-03-08T23:49:51.813+0000] {processor.py:925} INFO - DAG(s) 'example_params_trigger_ui' retrieved from /home/airflow/.local/lib/python3.12/site-packages/airflow/example_dags/example_params_trigger_ui.py
[2025-03-08T23:49:51.847+0000] {logging_mixin.py:190} INFO - [2025-03-08T23:49:51.847+0000] {dag.py:3239} INFO - Sync 1 DAGs
[2025-03-08T23:49:51.859+0000] {logging_mixin.py:190} INFO - [2025-03-08T23:49:51.859+0000] {dag.py:4180} INFO - Setting next_dagrun for example_params_trigger_ui to None, run_after=None
[2025-03-08T23:49:51.873+0000] {processor.py:208} INFO - Processing /home/airflow/.local/lib/python3.12/site-packages/airflow/example_dags/example_params_trigger_ui.py took 0.076 seconds
[2025-03-08T23:50:23.227+0000] {processor.py:186} INFO - Started process (PID=1671) to work on /home/airflow/.local/lib/python3.12/site-packages/airflow/example_dags/example_params_trigger_ui.py
[2025-03-08T23:50:23.228+0000] {processor.py:914} INFO - Processing file /home/airflow/.local/lib/python3.12/site-packages/airflow/example_dags/example_params_trigger_ui.py for tasks to queue
[2025-03-08T23:50:23.230+0000] {logging_mixin.py:190} INFO - [2025-03-08T23:50:23.230+0000] {dagbag.py:588} INFO - Filling up the DagBag from /home/airflow/.local/lib/python3.12/site-packages/airflow/example_dags/example_params_trigger_ui.py
[2025-03-08T23:50:23.239+0000] {processor.py:925} INFO - DAG(s) 'example_params_trigger_ui' retrieved from /home/airflow/.local/lib/python3.12/site-packages/airflow/example_dags/example_params_trigger_ui.py
[2025-03-08T23:50:23.269+0000] {logging_mixin.py:190} INFO - [2025-03-08T23:50:23.269+0000] {dag.py:3239} INFO - Sync 1 DAGs
[2025-03-08T23:50:23.279+0000] {logging_mixin.py:190} INFO - [2025-03-08T23:50:23.279+0000] {dag.py:4180} INFO - Setting next_dagrun for example_params_trigger_ui to None, run_after=None
[2025-03-08T23:50:23.293+0000] {processor.py:208} INFO - Processing /home/airflow/.local/lib/python3.12/site-packages/airflow/example_dags/example_params_trigger_ui.py took 0.070 seconds
[2025-03-08T23:50:54.184+0000] {processor.py:186} INFO - Started process (PID=1734) to work on /home/airflow/.local/lib/python3.12/site-packages/airflow/example_dags/example_params_trigger_ui.py
[2025-03-08T23:50:54.185+0000] {processor.py:914} INFO - Processing file /home/airflow/.local/lib/python3.12/site-packages/airflow/example_dags/example_params_trigger_ui.py for tasks to queue
[2025-03-08T23:50:54.187+0000] {logging_mixin.py:190} INFO - [2025-03-08T23:50:54.187+0000] {dagbag.py:588} INFO - Filling up the DagBag from /home/airflow/.local/lib/python3.12/site-packages/airflow/example_dags/example_params_trigger_ui.py
[2025-03-08T23:50:54.194+0000] {processor.py:925} INFO - DAG(s) 'example_params_trigger_ui' retrieved from /home/airflow/.local/lib/python3.12/site-packages/airflow/example_dags/example_params_trigger_ui.py
[2025-03-08T23:50:54.225+0000] {logging_mixin.py:190} INFO - [2025-03-08T23:50:54.225+0000] {dag.py:3239} INFO - Sync 1 DAGs
[2025-03-08T23:50:54.236+0000] {logging_mixin.py:190} INFO - [2025-03-08T23:50:54.236+0000] {dag.py:4180} INFO - Setting next_dagrun for example_params_trigger_ui to None, run_after=None
[2025-03-08T23:50:54.252+0000] {processor.py:208} INFO - Processing /home/airflow/.local/lib/python3.12/site-packages/airflow/example_dags/example_params_trigger_ui.py took 0.074 seconds
[2025-03-08T23:51:25.323+0000] {processor.py:186} INFO - Started process (PID=1797) to work on /home/airflow/.local/lib/python3.12/site-packages/airflow/example_dags/example_params_trigger_ui.py
[2025-03-08T23:51:25.323+0000] {processor.py:914} INFO - Processing file /home/airflow/.local/lib/python3.12/site-packages/airflow/example_dags/example_params_trigger_ui.py for tasks to queue
[2025-03-08T23:51:25.325+0000] {logging_mixin.py:190} INFO - [2025-03-08T23:51:25.325+0000] {dagbag.py:588} INFO - Filling up the DagBag from /home/airflow/.local/lib/python3.12/site-packages/airflow/example_dags/example_params_trigger_ui.py
[2025-03-08T23:51:25.332+0000] {processor.py:925} INFO - DAG(s) 'example_params_trigger_ui' retrieved from /home/airflow/.local/lib/python3.12/site-packages/airflow/example_dags/example_params_trigger_ui.py
[2025-03-08T23:51:25.362+0000] {logging_mixin.py:190} INFO - [2025-03-08T23:51:25.362+0000] {dag.py:3239} INFO - Sync 1 DAGs
[2025-03-08T23:51:25.373+0000] {logging_mixin.py:190} INFO - [2025-03-08T23:51:25.373+0000] {dag.py:4180} INFO - Setting next_dagrun for example_params_trigger_ui to None, run_after=None
[2025-03-08T23:51:25.387+0000] {processor.py:208} INFO - Processing /home/airflow/.local/lib/python3.12/site-packages/airflow/example_dags/example_params_trigger_ui.py took 0.069 seconds
[2025-03-08T23:51:56.161+0000] {processor.py:186} INFO - Started process (PID=1860) to work on /home/airflow/.local/lib/python3.12/site-packages/airflow/example_dags/example_params_trigger_ui.py
[2025-03-08T23:51:56.162+0000] {processor.py:914} INFO - Processing file /home/airflow/.local/lib/python3.12/site-packages/airflow/example_dags/example_params_trigger_ui.py for tasks to queue
[2025-03-08T23:51:56.164+0000] {logging_mixin.py:190} INFO - [2025-03-08T23:51:56.164+0000] {dagbag.py:588} INFO - Filling up the DagBag from /home/airflow/.local/lib/python3.12/site-packages/airflow/example_dags/example_params_trigger_ui.py
[2025-03-08T23:51:56.171+0000] {processor.py:925} INFO - DAG(s) 'example_params_trigger_ui' retrieved from /home/airflow/.local/lib/python3.12/site-packages/airflow/example_dags/example_params_trigger_ui.py
[2025-03-08T23:51:56.203+0000] {logging_mixin.py:190} INFO - [2025-03-08T23:51:56.202+0000] {dag.py:3239} INFO - Sync 1 DAGs
[2025-03-08T23:51:56.212+0000] {logging_mixin.py:190} INFO - [2025-03-08T23:51:56.212+0000] {dag.py:4180} INFO - Setting next_dagrun for example_params_trigger_ui to None, run_after=None
[2025-03-08T23:51:56.227+0000] {processor.py:208} INFO - Processing /home/airflow/.local/lib/python3.12/site-packages/airflow/example_dags/example_params_trigger_ui.py took 0.071 seconds
[2025-03-08T23:52:27.312+0000] {processor.py:186} INFO - Started process (PID=1923) to work on /home/airflow/.local/lib/python3.12/site-packages/airflow/example_dags/example_params_trigger_ui.py
[2025-03-08T23:52:27.313+0000] {processor.py:914} INFO - Processing file /home/airflow/.local/lib/python3.12/site-packages/airflow/example_dags/example_params_trigger_ui.py for tasks to queue
[2025-03-08T23:52:27.315+0000] {logging_mixin.py:190} INFO - [2025-03-08T23:52:27.314+0000] {dagbag.py:588} INFO - Filling up the DagBag from /home/airflow/.local/lib/python3.12/site-packages/airflow/example_dags/example_params_trigger_ui.py
[2025-03-08T23:52:27.323+0000] {processor.py:925} INFO - DAG(s) 'example_params_trigger_ui' retrieved from /home/airflow/.local/lib/python3.12/site-packages/airflow/example_dags/example_params_trigger_ui.py
[2025-03-08T23:52:27.357+0000] {logging_mixin.py:190} INFO - [2025-03-08T23:52:27.357+0000] {dag.py:3239} INFO - Sync 1 DAGs
[2025-03-08T23:52:27.367+0000] {logging_mixin.py:190} INFO - [2025-03-08T23:52:27.367+0000] {dag.py:4180} INFO - Setting next_dagrun for example_params_trigger_ui to None, run_after=None
[2025-03-08T23:52:27.384+0000] {processor.py:208} INFO - Processing /home/airflow/.local/lib/python3.12/site-packages/airflow/example_dags/example_params_trigger_ui.py took 0.077 seconds
[2025-03-08T23:52:58.182+0000] {processor.py:186} INFO - Started process (PID=1986) to work on /home/airflow/.local/lib/python3.12/site-packages/airflow/example_dags/example_params_trigger_ui.py
[2025-03-08T23:52:58.182+0000] {processor.py:914} INFO - Processing file /home/airflow/.local/lib/python3.12/site-packages/airflow/example_dags/example_params_trigger_ui.py for tasks to queue
[2025-03-08T23:52:58.184+0000] {logging_mixin.py:190} INFO - [2025-03-08T23:52:58.183+0000] {dagbag.py:588} INFO - Filling up the DagBag from /home/airflow/.local/lib/python3.12/site-packages/airflow/example_dags/example_params_trigger_ui.py
[2025-03-08T23:52:58.190+0000] {processor.py:925} INFO - DAG(s) 'example_params_trigger_ui' retrieved from /home/airflow/.local/lib/python3.12/site-packages/airflow/example_dags/example_params_trigger_ui.py
[2025-03-08T23:52:58.219+0000] {logging_mixin.py:190} INFO - [2025-03-08T23:52:58.219+0000] {dag.py:3239} INFO - Sync 1 DAGs
[2025-03-08T23:52:58.229+0000] {logging_mixin.py:190} INFO - [2025-03-08T23:52:58.229+0000] {dag.py:4180} INFO - Setting next_dagrun for example_params_trigger_ui to None, run_after=None
[2025-03-08T23:52:58.244+0000] {processor.py:208} INFO - Processing /home/airflow/.local/lib/python3.12/site-packages/airflow/example_dags/example_params_trigger_ui.py took 0.066 seconds
[2025-03-08T23:53:28.998+0000] {processor.py:186} INFO - Started process (PID=2049) to work on /home/airflow/.local/lib/python3.12/site-packages/airflow/example_dags/example_params_trigger_ui.py
[2025-03-08T23:53:28.999+0000] {processor.py:914} INFO - Processing file /home/airflow/.local/lib/python3.12/site-packages/airflow/example_dags/example_params_trigger_ui.py for tasks to queue
[2025-03-08T23:53:29.001+0000] {logging_mixin.py:190} INFO - [2025-03-08T23:53:29.000+0000] {dagbag.py:588} INFO - Filling up the DagBag from /home/airflow/.local/lib/python3.12/site-packages/airflow/example_dags/example_params_trigger_ui.py
[2025-03-08T23:53:29.010+0000] {processor.py:925} INFO - DAG(s) 'example_params_trigger_ui' retrieved from /home/airflow/.local/lib/python3.12/site-packages/airflow/example_dags/example_params_trigger_ui.py
[2025-03-08T23:53:29.043+0000] {logging_mixin.py:190} INFO - [2025-03-08T23:53:29.043+0000] {dag.py:3239} INFO - Sync 1 DAGs
[2025-03-08T23:53:29.058+0000] {logging_mixin.py:190} INFO - [2025-03-08T23:53:29.058+0000] {dag.py:4180} INFO - Setting next_dagrun for example_params_trigger_ui to None, run_after=None
[2025-03-08T23:53:29.073+0000] {processor.py:208} INFO - Processing /home/airflow/.local/lib/python3.12/site-packages/airflow/example_dags/example_params_trigger_ui.py took 0.080 seconds
[2025-03-08T23:54:00.274+0000] {processor.py:186} INFO - Started process (PID=2118) to work on /home/airflow/.local/lib/python3.12/site-packages/airflow/example_dags/example_params_trigger_ui.py
[2025-03-08T23:54:00.275+0000] {processor.py:914} INFO - Processing file /home/airflow/.local/lib/python3.12/site-packages/airflow/example_dags/example_params_trigger_ui.py for tasks to queue
[2025-03-08T23:54:00.276+0000] {logging_mixin.py:190} INFO - [2025-03-08T23:54:00.276+0000] {dagbag.py:588} INFO - Filling up the DagBag from /home/airflow/.local/lib/python3.12/site-packages/airflow/example_dags/example_params_trigger_ui.py
[2025-03-08T23:54:00.284+0000] {processor.py:925} INFO - DAG(s) 'example_params_trigger_ui' retrieved from /home/airflow/.local/lib/python3.12/site-packages/airflow/example_dags/example_params_trigger_ui.py
[2025-03-08T23:54:00.317+0000] {logging_mixin.py:190} INFO - [2025-03-08T23:54:00.317+0000] {dag.py:3239} INFO - Sync 1 DAGs
[2025-03-08T23:54:00.331+0000] {logging_mixin.py:190} INFO - [2025-03-08T23:54:00.331+0000] {dag.py:4180} INFO - Setting next_dagrun for example_params_trigger_ui to None, run_after=None
[2025-03-08T23:54:00.348+0000] {processor.py:208} INFO - Processing /home/airflow/.local/lib/python3.12/site-packages/airflow/example_dags/example_params_trigger_ui.py took 0.078 seconds
[2025-03-08T23:54:31.550+0000] {processor.py:186} INFO - Started process (PID=2181) to work on /home/airflow/.local/lib/python3.12/site-packages/airflow/example_dags/example_params_trigger_ui.py
[2025-03-08T23:54:31.551+0000] {processor.py:914} INFO - Processing file /home/airflow/.local/lib/python3.12/site-packages/airflow/example_dags/example_params_trigger_ui.py for tasks to queue
[2025-03-08T23:54:31.553+0000] {logging_mixin.py:190} INFO - [2025-03-08T23:54:31.553+0000] {dagbag.py:588} INFO - Filling up the DagBag from /home/airflow/.local/lib/python3.12/site-packages/airflow/example_dags/example_params_trigger_ui.py
[2025-03-08T23:54:31.564+0000] {processor.py:925} INFO - DAG(s) 'example_params_trigger_ui' retrieved from /home/airflow/.local/lib/python3.12/site-packages/airflow/example_dags/example_params_trigger_ui.py
[2025-03-08T23:54:31.602+0000] {logging_mixin.py:190} INFO - [2025-03-08T23:54:31.601+0000] {dag.py:3239} INFO - Sync 1 DAGs
[2025-03-08T23:54:31.613+0000] {logging_mixin.py:190} INFO - [2025-03-08T23:54:31.613+0000] {dag.py:4180} INFO - Setting next_dagrun for example_params_trigger_ui to None, run_after=None
[2025-03-08T23:54:31.629+0000] {processor.py:208} INFO - Processing /home/airflow/.local/lib/python3.12/site-packages/airflow/example_dags/example_params_trigger_ui.py took 0.085 seconds
[2025-03-08T23:55:02.139+0000] {processor.py:186} INFO - Started process (PID=2244) to work on /home/airflow/.local/lib/python3.12/site-packages/airflow/example_dags/example_params_trigger_ui.py
[2025-03-08T23:55:02.140+0000] {processor.py:914} INFO - Processing file /home/airflow/.local/lib/python3.12/site-packages/airflow/example_dags/example_params_trigger_ui.py for tasks to queue
[2025-03-08T23:55:02.142+0000] {logging_mixin.py:190} INFO - [2025-03-08T23:55:02.142+0000] {dagbag.py:588} INFO - Filling up the DagBag from /home/airflow/.local/lib/python3.12/site-packages/airflow/example_dags/example_params_trigger_ui.py
[2025-03-08T23:55:02.151+0000] {processor.py:925} INFO - DAG(s) 'example_params_trigger_ui' retrieved from /home/airflow/.local/lib/python3.12/site-packages/airflow/example_dags/example_params_trigger_ui.py
[2025-03-08T23:55:02.185+0000] {logging_mixin.py:190} INFO - [2025-03-08T23:55:02.184+0000] {dag.py:3239} INFO - Sync 1 DAGs
[2025-03-08T23:55:02.195+0000] {logging_mixin.py:190} INFO - [2025-03-08T23:55:02.195+0000] {dag.py:4180} INFO - Setting next_dagrun for example_params_trigger_ui to None, run_after=None
[2025-03-08T23:55:02.212+0000] {processor.py:208} INFO - Processing /home/airflow/.local/lib/python3.12/site-packages/airflow/example_dags/example_params_trigger_ui.py took 0.077 seconds
[2025-03-08T23:55:33.360+0000] {processor.py:186} INFO - Started process (PID=2307) to work on /home/airflow/.local/lib/python3.12/site-packages/airflow/example_dags/example_params_trigger_ui.py
[2025-03-08T23:55:33.361+0000] {processor.py:914} INFO - Processing file /home/airflow/.local/lib/python3.12/site-packages/airflow/example_dags/example_params_trigger_ui.py for tasks to queue
[2025-03-08T23:55:33.362+0000] {logging_mixin.py:190} INFO - [2025-03-08T23:55:33.362+0000] {dagbag.py:588} INFO - Filling up the DagBag from /home/airflow/.local/lib/python3.12/site-packages/airflow/example_dags/example_params_trigger_ui.py
[2025-03-08T23:55:33.371+0000] {processor.py:925} INFO - DAG(s) 'example_params_trigger_ui' retrieved from /home/airflow/.local/lib/python3.12/site-packages/airflow/example_dags/example_params_trigger_ui.py
[2025-03-08T23:55:33.404+0000] {logging_mixin.py:190} INFO - [2025-03-08T23:55:33.404+0000] {dag.py:3239} INFO - Sync 1 DAGs
[2025-03-08T23:55:33.415+0000] {logging_mixin.py:190} INFO - [2025-03-08T23:55:33.415+0000] {dag.py:4180} INFO - Setting next_dagrun for example_params_trigger_ui to None, run_after=None
[2025-03-08T23:55:33.428+0000] {processor.py:208} INFO - Processing /home/airflow/.local/lib/python3.12/site-packages/airflow/example_dags/example_params_trigger_ui.py took 0.072 seconds
[2025-03-08T23:56:04.643+0000] {processor.py:186} INFO - Started process (PID=2370) to work on /home/airflow/.local/lib/python3.12/site-packages/airflow/example_dags/example_params_trigger_ui.py
[2025-03-08T23:56:04.643+0000] {processor.py:914} INFO - Processing file /home/airflow/.local/lib/python3.12/site-packages/airflow/example_dags/example_params_trigger_ui.py for tasks to queue
[2025-03-08T23:56:04.645+0000] {logging_mixin.py:190} INFO - [2025-03-08T23:56:04.645+0000] {dagbag.py:588} INFO - Filling up the DagBag from /home/airflow/.local/lib/python3.12/site-packages/airflow/example_dags/example_params_trigger_ui.py
[2025-03-08T23:56:04.655+0000] {processor.py:925} INFO - DAG(s) 'example_params_trigger_ui' retrieved from /home/airflow/.local/lib/python3.12/site-packages/airflow/example_dags/example_params_trigger_ui.py
[2025-03-08T23:56:04.692+0000] {logging_mixin.py:190} INFO - [2025-03-08T23:56:04.692+0000] {dag.py:3239} INFO - Sync 1 DAGs
[2025-03-08T23:56:04.704+0000] {logging_mixin.py:190} INFO - [2025-03-08T23:56:04.703+0000] {dag.py:4180} INFO - Setting next_dagrun for example_params_trigger_ui to None, run_after=None
[2025-03-08T23:56:04.718+0000] {processor.py:208} INFO - Processing /home/airflow/.local/lib/python3.12/site-packages/airflow/example_dags/example_params_trigger_ui.py took 0.080 seconds
[2025-03-08T23:56:36.284+0000] {processor.py:186} INFO - Started process (PID=2433) to work on /home/airflow/.local/lib/python3.12/site-packages/airflow/example_dags/example_params_trigger_ui.py
[2025-03-08T23:56:36.285+0000] {processor.py:914} INFO - Processing file /home/airflow/.local/lib/python3.12/site-packages/airflow/example_dags/example_params_trigger_ui.py for tasks to queue
[2025-03-08T23:56:36.287+0000] {logging_mixin.py:190} INFO - [2025-03-08T23:56:36.287+0000] {dagbag.py:588} INFO - Filling up the DagBag from /home/airflow/.local/lib/python3.12/site-packages/airflow/example_dags/example_params_trigger_ui.py
[2025-03-08T23:56:36.296+0000] {processor.py:925} INFO - DAG(s) 'example_params_trigger_ui' retrieved from /home/airflow/.local/lib/python3.12/site-packages/airflow/example_dags/example_params_trigger_ui.py
[2025-03-08T23:56:36.328+0000] {logging_mixin.py:190} INFO - [2025-03-08T23:56:36.328+0000] {dag.py:3239} INFO - Sync 1 DAGs
[2025-03-08T23:56:36.339+0000] {logging_mixin.py:190} INFO - [2025-03-08T23:56:36.339+0000] {dag.py:4180} INFO - Setting next_dagrun for example_params_trigger_ui to None, run_after=None
[2025-03-08T23:56:36.354+0000] {processor.py:208} INFO - Processing /home/airflow/.local/lib/python3.12/site-packages/airflow/example_dags/example_params_trigger_ui.py took 0.075 seconds
[2025-03-08T23:57:07.178+0000] {processor.py:186} INFO - Started process (PID=2496) to work on /home/airflow/.local/lib/python3.12/site-packages/airflow/example_dags/example_params_trigger_ui.py
[2025-03-08T23:57:07.179+0000] {processor.py:914} INFO - Processing file /home/airflow/.local/lib/python3.12/site-packages/airflow/example_dags/example_params_trigger_ui.py for tasks to queue
[2025-03-08T23:57:07.181+0000] {logging_mixin.py:190} INFO - [2025-03-08T23:57:07.181+0000] {dagbag.py:588} INFO - Filling up the DagBag from /home/airflow/.local/lib/python3.12/site-packages/airflow/example_dags/example_params_trigger_ui.py
[2025-03-08T23:57:07.189+0000] {processor.py:925} INFO - DAG(s) 'example_params_trigger_ui' retrieved from /home/airflow/.local/lib/python3.12/site-packages/airflow/example_dags/example_params_trigger_ui.py
[2025-03-08T23:57:07.226+0000] {logging_mixin.py:190} INFO - [2025-03-08T23:57:07.225+0000] {dag.py:3239} INFO - Sync 1 DAGs
[2025-03-08T23:57:07.238+0000] {logging_mixin.py:190} INFO - [2025-03-08T23:57:07.238+0000] {dag.py:4180} INFO - Setting next_dagrun for example_params_trigger_ui to None, run_after=None
[2025-03-08T23:57:07.255+0000] {processor.py:208} INFO - Processing /home/airflow/.local/lib/python3.12/site-packages/airflow/example_dags/example_params_trigger_ui.py took 0.081 seconds
[2025-03-08T23:57:38.290+0000] {processor.py:186} INFO - Started process (PID=2559) to work on /home/airflow/.local/lib/python3.12/site-packages/airflow/example_dags/example_params_trigger_ui.py
[2025-03-08T23:57:38.290+0000] {processor.py:914} INFO - Processing file /home/airflow/.local/lib/python3.12/site-packages/airflow/example_dags/example_params_trigger_ui.py for tasks to queue
[2025-03-08T23:57:38.293+0000] {logging_mixin.py:190} INFO - [2025-03-08T23:57:38.292+0000] {dagbag.py:588} INFO - Filling up the DagBag from /home/airflow/.local/lib/python3.12/site-packages/airflow/example_dags/example_params_trigger_ui.py
[2025-03-08T23:57:38.300+0000] {processor.py:925} INFO - DAG(s) 'example_params_trigger_ui' retrieved from /home/airflow/.local/lib/python3.12/site-packages/airflow/example_dags/example_params_trigger_ui.py
[2025-03-08T23:57:38.335+0000] {logging_mixin.py:190} INFO - [2025-03-08T23:57:38.334+0000] {dag.py:3239} INFO - Sync 1 DAGs
[2025-03-08T23:57:38.346+0000] {logging_mixin.py:190} INFO - [2025-03-08T23:57:38.345+0000] {dag.py:4180} INFO - Setting next_dagrun for example_params_trigger_ui to None, run_after=None
[2025-03-08T23:57:38.359+0000] {processor.py:208} INFO - Processing /home/airflow/.local/lib/python3.12/site-packages/airflow/example_dags/example_params_trigger_ui.py took 0.073 seconds
[2025-03-08T23:58:09.829+0000] {processor.py:186} INFO - Started process (PID=2622) to work on /home/airflow/.local/lib/python3.12/site-packages/airflow/example_dags/example_params_trigger_ui.py
[2025-03-08T23:58:09.830+0000] {processor.py:914} INFO - Processing file /home/airflow/.local/lib/python3.12/site-packages/airflow/example_dags/example_params_trigger_ui.py for tasks to queue
[2025-03-08T23:58:09.832+0000] {logging_mixin.py:190} INFO - [2025-03-08T23:58:09.832+0000] {dagbag.py:588} INFO - Filling up the DagBag from /home/airflow/.local/lib/python3.12/site-packages/airflow/example_dags/example_params_trigger_ui.py
[2025-03-08T23:58:09.841+0000] {processor.py:925} INFO - DAG(s) 'example_params_trigger_ui' retrieved from /home/airflow/.local/lib/python3.12/site-packages/airflow/example_dags/example_params_trigger_ui.py
[2025-03-08T23:58:09.873+0000] {logging_mixin.py:190} INFO - [2025-03-08T23:58:09.872+0000] {dag.py:3239} INFO - Sync 1 DAGs
[2025-03-08T23:58:09.884+0000] {logging_mixin.py:190} INFO - [2025-03-08T23:58:09.884+0000] {dag.py:4180} INFO - Setting next_dagrun for example_params_trigger_ui to None, run_after=None
[2025-03-08T23:58:09.898+0000] {processor.py:208} INFO - Processing /home/airflow/.local/lib/python3.12/site-packages/airflow/example_dags/example_params_trigger_ui.py took 0.074 seconds
