[2025-03-08T22:35:48.309+0000] {processor.py:186} INFO - Started process (PID=103) to work on /home/airflow/.local/lib/python3.12/site-packages/airflow/example_dags/example_branch_datetime_operator.py
[2025-03-08T22:35:48.310+0000] {processor.py:914} INFO - Processing file /home/airflow/.local/lib/python3.12/site-packages/airflow/example_dags/example_branch_datetime_operator.py for tasks to queue
[2025-03-08T22:35:48.312+0000] {logging_mixin.py:190} INFO - [2025-03-08T22:35:48.312+0000] {dagbag.py:588} INFO - Filling up the DagBag from /home/airflow/.local/lib/python3.12/site-packages/airflow/example_dags/example_branch_datetime_operator.py
[2025-03-08T22:35:48.321+0000] {processor.py:925} INFO - DAG(s) 'example_branch_datetime_operator_2', 'example_branch_datetime_operator', 'example_branch_datetime_operator_3' retrieved from /home/airflow/.local/lib/python3.12/site-packages/airflow/example_dags/example_branch_datetime_operator.py
[2025-03-08T22:35:48.393+0000] {logging_mixin.py:190} INFO - [2025-03-08T22:35:48.393+0000] {override.py:1912} INFO - Created Permission View: can edit on DAG:example_branch_datetime_operator_2
[2025-03-08T22:35:48.401+0000] {logging_mixin.py:190} INFO - [2025-03-08T22:35:48.401+0000] {override.py:1912} INFO - Created Permission View: can read on DAG:example_branch_datetime_operator_2
[2025-03-08T22:35:48.407+0000] {logging_mixin.py:190} INFO - [2025-03-08T22:35:48.407+0000] {override.py:1912} INFO - Created Permission View: can delete on DAG:example_branch_datetime_operator_2
[2025-03-08T22:35:48.412+0000] {logging_mixin.py:190} INFO - [2025-03-08T22:35:48.412+0000] {override.py:1912} INFO - Created Permission View: menu access on DAG Run:example_branch_datetime_operator_2
[2025-03-08T22:35:48.418+0000] {logging_mixin.py:190} INFO - [2025-03-08T22:35:48.418+0000] {override.py:1912} INFO - Created Permission View: can delete on DAG Run:example_branch_datetime_operator_2
[2025-03-08T22:35:48.424+0000] {logging_mixin.py:190} INFO - [2025-03-08T22:35:48.424+0000] {override.py:1912} INFO - Created Permission View: can read on DAG Run:example_branch_datetime_operator_2
[2025-03-08T22:35:48.429+0000] {logging_mixin.py:190} INFO - [2025-03-08T22:35:48.429+0000] {override.py:1912} INFO - Created Permission View: can create on DAG Run:example_branch_datetime_operator_2
[2025-03-08T22:35:48.439+0000] {logging_mixin.py:190} INFO - [2025-03-08T22:35:48.439+0000] {override.py:1912} INFO - Created Permission View: can edit on DAG:example_branch_datetime_operator
[2025-03-08T22:35:48.444+0000] {logging_mixin.py:190} INFO - [2025-03-08T22:35:48.443+0000] {override.py:1912} INFO - Created Permission View: can read on DAG:example_branch_datetime_operator
[2025-03-08T22:35:48.448+0000] {logging_mixin.py:190} INFO - [2025-03-08T22:35:48.448+0000] {override.py:1912} INFO - Created Permission View: can delete on DAG:example_branch_datetime_operator
[2025-03-08T22:35:48.454+0000] {logging_mixin.py:190} INFO - [2025-03-08T22:35:48.453+0000] {override.py:1912} INFO - Created Permission View: menu access on DAG Run:example_branch_datetime_operator
[2025-03-08T22:35:48.458+0000] {logging_mixin.py:190} INFO - [2025-03-08T22:35:48.458+0000] {override.py:1912} INFO - Created Permission View: can delete on DAG Run:example_branch_datetime_operator
[2025-03-08T22:35:48.462+0000] {logging_mixin.py:190} INFO - [2025-03-08T22:35:48.462+0000] {override.py:1912} INFO - Created Permission View: can read on DAG Run:example_branch_datetime_operator
[2025-03-08T22:35:48.467+0000] {logging_mixin.py:190} INFO - [2025-03-08T22:35:48.467+0000] {override.py:1912} INFO - Created Permission View: can create on DAG Run:example_branch_datetime_operator
[2025-03-08T22:35:48.477+0000] {logging_mixin.py:190} INFO - [2025-03-08T22:35:48.477+0000] {override.py:1912} INFO - Created Permission View: can edit on DAG:example_branch_datetime_operator_3
[2025-03-08T22:35:48.482+0000] {logging_mixin.py:190} INFO - [2025-03-08T22:35:48.482+0000] {override.py:1912} INFO - Created Permission View: can read on DAG:example_branch_datetime_operator_3
[2025-03-08T22:35:48.487+0000] {logging_mixin.py:190} INFO - [2025-03-08T22:35:48.487+0000] {override.py:1912} INFO - Created Permission View: can delete on DAG:example_branch_datetime_operator_3
[2025-03-08T22:35:48.493+0000] {logging_mixin.py:190} INFO - [2025-03-08T22:35:48.493+0000] {override.py:1912} INFO - Created Permission View: menu access on DAG Run:example_branch_datetime_operator_3
[2025-03-08T22:35:48.498+0000] {logging_mixin.py:190} INFO - [2025-03-08T22:35:48.498+0000] {override.py:1912} INFO - Created Permission View: can delete on DAG Run:example_branch_datetime_operator_3
[2025-03-08T22:35:48.503+0000] {logging_mixin.py:190} INFO - [2025-03-08T22:35:48.503+0000] {override.py:1912} INFO - Created Permission View: can read on DAG Run:example_branch_datetime_operator_3
[2025-03-08T22:35:48.508+0000] {logging_mixin.py:190} INFO - [2025-03-08T22:35:48.508+0000] {override.py:1912} INFO - Created Permission View: can create on DAG Run:example_branch_datetime_operator_3
[2025-03-08T22:35:48.508+0000] {logging_mixin.py:190} INFO - [2025-03-08T22:35:48.508+0000] {dag.py:3239} INFO - Sync 3 DAGs
[2025-03-08T22:35:48.519+0000] {logging_mixin.py:190} INFO - [2025-03-08T22:35:48.519+0000] {dag.py:3262} INFO - Creating ORM DAG for example_branch_datetime_operator
[2025-03-08T22:35:48.520+0000] {logging_mixin.py:190} INFO - [2025-03-08T22:35:48.520+0000] {dag.py:3262} INFO - Creating ORM DAG for example_branch_datetime_operator_3
[2025-03-08T22:35:48.521+0000] {logging_mixin.py:190} INFO - [2025-03-08T22:35:48.521+0000] {dag.py:3262} INFO - Creating ORM DAG for example_branch_datetime_operator_2
[2025-03-08T22:35:48.531+0000] {logging_mixin.py:190} INFO - [2025-03-08T22:35:48.531+0000] {dag.py:4180} INFO - Setting next_dagrun for example_branch_datetime_operator to 2025-03-07 00:00:00+00:00, run_after=2025-03-08 00:00:00+00:00
[2025-03-08T22:35:48.533+0000] {logging_mixin.py:190} INFO - [2025-03-08T22:35:48.533+0000] {dag.py:4180} INFO - Setting next_dagrun for example_branch_datetime_operator_2 to 2025-03-07 00:00:00+00:00, run_after=2025-03-08 00:00:00+00:00
[2025-03-08T22:35:48.534+0000] {logging_mixin.py:190} INFO - [2025-03-08T22:35:48.534+0000] {dag.py:4180} INFO - Setting next_dagrun for example_branch_datetime_operator_3 to 2025-03-07 00:00:00+00:00, run_after=2025-03-08 00:00:00+00:00
[2025-03-08T22:35:48.552+0000] {processor.py:208} INFO - Processing /home/airflow/.local/lib/python3.12/site-packages/airflow/example_dags/example_branch_datetime_operator.py took 0.247 seconds
[2025-03-08T22:36:18.684+0000] {processor.py:186} INFO - Started process (PID=166) to work on /home/airflow/.local/lib/python3.12/site-packages/airflow/example_dags/example_branch_datetime_operator.py
[2025-03-08T22:36:18.685+0000] {processor.py:914} INFO - Processing file /home/airflow/.local/lib/python3.12/site-packages/airflow/example_dags/example_branch_datetime_operator.py for tasks to queue
[2025-03-08T22:36:18.687+0000] {logging_mixin.py:190} INFO - [2025-03-08T22:36:18.687+0000] {dagbag.py:588} INFO - Filling up the DagBag from /home/airflow/.local/lib/python3.12/site-packages/airflow/example_dags/example_branch_datetime_operator.py
[2025-03-08T22:36:18.695+0000] {processor.py:925} INFO - DAG(s) 'example_branch_datetime_operator', 'example_branch_datetime_operator_3', 'example_branch_datetime_operator_2' retrieved from /home/airflow/.local/lib/python3.12/site-packages/airflow/example_dags/example_branch_datetime_operator.py
[2025-03-08T22:36:18.719+0000] {logging_mixin.py:190} INFO - [2025-03-08T22:36:18.719+0000] {dag.py:3239} INFO - Sync 3 DAGs
[2025-03-08T22:36:18.743+0000] {logging_mixin.py:190} INFO - [2025-03-08T22:36:18.743+0000] {dag.py:4180} INFO - Setting next_dagrun for example_branch_datetime_operator to 2025-03-07 00:00:00+00:00, run_after=2025-03-08 00:00:00+00:00
[2025-03-08T22:36:18.748+0000] {logging_mixin.py:190} INFO - [2025-03-08T22:36:18.748+0000] {dag.py:4180} INFO - Setting next_dagrun for example_branch_datetime_operator_2 to 2025-03-07 00:00:00+00:00, run_after=2025-03-08 00:00:00+00:00
[2025-03-08T22:36:18.750+0000] {logging_mixin.py:190} INFO - [2025-03-08T22:36:18.750+0000] {dag.py:4180} INFO - Setting next_dagrun for example_branch_datetime_operator_3 to 2025-03-07 00:00:00+00:00, run_after=2025-03-08 00:00:00+00:00
[2025-03-08T22:36:18.770+0000] {processor.py:208} INFO - Processing /home/airflow/.local/lib/python3.12/site-packages/airflow/example_dags/example_branch_datetime_operator.py took 0.090 seconds
[2025-03-08T22:36:49.087+0000] {processor.py:186} INFO - Started process (PID=228) to work on /home/airflow/.local/lib/python3.12/site-packages/airflow/example_dags/example_branch_datetime_operator.py
[2025-03-08T22:36:49.087+0000] {processor.py:914} INFO - Processing file /home/airflow/.local/lib/python3.12/site-packages/airflow/example_dags/example_branch_datetime_operator.py for tasks to queue
[2025-03-08T22:36:49.089+0000] {logging_mixin.py:190} INFO - [2025-03-08T22:36:49.089+0000] {dagbag.py:588} INFO - Filling up the DagBag from /home/airflow/.local/lib/python3.12/site-packages/airflow/example_dags/example_branch_datetime_operator.py
[2025-03-08T22:36:49.097+0000] {processor.py:925} INFO - DAG(s) 'example_branch_datetime_operator_2', 'example_branch_datetime_operator', 'example_branch_datetime_operator_3' retrieved from /home/airflow/.local/lib/python3.12/site-packages/airflow/example_dags/example_branch_datetime_operator.py
[2025-03-08T22:36:49.120+0000] {logging_mixin.py:190} INFO - [2025-03-08T22:36:49.120+0000] {dag.py:3239} INFO - Sync 3 DAGs
[2025-03-08T22:36:49.144+0000] {logging_mixin.py:190} INFO - [2025-03-08T22:36:49.144+0000] {dag.py:4180} INFO - Setting next_dagrun for example_branch_datetime_operator to 2025-03-07 00:00:00+00:00, run_after=2025-03-08 00:00:00+00:00
[2025-03-08T22:36:49.148+0000] {logging_mixin.py:190} INFO - [2025-03-08T22:36:49.148+0000] {dag.py:4180} INFO - Setting next_dagrun for example_branch_datetime_operator_2 to 2025-03-07 00:00:00+00:00, run_after=2025-03-08 00:00:00+00:00
[2025-03-08T22:36:49.150+0000] {logging_mixin.py:190} INFO - [2025-03-08T22:36:49.150+0000] {dag.py:4180} INFO - Setting next_dagrun for example_branch_datetime_operator_3 to 2025-03-07 00:00:00+00:00, run_after=2025-03-08 00:00:00+00:00
[2025-03-08T22:36:49.164+0000] {processor.py:208} INFO - Processing /home/airflow/.local/lib/python3.12/site-packages/airflow/example_dags/example_branch_datetime_operator.py took 0.082 seconds
[2025-03-08T22:37:19.966+0000] {processor.py:186} INFO - Started process (PID=291) to work on /home/airflow/.local/lib/python3.12/site-packages/airflow/example_dags/example_branch_datetime_operator.py
[2025-03-08T22:37:19.967+0000] {processor.py:914} INFO - Processing file /home/airflow/.local/lib/python3.12/site-packages/airflow/example_dags/example_branch_datetime_operator.py for tasks to queue
[2025-03-08T22:37:19.968+0000] {logging_mixin.py:190} INFO - [2025-03-08T22:37:19.968+0000] {dagbag.py:588} INFO - Filling up the DagBag from /home/airflow/.local/lib/python3.12/site-packages/airflow/example_dags/example_branch_datetime_operator.py
[2025-03-08T22:37:19.977+0000] {processor.py:925} INFO - DAG(s) 'example_branch_datetime_operator', 'example_branch_datetime_operator_3', 'example_branch_datetime_operator_2' retrieved from /home/airflow/.local/lib/python3.12/site-packages/airflow/example_dags/example_branch_datetime_operator.py
[2025-03-08T22:37:19.999+0000] {logging_mixin.py:190} INFO - [2025-03-08T22:37:19.999+0000] {dag.py:3239} INFO - Sync 3 DAGs
[2025-03-08T22:37:20.019+0000] {logging_mixin.py:190} INFO - [2025-03-08T22:37:20.019+0000] {dag.py:4180} INFO - Setting next_dagrun for example_branch_datetime_operator to 2025-03-07 00:00:00+00:00, run_after=2025-03-08 00:00:00+00:00
[2025-03-08T22:37:20.024+0000] {logging_mixin.py:190} INFO - [2025-03-08T22:37:20.024+0000] {dag.py:4180} INFO - Setting next_dagrun for example_branch_datetime_operator_2 to 2025-03-07 00:00:00+00:00, run_after=2025-03-08 00:00:00+00:00
[2025-03-08T22:37:20.026+0000] {logging_mixin.py:190} INFO - [2025-03-08T22:37:20.026+0000] {dag.py:4180} INFO - Setting next_dagrun for example_branch_datetime_operator_3 to 2025-03-07 00:00:00+00:00, run_after=2025-03-08 00:00:00+00:00
[2025-03-08T22:37:20.041+0000] {processor.py:208} INFO - Processing /home/airflow/.local/lib/python3.12/site-packages/airflow/example_dags/example_branch_datetime_operator.py took 0.080 seconds
[2025-03-08T22:37:50.556+0000] {processor.py:186} INFO - Started process (PID=354) to work on /home/airflow/.local/lib/python3.12/site-packages/airflow/example_dags/example_branch_datetime_operator.py
[2025-03-08T22:37:50.557+0000] {processor.py:914} INFO - Processing file /home/airflow/.local/lib/python3.12/site-packages/airflow/example_dags/example_branch_datetime_operator.py for tasks to queue
[2025-03-08T22:37:50.559+0000] {logging_mixin.py:190} INFO - [2025-03-08T22:37:50.559+0000] {dagbag.py:588} INFO - Filling up the DagBag from /home/airflow/.local/lib/python3.12/site-packages/airflow/example_dags/example_branch_datetime_operator.py
[2025-03-08T22:37:50.568+0000] {processor.py:925} INFO - DAG(s) 'example_branch_datetime_operator_2', 'example_branch_datetime_operator_3', 'example_branch_datetime_operator' retrieved from /home/airflow/.local/lib/python3.12/site-packages/airflow/example_dags/example_branch_datetime_operator.py
[2025-03-08T22:37:50.589+0000] {logging_mixin.py:190} INFO - [2025-03-08T22:37:50.588+0000] {dag.py:3239} INFO - Sync 3 DAGs
[2025-03-08T22:37:50.610+0000] {logging_mixin.py:190} INFO - [2025-03-08T22:37:50.610+0000] {dag.py:4180} INFO - Setting next_dagrun for example_branch_datetime_operator to 2025-03-07 00:00:00+00:00, run_after=2025-03-08 00:00:00+00:00
[2025-03-08T22:37:50.614+0000] {logging_mixin.py:190} INFO - [2025-03-08T22:37:50.614+0000] {dag.py:4180} INFO - Setting next_dagrun for example_branch_datetime_operator_2 to 2025-03-07 00:00:00+00:00, run_after=2025-03-08 00:00:00+00:00
[2025-03-08T22:37:50.616+0000] {logging_mixin.py:190} INFO - [2025-03-08T22:37:50.616+0000] {dag.py:4180} INFO - Setting next_dagrun for example_branch_datetime_operator_3 to 2025-03-07 00:00:00+00:00, run_after=2025-03-08 00:00:00+00:00
[2025-03-08T22:37:50.633+0000] {processor.py:208} INFO - Processing /home/airflow/.local/lib/python3.12/site-packages/airflow/example_dags/example_branch_datetime_operator.py took 0.081 seconds
[2025-03-08T22:38:21.775+0000] {processor.py:186} INFO - Started process (PID=417) to work on /home/airflow/.local/lib/python3.12/site-packages/airflow/example_dags/example_branch_datetime_operator.py
[2025-03-08T22:38:21.776+0000] {processor.py:914} INFO - Processing file /home/airflow/.local/lib/python3.12/site-packages/airflow/example_dags/example_branch_datetime_operator.py for tasks to queue
[2025-03-08T22:38:21.778+0000] {logging_mixin.py:190} INFO - [2025-03-08T22:38:21.777+0000] {dagbag.py:588} INFO - Filling up the DagBag from /home/airflow/.local/lib/python3.12/site-packages/airflow/example_dags/example_branch_datetime_operator.py
[2025-03-08T22:38:21.788+0000] {processor.py:925} INFO - DAG(s) 'example_branch_datetime_operator_2', 'example_branch_datetime_operator', 'example_branch_datetime_operator_3' retrieved from /home/airflow/.local/lib/python3.12/site-packages/airflow/example_dags/example_branch_datetime_operator.py
[2025-03-08T22:38:21.811+0000] {logging_mixin.py:190} INFO - [2025-03-08T22:38:21.811+0000] {dag.py:3239} INFO - Sync 3 DAGs
[2025-03-08T22:38:21.829+0000] {logging_mixin.py:190} INFO - [2025-03-08T22:38:21.829+0000] {dag.py:4180} INFO - Setting next_dagrun for example_branch_datetime_operator to 2025-03-07 00:00:00+00:00, run_after=2025-03-08 00:00:00+00:00
[2025-03-08T22:38:21.833+0000] {logging_mixin.py:190} INFO - [2025-03-08T22:38:21.833+0000] {dag.py:4180} INFO - Setting next_dagrun for example_branch_datetime_operator_2 to 2025-03-07 00:00:00+00:00, run_after=2025-03-08 00:00:00+00:00
[2025-03-08T22:38:21.835+0000] {logging_mixin.py:190} INFO - [2025-03-08T22:38:21.835+0000] {dag.py:4180} INFO - Setting next_dagrun for example_branch_datetime_operator_3 to 2025-03-07 00:00:00+00:00, run_after=2025-03-08 00:00:00+00:00
[2025-03-08T22:38:21.851+0000] {processor.py:208} INFO - Processing /home/airflow/.local/lib/python3.12/site-packages/airflow/example_dags/example_branch_datetime_operator.py took 0.080 seconds
[2025-03-08T22:38:53.005+0000] {processor.py:186} INFO - Started process (PID=480) to work on /home/airflow/.local/lib/python3.12/site-packages/airflow/example_dags/example_branch_datetime_operator.py
[2025-03-08T22:38:53.005+0000] {processor.py:914} INFO - Processing file /home/airflow/.local/lib/python3.12/site-packages/airflow/example_dags/example_branch_datetime_operator.py for tasks to queue
[2025-03-08T22:38:53.008+0000] {logging_mixin.py:190} INFO - [2025-03-08T22:38:53.007+0000] {dagbag.py:588} INFO - Filling up the DagBag from /home/airflow/.local/lib/python3.12/site-packages/airflow/example_dags/example_branch_datetime_operator.py
[2025-03-08T22:38:53.016+0000] {processor.py:925} INFO - DAG(s) 'example_branch_datetime_operator_3', 'example_branch_datetime_operator', 'example_branch_datetime_operator_2' retrieved from /home/airflow/.local/lib/python3.12/site-packages/airflow/example_dags/example_branch_datetime_operator.py
[2025-03-08T22:38:53.035+0000] {logging_mixin.py:190} INFO - [2025-03-08T22:38:53.034+0000] {dag.py:3239} INFO - Sync 3 DAGs
[2025-03-08T22:38:53.053+0000] {logging_mixin.py:190} INFO - [2025-03-08T22:38:53.053+0000] {dag.py:4180} INFO - Setting next_dagrun for example_branch_datetime_operator to 2025-03-07 00:00:00+00:00, run_after=2025-03-08 00:00:00+00:00
[2025-03-08T22:38:53.056+0000] {logging_mixin.py:190} INFO - [2025-03-08T22:38:53.056+0000] {dag.py:4180} INFO - Setting next_dagrun for example_branch_datetime_operator_2 to 2025-03-07 00:00:00+00:00, run_after=2025-03-08 00:00:00+00:00
[2025-03-08T22:38:53.059+0000] {logging_mixin.py:190} INFO - [2025-03-08T22:38:53.058+0000] {dag.py:4180} INFO - Setting next_dagrun for example_branch_datetime_operator_3 to 2025-03-07 00:00:00+00:00, run_after=2025-03-08 00:00:00+00:00
[2025-03-08T22:38:53.071+0000] {processor.py:208} INFO - Processing /home/airflow/.local/lib/python3.12/site-packages/airflow/example_dags/example_branch_datetime_operator.py took 0.071 seconds
[2025-03-08T23:37:27.810+0000] {processor.py:186} INFO - Started process (PID=97) to work on /home/airflow/.local/lib/python3.12/site-packages/airflow/example_dags/example_branch_datetime_operator.py
[2025-03-08T23:37:27.811+0000] {processor.py:914} INFO - Processing file /home/airflow/.local/lib/python3.12/site-packages/airflow/example_dags/example_branch_datetime_operator.py for tasks to queue
[2025-03-08T23:37:27.813+0000] {logging_mixin.py:190} INFO - [2025-03-08T23:37:27.813+0000] {dagbag.py:588} INFO - Filling up the DagBag from /home/airflow/.local/lib/python3.12/site-packages/airflow/example_dags/example_branch_datetime_operator.py
[2025-03-08T23:37:27.824+0000] {processor.py:925} INFO - DAG(s) 'example_branch_datetime_operator', 'example_branch_datetime_operator_2', 'example_branch_datetime_operator_3' retrieved from /home/airflow/.local/lib/python3.12/site-packages/airflow/example_dags/example_branch_datetime_operator.py
[2025-03-08T23:37:27.849+0000] {logging_mixin.py:190} INFO - [2025-03-08T23:37:27.849+0000] {dag.py:3239} INFO - Sync 3 DAGs
[2025-03-08T23:37:27.870+0000] {logging_mixin.py:190} INFO - [2025-03-08T23:37:27.870+0000] {dag.py:4180} INFO - Setting next_dagrun for example_branch_datetime_operator to 2025-03-07 00:00:00+00:00, run_after=2025-03-08 00:00:00+00:00
[2025-03-08T23:37:27.875+0000] {logging_mixin.py:190} INFO - [2025-03-08T23:37:27.875+0000] {dag.py:4180} INFO - Setting next_dagrun for example_branch_datetime_operator_2 to 2025-03-07 00:00:00+00:00, run_after=2025-03-08 00:00:00+00:00
[2025-03-08T23:37:27.878+0000] {logging_mixin.py:190} INFO - [2025-03-08T23:37:27.877+0000] {dag.py:4180} INFO - Setting next_dagrun for example_branch_datetime_operator_3 to 2025-03-07 00:00:00+00:00, run_after=2025-03-08 00:00:00+00:00
[2025-03-08T23:37:27.892+0000] {processor.py:208} INFO - Processing /home/airflow/.local/lib/python3.12/site-packages/airflow/example_dags/example_branch_datetime_operator.py took 0.087 seconds
[2025-03-08T23:37:58.150+0000] {processor.py:186} INFO - Started process (PID=165) to work on /home/airflow/.local/lib/python3.12/site-packages/airflow/example_dags/example_branch_datetime_operator.py
[2025-03-08T23:37:58.150+0000] {processor.py:914} INFO - Processing file /home/airflow/.local/lib/python3.12/site-packages/airflow/example_dags/example_branch_datetime_operator.py for tasks to queue
[2025-03-08T23:37:58.153+0000] {logging_mixin.py:190} INFO - [2025-03-08T23:37:58.152+0000] {dagbag.py:588} INFO - Filling up the DagBag from /home/airflow/.local/lib/python3.12/site-packages/airflow/example_dags/example_branch_datetime_operator.py
[2025-03-08T23:37:58.161+0000] {processor.py:925} INFO - DAG(s) 'example_branch_datetime_operator', 'example_branch_datetime_operator_2', 'example_branch_datetime_operator_3' retrieved from /home/airflow/.local/lib/python3.12/site-packages/airflow/example_dags/example_branch_datetime_operator.py
[2025-03-08T23:37:58.185+0000] {logging_mixin.py:190} INFO - [2025-03-08T23:37:58.184+0000] {dag.py:3239} INFO - Sync 3 DAGs
[2025-03-08T23:37:58.210+0000] {logging_mixin.py:190} INFO - [2025-03-08T23:37:58.210+0000] {dag.py:4180} INFO - Setting next_dagrun for example_branch_datetime_operator to 2025-03-07 00:00:00+00:00, run_after=2025-03-08 00:00:00+00:00
[2025-03-08T23:37:58.213+0000] {logging_mixin.py:190} INFO - [2025-03-08T23:37:58.213+0000] {dag.py:4180} INFO - Setting next_dagrun for example_branch_datetime_operator_2 to 2025-03-07 00:00:00+00:00, run_after=2025-03-08 00:00:00+00:00
[2025-03-08T23:37:58.215+0000] {logging_mixin.py:190} INFO - [2025-03-08T23:37:58.215+0000] {dag.py:4180} INFO - Setting next_dagrun for example_branch_datetime_operator_3 to 2025-03-07 00:00:00+00:00, run_after=2025-03-08 00:00:00+00:00
[2025-03-08T23:37:58.233+0000] {processor.py:208} INFO - Processing /home/airflow/.local/lib/python3.12/site-packages/airflow/example_dags/example_branch_datetime_operator.py took 0.087 seconds
[2025-03-08T23:38:28.790+0000] {processor.py:186} INFO - Started process (PID=228) to work on /home/airflow/.local/lib/python3.12/site-packages/airflow/example_dags/example_branch_datetime_operator.py
[2025-03-08T23:38:28.790+0000] {processor.py:914} INFO - Processing file /home/airflow/.local/lib/python3.12/site-packages/airflow/example_dags/example_branch_datetime_operator.py for tasks to queue
[2025-03-08T23:38:28.793+0000] {logging_mixin.py:190} INFO - [2025-03-08T23:38:28.792+0000] {dagbag.py:588} INFO - Filling up the DagBag from /home/airflow/.local/lib/python3.12/site-packages/airflow/example_dags/example_branch_datetime_operator.py
[2025-03-08T23:38:28.802+0000] {processor.py:925} INFO - DAG(s) 'example_branch_datetime_operator_3', 'example_branch_datetime_operator_2', 'example_branch_datetime_operator' retrieved from /home/airflow/.local/lib/python3.12/site-packages/airflow/example_dags/example_branch_datetime_operator.py
[2025-03-08T23:38:28.824+0000] {logging_mixin.py:190} INFO - [2025-03-08T23:38:28.824+0000] {dag.py:3239} INFO - Sync 3 DAGs
[2025-03-08T23:38:28.846+0000] {logging_mixin.py:190} INFO - [2025-03-08T23:38:28.846+0000] {dag.py:4180} INFO - Setting next_dagrun for example_branch_datetime_operator to 2025-03-07 00:00:00+00:00, run_after=2025-03-08 00:00:00+00:00
[2025-03-08T23:38:28.850+0000] {logging_mixin.py:190} INFO - [2025-03-08T23:38:28.850+0000] {dag.py:4180} INFO - Setting next_dagrun for example_branch_datetime_operator_2 to 2025-03-07 00:00:00+00:00, run_after=2025-03-08 00:00:00+00:00
[2025-03-08T23:38:28.852+0000] {logging_mixin.py:190} INFO - [2025-03-08T23:38:28.852+0000] {dag.py:4180} INFO - Setting next_dagrun for example_branch_datetime_operator_3 to 2025-03-07 00:00:00+00:00, run_after=2025-03-08 00:00:00+00:00
[2025-03-08T23:38:28.867+0000] {processor.py:208} INFO - Processing /home/airflow/.local/lib/python3.12/site-packages/airflow/example_dags/example_branch_datetime_operator.py took 0.081 seconds
[2025-03-08T23:38:59.880+0000] {processor.py:186} INFO - Started process (PID=292) to work on /home/airflow/.local/lib/python3.12/site-packages/airflow/example_dags/example_branch_datetime_operator.py
[2025-03-08T23:38:59.881+0000] {processor.py:914} INFO - Processing file /home/airflow/.local/lib/python3.12/site-packages/airflow/example_dags/example_branch_datetime_operator.py for tasks to queue
[2025-03-08T23:38:59.883+0000] {logging_mixin.py:190} INFO - [2025-03-08T23:38:59.883+0000] {dagbag.py:588} INFO - Filling up the DagBag from /home/airflow/.local/lib/python3.12/site-packages/airflow/example_dags/example_branch_datetime_operator.py
[2025-03-08T23:38:59.891+0000] {processor.py:925} INFO - DAG(s) 'example_branch_datetime_operator', 'example_branch_datetime_operator_2', 'example_branch_datetime_operator_3' retrieved from /home/airflow/.local/lib/python3.12/site-packages/airflow/example_dags/example_branch_datetime_operator.py
[2025-03-08T23:38:59.913+0000] {logging_mixin.py:190} INFO - [2025-03-08T23:38:59.912+0000] {dag.py:3239} INFO - Sync 3 DAGs
[2025-03-08T23:38:59.932+0000] {logging_mixin.py:190} INFO - [2025-03-08T23:38:59.932+0000] {dag.py:4180} INFO - Setting next_dagrun for example_branch_datetime_operator to 2025-03-07 00:00:00+00:00, run_after=2025-03-08 00:00:00+00:00
[2025-03-08T23:38:59.936+0000] {logging_mixin.py:190} INFO - [2025-03-08T23:38:59.936+0000] {dag.py:4180} INFO - Setting next_dagrun for example_branch_datetime_operator_2 to 2025-03-07 00:00:00+00:00, run_after=2025-03-08 00:00:00+00:00
[2025-03-08T23:38:59.939+0000] {logging_mixin.py:190} INFO - [2025-03-08T23:38:59.938+0000] {dag.py:4180} INFO - Setting next_dagrun for example_branch_datetime_operator_3 to 2025-03-07 00:00:00+00:00, run_after=2025-03-08 00:00:00+00:00
[2025-03-08T23:38:59.951+0000] {processor.py:208} INFO - Processing /home/airflow/.local/lib/python3.12/site-packages/airflow/example_dags/example_branch_datetime_operator.py took 0.075 seconds
[2025-03-08T23:39:31.188+0000] {processor.py:186} INFO - Started process (PID=354) to work on /home/airflow/.local/lib/python3.12/site-packages/airflow/example_dags/example_branch_datetime_operator.py
[2025-03-08T23:39:31.189+0000] {processor.py:914} INFO - Processing file /home/airflow/.local/lib/python3.12/site-packages/airflow/example_dags/example_branch_datetime_operator.py for tasks to queue
[2025-03-08T23:39:31.191+0000] {logging_mixin.py:190} INFO - [2025-03-08T23:39:31.191+0000] {dagbag.py:588} INFO - Filling up the DagBag from /home/airflow/.local/lib/python3.12/site-packages/airflow/example_dags/example_branch_datetime_operator.py
[2025-03-08T23:39:31.199+0000] {processor.py:925} INFO - DAG(s) 'example_branch_datetime_operator_2', 'example_branch_datetime_operator_3', 'example_branch_datetime_operator' retrieved from /home/airflow/.local/lib/python3.12/site-packages/airflow/example_dags/example_branch_datetime_operator.py
[2025-03-08T23:39:31.225+0000] {logging_mixin.py:190} INFO - [2025-03-08T23:39:31.224+0000] {dag.py:3239} INFO - Sync 3 DAGs
[2025-03-08T23:39:31.246+0000] {logging_mixin.py:190} INFO - [2025-03-08T23:39:31.246+0000] {dag.py:4180} INFO - Setting next_dagrun for example_branch_datetime_operator to 2025-03-07 00:00:00+00:00, run_after=2025-03-08 00:00:00+00:00
[2025-03-08T23:39:31.251+0000] {logging_mixin.py:190} INFO - [2025-03-08T23:39:31.251+0000] {dag.py:4180} INFO - Setting next_dagrun for example_branch_datetime_operator_2 to 2025-03-07 00:00:00+00:00, run_after=2025-03-08 00:00:00+00:00
[2025-03-08T23:39:31.253+0000] {logging_mixin.py:190} INFO - [2025-03-08T23:39:31.253+0000] {dag.py:4180} INFO - Setting next_dagrun for example_branch_datetime_operator_3 to 2025-03-07 00:00:00+00:00, run_after=2025-03-08 00:00:00+00:00
[2025-03-08T23:39:31.269+0000] {processor.py:208} INFO - Processing /home/airflow/.local/lib/python3.12/site-packages/airflow/example_dags/example_branch_datetime_operator.py took 0.087 seconds
[2025-03-08T23:40:02.594+0000] {processor.py:186} INFO - Started process (PID=417) to work on /home/airflow/.local/lib/python3.12/site-packages/airflow/example_dags/example_branch_datetime_operator.py
[2025-03-08T23:40:02.595+0000] {processor.py:914} INFO - Processing file /home/airflow/.local/lib/python3.12/site-packages/airflow/example_dags/example_branch_datetime_operator.py for tasks to queue
[2025-03-08T23:40:02.596+0000] {logging_mixin.py:190} INFO - [2025-03-08T23:40:02.596+0000] {dagbag.py:588} INFO - Filling up the DagBag from /home/airflow/.local/lib/python3.12/site-packages/airflow/example_dags/example_branch_datetime_operator.py
[2025-03-08T23:40:02.605+0000] {processor.py:925} INFO - DAG(s) 'example_branch_datetime_operator_2', 'example_branch_datetime_operator_3', 'example_branch_datetime_operator' retrieved from /home/airflow/.local/lib/python3.12/site-packages/airflow/example_dags/example_branch_datetime_operator.py
[2025-03-08T23:40:02.627+0000] {logging_mixin.py:190} INFO - [2025-03-08T23:40:02.626+0000] {dag.py:3239} INFO - Sync 3 DAGs
[2025-03-08T23:40:02.653+0000] {logging_mixin.py:190} INFO - [2025-03-08T23:40:02.652+0000] {dag.py:4180} INFO - Setting next_dagrun for example_branch_datetime_operator to 2025-03-07 00:00:00+00:00, run_after=2025-03-08 00:00:00+00:00
[2025-03-08T23:40:02.657+0000] {logging_mixin.py:190} INFO - [2025-03-08T23:40:02.657+0000] {dag.py:4180} INFO - Setting next_dagrun for example_branch_datetime_operator_2 to 2025-03-07 00:00:00+00:00, run_after=2025-03-08 00:00:00+00:00
[2025-03-08T23:40:02.659+0000] {logging_mixin.py:190} INFO - [2025-03-08T23:40:02.659+0000] {dag.py:4180} INFO - Setting next_dagrun for example_branch_datetime_operator_3 to 2025-03-07 00:00:00+00:00, run_after=2025-03-08 00:00:00+00:00
[2025-03-08T23:40:02.674+0000] {processor.py:208} INFO - Processing /home/airflow/.local/lib/python3.12/site-packages/airflow/example_dags/example_branch_datetime_operator.py took 0.084 seconds
[2025-03-08T23:40:34.491+0000] {processor.py:186} INFO - Started process (PID=480) to work on /home/airflow/.local/lib/python3.12/site-packages/airflow/example_dags/example_branch_datetime_operator.py
[2025-03-08T23:40:34.492+0000] {processor.py:914} INFO - Processing file /home/airflow/.local/lib/python3.12/site-packages/airflow/example_dags/example_branch_datetime_operator.py for tasks to queue
[2025-03-08T23:40:34.494+0000] {logging_mixin.py:190} INFO - [2025-03-08T23:40:34.494+0000] {dagbag.py:588} INFO - Filling up the DagBag from /home/airflow/.local/lib/python3.12/site-packages/airflow/example_dags/example_branch_datetime_operator.py
[2025-03-08T23:40:34.503+0000] {processor.py:925} INFO - DAG(s) 'example_branch_datetime_operator', 'example_branch_datetime_operator_3', 'example_branch_datetime_operator_2' retrieved from /home/airflow/.local/lib/python3.12/site-packages/airflow/example_dags/example_branch_datetime_operator.py
[2025-03-08T23:40:34.525+0000] {logging_mixin.py:190} INFO - [2025-03-08T23:40:34.525+0000] {dag.py:3239} INFO - Sync 3 DAGs
[2025-03-08T23:40:34.544+0000] {logging_mixin.py:190} INFO - [2025-03-08T23:40:34.544+0000] {dag.py:4180} INFO - Setting next_dagrun for example_branch_datetime_operator to 2025-03-07 00:00:00+00:00, run_after=2025-03-08 00:00:00+00:00
[2025-03-08T23:40:34.547+0000] {logging_mixin.py:190} INFO - [2025-03-08T23:40:34.547+0000] {dag.py:4180} INFO - Setting next_dagrun for example_branch_datetime_operator_2 to 2025-03-07 00:00:00+00:00, run_after=2025-03-08 00:00:00+00:00
[2025-03-08T23:40:34.549+0000] {logging_mixin.py:190} INFO - [2025-03-08T23:40:34.549+0000] {dag.py:4180} INFO - Setting next_dagrun for example_branch_datetime_operator_3 to 2025-03-07 00:00:00+00:00, run_after=2025-03-08 00:00:00+00:00
[2025-03-08T23:40:34.564+0000] {processor.py:208} INFO - Processing /home/airflow/.local/lib/python3.12/site-packages/airflow/example_dags/example_branch_datetime_operator.py took 0.078 seconds
[2025-03-08T23:41:05.346+0000] {processor.py:186} INFO - Started process (PID=543) to work on /home/airflow/.local/lib/python3.12/site-packages/airflow/example_dags/example_branch_datetime_operator.py
[2025-03-08T23:41:05.347+0000] {processor.py:914} INFO - Processing file /home/airflow/.local/lib/python3.12/site-packages/airflow/example_dags/example_branch_datetime_operator.py for tasks to queue
[2025-03-08T23:41:05.349+0000] {logging_mixin.py:190} INFO - [2025-03-08T23:41:05.349+0000] {dagbag.py:588} INFO - Filling up the DagBag from /home/airflow/.local/lib/python3.12/site-packages/airflow/example_dags/example_branch_datetime_operator.py
[2025-03-08T23:41:05.358+0000] {processor.py:925} INFO - DAG(s) 'example_branch_datetime_operator_3', 'example_branch_datetime_operator', 'example_branch_datetime_operator_2' retrieved from /home/airflow/.local/lib/python3.12/site-packages/airflow/example_dags/example_branch_datetime_operator.py
[2025-03-08T23:41:05.381+0000] {logging_mixin.py:190} INFO - [2025-03-08T23:41:05.381+0000] {dag.py:3239} INFO - Sync 3 DAGs
[2025-03-08T23:41:05.402+0000] {logging_mixin.py:190} INFO - [2025-03-08T23:41:05.402+0000] {dag.py:4180} INFO - Setting next_dagrun for example_branch_datetime_operator to 2025-03-07 00:00:00+00:00, run_after=2025-03-08 00:00:00+00:00
[2025-03-08T23:41:05.406+0000] {logging_mixin.py:190} INFO - [2025-03-08T23:41:05.406+0000] {dag.py:4180} INFO - Setting next_dagrun for example_branch_datetime_operator_2 to 2025-03-07 00:00:00+00:00, run_after=2025-03-08 00:00:00+00:00
[2025-03-08T23:41:05.409+0000] {logging_mixin.py:190} INFO - [2025-03-08T23:41:05.408+0000] {dag.py:4180} INFO - Setting next_dagrun for example_branch_datetime_operator_3 to 2025-03-07 00:00:00+00:00, run_after=2025-03-08 00:00:00+00:00
[2025-03-08T23:41:05.422+0000] {processor.py:208} INFO - Processing /home/airflow/.local/lib/python3.12/site-packages/airflow/example_dags/example_branch_datetime_operator.py took 0.080 seconds
[2025-03-08T23:41:35.799+0000] {processor.py:186} INFO - Started process (PID=606) to work on /home/airflow/.local/lib/python3.12/site-packages/airflow/example_dags/example_branch_datetime_operator.py
[2025-03-08T23:41:35.800+0000] {processor.py:914} INFO - Processing file /home/airflow/.local/lib/python3.12/site-packages/airflow/example_dags/example_branch_datetime_operator.py for tasks to queue
[2025-03-08T23:41:35.802+0000] {logging_mixin.py:190} INFO - [2025-03-08T23:41:35.802+0000] {dagbag.py:588} INFO - Filling up the DagBag from /home/airflow/.local/lib/python3.12/site-packages/airflow/example_dags/example_branch_datetime_operator.py
[2025-03-08T23:41:35.811+0000] {processor.py:925} INFO - DAG(s) 'example_branch_datetime_operator_2', 'example_branch_datetime_operator_3', 'example_branch_datetime_operator' retrieved from /home/airflow/.local/lib/python3.12/site-packages/airflow/example_dags/example_branch_datetime_operator.py
[2025-03-08T23:41:35.834+0000] {logging_mixin.py:190} INFO - [2025-03-08T23:41:35.834+0000] {dag.py:3239} INFO - Sync 3 DAGs
[2025-03-08T23:41:35.855+0000] {logging_mixin.py:190} INFO - [2025-03-08T23:41:35.855+0000] {dag.py:4180} INFO - Setting next_dagrun for example_branch_datetime_operator to 2025-03-07 00:00:00+00:00, run_after=2025-03-08 00:00:00+00:00
[2025-03-08T23:41:35.858+0000] {logging_mixin.py:190} INFO - [2025-03-08T23:41:35.858+0000] {dag.py:4180} INFO - Setting next_dagrun for example_branch_datetime_operator_2 to 2025-03-07 00:00:00+00:00, run_after=2025-03-08 00:00:00+00:00
[2025-03-08T23:41:35.861+0000] {logging_mixin.py:190} INFO - [2025-03-08T23:41:35.861+0000] {dag.py:4180} INFO - Setting next_dagrun for example_branch_datetime_operator_3 to 2025-03-07 00:00:00+00:00, run_after=2025-03-08 00:00:00+00:00
[2025-03-08T23:41:35.878+0000] {processor.py:208} INFO - Processing /home/airflow/.local/lib/python3.12/site-packages/airflow/example_dags/example_branch_datetime_operator.py took 0.083 seconds
[2025-03-08T23:42:07.490+0000] {processor.py:186} INFO - Started process (PID=669) to work on /home/airflow/.local/lib/python3.12/site-packages/airflow/example_dags/example_branch_datetime_operator.py
[2025-03-08T23:42:07.491+0000] {processor.py:914} INFO - Processing file /home/airflow/.local/lib/python3.12/site-packages/airflow/example_dags/example_branch_datetime_operator.py for tasks to queue
[2025-03-08T23:42:07.492+0000] {logging_mixin.py:190} INFO - [2025-03-08T23:42:07.492+0000] {dagbag.py:588} INFO - Filling up the DagBag from /home/airflow/.local/lib/python3.12/site-packages/airflow/example_dags/example_branch_datetime_operator.py
[2025-03-08T23:42:07.501+0000] {processor.py:925} INFO - DAG(s) 'example_branch_datetime_operator_3', 'example_branch_datetime_operator_2', 'example_branch_datetime_operator' retrieved from /home/airflow/.local/lib/python3.12/site-packages/airflow/example_dags/example_branch_datetime_operator.py
[2025-03-08T23:42:07.523+0000] {logging_mixin.py:190} INFO - [2025-03-08T23:42:07.522+0000] {dag.py:3239} INFO - Sync 3 DAGs
[2025-03-08T23:42:07.544+0000] {logging_mixin.py:190} INFO - [2025-03-08T23:42:07.543+0000] {dag.py:4180} INFO - Setting next_dagrun for example_branch_datetime_operator to 2025-03-07 00:00:00+00:00, run_after=2025-03-08 00:00:00+00:00
[2025-03-08T23:42:07.548+0000] {logging_mixin.py:190} INFO - [2025-03-08T23:42:07.548+0000] {dag.py:4180} INFO - Setting next_dagrun for example_branch_datetime_operator_2 to 2025-03-07 00:00:00+00:00, run_after=2025-03-08 00:00:00+00:00
[2025-03-08T23:42:07.551+0000] {logging_mixin.py:190} INFO - [2025-03-08T23:42:07.551+0000] {dag.py:4180} INFO - Setting next_dagrun for example_branch_datetime_operator_3 to 2025-03-07 00:00:00+00:00, run_after=2025-03-08 00:00:00+00:00
[2025-03-08T23:42:07.564+0000] {processor.py:208} INFO - Processing /home/airflow/.local/lib/python3.12/site-packages/airflow/example_dags/example_branch_datetime_operator.py took 0.078 seconds
[2025-03-08T23:42:39.370+0000] {processor.py:186} INFO - Started process (PID=732) to work on /home/airflow/.local/lib/python3.12/site-packages/airflow/example_dags/example_branch_datetime_operator.py
[2025-03-08T23:42:39.371+0000] {processor.py:914} INFO - Processing file /home/airflow/.local/lib/python3.12/site-packages/airflow/example_dags/example_branch_datetime_operator.py for tasks to queue
[2025-03-08T23:42:39.373+0000] {logging_mixin.py:190} INFO - [2025-03-08T23:42:39.373+0000] {dagbag.py:588} INFO - Filling up the DagBag from /home/airflow/.local/lib/python3.12/site-packages/airflow/example_dags/example_branch_datetime_operator.py
[2025-03-08T23:42:39.382+0000] {processor.py:925} INFO - DAG(s) 'example_branch_datetime_operator', 'example_branch_datetime_operator_2', 'example_branch_datetime_operator_3' retrieved from /home/airflow/.local/lib/python3.12/site-packages/airflow/example_dags/example_branch_datetime_operator.py
[2025-03-08T23:42:39.405+0000] {logging_mixin.py:190} INFO - [2025-03-08T23:42:39.405+0000] {dag.py:3239} INFO - Sync 3 DAGs
[2025-03-08T23:42:39.424+0000] {logging_mixin.py:190} INFO - [2025-03-08T23:42:39.424+0000] {dag.py:4180} INFO - Setting next_dagrun for example_branch_datetime_operator to 2025-03-07 00:00:00+00:00, run_after=2025-03-08 00:00:00+00:00
[2025-03-08T23:42:39.430+0000] {logging_mixin.py:190} INFO - [2025-03-08T23:42:39.430+0000] {dag.py:4180} INFO - Setting next_dagrun for example_branch_datetime_operator_2 to 2025-03-07 00:00:00+00:00, run_after=2025-03-08 00:00:00+00:00
[2025-03-08T23:42:39.433+0000] {logging_mixin.py:190} INFO - [2025-03-08T23:42:39.433+0000] {dag.py:4180} INFO - Setting next_dagrun for example_branch_datetime_operator_3 to 2025-03-07 00:00:00+00:00, run_after=2025-03-08 00:00:00+00:00
[2025-03-08T23:42:39.447+0000] {processor.py:208} INFO - Processing /home/airflow/.local/lib/python3.12/site-packages/airflow/example_dags/example_branch_datetime_operator.py took 0.081 seconds
[2025-03-08T23:43:10.466+0000] {processor.py:186} INFO - Started process (PID=796) to work on /home/airflow/.local/lib/python3.12/site-packages/airflow/example_dags/example_branch_datetime_operator.py
[2025-03-08T23:43:10.467+0000] {processor.py:914} INFO - Processing file /home/airflow/.local/lib/python3.12/site-packages/airflow/example_dags/example_branch_datetime_operator.py for tasks to queue
[2025-03-08T23:43:10.469+0000] {logging_mixin.py:190} INFO - [2025-03-08T23:43:10.469+0000] {dagbag.py:588} INFO - Filling up the DagBag from /home/airflow/.local/lib/python3.12/site-packages/airflow/example_dags/example_branch_datetime_operator.py
[2025-03-08T23:43:10.477+0000] {processor.py:925} INFO - DAG(s) 'example_branch_datetime_operator_3', 'example_branch_datetime_operator_2', 'example_branch_datetime_operator' retrieved from /home/airflow/.local/lib/python3.12/site-packages/airflow/example_dags/example_branch_datetime_operator.py
[2025-03-08T23:43:10.500+0000] {logging_mixin.py:190} INFO - [2025-03-08T23:43:10.500+0000] {dag.py:3239} INFO - Sync 3 DAGs
[2025-03-08T23:43:10.518+0000] {logging_mixin.py:190} INFO - [2025-03-08T23:43:10.518+0000] {dag.py:4180} INFO - Setting next_dagrun for example_branch_datetime_operator to 2025-03-07 00:00:00+00:00, run_after=2025-03-08 00:00:00+00:00
[2025-03-08T23:43:10.522+0000] {logging_mixin.py:190} INFO - [2025-03-08T23:43:10.522+0000] {dag.py:4180} INFO - Setting next_dagrun for example_branch_datetime_operator_2 to 2025-03-07 00:00:00+00:00, run_after=2025-03-08 00:00:00+00:00
[2025-03-08T23:43:10.525+0000] {logging_mixin.py:190} INFO - [2025-03-08T23:43:10.525+0000] {dag.py:4180} INFO - Setting next_dagrun for example_branch_datetime_operator_3 to 2025-03-07 00:00:00+00:00, run_after=2025-03-08 00:00:00+00:00
[2025-03-08T23:43:10.538+0000] {processor.py:208} INFO - Processing /home/airflow/.local/lib/python3.12/site-packages/airflow/example_dags/example_branch_datetime_operator.py took 0.076 seconds
[2025-03-08T23:43:40.880+0000] {processor.py:186} INFO - Started process (PID=859) to work on /home/airflow/.local/lib/python3.12/site-packages/airflow/example_dags/example_branch_datetime_operator.py
[2025-03-08T23:43:40.882+0000] {processor.py:914} INFO - Processing file /home/airflow/.local/lib/python3.12/site-packages/airflow/example_dags/example_branch_datetime_operator.py for tasks to queue
[2025-03-08T23:43:40.884+0000] {logging_mixin.py:190} INFO - [2025-03-08T23:43:40.883+0000] {dagbag.py:588} INFO - Filling up the DagBag from /home/airflow/.local/lib/python3.12/site-packages/airflow/example_dags/example_branch_datetime_operator.py
[2025-03-08T23:43:40.893+0000] {processor.py:925} INFO - DAG(s) 'example_branch_datetime_operator_3', 'example_branch_datetime_operator', 'example_branch_datetime_operator_2' retrieved from /home/airflow/.local/lib/python3.12/site-packages/airflow/example_dags/example_branch_datetime_operator.py
[2025-03-08T23:43:40.916+0000] {logging_mixin.py:190} INFO - [2025-03-08T23:43:40.916+0000] {dag.py:3239} INFO - Sync 3 DAGs
[2025-03-08T23:43:40.934+0000] {logging_mixin.py:190} INFO - [2025-03-08T23:43:40.934+0000] {dag.py:4180} INFO - Setting next_dagrun for example_branch_datetime_operator to 2025-03-07 00:00:00+00:00, run_after=2025-03-08 00:00:00+00:00
[2025-03-08T23:43:40.937+0000] {logging_mixin.py:190} INFO - [2025-03-08T23:43:40.937+0000] {dag.py:4180} INFO - Setting next_dagrun for example_branch_datetime_operator_2 to 2025-03-07 00:00:00+00:00, run_after=2025-03-08 00:00:00+00:00
[2025-03-08T23:43:40.939+0000] {logging_mixin.py:190} INFO - [2025-03-08T23:43:40.939+0000] {dag.py:4180} INFO - Setting next_dagrun for example_branch_datetime_operator_3 to 2025-03-07 00:00:00+00:00, run_after=2025-03-08 00:00:00+00:00
[2025-03-08T23:43:40.951+0000] {processor.py:208} INFO - Processing /home/airflow/.local/lib/python3.12/site-packages/airflow/example_dags/example_branch_datetime_operator.py took 0.076 seconds
[2025-03-08T23:44:11.347+0000] {processor.py:186} INFO - Started process (PID=922) to work on /home/airflow/.local/lib/python3.12/site-packages/airflow/example_dags/example_branch_datetime_operator.py
[2025-03-08T23:44:11.347+0000] {processor.py:914} INFO - Processing file /home/airflow/.local/lib/python3.12/site-packages/airflow/example_dags/example_branch_datetime_operator.py for tasks to queue
[2025-03-08T23:44:11.350+0000] {logging_mixin.py:190} INFO - [2025-03-08T23:44:11.350+0000] {dagbag.py:588} INFO - Filling up the DagBag from /home/airflow/.local/lib/python3.12/site-packages/airflow/example_dags/example_branch_datetime_operator.py
[2025-03-08T23:44:11.360+0000] {processor.py:925} INFO - DAG(s) 'example_branch_datetime_operator_3', 'example_branch_datetime_operator_2', 'example_branch_datetime_operator' retrieved from /home/airflow/.local/lib/python3.12/site-packages/airflow/example_dags/example_branch_datetime_operator.py
[2025-03-08T23:44:11.384+0000] {logging_mixin.py:190} INFO - [2025-03-08T23:44:11.384+0000] {dag.py:3239} INFO - Sync 3 DAGs
[2025-03-08T23:44:11.406+0000] {logging_mixin.py:190} INFO - [2025-03-08T23:44:11.405+0000] {dag.py:4180} INFO - Setting next_dagrun for example_branch_datetime_operator to 2025-03-07 00:00:00+00:00, run_after=2025-03-08 00:00:00+00:00
[2025-03-08T23:44:11.410+0000] {logging_mixin.py:190} INFO - [2025-03-08T23:44:11.410+0000] {dag.py:4180} INFO - Setting next_dagrun for example_branch_datetime_operator_2 to 2025-03-07 00:00:00+00:00, run_after=2025-03-08 00:00:00+00:00
[2025-03-08T23:44:11.413+0000] {logging_mixin.py:190} INFO - [2025-03-08T23:44:11.413+0000] {dag.py:4180} INFO - Setting next_dagrun for example_branch_datetime_operator_3 to 2025-03-07 00:00:00+00:00, run_after=2025-03-08 00:00:00+00:00
[2025-03-08T23:44:11.428+0000] {processor.py:208} INFO - Processing /home/airflow/.local/lib/python3.12/site-packages/airflow/example_dags/example_branch_datetime_operator.py took 0.087 seconds
[2025-03-08T23:44:42.445+0000] {processor.py:186} INFO - Started process (PID=985) to work on /home/airflow/.local/lib/python3.12/site-packages/airflow/example_dags/example_branch_datetime_operator.py
[2025-03-08T23:44:42.446+0000] {processor.py:914} INFO - Processing file /home/airflow/.local/lib/python3.12/site-packages/airflow/example_dags/example_branch_datetime_operator.py for tasks to queue
[2025-03-08T23:44:42.448+0000] {logging_mixin.py:190} INFO - [2025-03-08T23:44:42.448+0000] {dagbag.py:588} INFO - Filling up the DagBag from /home/airflow/.local/lib/python3.12/site-packages/airflow/example_dags/example_branch_datetime_operator.py
[2025-03-08T23:44:42.460+0000] {processor.py:925} INFO - DAG(s) 'example_branch_datetime_operator_3', 'example_branch_datetime_operator_2', 'example_branch_datetime_operator' retrieved from /home/airflow/.local/lib/python3.12/site-packages/airflow/example_dags/example_branch_datetime_operator.py
[2025-03-08T23:44:42.486+0000] {logging_mixin.py:190} INFO - [2025-03-08T23:44:42.486+0000] {dag.py:3239} INFO - Sync 3 DAGs
[2025-03-08T23:44:42.509+0000] {logging_mixin.py:190} INFO - [2025-03-08T23:44:42.509+0000] {dag.py:4180} INFO - Setting next_dagrun for example_branch_datetime_operator to 2025-03-07 00:00:00+00:00, run_after=2025-03-08 00:00:00+00:00
[2025-03-08T23:44:42.513+0000] {logging_mixin.py:190} INFO - [2025-03-08T23:44:42.513+0000] {dag.py:4180} INFO - Setting next_dagrun for example_branch_datetime_operator_2 to 2025-03-07 00:00:00+00:00, run_after=2025-03-08 00:00:00+00:00
[2025-03-08T23:44:42.515+0000] {logging_mixin.py:190} INFO - [2025-03-08T23:44:42.515+0000] {dag.py:4180} INFO - Setting next_dagrun for example_branch_datetime_operator_3 to 2025-03-07 00:00:00+00:00, run_after=2025-03-08 00:00:00+00:00
[2025-03-08T23:44:42.528+0000] {processor.py:208} INFO - Processing /home/airflow/.local/lib/python3.12/site-packages/airflow/example_dags/example_branch_datetime_operator.py took 0.088 seconds
[2025-03-08T23:45:13.425+0000] {processor.py:186} INFO - Started process (PID=1048) to work on /home/airflow/.local/lib/python3.12/site-packages/airflow/example_dags/example_branch_datetime_operator.py
[2025-03-08T23:45:13.426+0000] {processor.py:914} INFO - Processing file /home/airflow/.local/lib/python3.12/site-packages/airflow/example_dags/example_branch_datetime_operator.py for tasks to queue
[2025-03-08T23:45:13.428+0000] {logging_mixin.py:190} INFO - [2025-03-08T23:45:13.428+0000] {dagbag.py:588} INFO - Filling up the DagBag from /home/airflow/.local/lib/python3.12/site-packages/airflow/example_dags/example_branch_datetime_operator.py
[2025-03-08T23:45:13.438+0000] {processor.py:925} INFO - DAG(s) 'example_branch_datetime_operator_3', 'example_branch_datetime_operator', 'example_branch_datetime_operator_2' retrieved from /home/airflow/.local/lib/python3.12/site-packages/airflow/example_dags/example_branch_datetime_operator.py
[2025-03-08T23:45:13.457+0000] {logging_mixin.py:190} INFO - [2025-03-08T23:45:13.457+0000] {dag.py:3239} INFO - Sync 3 DAGs
[2025-03-08T23:45:13.477+0000] {logging_mixin.py:190} INFO - [2025-03-08T23:45:13.477+0000] {dag.py:4180} INFO - Setting next_dagrun for example_branch_datetime_operator to 2025-03-07 00:00:00+00:00, run_after=2025-03-08 00:00:00+00:00
[2025-03-08T23:45:13.480+0000] {logging_mixin.py:190} INFO - [2025-03-08T23:45:13.480+0000] {dag.py:4180} INFO - Setting next_dagrun for example_branch_datetime_operator_2 to 2025-03-07 00:00:00+00:00, run_after=2025-03-08 00:00:00+00:00
[2025-03-08T23:45:13.482+0000] {logging_mixin.py:190} INFO - [2025-03-08T23:45:13.482+0000] {dag.py:4180} INFO - Setting next_dagrun for example_branch_datetime_operator_3 to 2025-03-07 00:00:00+00:00, run_after=2025-03-08 00:00:00+00:00
[2025-03-08T23:45:13.493+0000] {processor.py:208} INFO - Processing /home/airflow/.local/lib/python3.12/site-packages/airflow/example_dags/example_branch_datetime_operator.py took 0.074 seconds
[2025-03-08T23:45:44.420+0000] {processor.py:186} INFO - Started process (PID=1111) to work on /home/airflow/.local/lib/python3.12/site-packages/airflow/example_dags/example_branch_datetime_operator.py
[2025-03-08T23:45:44.420+0000] {processor.py:914} INFO - Processing file /home/airflow/.local/lib/python3.12/site-packages/airflow/example_dags/example_branch_datetime_operator.py for tasks to queue
[2025-03-08T23:45:44.422+0000] {logging_mixin.py:190} INFO - [2025-03-08T23:45:44.422+0000] {dagbag.py:588} INFO - Filling up the DagBag from /home/airflow/.local/lib/python3.12/site-packages/airflow/example_dags/example_branch_datetime_operator.py
[2025-03-08T23:45:44.430+0000] {processor.py:925} INFO - DAG(s) 'example_branch_datetime_operator_3', 'example_branch_datetime_operator_2', 'example_branch_datetime_operator' retrieved from /home/airflow/.local/lib/python3.12/site-packages/airflow/example_dags/example_branch_datetime_operator.py
[2025-03-08T23:45:44.456+0000] {logging_mixin.py:190} INFO - [2025-03-08T23:45:44.456+0000] {dag.py:3239} INFO - Sync 3 DAGs
[2025-03-08T23:45:44.477+0000] {logging_mixin.py:190} INFO - [2025-03-08T23:45:44.477+0000] {dag.py:4180} INFO - Setting next_dagrun for example_branch_datetime_operator to 2025-03-07 00:00:00+00:00, run_after=2025-03-08 00:00:00+00:00
[2025-03-08T23:45:44.481+0000] {logging_mixin.py:190} INFO - [2025-03-08T23:45:44.481+0000] {dag.py:4180} INFO - Setting next_dagrun for example_branch_datetime_operator_2 to 2025-03-07 00:00:00+00:00, run_after=2025-03-08 00:00:00+00:00
[2025-03-08T23:45:44.483+0000] {logging_mixin.py:190} INFO - [2025-03-08T23:45:44.483+0000] {dag.py:4180} INFO - Setting next_dagrun for example_branch_datetime_operator_3 to 2025-03-07 00:00:00+00:00, run_after=2025-03-08 00:00:00+00:00
[2025-03-08T23:45:44.500+0000] {processor.py:208} INFO - Processing /home/airflow/.local/lib/python3.12/site-packages/airflow/example_dags/example_branch_datetime_operator.py took 0.084 seconds
[2025-03-08T23:46:15.436+0000] {processor.py:186} INFO - Started process (PID=1174) to work on /home/airflow/.local/lib/python3.12/site-packages/airflow/example_dags/example_branch_datetime_operator.py
[2025-03-08T23:46:15.437+0000] {processor.py:914} INFO - Processing file /home/airflow/.local/lib/python3.12/site-packages/airflow/example_dags/example_branch_datetime_operator.py for tasks to queue
[2025-03-08T23:46:15.438+0000] {logging_mixin.py:190} INFO - [2025-03-08T23:46:15.438+0000] {dagbag.py:588} INFO - Filling up the DagBag from /home/airflow/.local/lib/python3.12/site-packages/airflow/example_dags/example_branch_datetime_operator.py
[2025-03-08T23:46:15.447+0000] {processor.py:925} INFO - DAG(s) 'example_branch_datetime_operator', 'example_branch_datetime_operator_3', 'example_branch_datetime_operator_2' retrieved from /home/airflow/.local/lib/python3.12/site-packages/airflow/example_dags/example_branch_datetime_operator.py
[2025-03-08T23:46:15.468+0000] {logging_mixin.py:190} INFO - [2025-03-08T23:46:15.468+0000] {dag.py:3239} INFO - Sync 3 DAGs
[2025-03-08T23:46:15.488+0000] {logging_mixin.py:190} INFO - [2025-03-08T23:46:15.488+0000] {dag.py:4180} INFO - Setting next_dagrun for example_branch_datetime_operator to 2025-03-07 00:00:00+00:00, run_after=2025-03-08 00:00:00+00:00
[2025-03-08T23:46:15.492+0000] {logging_mixin.py:190} INFO - [2025-03-08T23:46:15.491+0000] {dag.py:4180} INFO - Setting next_dagrun for example_branch_datetime_operator_2 to 2025-03-07 00:00:00+00:00, run_after=2025-03-08 00:00:00+00:00
[2025-03-08T23:46:15.493+0000] {logging_mixin.py:190} INFO - [2025-03-08T23:46:15.493+0000] {dag.py:4180} INFO - Setting next_dagrun for example_branch_datetime_operator_3 to 2025-03-07 00:00:00+00:00, run_after=2025-03-08 00:00:00+00:00
[2025-03-08T23:46:15.506+0000] {processor.py:208} INFO - Processing /home/airflow/.local/lib/python3.12/site-packages/airflow/example_dags/example_branch_datetime_operator.py took 0.075 seconds
[2025-03-08T23:46:46.473+0000] {processor.py:186} INFO - Started process (PID=1237) to work on /home/airflow/.local/lib/python3.12/site-packages/airflow/example_dags/example_branch_datetime_operator.py
[2025-03-08T23:46:46.474+0000] {processor.py:914} INFO - Processing file /home/airflow/.local/lib/python3.12/site-packages/airflow/example_dags/example_branch_datetime_operator.py for tasks to queue
[2025-03-08T23:46:46.475+0000] {logging_mixin.py:190} INFO - [2025-03-08T23:46:46.475+0000] {dagbag.py:588} INFO - Filling up the DagBag from /home/airflow/.local/lib/python3.12/site-packages/airflow/example_dags/example_branch_datetime_operator.py
[2025-03-08T23:46:46.483+0000] {processor.py:925} INFO - DAG(s) 'example_branch_datetime_operator', 'example_branch_datetime_operator_3', 'example_branch_datetime_operator_2' retrieved from /home/airflow/.local/lib/python3.12/site-packages/airflow/example_dags/example_branch_datetime_operator.py
[2025-03-08T23:46:46.502+0000] {logging_mixin.py:190} INFO - [2025-03-08T23:46:46.502+0000] {dag.py:3239} INFO - Sync 3 DAGs
[2025-03-08T23:46:46.519+0000] {logging_mixin.py:190} INFO - [2025-03-08T23:46:46.519+0000] {dag.py:4180} INFO - Setting next_dagrun for example_branch_datetime_operator to 2025-03-07 00:00:00+00:00, run_after=2025-03-08 00:00:00+00:00
[2025-03-08T23:46:46.523+0000] {logging_mixin.py:190} INFO - [2025-03-08T23:46:46.522+0000] {dag.py:4180} INFO - Setting next_dagrun for example_branch_datetime_operator_2 to 2025-03-07 00:00:00+00:00, run_after=2025-03-08 00:00:00+00:00
[2025-03-08T23:46:46.524+0000] {logging_mixin.py:190} INFO - [2025-03-08T23:46:46.524+0000] {dag.py:4180} INFO - Setting next_dagrun for example_branch_datetime_operator_3 to 2025-03-07 00:00:00+00:00, run_after=2025-03-08 00:00:00+00:00
[2025-03-08T23:46:46.536+0000] {processor.py:208} INFO - Processing /home/airflow/.local/lib/python3.12/site-packages/airflow/example_dags/example_branch_datetime_operator.py took 0.067 seconds
[2025-03-08T23:47:17.209+0000] {processor.py:186} INFO - Started process (PID=1300) to work on /home/airflow/.local/lib/python3.12/site-packages/airflow/example_dags/example_branch_datetime_operator.py
[2025-03-08T23:47:17.210+0000] {processor.py:914} INFO - Processing file /home/airflow/.local/lib/python3.12/site-packages/airflow/example_dags/example_branch_datetime_operator.py for tasks to queue
[2025-03-08T23:47:17.211+0000] {logging_mixin.py:190} INFO - [2025-03-08T23:47:17.211+0000] {dagbag.py:588} INFO - Filling up the DagBag from /home/airflow/.local/lib/python3.12/site-packages/airflow/example_dags/example_branch_datetime_operator.py
[2025-03-08T23:47:17.219+0000] {processor.py:925} INFO - DAG(s) 'example_branch_datetime_operator_2', 'example_branch_datetime_operator', 'example_branch_datetime_operator_3' retrieved from /home/airflow/.local/lib/python3.12/site-packages/airflow/example_dags/example_branch_datetime_operator.py
[2025-03-08T23:47:17.239+0000] {logging_mixin.py:190} INFO - [2025-03-08T23:47:17.238+0000] {dag.py:3239} INFO - Sync 3 DAGs
[2025-03-08T23:47:17.258+0000] {logging_mixin.py:190} INFO - [2025-03-08T23:47:17.258+0000] {dag.py:4180} INFO - Setting next_dagrun for example_branch_datetime_operator to 2025-03-07 00:00:00+00:00, run_after=2025-03-08 00:00:00+00:00
[2025-03-08T23:47:17.262+0000] {logging_mixin.py:190} INFO - [2025-03-08T23:47:17.262+0000] {dag.py:4180} INFO - Setting next_dagrun for example_branch_datetime_operator_2 to 2025-03-07 00:00:00+00:00, run_after=2025-03-08 00:00:00+00:00
[2025-03-08T23:47:17.265+0000] {logging_mixin.py:190} INFO - [2025-03-08T23:47:17.265+0000] {dag.py:4180} INFO - Setting next_dagrun for example_branch_datetime_operator_3 to 2025-03-07 00:00:00+00:00, run_after=2025-03-08 00:00:00+00:00
[2025-03-08T23:47:17.280+0000] {processor.py:208} INFO - Processing /home/airflow/.local/lib/python3.12/site-packages/airflow/example_dags/example_branch_datetime_operator.py took 0.075 seconds
[2025-03-08T23:47:48.048+0000] {processor.py:186} INFO - Started process (PID=1363) to work on /home/airflow/.local/lib/python3.12/site-packages/airflow/example_dags/example_branch_datetime_operator.py
[2025-03-08T23:47:48.049+0000] {processor.py:914} INFO - Processing file /home/airflow/.local/lib/python3.12/site-packages/airflow/example_dags/example_branch_datetime_operator.py for tasks to queue
[2025-03-08T23:47:48.050+0000] {logging_mixin.py:190} INFO - [2025-03-08T23:47:48.050+0000] {dagbag.py:588} INFO - Filling up the DagBag from /home/airflow/.local/lib/python3.12/site-packages/airflow/example_dags/example_branch_datetime_operator.py
[2025-03-08T23:47:48.058+0000] {processor.py:925} INFO - DAG(s) 'example_branch_datetime_operator', 'example_branch_datetime_operator_3', 'example_branch_datetime_operator_2' retrieved from /home/airflow/.local/lib/python3.12/site-packages/airflow/example_dags/example_branch_datetime_operator.py
[2025-03-08T23:47:48.079+0000] {logging_mixin.py:190} INFO - [2025-03-08T23:47:48.079+0000] {dag.py:3239} INFO - Sync 3 DAGs
[2025-03-08T23:47:48.096+0000] {logging_mixin.py:190} INFO - [2025-03-08T23:47:48.096+0000] {dag.py:4180} INFO - Setting next_dagrun for example_branch_datetime_operator to 2025-03-07 00:00:00+00:00, run_after=2025-03-08 00:00:00+00:00
[2025-03-08T23:47:48.099+0000] {logging_mixin.py:190} INFO - [2025-03-08T23:47:48.099+0000] {dag.py:4180} INFO - Setting next_dagrun for example_branch_datetime_operator_2 to 2025-03-07 00:00:00+00:00, run_after=2025-03-08 00:00:00+00:00
[2025-03-08T23:47:48.101+0000] {logging_mixin.py:190} INFO - [2025-03-08T23:47:48.101+0000] {dag.py:4180} INFO - Setting next_dagrun for example_branch_datetime_operator_3 to 2025-03-07 00:00:00+00:00, run_after=2025-03-08 00:00:00+00:00
[2025-03-08T23:47:48.113+0000] {processor.py:208} INFO - Processing /home/airflow/.local/lib/python3.12/site-packages/airflow/example_dags/example_branch_datetime_operator.py took 0.069 seconds
[2025-03-08T23:48:18.865+0000] {processor.py:186} INFO - Started process (PID=1426) to work on /home/airflow/.local/lib/python3.12/site-packages/airflow/example_dags/example_branch_datetime_operator.py
[2025-03-08T23:48:18.866+0000] {processor.py:914} INFO - Processing file /home/airflow/.local/lib/python3.12/site-packages/airflow/example_dags/example_branch_datetime_operator.py for tasks to queue
[2025-03-08T23:48:18.867+0000] {logging_mixin.py:190} INFO - [2025-03-08T23:48:18.867+0000] {dagbag.py:588} INFO - Filling up the DagBag from /home/airflow/.local/lib/python3.12/site-packages/airflow/example_dags/example_branch_datetime_operator.py
[2025-03-08T23:48:18.875+0000] {processor.py:925} INFO - DAG(s) 'example_branch_datetime_operator_2', 'example_branch_datetime_operator', 'example_branch_datetime_operator_3' retrieved from /home/airflow/.local/lib/python3.12/site-packages/airflow/example_dags/example_branch_datetime_operator.py
[2025-03-08T23:48:18.894+0000] {logging_mixin.py:190} INFO - [2025-03-08T23:48:18.894+0000] {dag.py:3239} INFO - Sync 3 DAGs
[2025-03-08T23:48:18.912+0000] {logging_mixin.py:190} INFO - [2025-03-08T23:48:18.911+0000] {dag.py:4180} INFO - Setting next_dagrun for example_branch_datetime_operator to 2025-03-07 00:00:00+00:00, run_after=2025-03-08 00:00:00+00:00
[2025-03-08T23:48:18.915+0000] {logging_mixin.py:190} INFO - [2025-03-08T23:48:18.915+0000] {dag.py:4180} INFO - Setting next_dagrun for example_branch_datetime_operator_2 to 2025-03-07 00:00:00+00:00, run_after=2025-03-08 00:00:00+00:00
[2025-03-08T23:48:18.917+0000] {logging_mixin.py:190} INFO - [2025-03-08T23:48:18.917+0000] {dag.py:4180} INFO - Setting next_dagrun for example_branch_datetime_operator_3 to 2025-03-07 00:00:00+00:00, run_after=2025-03-08 00:00:00+00:00
[2025-03-08T23:48:18.929+0000] {processor.py:208} INFO - Processing /home/airflow/.local/lib/python3.12/site-packages/airflow/example_dags/example_branch_datetime_operator.py took 0.068 seconds
[2025-03-08T23:48:49.703+0000] {processor.py:186} INFO - Started process (PID=1489) to work on /home/airflow/.local/lib/python3.12/site-packages/airflow/example_dags/example_branch_datetime_operator.py
[2025-03-08T23:48:49.704+0000] {processor.py:914} INFO - Processing file /home/airflow/.local/lib/python3.12/site-packages/airflow/example_dags/example_branch_datetime_operator.py for tasks to queue
[2025-03-08T23:48:49.709+0000] {logging_mixin.py:190} INFO - [2025-03-08T23:48:49.708+0000] {dagbag.py:588} INFO - Filling up the DagBag from /home/airflow/.local/lib/python3.12/site-packages/airflow/example_dags/example_branch_datetime_operator.py
[2025-03-08T23:48:49.718+0000] {processor.py:925} INFO - DAG(s) 'example_branch_datetime_operator_3', 'example_branch_datetime_operator', 'example_branch_datetime_operator_2' retrieved from /home/airflow/.local/lib/python3.12/site-packages/airflow/example_dags/example_branch_datetime_operator.py
[2025-03-08T23:48:49.743+0000] {logging_mixin.py:190} INFO - [2025-03-08T23:48:49.743+0000] {dag.py:3239} INFO - Sync 3 DAGs
[2025-03-08T23:48:49.765+0000] {logging_mixin.py:190} INFO - [2025-03-08T23:48:49.764+0000] {dag.py:4180} INFO - Setting next_dagrun for example_branch_datetime_operator to 2025-03-07 00:00:00+00:00, run_after=2025-03-08 00:00:00+00:00
[2025-03-08T23:48:49.769+0000] {logging_mixin.py:190} INFO - [2025-03-08T23:48:49.769+0000] {dag.py:4180} INFO - Setting next_dagrun for example_branch_datetime_operator_2 to 2025-03-07 00:00:00+00:00, run_after=2025-03-08 00:00:00+00:00
[2025-03-08T23:48:49.771+0000] {logging_mixin.py:190} INFO - [2025-03-08T23:48:49.771+0000] {dag.py:4180} INFO - Setting next_dagrun for example_branch_datetime_operator_3 to 2025-03-07 00:00:00+00:00, run_after=2025-03-08 00:00:00+00:00
[2025-03-08T23:48:49.787+0000] {processor.py:208} INFO - Processing /home/airflow/.local/lib/python3.12/site-packages/airflow/example_dags/example_branch_datetime_operator.py took 0.089 seconds
[2025-03-08T23:49:20.904+0000] {processor.py:186} INFO - Started process (PID=1552) to work on /home/airflow/.local/lib/python3.12/site-packages/airflow/example_dags/example_branch_datetime_operator.py
[2025-03-08T23:49:20.905+0000] {processor.py:914} INFO - Processing file /home/airflow/.local/lib/python3.12/site-packages/airflow/example_dags/example_branch_datetime_operator.py for tasks to queue
[2025-03-08T23:49:20.907+0000] {logging_mixin.py:190} INFO - [2025-03-08T23:49:20.906+0000] {dagbag.py:588} INFO - Filling up the DagBag from /home/airflow/.local/lib/python3.12/site-packages/airflow/example_dags/example_branch_datetime_operator.py
[2025-03-08T23:49:20.915+0000] {processor.py:925} INFO - DAG(s) 'example_branch_datetime_operator', 'example_branch_datetime_operator_2', 'example_branch_datetime_operator_3' retrieved from /home/airflow/.local/lib/python3.12/site-packages/airflow/example_dags/example_branch_datetime_operator.py
[2025-03-08T23:49:20.938+0000] {logging_mixin.py:190} INFO - [2025-03-08T23:49:20.938+0000] {dag.py:3239} INFO - Sync 3 DAGs
[2025-03-08T23:49:20.959+0000] {logging_mixin.py:190} INFO - [2025-03-08T23:49:20.958+0000] {dag.py:4180} INFO - Setting next_dagrun for example_branch_datetime_operator to 2025-03-07 00:00:00+00:00, run_after=2025-03-08 00:00:00+00:00
[2025-03-08T23:49:20.963+0000] {logging_mixin.py:190} INFO - [2025-03-08T23:49:20.963+0000] {dag.py:4180} INFO - Setting next_dagrun for example_branch_datetime_operator_2 to 2025-03-07 00:00:00+00:00, run_after=2025-03-08 00:00:00+00:00
[2025-03-08T23:49:20.965+0000] {logging_mixin.py:190} INFO - [2025-03-08T23:49:20.965+0000] {dag.py:4180} INFO - Setting next_dagrun for example_branch_datetime_operator_3 to 2025-03-07 00:00:00+00:00, run_after=2025-03-08 00:00:00+00:00
[2025-03-08T23:49:20.984+0000] {processor.py:208} INFO - Processing /home/airflow/.local/lib/python3.12/site-packages/airflow/example_dags/example_branch_datetime_operator.py took 0.085 seconds
[2025-03-08T23:49:52.107+0000] {processor.py:186} INFO - Started process (PID=1615) to work on /home/airflow/.local/lib/python3.12/site-packages/airflow/example_dags/example_branch_datetime_operator.py
[2025-03-08T23:49:52.108+0000] {processor.py:914} INFO - Processing file /home/airflow/.local/lib/python3.12/site-packages/airflow/example_dags/example_branch_datetime_operator.py for tasks to queue
[2025-03-08T23:49:52.110+0000] {logging_mixin.py:190} INFO - [2025-03-08T23:49:52.109+0000] {dagbag.py:588} INFO - Filling up the DagBag from /home/airflow/.local/lib/python3.12/site-packages/airflow/example_dags/example_branch_datetime_operator.py
[2025-03-08T23:49:52.118+0000] {processor.py:925} INFO - DAG(s) 'example_branch_datetime_operator_2', 'example_branch_datetime_operator', 'example_branch_datetime_operator_3' retrieved from /home/airflow/.local/lib/python3.12/site-packages/airflow/example_dags/example_branch_datetime_operator.py
[2025-03-08T23:49:52.137+0000] {logging_mixin.py:190} INFO - [2025-03-08T23:49:52.137+0000] {dag.py:3239} INFO - Sync 3 DAGs
[2025-03-08T23:49:52.153+0000] {logging_mixin.py:190} INFO - [2025-03-08T23:49:52.153+0000] {dag.py:4180} INFO - Setting next_dagrun for example_branch_datetime_operator to 2025-03-07 00:00:00+00:00, run_after=2025-03-08 00:00:00+00:00
[2025-03-08T23:49:52.157+0000] {logging_mixin.py:190} INFO - [2025-03-08T23:49:52.157+0000] {dag.py:4180} INFO - Setting next_dagrun for example_branch_datetime_operator_2 to 2025-03-07 00:00:00+00:00, run_after=2025-03-08 00:00:00+00:00
[2025-03-08T23:49:52.159+0000] {logging_mixin.py:190} INFO - [2025-03-08T23:49:52.159+0000] {dag.py:4180} INFO - Setting next_dagrun for example_branch_datetime_operator_3 to 2025-03-07 00:00:00+00:00, run_after=2025-03-08 00:00:00+00:00
[2025-03-08T23:49:52.171+0000] {processor.py:208} INFO - Processing /home/airflow/.local/lib/python3.12/site-packages/airflow/example_dags/example_branch_datetime_operator.py took 0.068 seconds
[2025-03-08T23:50:23.667+0000] {processor.py:186} INFO - Started process (PID=1678) to work on /home/airflow/.local/lib/python3.12/site-packages/airflow/example_dags/example_branch_datetime_operator.py
[2025-03-08T23:50:23.667+0000] {processor.py:914} INFO - Processing file /home/airflow/.local/lib/python3.12/site-packages/airflow/example_dags/example_branch_datetime_operator.py for tasks to queue
[2025-03-08T23:50:23.669+0000] {logging_mixin.py:190} INFO - [2025-03-08T23:50:23.669+0000] {dagbag.py:588} INFO - Filling up the DagBag from /home/airflow/.local/lib/python3.12/site-packages/airflow/example_dags/example_branch_datetime_operator.py
[2025-03-08T23:50:23.676+0000] {processor.py:925} INFO - DAG(s) 'example_branch_datetime_operator_2', 'example_branch_datetime_operator_3', 'example_branch_datetime_operator' retrieved from /home/airflow/.local/lib/python3.12/site-packages/airflow/example_dags/example_branch_datetime_operator.py
[2025-03-08T23:50:23.694+0000] {logging_mixin.py:190} INFO - [2025-03-08T23:50:23.694+0000] {dag.py:3239} INFO - Sync 3 DAGs
[2025-03-08T23:50:23.711+0000] {logging_mixin.py:190} INFO - [2025-03-08T23:50:23.711+0000] {dag.py:4180} INFO - Setting next_dagrun for example_branch_datetime_operator to 2025-03-07 00:00:00+00:00, run_after=2025-03-08 00:00:00+00:00
[2025-03-08T23:50:23.714+0000] {logging_mixin.py:190} INFO - [2025-03-08T23:50:23.714+0000] {dag.py:4180} INFO - Setting next_dagrun for example_branch_datetime_operator_2 to 2025-03-07 00:00:00+00:00, run_after=2025-03-08 00:00:00+00:00
[2025-03-08T23:50:23.717+0000] {logging_mixin.py:190} INFO - [2025-03-08T23:50:23.717+0000] {dag.py:4180} INFO - Setting next_dagrun for example_branch_datetime_operator_3 to 2025-03-07 00:00:00+00:00, run_after=2025-03-08 00:00:00+00:00
[2025-03-08T23:50:23.735+0000] {processor.py:208} INFO - Processing /home/airflow/.local/lib/python3.12/site-packages/airflow/example_dags/example_branch_datetime_operator.py took 0.072 seconds
[2025-03-08T23:50:54.529+0000] {processor.py:186} INFO - Started process (PID=1741) to work on /home/airflow/.local/lib/python3.12/site-packages/airflow/example_dags/example_branch_datetime_operator.py
[2025-03-08T23:50:54.529+0000] {processor.py:914} INFO - Processing file /home/airflow/.local/lib/python3.12/site-packages/airflow/example_dags/example_branch_datetime_operator.py for tasks to queue
[2025-03-08T23:50:54.531+0000] {logging_mixin.py:190} INFO - [2025-03-08T23:50:54.531+0000] {dagbag.py:588} INFO - Filling up the DagBag from /home/airflow/.local/lib/python3.12/site-packages/airflow/example_dags/example_branch_datetime_operator.py
[2025-03-08T23:50:54.539+0000] {processor.py:925} INFO - DAG(s) 'example_branch_datetime_operator', 'example_branch_datetime_operator_2', 'example_branch_datetime_operator_3' retrieved from /home/airflow/.local/lib/python3.12/site-packages/airflow/example_dags/example_branch_datetime_operator.py
[2025-03-08T23:50:54.557+0000] {logging_mixin.py:190} INFO - [2025-03-08T23:50:54.557+0000] {dag.py:3239} INFO - Sync 3 DAGs
[2025-03-08T23:50:54.574+0000] {logging_mixin.py:190} INFO - [2025-03-08T23:50:54.574+0000] {dag.py:4180} INFO - Setting next_dagrun for example_branch_datetime_operator to 2025-03-07 00:00:00+00:00, run_after=2025-03-08 00:00:00+00:00
[2025-03-08T23:50:54.578+0000] {logging_mixin.py:190} INFO - [2025-03-08T23:50:54.578+0000] {dag.py:4180} INFO - Setting next_dagrun for example_branch_datetime_operator_2 to 2025-03-07 00:00:00+00:00, run_after=2025-03-08 00:00:00+00:00
[2025-03-08T23:50:54.580+0000] {logging_mixin.py:190} INFO - [2025-03-08T23:50:54.580+0000] {dag.py:4180} INFO - Setting next_dagrun for example_branch_datetime_operator_3 to 2025-03-07 00:00:00+00:00, run_after=2025-03-08 00:00:00+00:00
[2025-03-08T23:50:54.593+0000] {processor.py:208} INFO - Processing /home/airflow/.local/lib/python3.12/site-packages/airflow/example_dags/example_branch_datetime_operator.py took 0.069 seconds
[2025-03-08T23:51:25.627+0000] {processor.py:186} INFO - Started process (PID=1804) to work on /home/airflow/.local/lib/python3.12/site-packages/airflow/example_dags/example_branch_datetime_operator.py
[2025-03-08T23:51:25.628+0000] {processor.py:914} INFO - Processing file /home/airflow/.local/lib/python3.12/site-packages/airflow/example_dags/example_branch_datetime_operator.py for tasks to queue
[2025-03-08T23:51:25.630+0000] {logging_mixin.py:190} INFO - [2025-03-08T23:51:25.630+0000] {dagbag.py:588} INFO - Filling up the DagBag from /home/airflow/.local/lib/python3.12/site-packages/airflow/example_dags/example_branch_datetime_operator.py
[2025-03-08T23:51:25.639+0000] {processor.py:925} INFO - DAG(s) 'example_branch_datetime_operator', 'example_branch_datetime_operator_2', 'example_branch_datetime_operator_3' retrieved from /home/airflow/.local/lib/python3.12/site-packages/airflow/example_dags/example_branch_datetime_operator.py
[2025-03-08T23:51:25.662+0000] {logging_mixin.py:190} INFO - [2025-03-08T23:51:25.662+0000] {dag.py:3239} INFO - Sync 3 DAGs
[2025-03-08T23:51:25.679+0000] {logging_mixin.py:190} INFO - [2025-03-08T23:51:25.679+0000] {dag.py:4180} INFO - Setting next_dagrun for example_branch_datetime_operator to 2025-03-07 00:00:00+00:00, run_after=2025-03-08 00:00:00+00:00
[2025-03-08T23:51:25.683+0000] {logging_mixin.py:190} INFO - [2025-03-08T23:51:25.683+0000] {dag.py:4180} INFO - Setting next_dagrun for example_branch_datetime_operator_2 to 2025-03-07 00:00:00+00:00, run_after=2025-03-08 00:00:00+00:00
[2025-03-08T23:51:25.686+0000] {logging_mixin.py:190} INFO - [2025-03-08T23:51:25.686+0000] {dag.py:4180} INFO - Setting next_dagrun for example_branch_datetime_operator_3 to 2025-03-07 00:00:00+00:00, run_after=2025-03-08 00:00:00+00:00
[2025-03-08T23:51:25.702+0000] {processor.py:208} INFO - Processing /home/airflow/.local/lib/python3.12/site-packages/airflow/example_dags/example_branch_datetime_operator.py took 0.080 seconds
[2025-03-08T23:51:56.444+0000] {processor.py:186} INFO - Started process (PID=1867) to work on /home/airflow/.local/lib/python3.12/site-packages/airflow/example_dags/example_branch_datetime_operator.py
[2025-03-08T23:51:56.444+0000] {processor.py:914} INFO - Processing file /home/airflow/.local/lib/python3.12/site-packages/airflow/example_dags/example_branch_datetime_operator.py for tasks to queue
[2025-03-08T23:51:56.446+0000] {logging_mixin.py:190} INFO - [2025-03-08T23:51:56.446+0000] {dagbag.py:588} INFO - Filling up the DagBag from /home/airflow/.local/lib/python3.12/site-packages/airflow/example_dags/example_branch_datetime_operator.py
[2025-03-08T23:51:56.455+0000] {processor.py:925} INFO - DAG(s) 'example_branch_datetime_operator', 'example_branch_datetime_operator_2', 'example_branch_datetime_operator_3' retrieved from /home/airflow/.local/lib/python3.12/site-packages/airflow/example_dags/example_branch_datetime_operator.py
[2025-03-08T23:51:56.476+0000] {logging_mixin.py:190} INFO - [2025-03-08T23:51:56.476+0000] {dag.py:3239} INFO - Sync 3 DAGs
[2025-03-08T23:51:56.497+0000] {logging_mixin.py:190} INFO - [2025-03-08T23:51:56.497+0000] {dag.py:4180} INFO - Setting next_dagrun for example_branch_datetime_operator to 2025-03-07 00:00:00+00:00, run_after=2025-03-08 00:00:00+00:00
[2025-03-08T23:51:56.502+0000] {logging_mixin.py:190} INFO - [2025-03-08T23:51:56.501+0000] {dag.py:4180} INFO - Setting next_dagrun for example_branch_datetime_operator_2 to 2025-03-07 00:00:00+00:00, run_after=2025-03-08 00:00:00+00:00
[2025-03-08T23:51:56.504+0000] {logging_mixin.py:190} INFO - [2025-03-08T23:51:56.503+0000] {dag.py:4180} INFO - Setting next_dagrun for example_branch_datetime_operator_3 to 2025-03-07 00:00:00+00:00, run_after=2025-03-08 00:00:00+00:00
[2025-03-08T23:51:56.517+0000] {processor.py:208} INFO - Processing /home/airflow/.local/lib/python3.12/site-packages/airflow/example_dags/example_branch_datetime_operator.py took 0.077 seconds
[2025-03-08T23:52:27.666+0000] {processor.py:186} INFO - Started process (PID=1931) to work on /home/airflow/.local/lib/python3.12/site-packages/airflow/example_dags/example_branch_datetime_operator.py
[2025-03-08T23:52:27.667+0000] {processor.py:914} INFO - Processing file /home/airflow/.local/lib/python3.12/site-packages/airflow/example_dags/example_branch_datetime_operator.py for tasks to queue
[2025-03-08T23:52:27.669+0000] {logging_mixin.py:190} INFO - [2025-03-08T23:52:27.669+0000] {dagbag.py:588} INFO - Filling up the DagBag from /home/airflow/.local/lib/python3.12/site-packages/airflow/example_dags/example_branch_datetime_operator.py
[2025-03-08T23:52:27.677+0000] {processor.py:925} INFO - DAG(s) 'example_branch_datetime_operator_2', 'example_branch_datetime_operator', 'example_branch_datetime_operator_3' retrieved from /home/airflow/.local/lib/python3.12/site-packages/airflow/example_dags/example_branch_datetime_operator.py
[2025-03-08T23:52:27.702+0000] {logging_mixin.py:190} INFO - [2025-03-08T23:52:27.702+0000] {dag.py:3239} INFO - Sync 3 DAGs
[2025-03-08T23:52:27.724+0000] {logging_mixin.py:190} INFO - [2025-03-08T23:52:27.724+0000] {dag.py:4180} INFO - Setting next_dagrun for example_branch_datetime_operator to 2025-03-07 00:00:00+00:00, run_after=2025-03-08 00:00:00+00:00
[2025-03-08T23:52:27.729+0000] {logging_mixin.py:190} INFO - [2025-03-08T23:52:27.728+0000] {dag.py:4180} INFO - Setting next_dagrun for example_branch_datetime_operator_2 to 2025-03-07 00:00:00+00:00, run_after=2025-03-08 00:00:00+00:00
[2025-03-08T23:52:27.731+0000] {logging_mixin.py:190} INFO - [2025-03-08T23:52:27.731+0000] {dag.py:4180} INFO - Setting next_dagrun for example_branch_datetime_operator_3 to 2025-03-07 00:00:00+00:00, run_after=2025-03-08 00:00:00+00:00
[2025-03-08T23:52:27.746+0000] {processor.py:208} INFO - Processing /home/airflow/.local/lib/python3.12/site-packages/airflow/example_dags/example_branch_datetime_operator.py took 0.084 seconds
[2025-03-08T23:52:58.668+0000] {processor.py:186} INFO - Started process (PID=1994) to work on /home/airflow/.local/lib/python3.12/site-packages/airflow/example_dags/example_branch_datetime_operator.py
[2025-03-08T23:52:58.668+0000] {processor.py:914} INFO - Processing file /home/airflow/.local/lib/python3.12/site-packages/airflow/example_dags/example_branch_datetime_operator.py for tasks to queue
[2025-03-08T23:52:58.670+0000] {logging_mixin.py:190} INFO - [2025-03-08T23:52:58.670+0000] {dagbag.py:588} INFO - Filling up the DagBag from /home/airflow/.local/lib/python3.12/site-packages/airflow/example_dags/example_branch_datetime_operator.py
[2025-03-08T23:52:58.677+0000] {processor.py:925} INFO - DAG(s) 'example_branch_datetime_operator_3', 'example_branch_datetime_operator_2', 'example_branch_datetime_operator' retrieved from /home/airflow/.local/lib/python3.12/site-packages/airflow/example_dags/example_branch_datetime_operator.py
[2025-03-08T23:52:58.695+0000] {logging_mixin.py:190} INFO - [2025-03-08T23:52:58.695+0000] {dag.py:3239} INFO - Sync 3 DAGs
[2025-03-08T23:52:58.713+0000] {logging_mixin.py:190} INFO - [2025-03-08T23:52:58.713+0000] {dag.py:4180} INFO - Setting next_dagrun for example_branch_datetime_operator to 2025-03-07 00:00:00+00:00, run_after=2025-03-08 00:00:00+00:00
[2025-03-08T23:52:58.717+0000] {logging_mixin.py:190} INFO - [2025-03-08T23:52:58.717+0000] {dag.py:4180} INFO - Setting next_dagrun for example_branch_datetime_operator_2 to 2025-03-07 00:00:00+00:00, run_after=2025-03-08 00:00:00+00:00
[2025-03-08T23:52:58.719+0000] {logging_mixin.py:190} INFO - [2025-03-08T23:52:58.719+0000] {dag.py:4180} INFO - Setting next_dagrun for example_branch_datetime_operator_3 to 2025-03-07 00:00:00+00:00, run_after=2025-03-08 00:00:00+00:00
[2025-03-08T23:52:58.731+0000] {processor.py:208} INFO - Processing /home/airflow/.local/lib/python3.12/site-packages/airflow/example_dags/example_branch_datetime_operator.py took 0.067 seconds
[2025-03-08T23:53:29.316+0000] {processor.py:186} INFO - Started process (PID=2062) to work on /home/airflow/.local/lib/python3.12/site-packages/airflow/example_dags/example_branch_datetime_operator.py
[2025-03-08T23:53:29.317+0000] {processor.py:914} INFO - Processing file /home/airflow/.local/lib/python3.12/site-packages/airflow/example_dags/example_branch_datetime_operator.py for tasks to queue
[2025-03-08T23:53:29.319+0000] {logging_mixin.py:190} INFO - [2025-03-08T23:53:29.319+0000] {dagbag.py:588} INFO - Filling up the DagBag from /home/airflow/.local/lib/python3.12/site-packages/airflow/example_dags/example_branch_datetime_operator.py
[2025-03-08T23:53:29.327+0000] {processor.py:925} INFO - DAG(s) 'example_branch_datetime_operator_3', 'example_branch_datetime_operator', 'example_branch_datetime_operator_2' retrieved from /home/airflow/.local/lib/python3.12/site-packages/airflow/example_dags/example_branch_datetime_operator.py
[2025-03-08T23:53:29.348+0000] {logging_mixin.py:190} INFO - [2025-03-08T23:53:29.348+0000] {dag.py:3239} INFO - Sync 3 DAGs
[2025-03-08T23:53:29.370+0000] {logging_mixin.py:190} INFO - [2025-03-08T23:53:29.369+0000] {dag.py:4180} INFO - Setting next_dagrun for example_branch_datetime_operator to 2025-03-07 00:00:00+00:00, run_after=2025-03-08 00:00:00+00:00
[2025-03-08T23:53:29.374+0000] {logging_mixin.py:190} INFO - [2025-03-08T23:53:29.373+0000] {dag.py:4180} INFO - Setting next_dagrun for example_branch_datetime_operator_2 to 2025-03-07 00:00:00+00:00, run_after=2025-03-08 00:00:00+00:00
[2025-03-08T23:53:29.377+0000] {logging_mixin.py:190} INFO - [2025-03-08T23:53:29.376+0000] {dag.py:4180} INFO - Setting next_dagrun for example_branch_datetime_operator_3 to 2025-03-07 00:00:00+00:00, run_after=2025-03-08 00:00:00+00:00
[2025-03-08T23:53:29.393+0000] {processor.py:208} INFO - Processing /home/airflow/.local/lib/python3.12/site-packages/airflow/example_dags/example_branch_datetime_operator.py took 0.081 seconds
[2025-03-08T23:54:00.576+0000] {processor.py:186} INFO - Started process (PID=2125) to work on /home/airflow/.local/lib/python3.12/site-packages/airflow/example_dags/example_branch_datetime_operator.py
[2025-03-08T23:54:00.577+0000] {processor.py:914} INFO - Processing file /home/airflow/.local/lib/python3.12/site-packages/airflow/example_dags/example_branch_datetime_operator.py for tasks to queue
[2025-03-08T23:54:00.579+0000] {logging_mixin.py:190} INFO - [2025-03-08T23:54:00.579+0000] {dagbag.py:588} INFO - Filling up the DagBag from /home/airflow/.local/lib/python3.12/site-packages/airflow/example_dags/example_branch_datetime_operator.py
[2025-03-08T23:54:00.587+0000] {processor.py:925} INFO - DAG(s) 'example_branch_datetime_operator_2', 'example_branch_datetime_operator', 'example_branch_datetime_operator_3' retrieved from /home/airflow/.local/lib/python3.12/site-packages/airflow/example_dags/example_branch_datetime_operator.py
[2025-03-08T23:54:00.610+0000] {logging_mixin.py:190} INFO - [2025-03-08T23:54:00.610+0000] {dag.py:3239} INFO - Sync 3 DAGs
[2025-03-08T23:54:00.630+0000] {logging_mixin.py:190} INFO - [2025-03-08T23:54:00.629+0000] {dag.py:4180} INFO - Setting next_dagrun for example_branch_datetime_operator to 2025-03-07 00:00:00+00:00, run_after=2025-03-08 00:00:00+00:00
[2025-03-08T23:54:00.634+0000] {logging_mixin.py:190} INFO - [2025-03-08T23:54:00.634+0000] {dag.py:4180} INFO - Setting next_dagrun for example_branch_datetime_operator_2 to 2025-03-07 00:00:00+00:00, run_after=2025-03-08 00:00:00+00:00
[2025-03-08T23:54:00.636+0000] {logging_mixin.py:190} INFO - [2025-03-08T23:54:00.635+0000] {dag.py:4180} INFO - Setting next_dagrun for example_branch_datetime_operator_3 to 2025-03-07 00:00:00+00:00, run_after=2025-03-08 00:00:00+00:00
[2025-03-08T23:54:00.649+0000] {processor.py:208} INFO - Processing /home/airflow/.local/lib/python3.12/site-packages/airflow/example_dags/example_branch_datetime_operator.py took 0.077 seconds
[2025-03-08T23:54:31.863+0000] {processor.py:186} INFO - Started process (PID=2188) to work on /home/airflow/.local/lib/python3.12/site-packages/airflow/example_dags/example_branch_datetime_operator.py
[2025-03-08T23:54:31.863+0000] {processor.py:914} INFO - Processing file /home/airflow/.local/lib/python3.12/site-packages/airflow/example_dags/example_branch_datetime_operator.py for tasks to queue
[2025-03-08T23:54:31.865+0000] {logging_mixin.py:190} INFO - [2025-03-08T23:54:31.865+0000] {dagbag.py:588} INFO - Filling up the DagBag from /home/airflow/.local/lib/python3.12/site-packages/airflow/example_dags/example_branch_datetime_operator.py
[2025-03-08T23:54:31.873+0000] {processor.py:925} INFO - DAG(s) 'example_branch_datetime_operator_3', 'example_branch_datetime_operator', 'example_branch_datetime_operator_2' retrieved from /home/airflow/.local/lib/python3.12/site-packages/airflow/example_dags/example_branch_datetime_operator.py
[2025-03-08T23:54:31.895+0000] {logging_mixin.py:190} INFO - [2025-03-08T23:54:31.895+0000] {dag.py:3239} INFO - Sync 3 DAGs
[2025-03-08T23:54:31.915+0000] {logging_mixin.py:190} INFO - [2025-03-08T23:54:31.915+0000] {dag.py:4180} INFO - Setting next_dagrun for example_branch_datetime_operator to 2025-03-07 00:00:00+00:00, run_after=2025-03-08 00:00:00+00:00
[2025-03-08T23:54:31.920+0000] {logging_mixin.py:190} INFO - [2025-03-08T23:54:31.920+0000] {dag.py:4180} INFO - Setting next_dagrun for example_branch_datetime_operator_2 to 2025-03-07 00:00:00+00:00, run_after=2025-03-08 00:00:00+00:00
[2025-03-08T23:54:31.922+0000] {logging_mixin.py:190} INFO - [2025-03-08T23:54:31.922+0000] {dag.py:4180} INFO - Setting next_dagrun for example_branch_datetime_operator_3 to 2025-03-07 00:00:00+00:00, run_after=2025-03-08 00:00:00+00:00
[2025-03-08T23:54:31.936+0000] {processor.py:208} INFO - Processing /home/airflow/.local/lib/python3.12/site-packages/airflow/example_dags/example_branch_datetime_operator.py took 0.078 seconds
[2025-03-08T23:55:02.441+0000] {processor.py:186} INFO - Started process (PID=2251) to work on /home/airflow/.local/lib/python3.12/site-packages/airflow/example_dags/example_branch_datetime_operator.py
[2025-03-08T23:55:02.442+0000] {processor.py:914} INFO - Processing file /home/airflow/.local/lib/python3.12/site-packages/airflow/example_dags/example_branch_datetime_operator.py for tasks to queue
[2025-03-08T23:55:02.443+0000] {logging_mixin.py:190} INFO - [2025-03-08T23:55:02.443+0000] {dagbag.py:588} INFO - Filling up the DagBag from /home/airflow/.local/lib/python3.12/site-packages/airflow/example_dags/example_branch_datetime_operator.py
[2025-03-08T23:55:02.452+0000] {processor.py:925} INFO - DAG(s) 'example_branch_datetime_operator_2', 'example_branch_datetime_operator_3', 'example_branch_datetime_operator' retrieved from /home/airflow/.local/lib/python3.12/site-packages/airflow/example_dags/example_branch_datetime_operator.py
[2025-03-08T23:55:02.478+0000] {logging_mixin.py:190} INFO - [2025-03-08T23:55:02.478+0000] {dag.py:3239} INFO - Sync 3 DAGs
[2025-03-08T23:55:02.499+0000] {logging_mixin.py:190} INFO - [2025-03-08T23:55:02.499+0000] {dag.py:4180} INFO - Setting next_dagrun for example_branch_datetime_operator to 2025-03-07 00:00:00+00:00, run_after=2025-03-08 00:00:00+00:00
[2025-03-08T23:55:02.504+0000] {logging_mixin.py:190} INFO - [2025-03-08T23:55:02.504+0000] {dag.py:4180} INFO - Setting next_dagrun for example_branch_datetime_operator_2 to 2025-03-07 00:00:00+00:00, run_after=2025-03-08 00:00:00+00:00
[2025-03-08T23:55:02.506+0000] {logging_mixin.py:190} INFO - [2025-03-08T23:55:02.506+0000] {dag.py:4180} INFO - Setting next_dagrun for example_branch_datetime_operator_3 to 2025-03-07 00:00:00+00:00, run_after=2025-03-08 00:00:00+00:00
[2025-03-08T23:55:02.521+0000] {processor.py:208} INFO - Processing /home/airflow/.local/lib/python3.12/site-packages/airflow/example_dags/example_branch_datetime_operator.py took 0.085 seconds
[2025-03-08T23:55:33.660+0000] {processor.py:186} INFO - Started process (PID=2314) to work on /home/airflow/.local/lib/python3.12/site-packages/airflow/example_dags/example_branch_datetime_operator.py
[2025-03-08T23:55:33.661+0000] {processor.py:914} INFO - Processing file /home/airflow/.local/lib/python3.12/site-packages/airflow/example_dags/example_branch_datetime_operator.py for tasks to queue
[2025-03-08T23:55:33.662+0000] {logging_mixin.py:190} INFO - [2025-03-08T23:55:33.662+0000] {dagbag.py:588} INFO - Filling up the DagBag from /home/airflow/.local/lib/python3.12/site-packages/airflow/example_dags/example_branch_datetime_operator.py
[2025-03-08T23:55:33.670+0000] {processor.py:925} INFO - DAG(s) 'example_branch_datetime_operator_2', 'example_branch_datetime_operator', 'example_branch_datetime_operator_3' retrieved from /home/airflow/.local/lib/python3.12/site-packages/airflow/example_dags/example_branch_datetime_operator.py
[2025-03-08T23:55:33.690+0000] {logging_mixin.py:190} INFO - [2025-03-08T23:55:33.690+0000] {dag.py:3239} INFO - Sync 3 DAGs
[2025-03-08T23:55:33.708+0000] {logging_mixin.py:190} INFO - [2025-03-08T23:55:33.708+0000] {dag.py:4180} INFO - Setting next_dagrun for example_branch_datetime_operator to 2025-03-07 00:00:00+00:00, run_after=2025-03-08 00:00:00+00:00
[2025-03-08T23:55:33.711+0000] {logging_mixin.py:190} INFO - [2025-03-08T23:55:33.711+0000] {dag.py:4180} INFO - Setting next_dagrun for example_branch_datetime_operator_2 to 2025-03-07 00:00:00+00:00, run_after=2025-03-08 00:00:00+00:00
[2025-03-08T23:55:33.713+0000] {logging_mixin.py:190} INFO - [2025-03-08T23:55:33.713+0000] {dag.py:4180} INFO - Setting next_dagrun for example_branch_datetime_operator_3 to 2025-03-07 00:00:00+00:00, run_after=2025-03-08 00:00:00+00:00
[2025-03-08T23:55:33.725+0000] {processor.py:208} INFO - Processing /home/airflow/.local/lib/python3.12/site-packages/airflow/example_dags/example_branch_datetime_operator.py took 0.069 seconds
[2025-03-08T23:56:05.029+0000] {processor.py:186} INFO - Started process (PID=2377) to work on /home/airflow/.local/lib/python3.12/site-packages/airflow/example_dags/example_branch_datetime_operator.py
[2025-03-08T23:56:05.030+0000] {processor.py:914} INFO - Processing file /home/airflow/.local/lib/python3.12/site-packages/airflow/example_dags/example_branch_datetime_operator.py for tasks to queue
[2025-03-08T23:56:05.031+0000] {logging_mixin.py:190} INFO - [2025-03-08T23:56:05.031+0000] {dagbag.py:588} INFO - Filling up the DagBag from /home/airflow/.local/lib/python3.12/site-packages/airflow/example_dags/example_branch_datetime_operator.py
[2025-03-08T23:56:05.039+0000] {processor.py:925} INFO - DAG(s) 'example_branch_datetime_operator', 'example_branch_datetime_operator_2', 'example_branch_datetime_operator_3' retrieved from /home/airflow/.local/lib/python3.12/site-packages/airflow/example_dags/example_branch_datetime_operator.py
[2025-03-08T23:56:05.062+0000] {logging_mixin.py:190} INFO - [2025-03-08T23:56:05.061+0000] {dag.py:3239} INFO - Sync 3 DAGs
[2025-03-08T23:56:05.080+0000] {logging_mixin.py:190} INFO - [2025-03-08T23:56:05.080+0000] {dag.py:4180} INFO - Setting next_dagrun for example_branch_datetime_operator to 2025-03-07 00:00:00+00:00, run_after=2025-03-08 00:00:00+00:00
[2025-03-08T23:56:05.084+0000] {logging_mixin.py:190} INFO - [2025-03-08T23:56:05.084+0000] {dag.py:4180} INFO - Setting next_dagrun for example_branch_datetime_operator_2 to 2025-03-07 00:00:00+00:00, run_after=2025-03-08 00:00:00+00:00
[2025-03-08T23:56:05.088+0000] {logging_mixin.py:190} INFO - [2025-03-08T23:56:05.088+0000] {dag.py:4180} INFO - Setting next_dagrun for example_branch_datetime_operator_3 to 2025-03-07 00:00:00+00:00, run_after=2025-03-08 00:00:00+00:00
[2025-03-08T23:56:05.104+0000] {processor.py:208} INFO - Processing /home/airflow/.local/lib/python3.12/site-packages/airflow/example_dags/example_branch_datetime_operator.py took 0.080 seconds
[2025-03-08T23:56:36.627+0000] {processor.py:186} INFO - Started process (PID=2440) to work on /home/airflow/.local/lib/python3.12/site-packages/airflow/example_dags/example_branch_datetime_operator.py
[2025-03-08T23:56:36.628+0000] {processor.py:914} INFO - Processing file /home/airflow/.local/lib/python3.12/site-packages/airflow/example_dags/example_branch_datetime_operator.py for tasks to queue
[2025-03-08T23:56:36.629+0000] {logging_mixin.py:190} INFO - [2025-03-08T23:56:36.629+0000] {dagbag.py:588} INFO - Filling up the DagBag from /home/airflow/.local/lib/python3.12/site-packages/airflow/example_dags/example_branch_datetime_operator.py
[2025-03-08T23:56:36.639+0000] {processor.py:925} INFO - DAG(s) 'example_branch_datetime_operator_2', 'example_branch_datetime_operator', 'example_branch_datetime_operator_3' retrieved from /home/airflow/.local/lib/python3.12/site-packages/airflow/example_dags/example_branch_datetime_operator.py
[2025-03-08T23:56:36.662+0000] {logging_mixin.py:190} INFO - [2025-03-08T23:56:36.661+0000] {dag.py:3239} INFO - Sync 3 DAGs
[2025-03-08T23:56:36.679+0000] {logging_mixin.py:190} INFO - [2025-03-08T23:56:36.679+0000] {dag.py:4180} INFO - Setting next_dagrun for example_branch_datetime_operator to 2025-03-07 00:00:00+00:00, run_after=2025-03-08 00:00:00+00:00
[2025-03-08T23:56:36.683+0000] {logging_mixin.py:190} INFO - [2025-03-08T23:56:36.682+0000] {dag.py:4180} INFO - Setting next_dagrun for example_branch_datetime_operator_2 to 2025-03-07 00:00:00+00:00, run_after=2025-03-08 00:00:00+00:00
[2025-03-08T23:56:36.684+0000] {logging_mixin.py:190} INFO - [2025-03-08T23:56:36.684+0000] {dag.py:4180} INFO - Setting next_dagrun for example_branch_datetime_operator_3 to 2025-03-07 00:00:00+00:00, run_after=2025-03-08 00:00:00+00:00
[2025-03-08T23:56:36.695+0000] {processor.py:208} INFO - Processing /home/airflow/.local/lib/python3.12/site-packages/airflow/example_dags/example_branch_datetime_operator.py took 0.074 seconds
[2025-03-08T23:57:07.494+0000] {processor.py:186} INFO - Started process (PID=2503) to work on /home/airflow/.local/lib/python3.12/site-packages/airflow/example_dags/example_branch_datetime_operator.py
[2025-03-08T23:57:07.495+0000] {processor.py:914} INFO - Processing file /home/airflow/.local/lib/python3.12/site-packages/airflow/example_dags/example_branch_datetime_operator.py for tasks to queue
[2025-03-08T23:57:07.497+0000] {logging_mixin.py:190} INFO - [2025-03-08T23:57:07.496+0000] {dagbag.py:588} INFO - Filling up the DagBag from /home/airflow/.local/lib/python3.12/site-packages/airflow/example_dags/example_branch_datetime_operator.py
[2025-03-08T23:57:07.505+0000] {processor.py:925} INFO - DAG(s) 'example_branch_datetime_operator_3', 'example_branch_datetime_operator_2', 'example_branch_datetime_operator' retrieved from /home/airflow/.local/lib/python3.12/site-packages/airflow/example_dags/example_branch_datetime_operator.py
[2025-03-08T23:57:07.524+0000] {logging_mixin.py:190} INFO - [2025-03-08T23:57:07.524+0000] {dag.py:3239} INFO - Sync 3 DAGs
[2025-03-08T23:57:07.542+0000] {logging_mixin.py:190} INFO - [2025-03-08T23:57:07.542+0000] {dag.py:4180} INFO - Setting next_dagrun for example_branch_datetime_operator to 2025-03-07 00:00:00+00:00, run_after=2025-03-08 00:00:00+00:00
[2025-03-08T23:57:07.545+0000] {logging_mixin.py:190} INFO - [2025-03-08T23:57:07.545+0000] {dag.py:4180} INFO - Setting next_dagrun for example_branch_datetime_operator_2 to 2025-03-07 00:00:00+00:00, run_after=2025-03-08 00:00:00+00:00
[2025-03-08T23:57:07.546+0000] {logging_mixin.py:190} INFO - [2025-03-08T23:57:07.546+0000] {dag.py:4180} INFO - Setting next_dagrun for example_branch_datetime_operator_3 to 2025-03-07 00:00:00+00:00, run_after=2025-03-08 00:00:00+00:00
[2025-03-08T23:57:07.558+0000] {processor.py:208} INFO - Processing /home/airflow/.local/lib/python3.12/site-packages/airflow/example_dags/example_branch_datetime_operator.py took 0.068 seconds
[2025-03-08T23:57:38.596+0000] {processor.py:186} INFO - Started process (PID=2566) to work on /home/airflow/.local/lib/python3.12/site-packages/airflow/example_dags/example_branch_datetime_operator.py
[2025-03-08T23:57:38.597+0000] {processor.py:914} INFO - Processing file /home/airflow/.local/lib/python3.12/site-packages/airflow/example_dags/example_branch_datetime_operator.py for tasks to queue
[2025-03-08T23:57:38.599+0000] {logging_mixin.py:190} INFO - [2025-03-08T23:57:38.598+0000] {dagbag.py:588} INFO - Filling up the DagBag from /home/airflow/.local/lib/python3.12/site-packages/airflow/example_dags/example_branch_datetime_operator.py
[2025-03-08T23:57:38.606+0000] {processor.py:925} INFO - DAG(s) 'example_branch_datetime_operator_3', 'example_branch_datetime_operator', 'example_branch_datetime_operator_2' retrieved from /home/airflow/.local/lib/python3.12/site-packages/airflow/example_dags/example_branch_datetime_operator.py
[2025-03-08T23:57:38.626+0000] {logging_mixin.py:190} INFO - [2025-03-08T23:57:38.626+0000] {dag.py:3239} INFO - Sync 3 DAGs
[2025-03-08T23:57:38.644+0000] {logging_mixin.py:190} INFO - [2025-03-08T23:57:38.643+0000] {dag.py:4180} INFO - Setting next_dagrun for example_branch_datetime_operator to 2025-03-07 00:00:00+00:00, run_after=2025-03-08 00:00:00+00:00
[2025-03-08T23:57:38.647+0000] {logging_mixin.py:190} INFO - [2025-03-08T23:57:38.647+0000] {dag.py:4180} INFO - Setting next_dagrun for example_branch_datetime_operator_2 to 2025-03-07 00:00:00+00:00, run_after=2025-03-08 00:00:00+00:00
[2025-03-08T23:57:38.649+0000] {logging_mixin.py:190} INFO - [2025-03-08T23:57:38.649+0000] {dag.py:4180} INFO - Setting next_dagrun for example_branch_datetime_operator_3 to 2025-03-07 00:00:00+00:00, run_after=2025-03-08 00:00:00+00:00
[2025-03-08T23:57:38.662+0000] {processor.py:208} INFO - Processing /home/airflow/.local/lib/python3.12/site-packages/airflow/example_dags/example_branch_datetime_operator.py took 0.069 seconds
[2025-03-08T23:58:10.364+0000] {processor.py:186} INFO - Started process (PID=2630) to work on /home/airflow/.local/lib/python3.12/site-packages/airflow/example_dags/example_branch_datetime_operator.py
[2025-03-08T23:58:10.364+0000] {processor.py:914} INFO - Processing file /home/airflow/.local/lib/python3.12/site-packages/airflow/example_dags/example_branch_datetime_operator.py for tasks to queue
[2025-03-08T23:58:10.366+0000] {logging_mixin.py:190} INFO - [2025-03-08T23:58:10.366+0000] {dagbag.py:588} INFO - Filling up the DagBag from /home/airflow/.local/lib/python3.12/site-packages/airflow/example_dags/example_branch_datetime_operator.py
[2025-03-08T23:58:10.373+0000] {processor.py:925} INFO - DAG(s) 'example_branch_datetime_operator', 'example_branch_datetime_operator_2', 'example_branch_datetime_operator_3' retrieved from /home/airflow/.local/lib/python3.12/site-packages/airflow/example_dags/example_branch_datetime_operator.py
[2025-03-08T23:58:10.393+0000] {logging_mixin.py:190} INFO - [2025-03-08T23:58:10.393+0000] {dag.py:3239} INFO - Sync 3 DAGs
[2025-03-08T23:58:10.414+0000] {logging_mixin.py:190} INFO - [2025-03-08T23:58:10.413+0000] {dag.py:4180} INFO - Setting next_dagrun for example_branch_datetime_operator to 2025-03-07 00:00:00+00:00, run_after=2025-03-08 00:00:00+00:00
[2025-03-08T23:58:10.418+0000] {logging_mixin.py:190} INFO - [2025-03-08T23:58:10.418+0000] {dag.py:4180} INFO - Setting next_dagrun for example_branch_datetime_operator_2 to 2025-03-07 00:00:00+00:00, run_after=2025-03-08 00:00:00+00:00
[2025-03-08T23:58:10.421+0000] {logging_mixin.py:190} INFO - [2025-03-08T23:58:10.420+0000] {dag.py:4180} INFO - Setting next_dagrun for example_branch_datetime_operator_3 to 2025-03-07 00:00:00+00:00, run_after=2025-03-08 00:00:00+00:00
[2025-03-08T23:58:10.439+0000] {processor.py:208} INFO - Processing /home/airflow/.local/lib/python3.12/site-packages/airflow/example_dags/example_branch_datetime_operator.py took 0.079 seconds
