[2025-03-08T22:35:49.957+0000] {processor.py:186} INFO - Started process (PID=115) to work on /home/airflow/.local/lib/python3.12/site-packages/airflow/example_dags/example_external_task_marker_dag.py
[2025-03-08T22:35:49.958+0000] {processor.py:914} INFO - Processing file /home/airflow/.local/lib/python3.12/site-packages/airflow/example_dags/example_external_task_marker_dag.py for tasks to queue
[2025-03-08T22:35:49.960+0000] {logging_mixin.py:190} INFO - [2025-03-08T22:35:49.959+0000] {dagbag.py:588} INFO - Filling up the DagBag from /home/airflow/.local/lib/python3.12/site-packages/airflow/example_dags/example_external_task_marker_dag.py
[2025-03-08T22:35:49.965+0000] {processor.py:925} INFO - DAG(s) 'example_external_task_marker_parent', 'example_external_task_marker_child' retrieved from /home/airflow/.local/lib/python3.12/site-packages/airflow/example_dags/example_external_task_marker_dag.py
[2025-03-08T22:35:50.040+0000] {logging_mixin.py:190} INFO - [2025-03-08T22:35:50.039+0000] {override.py:1912} INFO - Created Permission View: can edit on DAG:example_external_task_marker_parent
[2025-03-08T22:35:50.048+0000] {logging_mixin.py:190} INFO - [2025-03-08T22:35:50.048+0000] {override.py:1912} INFO - Created Permission View: can read on DAG:example_external_task_marker_parent
[2025-03-08T22:35:50.053+0000] {logging_mixin.py:190} INFO - [2025-03-08T22:35:50.053+0000] {override.py:1912} INFO - Created Permission View: can delete on DAG:example_external_task_marker_parent
[2025-03-08T22:35:50.061+0000] {logging_mixin.py:190} INFO - [2025-03-08T22:35:50.061+0000] {override.py:1912} INFO - Created Permission View: menu access on DAG Run:example_external_task_marker_parent
[2025-03-08T22:35:50.067+0000] {logging_mixin.py:190} INFO - [2025-03-08T22:35:50.067+0000] {override.py:1912} INFO - Created Permission View: can delete on DAG Run:example_external_task_marker_parent
[2025-03-08T22:35:50.073+0000] {logging_mixin.py:190} INFO - [2025-03-08T22:35:50.073+0000] {override.py:1912} INFO - Created Permission View: can read on DAG Run:example_external_task_marker_parent
[2025-03-08T22:35:50.079+0000] {logging_mixin.py:190} INFO - [2025-03-08T22:35:50.078+0000] {override.py:1912} INFO - Created Permission View: can create on DAG Run:example_external_task_marker_parent
[2025-03-08T22:35:50.092+0000] {logging_mixin.py:190} INFO - [2025-03-08T22:35:50.091+0000] {override.py:1912} INFO - Created Permission View: can edit on DAG:example_external_task_marker_child
[2025-03-08T22:35:50.098+0000] {logging_mixin.py:190} INFO - [2025-03-08T22:35:50.097+0000] {override.py:1912} INFO - Created Permission View: can read on DAG:example_external_task_marker_child
[2025-03-08T22:35:50.103+0000] {logging_mixin.py:190} INFO - [2025-03-08T22:35:50.103+0000] {override.py:1912} INFO - Created Permission View: can delete on DAG:example_external_task_marker_child
[2025-03-08T22:35:50.108+0000] {logging_mixin.py:190} INFO - [2025-03-08T22:35:50.108+0000] {override.py:1912} INFO - Created Permission View: menu access on DAG Run:example_external_task_marker_child
[2025-03-08T22:35:50.114+0000] {logging_mixin.py:190} INFO - [2025-03-08T22:35:50.113+0000] {override.py:1912} INFO - Created Permission View: can delete on DAG Run:example_external_task_marker_child
[2025-03-08T22:35:50.119+0000] {logging_mixin.py:190} INFO - [2025-03-08T22:35:50.119+0000] {override.py:1912} INFO - Created Permission View: can read on DAG Run:example_external_task_marker_child
[2025-03-08T22:35:50.124+0000] {logging_mixin.py:190} INFO - [2025-03-08T22:35:50.124+0000] {override.py:1912} INFO - Created Permission View: can create on DAG Run:example_external_task_marker_child
[2025-03-08T22:35:50.125+0000] {logging_mixin.py:190} INFO - [2025-03-08T22:35:50.125+0000] {dag.py:3239} INFO - Sync 2 DAGs
[2025-03-08T22:35:50.136+0000] {logging_mixin.py:190} INFO - [2025-03-08T22:35:50.135+0000] {dag.py:3262} INFO - Creating ORM DAG for example_external_task_marker_parent
[2025-03-08T22:35:50.136+0000] {logging_mixin.py:190} INFO - [2025-03-08T22:35:50.136+0000] {dag.py:3262} INFO - Creating ORM DAG for example_external_task_marker_child
[2025-03-08T22:35:50.137+0000] {logging_mixin.py:190} INFO - [2025-03-08T22:35:50.137+0000] {dag.py:4180} INFO - Setting next_dagrun for example_external_task_marker_child to None, run_after=None
[2025-03-08T22:35:50.138+0000] {logging_mixin.py:190} INFO - [2025-03-08T22:35:50.138+0000] {dag.py:4180} INFO - Setting next_dagrun for example_external_task_marker_parent to None, run_after=None
[2025-03-08T22:35:50.150+0000] {processor.py:208} INFO - Processing /home/airflow/.local/lib/python3.12/site-packages/airflow/example_dags/example_external_task_marker_dag.py took 0.197 seconds
[2025-03-08T22:36:20.497+0000] {processor.py:186} INFO - Started process (PID=177) to work on /home/airflow/.local/lib/python3.12/site-packages/airflow/example_dags/example_external_task_marker_dag.py
[2025-03-08T22:36:20.498+0000] {processor.py:914} INFO - Processing file /home/airflow/.local/lib/python3.12/site-packages/airflow/example_dags/example_external_task_marker_dag.py for tasks to queue
[2025-03-08T22:36:20.501+0000] {logging_mixin.py:190} INFO - [2025-03-08T22:36:20.500+0000] {dagbag.py:588} INFO - Filling up the DagBag from /home/airflow/.local/lib/python3.12/site-packages/airflow/example_dags/example_external_task_marker_dag.py
[2025-03-08T22:36:20.506+0000] {processor.py:925} INFO - DAG(s) 'example_external_task_marker_parent', 'example_external_task_marker_child' retrieved from /home/airflow/.local/lib/python3.12/site-packages/airflow/example_dags/example_external_task_marker_dag.py
[2025-03-08T22:36:20.525+0000] {logging_mixin.py:190} INFO - [2025-03-08T22:36:20.525+0000] {dag.py:3239} INFO - Sync 2 DAGs
[2025-03-08T22:36:20.536+0000] {logging_mixin.py:190} INFO - [2025-03-08T22:36:20.536+0000] {dag.py:4180} INFO - Setting next_dagrun for example_external_task_marker_child to None, run_after=None
[2025-03-08T22:36:20.540+0000] {logging_mixin.py:190} INFO - [2025-03-08T22:36:20.540+0000] {dag.py:4180} INFO - Setting next_dagrun for example_external_task_marker_parent to None, run_after=None
[2025-03-08T22:36:20.555+0000] {processor.py:208} INFO - Processing /home/airflow/.local/lib/python3.12/site-packages/airflow/example_dags/example_external_task_marker_dag.py took 0.061 seconds
[2025-03-08T22:36:50.802+0000] {processor.py:186} INFO - Started process (PID=240) to work on /home/airflow/.local/lib/python3.12/site-packages/airflow/example_dags/example_external_task_marker_dag.py
[2025-03-08T22:36:50.803+0000] {processor.py:914} INFO - Processing file /home/airflow/.local/lib/python3.12/site-packages/airflow/example_dags/example_external_task_marker_dag.py for tasks to queue
[2025-03-08T22:36:50.805+0000] {logging_mixin.py:190} INFO - [2025-03-08T22:36:50.805+0000] {dagbag.py:588} INFO - Filling up the DagBag from /home/airflow/.local/lib/python3.12/site-packages/airflow/example_dags/example_external_task_marker_dag.py
[2025-03-08T22:36:50.811+0000] {processor.py:925} INFO - DAG(s) 'example_external_task_marker_parent', 'example_external_task_marker_child' retrieved from /home/airflow/.local/lib/python3.12/site-packages/airflow/example_dags/example_external_task_marker_dag.py
[2025-03-08T22:36:50.829+0000] {logging_mixin.py:190} INFO - [2025-03-08T22:36:50.829+0000] {dag.py:3239} INFO - Sync 2 DAGs
[2025-03-08T22:36:50.840+0000] {logging_mixin.py:190} INFO - [2025-03-08T22:36:50.840+0000] {dag.py:4180} INFO - Setting next_dagrun for example_external_task_marker_child to None, run_after=None
[2025-03-08T22:36:50.843+0000] {logging_mixin.py:190} INFO - [2025-03-08T22:36:50.843+0000] {dag.py:4180} INFO - Setting next_dagrun for example_external_task_marker_parent to None, run_after=None
[2025-03-08T22:36:50.860+0000] {processor.py:208} INFO - Processing /home/airflow/.local/lib/python3.12/site-packages/airflow/example_dags/example_external_task_marker_dag.py took 0.061 seconds
[2025-03-08T22:37:20.947+0000] {processor.py:186} INFO - Started process (PID=303) to work on /home/airflow/.local/lib/python3.12/site-packages/airflow/example_dags/example_external_task_marker_dag.py
[2025-03-08T22:37:20.948+0000] {processor.py:914} INFO - Processing file /home/airflow/.local/lib/python3.12/site-packages/airflow/example_dags/example_external_task_marker_dag.py for tasks to queue
[2025-03-08T22:37:20.950+0000] {logging_mixin.py:190} INFO - [2025-03-08T22:37:20.950+0000] {dagbag.py:588} INFO - Filling up the DagBag from /home/airflow/.local/lib/python3.12/site-packages/airflow/example_dags/example_external_task_marker_dag.py
[2025-03-08T22:37:20.955+0000] {processor.py:925} INFO - DAG(s) 'example_external_task_marker_parent', 'example_external_task_marker_child' retrieved from /home/airflow/.local/lib/python3.12/site-packages/airflow/example_dags/example_external_task_marker_dag.py
[2025-03-08T22:37:20.972+0000] {logging_mixin.py:190} INFO - [2025-03-08T22:37:20.971+0000] {dag.py:3239} INFO - Sync 2 DAGs
[2025-03-08T22:37:20.982+0000] {logging_mixin.py:190} INFO - [2025-03-08T22:37:20.982+0000] {dag.py:4180} INFO - Setting next_dagrun for example_external_task_marker_child to None, run_after=None
[2025-03-08T22:37:20.986+0000] {logging_mixin.py:190} INFO - [2025-03-08T22:37:20.985+0000] {dag.py:4180} INFO - Setting next_dagrun for example_external_task_marker_parent to None, run_after=None
[2025-03-08T22:37:20.999+0000] {processor.py:208} INFO - Processing /home/airflow/.local/lib/python3.12/site-packages/airflow/example_dags/example_external_task_marker_dag.py took 0.055 seconds
[2025-03-08T22:37:51.718+0000] {processor.py:186} INFO - Started process (PID=366) to work on /home/airflow/.local/lib/python3.12/site-packages/airflow/example_dags/example_external_task_marker_dag.py
[2025-03-08T22:37:51.719+0000] {processor.py:914} INFO - Processing file /home/airflow/.local/lib/python3.12/site-packages/airflow/example_dags/example_external_task_marker_dag.py for tasks to queue
[2025-03-08T22:37:51.721+0000] {logging_mixin.py:190} INFO - [2025-03-08T22:37:51.721+0000] {dagbag.py:588} INFO - Filling up the DagBag from /home/airflow/.local/lib/python3.12/site-packages/airflow/example_dags/example_external_task_marker_dag.py
[2025-03-08T22:37:51.727+0000] {processor.py:925} INFO - DAG(s) 'example_external_task_marker_parent', 'example_external_task_marker_child' retrieved from /home/airflow/.local/lib/python3.12/site-packages/airflow/example_dags/example_external_task_marker_dag.py
[2025-03-08T22:37:51.744+0000] {logging_mixin.py:190} INFO - [2025-03-08T22:37:51.744+0000] {dag.py:3239} INFO - Sync 2 DAGs
[2025-03-08T22:37:51.756+0000] {logging_mixin.py:190} INFO - [2025-03-08T22:37:51.756+0000] {dag.py:4180} INFO - Setting next_dagrun for example_external_task_marker_child to None, run_after=None
[2025-03-08T22:37:51.759+0000] {logging_mixin.py:190} INFO - [2025-03-08T22:37:51.759+0000] {dag.py:4180} INFO - Setting next_dagrun for example_external_task_marker_parent to None, run_after=None
[2025-03-08T22:37:51.772+0000] {processor.py:208} INFO - Processing /home/airflow/.local/lib/python3.12/site-packages/airflow/example_dags/example_external_task_marker_dag.py took 0.058 seconds
[2025-03-08T22:38:23.008+0000] {processor.py:186} INFO - Started process (PID=429) to work on /home/airflow/.local/lib/python3.12/site-packages/airflow/example_dags/example_external_task_marker_dag.py
[2025-03-08T22:38:23.009+0000] {processor.py:914} INFO - Processing file /home/airflow/.local/lib/python3.12/site-packages/airflow/example_dags/example_external_task_marker_dag.py for tasks to queue
[2025-03-08T22:38:23.011+0000] {logging_mixin.py:190} INFO - [2025-03-08T22:38:23.011+0000] {dagbag.py:588} INFO - Filling up the DagBag from /home/airflow/.local/lib/python3.12/site-packages/airflow/example_dags/example_external_task_marker_dag.py
[2025-03-08T22:38:23.017+0000] {processor.py:925} INFO - DAG(s) 'example_external_task_marker_parent', 'example_external_task_marker_child' retrieved from /home/airflow/.local/lib/python3.12/site-packages/airflow/example_dags/example_external_task_marker_dag.py
[2025-03-08T22:38:23.043+0000] {logging_mixin.py:190} INFO - [2025-03-08T22:38:23.043+0000] {dag.py:3239} INFO - Sync 2 DAGs
[2025-03-08T22:38:23.057+0000] {logging_mixin.py:190} INFO - [2025-03-08T22:38:23.057+0000] {dag.py:4180} INFO - Setting next_dagrun for example_external_task_marker_child to None, run_after=None
[2025-03-08T22:38:23.061+0000] {logging_mixin.py:190} INFO - [2025-03-08T22:38:23.061+0000] {dag.py:4180} INFO - Setting next_dagrun for example_external_task_marker_parent to None, run_after=None
[2025-03-08T22:38:23.074+0000] {processor.py:208} INFO - Processing /home/airflow/.local/lib/python3.12/site-packages/airflow/example_dags/example_external_task_marker_dag.py took 0.072 seconds
[2025-03-08T22:38:54.084+0000] {processor.py:186} INFO - Started process (PID=492) to work on /home/airflow/.local/lib/python3.12/site-packages/airflow/example_dags/example_external_task_marker_dag.py
[2025-03-08T22:38:54.085+0000] {processor.py:914} INFO - Processing file /home/airflow/.local/lib/python3.12/site-packages/airflow/example_dags/example_external_task_marker_dag.py for tasks to queue
[2025-03-08T22:38:54.088+0000] {logging_mixin.py:190} INFO - [2025-03-08T22:38:54.087+0000] {dagbag.py:588} INFO - Filling up the DagBag from /home/airflow/.local/lib/python3.12/site-packages/airflow/example_dags/example_external_task_marker_dag.py
[2025-03-08T22:38:54.093+0000] {processor.py:925} INFO - DAG(s) 'example_external_task_marker_parent', 'example_external_task_marker_child' retrieved from /home/airflow/.local/lib/python3.12/site-packages/airflow/example_dags/example_external_task_marker_dag.py
[2025-03-08T22:38:54.109+0000] {logging_mixin.py:190} INFO - [2025-03-08T22:38:54.109+0000] {dag.py:3239} INFO - Sync 2 DAGs
[2025-03-08T22:38:54.120+0000] {logging_mixin.py:190} INFO - [2025-03-08T22:38:54.119+0000] {dag.py:4180} INFO - Setting next_dagrun for example_external_task_marker_child to None, run_after=None
[2025-03-08T22:38:54.123+0000] {logging_mixin.py:190} INFO - [2025-03-08T22:38:54.123+0000] {dag.py:4180} INFO - Setting next_dagrun for example_external_task_marker_parent to None, run_after=None
[2025-03-08T22:38:54.136+0000] {processor.py:208} INFO - Processing /home/airflow/.local/lib/python3.12/site-packages/airflow/example_dags/example_external_task_marker_dag.py took 0.055 seconds
[2025-03-08T23:37:28.832+0000] {processor.py:186} INFO - Started process (PID=115) to work on /home/airflow/.local/lib/python3.12/site-packages/airflow/example_dags/example_external_task_marker_dag.py
[2025-03-08T23:37:28.833+0000] {processor.py:914} INFO - Processing file /home/airflow/.local/lib/python3.12/site-packages/airflow/example_dags/example_external_task_marker_dag.py for tasks to queue
[2025-03-08T23:37:28.834+0000] {logging_mixin.py:190} INFO - [2025-03-08T23:37:28.834+0000] {dagbag.py:588} INFO - Filling up the DagBag from /home/airflow/.local/lib/python3.12/site-packages/airflow/example_dags/example_external_task_marker_dag.py
[2025-03-08T23:37:28.841+0000] {processor.py:925} INFO - DAG(s) 'example_external_task_marker_parent', 'example_external_task_marker_child' retrieved from /home/airflow/.local/lib/python3.12/site-packages/airflow/example_dags/example_external_task_marker_dag.py
[2025-03-08T23:37:28.859+0000] {logging_mixin.py:190} INFO - [2025-03-08T23:37:28.859+0000] {dag.py:3239} INFO - Sync 2 DAGs
[2025-03-08T23:37:28.879+0000] {logging_mixin.py:190} INFO - [2025-03-08T23:37:28.878+0000] {dag.py:4180} INFO - Setting next_dagrun for example_external_task_marker_child to None, run_after=None
[2025-03-08T23:37:28.882+0000] {logging_mixin.py:190} INFO - [2025-03-08T23:37:28.882+0000] {dag.py:4180} INFO - Setting next_dagrun for example_external_task_marker_parent to None, run_after=None
[2025-03-08T23:37:28.902+0000] {processor.py:208} INFO - Processing /home/airflow/.local/lib/python3.12/site-packages/airflow/example_dags/example_external_task_marker_dag.py took 0.075 seconds
[2025-03-08T23:37:59.152+0000] {processor.py:186} INFO - Started process (PID=178) to work on /home/airflow/.local/lib/python3.12/site-packages/airflow/example_dags/example_external_task_marker_dag.py
[2025-03-08T23:37:59.153+0000] {processor.py:914} INFO - Processing file /home/airflow/.local/lib/python3.12/site-packages/airflow/example_dags/example_external_task_marker_dag.py for tasks to queue
[2025-03-08T23:37:59.155+0000] {logging_mixin.py:190} INFO - [2025-03-08T23:37:59.155+0000] {dagbag.py:588} INFO - Filling up the DagBag from /home/airflow/.local/lib/python3.12/site-packages/airflow/example_dags/example_external_task_marker_dag.py
[2025-03-08T23:37:59.160+0000] {processor.py:925} INFO - DAG(s) 'example_external_task_marker_child', 'example_external_task_marker_parent' retrieved from /home/airflow/.local/lib/python3.12/site-packages/airflow/example_dags/example_external_task_marker_dag.py
[2025-03-08T23:37:59.181+0000] {logging_mixin.py:190} INFO - [2025-03-08T23:37:59.181+0000] {dag.py:3239} INFO - Sync 2 DAGs
[2025-03-08T23:37:59.192+0000] {logging_mixin.py:190} INFO - [2025-03-08T23:37:59.192+0000] {dag.py:4180} INFO - Setting next_dagrun for example_external_task_marker_child to None, run_after=None
[2025-03-08T23:37:59.196+0000] {logging_mixin.py:190} INFO - [2025-03-08T23:37:59.195+0000] {dag.py:4180} INFO - Setting next_dagrun for example_external_task_marker_parent to None, run_after=None
[2025-03-08T23:37:59.210+0000] {processor.py:208} INFO - Processing /home/airflow/.local/lib/python3.12/site-packages/airflow/example_dags/example_external_task_marker_dag.py took 0.062 seconds
[2025-03-08T23:38:29.871+0000] {processor.py:186} INFO - Started process (PID=240) to work on /home/airflow/.local/lib/python3.12/site-packages/airflow/example_dags/example_external_task_marker_dag.py
[2025-03-08T23:38:29.872+0000] {processor.py:914} INFO - Processing file /home/airflow/.local/lib/python3.12/site-packages/airflow/example_dags/example_external_task_marker_dag.py for tasks to queue
[2025-03-08T23:38:29.874+0000] {logging_mixin.py:190} INFO - [2025-03-08T23:38:29.874+0000] {dagbag.py:588} INFO - Filling up the DagBag from /home/airflow/.local/lib/python3.12/site-packages/airflow/example_dags/example_external_task_marker_dag.py
[2025-03-08T23:38:29.880+0000] {processor.py:925} INFO - DAG(s) 'example_external_task_marker_child', 'example_external_task_marker_parent' retrieved from /home/airflow/.local/lib/python3.12/site-packages/airflow/example_dags/example_external_task_marker_dag.py
[2025-03-08T23:38:29.900+0000] {logging_mixin.py:190} INFO - [2025-03-08T23:38:29.899+0000] {dag.py:3239} INFO - Sync 2 DAGs
[2025-03-08T23:38:29.911+0000] {logging_mixin.py:190} INFO - [2025-03-08T23:38:29.911+0000] {dag.py:4180} INFO - Setting next_dagrun for example_external_task_marker_child to None, run_after=None
[2025-03-08T23:38:29.915+0000] {logging_mixin.py:190} INFO - [2025-03-08T23:38:29.915+0000] {dag.py:4180} INFO - Setting next_dagrun for example_external_task_marker_parent to None, run_after=None
[2025-03-08T23:38:29.931+0000] {processor.py:208} INFO - Processing /home/airflow/.local/lib/python3.12/site-packages/airflow/example_dags/example_external_task_marker_dag.py took 0.064 seconds
[2025-03-08T23:39:00.604+0000] {processor.py:186} INFO - Started process (PID=303) to work on /home/airflow/.local/lib/python3.12/site-packages/airflow/example_dags/example_external_task_marker_dag.py
[2025-03-08T23:39:00.604+0000] {processor.py:914} INFO - Processing file /home/airflow/.local/lib/python3.12/site-packages/airflow/example_dags/example_external_task_marker_dag.py for tasks to queue
[2025-03-08T23:39:00.606+0000] {logging_mixin.py:190} INFO - [2025-03-08T23:39:00.606+0000] {dagbag.py:588} INFO - Filling up the DagBag from /home/airflow/.local/lib/python3.12/site-packages/airflow/example_dags/example_external_task_marker_dag.py
[2025-03-08T23:39:00.611+0000] {processor.py:925} INFO - DAG(s) 'example_external_task_marker_child', 'example_external_task_marker_parent' retrieved from /home/airflow/.local/lib/python3.12/site-packages/airflow/example_dags/example_external_task_marker_dag.py
[2025-03-08T23:39:00.630+0000] {logging_mixin.py:190} INFO - [2025-03-08T23:39:00.630+0000] {dag.py:3239} INFO - Sync 2 DAGs
[2025-03-08T23:39:00.641+0000] {logging_mixin.py:190} INFO - [2025-03-08T23:39:00.640+0000] {dag.py:4180} INFO - Setting next_dagrun for example_external_task_marker_child to None, run_after=None
[2025-03-08T23:39:00.644+0000] {logging_mixin.py:190} INFO - [2025-03-08T23:39:00.643+0000] {dag.py:4180} INFO - Setting next_dagrun for example_external_task_marker_parent to None, run_after=None
[2025-03-08T23:39:00.656+0000] {processor.py:208} INFO - Processing /home/airflow/.local/lib/python3.12/site-packages/airflow/example_dags/example_external_task_marker_dag.py took 0.056 seconds
[2025-03-08T23:39:31.962+0000] {processor.py:186} INFO - Started process (PID=366) to work on /home/airflow/.local/lib/python3.12/site-packages/airflow/example_dags/example_external_task_marker_dag.py
[2025-03-08T23:39:31.963+0000] {processor.py:914} INFO - Processing file /home/airflow/.local/lib/python3.12/site-packages/airflow/example_dags/example_external_task_marker_dag.py for tasks to queue
[2025-03-08T23:39:31.965+0000] {logging_mixin.py:190} INFO - [2025-03-08T23:39:31.965+0000] {dagbag.py:588} INFO - Filling up the DagBag from /home/airflow/.local/lib/python3.12/site-packages/airflow/example_dags/example_external_task_marker_dag.py
[2025-03-08T23:39:31.972+0000] {processor.py:925} INFO - DAG(s) 'example_external_task_marker_child', 'example_external_task_marker_parent' retrieved from /home/airflow/.local/lib/python3.12/site-packages/airflow/example_dags/example_external_task_marker_dag.py
[2025-03-08T23:39:31.992+0000] {logging_mixin.py:190} INFO - [2025-03-08T23:39:31.992+0000] {dag.py:3239} INFO - Sync 2 DAGs
[2025-03-08T23:39:32.003+0000] {logging_mixin.py:190} INFO - [2025-03-08T23:39:32.002+0000] {dag.py:4180} INFO - Setting next_dagrun for example_external_task_marker_child to None, run_after=None
[2025-03-08T23:39:32.006+0000] {logging_mixin.py:190} INFO - [2025-03-08T23:39:32.005+0000] {dag.py:4180} INFO - Setting next_dagrun for example_external_task_marker_parent to None, run_after=None
[2025-03-08T23:39:32.019+0000] {processor.py:208} INFO - Processing /home/airflow/.local/lib/python3.12/site-packages/airflow/example_dags/example_external_task_marker_dag.py took 0.060 seconds
[2025-03-08T23:40:03.322+0000] {processor.py:186} INFO - Started process (PID=429) to work on /home/airflow/.local/lib/python3.12/site-packages/airflow/example_dags/example_external_task_marker_dag.py
[2025-03-08T23:40:03.323+0000] {processor.py:914} INFO - Processing file /home/airflow/.local/lib/python3.12/site-packages/airflow/example_dags/example_external_task_marker_dag.py for tasks to queue
[2025-03-08T23:40:03.324+0000] {logging_mixin.py:190} INFO - [2025-03-08T23:40:03.324+0000] {dagbag.py:588} INFO - Filling up the DagBag from /home/airflow/.local/lib/python3.12/site-packages/airflow/example_dags/example_external_task_marker_dag.py
[2025-03-08T23:40:03.330+0000] {processor.py:925} INFO - DAG(s) 'example_external_task_marker_child', 'example_external_task_marker_parent' retrieved from /home/airflow/.local/lib/python3.12/site-packages/airflow/example_dags/example_external_task_marker_dag.py
[2025-03-08T23:40:03.350+0000] {logging_mixin.py:190} INFO - [2025-03-08T23:40:03.350+0000] {dag.py:3239} INFO - Sync 2 DAGs
[2025-03-08T23:40:03.362+0000] {logging_mixin.py:190} INFO - [2025-03-08T23:40:03.362+0000] {dag.py:4180} INFO - Setting next_dagrun for example_external_task_marker_child to None, run_after=None
[2025-03-08T23:40:03.366+0000] {logging_mixin.py:190} INFO - [2025-03-08T23:40:03.366+0000] {dag.py:4180} INFO - Setting next_dagrun for example_external_task_marker_parent to None, run_after=None
[2025-03-08T23:40:03.379+0000] {processor.py:208} INFO - Processing /home/airflow/.local/lib/python3.12/site-packages/airflow/example_dags/example_external_task_marker_dag.py took 0.061 seconds
[2025-03-08T23:40:35.655+0000] {processor.py:186} INFO - Started process (PID=493) to work on /home/airflow/.local/lib/python3.12/site-packages/airflow/example_dags/example_external_task_marker_dag.py
[2025-03-08T23:40:35.656+0000] {processor.py:914} INFO - Processing file /home/airflow/.local/lib/python3.12/site-packages/airflow/example_dags/example_external_task_marker_dag.py for tasks to queue
[2025-03-08T23:40:35.658+0000] {logging_mixin.py:190} INFO - [2025-03-08T23:40:35.658+0000] {dagbag.py:588} INFO - Filling up the DagBag from /home/airflow/.local/lib/python3.12/site-packages/airflow/example_dags/example_external_task_marker_dag.py
[2025-03-08T23:40:35.664+0000] {processor.py:925} INFO - DAG(s) 'example_external_task_marker_child', 'example_external_task_marker_parent' retrieved from /home/airflow/.local/lib/python3.12/site-packages/airflow/example_dags/example_external_task_marker_dag.py
[2025-03-08T23:40:35.686+0000] {logging_mixin.py:190} INFO - [2025-03-08T23:40:35.686+0000] {dag.py:3239} INFO - Sync 2 DAGs
[2025-03-08T23:40:35.700+0000] {logging_mixin.py:190} INFO - [2025-03-08T23:40:35.700+0000] {dag.py:4180} INFO - Setting next_dagrun for example_external_task_marker_child to None, run_after=None
[2025-03-08T23:40:35.703+0000] {logging_mixin.py:190} INFO - [2025-03-08T23:40:35.703+0000] {dag.py:4180} INFO - Setting next_dagrun for example_external_task_marker_parent to None, run_after=None
[2025-03-08T23:40:35.718+0000] {processor.py:208} INFO - Processing /home/airflow/.local/lib/python3.12/site-packages/airflow/example_dags/example_external_task_marker_dag.py took 0.069 seconds
[2025-03-08T23:41:06.720+0000] {processor.py:186} INFO - Started process (PID=556) to work on /home/airflow/.local/lib/python3.12/site-packages/airflow/example_dags/example_external_task_marker_dag.py
[2025-03-08T23:41:06.721+0000] {processor.py:914} INFO - Processing file /home/airflow/.local/lib/python3.12/site-packages/airflow/example_dags/example_external_task_marker_dag.py for tasks to queue
[2025-03-08T23:41:06.722+0000] {logging_mixin.py:190} INFO - [2025-03-08T23:41:06.722+0000] {dagbag.py:588} INFO - Filling up the DagBag from /home/airflow/.local/lib/python3.12/site-packages/airflow/example_dags/example_external_task_marker_dag.py
[2025-03-08T23:41:06.727+0000] {processor.py:925} INFO - DAG(s) 'example_external_task_marker_parent', 'example_external_task_marker_child' retrieved from /home/airflow/.local/lib/python3.12/site-packages/airflow/example_dags/example_external_task_marker_dag.py
[2025-03-08T23:41:06.746+0000] {logging_mixin.py:190} INFO - [2025-03-08T23:41:06.745+0000] {dag.py:3239} INFO - Sync 2 DAGs
[2025-03-08T23:41:06.756+0000] {logging_mixin.py:190} INFO - [2025-03-08T23:41:06.756+0000] {dag.py:4180} INFO - Setting next_dagrun for example_external_task_marker_child to None, run_after=None
[2025-03-08T23:41:06.759+0000] {logging_mixin.py:190} INFO - [2025-03-08T23:41:06.759+0000] {dag.py:4180} INFO - Setting next_dagrun for example_external_task_marker_parent to None, run_after=None
[2025-03-08T23:41:06.770+0000] {processor.py:208} INFO - Processing /home/airflow/.local/lib/python3.12/site-packages/airflow/example_dags/example_external_task_marker_dag.py took 0.053 seconds
[2025-03-08T23:41:36.941+0000] {processor.py:186} INFO - Started process (PID=619) to work on /home/airflow/.local/lib/python3.12/site-packages/airflow/example_dags/example_external_task_marker_dag.py
[2025-03-08T23:41:36.941+0000] {processor.py:914} INFO - Processing file /home/airflow/.local/lib/python3.12/site-packages/airflow/example_dags/example_external_task_marker_dag.py for tasks to queue
[2025-03-08T23:41:36.943+0000] {logging_mixin.py:190} INFO - [2025-03-08T23:41:36.943+0000] {dagbag.py:588} INFO - Filling up the DagBag from /home/airflow/.local/lib/python3.12/site-packages/airflow/example_dags/example_external_task_marker_dag.py
[2025-03-08T23:41:36.950+0000] {processor.py:925} INFO - DAG(s) 'example_external_task_marker_parent', 'example_external_task_marker_child' retrieved from /home/airflow/.local/lib/python3.12/site-packages/airflow/example_dags/example_external_task_marker_dag.py
[2025-03-08T23:41:36.973+0000] {logging_mixin.py:190} INFO - [2025-03-08T23:41:36.973+0000] {dag.py:3239} INFO - Sync 2 DAGs
[2025-03-08T23:41:36.986+0000] {logging_mixin.py:190} INFO - [2025-03-08T23:41:36.986+0000] {dag.py:4180} INFO - Setting next_dagrun for example_external_task_marker_child to None, run_after=None
[2025-03-08T23:41:36.990+0000] {logging_mixin.py:190} INFO - [2025-03-08T23:41:36.990+0000] {dag.py:4180} INFO - Setting next_dagrun for example_external_task_marker_parent to None, run_after=None
[2025-03-08T23:41:37.006+0000] {processor.py:208} INFO - Processing /home/airflow/.local/lib/python3.12/site-packages/airflow/example_dags/example_external_task_marker_dag.py took 0.070 seconds
[2025-03-08T23:42:08.651+0000] {processor.py:186} INFO - Started process (PID=682) to work on /home/airflow/.local/lib/python3.12/site-packages/airflow/example_dags/example_external_task_marker_dag.py
[2025-03-08T23:42:08.652+0000] {processor.py:914} INFO - Processing file /home/airflow/.local/lib/python3.12/site-packages/airflow/example_dags/example_external_task_marker_dag.py for tasks to queue
[2025-03-08T23:42:08.654+0000] {logging_mixin.py:190} INFO - [2025-03-08T23:42:08.653+0000] {dagbag.py:588} INFO - Filling up the DagBag from /home/airflow/.local/lib/python3.12/site-packages/airflow/example_dags/example_external_task_marker_dag.py
[2025-03-08T23:42:08.659+0000] {processor.py:925} INFO - DAG(s) 'example_external_task_marker_parent', 'example_external_task_marker_child' retrieved from /home/airflow/.local/lib/python3.12/site-packages/airflow/example_dags/example_external_task_marker_dag.py
[2025-03-08T23:42:08.680+0000] {logging_mixin.py:190} INFO - [2025-03-08T23:42:08.680+0000] {dag.py:3239} INFO - Sync 2 DAGs
[2025-03-08T23:42:08.694+0000] {logging_mixin.py:190} INFO - [2025-03-08T23:42:08.694+0000] {dag.py:4180} INFO - Setting next_dagrun for example_external_task_marker_child to None, run_after=None
[2025-03-08T23:42:08.697+0000] {logging_mixin.py:190} INFO - [2025-03-08T23:42:08.697+0000] {dag.py:4180} INFO - Setting next_dagrun for example_external_task_marker_parent to None, run_after=None
[2025-03-08T23:42:08.712+0000] {processor.py:208} INFO - Processing /home/airflow/.local/lib/python3.12/site-packages/airflow/example_dags/example_external_task_marker_dag.py took 0.065 seconds
[2025-03-08T23:42:40.483+0000] {processor.py:186} INFO - Started process (PID=745) to work on /home/airflow/.local/lib/python3.12/site-packages/airflow/example_dags/example_external_task_marker_dag.py
[2025-03-08T23:42:40.483+0000] {processor.py:914} INFO - Processing file /home/airflow/.local/lib/python3.12/site-packages/airflow/example_dags/example_external_task_marker_dag.py for tasks to queue
[2025-03-08T23:42:40.485+0000] {logging_mixin.py:190} INFO - [2025-03-08T23:42:40.485+0000] {dagbag.py:588} INFO - Filling up the DagBag from /home/airflow/.local/lib/python3.12/site-packages/airflow/example_dags/example_external_task_marker_dag.py
[2025-03-08T23:42:40.491+0000] {processor.py:925} INFO - DAG(s) 'example_external_task_marker_child', 'example_external_task_marker_parent' retrieved from /home/airflow/.local/lib/python3.12/site-packages/airflow/example_dags/example_external_task_marker_dag.py
[2025-03-08T23:42:40.509+0000] {logging_mixin.py:190} INFO - [2025-03-08T23:42:40.508+0000] {dag.py:3239} INFO - Sync 2 DAGs
[2025-03-08T23:42:40.519+0000] {logging_mixin.py:190} INFO - [2025-03-08T23:42:40.519+0000] {dag.py:4180} INFO - Setting next_dagrun for example_external_task_marker_child to None, run_after=None
[2025-03-08T23:42:40.522+0000] {logging_mixin.py:190} INFO - [2025-03-08T23:42:40.522+0000] {dag.py:4180} INFO - Setting next_dagrun for example_external_task_marker_parent to None, run_after=None
[2025-03-08T23:42:40.533+0000] {processor.py:208} INFO - Processing /home/airflow/.local/lib/python3.12/site-packages/airflow/example_dags/example_external_task_marker_dag.py took 0.055 seconds
[2025-03-08T23:43:11.579+0000] {processor.py:186} INFO - Started process (PID=809) to work on /home/airflow/.local/lib/python3.12/site-packages/airflow/example_dags/example_external_task_marker_dag.py
[2025-03-08T23:43:11.580+0000] {processor.py:914} INFO - Processing file /home/airflow/.local/lib/python3.12/site-packages/airflow/example_dags/example_external_task_marker_dag.py for tasks to queue
[2025-03-08T23:43:11.582+0000] {logging_mixin.py:190} INFO - [2025-03-08T23:43:11.582+0000] {dagbag.py:588} INFO - Filling up the DagBag from /home/airflow/.local/lib/python3.12/site-packages/airflow/example_dags/example_external_task_marker_dag.py
[2025-03-08T23:43:11.587+0000] {processor.py:925} INFO - DAG(s) 'example_external_task_marker_parent', 'example_external_task_marker_child' retrieved from /home/airflow/.local/lib/python3.12/site-packages/airflow/example_dags/example_external_task_marker_dag.py
[2025-03-08T23:43:11.611+0000] {logging_mixin.py:190} INFO - [2025-03-08T23:43:11.610+0000] {dag.py:3239} INFO - Sync 2 DAGs
[2025-03-08T23:43:11.625+0000] {logging_mixin.py:190} INFO - [2025-03-08T23:43:11.624+0000] {dag.py:4180} INFO - Setting next_dagrun for example_external_task_marker_child to None, run_after=None
[2025-03-08T23:43:11.630+0000] {logging_mixin.py:190} INFO - [2025-03-08T23:43:11.629+0000] {dag.py:4180} INFO - Setting next_dagrun for example_external_task_marker_parent to None, run_after=None
[2025-03-08T23:43:11.646+0000] {processor.py:208} INFO - Processing /home/airflow/.local/lib/python3.12/site-packages/airflow/example_dags/example_external_task_marker_dag.py took 0.071 seconds
[2025-03-08T23:43:42.121+0000] {processor.py:186} INFO - Started process (PID=872) to work on /home/airflow/.local/lib/python3.12/site-packages/airflow/example_dags/example_external_task_marker_dag.py
[2025-03-08T23:43:42.122+0000] {processor.py:914} INFO - Processing file /home/airflow/.local/lib/python3.12/site-packages/airflow/example_dags/example_external_task_marker_dag.py for tasks to queue
[2025-03-08T23:43:42.124+0000] {logging_mixin.py:190} INFO - [2025-03-08T23:43:42.124+0000] {dagbag.py:588} INFO - Filling up the DagBag from /home/airflow/.local/lib/python3.12/site-packages/airflow/example_dags/example_external_task_marker_dag.py
[2025-03-08T23:43:42.131+0000] {processor.py:925} INFO - DAG(s) 'example_external_task_marker_parent', 'example_external_task_marker_child' retrieved from /home/airflow/.local/lib/python3.12/site-packages/airflow/example_dags/example_external_task_marker_dag.py
[2025-03-08T23:43:42.151+0000] {logging_mixin.py:190} INFO - [2025-03-08T23:43:42.150+0000] {dag.py:3239} INFO - Sync 2 DAGs
[2025-03-08T23:43:42.163+0000] {logging_mixin.py:190} INFO - [2025-03-08T23:43:42.162+0000] {dag.py:4180} INFO - Setting next_dagrun for example_external_task_marker_child to None, run_after=None
[2025-03-08T23:43:42.166+0000] {logging_mixin.py:190} INFO - [2025-03-08T23:43:42.166+0000] {dag.py:4180} INFO - Setting next_dagrun for example_external_task_marker_parent to None, run_after=None
[2025-03-08T23:43:42.180+0000] {processor.py:208} INFO - Processing /home/airflow/.local/lib/python3.12/site-packages/airflow/example_dags/example_external_task_marker_dag.py took 0.065 seconds
[2025-03-08T23:44:13.445+0000] {processor.py:186} INFO - Started process (PID=935) to work on /home/airflow/.local/lib/python3.12/site-packages/airflow/example_dags/example_external_task_marker_dag.py
[2025-03-08T23:44:13.446+0000] {processor.py:914} INFO - Processing file /home/airflow/.local/lib/python3.12/site-packages/airflow/example_dags/example_external_task_marker_dag.py for tasks to queue
[2025-03-08T23:44:13.448+0000] {logging_mixin.py:190} INFO - [2025-03-08T23:44:13.448+0000] {dagbag.py:588} INFO - Filling up the DagBag from /home/airflow/.local/lib/python3.12/site-packages/airflow/example_dags/example_external_task_marker_dag.py
[2025-03-08T23:44:13.454+0000] {processor.py:925} INFO - DAG(s) 'example_external_task_marker_child', 'example_external_task_marker_parent' retrieved from /home/airflow/.local/lib/python3.12/site-packages/airflow/example_dags/example_external_task_marker_dag.py
[2025-03-08T23:44:13.472+0000] {logging_mixin.py:190} INFO - [2025-03-08T23:44:13.472+0000] {dag.py:3239} INFO - Sync 2 DAGs
[2025-03-08T23:44:13.483+0000] {logging_mixin.py:190} INFO - [2025-03-08T23:44:13.483+0000] {dag.py:4180} INFO - Setting next_dagrun for example_external_task_marker_child to None, run_after=None
[2025-03-08T23:44:13.487+0000] {logging_mixin.py:190} INFO - [2025-03-08T23:44:13.487+0000] {dag.py:4180} INFO - Setting next_dagrun for example_external_task_marker_parent to None, run_after=None
[2025-03-08T23:44:13.501+0000] {processor.py:208} INFO - Processing /home/airflow/.local/lib/python3.12/site-packages/airflow/example_dags/example_external_task_marker_dag.py took 0.061 seconds
[2025-03-08T23:44:44.508+0000] {processor.py:186} INFO - Started process (PID=998) to work on /home/airflow/.local/lib/python3.12/site-packages/airflow/example_dags/example_external_task_marker_dag.py
[2025-03-08T23:44:44.509+0000] {processor.py:914} INFO - Processing file /home/airflow/.local/lib/python3.12/site-packages/airflow/example_dags/example_external_task_marker_dag.py for tasks to queue
[2025-03-08T23:44:44.511+0000] {logging_mixin.py:190} INFO - [2025-03-08T23:44:44.511+0000] {dagbag.py:588} INFO - Filling up the DagBag from /home/airflow/.local/lib/python3.12/site-packages/airflow/example_dags/example_external_task_marker_dag.py
[2025-03-08T23:44:44.517+0000] {processor.py:925} INFO - DAG(s) 'example_external_task_marker_parent', 'example_external_task_marker_child' retrieved from /home/airflow/.local/lib/python3.12/site-packages/airflow/example_dags/example_external_task_marker_dag.py
[2025-03-08T23:44:44.535+0000] {logging_mixin.py:190} INFO - [2025-03-08T23:44:44.535+0000] {dag.py:3239} INFO - Sync 2 DAGs
[2025-03-08T23:44:44.548+0000] {logging_mixin.py:190} INFO - [2025-03-08T23:44:44.548+0000] {dag.py:4180} INFO - Setting next_dagrun for example_external_task_marker_child to None, run_after=None
[2025-03-08T23:44:44.551+0000] {logging_mixin.py:190} INFO - [2025-03-08T23:44:44.551+0000] {dag.py:4180} INFO - Setting next_dagrun for example_external_task_marker_parent to None, run_after=None
[2025-03-08T23:44:44.565+0000] {processor.py:208} INFO - Processing /home/airflow/.local/lib/python3.12/site-packages/airflow/example_dags/example_external_task_marker_dag.py took 0.062 seconds
[2025-03-08T23:45:15.434+0000] {processor.py:186} INFO - Started process (PID=1061) to work on /home/airflow/.local/lib/python3.12/site-packages/airflow/example_dags/example_external_task_marker_dag.py
[2025-03-08T23:45:15.434+0000] {processor.py:914} INFO - Processing file /home/airflow/.local/lib/python3.12/site-packages/airflow/example_dags/example_external_task_marker_dag.py for tasks to queue
[2025-03-08T23:45:15.436+0000] {logging_mixin.py:190} INFO - [2025-03-08T23:45:15.436+0000] {dagbag.py:588} INFO - Filling up the DagBag from /home/airflow/.local/lib/python3.12/site-packages/airflow/example_dags/example_external_task_marker_dag.py
[2025-03-08T23:45:15.441+0000] {processor.py:925} INFO - DAG(s) 'example_external_task_marker_parent', 'example_external_task_marker_child' retrieved from /home/airflow/.local/lib/python3.12/site-packages/airflow/example_dags/example_external_task_marker_dag.py
[2025-03-08T23:45:15.461+0000] {logging_mixin.py:190} INFO - [2025-03-08T23:45:15.460+0000] {dag.py:3239} INFO - Sync 2 DAGs
[2025-03-08T23:45:15.474+0000] {logging_mixin.py:190} INFO - [2025-03-08T23:45:15.474+0000] {dag.py:4180} INFO - Setting next_dagrun for example_external_task_marker_child to None, run_after=None
[2025-03-08T23:45:15.478+0000] {logging_mixin.py:190} INFO - [2025-03-08T23:45:15.477+0000] {dag.py:4180} INFO - Setting next_dagrun for example_external_task_marker_parent to None, run_after=None
[2025-03-08T23:45:15.492+0000] {processor.py:208} INFO - Processing /home/airflow/.local/lib/python3.12/site-packages/airflow/example_dags/example_external_task_marker_dag.py took 0.063 seconds
[2025-03-08T23:45:46.461+0000] {processor.py:186} INFO - Started process (PID=1124) to work on /home/airflow/.local/lib/python3.12/site-packages/airflow/example_dags/example_external_task_marker_dag.py
[2025-03-08T23:45:46.462+0000] {processor.py:914} INFO - Processing file /home/airflow/.local/lib/python3.12/site-packages/airflow/example_dags/example_external_task_marker_dag.py for tasks to queue
[2025-03-08T23:45:46.464+0000] {logging_mixin.py:190} INFO - [2025-03-08T23:45:46.463+0000] {dagbag.py:588} INFO - Filling up the DagBag from /home/airflow/.local/lib/python3.12/site-packages/airflow/example_dags/example_external_task_marker_dag.py
[2025-03-08T23:45:46.469+0000] {processor.py:925} INFO - DAG(s) 'example_external_task_marker_child', 'example_external_task_marker_parent' retrieved from /home/airflow/.local/lib/python3.12/site-packages/airflow/example_dags/example_external_task_marker_dag.py
[2025-03-08T23:45:46.487+0000] {logging_mixin.py:190} INFO - [2025-03-08T23:45:46.487+0000] {dag.py:3239} INFO - Sync 2 DAGs
[2025-03-08T23:45:46.498+0000] {logging_mixin.py:190} INFO - [2025-03-08T23:45:46.498+0000] {dag.py:4180} INFO - Setting next_dagrun for example_external_task_marker_child to None, run_after=None
[2025-03-08T23:45:46.501+0000] {logging_mixin.py:190} INFO - [2025-03-08T23:45:46.501+0000] {dag.py:4180} INFO - Setting next_dagrun for example_external_task_marker_parent to None, run_after=None
[2025-03-08T23:45:46.513+0000] {processor.py:208} INFO - Processing /home/airflow/.local/lib/python3.12/site-packages/airflow/example_dags/example_external_task_marker_dag.py took 0.056 seconds
[2025-03-08T23:46:17.451+0000] {processor.py:186} INFO - Started process (PID=1187) to work on /home/airflow/.local/lib/python3.12/site-packages/airflow/example_dags/example_external_task_marker_dag.py
[2025-03-08T23:46:17.452+0000] {processor.py:914} INFO - Processing file /home/airflow/.local/lib/python3.12/site-packages/airflow/example_dags/example_external_task_marker_dag.py for tasks to queue
[2025-03-08T23:46:17.454+0000] {logging_mixin.py:190} INFO - [2025-03-08T23:46:17.453+0000] {dagbag.py:588} INFO - Filling up the DagBag from /home/airflow/.local/lib/python3.12/site-packages/airflow/example_dags/example_external_task_marker_dag.py
[2025-03-08T23:46:17.459+0000] {processor.py:925} INFO - DAG(s) 'example_external_task_marker_parent', 'example_external_task_marker_child' retrieved from /home/airflow/.local/lib/python3.12/site-packages/airflow/example_dags/example_external_task_marker_dag.py
[2025-03-08T23:46:17.477+0000] {logging_mixin.py:190} INFO - [2025-03-08T23:46:17.477+0000] {dag.py:3239} INFO - Sync 2 DAGs
[2025-03-08T23:46:17.487+0000] {logging_mixin.py:190} INFO - [2025-03-08T23:46:17.487+0000] {dag.py:4180} INFO - Setting next_dagrun for example_external_task_marker_child to None, run_after=None
[2025-03-08T23:46:17.492+0000] {logging_mixin.py:190} INFO - [2025-03-08T23:46:17.491+0000] {dag.py:4180} INFO - Setting next_dagrun for example_external_task_marker_parent to None, run_after=None
[2025-03-08T23:46:17.504+0000] {processor.py:208} INFO - Processing /home/airflow/.local/lib/python3.12/site-packages/airflow/example_dags/example_external_task_marker_dag.py took 0.057 seconds
[2025-03-08T23:46:48.452+0000] {processor.py:186} INFO - Started process (PID=1250) to work on /home/airflow/.local/lib/python3.12/site-packages/airflow/example_dags/example_external_task_marker_dag.py
[2025-03-08T23:46:48.453+0000] {processor.py:914} INFO - Processing file /home/airflow/.local/lib/python3.12/site-packages/airflow/example_dags/example_external_task_marker_dag.py for tasks to queue
[2025-03-08T23:46:48.455+0000] {logging_mixin.py:190} INFO - [2025-03-08T23:46:48.455+0000] {dagbag.py:588} INFO - Filling up the DagBag from /home/airflow/.local/lib/python3.12/site-packages/airflow/example_dags/example_external_task_marker_dag.py
[2025-03-08T23:46:48.461+0000] {processor.py:925} INFO - DAG(s) 'example_external_task_marker_parent', 'example_external_task_marker_child' retrieved from /home/airflow/.local/lib/python3.12/site-packages/airflow/example_dags/example_external_task_marker_dag.py
[2025-03-08T23:46:48.478+0000] {logging_mixin.py:190} INFO - [2025-03-08T23:46:48.478+0000] {dag.py:3239} INFO - Sync 2 DAGs
[2025-03-08T23:46:48.489+0000] {logging_mixin.py:190} INFO - [2025-03-08T23:46:48.489+0000] {dag.py:4180} INFO - Setting next_dagrun for example_external_task_marker_child to None, run_after=None
[2025-03-08T23:46:48.491+0000] {logging_mixin.py:190} INFO - [2025-03-08T23:46:48.491+0000] {dag.py:4180} INFO - Setting next_dagrun for example_external_task_marker_parent to None, run_after=None
[2025-03-08T23:46:48.503+0000] {processor.py:208} INFO - Processing /home/airflow/.local/lib/python3.12/site-packages/airflow/example_dags/example_external_task_marker_dag.py took 0.055 seconds
[2025-03-08T23:47:19.171+0000] {processor.py:186} INFO - Started process (PID=1313) to work on /home/airflow/.local/lib/python3.12/site-packages/airflow/example_dags/example_external_task_marker_dag.py
[2025-03-08T23:47:19.172+0000] {processor.py:914} INFO - Processing file /home/airflow/.local/lib/python3.12/site-packages/airflow/example_dags/example_external_task_marker_dag.py for tasks to queue
[2025-03-08T23:47:19.173+0000] {logging_mixin.py:190} INFO - [2025-03-08T23:47:19.173+0000] {dagbag.py:588} INFO - Filling up the DagBag from /home/airflow/.local/lib/python3.12/site-packages/airflow/example_dags/example_external_task_marker_dag.py
[2025-03-08T23:47:19.178+0000] {processor.py:925} INFO - DAG(s) 'example_external_task_marker_child', 'example_external_task_marker_parent' retrieved from /home/airflow/.local/lib/python3.12/site-packages/airflow/example_dags/example_external_task_marker_dag.py
[2025-03-08T23:47:19.195+0000] {logging_mixin.py:190} INFO - [2025-03-08T23:47:19.195+0000] {dag.py:3239} INFO - Sync 2 DAGs
[2025-03-08T23:47:19.206+0000] {logging_mixin.py:190} INFO - [2025-03-08T23:47:19.205+0000] {dag.py:4180} INFO - Setting next_dagrun for example_external_task_marker_child to None, run_after=None
[2025-03-08T23:47:19.208+0000] {logging_mixin.py:190} INFO - [2025-03-08T23:47:19.208+0000] {dag.py:4180} INFO - Setting next_dagrun for example_external_task_marker_parent to None, run_after=None
[2025-03-08T23:47:19.220+0000] {processor.py:208} INFO - Processing /home/airflow/.local/lib/python3.12/site-packages/airflow/example_dags/example_external_task_marker_dag.py took 0.053 seconds
[2025-03-08T23:47:50.117+0000] {processor.py:186} INFO - Started process (PID=1376) to work on /home/airflow/.local/lib/python3.12/site-packages/airflow/example_dags/example_external_task_marker_dag.py
[2025-03-08T23:47:50.118+0000] {processor.py:914} INFO - Processing file /home/airflow/.local/lib/python3.12/site-packages/airflow/example_dags/example_external_task_marker_dag.py for tasks to queue
[2025-03-08T23:47:50.120+0000] {logging_mixin.py:190} INFO - [2025-03-08T23:47:50.120+0000] {dagbag.py:588} INFO - Filling up the DagBag from /home/airflow/.local/lib/python3.12/site-packages/airflow/example_dags/example_external_task_marker_dag.py
[2025-03-08T23:47:50.125+0000] {processor.py:925} INFO - DAG(s) 'example_external_task_marker_child', 'example_external_task_marker_parent' retrieved from /home/airflow/.local/lib/python3.12/site-packages/airflow/example_dags/example_external_task_marker_dag.py
[2025-03-08T23:47:50.140+0000] {logging_mixin.py:190} INFO - [2025-03-08T23:47:50.140+0000] {dag.py:3239} INFO - Sync 2 DAGs
[2025-03-08T23:47:50.150+0000] {logging_mixin.py:190} INFO - [2025-03-08T23:47:50.150+0000] {dag.py:4180} INFO - Setting next_dagrun for example_external_task_marker_child to None, run_after=None
[2025-03-08T23:47:50.153+0000] {logging_mixin.py:190} INFO - [2025-03-08T23:47:50.153+0000] {dag.py:4180} INFO - Setting next_dagrun for example_external_task_marker_parent to None, run_after=None
[2025-03-08T23:47:50.165+0000] {processor.py:208} INFO - Processing /home/airflow/.local/lib/python3.12/site-packages/airflow/example_dags/example_external_task_marker_dag.py took 0.052 seconds
[2025-03-08T23:48:20.820+0000] {processor.py:186} INFO - Started process (PID=1439) to work on /home/airflow/.local/lib/python3.12/site-packages/airflow/example_dags/example_external_task_marker_dag.py
[2025-03-08T23:48:20.821+0000] {processor.py:914} INFO - Processing file /home/airflow/.local/lib/python3.12/site-packages/airflow/example_dags/example_external_task_marker_dag.py for tasks to queue
[2025-03-08T23:48:20.822+0000] {logging_mixin.py:190} INFO - [2025-03-08T23:48:20.822+0000] {dagbag.py:588} INFO - Filling up the DagBag from /home/airflow/.local/lib/python3.12/site-packages/airflow/example_dags/example_external_task_marker_dag.py
[2025-03-08T23:48:20.827+0000] {processor.py:925} INFO - DAG(s) 'example_external_task_marker_parent', 'example_external_task_marker_child' retrieved from /home/airflow/.local/lib/python3.12/site-packages/airflow/example_dags/example_external_task_marker_dag.py
[2025-03-08T23:48:20.843+0000] {logging_mixin.py:190} INFO - [2025-03-08T23:48:20.843+0000] {dag.py:3239} INFO - Sync 2 DAGs
[2025-03-08T23:48:20.853+0000] {logging_mixin.py:190} INFO - [2025-03-08T23:48:20.853+0000] {dag.py:4180} INFO - Setting next_dagrun for example_external_task_marker_child to None, run_after=None
[2025-03-08T23:48:20.856+0000] {logging_mixin.py:190} INFO - [2025-03-08T23:48:20.856+0000] {dag.py:4180} INFO - Setting next_dagrun for example_external_task_marker_parent to None, run_after=None
[2025-03-08T23:48:20.868+0000] {processor.py:208} INFO - Processing /home/airflow/.local/lib/python3.12/site-packages/airflow/example_dags/example_external_task_marker_dag.py took 0.052 seconds
[2025-03-08T23:48:51.774+0000] {processor.py:186} INFO - Started process (PID=1502) to work on /home/airflow/.local/lib/python3.12/site-packages/airflow/example_dags/example_external_task_marker_dag.py
[2025-03-08T23:48:51.775+0000] {processor.py:914} INFO - Processing file /home/airflow/.local/lib/python3.12/site-packages/airflow/example_dags/example_external_task_marker_dag.py for tasks to queue
[2025-03-08T23:48:51.778+0000] {logging_mixin.py:190} INFO - [2025-03-08T23:48:51.777+0000] {dagbag.py:588} INFO - Filling up the DagBag from /home/airflow/.local/lib/python3.12/site-packages/airflow/example_dags/example_external_task_marker_dag.py
[2025-03-08T23:48:51.787+0000] {processor.py:925} INFO - DAG(s) 'example_external_task_marker_child', 'example_external_task_marker_parent' retrieved from /home/airflow/.local/lib/python3.12/site-packages/airflow/example_dags/example_external_task_marker_dag.py
[2025-03-08T23:48:51.806+0000] {logging_mixin.py:190} INFO - [2025-03-08T23:48:51.806+0000] {dag.py:3239} INFO - Sync 2 DAGs
[2025-03-08T23:48:51.819+0000] {logging_mixin.py:190} INFO - [2025-03-08T23:48:51.818+0000] {dag.py:4180} INFO - Setting next_dagrun for example_external_task_marker_child to None, run_after=None
[2025-03-08T23:48:51.822+0000] {logging_mixin.py:190} INFO - [2025-03-08T23:48:51.822+0000] {dag.py:4180} INFO - Setting next_dagrun for example_external_task_marker_parent to None, run_after=None
[2025-03-08T23:48:51.838+0000] {processor.py:208} INFO - Processing /home/airflow/.local/lib/python3.12/site-packages/airflow/example_dags/example_external_task_marker_dag.py took 0.069 seconds
[2025-03-08T23:49:23.126+0000] {processor.py:186} INFO - Started process (PID=1565) to work on /home/airflow/.local/lib/python3.12/site-packages/airflow/example_dags/example_external_task_marker_dag.py
[2025-03-08T23:49:23.127+0000] {processor.py:914} INFO - Processing file /home/airflow/.local/lib/python3.12/site-packages/airflow/example_dags/example_external_task_marker_dag.py for tasks to queue
[2025-03-08T23:49:23.128+0000] {logging_mixin.py:190} INFO - [2025-03-08T23:49:23.128+0000] {dagbag.py:588} INFO - Filling up the DagBag from /home/airflow/.local/lib/python3.12/site-packages/airflow/example_dags/example_external_task_marker_dag.py
[2025-03-08T23:49:23.133+0000] {processor.py:925} INFO - DAG(s) 'example_external_task_marker_parent', 'example_external_task_marker_child' retrieved from /home/airflow/.local/lib/python3.12/site-packages/airflow/example_dags/example_external_task_marker_dag.py
[2025-03-08T23:49:23.150+0000] {logging_mixin.py:190} INFO - [2025-03-08T23:49:23.150+0000] {dag.py:3239} INFO - Sync 2 DAGs
[2025-03-08T23:49:23.161+0000] {logging_mixin.py:190} INFO - [2025-03-08T23:49:23.161+0000] {dag.py:4180} INFO - Setting next_dagrun for example_external_task_marker_child to None, run_after=None
[2025-03-08T23:49:23.165+0000] {logging_mixin.py:190} INFO - [2025-03-08T23:49:23.165+0000] {dag.py:4180} INFO - Setting next_dagrun for example_external_task_marker_parent to None, run_after=None
[2025-03-08T23:49:23.179+0000] {processor.py:208} INFO - Processing /home/airflow/.local/lib/python3.12/site-packages/airflow/example_dags/example_external_task_marker_dag.py took 0.056 seconds
[2025-03-08T23:49:54.223+0000] {processor.py:186} INFO - Started process (PID=1628) to work on /home/airflow/.local/lib/python3.12/site-packages/airflow/example_dags/example_external_task_marker_dag.py
[2025-03-08T23:49:54.224+0000] {processor.py:914} INFO - Processing file /home/airflow/.local/lib/python3.12/site-packages/airflow/example_dags/example_external_task_marker_dag.py for tasks to queue
[2025-03-08T23:49:54.225+0000] {logging_mixin.py:190} INFO - [2025-03-08T23:49:54.225+0000] {dagbag.py:588} INFO - Filling up the DagBag from /home/airflow/.local/lib/python3.12/site-packages/airflow/example_dags/example_external_task_marker_dag.py
[2025-03-08T23:49:54.230+0000] {processor.py:925} INFO - DAG(s) 'example_external_task_marker_parent', 'example_external_task_marker_child' retrieved from /home/airflow/.local/lib/python3.12/site-packages/airflow/example_dags/example_external_task_marker_dag.py
[2025-03-08T23:49:54.247+0000] {logging_mixin.py:190} INFO - [2025-03-08T23:49:54.247+0000] {dag.py:3239} INFO - Sync 2 DAGs
[2025-03-08T23:49:54.257+0000] {logging_mixin.py:190} INFO - [2025-03-08T23:49:54.256+0000] {dag.py:4180} INFO - Setting next_dagrun for example_external_task_marker_child to None, run_after=None
[2025-03-08T23:49:54.260+0000] {logging_mixin.py:190} INFO - [2025-03-08T23:49:54.259+0000] {dag.py:4180} INFO - Setting next_dagrun for example_external_task_marker_parent to None, run_after=None
[2025-03-08T23:49:54.270+0000] {processor.py:208} INFO - Processing /home/airflow/.local/lib/python3.12/site-packages/airflow/example_dags/example_external_task_marker_dag.py took 0.051 seconds
[2025-03-08T23:50:24.871+0000] {processor.py:186} INFO - Started process (PID=1691) to work on /home/airflow/.local/lib/python3.12/site-packages/airflow/example_dags/example_external_task_marker_dag.py
[2025-03-08T23:50:24.872+0000] {processor.py:914} INFO - Processing file /home/airflow/.local/lib/python3.12/site-packages/airflow/example_dags/example_external_task_marker_dag.py for tasks to queue
[2025-03-08T23:50:24.874+0000] {logging_mixin.py:190} INFO - [2025-03-08T23:50:24.874+0000] {dagbag.py:588} INFO - Filling up the DagBag from /home/airflow/.local/lib/python3.12/site-packages/airflow/example_dags/example_external_task_marker_dag.py
[2025-03-08T23:50:24.879+0000] {processor.py:925} INFO - DAG(s) 'example_external_task_marker_child', 'example_external_task_marker_parent' retrieved from /home/airflow/.local/lib/python3.12/site-packages/airflow/example_dags/example_external_task_marker_dag.py
[2025-03-08T23:50:24.899+0000] {logging_mixin.py:190} INFO - [2025-03-08T23:50:24.898+0000] {dag.py:3239} INFO - Sync 2 DAGs
[2025-03-08T23:50:24.909+0000] {logging_mixin.py:190} INFO - [2025-03-08T23:50:24.909+0000] {dag.py:4180} INFO - Setting next_dagrun for example_external_task_marker_child to None, run_after=None
[2025-03-08T23:50:24.912+0000] {logging_mixin.py:190} INFO - [2025-03-08T23:50:24.912+0000] {dag.py:4180} INFO - Setting next_dagrun for example_external_task_marker_parent to None, run_after=None
[2025-03-08T23:50:24.928+0000] {processor.py:208} INFO - Processing /home/airflow/.local/lib/python3.12/site-packages/airflow/example_dags/example_external_task_marker_dag.py took 0.061 seconds
[2025-03-08T23:50:55.523+0000] {processor.py:186} INFO - Started process (PID=1753) to work on /home/airflow/.local/lib/python3.12/site-packages/airflow/example_dags/example_external_task_marker_dag.py
[2025-03-08T23:50:55.524+0000] {processor.py:914} INFO - Processing file /home/airflow/.local/lib/python3.12/site-packages/airflow/example_dags/example_external_task_marker_dag.py for tasks to queue
[2025-03-08T23:50:55.526+0000] {logging_mixin.py:190} INFO - [2025-03-08T23:50:55.525+0000] {dagbag.py:588} INFO - Filling up the DagBag from /home/airflow/.local/lib/python3.12/site-packages/airflow/example_dags/example_external_task_marker_dag.py
[2025-03-08T23:50:55.532+0000] {processor.py:925} INFO - DAG(s) 'example_external_task_marker_child', 'example_external_task_marker_parent' retrieved from /home/airflow/.local/lib/python3.12/site-packages/airflow/example_dags/example_external_task_marker_dag.py
[2025-03-08T23:50:55.555+0000] {logging_mixin.py:190} INFO - [2025-03-08T23:50:55.555+0000] {dag.py:3239} INFO - Sync 2 DAGs
[2025-03-08T23:50:55.570+0000] {logging_mixin.py:190} INFO - [2025-03-08T23:50:55.569+0000] {dag.py:4180} INFO - Setting next_dagrun for example_external_task_marker_child to None, run_after=None
[2025-03-08T23:50:55.574+0000] {logging_mixin.py:190} INFO - [2025-03-08T23:50:55.573+0000] {dag.py:4180} INFO - Setting next_dagrun for example_external_task_marker_parent to None, run_after=None
[2025-03-08T23:50:55.591+0000] {processor.py:208} INFO - Processing /home/airflow/.local/lib/python3.12/site-packages/airflow/example_dags/example_external_task_marker_dag.py took 0.074 seconds
[2025-03-08T23:51:26.246+0000] {processor.py:186} INFO - Started process (PID=1816) to work on /home/airflow/.local/lib/python3.12/site-packages/airflow/example_dags/example_external_task_marker_dag.py
[2025-03-08T23:51:26.247+0000] {processor.py:914} INFO - Processing file /home/airflow/.local/lib/python3.12/site-packages/airflow/example_dags/example_external_task_marker_dag.py for tasks to queue
[2025-03-08T23:51:26.249+0000] {logging_mixin.py:190} INFO - [2025-03-08T23:51:26.248+0000] {dagbag.py:588} INFO - Filling up the DagBag from /home/airflow/.local/lib/python3.12/site-packages/airflow/example_dags/example_external_task_marker_dag.py
[2025-03-08T23:51:26.254+0000] {processor.py:925} INFO - DAG(s) 'example_external_task_marker_parent', 'example_external_task_marker_child' retrieved from /home/airflow/.local/lib/python3.12/site-packages/airflow/example_dags/example_external_task_marker_dag.py
[2025-03-08T23:51:26.273+0000] {logging_mixin.py:190} INFO - [2025-03-08T23:51:26.272+0000] {dag.py:3239} INFO - Sync 2 DAGs
[2025-03-08T23:51:26.284+0000] {logging_mixin.py:190} INFO - [2025-03-08T23:51:26.284+0000] {dag.py:4180} INFO - Setting next_dagrun for example_external_task_marker_child to None, run_after=None
[2025-03-08T23:51:26.287+0000] {logging_mixin.py:190} INFO - [2025-03-08T23:51:26.287+0000] {dag.py:4180} INFO - Setting next_dagrun for example_external_task_marker_parent to None, run_after=None
[2025-03-08T23:51:26.302+0000] {processor.py:208} INFO - Processing /home/airflow/.local/lib/python3.12/site-packages/airflow/example_dags/example_external_task_marker_dag.py took 0.061 seconds
[2025-03-08T23:51:57.519+0000] {processor.py:186} INFO - Started process (PID=1880) to work on /home/airflow/.local/lib/python3.12/site-packages/airflow/example_dags/example_external_task_marker_dag.py
[2025-03-08T23:51:57.520+0000] {processor.py:914} INFO - Processing file /home/airflow/.local/lib/python3.12/site-packages/airflow/example_dags/example_external_task_marker_dag.py for tasks to queue
[2025-03-08T23:51:57.522+0000] {logging_mixin.py:190} INFO - [2025-03-08T23:51:57.521+0000] {dagbag.py:588} INFO - Filling up the DagBag from /home/airflow/.local/lib/python3.12/site-packages/airflow/example_dags/example_external_task_marker_dag.py
[2025-03-08T23:51:57.527+0000] {processor.py:925} INFO - DAG(s) 'example_external_task_marker_child', 'example_external_task_marker_parent' retrieved from /home/airflow/.local/lib/python3.12/site-packages/airflow/example_dags/example_external_task_marker_dag.py
[2025-03-08T23:51:57.549+0000] {logging_mixin.py:190} INFO - [2025-03-08T23:51:57.548+0000] {dag.py:3239} INFO - Sync 2 DAGs
[2025-03-08T23:51:57.560+0000] {logging_mixin.py:190} INFO - [2025-03-08T23:51:57.560+0000] {dag.py:4180} INFO - Setting next_dagrun for example_external_task_marker_child to None, run_after=None
[2025-03-08T23:51:57.564+0000] {logging_mixin.py:190} INFO - [2025-03-08T23:51:57.564+0000] {dag.py:4180} INFO - Setting next_dagrun for example_external_task_marker_parent to None, run_after=None
[2025-03-08T23:51:57.578+0000] {processor.py:208} INFO - Processing /home/airflow/.local/lib/python3.12/site-packages/airflow/example_dags/example_external_task_marker_dag.py took 0.064 seconds
[2025-03-08T23:52:28.608+0000] {processor.py:186} INFO - Started process (PID=1943) to work on /home/airflow/.local/lib/python3.12/site-packages/airflow/example_dags/example_external_task_marker_dag.py
[2025-03-08T23:52:28.609+0000] {processor.py:914} INFO - Processing file /home/airflow/.local/lib/python3.12/site-packages/airflow/example_dags/example_external_task_marker_dag.py for tasks to queue
[2025-03-08T23:52:28.610+0000] {logging_mixin.py:190} INFO - [2025-03-08T23:52:28.610+0000] {dagbag.py:588} INFO - Filling up the DagBag from /home/airflow/.local/lib/python3.12/site-packages/airflow/example_dags/example_external_task_marker_dag.py
[2025-03-08T23:52:28.617+0000] {processor.py:925} INFO - DAG(s) 'example_external_task_marker_parent', 'example_external_task_marker_child' retrieved from /home/airflow/.local/lib/python3.12/site-packages/airflow/example_dags/example_external_task_marker_dag.py
[2025-03-08T23:52:28.636+0000] {logging_mixin.py:190} INFO - [2025-03-08T23:52:28.636+0000] {dag.py:3239} INFO - Sync 2 DAGs
[2025-03-08T23:52:28.648+0000] {logging_mixin.py:190} INFO - [2025-03-08T23:52:28.648+0000] {dag.py:4180} INFO - Setting next_dagrun for example_external_task_marker_child to None, run_after=None
[2025-03-08T23:52:28.652+0000] {logging_mixin.py:190} INFO - [2025-03-08T23:52:28.652+0000] {dag.py:4180} INFO - Setting next_dagrun for example_external_task_marker_parent to None, run_after=None
[2025-03-08T23:52:28.669+0000] {processor.py:208} INFO - Processing /home/airflow/.local/lib/python3.12/site-packages/airflow/example_dags/example_external_task_marker_dag.py took 0.065 seconds
[2025-03-08T23:52:59.383+0000] {processor.py:186} INFO - Started process (PID=2012) to work on /home/airflow/.local/lib/python3.12/site-packages/airflow/example_dags/example_external_task_marker_dag.py
[2025-03-08T23:52:59.384+0000] {processor.py:914} INFO - Processing file /home/airflow/.local/lib/python3.12/site-packages/airflow/example_dags/example_external_task_marker_dag.py for tasks to queue
[2025-03-08T23:52:59.385+0000] {logging_mixin.py:190} INFO - [2025-03-08T23:52:59.385+0000] {dagbag.py:588} INFO - Filling up the DagBag from /home/airflow/.local/lib/python3.12/site-packages/airflow/example_dags/example_external_task_marker_dag.py
[2025-03-08T23:52:59.390+0000] {processor.py:925} INFO - DAG(s) 'example_external_task_marker_parent', 'example_external_task_marker_child' retrieved from /home/airflow/.local/lib/python3.12/site-packages/airflow/example_dags/example_external_task_marker_dag.py
[2025-03-08T23:52:59.408+0000] {logging_mixin.py:190} INFO - [2025-03-08T23:52:59.408+0000] {dag.py:3239} INFO - Sync 2 DAGs
[2025-03-08T23:52:59.418+0000] {logging_mixin.py:190} INFO - [2025-03-08T23:52:59.418+0000] {dag.py:4180} INFO - Setting next_dagrun for example_external_task_marker_child to None, run_after=None
[2025-03-08T23:52:59.421+0000] {logging_mixin.py:190} INFO - [2025-03-08T23:52:59.421+0000] {dag.py:4180} INFO - Setting next_dagrun for example_external_task_marker_parent to None, run_after=None
[2025-03-08T23:52:59.432+0000] {processor.py:208} INFO - Processing /home/airflow/.local/lib/python3.12/site-packages/airflow/example_dags/example_external_task_marker_dag.py took 0.053 seconds
[2025-03-08T23:53:30.285+0000] {processor.py:186} INFO - Started process (PID=2075) to work on /home/airflow/.local/lib/python3.12/site-packages/airflow/example_dags/example_external_task_marker_dag.py
[2025-03-08T23:53:30.287+0000] {processor.py:914} INFO - Processing file /home/airflow/.local/lib/python3.12/site-packages/airflow/example_dags/example_external_task_marker_dag.py for tasks to queue
[2025-03-08T23:53:30.289+0000] {logging_mixin.py:190} INFO - [2025-03-08T23:53:30.289+0000] {dagbag.py:588} INFO - Filling up the DagBag from /home/airflow/.local/lib/python3.12/site-packages/airflow/example_dags/example_external_task_marker_dag.py
[2025-03-08T23:53:30.297+0000] {processor.py:925} INFO - DAG(s) 'example_external_task_marker_parent', 'example_external_task_marker_child' retrieved from /home/airflow/.local/lib/python3.12/site-packages/airflow/example_dags/example_external_task_marker_dag.py
[2025-03-08T23:53:30.318+0000] {logging_mixin.py:190} INFO - [2025-03-08T23:53:30.318+0000] {dag.py:3239} INFO - Sync 2 DAGs
[2025-03-08T23:53:30.333+0000] {logging_mixin.py:190} INFO - [2025-03-08T23:53:30.332+0000] {dag.py:4180} INFO - Setting next_dagrun for example_external_task_marker_child to None, run_after=None
[2025-03-08T23:53:30.336+0000] {logging_mixin.py:190} INFO - [2025-03-08T23:53:30.336+0000] {dag.py:4180} INFO - Setting next_dagrun for example_external_task_marker_parent to None, run_after=None
[2025-03-08T23:53:30.352+0000] {processor.py:208} INFO - Processing /home/airflow/.local/lib/python3.12/site-packages/airflow/example_dags/example_external_task_marker_dag.py took 0.071 seconds
[2025-03-08T23:54:01.379+0000] {processor.py:186} INFO - Started process (PID=2137) to work on /home/airflow/.local/lib/python3.12/site-packages/airflow/example_dags/example_external_task_marker_dag.py
[2025-03-08T23:54:01.380+0000] {processor.py:914} INFO - Processing file /home/airflow/.local/lib/python3.12/site-packages/airflow/example_dags/example_external_task_marker_dag.py for tasks to queue
[2025-03-08T23:54:01.382+0000] {logging_mixin.py:190} INFO - [2025-03-08T23:54:01.381+0000] {dagbag.py:588} INFO - Filling up the DagBag from /home/airflow/.local/lib/python3.12/site-packages/airflow/example_dags/example_external_task_marker_dag.py
[2025-03-08T23:54:01.387+0000] {processor.py:925} INFO - DAG(s) 'example_external_task_marker_child', 'example_external_task_marker_parent' retrieved from /home/airflow/.local/lib/python3.12/site-packages/airflow/example_dags/example_external_task_marker_dag.py
[2025-03-08T23:54:01.406+0000] {logging_mixin.py:190} INFO - [2025-03-08T23:54:01.405+0000] {dag.py:3239} INFO - Sync 2 DAGs
[2025-03-08T23:54:01.416+0000] {logging_mixin.py:190} INFO - [2025-03-08T23:54:01.416+0000] {dag.py:4180} INFO - Setting next_dagrun for example_external_task_marker_child to None, run_after=None
[2025-03-08T23:54:01.420+0000] {logging_mixin.py:190} INFO - [2025-03-08T23:54:01.420+0000] {dag.py:4180} INFO - Setting next_dagrun for example_external_task_marker_parent to None, run_after=None
[2025-03-08T23:54:01.434+0000] {processor.py:208} INFO - Processing /home/airflow/.local/lib/python3.12/site-packages/airflow/example_dags/example_external_task_marker_dag.py took 0.059 seconds
[2025-03-08T23:54:32.654+0000] {processor.py:186} INFO - Started process (PID=2200) to work on /home/airflow/.local/lib/python3.12/site-packages/airflow/example_dags/example_external_task_marker_dag.py
[2025-03-08T23:54:32.655+0000] {processor.py:914} INFO - Processing file /home/airflow/.local/lib/python3.12/site-packages/airflow/example_dags/example_external_task_marker_dag.py for tasks to queue
[2025-03-08T23:54:32.657+0000] {logging_mixin.py:190} INFO - [2025-03-08T23:54:32.656+0000] {dagbag.py:588} INFO - Filling up the DagBag from /home/airflow/.local/lib/python3.12/site-packages/airflow/example_dags/example_external_task_marker_dag.py
[2025-03-08T23:54:32.663+0000] {processor.py:925} INFO - DAG(s) 'example_external_task_marker_parent', 'example_external_task_marker_child' retrieved from /home/airflow/.local/lib/python3.12/site-packages/airflow/example_dags/example_external_task_marker_dag.py
[2025-03-08T23:54:32.682+0000] {logging_mixin.py:190} INFO - [2025-03-08T23:54:32.681+0000] {dag.py:3239} INFO - Sync 2 DAGs
[2025-03-08T23:54:32.694+0000] {logging_mixin.py:190} INFO - [2025-03-08T23:54:32.694+0000] {dag.py:4180} INFO - Setting next_dagrun for example_external_task_marker_child to None, run_after=None
[2025-03-08T23:54:32.697+0000] {logging_mixin.py:190} INFO - [2025-03-08T23:54:32.697+0000] {dag.py:4180} INFO - Setting next_dagrun for example_external_task_marker_parent to None, run_after=None
[2025-03-08T23:54:32.710+0000] {processor.py:208} INFO - Processing /home/airflow/.local/lib/python3.12/site-packages/airflow/example_dags/example_external_task_marker_dag.py took 0.061 seconds
[2025-03-08T23:55:03.237+0000] {processor.py:186} INFO - Started process (PID=2263) to work on /home/airflow/.local/lib/python3.12/site-packages/airflow/example_dags/example_external_task_marker_dag.py
[2025-03-08T23:55:03.238+0000] {processor.py:914} INFO - Processing file /home/airflow/.local/lib/python3.12/site-packages/airflow/example_dags/example_external_task_marker_dag.py for tasks to queue
[2025-03-08T23:55:03.240+0000] {logging_mixin.py:190} INFO - [2025-03-08T23:55:03.240+0000] {dagbag.py:588} INFO - Filling up the DagBag from /home/airflow/.local/lib/python3.12/site-packages/airflow/example_dags/example_external_task_marker_dag.py
[2025-03-08T23:55:03.247+0000] {processor.py:925} INFO - DAG(s) 'example_external_task_marker_parent', 'example_external_task_marker_child' retrieved from /home/airflow/.local/lib/python3.12/site-packages/airflow/example_dags/example_external_task_marker_dag.py
[2025-03-08T23:55:03.268+0000] {logging_mixin.py:190} INFO - [2025-03-08T23:55:03.268+0000] {dag.py:3239} INFO - Sync 2 DAGs
[2025-03-08T23:55:03.279+0000] {logging_mixin.py:190} INFO - [2025-03-08T23:55:03.278+0000] {dag.py:4180} INFO - Setting next_dagrun for example_external_task_marker_child to None, run_after=None
[2025-03-08T23:55:03.283+0000] {logging_mixin.py:190} INFO - [2025-03-08T23:55:03.282+0000] {dag.py:4180} INFO - Setting next_dagrun for example_external_task_marker_parent to None, run_after=None
[2025-03-08T23:55:03.299+0000] {processor.py:208} INFO - Processing /home/airflow/.local/lib/python3.12/site-packages/airflow/example_dags/example_external_task_marker_dag.py took 0.067 seconds
[2025-03-08T23:55:34.498+0000] {processor.py:186} INFO - Started process (PID=2326) to work on /home/airflow/.local/lib/python3.12/site-packages/airflow/example_dags/example_external_task_marker_dag.py
[2025-03-08T23:55:34.499+0000] {processor.py:914} INFO - Processing file /home/airflow/.local/lib/python3.12/site-packages/airflow/example_dags/example_external_task_marker_dag.py for tasks to queue
[2025-03-08T23:55:34.501+0000] {logging_mixin.py:190} INFO - [2025-03-08T23:55:34.501+0000] {dagbag.py:588} INFO - Filling up the DagBag from /home/airflow/.local/lib/python3.12/site-packages/airflow/example_dags/example_external_task_marker_dag.py
[2025-03-08T23:55:34.509+0000] {processor.py:925} INFO - DAG(s) 'example_external_task_marker_child', 'example_external_task_marker_parent' retrieved from /home/airflow/.local/lib/python3.12/site-packages/airflow/example_dags/example_external_task_marker_dag.py
[2025-03-08T23:55:34.530+0000] {logging_mixin.py:190} INFO - [2025-03-08T23:55:34.529+0000] {dag.py:3239} INFO - Sync 2 DAGs
[2025-03-08T23:55:34.540+0000] {logging_mixin.py:190} INFO - [2025-03-08T23:55:34.540+0000] {dag.py:4180} INFO - Setting next_dagrun for example_external_task_marker_child to None, run_after=None
[2025-03-08T23:55:34.544+0000] {logging_mixin.py:190} INFO - [2025-03-08T23:55:34.544+0000] {dag.py:4180} INFO - Setting next_dagrun for example_external_task_marker_parent to None, run_after=None
[2025-03-08T23:55:34.559+0000] {processor.py:208} INFO - Processing /home/airflow/.local/lib/python3.12/site-packages/airflow/example_dags/example_external_task_marker_dag.py took 0.065 seconds
[2025-03-08T23:56:05.835+0000] {processor.py:186} INFO - Started process (PID=2389) to work on /home/airflow/.local/lib/python3.12/site-packages/airflow/example_dags/example_external_task_marker_dag.py
[2025-03-08T23:56:05.836+0000] {processor.py:914} INFO - Processing file /home/airflow/.local/lib/python3.12/site-packages/airflow/example_dags/example_external_task_marker_dag.py for tasks to queue
[2025-03-08T23:56:05.837+0000] {logging_mixin.py:190} INFO - [2025-03-08T23:56:05.837+0000] {dagbag.py:588} INFO - Filling up the DagBag from /home/airflow/.local/lib/python3.12/site-packages/airflow/example_dags/example_external_task_marker_dag.py
[2025-03-08T23:56:05.843+0000] {processor.py:925} INFO - DAG(s) 'example_external_task_marker_child', 'example_external_task_marker_parent' retrieved from /home/airflow/.local/lib/python3.12/site-packages/airflow/example_dags/example_external_task_marker_dag.py
[2025-03-08T23:56:05.864+0000] {logging_mixin.py:190} INFO - [2025-03-08T23:56:05.863+0000] {dag.py:3239} INFO - Sync 2 DAGs
[2025-03-08T23:56:05.876+0000] {logging_mixin.py:190} INFO - [2025-03-08T23:56:05.876+0000] {dag.py:4180} INFO - Setting next_dagrun for example_external_task_marker_child to None, run_after=None
[2025-03-08T23:56:05.879+0000] {logging_mixin.py:190} INFO - [2025-03-08T23:56:05.879+0000] {dag.py:4180} INFO - Setting next_dagrun for example_external_task_marker_parent to None, run_after=None
[2025-03-08T23:56:05.890+0000] {processor.py:208} INFO - Processing /home/airflow/.local/lib/python3.12/site-packages/airflow/example_dags/example_external_task_marker_dag.py took 0.060 seconds
[2025-03-08T23:56:37.534+0000] {processor.py:186} INFO - Started process (PID=2452) to work on /home/airflow/.local/lib/python3.12/site-packages/airflow/example_dags/example_external_task_marker_dag.py
[2025-03-08T23:56:37.535+0000] {processor.py:914} INFO - Processing file /home/airflow/.local/lib/python3.12/site-packages/airflow/example_dags/example_external_task_marker_dag.py for tasks to queue
[2025-03-08T23:56:37.536+0000] {logging_mixin.py:190} INFO - [2025-03-08T23:56:37.536+0000] {dagbag.py:588} INFO - Filling up the DagBag from /home/airflow/.local/lib/python3.12/site-packages/airflow/example_dags/example_external_task_marker_dag.py
[2025-03-08T23:56:37.542+0000] {processor.py:925} INFO - DAG(s) 'example_external_task_marker_parent', 'example_external_task_marker_child' retrieved from /home/airflow/.local/lib/python3.12/site-packages/airflow/example_dags/example_external_task_marker_dag.py
[2025-03-08T23:56:37.561+0000] {logging_mixin.py:190} INFO - [2025-03-08T23:56:37.561+0000] {dag.py:3239} INFO - Sync 2 DAGs
[2025-03-08T23:56:37.574+0000] {logging_mixin.py:190} INFO - [2025-03-08T23:56:37.574+0000] {dag.py:4180} INFO - Setting next_dagrun for example_external_task_marker_child to None, run_after=None
[2025-03-08T23:56:37.577+0000] {logging_mixin.py:190} INFO - [2025-03-08T23:56:37.577+0000] {dag.py:4180} INFO - Setting next_dagrun for example_external_task_marker_parent to None, run_after=None
[2025-03-08T23:56:37.593+0000] {processor.py:208} INFO - Processing /home/airflow/.local/lib/python3.12/site-packages/airflow/example_dags/example_external_task_marker_dag.py took 0.064 seconds
[2025-03-08T23:57:08.216+0000] {processor.py:186} INFO - Started process (PID=2515) to work on /home/airflow/.local/lib/python3.12/site-packages/airflow/example_dags/example_external_task_marker_dag.py
[2025-03-08T23:57:08.217+0000] {processor.py:914} INFO - Processing file /home/airflow/.local/lib/python3.12/site-packages/airflow/example_dags/example_external_task_marker_dag.py for tasks to queue
[2025-03-08T23:57:08.219+0000] {logging_mixin.py:190} INFO - [2025-03-08T23:57:08.219+0000] {dagbag.py:588} INFO - Filling up the DagBag from /home/airflow/.local/lib/python3.12/site-packages/airflow/example_dags/example_external_task_marker_dag.py
[2025-03-08T23:57:08.224+0000] {processor.py:925} INFO - DAG(s) 'example_external_task_marker_child', 'example_external_task_marker_parent' retrieved from /home/airflow/.local/lib/python3.12/site-packages/airflow/example_dags/example_external_task_marker_dag.py
[2025-03-08T23:57:08.244+0000] {logging_mixin.py:190} INFO - [2025-03-08T23:57:08.243+0000] {dag.py:3239} INFO - Sync 2 DAGs
[2025-03-08T23:57:08.257+0000] {logging_mixin.py:190} INFO - [2025-03-08T23:57:08.257+0000] {dag.py:4180} INFO - Setting next_dagrun for example_external_task_marker_child to None, run_after=None
[2025-03-08T23:57:08.262+0000] {logging_mixin.py:190} INFO - [2025-03-08T23:57:08.261+0000] {dag.py:4180} INFO - Setting next_dagrun for example_external_task_marker_parent to None, run_after=None
[2025-03-08T23:57:08.277+0000] {processor.py:208} INFO - Processing /home/airflow/.local/lib/python3.12/site-packages/airflow/example_dags/example_external_task_marker_dag.py took 0.066 seconds
[2025-03-08T23:57:39.289+0000] {processor.py:186} INFO - Started process (PID=2578) to work on /home/airflow/.local/lib/python3.12/site-packages/airflow/example_dags/example_external_task_marker_dag.py
[2025-03-08T23:57:39.290+0000] {processor.py:914} INFO - Processing file /home/airflow/.local/lib/python3.12/site-packages/airflow/example_dags/example_external_task_marker_dag.py for tasks to queue
[2025-03-08T23:57:39.291+0000] {logging_mixin.py:190} INFO - [2025-03-08T23:57:39.291+0000] {dagbag.py:588} INFO - Filling up the DagBag from /home/airflow/.local/lib/python3.12/site-packages/airflow/example_dags/example_external_task_marker_dag.py
[2025-03-08T23:57:39.297+0000] {processor.py:925} INFO - DAG(s) 'example_external_task_marker_child', 'example_external_task_marker_parent' retrieved from /home/airflow/.local/lib/python3.12/site-packages/airflow/example_dags/example_external_task_marker_dag.py
[2025-03-08T23:57:39.313+0000] {logging_mixin.py:190} INFO - [2025-03-08T23:57:39.313+0000] {dag.py:3239} INFO - Sync 2 DAGs
[2025-03-08T23:57:39.323+0000] {logging_mixin.py:190} INFO - [2025-03-08T23:57:39.323+0000] {dag.py:4180} INFO - Setting next_dagrun for example_external_task_marker_child to None, run_after=None
[2025-03-08T23:57:39.326+0000] {logging_mixin.py:190} INFO - [2025-03-08T23:57:39.326+0000] {dag.py:4180} INFO - Setting next_dagrun for example_external_task_marker_parent to None, run_after=None
[2025-03-08T23:57:39.338+0000] {processor.py:208} INFO - Processing /home/airflow/.local/lib/python3.12/site-packages/airflow/example_dags/example_external_task_marker_dag.py took 0.053 seconds
[2025-03-08T23:58:11.042+0000] {processor.py:186} INFO - Started process (PID=2642) to work on /home/airflow/.local/lib/python3.12/site-packages/airflow/example_dags/example_external_task_marker_dag.py
[2025-03-08T23:58:11.043+0000] {processor.py:914} INFO - Processing file /home/airflow/.local/lib/python3.12/site-packages/airflow/example_dags/example_external_task_marker_dag.py for tasks to queue
[2025-03-08T23:58:11.044+0000] {logging_mixin.py:190} INFO - [2025-03-08T23:58:11.044+0000] {dagbag.py:588} INFO - Filling up the DagBag from /home/airflow/.local/lib/python3.12/site-packages/airflow/example_dags/example_external_task_marker_dag.py
[2025-03-08T23:58:11.050+0000] {processor.py:925} INFO - DAG(s) 'example_external_task_marker_child', 'example_external_task_marker_parent' retrieved from /home/airflow/.local/lib/python3.12/site-packages/airflow/example_dags/example_external_task_marker_dag.py
[2025-03-08T23:58:11.071+0000] {logging_mixin.py:190} INFO - [2025-03-08T23:58:11.070+0000] {dag.py:3239} INFO - Sync 2 DAGs
[2025-03-08T23:58:11.082+0000] {logging_mixin.py:190} INFO - [2025-03-08T23:58:11.081+0000] {dag.py:4180} INFO - Setting next_dagrun for example_external_task_marker_child to None, run_after=None
[2025-03-08T23:58:11.085+0000] {logging_mixin.py:190} INFO - [2025-03-08T23:58:11.085+0000] {dag.py:4180} INFO - Setting next_dagrun for example_external_task_marker_parent to None, run_after=None
[2025-03-08T23:58:11.100+0000] {processor.py:208} INFO - Processing /home/airflow/.local/lib/python3.12/site-packages/airflow/example_dags/example_external_task_marker_dag.py took 0.062 seconds
