[2025-03-08T22:35:48.591+0000] {processor.py:186} INFO - Started process (PID=105) to work on /home/airflow/.local/lib/python3.12/site-packages/airflow/example_dags/example_branch_python_dop_operator_3.py
[2025-03-08T22:35:48.592+0000] {processor.py:914} INFO - Processing file /home/airflow/.local/lib/python3.12/site-packages/airflow/example_dags/example_branch_python_dop_operator_3.py for tasks to queue
[2025-03-08T22:35:48.593+0000] {logging_mixin.py:190} INFO - [2025-03-08T22:35:48.593+0000] {dagbag.py:588} INFO - Filling up the DagBag from /home/airflow/.local/lib/python3.12/site-packages/airflow/example_dags/example_branch_python_dop_operator_3.py
[2025-03-08T22:35:48.601+0000] {processor.py:925} INFO - DAG(s) 'example_branch_dop_operator_v3' retrieved from /home/airflow/.local/lib/python3.12/site-packages/airflow/example_dags/example_branch_python_dop_operator_3.py
[2025-03-08T22:35:48.676+0000] {logging_mixin.py:190} INFO - [2025-03-08T22:35:48.675+0000] {override.py:1912} INFO - Created Permission View: can edit on DAG:example_branch_dop_operator_v3
[2025-03-08T22:35:48.684+0000] {logging_mixin.py:190} INFO - [2025-03-08T22:35:48.684+0000] {override.py:1912} INFO - Created Permission View: can read on DAG:example_branch_dop_operator_v3
[2025-03-08T22:35:48.690+0000] {logging_mixin.py:190} INFO - [2025-03-08T22:35:48.690+0000] {override.py:1912} INFO - Created Permission View: can delete on DAG:example_branch_dop_operator_v3
[2025-03-08T22:35:48.697+0000] {logging_mixin.py:190} INFO - [2025-03-08T22:35:48.697+0000] {override.py:1912} INFO - Created Permission View: menu access on DAG Run:example_branch_dop_operator_v3
[2025-03-08T22:35:48.703+0000] {logging_mixin.py:190} INFO - [2025-03-08T22:35:48.702+0000] {override.py:1912} INFO - Created Permission View: can delete on DAG Run:example_branch_dop_operator_v3
[2025-03-08T22:35:48.708+0000] {logging_mixin.py:190} INFO - [2025-03-08T22:35:48.708+0000] {override.py:1912} INFO - Created Permission View: can read on DAG Run:example_branch_dop_operator_v3
[2025-03-08T22:35:48.714+0000] {logging_mixin.py:190} INFO - [2025-03-08T22:35:48.714+0000] {override.py:1912} INFO - Created Permission View: can create on DAG Run:example_branch_dop_operator_v3
[2025-03-08T22:35:48.714+0000] {logging_mixin.py:190} INFO - [2025-03-08T22:35:48.714+0000] {dag.py:3239} INFO - Sync 1 DAGs
[2025-03-08T22:35:48.724+0000] {logging_mixin.py:190} INFO - [2025-03-08T22:35:48.724+0000] {dag.py:3262} INFO - Creating ORM DAG for example_branch_dop_operator_v3
[2025-03-08T22:35:48.734+0000] {logging_mixin.py:190} INFO - [2025-03-08T22:35:48.734+0000] {dag.py:4180} INFO - Setting next_dagrun for example_branch_dop_operator_v3 to 2025-03-08 22:34:00+00:00, run_after=2025-03-08 22:35:00+00:00
[2025-03-08T22:35:48.750+0000] {processor.py:208} INFO - Processing /home/airflow/.local/lib/python3.12/site-packages/airflow/example_dags/example_branch_python_dop_operator_3.py took 0.163 seconds
[2025-03-08T22:36:18.896+0000] {processor.py:186} INFO - Started process (PID=168) to work on /home/airflow/.local/lib/python3.12/site-packages/airflow/example_dags/example_branch_python_dop_operator_3.py
[2025-03-08T22:36:18.897+0000] {processor.py:914} INFO - Processing file /home/airflow/.local/lib/python3.12/site-packages/airflow/example_dags/example_branch_python_dop_operator_3.py for tasks to queue
[2025-03-08T22:36:18.899+0000] {logging_mixin.py:190} INFO - [2025-03-08T22:36:18.899+0000] {dagbag.py:588} INFO - Filling up the DagBag from /home/airflow/.local/lib/python3.12/site-packages/airflow/example_dags/example_branch_python_dop_operator_3.py
[2025-03-08T22:36:18.909+0000] {processor.py:925} INFO - DAG(s) 'example_branch_dop_operator_v3' retrieved from /home/airflow/.local/lib/python3.12/site-packages/airflow/example_dags/example_branch_python_dop_operator_3.py
[2025-03-08T22:36:18.928+0000] {logging_mixin.py:190} INFO - [2025-03-08T22:36:18.928+0000] {dag.py:3239} INFO - Sync 1 DAGs
[2025-03-08T22:36:18.952+0000] {logging_mixin.py:190} INFO - [2025-03-08T22:36:18.952+0000] {dag.py:4180} INFO - Setting next_dagrun for example_branch_dop_operator_v3 to 2025-03-08 22:35:00+00:00, run_after=2025-03-08 22:36:00+00:00
[2025-03-08T22:36:18.973+0000] {processor.py:208} INFO - Processing /home/airflow/.local/lib/python3.12/site-packages/airflow/example_dags/example_branch_python_dop_operator_3.py took 0.084 seconds
[2025-03-08T22:36:49.194+0000] {processor.py:186} INFO - Started process (PID=230) to work on /home/airflow/.local/lib/python3.12/site-packages/airflow/example_dags/example_branch_python_dop_operator_3.py
[2025-03-08T22:36:49.195+0000] {processor.py:914} INFO - Processing file /home/airflow/.local/lib/python3.12/site-packages/airflow/example_dags/example_branch_python_dop_operator_3.py for tasks to queue
[2025-03-08T22:36:49.197+0000] {logging_mixin.py:190} INFO - [2025-03-08T22:36:49.197+0000] {dagbag.py:588} INFO - Filling up the DagBag from /home/airflow/.local/lib/python3.12/site-packages/airflow/example_dags/example_branch_python_dop_operator_3.py
[2025-03-08T22:36:49.204+0000] {processor.py:925} INFO - DAG(s) 'example_branch_dop_operator_v3' retrieved from /home/airflow/.local/lib/python3.12/site-packages/airflow/example_dags/example_branch_python_dop_operator_3.py
[2025-03-08T22:36:49.220+0000] {logging_mixin.py:190} INFO - [2025-03-08T22:36:49.220+0000] {dag.py:3239} INFO - Sync 1 DAGs
[2025-03-08T22:36:49.240+0000] {logging_mixin.py:190} INFO - [2025-03-08T22:36:49.239+0000] {dag.py:4180} INFO - Setting next_dagrun for example_branch_dop_operator_v3 to 2025-03-08 22:35:00+00:00, run_after=2025-03-08 22:36:00+00:00
[2025-03-08T22:36:49.253+0000] {processor.py:208} INFO - Processing /home/airflow/.local/lib/python3.12/site-packages/airflow/example_dags/example_branch_python_dop_operator_3.py took 0.065 seconds
[2025-03-08T22:37:20.048+0000] {processor.py:186} INFO - Started process (PID=293) to work on /home/airflow/.local/lib/python3.12/site-packages/airflow/example_dags/example_branch_python_dop_operator_3.py
[2025-03-08T22:37:20.048+0000] {processor.py:914} INFO - Processing file /home/airflow/.local/lib/python3.12/site-packages/airflow/example_dags/example_branch_python_dop_operator_3.py for tasks to queue
[2025-03-08T22:37:20.051+0000] {logging_mixin.py:190} INFO - [2025-03-08T22:37:20.050+0000] {dagbag.py:588} INFO - Filling up the DagBag from /home/airflow/.local/lib/python3.12/site-packages/airflow/example_dags/example_branch_python_dop_operator_3.py
[2025-03-08T22:37:20.060+0000] {processor.py:925} INFO - DAG(s) 'example_branch_dop_operator_v3' retrieved from /home/airflow/.local/lib/python3.12/site-packages/airflow/example_dags/example_branch_python_dop_operator_3.py
[2025-03-08T22:37:20.076+0000] {logging_mixin.py:190} INFO - [2025-03-08T22:37:20.076+0000] {dag.py:3239} INFO - Sync 1 DAGs
[2025-03-08T22:37:20.096+0000] {logging_mixin.py:190} INFO - [2025-03-08T22:37:20.096+0000] {dag.py:4180} INFO - Setting next_dagrun for example_branch_dop_operator_v3 to 2025-03-08 22:36:00+00:00, run_after=2025-03-08 22:37:00+00:00
[2025-03-08T22:37:20.112+0000] {processor.py:208} INFO - Processing /home/airflow/.local/lib/python3.12/site-packages/airflow/example_dags/example_branch_python_dop_operator_3.py took 0.069 seconds
[2025-03-08T22:37:50.668+0000] {processor.py:186} INFO - Started process (PID=356) to work on /home/airflow/.local/lib/python3.12/site-packages/airflow/example_dags/example_branch_python_dop_operator_3.py
[2025-03-08T22:37:50.668+0000] {processor.py:914} INFO - Processing file /home/airflow/.local/lib/python3.12/site-packages/airflow/example_dags/example_branch_python_dop_operator_3.py for tasks to queue
[2025-03-08T22:37:50.671+0000] {logging_mixin.py:190} INFO - [2025-03-08T22:37:50.671+0000] {dagbag.py:588} INFO - Filling up the DagBag from /home/airflow/.local/lib/python3.12/site-packages/airflow/example_dags/example_branch_python_dop_operator_3.py
[2025-03-08T22:37:50.678+0000] {processor.py:925} INFO - DAG(s) 'example_branch_dop_operator_v3' retrieved from /home/airflow/.local/lib/python3.12/site-packages/airflow/example_dags/example_branch_python_dop_operator_3.py
[2025-03-08T22:37:50.696+0000] {logging_mixin.py:190} INFO - [2025-03-08T22:37:50.695+0000] {dag.py:3239} INFO - Sync 1 DAGs
[2025-03-08T22:37:50.715+0000] {logging_mixin.py:190} INFO - [2025-03-08T22:37:50.715+0000] {dag.py:4180} INFO - Setting next_dagrun for example_branch_dop_operator_v3 to 2025-03-08 22:36:00+00:00, run_after=2025-03-08 22:37:00+00:00
[2025-03-08T22:37:50.732+0000] {processor.py:208} INFO - Processing /home/airflow/.local/lib/python3.12/site-packages/airflow/example_dags/example_branch_python_dop_operator_3.py took 0.069 seconds
[2025-03-08T22:38:21.884+0000] {processor.py:186} INFO - Started process (PID=419) to work on /home/airflow/.local/lib/python3.12/site-packages/airflow/example_dags/example_branch_python_dop_operator_3.py
[2025-03-08T22:38:21.885+0000] {processor.py:914} INFO - Processing file /home/airflow/.local/lib/python3.12/site-packages/airflow/example_dags/example_branch_python_dop_operator_3.py for tasks to queue
[2025-03-08T22:38:21.887+0000] {logging_mixin.py:190} INFO - [2025-03-08T22:38:21.887+0000] {dagbag.py:588} INFO - Filling up the DagBag from /home/airflow/.local/lib/python3.12/site-packages/airflow/example_dags/example_branch_python_dop_operator_3.py
[2025-03-08T22:38:21.896+0000] {processor.py:925} INFO - DAG(s) 'example_branch_dop_operator_v3' retrieved from /home/airflow/.local/lib/python3.12/site-packages/airflow/example_dags/example_branch_python_dop_operator_3.py
[2025-03-08T22:38:21.912+0000] {logging_mixin.py:190} INFO - [2025-03-08T22:38:21.912+0000] {dag.py:3239} INFO - Sync 1 DAGs
[2025-03-08T22:38:21.931+0000] {logging_mixin.py:190} INFO - [2025-03-08T22:38:21.930+0000] {dag.py:4180} INFO - Setting next_dagrun for example_branch_dop_operator_v3 to 2025-03-08 22:37:00+00:00, run_after=2025-03-08 22:38:00+00:00
[2025-03-08T22:38:21.944+0000] {processor.py:208} INFO - Processing /home/airflow/.local/lib/python3.12/site-packages/airflow/example_dags/example_branch_python_dop_operator_3.py took 0.064 seconds
[2025-03-08T22:38:53.102+0000] {processor.py:186} INFO - Started process (PID=482) to work on /home/airflow/.local/lib/python3.12/site-packages/airflow/example_dags/example_branch_python_dop_operator_3.py
[2025-03-08T22:38:53.103+0000] {processor.py:914} INFO - Processing file /home/airflow/.local/lib/python3.12/site-packages/airflow/example_dags/example_branch_python_dop_operator_3.py for tasks to queue
[2025-03-08T22:38:53.105+0000] {logging_mixin.py:190} INFO - [2025-03-08T22:38:53.105+0000] {dagbag.py:588} INFO - Filling up the DagBag from /home/airflow/.local/lib/python3.12/site-packages/airflow/example_dags/example_branch_python_dop_operator_3.py
[2025-03-08T22:38:53.111+0000] {processor.py:925} INFO - DAG(s) 'example_branch_dop_operator_v3' retrieved from /home/airflow/.local/lib/python3.12/site-packages/airflow/example_dags/example_branch_python_dop_operator_3.py
[2025-03-08T22:38:53.125+0000] {logging_mixin.py:190} INFO - [2025-03-08T22:38:53.124+0000] {dag.py:3239} INFO - Sync 1 DAGs
[2025-03-08T22:38:53.142+0000] {logging_mixin.py:190} INFO - [2025-03-08T22:38:53.142+0000] {dag.py:4180} INFO - Setting next_dagrun for example_branch_dop_operator_v3 to 2025-03-08 22:37:00+00:00, run_after=2025-03-08 22:38:00+00:00
[2025-03-08T22:38:53.156+0000] {processor.py:208} INFO - Processing /home/airflow/.local/lib/python3.12/site-packages/airflow/example_dags/example_branch_python_dop_operator_3.py took 0.057 seconds
[2025-03-08T23:37:28.117+0000] {processor.py:186} INFO - Started process (PID=105) to work on /home/airflow/.local/lib/python3.12/site-packages/airflow/example_dags/example_branch_python_dop_operator_3.py
[2025-03-08T23:37:28.119+0000] {processor.py:914} INFO - Processing file /home/airflow/.local/lib/python3.12/site-packages/airflow/example_dags/example_branch_python_dop_operator_3.py for tasks to queue
[2025-03-08T23:37:28.121+0000] {logging_mixin.py:190} INFO - [2025-03-08T23:37:28.121+0000] {dagbag.py:588} INFO - Filling up the DagBag from /home/airflow/.local/lib/python3.12/site-packages/airflow/example_dags/example_branch_python_dop_operator_3.py
[2025-03-08T23:37:28.131+0000] {processor.py:925} INFO - DAG(s) 'example_branch_dop_operator_v3' retrieved from /home/airflow/.local/lib/python3.12/site-packages/airflow/example_dags/example_branch_python_dop_operator_3.py
[2025-03-08T23:37:28.153+0000] {logging_mixin.py:190} INFO - [2025-03-08T23:37:28.153+0000] {dag.py:3239} INFO - Sync 1 DAGs
[2025-03-08T23:37:28.175+0000] {logging_mixin.py:190} INFO - [2025-03-08T23:37:28.175+0000] {dag.py:4180} INFO - Setting next_dagrun for example_branch_dop_operator_v3 to 2025-03-08 23:36:00+00:00, run_after=2025-03-08 23:37:00+00:00
[2025-03-08T23:37:28.193+0000] {processor.py:208} INFO - Processing /home/airflow/.local/lib/python3.12/site-packages/airflow/example_dags/example_branch_python_dop_operator_3.py took 0.081 seconds
[2025-03-08T23:37:58.357+0000] {processor.py:186} INFO - Started process (PID=168) to work on /home/airflow/.local/lib/python3.12/site-packages/airflow/example_dags/example_branch_python_dop_operator_3.py
[2025-03-08T23:37:58.358+0000] {processor.py:914} INFO - Processing file /home/airflow/.local/lib/python3.12/site-packages/airflow/example_dags/example_branch_python_dop_operator_3.py for tasks to queue
[2025-03-08T23:37:58.359+0000] {logging_mixin.py:190} INFO - [2025-03-08T23:37:58.359+0000] {dagbag.py:588} INFO - Filling up the DagBag from /home/airflow/.local/lib/python3.12/site-packages/airflow/example_dags/example_branch_python_dop_operator_3.py
[2025-03-08T23:37:58.366+0000] {processor.py:925} INFO - DAG(s) 'example_branch_dop_operator_v3' retrieved from /home/airflow/.local/lib/python3.12/site-packages/airflow/example_dags/example_branch_python_dop_operator_3.py
[2025-03-08T23:37:58.381+0000] {logging_mixin.py:190} INFO - [2025-03-08T23:37:58.380+0000] {dag.py:3239} INFO - Sync 1 DAGs
[2025-03-08T23:37:58.400+0000] {logging_mixin.py:190} INFO - [2025-03-08T23:37:58.400+0000] {dag.py:4180} INFO - Setting next_dagrun for example_branch_dop_operator_v3 to 2025-03-08 23:36:00+00:00, run_after=2025-03-08 23:37:00+00:00
[2025-03-08T23:37:58.415+0000] {processor.py:208} INFO - Processing /home/airflow/.local/lib/python3.12/site-packages/airflow/example_dags/example_branch_python_dop_operator_3.py took 0.063 seconds
[2025-03-08T23:38:29.471+0000] {processor.py:186} INFO - Started process (PID=231) to work on /home/airflow/.local/lib/python3.12/site-packages/airflow/example_dags/example_branch_python_dop_operator_3.py
[2025-03-08T23:38:29.472+0000] {processor.py:914} INFO - Processing file /home/airflow/.local/lib/python3.12/site-packages/airflow/example_dags/example_branch_python_dop_operator_3.py for tasks to queue
[2025-03-08T23:38:29.475+0000] {logging_mixin.py:190} INFO - [2025-03-08T23:38:29.474+0000] {dagbag.py:588} INFO - Filling up the DagBag from /home/airflow/.local/lib/python3.12/site-packages/airflow/example_dags/example_branch_python_dop_operator_3.py
[2025-03-08T23:38:29.484+0000] {processor.py:925} INFO - DAG(s) 'example_branch_dop_operator_v3' retrieved from /home/airflow/.local/lib/python3.12/site-packages/airflow/example_dags/example_branch_python_dop_operator_3.py
[2025-03-08T23:38:29.502+0000] {logging_mixin.py:190} INFO - [2025-03-08T23:38:29.502+0000] {dag.py:3239} INFO - Sync 1 DAGs
[2025-03-08T23:38:29.526+0000] {logging_mixin.py:190} INFO - [2025-03-08T23:38:29.526+0000] {dag.py:4180} INFO - Setting next_dagrun for example_branch_dop_operator_v3 to 2025-03-08 23:37:00+00:00, run_after=2025-03-08 23:38:00+00:00
[2025-03-08T23:38:29.544+0000] {processor.py:208} INFO - Processing /home/airflow/.local/lib/python3.12/site-packages/airflow/example_dags/example_branch_python_dop_operator_3.py took 0.079 seconds
[2025-03-08T23:39:00.066+0000] {processor.py:186} INFO - Started process (PID=294) to work on /home/airflow/.local/lib/python3.12/site-packages/airflow/example_dags/example_branch_python_dop_operator_3.py
[2025-03-08T23:39:00.066+0000] {processor.py:914} INFO - Processing file /home/airflow/.local/lib/python3.12/site-packages/airflow/example_dags/example_branch_python_dop_operator_3.py for tasks to queue
[2025-03-08T23:39:00.068+0000] {logging_mixin.py:190} INFO - [2025-03-08T23:39:00.068+0000] {dagbag.py:588} INFO - Filling up the DagBag from /home/airflow/.local/lib/python3.12/site-packages/airflow/example_dags/example_branch_python_dop_operator_3.py
[2025-03-08T23:39:00.075+0000] {processor.py:925} INFO - DAG(s) 'example_branch_dop_operator_v3' retrieved from /home/airflow/.local/lib/python3.12/site-packages/airflow/example_dags/example_branch_python_dop_operator_3.py
[2025-03-08T23:39:00.092+0000] {logging_mixin.py:190} INFO - [2025-03-08T23:39:00.092+0000] {dag.py:3239} INFO - Sync 1 DAGs
[2025-03-08T23:39:00.114+0000] {logging_mixin.py:190} INFO - [2025-03-08T23:39:00.113+0000] {dag.py:4180} INFO - Setting next_dagrun for example_branch_dop_operator_v3 to 2025-03-08 23:38:00+00:00, run_after=2025-03-08 23:39:00+00:00
[2025-03-08T23:39:00.131+0000] {processor.py:208} INFO - Processing /home/airflow/.local/lib/python3.12/site-packages/airflow/example_dags/example_branch_python_dop_operator_3.py took 0.070 seconds
[2025-03-08T23:39:31.297+0000] {processor.py:186} INFO - Started process (PID=356) to work on /home/airflow/.local/lib/python3.12/site-packages/airflow/example_dags/example_branch_python_dop_operator_3.py
[2025-03-08T23:39:31.298+0000] {processor.py:914} INFO - Processing file /home/airflow/.local/lib/python3.12/site-packages/airflow/example_dags/example_branch_python_dop_operator_3.py for tasks to queue
[2025-03-08T23:39:31.300+0000] {logging_mixin.py:190} INFO - [2025-03-08T23:39:31.300+0000] {dagbag.py:588} INFO - Filling up the DagBag from /home/airflow/.local/lib/python3.12/site-packages/airflow/example_dags/example_branch_python_dop_operator_3.py
[2025-03-08T23:39:31.307+0000] {processor.py:925} INFO - DAG(s) 'example_branch_dop_operator_v3' retrieved from /home/airflow/.local/lib/python3.12/site-packages/airflow/example_dags/example_branch_python_dop_operator_3.py
[2025-03-08T23:39:31.323+0000] {logging_mixin.py:190} INFO - [2025-03-08T23:39:31.323+0000] {dag.py:3239} INFO - Sync 1 DAGs
[2025-03-08T23:39:31.343+0000] {logging_mixin.py:190} INFO - [2025-03-08T23:39:31.343+0000] {dag.py:4180} INFO - Setting next_dagrun for example_branch_dop_operator_v3 to 2025-03-08 23:38:00+00:00, run_after=2025-03-08 23:39:00+00:00
[2025-03-08T23:39:31.359+0000] {processor.py:208} INFO - Processing /home/airflow/.local/lib/python3.12/site-packages/airflow/example_dags/example_branch_python_dop_operator_3.py took 0.066 seconds
[2025-03-08T23:40:02.702+0000] {processor.py:186} INFO - Started process (PID=419) to work on /home/airflow/.local/lib/python3.12/site-packages/airflow/example_dags/example_branch_python_dop_operator_3.py
[2025-03-08T23:40:02.702+0000] {processor.py:914} INFO - Processing file /home/airflow/.local/lib/python3.12/site-packages/airflow/example_dags/example_branch_python_dop_operator_3.py for tasks to queue
[2025-03-08T23:40:02.705+0000] {logging_mixin.py:190} INFO - [2025-03-08T23:40:02.705+0000] {dagbag.py:588} INFO - Filling up the DagBag from /home/airflow/.local/lib/python3.12/site-packages/airflow/example_dags/example_branch_python_dop_operator_3.py
[2025-03-08T23:40:02.713+0000] {processor.py:925} INFO - DAG(s) 'example_branch_dop_operator_v3' retrieved from /home/airflow/.local/lib/python3.12/site-packages/airflow/example_dags/example_branch_python_dop_operator_3.py
[2025-03-08T23:40:02.729+0000] {logging_mixin.py:190} INFO - [2025-03-08T23:40:02.729+0000] {dag.py:3239} INFO - Sync 1 DAGs
[2025-03-08T23:40:02.749+0000] {logging_mixin.py:190} INFO - [2025-03-08T23:40:02.749+0000] {dag.py:4180} INFO - Setting next_dagrun for example_branch_dop_operator_v3 to 2025-03-08 23:39:00+00:00, run_after=2025-03-08 23:40:00+00:00
[2025-03-08T23:40:02.765+0000] {processor.py:208} INFO - Processing /home/airflow/.local/lib/python3.12/site-packages/airflow/example_dags/example_branch_python_dop_operator_3.py took 0.068 seconds
[2025-03-08T23:40:34.592+0000] {processor.py:186} INFO - Started process (PID=482) to work on /home/airflow/.local/lib/python3.12/site-packages/airflow/example_dags/example_branch_python_dop_operator_3.py
[2025-03-08T23:40:34.594+0000] {processor.py:914} INFO - Processing file /home/airflow/.local/lib/python3.12/site-packages/airflow/example_dags/example_branch_python_dop_operator_3.py for tasks to queue
[2025-03-08T23:40:34.596+0000] {logging_mixin.py:190} INFO - [2025-03-08T23:40:34.596+0000] {dagbag.py:588} INFO - Filling up the DagBag from /home/airflow/.local/lib/python3.12/site-packages/airflow/example_dags/example_branch_python_dop_operator_3.py
[2025-03-08T23:40:34.603+0000] {processor.py:925} INFO - DAG(s) 'example_branch_dop_operator_v3' retrieved from /home/airflow/.local/lib/python3.12/site-packages/airflow/example_dags/example_branch_python_dop_operator_3.py
[2025-03-08T23:40:34.619+0000] {logging_mixin.py:190} INFO - [2025-03-08T23:40:34.619+0000] {dag.py:3239} INFO - Sync 1 DAGs
[2025-03-08T23:40:34.641+0000] {logging_mixin.py:190} INFO - [2025-03-08T23:40:34.641+0000] {dag.py:4180} INFO - Setting next_dagrun for example_branch_dop_operator_v3 to 2025-03-08 23:39:00+00:00, run_after=2025-03-08 23:40:00+00:00
[2025-03-08T23:40:34.657+0000] {processor.py:208} INFO - Processing /home/airflow/.local/lib/python3.12/site-packages/airflow/example_dags/example_branch_python_dop_operator_3.py took 0.068 seconds
[2025-03-08T23:41:05.451+0000] {processor.py:186} INFO - Started process (PID=545) to work on /home/airflow/.local/lib/python3.12/site-packages/airflow/example_dags/example_branch_python_dop_operator_3.py
[2025-03-08T23:41:05.451+0000] {processor.py:914} INFO - Processing file /home/airflow/.local/lib/python3.12/site-packages/airflow/example_dags/example_branch_python_dop_operator_3.py for tasks to queue
[2025-03-08T23:41:05.454+0000] {logging_mixin.py:190} INFO - [2025-03-08T23:41:05.454+0000] {dagbag.py:588} INFO - Filling up the DagBag from /home/airflow/.local/lib/python3.12/site-packages/airflow/example_dags/example_branch_python_dop_operator_3.py
[2025-03-08T23:41:05.462+0000] {processor.py:925} INFO - DAG(s) 'example_branch_dop_operator_v3' retrieved from /home/airflow/.local/lib/python3.12/site-packages/airflow/example_dags/example_branch_python_dop_operator_3.py
[2025-03-08T23:41:05.477+0000] {logging_mixin.py:190} INFO - [2025-03-08T23:41:05.477+0000] {dag.py:3239} INFO - Sync 1 DAGs
[2025-03-08T23:41:05.498+0000] {logging_mixin.py:190} INFO - [2025-03-08T23:41:05.497+0000] {dag.py:4180} INFO - Setting next_dagrun for example_branch_dop_operator_v3 to 2025-03-08 23:40:00+00:00, run_after=2025-03-08 23:41:00+00:00
[2025-03-08T23:41:05.515+0000] {processor.py:208} INFO - Processing /home/airflow/.local/lib/python3.12/site-packages/airflow/example_dags/example_branch_python_dop_operator_3.py took 0.068 seconds
[2025-03-08T23:41:35.907+0000] {processor.py:186} INFO - Started process (PID=608) to work on /home/airflow/.local/lib/python3.12/site-packages/airflow/example_dags/example_branch_python_dop_operator_3.py
[2025-03-08T23:41:35.908+0000] {processor.py:914} INFO - Processing file /home/airflow/.local/lib/python3.12/site-packages/airflow/example_dags/example_branch_python_dop_operator_3.py for tasks to queue
[2025-03-08T23:41:35.910+0000] {logging_mixin.py:190} INFO - [2025-03-08T23:41:35.910+0000] {dagbag.py:588} INFO - Filling up the DagBag from /home/airflow/.local/lib/python3.12/site-packages/airflow/example_dags/example_branch_python_dop_operator_3.py
[2025-03-08T23:41:35.918+0000] {processor.py:925} INFO - DAG(s) 'example_branch_dop_operator_v3' retrieved from /home/airflow/.local/lib/python3.12/site-packages/airflow/example_dags/example_branch_python_dop_operator_3.py
[2025-03-08T23:41:35.934+0000] {logging_mixin.py:190} INFO - [2025-03-08T23:41:35.933+0000] {dag.py:3239} INFO - Sync 1 DAGs
[2025-03-08T23:41:35.955+0000] {logging_mixin.py:190} INFO - [2025-03-08T23:41:35.955+0000] {dag.py:4180} INFO - Setting next_dagrun for example_branch_dop_operator_v3 to 2025-03-08 23:40:00+00:00, run_after=2025-03-08 23:41:00+00:00
[2025-03-08T23:41:35.976+0000] {processor.py:208} INFO - Processing /home/airflow/.local/lib/python3.12/site-packages/airflow/example_dags/example_branch_python_dop_operator_3.py took 0.073 seconds
[2025-03-08T23:42:07.595+0000] {processor.py:186} INFO - Started process (PID=671) to work on /home/airflow/.local/lib/python3.12/site-packages/airflow/example_dags/example_branch_python_dop_operator_3.py
[2025-03-08T23:42:07.596+0000] {processor.py:914} INFO - Processing file /home/airflow/.local/lib/python3.12/site-packages/airflow/example_dags/example_branch_python_dop_operator_3.py for tasks to queue
[2025-03-08T23:42:07.598+0000] {logging_mixin.py:190} INFO - [2025-03-08T23:42:07.597+0000] {dagbag.py:588} INFO - Filling up the DagBag from /home/airflow/.local/lib/python3.12/site-packages/airflow/example_dags/example_branch_python_dop_operator_3.py
[2025-03-08T23:42:07.604+0000] {processor.py:925} INFO - DAG(s) 'example_branch_dop_operator_v3' retrieved from /home/airflow/.local/lib/python3.12/site-packages/airflow/example_dags/example_branch_python_dop_operator_3.py
[2025-03-08T23:42:07.620+0000] {logging_mixin.py:190} INFO - [2025-03-08T23:42:07.620+0000] {dag.py:3239} INFO - Sync 1 DAGs
[2025-03-08T23:42:07.640+0000] {logging_mixin.py:190} INFO - [2025-03-08T23:42:07.640+0000] {dag.py:4180} INFO - Setting next_dagrun for example_branch_dop_operator_v3 to 2025-03-08 23:41:00+00:00, run_after=2025-03-08 23:42:00+00:00
[2025-03-08T23:42:07.656+0000] {processor.py:208} INFO - Processing /home/airflow/.local/lib/python3.12/site-packages/airflow/example_dags/example_branch_python_dop_operator_3.py took 0.066 seconds
[2025-03-08T23:42:39.476+0000] {processor.py:186} INFO - Started process (PID=734) to work on /home/airflow/.local/lib/python3.12/site-packages/airflow/example_dags/example_branch_python_dop_operator_3.py
[2025-03-08T23:42:39.477+0000] {processor.py:914} INFO - Processing file /home/airflow/.local/lib/python3.12/site-packages/airflow/example_dags/example_branch_python_dop_operator_3.py for tasks to queue
[2025-03-08T23:42:39.479+0000] {logging_mixin.py:190} INFO - [2025-03-08T23:42:39.479+0000] {dagbag.py:588} INFO - Filling up the DagBag from /home/airflow/.local/lib/python3.12/site-packages/airflow/example_dags/example_branch_python_dop_operator_3.py
[2025-03-08T23:42:39.487+0000] {processor.py:925} INFO - DAG(s) 'example_branch_dop_operator_v3' retrieved from /home/airflow/.local/lib/python3.12/site-packages/airflow/example_dags/example_branch_python_dop_operator_3.py
[2025-03-08T23:42:39.503+0000] {logging_mixin.py:190} INFO - [2025-03-08T23:42:39.503+0000] {dag.py:3239} INFO - Sync 1 DAGs
[2025-03-08T23:42:39.523+0000] {logging_mixin.py:190} INFO - [2025-03-08T23:42:39.523+0000] {dag.py:4180} INFO - Setting next_dagrun for example_branch_dop_operator_v3 to 2025-03-08 23:41:00+00:00, run_after=2025-03-08 23:42:00+00:00
[2025-03-08T23:42:39.539+0000] {processor.py:208} INFO - Processing /home/airflow/.local/lib/python3.12/site-packages/airflow/example_dags/example_branch_python_dop_operator_3.py took 0.067 seconds
[2025-03-08T23:43:10.545+0000] {processor.py:186} INFO - Started process (PID=798) to work on /home/airflow/.local/lib/python3.12/site-packages/airflow/example_dags/example_branch_python_dop_operator_3.py
[2025-03-08T23:43:10.546+0000] {processor.py:914} INFO - Processing file /home/airflow/.local/lib/python3.12/site-packages/airflow/example_dags/example_branch_python_dop_operator_3.py for tasks to queue
[2025-03-08T23:43:10.548+0000] {logging_mixin.py:190} INFO - [2025-03-08T23:43:10.547+0000] {dagbag.py:588} INFO - Filling up the DagBag from /home/airflow/.local/lib/python3.12/site-packages/airflow/example_dags/example_branch_python_dop_operator_3.py
[2025-03-08T23:43:10.555+0000] {processor.py:925} INFO - DAG(s) 'example_branch_dop_operator_v3' retrieved from /home/airflow/.local/lib/python3.12/site-packages/airflow/example_dags/example_branch_python_dop_operator_3.py
[2025-03-08T23:43:10.576+0000] {logging_mixin.py:190} INFO - [2025-03-08T23:43:10.576+0000] {dag.py:3239} INFO - Sync 1 DAGs
[2025-03-08T23:43:10.597+0000] {logging_mixin.py:190} INFO - [2025-03-08T23:43:10.597+0000] {dag.py:4180} INFO - Setting next_dagrun for example_branch_dop_operator_v3 to 2025-03-08 23:42:00+00:00, run_after=2025-03-08 23:43:00+00:00
[2025-03-08T23:43:10.617+0000] {processor.py:208} INFO - Processing /home/airflow/.local/lib/python3.12/site-packages/airflow/example_dags/example_branch_python_dop_operator_3.py took 0.076 seconds
[2025-03-08T23:43:40.982+0000] {processor.py:186} INFO - Started process (PID=861) to work on /home/airflow/.local/lib/python3.12/site-packages/airflow/example_dags/example_branch_python_dop_operator_3.py
[2025-03-08T23:43:40.983+0000] {processor.py:914} INFO - Processing file /home/airflow/.local/lib/python3.12/site-packages/airflow/example_dags/example_branch_python_dop_operator_3.py for tasks to queue
[2025-03-08T23:43:40.984+0000] {logging_mixin.py:190} INFO - [2025-03-08T23:43:40.984+0000] {dagbag.py:588} INFO - Filling up the DagBag from /home/airflow/.local/lib/python3.12/site-packages/airflow/example_dags/example_branch_python_dop_operator_3.py
[2025-03-08T23:43:40.990+0000] {processor.py:925} INFO - DAG(s) 'example_branch_dop_operator_v3' retrieved from /home/airflow/.local/lib/python3.12/site-packages/airflow/example_dags/example_branch_python_dop_operator_3.py
[2025-03-08T23:43:41.003+0000] {logging_mixin.py:190} INFO - [2025-03-08T23:43:41.003+0000] {dag.py:3239} INFO - Sync 1 DAGs
[2025-03-08T23:43:41.021+0000] {logging_mixin.py:190} INFO - [2025-03-08T23:43:41.021+0000] {dag.py:4180} INFO - Setting next_dagrun for example_branch_dop_operator_v3 to 2025-03-08 23:42:00+00:00, run_after=2025-03-08 23:43:00+00:00
[2025-03-08T23:43:41.036+0000] {processor.py:208} INFO - Processing /home/airflow/.local/lib/python3.12/site-packages/airflow/example_dags/example_branch_python_dop_operator_3.py took 0.058 seconds
[2025-03-08T23:44:11.457+0000] {processor.py:186} INFO - Started process (PID=924) to work on /home/airflow/.local/lib/python3.12/site-packages/airflow/example_dags/example_branch_python_dop_operator_3.py
[2025-03-08T23:44:11.458+0000] {processor.py:914} INFO - Processing file /home/airflow/.local/lib/python3.12/site-packages/airflow/example_dags/example_branch_python_dop_operator_3.py for tasks to queue
[2025-03-08T23:44:11.460+0000] {logging_mixin.py:190} INFO - [2025-03-08T23:44:11.460+0000] {dagbag.py:588} INFO - Filling up the DagBag from /home/airflow/.local/lib/python3.12/site-packages/airflow/example_dags/example_branch_python_dop_operator_3.py
[2025-03-08T23:44:11.467+0000] {processor.py:925} INFO - DAG(s) 'example_branch_dop_operator_v3' retrieved from /home/airflow/.local/lib/python3.12/site-packages/airflow/example_dags/example_branch_python_dop_operator_3.py
[2025-03-08T23:44:11.482+0000] {logging_mixin.py:190} INFO - [2025-03-08T23:44:11.482+0000] {dag.py:3239} INFO - Sync 1 DAGs
[2025-03-08T23:44:11.504+0000] {logging_mixin.py:190} INFO - [2025-03-08T23:44:11.504+0000] {dag.py:4180} INFO - Setting next_dagrun for example_branch_dop_operator_v3 to 2025-03-08 23:43:00+00:00, run_after=2025-03-08 23:44:00+00:00
[2025-03-08T23:44:11.522+0000] {processor.py:208} INFO - Processing /home/airflow/.local/lib/python3.12/site-packages/airflow/example_dags/example_branch_python_dop_operator_3.py took 0.069 seconds
[2025-03-08T23:44:42.557+0000] {processor.py:186} INFO - Started process (PID=987) to work on /home/airflow/.local/lib/python3.12/site-packages/airflow/example_dags/example_branch_python_dop_operator_3.py
[2025-03-08T23:44:42.557+0000] {processor.py:914} INFO - Processing file /home/airflow/.local/lib/python3.12/site-packages/airflow/example_dags/example_branch_python_dop_operator_3.py for tasks to queue
[2025-03-08T23:44:42.559+0000] {logging_mixin.py:190} INFO - [2025-03-08T23:44:42.559+0000] {dagbag.py:588} INFO - Filling up the DagBag from /home/airflow/.local/lib/python3.12/site-packages/airflow/example_dags/example_branch_python_dop_operator_3.py
[2025-03-08T23:44:42.566+0000] {processor.py:925} INFO - DAG(s) 'example_branch_dop_operator_v3' retrieved from /home/airflow/.local/lib/python3.12/site-packages/airflow/example_dags/example_branch_python_dop_operator_3.py
[2025-03-08T23:44:42.583+0000] {logging_mixin.py:190} INFO - [2025-03-08T23:44:42.583+0000] {dag.py:3239} INFO - Sync 1 DAGs
[2025-03-08T23:44:42.603+0000] {logging_mixin.py:190} INFO - [2025-03-08T23:44:42.603+0000] {dag.py:4180} INFO - Setting next_dagrun for example_branch_dop_operator_v3 to 2025-03-08 23:43:00+00:00, run_after=2025-03-08 23:44:00+00:00
[2025-03-08T23:44:42.619+0000] {processor.py:208} INFO - Processing /home/airflow/.local/lib/python3.12/site-packages/airflow/example_dags/example_branch_python_dop_operator_3.py took 0.067 seconds
[2025-03-08T23:45:13.520+0000] {processor.py:186} INFO - Started process (PID=1050) to work on /home/airflow/.local/lib/python3.12/site-packages/airflow/example_dags/example_branch_python_dop_operator_3.py
[2025-03-08T23:45:13.520+0000] {processor.py:914} INFO - Processing file /home/airflow/.local/lib/python3.12/site-packages/airflow/example_dags/example_branch_python_dop_operator_3.py for tasks to queue
[2025-03-08T23:45:13.522+0000] {logging_mixin.py:190} INFO - [2025-03-08T23:45:13.522+0000] {dagbag.py:588} INFO - Filling up the DagBag from /home/airflow/.local/lib/python3.12/site-packages/airflow/example_dags/example_branch_python_dop_operator_3.py
[2025-03-08T23:45:13.528+0000] {processor.py:925} INFO - DAG(s) 'example_branch_dop_operator_v3' retrieved from /home/airflow/.local/lib/python3.12/site-packages/airflow/example_dags/example_branch_python_dop_operator_3.py
[2025-03-08T23:45:13.544+0000] {logging_mixin.py:190} INFO - [2025-03-08T23:45:13.544+0000] {dag.py:3239} INFO - Sync 1 DAGs
[2025-03-08T23:45:13.562+0000] {logging_mixin.py:190} INFO - [2025-03-08T23:45:13.562+0000] {dag.py:4180} INFO - Setting next_dagrun for example_branch_dop_operator_v3 to 2025-03-08 23:44:00+00:00, run_after=2025-03-08 23:45:00+00:00
[2025-03-08T23:45:13.576+0000] {processor.py:208} INFO - Processing /home/airflow/.local/lib/python3.12/site-packages/airflow/example_dags/example_branch_python_dop_operator_3.py took 0.060 seconds
[2025-03-08T23:45:44.528+0000] {processor.py:186} INFO - Started process (PID=1113) to work on /home/airflow/.local/lib/python3.12/site-packages/airflow/example_dags/example_branch_python_dop_operator_3.py
[2025-03-08T23:45:44.529+0000] {processor.py:914} INFO - Processing file /home/airflow/.local/lib/python3.12/site-packages/airflow/example_dags/example_branch_python_dop_operator_3.py for tasks to queue
[2025-03-08T23:45:44.531+0000] {logging_mixin.py:190} INFO - [2025-03-08T23:45:44.531+0000] {dagbag.py:588} INFO - Filling up the DagBag from /home/airflow/.local/lib/python3.12/site-packages/airflow/example_dags/example_branch_python_dop_operator_3.py
[2025-03-08T23:45:44.539+0000] {processor.py:925} INFO - DAG(s) 'example_branch_dop_operator_v3' retrieved from /home/airflow/.local/lib/python3.12/site-packages/airflow/example_dags/example_branch_python_dop_operator_3.py
[2025-03-08T23:45:44.554+0000] {logging_mixin.py:190} INFO - [2025-03-08T23:45:44.554+0000] {dag.py:3239} INFO - Sync 1 DAGs
[2025-03-08T23:45:44.575+0000] {logging_mixin.py:190} INFO - [2025-03-08T23:45:44.574+0000] {dag.py:4180} INFO - Setting next_dagrun for example_branch_dop_operator_v3 to 2025-03-08 23:44:00+00:00, run_after=2025-03-08 23:45:00+00:00
[2025-03-08T23:45:44.591+0000] {processor.py:208} INFO - Processing /home/airflow/.local/lib/python3.12/site-packages/airflow/example_dags/example_branch_python_dop_operator_3.py took 0.067 seconds
[2025-03-08T23:46:15.532+0000] {processor.py:186} INFO - Started process (PID=1176) to work on /home/airflow/.local/lib/python3.12/site-packages/airflow/example_dags/example_branch_python_dop_operator_3.py
[2025-03-08T23:46:15.533+0000] {processor.py:914} INFO - Processing file /home/airflow/.local/lib/python3.12/site-packages/airflow/example_dags/example_branch_python_dop_operator_3.py for tasks to queue
[2025-03-08T23:46:15.535+0000] {logging_mixin.py:190} INFO - [2025-03-08T23:46:15.535+0000] {dagbag.py:588} INFO - Filling up the DagBag from /home/airflow/.local/lib/python3.12/site-packages/airflow/example_dags/example_branch_python_dop_operator_3.py
[2025-03-08T23:46:15.542+0000] {processor.py:925} INFO - DAG(s) 'example_branch_dop_operator_v3' retrieved from /home/airflow/.local/lib/python3.12/site-packages/airflow/example_dags/example_branch_python_dop_operator_3.py
[2025-03-08T23:46:15.558+0000] {logging_mixin.py:190} INFO - [2025-03-08T23:46:15.558+0000] {dag.py:3239} INFO - Sync 1 DAGs
[2025-03-08T23:46:15.577+0000] {logging_mixin.py:190} INFO - [2025-03-08T23:46:15.577+0000] {dag.py:4180} INFO - Setting next_dagrun for example_branch_dop_operator_v3 to 2025-03-08 23:45:00+00:00, run_after=2025-03-08 23:46:00+00:00
[2025-03-08T23:46:15.592+0000] {processor.py:208} INFO - Processing /home/airflow/.local/lib/python3.12/site-packages/airflow/example_dags/example_branch_python_dop_operator_3.py took 0.063 seconds
[2025-03-08T23:46:46.561+0000] {processor.py:186} INFO - Started process (PID=1239) to work on /home/airflow/.local/lib/python3.12/site-packages/airflow/example_dags/example_branch_python_dop_operator_3.py
[2025-03-08T23:46:46.561+0000] {processor.py:914} INFO - Processing file /home/airflow/.local/lib/python3.12/site-packages/airflow/example_dags/example_branch_python_dop_operator_3.py for tasks to queue
[2025-03-08T23:46:46.563+0000] {logging_mixin.py:190} INFO - [2025-03-08T23:46:46.563+0000] {dagbag.py:588} INFO - Filling up the DagBag from /home/airflow/.local/lib/python3.12/site-packages/airflow/example_dags/example_branch_python_dop_operator_3.py
[2025-03-08T23:46:46.570+0000] {processor.py:925} INFO - DAG(s) 'example_branch_dop_operator_v3' retrieved from /home/airflow/.local/lib/python3.12/site-packages/airflow/example_dags/example_branch_python_dop_operator_3.py
[2025-03-08T23:46:46.584+0000] {logging_mixin.py:190} INFO - [2025-03-08T23:46:46.584+0000] {dag.py:3239} INFO - Sync 1 DAGs
[2025-03-08T23:46:46.601+0000] {logging_mixin.py:190} INFO - [2025-03-08T23:46:46.601+0000] {dag.py:4180} INFO - Setting next_dagrun for example_branch_dop_operator_v3 to 2025-03-08 23:45:00+00:00, run_after=2025-03-08 23:46:00+00:00
[2025-03-08T23:46:46.614+0000] {processor.py:208} INFO - Processing /home/airflow/.local/lib/python3.12/site-packages/airflow/example_dags/example_branch_python_dop_operator_3.py took 0.057 seconds
[2025-03-08T23:47:17.308+0000] {processor.py:186} INFO - Started process (PID=1302) to work on /home/airflow/.local/lib/python3.12/site-packages/airflow/example_dags/example_branch_python_dop_operator_3.py
[2025-03-08T23:47:17.308+0000] {processor.py:914} INFO - Processing file /home/airflow/.local/lib/python3.12/site-packages/airflow/example_dags/example_branch_python_dop_operator_3.py for tasks to queue
[2025-03-08T23:47:17.311+0000] {logging_mixin.py:190} INFO - [2025-03-08T23:47:17.310+0000] {dagbag.py:588} INFO - Filling up the DagBag from /home/airflow/.local/lib/python3.12/site-packages/airflow/example_dags/example_branch_python_dop_operator_3.py
[2025-03-08T23:47:17.317+0000] {processor.py:925} INFO - DAG(s) 'example_branch_dop_operator_v3' retrieved from /home/airflow/.local/lib/python3.12/site-packages/airflow/example_dags/example_branch_python_dop_operator_3.py
[2025-03-08T23:47:17.333+0000] {logging_mixin.py:190} INFO - [2025-03-08T23:47:17.333+0000] {dag.py:3239} INFO - Sync 1 DAGs
[2025-03-08T23:47:17.352+0000] {logging_mixin.py:190} INFO - [2025-03-08T23:47:17.352+0000] {dag.py:4180} INFO - Setting next_dagrun for example_branch_dop_operator_v3 to 2025-03-08 23:46:00+00:00, run_after=2025-03-08 23:47:00+00:00
[2025-03-08T23:47:17.370+0000] {processor.py:208} INFO - Processing /home/airflow/.local/lib/python3.12/site-packages/airflow/example_dags/example_branch_python_dop_operator_3.py took 0.066 seconds
[2025-03-08T23:47:48.145+0000] {processor.py:186} INFO - Started process (PID=1365) to work on /home/airflow/.local/lib/python3.12/site-packages/airflow/example_dags/example_branch_python_dop_operator_3.py
[2025-03-08T23:47:48.146+0000] {processor.py:914} INFO - Processing file /home/airflow/.local/lib/python3.12/site-packages/airflow/example_dags/example_branch_python_dop_operator_3.py for tasks to queue
[2025-03-08T23:47:48.147+0000] {logging_mixin.py:190} INFO - [2025-03-08T23:47:48.147+0000] {dagbag.py:588} INFO - Filling up the DagBag from /home/airflow/.local/lib/python3.12/site-packages/airflow/example_dags/example_branch_python_dop_operator_3.py
[2025-03-08T23:47:48.154+0000] {processor.py:925} INFO - DAG(s) 'example_branch_dop_operator_v3' retrieved from /home/airflow/.local/lib/python3.12/site-packages/airflow/example_dags/example_branch_python_dop_operator_3.py
[2025-03-08T23:47:48.168+0000] {logging_mixin.py:190} INFO - [2025-03-08T23:47:48.168+0000] {dag.py:3239} INFO - Sync 1 DAGs
[2025-03-08T23:47:48.186+0000] {logging_mixin.py:190} INFO - [2025-03-08T23:47:48.185+0000] {dag.py:4180} INFO - Setting next_dagrun for example_branch_dop_operator_v3 to 2025-03-08 23:46:00+00:00, run_after=2025-03-08 23:47:00+00:00
[2025-03-08T23:47:48.200+0000] {processor.py:208} INFO - Processing /home/airflow/.local/lib/python3.12/site-packages/airflow/example_dags/example_branch_python_dop_operator_3.py took 0.059 seconds
[2025-03-08T23:48:18.940+0000] {processor.py:186} INFO - Started process (PID=1428) to work on /home/airflow/.local/lib/python3.12/site-packages/airflow/example_dags/example_branch_python_dop_operator_3.py
[2025-03-08T23:48:18.941+0000] {processor.py:914} INFO - Processing file /home/airflow/.local/lib/python3.12/site-packages/airflow/example_dags/example_branch_python_dop_operator_3.py for tasks to queue
[2025-03-08T23:48:18.942+0000] {logging_mixin.py:190} INFO - [2025-03-08T23:48:18.942+0000] {dagbag.py:588} INFO - Filling up the DagBag from /home/airflow/.local/lib/python3.12/site-packages/airflow/example_dags/example_branch_python_dop_operator_3.py
[2025-03-08T23:48:18.949+0000] {processor.py:925} INFO - DAG(s) 'example_branch_dop_operator_v3' retrieved from /home/airflow/.local/lib/python3.12/site-packages/airflow/example_dags/example_branch_python_dop_operator_3.py
[2025-03-08T23:48:18.963+0000] {logging_mixin.py:190} INFO - [2025-03-08T23:48:18.962+0000] {dag.py:3239} INFO - Sync 1 DAGs
[2025-03-08T23:48:18.981+0000] {logging_mixin.py:190} INFO - [2025-03-08T23:48:18.981+0000] {dag.py:4180} INFO - Setting next_dagrun for example_branch_dop_operator_v3 to 2025-03-08 23:47:00+00:00, run_after=2025-03-08 23:48:00+00:00
[2025-03-08T23:48:18.995+0000] {processor.py:208} INFO - Processing /home/airflow/.local/lib/python3.12/site-packages/airflow/example_dags/example_branch_python_dop_operator_3.py took 0.059 seconds
[2025-03-08T23:48:49.818+0000] {processor.py:186} INFO - Started process (PID=1491) to work on /home/airflow/.local/lib/python3.12/site-packages/airflow/example_dags/example_branch_python_dop_operator_3.py
[2025-03-08T23:48:49.818+0000] {processor.py:914} INFO - Processing file /home/airflow/.local/lib/python3.12/site-packages/airflow/example_dags/example_branch_python_dop_operator_3.py for tasks to queue
[2025-03-08T23:48:49.820+0000] {logging_mixin.py:190} INFO - [2025-03-08T23:48:49.820+0000] {dagbag.py:588} INFO - Filling up the DagBag from /home/airflow/.local/lib/python3.12/site-packages/airflow/example_dags/example_branch_python_dop_operator_3.py
[2025-03-08T23:48:49.827+0000] {processor.py:925} INFO - DAG(s) 'example_branch_dop_operator_v3' retrieved from /home/airflow/.local/lib/python3.12/site-packages/airflow/example_dags/example_branch_python_dop_operator_3.py
[2025-03-08T23:48:49.842+0000] {logging_mixin.py:190} INFO - [2025-03-08T23:48:49.842+0000] {dag.py:3239} INFO - Sync 1 DAGs
[2025-03-08T23:48:49.866+0000] {logging_mixin.py:190} INFO - [2025-03-08T23:48:49.865+0000] {dag.py:4180} INFO - Setting next_dagrun for example_branch_dop_operator_v3 to 2025-03-08 23:47:00+00:00, run_after=2025-03-08 23:48:00+00:00
[2025-03-08T23:48:49.884+0000] {processor.py:208} INFO - Processing /home/airflow/.local/lib/python3.12/site-packages/airflow/example_dags/example_branch_python_dop_operator_3.py took 0.070 seconds
[2025-03-08T23:49:21.025+0000] {processor.py:186} INFO - Started process (PID=1554) to work on /home/airflow/.local/lib/python3.12/site-packages/airflow/example_dags/example_branch_python_dop_operator_3.py
[2025-03-08T23:49:21.026+0000] {processor.py:914} INFO - Processing file /home/airflow/.local/lib/python3.12/site-packages/airflow/example_dags/example_branch_python_dop_operator_3.py for tasks to queue
[2025-03-08T23:49:21.029+0000] {logging_mixin.py:190} INFO - [2025-03-08T23:49:21.029+0000] {dagbag.py:588} INFO - Filling up the DagBag from /home/airflow/.local/lib/python3.12/site-packages/airflow/example_dags/example_branch_python_dop_operator_3.py
[2025-03-08T23:49:21.039+0000] {processor.py:925} INFO - DAG(s) 'example_branch_dop_operator_v3' retrieved from /home/airflow/.local/lib/python3.12/site-packages/airflow/example_dags/example_branch_python_dop_operator_3.py
[2025-03-08T23:49:21.057+0000] {logging_mixin.py:190} INFO - [2025-03-08T23:49:21.057+0000] {dag.py:3239} INFO - Sync 1 DAGs
[2025-03-08T23:49:21.082+0000] {logging_mixin.py:190} INFO - [2025-03-08T23:49:21.082+0000] {dag.py:4180} INFO - Setting next_dagrun for example_branch_dop_operator_v3 to 2025-03-08 23:48:00+00:00, run_after=2025-03-08 23:49:00+00:00
[2025-03-08T23:49:21.103+0000] {processor.py:208} INFO - Processing /home/airflow/.local/lib/python3.12/site-packages/airflow/example_dags/example_branch_python_dop_operator_3.py took 0.084 seconds
[2025-03-08T23:49:52.203+0000] {processor.py:186} INFO - Started process (PID=1617) to work on /home/airflow/.local/lib/python3.12/site-packages/airflow/example_dags/example_branch_python_dop_operator_3.py
[2025-03-08T23:49:52.204+0000] {processor.py:914} INFO - Processing file /home/airflow/.local/lib/python3.12/site-packages/airflow/example_dags/example_branch_python_dop_operator_3.py for tasks to queue
[2025-03-08T23:49:52.205+0000] {logging_mixin.py:190} INFO - [2025-03-08T23:49:52.205+0000] {dagbag.py:588} INFO - Filling up the DagBag from /home/airflow/.local/lib/python3.12/site-packages/airflow/example_dags/example_branch_python_dop_operator_3.py
[2025-03-08T23:49:52.212+0000] {processor.py:925} INFO - DAG(s) 'example_branch_dop_operator_v3' retrieved from /home/airflow/.local/lib/python3.12/site-packages/airflow/example_dags/example_branch_python_dop_operator_3.py
[2025-03-08T23:49:52.227+0000] {logging_mixin.py:190} INFO - [2025-03-08T23:49:52.227+0000] {dag.py:3239} INFO - Sync 1 DAGs
[2025-03-08T23:49:52.247+0000] {logging_mixin.py:190} INFO - [2025-03-08T23:49:52.247+0000] {dag.py:4180} INFO - Setting next_dagrun for example_branch_dop_operator_v3 to 2025-03-08 23:48:00+00:00, run_after=2025-03-08 23:49:00+00:00
[2025-03-08T23:49:52.263+0000] {processor.py:208} INFO - Processing /home/airflow/.local/lib/python3.12/site-packages/airflow/example_dags/example_branch_python_dop_operator_3.py took 0.063 seconds
[2025-03-08T23:50:23.778+0000] {processor.py:186} INFO - Started process (PID=1680) to work on /home/airflow/.local/lib/python3.12/site-packages/airflow/example_dags/example_branch_python_dop_operator_3.py
[2025-03-08T23:50:23.779+0000] {processor.py:914} INFO - Processing file /home/airflow/.local/lib/python3.12/site-packages/airflow/example_dags/example_branch_python_dop_operator_3.py for tasks to queue
[2025-03-08T23:50:23.780+0000] {logging_mixin.py:190} INFO - [2025-03-08T23:50:23.780+0000] {dagbag.py:588} INFO - Filling up the DagBag from /home/airflow/.local/lib/python3.12/site-packages/airflow/example_dags/example_branch_python_dop_operator_3.py
[2025-03-08T23:50:23.788+0000] {processor.py:925} INFO - DAG(s) 'example_branch_dop_operator_v3' retrieved from /home/airflow/.local/lib/python3.12/site-packages/airflow/example_dags/example_branch_python_dop_operator_3.py
[2025-03-08T23:50:23.805+0000] {logging_mixin.py:190} INFO - [2025-03-08T23:50:23.805+0000] {dag.py:3239} INFO - Sync 1 DAGs
[2025-03-08T23:50:23.823+0000] {logging_mixin.py:190} INFO - [2025-03-08T23:50:23.823+0000] {dag.py:4180} INFO - Setting next_dagrun for example_branch_dop_operator_v3 to 2025-03-08 23:49:00+00:00, run_after=2025-03-08 23:50:00+00:00
[2025-03-08T23:50:23.836+0000] {processor.py:208} INFO - Processing /home/airflow/.local/lib/python3.12/site-packages/airflow/example_dags/example_branch_python_dop_operator_3.py took 0.062 seconds
[2025-03-08T23:50:54.621+0000] {processor.py:186} INFO - Started process (PID=1743) to work on /home/airflow/.local/lib/python3.12/site-packages/airflow/example_dags/example_branch_python_dop_operator_3.py
[2025-03-08T23:50:54.622+0000] {processor.py:914} INFO - Processing file /home/airflow/.local/lib/python3.12/site-packages/airflow/example_dags/example_branch_python_dop_operator_3.py for tasks to queue
[2025-03-08T23:50:54.623+0000] {logging_mixin.py:190} INFO - [2025-03-08T23:50:54.623+0000] {dagbag.py:588} INFO - Filling up the DagBag from /home/airflow/.local/lib/python3.12/site-packages/airflow/example_dags/example_branch_python_dop_operator_3.py
[2025-03-08T23:50:54.630+0000] {processor.py:925} INFO - DAG(s) 'example_branch_dop_operator_v3' retrieved from /home/airflow/.local/lib/python3.12/site-packages/airflow/example_dags/example_branch_python_dop_operator_3.py
[2025-03-08T23:50:54.644+0000] {logging_mixin.py:190} INFO - [2025-03-08T23:50:54.644+0000] {dag.py:3239} INFO - Sync 1 DAGs
[2025-03-08T23:50:54.663+0000] {logging_mixin.py:190} INFO - [2025-03-08T23:50:54.663+0000] {dag.py:4180} INFO - Setting next_dagrun for example_branch_dop_operator_v3 to 2025-03-08 23:49:00+00:00, run_after=2025-03-08 23:50:00+00:00
[2025-03-08T23:50:54.677+0000] {processor.py:208} INFO - Processing /home/airflow/.local/lib/python3.12/site-packages/airflow/example_dags/example_branch_python_dop_operator_3.py took 0.060 seconds
[2025-03-08T23:51:25.735+0000] {processor.py:186} INFO - Started process (PID=1806) to work on /home/airflow/.local/lib/python3.12/site-packages/airflow/example_dags/example_branch_python_dop_operator_3.py
[2025-03-08T23:51:25.736+0000] {processor.py:914} INFO - Processing file /home/airflow/.local/lib/python3.12/site-packages/airflow/example_dags/example_branch_python_dop_operator_3.py for tasks to queue
[2025-03-08T23:51:25.738+0000] {logging_mixin.py:190} INFO - [2025-03-08T23:51:25.738+0000] {dagbag.py:588} INFO - Filling up the DagBag from /home/airflow/.local/lib/python3.12/site-packages/airflow/example_dags/example_branch_python_dop_operator_3.py
[2025-03-08T23:51:25.746+0000] {processor.py:925} INFO - DAG(s) 'example_branch_dop_operator_v3' retrieved from /home/airflow/.local/lib/python3.12/site-packages/airflow/example_dags/example_branch_python_dop_operator_3.py
[2025-03-08T23:51:25.764+0000] {logging_mixin.py:190} INFO - [2025-03-08T23:51:25.764+0000] {dag.py:3239} INFO - Sync 1 DAGs
[2025-03-08T23:51:25.786+0000] {logging_mixin.py:190} INFO - [2025-03-08T23:51:25.786+0000] {dag.py:4180} INFO - Setting next_dagrun for example_branch_dop_operator_v3 to 2025-03-08 23:50:00+00:00, run_after=2025-03-08 23:51:00+00:00
[2025-03-08T23:51:25.800+0000] {processor.py:208} INFO - Processing /home/airflow/.local/lib/python3.12/site-packages/airflow/example_dags/example_branch_python_dop_operator_3.py took 0.069 seconds
[2025-03-08T23:51:56.546+0000] {processor.py:186} INFO - Started process (PID=1869) to work on /home/airflow/.local/lib/python3.12/site-packages/airflow/example_dags/example_branch_python_dop_operator_3.py
[2025-03-08T23:51:56.547+0000] {processor.py:914} INFO - Processing file /home/airflow/.local/lib/python3.12/site-packages/airflow/example_dags/example_branch_python_dop_operator_3.py for tasks to queue
[2025-03-08T23:51:56.548+0000] {logging_mixin.py:190} INFO - [2025-03-08T23:51:56.548+0000] {dagbag.py:588} INFO - Filling up the DagBag from /home/airflow/.local/lib/python3.12/site-packages/airflow/example_dags/example_branch_python_dop_operator_3.py
[2025-03-08T23:51:56.555+0000] {processor.py:925} INFO - DAG(s) 'example_branch_dop_operator_v3' retrieved from /home/airflow/.local/lib/python3.12/site-packages/airflow/example_dags/example_branch_python_dop_operator_3.py
[2025-03-08T23:51:56.570+0000] {logging_mixin.py:190} INFO - [2025-03-08T23:51:56.570+0000] {dag.py:3239} INFO - Sync 1 DAGs
[2025-03-08T23:51:56.590+0000] {logging_mixin.py:190} INFO - [2025-03-08T23:51:56.590+0000] {dag.py:4180} INFO - Setting next_dagrun for example_branch_dop_operator_v3 to 2025-03-08 23:50:00+00:00, run_after=2025-03-08 23:51:00+00:00
[2025-03-08T23:51:56.604+0000] {processor.py:208} INFO - Processing /home/airflow/.local/lib/python3.12/site-packages/airflow/example_dags/example_branch_python_dop_operator_3.py took 0.063 seconds
[2025-03-08T23:52:27.869+0000] {processor.py:186} INFO - Started process (PID=1933) to work on /home/airflow/.local/lib/python3.12/site-packages/airflow/example_dags/example_branch_python_dop_operator_3.py
[2025-03-08T23:52:27.869+0000] {processor.py:914} INFO - Processing file /home/airflow/.local/lib/python3.12/site-packages/airflow/example_dags/example_branch_python_dop_operator_3.py for tasks to queue
[2025-03-08T23:52:27.872+0000] {logging_mixin.py:190} INFO - [2025-03-08T23:52:27.872+0000] {dagbag.py:588} INFO - Filling up the DagBag from /home/airflow/.local/lib/python3.12/site-packages/airflow/example_dags/example_branch_python_dop_operator_3.py
[2025-03-08T23:52:27.879+0000] {processor.py:925} INFO - DAG(s) 'example_branch_dop_operator_v3' retrieved from /home/airflow/.local/lib/python3.12/site-packages/airflow/example_dags/example_branch_python_dop_operator_3.py
[2025-03-08T23:52:27.896+0000] {logging_mixin.py:190} INFO - [2025-03-08T23:52:27.896+0000] {dag.py:3239} INFO - Sync 1 DAGs
[2025-03-08T23:52:27.917+0000] {logging_mixin.py:190} INFO - [2025-03-08T23:52:27.917+0000] {dag.py:4180} INFO - Setting next_dagrun for example_branch_dop_operator_v3 to 2025-03-08 23:51:00+00:00, run_after=2025-03-08 23:52:00+00:00
[2025-03-08T23:52:27.935+0000] {processor.py:208} INFO - Processing /home/airflow/.local/lib/python3.12/site-packages/airflow/example_dags/example_branch_python_dop_operator_3.py took 0.071 seconds
[2025-03-08T23:52:58.834+0000] {processor.py:186} INFO - Started process (PID=1996) to work on /home/airflow/.local/lib/python3.12/site-packages/airflow/example_dags/example_branch_python_dop_operator_3.py
[2025-03-08T23:52:58.835+0000] {processor.py:914} INFO - Processing file /home/airflow/.local/lib/python3.12/site-packages/airflow/example_dags/example_branch_python_dop_operator_3.py for tasks to queue
[2025-03-08T23:52:58.837+0000] {logging_mixin.py:190} INFO - [2025-03-08T23:52:58.836+0000] {dagbag.py:588} INFO - Filling up the DagBag from /home/airflow/.local/lib/python3.12/site-packages/airflow/example_dags/example_branch_python_dop_operator_3.py
[2025-03-08T23:52:58.850+0000] {processor.py:925} INFO - DAG(s) 'example_branch_dop_operator_v3' retrieved from /home/airflow/.local/lib/python3.12/site-packages/airflow/example_dags/example_branch_python_dop_operator_3.py
[2025-03-08T23:52:58.865+0000] {logging_mixin.py:190} INFO - [2025-03-08T23:52:58.865+0000] {dag.py:3239} INFO - Sync 1 DAGs
[2025-03-08T23:52:58.884+0000] {logging_mixin.py:190} INFO - [2025-03-08T23:52:58.884+0000] {dag.py:4180} INFO - Setting next_dagrun for example_branch_dop_operator_v3 to 2025-03-08 23:51:00+00:00, run_after=2025-03-08 23:52:00+00:00
[2025-03-08T23:52:58.897+0000] {processor.py:208} INFO - Processing /home/airflow/.local/lib/python3.12/site-packages/airflow/example_dags/example_branch_python_dop_operator_3.py took 0.067 seconds
[2025-03-08T23:53:29.521+0000] {processor.py:186} INFO - Started process (PID=2065) to work on /home/airflow/.local/lib/python3.12/site-packages/airflow/example_dags/example_branch_python_dop_operator_3.py
[2025-03-08T23:53:29.523+0000] {processor.py:914} INFO - Processing file /home/airflow/.local/lib/python3.12/site-packages/airflow/example_dags/example_branch_python_dop_operator_3.py for tasks to queue
[2025-03-08T23:53:29.525+0000] {logging_mixin.py:190} INFO - [2025-03-08T23:53:29.525+0000] {dagbag.py:588} INFO - Filling up the DagBag from /home/airflow/.local/lib/python3.12/site-packages/airflow/example_dags/example_branch_python_dop_operator_3.py
[2025-03-08T23:53:29.532+0000] {processor.py:925} INFO - DAG(s) 'example_branch_dop_operator_v3' retrieved from /home/airflow/.local/lib/python3.12/site-packages/airflow/example_dags/example_branch_python_dop_operator_3.py
[2025-03-08T23:53:29.547+0000] {logging_mixin.py:190} INFO - [2025-03-08T23:53:29.547+0000] {dag.py:3239} INFO - Sync 1 DAGs
[2025-03-08T23:53:29.567+0000] {logging_mixin.py:190} INFO - [2025-03-08T23:53:29.567+0000] {dag.py:4180} INFO - Setting next_dagrun for example_branch_dop_operator_v3 to 2025-03-08 23:52:00+00:00, run_after=2025-03-08 23:53:00+00:00
[2025-03-08T23:53:29.583+0000] {processor.py:208} INFO - Processing /home/airflow/.local/lib/python3.12/site-packages/airflow/example_dags/example_branch_python_dop_operator_3.py took 0.067 seconds
[2025-03-08T23:54:00.766+0000] {processor.py:186} INFO - Started process (PID=2128) to work on /home/airflow/.local/lib/python3.12/site-packages/airflow/example_dags/example_branch_python_dop_operator_3.py
[2025-03-08T23:54:00.768+0000] {processor.py:914} INFO - Processing file /home/airflow/.local/lib/python3.12/site-packages/airflow/example_dags/example_branch_python_dop_operator_3.py for tasks to queue
[2025-03-08T23:54:00.771+0000] {logging_mixin.py:190} INFO - [2025-03-08T23:54:00.771+0000] {dagbag.py:588} INFO - Filling up the DagBag from /home/airflow/.local/lib/python3.12/site-packages/airflow/example_dags/example_branch_python_dop_operator_3.py
[2025-03-08T23:54:00.778+0000] {processor.py:925} INFO - DAG(s) 'example_branch_dop_operator_v3' retrieved from /home/airflow/.local/lib/python3.12/site-packages/airflow/example_dags/example_branch_python_dop_operator_3.py
[2025-03-08T23:54:00.795+0000] {logging_mixin.py:190} INFO - [2025-03-08T23:54:00.795+0000] {dag.py:3239} INFO - Sync 1 DAGs
[2025-03-08T23:54:00.815+0000] {logging_mixin.py:190} INFO - [2025-03-08T23:54:00.815+0000] {dag.py:4180} INFO - Setting next_dagrun for example_branch_dop_operator_v3 to 2025-03-08 23:53:00+00:00, run_after=2025-03-08 23:54:00+00:00
[2025-03-08T23:54:00.830+0000] {processor.py:208} INFO - Processing /home/airflow/.local/lib/python3.12/site-packages/airflow/example_dags/example_branch_python_dop_operator_3.py took 0.069 seconds
[2025-03-08T23:54:32.052+0000] {processor.py:186} INFO - Started process (PID=2191) to work on /home/airflow/.local/lib/python3.12/site-packages/airflow/example_dags/example_branch_python_dop_operator_3.py
[2025-03-08T23:54:32.053+0000] {processor.py:914} INFO - Processing file /home/airflow/.local/lib/python3.12/site-packages/airflow/example_dags/example_branch_python_dop_operator_3.py for tasks to queue
[2025-03-08T23:54:32.056+0000] {logging_mixin.py:190} INFO - [2025-03-08T23:54:32.055+0000] {dagbag.py:588} INFO - Filling up the DagBag from /home/airflow/.local/lib/python3.12/site-packages/airflow/example_dags/example_branch_python_dop_operator_3.py
[2025-03-08T23:54:32.063+0000] {processor.py:925} INFO - DAG(s) 'example_branch_dop_operator_v3' retrieved from /home/airflow/.local/lib/python3.12/site-packages/airflow/example_dags/example_branch_python_dop_operator_3.py
[2025-03-08T23:54:32.080+0000] {logging_mixin.py:190} INFO - [2025-03-08T23:54:32.080+0000] {dag.py:3239} INFO - Sync 1 DAGs
[2025-03-08T23:54:32.101+0000] {logging_mixin.py:190} INFO - [2025-03-08T23:54:32.101+0000] {dag.py:4180} INFO - Setting next_dagrun for example_branch_dop_operator_v3 to 2025-03-08 23:53:00+00:00, run_after=2025-03-08 23:54:00+00:00
[2025-03-08T23:54:32.118+0000] {processor.py:208} INFO - Processing /home/airflow/.local/lib/python3.12/site-packages/airflow/example_dags/example_branch_python_dop_operator_3.py took 0.069 seconds
[2025-03-08T23:55:02.550+0000] {processor.py:186} INFO - Started process (PID=2253) to work on /home/airflow/.local/lib/python3.12/site-packages/airflow/example_dags/example_branch_python_dop_operator_3.py
[2025-03-08T23:55:02.551+0000] {processor.py:914} INFO - Processing file /home/airflow/.local/lib/python3.12/site-packages/airflow/example_dags/example_branch_python_dop_operator_3.py for tasks to queue
[2025-03-08T23:55:02.553+0000] {logging_mixin.py:190} INFO - [2025-03-08T23:55:02.552+0000] {dagbag.py:588} INFO - Filling up the DagBag from /home/airflow/.local/lib/python3.12/site-packages/airflow/example_dags/example_branch_python_dop_operator_3.py
[2025-03-08T23:55:02.560+0000] {processor.py:925} INFO - DAG(s) 'example_branch_dop_operator_v3' retrieved from /home/airflow/.local/lib/python3.12/site-packages/airflow/example_dags/example_branch_python_dop_operator_3.py
[2025-03-08T23:55:02.575+0000] {logging_mixin.py:190} INFO - [2025-03-08T23:55:02.575+0000] {dag.py:3239} INFO - Sync 1 DAGs
[2025-03-08T23:55:02.595+0000] {logging_mixin.py:190} INFO - [2025-03-08T23:55:02.595+0000] {dag.py:4180} INFO - Setting next_dagrun for example_branch_dop_operator_v3 to 2025-03-08 23:54:00+00:00, run_after=2025-03-08 23:55:00+00:00
[2025-03-08T23:55:02.611+0000] {processor.py:208} INFO - Processing /home/airflow/.local/lib/python3.12/site-packages/airflow/example_dags/example_branch_python_dop_operator_3.py took 0.065 seconds
[2025-03-08T23:55:33.766+0000] {processor.py:186} INFO - Started process (PID=2316) to work on /home/airflow/.local/lib/python3.12/site-packages/airflow/example_dags/example_branch_python_dop_operator_3.py
[2025-03-08T23:55:33.767+0000] {processor.py:914} INFO - Processing file /home/airflow/.local/lib/python3.12/site-packages/airflow/example_dags/example_branch_python_dop_operator_3.py for tasks to queue
[2025-03-08T23:55:33.769+0000] {logging_mixin.py:190} INFO - [2025-03-08T23:55:33.769+0000] {dagbag.py:588} INFO - Filling up the DagBag from /home/airflow/.local/lib/python3.12/site-packages/airflow/example_dags/example_branch_python_dop_operator_3.py
[2025-03-08T23:55:33.778+0000] {processor.py:925} INFO - DAG(s) 'example_branch_dop_operator_v3' retrieved from /home/airflow/.local/lib/python3.12/site-packages/airflow/example_dags/example_branch_python_dop_operator_3.py
[2025-03-08T23:55:33.793+0000] {logging_mixin.py:190} INFO - [2025-03-08T23:55:33.793+0000] {dag.py:3239} INFO - Sync 1 DAGs
[2025-03-08T23:55:33.811+0000] {logging_mixin.py:190} INFO - [2025-03-08T23:55:33.811+0000] {dag.py:4180} INFO - Setting next_dagrun for example_branch_dop_operator_v3 to 2025-03-08 23:54:00+00:00, run_after=2025-03-08 23:55:00+00:00
[2025-03-08T23:55:33.827+0000] {processor.py:208} INFO - Processing /home/airflow/.local/lib/python3.12/site-packages/airflow/example_dags/example_branch_python_dop_operator_3.py took 0.067 seconds
[2025-03-08T23:56:05.132+0000] {processor.py:186} INFO - Started process (PID=2379) to work on /home/airflow/.local/lib/python3.12/site-packages/airflow/example_dags/example_branch_python_dop_operator_3.py
[2025-03-08T23:56:05.133+0000] {processor.py:914} INFO - Processing file /home/airflow/.local/lib/python3.12/site-packages/airflow/example_dags/example_branch_python_dop_operator_3.py for tasks to queue
[2025-03-08T23:56:05.135+0000] {logging_mixin.py:190} INFO - [2025-03-08T23:56:05.135+0000] {dagbag.py:588} INFO - Filling up the DagBag from /home/airflow/.local/lib/python3.12/site-packages/airflow/example_dags/example_branch_python_dop_operator_3.py
[2025-03-08T23:56:05.143+0000] {processor.py:925} INFO - DAG(s) 'example_branch_dop_operator_v3' retrieved from /home/airflow/.local/lib/python3.12/site-packages/airflow/example_dags/example_branch_python_dop_operator_3.py
[2025-03-08T23:56:05.159+0000] {logging_mixin.py:190} INFO - [2025-03-08T23:56:05.159+0000] {dag.py:3239} INFO - Sync 1 DAGs
[2025-03-08T23:56:05.178+0000] {logging_mixin.py:190} INFO - [2025-03-08T23:56:05.178+0000] {dag.py:4180} INFO - Setting next_dagrun for example_branch_dop_operator_v3 to 2025-03-08 23:55:00+00:00, run_after=2025-03-08 23:56:00+00:00
[2025-03-08T23:56:05.193+0000] {processor.py:208} INFO - Processing /home/airflow/.local/lib/python3.12/site-packages/airflow/example_dags/example_branch_python_dop_operator_3.py took 0.064 seconds
[2025-03-08T23:56:36.733+0000] {processor.py:186} INFO - Started process (PID=2442) to work on /home/airflow/.local/lib/python3.12/site-packages/airflow/example_dags/example_branch_python_dop_operator_3.py
[2025-03-08T23:56:36.734+0000] {processor.py:914} INFO - Processing file /home/airflow/.local/lib/python3.12/site-packages/airflow/example_dags/example_branch_python_dop_operator_3.py for tasks to queue
[2025-03-08T23:56:36.736+0000] {logging_mixin.py:190} INFO - [2025-03-08T23:56:36.735+0000] {dagbag.py:588} INFO - Filling up the DagBag from /home/airflow/.local/lib/python3.12/site-packages/airflow/example_dags/example_branch_python_dop_operator_3.py
[2025-03-08T23:56:36.743+0000] {processor.py:925} INFO - DAG(s) 'example_branch_dop_operator_v3' retrieved from /home/airflow/.local/lib/python3.12/site-packages/airflow/example_dags/example_branch_python_dop_operator_3.py
[2025-03-08T23:56:36.761+0000] {logging_mixin.py:190} INFO - [2025-03-08T23:56:36.760+0000] {dag.py:3239} INFO - Sync 1 DAGs
[2025-03-08T23:56:36.781+0000] {logging_mixin.py:190} INFO - [2025-03-08T23:56:36.781+0000] {dag.py:4180} INFO - Setting next_dagrun for example_branch_dop_operator_v3 to 2025-03-08 23:55:00+00:00, run_after=2025-03-08 23:56:00+00:00
[2025-03-08T23:56:36.802+0000] {processor.py:208} INFO - Processing /home/airflow/.local/lib/python3.12/site-packages/airflow/example_dags/example_branch_python_dop_operator_3.py took 0.074 seconds
[2025-03-08T23:57:07.594+0000] {processor.py:186} INFO - Started process (PID=2505) to work on /home/airflow/.local/lib/python3.12/site-packages/airflow/example_dags/example_branch_python_dop_operator_3.py
[2025-03-08T23:57:07.595+0000] {processor.py:914} INFO - Processing file /home/airflow/.local/lib/python3.12/site-packages/airflow/example_dags/example_branch_python_dop_operator_3.py for tasks to queue
[2025-03-08T23:57:07.597+0000] {logging_mixin.py:190} INFO - [2025-03-08T23:57:07.596+0000] {dagbag.py:588} INFO - Filling up the DagBag from /home/airflow/.local/lib/python3.12/site-packages/airflow/example_dags/example_branch_python_dop_operator_3.py
[2025-03-08T23:57:07.603+0000] {processor.py:925} INFO - DAG(s) 'example_branch_dop_operator_v3' retrieved from /home/airflow/.local/lib/python3.12/site-packages/airflow/example_dags/example_branch_python_dop_operator_3.py
[2025-03-08T23:57:07.619+0000] {logging_mixin.py:190} INFO - [2025-03-08T23:57:07.619+0000] {dag.py:3239} INFO - Sync 1 DAGs
[2025-03-08T23:57:07.640+0000] {logging_mixin.py:190} INFO - [2025-03-08T23:57:07.640+0000] {dag.py:4180} INFO - Setting next_dagrun for example_branch_dop_operator_v3 to 2025-03-08 23:56:00+00:00, run_after=2025-03-08 23:57:00+00:00
[2025-03-08T23:57:07.655+0000] {processor.py:208} INFO - Processing /home/airflow/.local/lib/python3.12/site-packages/airflow/example_dags/example_branch_python_dop_operator_3.py took 0.065 seconds
[2025-03-08T23:57:38.705+0000] {processor.py:186} INFO - Started process (PID=2569) to work on /home/airflow/.local/lib/python3.12/site-packages/airflow/example_dags/example_branch_python_dop_operator_3.py
[2025-03-08T23:57:38.706+0000] {processor.py:914} INFO - Processing file /home/airflow/.local/lib/python3.12/site-packages/airflow/example_dags/example_branch_python_dop_operator_3.py for tasks to queue
[2025-03-08T23:57:38.708+0000] {logging_mixin.py:190} INFO - [2025-03-08T23:57:38.708+0000] {dagbag.py:588} INFO - Filling up the DagBag from /home/airflow/.local/lib/python3.12/site-packages/airflow/example_dags/example_branch_python_dop_operator_3.py
[2025-03-08T23:57:38.714+0000] {processor.py:925} INFO - DAG(s) 'example_branch_dop_operator_v3' retrieved from /home/airflow/.local/lib/python3.12/site-packages/airflow/example_dags/example_branch_python_dop_operator_3.py
[2025-03-08T23:57:38.729+0000] {logging_mixin.py:190} INFO - [2025-03-08T23:57:38.729+0000] {dag.py:3239} INFO - Sync 1 DAGs
[2025-03-08T23:57:38.747+0000] {logging_mixin.py:190} INFO - [2025-03-08T23:57:38.747+0000] {dag.py:4180} INFO - Setting next_dagrun for example_branch_dop_operator_v3 to 2025-03-08 23:56:00+00:00, run_after=2025-03-08 23:57:00+00:00
[2025-03-08T23:57:38.761+0000] {processor.py:208} INFO - Processing /home/airflow/.local/lib/python3.12/site-packages/airflow/example_dags/example_branch_python_dop_operator_3.py took 0.059 seconds
[2025-03-08T23:58:10.534+0000] {processor.py:186} INFO - Started process (PID=2632) to work on /home/airflow/.local/lib/python3.12/site-packages/airflow/example_dags/example_branch_python_dop_operator_3.py
[2025-03-08T23:58:10.535+0000] {processor.py:914} INFO - Processing file /home/airflow/.local/lib/python3.12/site-packages/airflow/example_dags/example_branch_python_dop_operator_3.py for tasks to queue
[2025-03-08T23:58:10.537+0000] {logging_mixin.py:190} INFO - [2025-03-08T23:58:10.537+0000] {dagbag.py:588} INFO - Filling up the DagBag from /home/airflow/.local/lib/python3.12/site-packages/airflow/example_dags/example_branch_python_dop_operator_3.py
[2025-03-08T23:58:10.546+0000] {processor.py:925} INFO - DAG(s) 'example_branch_dop_operator_v3' retrieved from /home/airflow/.local/lib/python3.12/site-packages/airflow/example_dags/example_branch_python_dop_operator_3.py
[2025-03-08T23:58:10.560+0000] {logging_mixin.py:190} INFO - [2025-03-08T23:58:10.560+0000] {dag.py:3239} INFO - Sync 1 DAGs
[2025-03-08T23:58:10.581+0000] {logging_mixin.py:190} INFO - [2025-03-08T23:58:10.580+0000] {dag.py:4180} INFO - Setting next_dagrun for example_branch_dop_operator_v3 to 2025-03-08 23:57:00+00:00, run_after=2025-03-08 23:58:00+00:00
[2025-03-08T23:58:10.595+0000] {processor.py:208} INFO - Processing /home/airflow/.local/lib/python3.12/site-packages/airflow/example_dags/example_branch_python_dop_operator_3.py took 0.067 seconds
