[2025-03-08T22:35:48.779+0000] {processor.py:186} INFO - Started process (PID=107) to work on /home/airflow/.local/lib/python3.12/site-packages/airflow/example_dags/example_task_group.py
[2025-03-08T22:35:48.780+0000] {processor.py:914} INFO - Processing file /home/airflow/.local/lib/python3.12/site-packages/airflow/example_dags/example_task_group.py for tasks to queue
[2025-03-08T22:35:48.782+0000] {logging_mixin.py:190} INFO - [2025-03-08T22:35:48.782+0000] {dagbag.py:588} INFO - Filling up the DagBag from /home/airflow/.local/lib/python3.12/site-packages/airflow/example_dags/example_task_group.py
[2025-03-08T22:35:48.789+0000] {processor.py:925} INFO - DAG(s) 'example_task_group' retrieved from /home/airflow/.local/lib/python3.12/site-packages/airflow/example_dags/example_task_group.py
[2025-03-08T22:35:48.867+0000] {logging_mixin.py:190} INFO - [2025-03-08T22:35:48.866+0000] {override.py:1912} INFO - Created Permission View: can edit on DAG:example_task_group
[2025-03-08T22:35:48.875+0000] {logging_mixin.py:190} INFO - [2025-03-08T22:35:48.875+0000] {override.py:1912} INFO - Created Permission View: can read on DAG:example_task_group
[2025-03-08T22:35:48.881+0000] {logging_mixin.py:190} INFO - [2025-03-08T22:35:48.880+0000] {override.py:1912} INFO - Created Permission View: can delete on DAG:example_task_group
[2025-03-08T22:35:48.887+0000] {logging_mixin.py:190} INFO - [2025-03-08T22:35:48.887+0000] {override.py:1912} INFO - Created Permission View: menu access on DAG Run:example_task_group
[2025-03-08T22:35:48.893+0000] {logging_mixin.py:190} INFO - [2025-03-08T22:35:48.893+0000] {override.py:1912} INFO - Created Permission View: can delete on DAG Run:example_task_group
[2025-03-08T22:35:48.898+0000] {logging_mixin.py:190} INFO - [2025-03-08T22:35:48.898+0000] {override.py:1912} INFO - Created Permission View: can read on DAG Run:example_task_group
[2025-03-08T22:35:48.904+0000] {logging_mixin.py:190} INFO - [2025-03-08T22:35:48.904+0000] {override.py:1912} INFO - Created Permission View: can create on DAG Run:example_task_group
[2025-03-08T22:35:48.905+0000] {logging_mixin.py:190} INFO - [2025-03-08T22:35:48.905+0000] {dag.py:3239} INFO - Sync 1 DAGs
[2025-03-08T22:35:48.914+0000] {logging_mixin.py:190} INFO - [2025-03-08T22:35:48.914+0000] {dag.py:3262} INFO - Creating ORM DAG for example_task_group
[2025-03-08T22:35:48.915+0000] {logging_mixin.py:190} INFO - [2025-03-08T22:35:48.915+0000] {dag.py:4180} INFO - Setting next_dagrun for example_task_group to None, run_after=None
[2025-03-08T22:35:48.928+0000] {processor.py:208} INFO - Processing /home/airflow/.local/lib/python3.12/site-packages/airflow/example_dags/example_task_group.py took 0.153 seconds
[2025-03-08T22:36:19.102+0000] {processor.py:186} INFO - Started process (PID=170) to work on /home/airflow/.local/lib/python3.12/site-packages/airflow/example_dags/example_task_group.py
[2025-03-08T22:36:19.103+0000] {processor.py:914} INFO - Processing file /home/airflow/.local/lib/python3.12/site-packages/airflow/example_dags/example_task_group.py for tasks to queue
[2025-03-08T22:36:19.106+0000] {logging_mixin.py:190} INFO - [2025-03-08T22:36:19.105+0000] {dagbag.py:588} INFO - Filling up the DagBag from /home/airflow/.local/lib/python3.12/site-packages/airflow/example_dags/example_task_group.py
[2025-03-08T22:36:19.112+0000] {processor.py:925} INFO - DAG(s) 'example_task_group' retrieved from /home/airflow/.local/lib/python3.12/site-packages/airflow/example_dags/example_task_group.py
[2025-03-08T22:36:19.132+0000] {logging_mixin.py:190} INFO - [2025-03-08T22:36:19.131+0000] {dag.py:3239} INFO - Sync 1 DAGs
[2025-03-08T22:36:19.145+0000] {logging_mixin.py:190} INFO - [2025-03-08T22:36:19.145+0000] {dag.py:4180} INFO - Setting next_dagrun for example_task_group to None, run_after=None
[2025-03-08T22:36:19.168+0000] {processor.py:208} INFO - Processing /home/airflow/.local/lib/python3.12/site-packages/airflow/example_dags/example_task_group.py took 0.070 seconds
[2025-03-08T22:36:49.363+0000] {processor.py:186} INFO - Started process (PID=233) to work on /home/airflow/.local/lib/python3.12/site-packages/airflow/example_dags/example_task_group.py
[2025-03-08T22:36:49.364+0000] {processor.py:914} INFO - Processing file /home/airflow/.local/lib/python3.12/site-packages/airflow/example_dags/example_task_group.py for tasks to queue
[2025-03-08T22:36:49.366+0000] {logging_mixin.py:190} INFO - [2025-03-08T22:36:49.366+0000] {dagbag.py:588} INFO - Filling up the DagBag from /home/airflow/.local/lib/python3.12/site-packages/airflow/example_dags/example_task_group.py
[2025-03-08T22:36:49.372+0000] {processor.py:925} INFO - DAG(s) 'example_task_group' retrieved from /home/airflow/.local/lib/python3.12/site-packages/airflow/example_dags/example_task_group.py
[2025-03-08T22:36:49.388+0000] {logging_mixin.py:190} INFO - [2025-03-08T22:36:49.388+0000] {dag.py:3239} INFO - Sync 1 DAGs
[2025-03-08T22:36:49.399+0000] {logging_mixin.py:190} INFO - [2025-03-08T22:36:49.398+0000] {dag.py:4180} INFO - Setting next_dagrun for example_task_group to None, run_after=None
[2025-03-08T22:36:49.414+0000] {processor.py:208} INFO - Processing /home/airflow/.local/lib/python3.12/site-packages/airflow/example_dags/example_task_group.py took 0.055 seconds
[2025-03-08T22:37:20.160+0000] {processor.py:186} INFO - Started process (PID=296) to work on /home/airflow/.local/lib/python3.12/site-packages/airflow/example_dags/example_task_group.py
[2025-03-08T22:37:20.161+0000] {processor.py:914} INFO - Processing file /home/airflow/.local/lib/python3.12/site-packages/airflow/example_dags/example_task_group.py for tasks to queue
[2025-03-08T22:37:20.163+0000] {logging_mixin.py:190} INFO - [2025-03-08T22:37:20.162+0000] {dagbag.py:588} INFO - Filling up the DagBag from /home/airflow/.local/lib/python3.12/site-packages/airflow/example_dags/example_task_group.py
[2025-03-08T22:37:20.168+0000] {processor.py:925} INFO - DAG(s) 'example_task_group' retrieved from /home/airflow/.local/lib/python3.12/site-packages/airflow/example_dags/example_task_group.py
[2025-03-08T22:37:20.185+0000] {logging_mixin.py:190} INFO - [2025-03-08T22:37:20.184+0000] {dag.py:3239} INFO - Sync 1 DAGs
[2025-03-08T22:37:20.195+0000] {logging_mixin.py:190} INFO - [2025-03-08T22:37:20.195+0000] {dag.py:4180} INFO - Setting next_dagrun for example_task_group to None, run_after=None
[2025-03-08T22:37:20.209+0000] {processor.py:208} INFO - Processing /home/airflow/.local/lib/python3.12/site-packages/airflow/example_dags/example_task_group.py took 0.053 seconds
[2025-03-08T22:37:50.771+0000] {processor.py:186} INFO - Started process (PID=358) to work on /home/airflow/.local/lib/python3.12/site-packages/airflow/example_dags/example_task_group.py
[2025-03-08T22:37:50.772+0000] {processor.py:914} INFO - Processing file /home/airflow/.local/lib/python3.12/site-packages/airflow/example_dags/example_task_group.py for tasks to queue
[2025-03-08T22:37:50.774+0000] {logging_mixin.py:190} INFO - [2025-03-08T22:37:50.774+0000] {dagbag.py:588} INFO - Filling up the DagBag from /home/airflow/.local/lib/python3.12/site-packages/airflow/example_dags/example_task_group.py
[2025-03-08T22:37:50.780+0000] {processor.py:925} INFO - DAG(s) 'example_task_group' retrieved from /home/airflow/.local/lib/python3.12/site-packages/airflow/example_dags/example_task_group.py
[2025-03-08T22:37:50.797+0000] {logging_mixin.py:190} INFO - [2025-03-08T22:37:50.797+0000] {dag.py:3239} INFO - Sync 1 DAGs
[2025-03-08T22:37:50.811+0000] {logging_mixin.py:190} INFO - [2025-03-08T22:37:50.811+0000] {dag.py:4180} INFO - Setting next_dagrun for example_task_group to None, run_after=None
[2025-03-08T22:37:50.827+0000] {processor.py:208} INFO - Processing /home/airflow/.local/lib/python3.12/site-packages/airflow/example_dags/example_task_group.py took 0.060 seconds
[2025-03-08T22:38:22.515+0000] {processor.py:186} INFO - Started process (PID=422) to work on /home/airflow/.local/lib/python3.12/site-packages/airflow/example_dags/example_task_group.py
[2025-03-08T22:38:22.516+0000] {processor.py:914} INFO - Processing file /home/airflow/.local/lib/python3.12/site-packages/airflow/example_dags/example_task_group.py for tasks to queue
[2025-03-08T22:38:22.518+0000] {logging_mixin.py:190} INFO - [2025-03-08T22:38:22.518+0000] {dagbag.py:588} INFO - Filling up the DagBag from /home/airflow/.local/lib/python3.12/site-packages/airflow/example_dags/example_task_group.py
[2025-03-08T22:38:22.524+0000] {processor.py:925} INFO - DAG(s) 'example_task_group' retrieved from /home/airflow/.local/lib/python3.12/site-packages/airflow/example_dags/example_task_group.py
[2025-03-08T22:38:22.543+0000] {logging_mixin.py:190} INFO - [2025-03-08T22:38:22.543+0000] {dag.py:3239} INFO - Sync 1 DAGs
[2025-03-08T22:38:22.554+0000] {logging_mixin.py:190} INFO - [2025-03-08T22:38:22.554+0000] {dag.py:4180} INFO - Setting next_dagrun for example_task_group to None, run_after=None
[2025-03-08T22:38:22.572+0000] {processor.py:208} INFO - Processing /home/airflow/.local/lib/python3.12/site-packages/airflow/example_dags/example_task_group.py took 0.062 seconds
[2025-03-08T22:38:53.670+0000] {processor.py:186} INFO - Started process (PID=485) to work on /home/airflow/.local/lib/python3.12/site-packages/airflow/example_dags/example_task_group.py
[2025-03-08T22:38:53.670+0000] {processor.py:914} INFO - Processing file /home/airflow/.local/lib/python3.12/site-packages/airflow/example_dags/example_task_group.py for tasks to queue
[2025-03-08T22:38:53.672+0000] {logging_mixin.py:190} INFO - [2025-03-08T22:38:53.672+0000] {dagbag.py:588} INFO - Filling up the DagBag from /home/airflow/.local/lib/python3.12/site-packages/airflow/example_dags/example_task_group.py
[2025-03-08T22:38:53.677+0000] {processor.py:925} INFO - DAG(s) 'example_task_group' retrieved from /home/airflow/.local/lib/python3.12/site-packages/airflow/example_dags/example_task_group.py
[2025-03-08T22:38:53.694+0000] {logging_mixin.py:190} INFO - [2025-03-08T22:38:53.694+0000] {dag.py:3239} INFO - Sync 1 DAGs
[2025-03-08T22:38:53.704+0000] {logging_mixin.py:190} INFO - [2025-03-08T22:38:53.704+0000] {dag.py:4180} INFO - Setting next_dagrun for example_task_group to None, run_after=None
[2025-03-08T22:38:53.719+0000] {processor.py:208} INFO - Processing /home/airflow/.local/lib/python3.12/site-packages/airflow/example_dags/example_task_group.py took 0.052 seconds
[2025-03-08T23:37:28.223+0000] {processor.py:186} INFO - Started process (PID=107) to work on /home/airflow/.local/lib/python3.12/site-packages/airflow/example_dags/example_task_group.py
[2025-03-08T23:37:28.224+0000] {processor.py:914} INFO - Processing file /home/airflow/.local/lib/python3.12/site-packages/airflow/example_dags/example_task_group.py for tasks to queue
[2025-03-08T23:37:28.226+0000] {logging_mixin.py:190} INFO - [2025-03-08T23:37:28.225+0000] {dagbag.py:588} INFO - Filling up the DagBag from /home/airflow/.local/lib/python3.12/site-packages/airflow/example_dags/example_task_group.py
[2025-03-08T23:37:28.235+0000] {processor.py:925} INFO - DAG(s) 'example_task_group' retrieved from /home/airflow/.local/lib/python3.12/site-packages/airflow/example_dags/example_task_group.py
[2025-03-08T23:37:28.257+0000] {logging_mixin.py:190} INFO - [2025-03-08T23:37:28.257+0000] {dag.py:3239} INFO - Sync 1 DAGs
[2025-03-08T23:37:28.269+0000] {logging_mixin.py:190} INFO - [2025-03-08T23:37:28.269+0000] {dag.py:4180} INFO - Setting next_dagrun for example_task_group to None, run_after=None
[2025-03-08T23:37:28.288+0000] {processor.py:208} INFO - Processing /home/airflow/.local/lib/python3.12/site-packages/airflow/example_dags/example_task_group.py took 0.069 seconds
[2025-03-08T23:37:58.535+0000] {processor.py:186} INFO - Started process (PID=170) to work on /home/airflow/.local/lib/python3.12/site-packages/airflow/example_dags/example_task_group.py
[2025-03-08T23:37:58.536+0000] {processor.py:914} INFO - Processing file /home/airflow/.local/lib/python3.12/site-packages/airflow/example_dags/example_task_group.py for tasks to queue
[2025-03-08T23:37:58.538+0000] {logging_mixin.py:190} INFO - [2025-03-08T23:37:58.538+0000] {dagbag.py:588} INFO - Filling up the DagBag from /home/airflow/.local/lib/python3.12/site-packages/airflow/example_dags/example_task_group.py
[2025-03-08T23:37:58.544+0000] {processor.py:925} INFO - DAG(s) 'example_task_group' retrieved from /home/airflow/.local/lib/python3.12/site-packages/airflow/example_dags/example_task_group.py
[2025-03-08T23:37:58.561+0000] {logging_mixin.py:190} INFO - [2025-03-08T23:37:58.560+0000] {dag.py:3239} INFO - Sync 1 DAGs
[2025-03-08T23:37:58.571+0000] {logging_mixin.py:190} INFO - [2025-03-08T23:37:58.571+0000] {dag.py:4180} INFO - Setting next_dagrun for example_task_group to None, run_after=None
[2025-03-08T23:37:58.589+0000] {processor.py:208} INFO - Processing /home/airflow/.local/lib/python3.12/site-packages/airflow/example_dags/example_task_group.py took 0.059 seconds
[2025-03-08T23:38:29.570+0000] {processor.py:186} INFO - Started process (PID=233) to work on /home/airflow/.local/lib/python3.12/site-packages/airflow/example_dags/example_task_group.py
[2025-03-08T23:38:29.571+0000] {processor.py:914} INFO - Processing file /home/airflow/.local/lib/python3.12/site-packages/airflow/example_dags/example_task_group.py for tasks to queue
[2025-03-08T23:38:29.573+0000] {logging_mixin.py:190} INFO - [2025-03-08T23:38:29.573+0000] {dagbag.py:588} INFO - Filling up the DagBag from /home/airflow/.local/lib/python3.12/site-packages/airflow/example_dags/example_task_group.py
[2025-03-08T23:38:29.580+0000] {processor.py:925} INFO - DAG(s) 'example_task_group' retrieved from /home/airflow/.local/lib/python3.12/site-packages/airflow/example_dags/example_task_group.py
[2025-03-08T23:38:29.596+0000] {logging_mixin.py:190} INFO - [2025-03-08T23:38:29.596+0000] {dag.py:3239} INFO - Sync 1 DAGs
[2025-03-08T23:38:29.609+0000] {logging_mixin.py:190} INFO - [2025-03-08T23:38:29.608+0000] {dag.py:4180} INFO - Setting next_dagrun for example_task_group to None, run_after=None
[2025-03-08T23:38:29.624+0000] {processor.py:208} INFO - Processing /home/airflow/.local/lib/python3.12/site-packages/airflow/example_dags/example_task_group.py took 0.058 seconds
[2025-03-08T23:39:00.253+0000] {processor.py:186} INFO - Started process (PID=296) to work on /home/airflow/.local/lib/python3.12/site-packages/airflow/example_dags/example_task_group.py
[2025-03-08T23:39:00.254+0000] {processor.py:914} INFO - Processing file /home/airflow/.local/lib/python3.12/site-packages/airflow/example_dags/example_task_group.py for tasks to queue
[2025-03-08T23:39:00.257+0000] {logging_mixin.py:190} INFO - [2025-03-08T23:39:00.257+0000] {dagbag.py:588} INFO - Filling up the DagBag from /home/airflow/.local/lib/python3.12/site-packages/airflow/example_dags/example_task_group.py
[2025-03-08T23:39:00.265+0000] {processor.py:925} INFO - DAG(s) 'example_task_group' retrieved from /home/airflow/.local/lib/python3.12/site-packages/airflow/example_dags/example_task_group.py
[2025-03-08T23:39:00.282+0000] {logging_mixin.py:190} INFO - [2025-03-08T23:39:00.282+0000] {dag.py:3239} INFO - Sync 1 DAGs
[2025-03-08T23:39:00.294+0000] {logging_mixin.py:190} INFO - [2025-03-08T23:39:00.294+0000] {dag.py:4180} INFO - Setting next_dagrun for example_task_group to None, run_after=None
[2025-03-08T23:39:00.309+0000] {processor.py:208} INFO - Processing /home/airflow/.local/lib/python3.12/site-packages/airflow/example_dags/example_task_group.py took 0.060 seconds
[2025-03-08T23:39:31.387+0000] {processor.py:186} INFO - Started process (PID=358) to work on /home/airflow/.local/lib/python3.12/site-packages/airflow/example_dags/example_task_group.py
[2025-03-08T23:39:31.388+0000] {processor.py:914} INFO - Processing file /home/airflow/.local/lib/python3.12/site-packages/airflow/example_dags/example_task_group.py for tasks to queue
[2025-03-08T23:39:31.390+0000] {logging_mixin.py:190} INFO - [2025-03-08T23:39:31.390+0000] {dagbag.py:588} INFO - Filling up the DagBag from /home/airflow/.local/lib/python3.12/site-packages/airflow/example_dags/example_task_group.py
[2025-03-08T23:39:31.396+0000] {processor.py:925} INFO - DAG(s) 'example_task_group' retrieved from /home/airflow/.local/lib/python3.12/site-packages/airflow/example_dags/example_task_group.py
[2025-03-08T23:39:31.411+0000] {logging_mixin.py:190} INFO - [2025-03-08T23:39:31.411+0000] {dag.py:3239} INFO - Sync 1 DAGs
[2025-03-08T23:39:31.421+0000] {logging_mixin.py:190} INFO - [2025-03-08T23:39:31.421+0000] {dag.py:4180} INFO - Setting next_dagrun for example_task_group to None, run_after=None
[2025-03-08T23:39:31.435+0000] {processor.py:208} INFO - Processing /home/airflow/.local/lib/python3.12/site-packages/airflow/example_dags/example_task_group.py took 0.052 seconds
[2025-03-08T23:40:02.794+0000] {processor.py:186} INFO - Started process (PID=421) to work on /home/airflow/.local/lib/python3.12/site-packages/airflow/example_dags/example_task_group.py
[2025-03-08T23:40:02.794+0000] {processor.py:914} INFO - Processing file /home/airflow/.local/lib/python3.12/site-packages/airflow/example_dags/example_task_group.py for tasks to queue
[2025-03-08T23:40:02.797+0000] {logging_mixin.py:190} INFO - [2025-03-08T23:40:02.797+0000] {dagbag.py:588} INFO - Filling up the DagBag from /home/airflow/.local/lib/python3.12/site-packages/airflow/example_dags/example_task_group.py
[2025-03-08T23:40:02.803+0000] {processor.py:925} INFO - DAG(s) 'example_task_group' retrieved from /home/airflow/.local/lib/python3.12/site-packages/airflow/example_dags/example_task_group.py
[2025-03-08T23:40:02.821+0000] {logging_mixin.py:190} INFO - [2025-03-08T23:40:02.821+0000] {dag.py:3239} INFO - Sync 1 DAGs
[2025-03-08T23:40:02.832+0000] {logging_mixin.py:190} INFO - [2025-03-08T23:40:02.831+0000] {dag.py:4180} INFO - Setting next_dagrun for example_task_group to None, run_after=None
[2025-03-08T23:40:02.849+0000] {processor.py:208} INFO - Processing /home/airflow/.local/lib/python3.12/site-packages/airflow/example_dags/example_task_group.py took 0.060 seconds
[2025-03-08T23:40:34.686+0000] {processor.py:186} INFO - Started process (PID=484) to work on /home/airflow/.local/lib/python3.12/site-packages/airflow/example_dags/example_task_group.py
[2025-03-08T23:40:34.687+0000] {processor.py:914} INFO - Processing file /home/airflow/.local/lib/python3.12/site-packages/airflow/example_dags/example_task_group.py for tasks to queue
[2025-03-08T23:40:34.689+0000] {logging_mixin.py:190} INFO - [2025-03-08T23:40:34.689+0000] {dagbag.py:588} INFO - Filling up the DagBag from /home/airflow/.local/lib/python3.12/site-packages/airflow/example_dags/example_task_group.py
[2025-03-08T23:40:34.695+0000] {processor.py:925} INFO - DAG(s) 'example_task_group' retrieved from /home/airflow/.local/lib/python3.12/site-packages/airflow/example_dags/example_task_group.py
[2025-03-08T23:40:34.712+0000] {logging_mixin.py:190} INFO - [2025-03-08T23:40:34.712+0000] {dag.py:3239} INFO - Sync 1 DAGs
[2025-03-08T23:40:34.724+0000] {logging_mixin.py:190} INFO - [2025-03-08T23:40:34.724+0000] {dag.py:4180} INFO - Setting next_dagrun for example_task_group to None, run_after=None
[2025-03-08T23:40:34.740+0000] {processor.py:208} INFO - Processing /home/airflow/.local/lib/python3.12/site-packages/airflow/example_dags/example_task_group.py took 0.058 seconds
[2025-03-08T23:41:05.566+0000] {processor.py:186} INFO - Started process (PID=548) to work on /home/airflow/.local/lib/python3.12/site-packages/airflow/example_dags/example_task_group.py
[2025-03-08T23:41:05.566+0000] {processor.py:914} INFO - Processing file /home/airflow/.local/lib/python3.12/site-packages/airflow/example_dags/example_task_group.py for tasks to queue
[2025-03-08T23:41:05.568+0000] {logging_mixin.py:190} INFO - [2025-03-08T23:41:05.568+0000] {dagbag.py:588} INFO - Filling up the DagBag from /home/airflow/.local/lib/python3.12/site-packages/airflow/example_dags/example_task_group.py
[2025-03-08T23:41:05.576+0000] {processor.py:925} INFO - DAG(s) 'example_task_group' retrieved from /home/airflow/.local/lib/python3.12/site-packages/airflow/example_dags/example_task_group.py
[2025-03-08T23:41:05.597+0000] {logging_mixin.py:190} INFO - [2025-03-08T23:41:05.596+0000] {dag.py:3239} INFO - Sync 1 DAGs
[2025-03-08T23:41:05.609+0000] {logging_mixin.py:190} INFO - [2025-03-08T23:41:05.609+0000] {dag.py:4180} INFO - Setting next_dagrun for example_task_group to None, run_after=None
[2025-03-08T23:41:05.624+0000] {processor.py:208} INFO - Processing /home/airflow/.local/lib/python3.12/site-packages/airflow/example_dags/example_task_group.py took 0.063 seconds
[2025-03-08T23:41:36.008+0000] {processor.py:186} INFO - Started process (PID=610) to work on /home/airflow/.local/lib/python3.12/site-packages/airflow/example_dags/example_task_group.py
[2025-03-08T23:41:36.009+0000] {processor.py:914} INFO - Processing file /home/airflow/.local/lib/python3.12/site-packages/airflow/example_dags/example_task_group.py for tasks to queue
[2025-03-08T23:41:36.011+0000] {logging_mixin.py:190} INFO - [2025-03-08T23:41:36.011+0000] {dagbag.py:588} INFO - Filling up the DagBag from /home/airflow/.local/lib/python3.12/site-packages/airflow/example_dags/example_task_group.py
[2025-03-08T23:41:36.017+0000] {processor.py:925} INFO - DAG(s) 'example_task_group' retrieved from /home/airflow/.local/lib/python3.12/site-packages/airflow/example_dags/example_task_group.py
[2025-03-08T23:41:36.033+0000] {logging_mixin.py:190} INFO - [2025-03-08T23:41:36.033+0000] {dag.py:3239} INFO - Sync 1 DAGs
[2025-03-08T23:41:36.045+0000] {logging_mixin.py:190} INFO - [2025-03-08T23:41:36.045+0000] {dag.py:4180} INFO - Setting next_dagrun for example_task_group to None, run_after=None
[2025-03-08T23:41:36.060+0000] {processor.py:208} INFO - Processing /home/airflow/.local/lib/python3.12/site-packages/airflow/example_dags/example_task_group.py took 0.056 seconds
[2025-03-08T23:42:07.684+0000] {processor.py:186} INFO - Started process (PID=673) to work on /home/airflow/.local/lib/python3.12/site-packages/airflow/example_dags/example_task_group.py
[2025-03-08T23:42:07.685+0000] {processor.py:914} INFO - Processing file /home/airflow/.local/lib/python3.12/site-packages/airflow/example_dags/example_task_group.py for tasks to queue
[2025-03-08T23:42:07.687+0000] {logging_mixin.py:190} INFO - [2025-03-08T23:42:07.687+0000] {dagbag.py:588} INFO - Filling up the DagBag from /home/airflow/.local/lib/python3.12/site-packages/airflow/example_dags/example_task_group.py
[2025-03-08T23:42:07.693+0000] {processor.py:925} INFO - DAG(s) 'example_task_group' retrieved from /home/airflow/.local/lib/python3.12/site-packages/airflow/example_dags/example_task_group.py
[2025-03-08T23:42:07.709+0000] {logging_mixin.py:190} INFO - [2025-03-08T23:42:07.709+0000] {dag.py:3239} INFO - Sync 1 DAGs
[2025-03-08T23:42:07.720+0000] {logging_mixin.py:190} INFO - [2025-03-08T23:42:07.720+0000] {dag.py:4180} INFO - Setting next_dagrun for example_task_group to None, run_after=None
[2025-03-08T23:42:07.735+0000] {processor.py:208} INFO - Processing /home/airflow/.local/lib/python3.12/site-packages/airflow/example_dags/example_task_group.py took 0.055 seconds
[2025-03-08T23:42:39.570+0000] {processor.py:186} INFO - Started process (PID=736) to work on /home/airflow/.local/lib/python3.12/site-packages/airflow/example_dags/example_task_group.py
[2025-03-08T23:42:39.571+0000] {processor.py:914} INFO - Processing file /home/airflow/.local/lib/python3.12/site-packages/airflow/example_dags/example_task_group.py for tasks to queue
[2025-03-08T23:42:39.574+0000] {logging_mixin.py:190} INFO - [2025-03-08T23:42:39.573+0000] {dagbag.py:588} INFO - Filling up the DagBag from /home/airflow/.local/lib/python3.12/site-packages/airflow/example_dags/example_task_group.py
[2025-03-08T23:42:39.580+0000] {processor.py:925} INFO - DAG(s) 'example_task_group' retrieved from /home/airflow/.local/lib/python3.12/site-packages/airflow/example_dags/example_task_group.py
[2025-03-08T23:42:39.595+0000] {logging_mixin.py:190} INFO - [2025-03-08T23:42:39.595+0000] {dag.py:3239} INFO - Sync 1 DAGs
[2025-03-08T23:42:39.606+0000] {logging_mixin.py:190} INFO - [2025-03-08T23:42:39.606+0000] {dag.py:4180} INFO - Setting next_dagrun for example_task_group to None, run_after=None
[2025-03-08T23:42:39.621+0000] {processor.py:208} INFO - Processing /home/airflow/.local/lib/python3.12/site-packages/airflow/example_dags/example_task_group.py took 0.056 seconds
[2025-03-08T23:43:10.645+0000] {processor.py:186} INFO - Started process (PID=800) to work on /home/airflow/.local/lib/python3.12/site-packages/airflow/example_dags/example_task_group.py
[2025-03-08T23:43:10.646+0000] {processor.py:914} INFO - Processing file /home/airflow/.local/lib/python3.12/site-packages/airflow/example_dags/example_task_group.py for tasks to queue
[2025-03-08T23:43:10.649+0000] {logging_mixin.py:190} INFO - [2025-03-08T23:43:10.648+0000] {dagbag.py:588} INFO - Filling up the DagBag from /home/airflow/.local/lib/python3.12/site-packages/airflow/example_dags/example_task_group.py
[2025-03-08T23:43:10.655+0000] {processor.py:925} INFO - DAG(s) 'example_task_group' retrieved from /home/airflow/.local/lib/python3.12/site-packages/airflow/example_dags/example_task_group.py
[2025-03-08T23:43:10.673+0000] {logging_mixin.py:190} INFO - [2025-03-08T23:43:10.673+0000] {dag.py:3239} INFO - Sync 1 DAGs
[2025-03-08T23:43:10.683+0000] {logging_mixin.py:190} INFO - [2025-03-08T23:43:10.683+0000] {dag.py:4180} INFO - Setting next_dagrun for example_task_group to None, run_after=None
[2025-03-08T23:43:10.698+0000] {processor.py:208} INFO - Processing /home/airflow/.local/lib/python3.12/site-packages/airflow/example_dags/example_task_group.py took 0.057 seconds
[2025-03-08T23:43:41.063+0000] {processor.py:186} INFO - Started process (PID=863) to work on /home/airflow/.local/lib/python3.12/site-packages/airflow/example_dags/example_task_group.py
[2025-03-08T23:43:41.064+0000] {processor.py:914} INFO - Processing file /home/airflow/.local/lib/python3.12/site-packages/airflow/example_dags/example_task_group.py for tasks to queue
[2025-03-08T23:43:41.066+0000] {logging_mixin.py:190} INFO - [2025-03-08T23:43:41.065+0000] {dagbag.py:588} INFO - Filling up the DagBag from /home/airflow/.local/lib/python3.12/site-packages/airflow/example_dags/example_task_group.py
[2025-03-08T23:43:41.071+0000] {processor.py:925} INFO - DAG(s) 'example_task_group' retrieved from /home/airflow/.local/lib/python3.12/site-packages/airflow/example_dags/example_task_group.py
[2025-03-08T23:43:41.086+0000] {logging_mixin.py:190} INFO - [2025-03-08T23:43:41.086+0000] {dag.py:3239} INFO - Sync 1 DAGs
[2025-03-08T23:43:41.096+0000] {logging_mixin.py:190} INFO - [2025-03-08T23:43:41.096+0000] {dag.py:4180} INFO - Setting next_dagrun for example_task_group to None, run_after=None
[2025-03-08T23:43:41.110+0000] {processor.py:208} INFO - Processing /home/airflow/.local/lib/python3.12/site-packages/airflow/example_dags/example_task_group.py took 0.050 seconds
[2025-03-08T23:44:11.550+0000] {processor.py:186} INFO - Started process (PID=926) to work on /home/airflow/.local/lib/python3.12/site-packages/airflow/example_dags/example_task_group.py
[2025-03-08T23:44:11.551+0000] {processor.py:914} INFO - Processing file /home/airflow/.local/lib/python3.12/site-packages/airflow/example_dags/example_task_group.py for tasks to queue
[2025-03-08T23:44:11.554+0000] {logging_mixin.py:190} INFO - [2025-03-08T23:44:11.554+0000] {dagbag.py:588} INFO - Filling up the DagBag from /home/airflow/.local/lib/python3.12/site-packages/airflow/example_dags/example_task_group.py
[2025-03-08T23:44:11.561+0000] {processor.py:925} INFO - DAG(s) 'example_task_group' retrieved from /home/airflow/.local/lib/python3.12/site-packages/airflow/example_dags/example_task_group.py
[2025-03-08T23:44:11.578+0000] {logging_mixin.py:190} INFO - [2025-03-08T23:44:11.578+0000] {dag.py:3239} INFO - Sync 1 DAGs
[2025-03-08T23:44:11.589+0000] {logging_mixin.py:190} INFO - [2025-03-08T23:44:11.589+0000] {dag.py:4180} INFO - Setting next_dagrun for example_task_group to None, run_after=None
[2025-03-08T23:44:11.607+0000] {processor.py:208} INFO - Processing /home/airflow/.local/lib/python3.12/site-packages/airflow/example_dags/example_task_group.py took 0.061 seconds
[2025-03-08T23:44:42.647+0000] {processor.py:186} INFO - Started process (PID=989) to work on /home/airflow/.local/lib/python3.12/site-packages/airflow/example_dags/example_task_group.py
[2025-03-08T23:44:42.647+0000] {processor.py:914} INFO - Processing file /home/airflow/.local/lib/python3.12/site-packages/airflow/example_dags/example_task_group.py for tasks to queue
[2025-03-08T23:44:42.649+0000] {logging_mixin.py:190} INFO - [2025-03-08T23:44:42.649+0000] {dagbag.py:588} INFO - Filling up the DagBag from /home/airflow/.local/lib/python3.12/site-packages/airflow/example_dags/example_task_group.py
[2025-03-08T23:44:42.656+0000] {processor.py:925} INFO - DAG(s) 'example_task_group' retrieved from /home/airflow/.local/lib/python3.12/site-packages/airflow/example_dags/example_task_group.py
[2025-03-08T23:44:42.673+0000] {logging_mixin.py:190} INFO - [2025-03-08T23:44:42.673+0000] {dag.py:3239} INFO - Sync 1 DAGs
[2025-03-08T23:44:42.684+0000] {logging_mixin.py:190} INFO - [2025-03-08T23:44:42.684+0000] {dag.py:4180} INFO - Setting next_dagrun for example_task_group to None, run_after=None
[2025-03-08T23:44:42.699+0000] {processor.py:208} INFO - Processing /home/airflow/.local/lib/python3.12/site-packages/airflow/example_dags/example_task_group.py took 0.057 seconds
[2025-03-08T23:45:13.603+0000] {processor.py:186} INFO - Started process (PID=1052) to work on /home/airflow/.local/lib/python3.12/site-packages/airflow/example_dags/example_task_group.py
[2025-03-08T23:45:13.603+0000] {processor.py:914} INFO - Processing file /home/airflow/.local/lib/python3.12/site-packages/airflow/example_dags/example_task_group.py for tasks to queue
[2025-03-08T23:45:13.605+0000] {logging_mixin.py:190} INFO - [2025-03-08T23:45:13.605+0000] {dagbag.py:588} INFO - Filling up the DagBag from /home/airflow/.local/lib/python3.12/site-packages/airflow/example_dags/example_task_group.py
[2025-03-08T23:45:13.610+0000] {processor.py:925} INFO - DAG(s) 'example_task_group' retrieved from /home/airflow/.local/lib/python3.12/site-packages/airflow/example_dags/example_task_group.py
[2025-03-08T23:45:13.627+0000] {logging_mixin.py:190} INFO - [2025-03-08T23:45:13.627+0000] {dag.py:3239} INFO - Sync 1 DAGs
[2025-03-08T23:45:13.638+0000] {logging_mixin.py:190} INFO - [2025-03-08T23:45:13.638+0000] {dag.py:4180} INFO - Setting next_dagrun for example_task_group to None, run_after=None
[2025-03-08T23:45:13.651+0000] {processor.py:208} INFO - Processing /home/airflow/.local/lib/python3.12/site-packages/airflow/example_dags/example_task_group.py took 0.052 seconds
[2025-03-08T23:45:44.619+0000] {processor.py:186} INFO - Started process (PID=1115) to work on /home/airflow/.local/lib/python3.12/site-packages/airflow/example_dags/example_task_group.py
[2025-03-08T23:45:44.620+0000] {processor.py:914} INFO - Processing file /home/airflow/.local/lib/python3.12/site-packages/airflow/example_dags/example_task_group.py for tasks to queue
[2025-03-08T23:45:44.623+0000] {logging_mixin.py:190} INFO - [2025-03-08T23:45:44.623+0000] {dagbag.py:588} INFO - Filling up the DagBag from /home/airflow/.local/lib/python3.12/site-packages/airflow/example_dags/example_task_group.py
[2025-03-08T23:45:44.628+0000] {processor.py:925} INFO - DAG(s) 'example_task_group' retrieved from /home/airflow/.local/lib/python3.12/site-packages/airflow/example_dags/example_task_group.py
[2025-03-08T23:45:44.645+0000] {logging_mixin.py:190} INFO - [2025-03-08T23:45:44.645+0000] {dag.py:3239} INFO - Sync 1 DAGs
[2025-03-08T23:45:44.655+0000] {logging_mixin.py:190} INFO - [2025-03-08T23:45:44.655+0000] {dag.py:4180} INFO - Setting next_dagrun for example_task_group to None, run_after=None
[2025-03-08T23:45:44.670+0000] {processor.py:208} INFO - Processing /home/airflow/.local/lib/python3.12/site-packages/airflow/example_dags/example_task_group.py took 0.055 seconds
[2025-03-08T23:46:15.617+0000] {processor.py:186} INFO - Started process (PID=1178) to work on /home/airflow/.local/lib/python3.12/site-packages/airflow/example_dags/example_task_group.py
[2025-03-08T23:46:15.618+0000] {processor.py:914} INFO - Processing file /home/airflow/.local/lib/python3.12/site-packages/airflow/example_dags/example_task_group.py for tasks to queue
[2025-03-08T23:46:15.619+0000] {logging_mixin.py:190} INFO - [2025-03-08T23:46:15.619+0000] {dagbag.py:588} INFO - Filling up the DagBag from /home/airflow/.local/lib/python3.12/site-packages/airflow/example_dags/example_task_group.py
[2025-03-08T23:46:15.625+0000] {processor.py:925} INFO - DAG(s) 'example_task_group' retrieved from /home/airflow/.local/lib/python3.12/site-packages/airflow/example_dags/example_task_group.py
[2025-03-08T23:46:15.641+0000] {logging_mixin.py:190} INFO - [2025-03-08T23:46:15.640+0000] {dag.py:3239} INFO - Sync 1 DAGs
[2025-03-08T23:46:15.653+0000] {logging_mixin.py:190} INFO - [2025-03-08T23:46:15.653+0000] {dag.py:4180} INFO - Setting next_dagrun for example_task_group to None, run_after=None
[2025-03-08T23:46:15.669+0000] {processor.py:208} INFO - Processing /home/airflow/.local/lib/python3.12/site-packages/airflow/example_dags/example_task_group.py took 0.056 seconds
[2025-03-08T23:46:46.640+0000] {processor.py:186} INFO - Started process (PID=1241) to work on /home/airflow/.local/lib/python3.12/site-packages/airflow/example_dags/example_task_group.py
[2025-03-08T23:46:46.641+0000] {processor.py:914} INFO - Processing file /home/airflow/.local/lib/python3.12/site-packages/airflow/example_dags/example_task_group.py for tasks to queue
[2025-03-08T23:46:46.642+0000] {logging_mixin.py:190} INFO - [2025-03-08T23:46:46.642+0000] {dagbag.py:588} INFO - Filling up the DagBag from /home/airflow/.local/lib/python3.12/site-packages/airflow/example_dags/example_task_group.py
[2025-03-08T23:46:46.648+0000] {processor.py:925} INFO - DAG(s) 'example_task_group' retrieved from /home/airflow/.local/lib/python3.12/site-packages/airflow/example_dags/example_task_group.py
[2025-03-08T23:46:46.664+0000] {logging_mixin.py:190} INFO - [2025-03-08T23:46:46.663+0000] {dag.py:3239} INFO - Sync 1 DAGs
[2025-03-08T23:46:46.674+0000] {logging_mixin.py:190} INFO - [2025-03-08T23:46:46.674+0000] {dag.py:4180} INFO - Setting next_dagrun for example_task_group to None, run_after=None
[2025-03-08T23:46:46.687+0000] {processor.py:208} INFO - Processing /home/airflow/.local/lib/python3.12/site-packages/airflow/example_dags/example_task_group.py took 0.051 seconds
[2025-03-08T23:47:17.397+0000] {processor.py:186} INFO - Started process (PID=1304) to work on /home/airflow/.local/lib/python3.12/site-packages/airflow/example_dags/example_task_group.py
[2025-03-08T23:47:17.398+0000] {processor.py:914} INFO - Processing file /home/airflow/.local/lib/python3.12/site-packages/airflow/example_dags/example_task_group.py for tasks to queue
[2025-03-08T23:47:17.399+0000] {logging_mixin.py:190} INFO - [2025-03-08T23:47:17.399+0000] {dagbag.py:588} INFO - Filling up the DagBag from /home/airflow/.local/lib/python3.12/site-packages/airflow/example_dags/example_task_group.py
[2025-03-08T23:47:17.405+0000] {processor.py:925} INFO - DAG(s) 'example_task_group' retrieved from /home/airflow/.local/lib/python3.12/site-packages/airflow/example_dags/example_task_group.py
[2025-03-08T23:47:17.422+0000] {logging_mixin.py:190} INFO - [2025-03-08T23:47:17.422+0000] {dag.py:3239} INFO - Sync 1 DAGs
[2025-03-08T23:47:17.432+0000] {logging_mixin.py:190} INFO - [2025-03-08T23:47:17.432+0000] {dag.py:4180} INFO - Setting next_dagrun for example_task_group to None, run_after=None
[2025-03-08T23:47:17.444+0000] {processor.py:208} INFO - Processing /home/airflow/.local/lib/python3.12/site-packages/airflow/example_dags/example_task_group.py took 0.051 seconds
[2025-03-08T23:47:48.232+0000] {processor.py:186} INFO - Started process (PID=1367) to work on /home/airflow/.local/lib/python3.12/site-packages/airflow/example_dags/example_task_group.py
[2025-03-08T23:47:48.233+0000] {processor.py:914} INFO - Processing file /home/airflow/.local/lib/python3.12/site-packages/airflow/example_dags/example_task_group.py for tasks to queue
[2025-03-08T23:47:48.235+0000] {logging_mixin.py:190} INFO - [2025-03-08T23:47:48.234+0000] {dagbag.py:588} INFO - Filling up the DagBag from /home/airflow/.local/lib/python3.12/site-packages/airflow/example_dags/example_task_group.py
[2025-03-08T23:47:48.240+0000] {processor.py:925} INFO - DAG(s) 'example_task_group' retrieved from /home/airflow/.local/lib/python3.12/site-packages/airflow/example_dags/example_task_group.py
[2025-03-08T23:47:48.256+0000] {logging_mixin.py:190} INFO - [2025-03-08T23:47:48.255+0000] {dag.py:3239} INFO - Sync 1 DAGs
[2025-03-08T23:47:48.266+0000] {logging_mixin.py:190} INFO - [2025-03-08T23:47:48.266+0000] {dag.py:4180} INFO - Setting next_dagrun for example_task_group to None, run_after=None
[2025-03-08T23:47:48.279+0000] {processor.py:208} INFO - Processing /home/airflow/.local/lib/python3.12/site-packages/airflow/example_dags/example_task_group.py took 0.051 seconds
[2025-03-08T23:48:19.022+0000] {processor.py:186} INFO - Started process (PID=1430) to work on /home/airflow/.local/lib/python3.12/site-packages/airflow/example_dags/example_task_group.py
[2025-03-08T23:48:19.023+0000] {processor.py:914} INFO - Processing file /home/airflow/.local/lib/python3.12/site-packages/airflow/example_dags/example_task_group.py for tasks to queue
[2025-03-08T23:48:19.025+0000] {logging_mixin.py:190} INFO - [2025-03-08T23:48:19.025+0000] {dagbag.py:588} INFO - Filling up the DagBag from /home/airflow/.local/lib/python3.12/site-packages/airflow/example_dags/example_task_group.py
[2025-03-08T23:48:19.030+0000] {processor.py:925} INFO - DAG(s) 'example_task_group' retrieved from /home/airflow/.local/lib/python3.12/site-packages/airflow/example_dags/example_task_group.py
[2025-03-08T23:48:19.046+0000] {logging_mixin.py:190} INFO - [2025-03-08T23:48:19.046+0000] {dag.py:3239} INFO - Sync 1 DAGs
[2025-03-08T23:48:19.056+0000] {logging_mixin.py:190} INFO - [2025-03-08T23:48:19.056+0000] {dag.py:4180} INFO - Setting next_dagrun for example_task_group to None, run_after=None
[2025-03-08T23:48:19.068+0000] {processor.py:208} INFO - Processing /home/airflow/.local/lib/python3.12/site-packages/airflow/example_dags/example_task_group.py took 0.050 seconds
[2025-03-08T23:48:49.913+0000] {processor.py:186} INFO - Started process (PID=1493) to work on /home/airflow/.local/lib/python3.12/site-packages/airflow/example_dags/example_task_group.py
[2025-03-08T23:48:49.914+0000] {processor.py:914} INFO - Processing file /home/airflow/.local/lib/python3.12/site-packages/airflow/example_dags/example_task_group.py for tasks to queue
[2025-03-08T23:48:49.916+0000] {logging_mixin.py:190} INFO - [2025-03-08T23:48:49.916+0000] {dagbag.py:588} INFO - Filling up the DagBag from /home/airflow/.local/lib/python3.12/site-packages/airflow/example_dags/example_task_group.py
[2025-03-08T23:48:49.923+0000] {processor.py:925} INFO - DAG(s) 'example_task_group' retrieved from /home/airflow/.local/lib/python3.12/site-packages/airflow/example_dags/example_task_group.py
[2025-03-08T23:48:49.944+0000] {logging_mixin.py:190} INFO - [2025-03-08T23:48:49.943+0000] {dag.py:3239} INFO - Sync 1 DAGs
[2025-03-08T23:48:49.957+0000] {logging_mixin.py:190} INFO - [2025-03-08T23:48:49.956+0000] {dag.py:4180} INFO - Setting next_dagrun for example_task_group to None, run_after=None
[2025-03-08T23:48:49.972+0000] {processor.py:208} INFO - Processing /home/airflow/.local/lib/python3.12/site-packages/airflow/example_dags/example_task_group.py took 0.063 seconds
[2025-03-08T23:49:21.149+0000] {processor.py:186} INFO - Started process (PID=1556) to work on /home/airflow/.local/lib/python3.12/site-packages/airflow/example_dags/example_task_group.py
[2025-03-08T23:49:21.150+0000] {processor.py:914} INFO - Processing file /home/airflow/.local/lib/python3.12/site-packages/airflow/example_dags/example_task_group.py for tasks to queue
[2025-03-08T23:49:21.152+0000] {logging_mixin.py:190} INFO - [2025-03-08T23:49:21.152+0000] {dagbag.py:588} INFO - Filling up the DagBag from /home/airflow/.local/lib/python3.12/site-packages/airflow/example_dags/example_task_group.py
[2025-03-08T23:49:21.159+0000] {processor.py:925} INFO - DAG(s) 'example_task_group' retrieved from /home/airflow/.local/lib/python3.12/site-packages/airflow/example_dags/example_task_group.py
[2025-03-08T23:49:21.180+0000] {logging_mixin.py:190} INFO - [2025-03-08T23:49:21.179+0000] {dag.py:3239} INFO - Sync 1 DAGs
[2025-03-08T23:49:21.193+0000] {logging_mixin.py:190} INFO - [2025-03-08T23:49:21.193+0000] {dag.py:4180} INFO - Setting next_dagrun for example_task_group to None, run_after=None
[2025-03-08T23:49:21.212+0000] {processor.py:208} INFO - Processing /home/airflow/.local/lib/python3.12/site-packages/airflow/example_dags/example_task_group.py took 0.067 seconds
[2025-03-08T23:49:52.304+0000] {processor.py:186} INFO - Started process (PID=1619) to work on /home/airflow/.local/lib/python3.12/site-packages/airflow/example_dags/example_task_group.py
[2025-03-08T23:49:52.304+0000] {processor.py:914} INFO - Processing file /home/airflow/.local/lib/python3.12/site-packages/airflow/example_dags/example_task_group.py for tasks to queue
[2025-03-08T23:49:52.306+0000] {logging_mixin.py:190} INFO - [2025-03-08T23:49:52.306+0000] {dagbag.py:588} INFO - Filling up the DagBag from /home/airflow/.local/lib/python3.12/site-packages/airflow/example_dags/example_task_group.py
[2025-03-08T23:49:52.312+0000] {processor.py:925} INFO - DAG(s) 'example_task_group' retrieved from /home/airflow/.local/lib/python3.12/site-packages/airflow/example_dags/example_task_group.py
[2025-03-08T23:49:52.332+0000] {logging_mixin.py:190} INFO - [2025-03-08T23:49:52.332+0000] {dag.py:3239} INFO - Sync 1 DAGs
[2025-03-08T23:49:52.342+0000] {logging_mixin.py:190} INFO - [2025-03-08T23:49:52.342+0000] {dag.py:4180} INFO - Setting next_dagrun for example_task_group to None, run_after=None
[2025-03-08T23:49:52.356+0000] {processor.py:208} INFO - Processing /home/airflow/.local/lib/python3.12/site-packages/airflow/example_dags/example_task_group.py took 0.056 seconds
[2025-03-08T23:50:23.952+0000] {processor.py:186} INFO - Started process (PID=1682) to work on /home/airflow/.local/lib/python3.12/site-packages/airflow/example_dags/example_task_group.py
[2025-03-08T23:50:23.953+0000] {processor.py:914} INFO - Processing file /home/airflow/.local/lib/python3.12/site-packages/airflow/example_dags/example_task_group.py for tasks to queue
[2025-03-08T23:50:23.954+0000] {logging_mixin.py:190} INFO - [2025-03-08T23:50:23.954+0000] {dagbag.py:588} INFO - Filling up the DagBag from /home/airflow/.local/lib/python3.12/site-packages/airflow/example_dags/example_task_group.py
[2025-03-08T23:50:23.960+0000] {processor.py:925} INFO - DAG(s) 'example_task_group' retrieved from /home/airflow/.local/lib/python3.12/site-packages/airflow/example_dags/example_task_group.py
[2025-03-08T23:50:23.975+0000] {logging_mixin.py:190} INFO - [2025-03-08T23:50:23.975+0000] {dag.py:3239} INFO - Sync 1 DAGs
[2025-03-08T23:50:23.984+0000] {logging_mixin.py:190} INFO - [2025-03-08T23:50:23.984+0000] {dag.py:4180} INFO - Setting next_dagrun for example_task_group to None, run_after=None
[2025-03-08T23:50:23.998+0000] {processor.py:208} INFO - Processing /home/airflow/.local/lib/python3.12/site-packages/airflow/example_dags/example_task_group.py took 0.049 seconds
[2025-03-08T23:50:54.703+0000] {processor.py:186} INFO - Started process (PID=1745) to work on /home/airflow/.local/lib/python3.12/site-packages/airflow/example_dags/example_task_group.py
[2025-03-08T23:50:54.704+0000] {processor.py:914} INFO - Processing file /home/airflow/.local/lib/python3.12/site-packages/airflow/example_dags/example_task_group.py for tasks to queue
[2025-03-08T23:50:54.705+0000] {logging_mixin.py:190} INFO - [2025-03-08T23:50:54.705+0000] {dagbag.py:588} INFO - Filling up the DagBag from /home/airflow/.local/lib/python3.12/site-packages/airflow/example_dags/example_task_group.py
[2025-03-08T23:50:54.711+0000] {processor.py:925} INFO - DAG(s) 'example_task_group' retrieved from /home/airflow/.local/lib/python3.12/site-packages/airflow/example_dags/example_task_group.py
[2025-03-08T23:50:54.727+0000] {logging_mixin.py:190} INFO - [2025-03-08T23:50:54.727+0000] {dag.py:3239} INFO - Sync 1 DAGs
[2025-03-08T23:50:54.737+0000] {logging_mixin.py:190} INFO - [2025-03-08T23:50:54.737+0000] {dag.py:4180} INFO - Setting next_dagrun for example_task_group to None, run_after=None
[2025-03-08T23:50:54.750+0000] {processor.py:208} INFO - Processing /home/airflow/.local/lib/python3.12/site-packages/airflow/example_dags/example_task_group.py took 0.051 seconds
[2025-03-08T23:51:25.834+0000] {processor.py:186} INFO - Started process (PID=1808) to work on /home/airflow/.local/lib/python3.12/site-packages/airflow/example_dags/example_task_group.py
[2025-03-08T23:51:25.835+0000] {processor.py:914} INFO - Processing file /home/airflow/.local/lib/python3.12/site-packages/airflow/example_dags/example_task_group.py for tasks to queue
[2025-03-08T23:51:25.837+0000] {logging_mixin.py:190} INFO - [2025-03-08T23:51:25.837+0000] {dagbag.py:588} INFO - Filling up the DagBag from /home/airflow/.local/lib/python3.12/site-packages/airflow/example_dags/example_task_group.py
[2025-03-08T23:51:25.845+0000] {processor.py:925} INFO - DAG(s) 'example_task_group' retrieved from /home/airflow/.local/lib/python3.12/site-packages/airflow/example_dags/example_task_group.py
[2025-03-08T23:51:25.864+0000] {logging_mixin.py:190} INFO - [2025-03-08T23:51:25.864+0000] {dag.py:3239} INFO - Sync 1 DAGs
[2025-03-08T23:51:25.874+0000] {logging_mixin.py:190} INFO - [2025-03-08T23:51:25.874+0000] {dag.py:4180} INFO - Setting next_dagrun for example_task_group to None, run_after=None
[2025-03-08T23:51:25.889+0000] {processor.py:208} INFO - Processing /home/airflow/.local/lib/python3.12/site-packages/airflow/example_dags/example_task_group.py took 0.061 seconds
[2025-03-08T23:51:56.633+0000] {processor.py:186} INFO - Started process (PID=1871) to work on /home/airflow/.local/lib/python3.12/site-packages/airflow/example_dags/example_task_group.py
[2025-03-08T23:51:56.633+0000] {processor.py:914} INFO - Processing file /home/airflow/.local/lib/python3.12/site-packages/airflow/example_dags/example_task_group.py for tasks to queue
[2025-03-08T23:51:56.635+0000] {logging_mixin.py:190} INFO - [2025-03-08T23:51:56.635+0000] {dagbag.py:588} INFO - Filling up the DagBag from /home/airflow/.local/lib/python3.12/site-packages/airflow/example_dags/example_task_group.py
[2025-03-08T23:51:56.641+0000] {processor.py:925} INFO - DAG(s) 'example_task_group' retrieved from /home/airflow/.local/lib/python3.12/site-packages/airflow/example_dags/example_task_group.py
[2025-03-08T23:51:56.657+0000] {logging_mixin.py:190} INFO - [2025-03-08T23:51:56.656+0000] {dag.py:3239} INFO - Sync 1 DAGs
[2025-03-08T23:51:56.668+0000] {logging_mixin.py:190} INFO - [2025-03-08T23:51:56.668+0000] {dag.py:4180} INFO - Setting next_dagrun for example_task_group to None, run_after=None
[2025-03-08T23:51:56.683+0000] {processor.py:208} INFO - Processing /home/airflow/.local/lib/python3.12/site-packages/airflow/example_dags/example_task_group.py took 0.055 seconds
[2025-03-08T23:52:28.055+0000] {processor.py:186} INFO - Started process (PID=1935) to work on /home/airflow/.local/lib/python3.12/site-packages/airflow/example_dags/example_task_group.py
[2025-03-08T23:52:28.055+0000] {processor.py:914} INFO - Processing file /home/airflow/.local/lib/python3.12/site-packages/airflow/example_dags/example_task_group.py for tasks to queue
[2025-03-08T23:52:28.058+0000] {logging_mixin.py:190} INFO - [2025-03-08T23:52:28.058+0000] {dagbag.py:588} INFO - Filling up the DagBag from /home/airflow/.local/lib/python3.12/site-packages/airflow/example_dags/example_task_group.py
[2025-03-08T23:52:28.064+0000] {processor.py:925} INFO - DAG(s) 'example_task_group' retrieved from /home/airflow/.local/lib/python3.12/site-packages/airflow/example_dags/example_task_group.py
[2025-03-08T23:52:28.081+0000] {logging_mixin.py:190} INFO - [2025-03-08T23:52:28.081+0000] {dag.py:3239} INFO - Sync 1 DAGs
[2025-03-08T23:52:28.093+0000] {logging_mixin.py:190} INFO - [2025-03-08T23:52:28.093+0000] {dag.py:4180} INFO - Setting next_dagrun for example_task_group to None, run_after=None
[2025-03-08T23:52:28.108+0000] {processor.py:208} INFO - Processing /home/airflow/.local/lib/python3.12/site-packages/airflow/example_dags/example_task_group.py took 0.057 seconds
[2025-03-08T23:52:58.925+0000] {processor.py:186} INFO - Started process (PID=1998) to work on /home/airflow/.local/lib/python3.12/site-packages/airflow/example_dags/example_task_group.py
[2025-03-08T23:52:58.926+0000] {processor.py:914} INFO - Processing file /home/airflow/.local/lib/python3.12/site-packages/airflow/example_dags/example_task_group.py for tasks to queue
[2025-03-08T23:52:58.928+0000] {logging_mixin.py:190} INFO - [2025-03-08T23:52:58.928+0000] {dagbag.py:588} INFO - Filling up the DagBag from /home/airflow/.local/lib/python3.12/site-packages/airflow/example_dags/example_task_group.py
[2025-03-08T23:52:58.934+0000] {processor.py:925} INFO - DAG(s) 'example_task_group' retrieved from /home/airflow/.local/lib/python3.12/site-packages/airflow/example_dags/example_task_group.py
[2025-03-08T23:52:58.950+0000] {logging_mixin.py:190} INFO - [2025-03-08T23:52:58.950+0000] {dag.py:3239} INFO - Sync 1 DAGs
[2025-03-08T23:52:58.960+0000] {logging_mixin.py:190} INFO - [2025-03-08T23:52:58.960+0000] {dag.py:4180} INFO - Setting next_dagrun for example_task_group to None, run_after=None
[2025-03-08T23:52:58.974+0000] {processor.py:208} INFO - Processing /home/airflow/.local/lib/python3.12/site-packages/airflow/example_dags/example_task_group.py took 0.053 seconds
[2025-03-08T23:53:29.709+0000] {processor.py:186} INFO - Started process (PID=2067) to work on /home/airflow/.local/lib/python3.12/site-packages/airflow/example_dags/example_task_group.py
[2025-03-08T23:53:29.710+0000] {processor.py:914} INFO - Processing file /home/airflow/.local/lib/python3.12/site-packages/airflow/example_dags/example_task_group.py for tasks to queue
[2025-03-08T23:53:29.712+0000] {logging_mixin.py:190} INFO - [2025-03-08T23:53:29.711+0000] {dagbag.py:588} INFO - Filling up the DagBag from /home/airflow/.local/lib/python3.12/site-packages/airflow/example_dags/example_task_group.py
[2025-03-08T23:53:29.717+0000] {processor.py:925} INFO - DAG(s) 'example_task_group' retrieved from /home/airflow/.local/lib/python3.12/site-packages/airflow/example_dags/example_task_group.py
[2025-03-08T23:53:29.733+0000] {logging_mixin.py:190} INFO - [2025-03-08T23:53:29.733+0000] {dag.py:3239} INFO - Sync 1 DAGs
[2025-03-08T23:53:29.744+0000] {logging_mixin.py:190} INFO - [2025-03-08T23:53:29.743+0000] {dag.py:4180} INFO - Setting next_dagrun for example_task_group to None, run_after=None
[2025-03-08T23:53:29.758+0000] {processor.py:208} INFO - Processing /home/airflow/.local/lib/python3.12/site-packages/airflow/example_dags/example_task_group.py took 0.053 seconds
[2025-03-08T23:54:00.944+0000] {processor.py:186} INFO - Started process (PID=2130) to work on /home/airflow/.local/lib/python3.12/site-packages/airflow/example_dags/example_task_group.py
[2025-03-08T23:54:00.945+0000] {processor.py:914} INFO - Processing file /home/airflow/.local/lib/python3.12/site-packages/airflow/example_dags/example_task_group.py for tasks to queue
[2025-03-08T23:54:00.947+0000] {logging_mixin.py:190} INFO - [2025-03-08T23:54:00.947+0000] {dagbag.py:588} INFO - Filling up the DagBag from /home/airflow/.local/lib/python3.12/site-packages/airflow/example_dags/example_task_group.py
[2025-03-08T23:54:00.952+0000] {processor.py:925} INFO - DAG(s) 'example_task_group' retrieved from /home/airflow/.local/lib/python3.12/site-packages/airflow/example_dags/example_task_group.py
[2025-03-08T23:54:00.970+0000] {logging_mixin.py:190} INFO - [2025-03-08T23:54:00.970+0000] {dag.py:3239} INFO - Sync 1 DAGs
[2025-03-08T23:54:00.982+0000] {logging_mixin.py:190} INFO - [2025-03-08T23:54:00.982+0000] {dag.py:4180} INFO - Setting next_dagrun for example_task_group to None, run_after=None
[2025-03-08T23:54:00.998+0000] {processor.py:208} INFO - Processing /home/airflow/.local/lib/python3.12/site-packages/airflow/example_dags/example_task_group.py took 0.058 seconds
[2025-03-08T23:54:32.244+0000] {processor.py:186} INFO - Started process (PID=2193) to work on /home/airflow/.local/lib/python3.12/site-packages/airflow/example_dags/example_task_group.py
[2025-03-08T23:54:32.245+0000] {processor.py:914} INFO - Processing file /home/airflow/.local/lib/python3.12/site-packages/airflow/example_dags/example_task_group.py for tasks to queue
[2025-03-08T23:54:32.248+0000] {logging_mixin.py:190} INFO - [2025-03-08T23:54:32.247+0000] {dagbag.py:588} INFO - Filling up the DagBag from /home/airflow/.local/lib/python3.12/site-packages/airflow/example_dags/example_task_group.py
[2025-03-08T23:54:32.253+0000] {processor.py:925} INFO - DAG(s) 'example_task_group' retrieved from /home/airflow/.local/lib/python3.12/site-packages/airflow/example_dags/example_task_group.py
[2025-03-08T23:54:32.272+0000] {logging_mixin.py:190} INFO - [2025-03-08T23:54:32.272+0000] {dag.py:3239} INFO - Sync 1 DAGs
[2025-03-08T23:54:32.284+0000] {logging_mixin.py:190} INFO - [2025-03-08T23:54:32.284+0000] {dag.py:4180} INFO - Setting next_dagrun for example_task_group to None, run_after=None
[2025-03-08T23:54:32.301+0000] {processor.py:208} INFO - Processing /home/airflow/.local/lib/python3.12/site-packages/airflow/example_dags/example_task_group.py took 0.061 seconds
[2025-03-08T23:55:02.641+0000] {processor.py:186} INFO - Started process (PID=2255) to work on /home/airflow/.local/lib/python3.12/site-packages/airflow/example_dags/example_task_group.py
[2025-03-08T23:55:02.641+0000] {processor.py:914} INFO - Processing file /home/airflow/.local/lib/python3.12/site-packages/airflow/example_dags/example_task_group.py for tasks to queue
[2025-03-08T23:55:02.644+0000] {logging_mixin.py:190} INFO - [2025-03-08T23:55:02.644+0000] {dagbag.py:588} INFO - Filling up the DagBag from /home/airflow/.local/lib/python3.12/site-packages/airflow/example_dags/example_task_group.py
[2025-03-08T23:55:02.650+0000] {processor.py:925} INFO - DAG(s) 'example_task_group' retrieved from /home/airflow/.local/lib/python3.12/site-packages/airflow/example_dags/example_task_group.py
[2025-03-08T23:55:02.667+0000] {logging_mixin.py:190} INFO - [2025-03-08T23:55:02.667+0000] {dag.py:3239} INFO - Sync 1 DAGs
[2025-03-08T23:55:02.678+0000] {logging_mixin.py:190} INFO - [2025-03-08T23:55:02.678+0000] {dag.py:4180} INFO - Setting next_dagrun for example_task_group to None, run_after=None
[2025-03-08T23:55:02.693+0000] {processor.py:208} INFO - Processing /home/airflow/.local/lib/python3.12/site-packages/airflow/example_dags/example_task_group.py took 0.057 seconds
[2025-03-08T23:55:33.957+0000] {processor.py:186} INFO - Started process (PID=2319) to work on /home/airflow/.local/lib/python3.12/site-packages/airflow/example_dags/example_task_group.py
[2025-03-08T23:55:33.958+0000] {processor.py:914} INFO - Processing file /home/airflow/.local/lib/python3.12/site-packages/airflow/example_dags/example_task_group.py for tasks to queue
[2025-03-08T23:55:33.960+0000] {logging_mixin.py:190} INFO - [2025-03-08T23:55:33.959+0000] {dagbag.py:588} INFO - Filling up the DagBag from /home/airflow/.local/lib/python3.12/site-packages/airflow/example_dags/example_task_group.py
[2025-03-08T23:55:33.965+0000] {processor.py:925} INFO - DAG(s) 'example_task_group' retrieved from /home/airflow/.local/lib/python3.12/site-packages/airflow/example_dags/example_task_group.py
[2025-03-08T23:55:33.981+0000] {logging_mixin.py:190} INFO - [2025-03-08T23:55:33.981+0000] {dag.py:3239} INFO - Sync 1 DAGs
[2025-03-08T23:55:33.991+0000] {logging_mixin.py:190} INFO - [2025-03-08T23:55:33.990+0000] {dag.py:4180} INFO - Setting next_dagrun for example_task_group to None, run_after=None
[2025-03-08T23:55:34.009+0000] {processor.py:208} INFO - Processing /home/airflow/.local/lib/python3.12/site-packages/airflow/example_dags/example_task_group.py took 0.056 seconds
[2025-03-08T23:56:05.315+0000] {processor.py:186} INFO - Started process (PID=2382) to work on /home/airflow/.local/lib/python3.12/site-packages/airflow/example_dags/example_task_group.py
[2025-03-08T23:56:05.316+0000] {processor.py:914} INFO - Processing file /home/airflow/.local/lib/python3.12/site-packages/airflow/example_dags/example_task_group.py for tasks to queue
[2025-03-08T23:56:05.317+0000] {logging_mixin.py:190} INFO - [2025-03-08T23:56:05.317+0000] {dagbag.py:588} INFO - Filling up the DagBag from /home/airflow/.local/lib/python3.12/site-packages/airflow/example_dags/example_task_group.py
[2025-03-08T23:56:05.323+0000] {processor.py:925} INFO - DAG(s) 'example_task_group' retrieved from /home/airflow/.local/lib/python3.12/site-packages/airflow/example_dags/example_task_group.py
[2025-03-08T23:56:05.342+0000] {logging_mixin.py:190} INFO - [2025-03-08T23:56:05.342+0000] {dag.py:3239} INFO - Sync 1 DAGs
[2025-03-08T23:56:05.353+0000] {logging_mixin.py:190} INFO - [2025-03-08T23:56:05.353+0000] {dag.py:4180} INFO - Setting next_dagrun for example_task_group to None, run_after=None
[2025-03-08T23:56:05.369+0000] {processor.py:208} INFO - Processing /home/airflow/.local/lib/python3.12/site-packages/airflow/example_dags/example_task_group.py took 0.058 seconds
[2025-03-08T23:56:36.843+0000] {processor.py:186} INFO - Started process (PID=2444) to work on /home/airflow/.local/lib/python3.12/site-packages/airflow/example_dags/example_task_group.py
[2025-03-08T23:56:36.844+0000] {processor.py:914} INFO - Processing file /home/airflow/.local/lib/python3.12/site-packages/airflow/example_dags/example_task_group.py for tasks to queue
[2025-03-08T23:56:36.846+0000] {logging_mixin.py:190} INFO - [2025-03-08T23:56:36.846+0000] {dagbag.py:588} INFO - Filling up the DagBag from /home/airflow/.local/lib/python3.12/site-packages/airflow/example_dags/example_task_group.py
[2025-03-08T23:56:36.854+0000] {processor.py:925} INFO - DAG(s) 'example_task_group' retrieved from /home/airflow/.local/lib/python3.12/site-packages/airflow/example_dags/example_task_group.py
[2025-03-08T23:56:36.871+0000] {logging_mixin.py:190} INFO - [2025-03-08T23:56:36.871+0000] {dag.py:3239} INFO - Sync 1 DAGs
[2025-03-08T23:56:36.884+0000] {logging_mixin.py:190} INFO - [2025-03-08T23:56:36.884+0000] {dag.py:4180} INFO - Setting next_dagrun for example_task_group to None, run_after=None
[2025-03-08T23:56:36.901+0000] {processor.py:208} INFO - Processing /home/airflow/.local/lib/python3.12/site-packages/airflow/example_dags/example_task_group.py took 0.064 seconds
[2025-03-08T23:57:07.693+0000] {processor.py:186} INFO - Started process (PID=2507) to work on /home/airflow/.local/lib/python3.12/site-packages/airflow/example_dags/example_task_group.py
[2025-03-08T23:57:07.693+0000] {processor.py:914} INFO - Processing file /home/airflow/.local/lib/python3.12/site-packages/airflow/example_dags/example_task_group.py for tasks to queue
[2025-03-08T23:57:07.695+0000] {logging_mixin.py:190} INFO - [2025-03-08T23:57:07.695+0000] {dagbag.py:588} INFO - Filling up the DagBag from /home/airflow/.local/lib/python3.12/site-packages/airflow/example_dags/example_task_group.py
[2025-03-08T23:57:07.701+0000] {processor.py:925} INFO - DAG(s) 'example_task_group' retrieved from /home/airflow/.local/lib/python3.12/site-packages/airflow/example_dags/example_task_group.py
[2025-03-08T23:57:07.716+0000] {logging_mixin.py:190} INFO - [2025-03-08T23:57:07.716+0000] {dag.py:3239} INFO - Sync 1 DAGs
[2025-03-08T23:57:07.726+0000] {logging_mixin.py:190} INFO - [2025-03-08T23:57:07.726+0000] {dag.py:4180} INFO - Setting next_dagrun for example_task_group to None, run_after=None
[2025-03-08T23:57:07.740+0000] {processor.py:208} INFO - Processing /home/airflow/.local/lib/python3.12/site-packages/airflow/example_dags/example_task_group.py took 0.051 seconds
[2025-03-08T23:57:38.885+0000] {processor.py:186} INFO - Started process (PID=2571) to work on /home/airflow/.local/lib/python3.12/site-packages/airflow/example_dags/example_task_group.py
[2025-03-08T23:57:38.886+0000] {processor.py:914} INFO - Processing file /home/airflow/.local/lib/python3.12/site-packages/airflow/example_dags/example_task_group.py for tasks to queue
[2025-03-08T23:57:38.888+0000] {logging_mixin.py:190} INFO - [2025-03-08T23:57:38.888+0000] {dagbag.py:588} INFO - Filling up the DagBag from /home/airflow/.local/lib/python3.12/site-packages/airflow/example_dags/example_task_group.py
[2025-03-08T23:57:38.894+0000] {processor.py:925} INFO - DAG(s) 'example_task_group' retrieved from /home/airflow/.local/lib/python3.12/site-packages/airflow/example_dags/example_task_group.py
[2025-03-08T23:57:38.912+0000] {logging_mixin.py:190} INFO - [2025-03-08T23:57:38.912+0000] {dag.py:3239} INFO - Sync 1 DAGs
[2025-03-08T23:57:38.923+0000] {logging_mixin.py:190} INFO - [2025-03-08T23:57:38.922+0000] {dag.py:4180} INFO - Setting next_dagrun for example_task_group to None, run_after=None
[2025-03-08T23:57:38.936+0000] {processor.py:208} INFO - Processing /home/airflow/.local/lib/python3.12/site-packages/airflow/example_dags/example_task_group.py took 0.056 seconds
[2025-03-08T23:58:10.623+0000] {processor.py:186} INFO - Started process (PID=2634) to work on /home/airflow/.local/lib/python3.12/site-packages/airflow/example_dags/example_task_group.py
[2025-03-08T23:58:10.624+0000] {processor.py:914} INFO - Processing file /home/airflow/.local/lib/python3.12/site-packages/airflow/example_dags/example_task_group.py for tasks to queue
[2025-03-08T23:58:10.626+0000] {logging_mixin.py:190} INFO - [2025-03-08T23:58:10.626+0000] {dagbag.py:588} INFO - Filling up the DagBag from /home/airflow/.local/lib/python3.12/site-packages/airflow/example_dags/example_task_group.py
[2025-03-08T23:58:10.631+0000] {processor.py:925} INFO - DAG(s) 'example_task_group' retrieved from /home/airflow/.local/lib/python3.12/site-packages/airflow/example_dags/example_task_group.py
[2025-03-08T23:58:10.649+0000] {logging_mixin.py:190} INFO - [2025-03-08T23:58:10.648+0000] {dag.py:3239} INFO - Sync 1 DAGs
[2025-03-08T23:58:10.660+0000] {logging_mixin.py:190} INFO - [2025-03-08T23:58:10.660+0000] {dag.py:4180} INFO - Setting next_dagrun for example_task_group to None, run_after=None
[2025-03-08T23:58:10.679+0000] {processor.py:208} INFO - Processing /home/airflow/.local/lib/python3.12/site-packages/airflow/example_dags/example_task_group.py took 0.060 seconds
