[2025-03-08T22:35:46.484+0000] {processor.py:186} INFO - Started process (PID=82) to work on /home/airflow/.local/lib/python3.12/site-packages/airflow/example_dags/example_complex.py
[2025-03-08T22:35:46.484+0000] {processor.py:914} INFO - Processing file /home/airflow/.local/lib/python3.12/site-packages/airflow/example_dags/example_complex.py for tasks to queue
[2025-03-08T22:35:46.486+0000] {logging_mixin.py:190} INFO - [2025-03-08T22:35:46.486+0000] {dagbag.py:588} INFO - Filling up the DagBag from /home/airflow/.local/lib/python3.12/site-packages/airflow/example_dags/example_complex.py
[2025-03-08T22:35:46.495+0000] {processor.py:925} INFO - DAG(s) 'example_complex' retrieved from /home/airflow/.local/lib/python3.12/site-packages/airflow/example_dags/example_complex.py
[2025-03-08T22:35:46.586+0000] {logging_mixin.py:190} INFO - [2025-03-08T22:35:46.585+0000] {override.py:1912} INFO - Created Permission View: can edit on DAG:example_complex
[2025-03-08T22:35:46.596+0000] {logging_mixin.py:190} INFO - [2025-03-08T22:35:46.596+0000] {override.py:1912} INFO - Created Permission View: can read on DAG:example_complex
[2025-03-08T22:35:46.602+0000] {logging_mixin.py:190} INFO - [2025-03-08T22:35:46.602+0000] {override.py:1912} INFO - Created Permission View: can delete on DAG:example_complex
[2025-03-08T22:35:46.610+0000] {logging_mixin.py:190} INFO - [2025-03-08T22:35:46.610+0000] {override.py:1912} INFO - Created Permission View: menu access on DAG Run:example_complex
[2025-03-08T22:35:46.618+0000] {logging_mixin.py:190} INFO - [2025-03-08T22:35:46.618+0000] {override.py:1912} INFO - Created Permission View: can delete on DAG Run:example_complex
[2025-03-08T22:35:46.625+0000] {logging_mixin.py:190} INFO - [2025-03-08T22:35:46.625+0000] {override.py:1912} INFO - Created Permission View: can read on DAG Run:example_complex
[2025-03-08T22:35:46.632+0000] {logging_mixin.py:190} INFO - [2025-03-08T22:35:46.632+0000] {override.py:1912} INFO - Created Permission View: can create on DAG Run:example_complex
[2025-03-08T22:35:46.633+0000] {logging_mixin.py:190} INFO - [2025-03-08T22:35:46.632+0000] {dag.py:3239} INFO - Sync 1 DAGs
[2025-03-08T22:35:46.643+0000] {logging_mixin.py:190} INFO - [2025-03-08T22:35:46.643+0000] {dag.py:3262} INFO - Creating ORM DAG for example_complex
[2025-03-08T22:35:46.644+0000] {logging_mixin.py:190} INFO - [2025-03-08T22:35:46.644+0000] {dag.py:4180} INFO - Setting next_dagrun for example_complex to None, run_after=None
[2025-03-08T22:35:46.660+0000] {processor.py:208} INFO - Processing /home/airflow/.local/lib/python3.12/site-packages/airflow/example_dags/example_complex.py took 0.180 seconds
[2025-03-08T22:36:17.505+0000] {processor.py:186} INFO - Started process (PID=151) to work on /home/airflow/.local/lib/python3.12/site-packages/airflow/example_dags/example_complex.py
[2025-03-08T22:36:17.506+0000] {processor.py:914} INFO - Processing file /home/airflow/.local/lib/python3.12/site-packages/airflow/example_dags/example_complex.py for tasks to queue
[2025-03-08T22:36:17.507+0000] {logging_mixin.py:190} INFO - [2025-03-08T22:36:17.507+0000] {dagbag.py:588} INFO - Filling up the DagBag from /home/airflow/.local/lib/python3.12/site-packages/airflow/example_dags/example_complex.py
[2025-03-08T22:36:17.515+0000] {processor.py:925} INFO - DAG(s) 'example_complex' retrieved from /home/airflow/.local/lib/python3.12/site-packages/airflow/example_dags/example_complex.py
[2025-03-08T22:36:17.540+0000] {logging_mixin.py:190} INFO - [2025-03-08T22:36:17.540+0000] {dag.py:3239} INFO - Sync 1 DAGs
[2025-03-08T22:36:17.551+0000] {logging_mixin.py:190} INFO - [2025-03-08T22:36:17.551+0000] {dag.py:4180} INFO - Setting next_dagrun for example_complex to None, run_after=None
[2025-03-08T22:36:17.566+0000] {processor.py:208} INFO - Processing /home/airflow/.local/lib/python3.12/site-packages/airflow/example_dags/example_complex.py took 0.065 seconds
[2025-03-08T22:36:48.236+0000] {processor.py:186} INFO - Started process (PID=214) to work on /home/airflow/.local/lib/python3.12/site-packages/airflow/example_dags/example_complex.py
[2025-03-08T22:36:48.238+0000] {processor.py:914} INFO - Processing file /home/airflow/.local/lib/python3.12/site-packages/airflow/example_dags/example_complex.py for tasks to queue
[2025-03-08T22:36:48.240+0000] {logging_mixin.py:190} INFO - [2025-03-08T22:36:48.240+0000] {dagbag.py:588} INFO - Filling up the DagBag from /home/airflow/.local/lib/python3.12/site-packages/airflow/example_dags/example_complex.py
[2025-03-08T22:36:48.249+0000] {processor.py:925} INFO - DAG(s) 'example_complex' retrieved from /home/airflow/.local/lib/python3.12/site-packages/airflow/example_dags/example_complex.py
[2025-03-08T22:36:48.276+0000] {logging_mixin.py:190} INFO - [2025-03-08T22:36:48.276+0000] {dag.py:3239} INFO - Sync 1 DAGs
[2025-03-08T22:36:48.286+0000] {logging_mixin.py:190} INFO - [2025-03-08T22:36:48.286+0000] {dag.py:4180} INFO - Setting next_dagrun for example_complex to None, run_after=None
[2025-03-08T22:36:48.300+0000] {processor.py:208} INFO - Processing /home/airflow/.local/lib/python3.12/site-packages/airflow/example_dags/example_complex.py took 0.069 seconds
[2025-03-08T22:37:18.864+0000] {processor.py:186} INFO - Started process (PID=277) to work on /home/airflow/.local/lib/python3.12/site-packages/airflow/example_dags/example_complex.py
[2025-03-08T22:37:18.865+0000] {processor.py:914} INFO - Processing file /home/airflow/.local/lib/python3.12/site-packages/airflow/example_dags/example_complex.py for tasks to queue
[2025-03-08T22:37:18.866+0000] {logging_mixin.py:190} INFO - [2025-03-08T22:37:18.866+0000] {dagbag.py:588} INFO - Filling up the DagBag from /home/airflow/.local/lib/python3.12/site-packages/airflow/example_dags/example_complex.py
[2025-03-08T22:37:18.875+0000] {processor.py:925} INFO - DAG(s) 'example_complex' retrieved from /home/airflow/.local/lib/python3.12/site-packages/airflow/example_dags/example_complex.py
[2025-03-08T22:37:18.898+0000] {logging_mixin.py:190} INFO - [2025-03-08T22:37:18.898+0000] {dag.py:3239} INFO - Sync 1 DAGs
[2025-03-08T22:37:18.910+0000] {logging_mixin.py:190} INFO - [2025-03-08T22:37:18.910+0000] {dag.py:4180} INFO - Setting next_dagrun for example_complex to None, run_after=None
[2025-03-08T22:37:18.925+0000] {processor.py:208} INFO - Processing /home/airflow/.local/lib/python3.12/site-packages/airflow/example_dags/example_complex.py took 0.065 seconds
[2025-03-08T22:37:49.628+0000] {processor.py:186} INFO - Started process (PID=340) to work on /home/airflow/.local/lib/python3.12/site-packages/airflow/example_dags/example_complex.py
[2025-03-08T22:37:49.629+0000] {processor.py:914} INFO - Processing file /home/airflow/.local/lib/python3.12/site-packages/airflow/example_dags/example_complex.py for tasks to queue
[2025-03-08T22:37:49.630+0000] {logging_mixin.py:190} INFO - [2025-03-08T22:37:49.630+0000] {dagbag.py:588} INFO - Filling up the DagBag from /home/airflow/.local/lib/python3.12/site-packages/airflow/example_dags/example_complex.py
[2025-03-08T22:37:49.639+0000] {processor.py:925} INFO - DAG(s) 'example_complex' retrieved from /home/airflow/.local/lib/python3.12/site-packages/airflow/example_dags/example_complex.py
[2025-03-08T22:37:49.665+0000] {logging_mixin.py:190} INFO - [2025-03-08T22:37:49.665+0000] {dag.py:3239} INFO - Sync 1 DAGs
[2025-03-08T22:37:49.677+0000] {logging_mixin.py:190} INFO - [2025-03-08T22:37:49.676+0000] {dag.py:4180} INFO - Setting next_dagrun for example_complex to None, run_after=None
[2025-03-08T22:37:49.692+0000] {processor.py:208} INFO - Processing /home/airflow/.local/lib/python3.12/site-packages/airflow/example_dags/example_complex.py took 0.068 seconds
[2025-03-08T22:38:19.735+0000] {processor.py:186} INFO - Started process (PID=402) to work on /home/airflow/.local/lib/python3.12/site-packages/airflow/example_dags/example_complex.py
[2025-03-08T22:38:19.736+0000] {processor.py:914} INFO - Processing file /home/airflow/.local/lib/python3.12/site-packages/airflow/example_dags/example_complex.py for tasks to queue
[2025-03-08T22:38:19.737+0000] {logging_mixin.py:190} INFO - [2025-03-08T22:38:19.737+0000] {dagbag.py:588} INFO - Filling up the DagBag from /home/airflow/.local/lib/python3.12/site-packages/airflow/example_dags/example_complex.py
[2025-03-08T22:38:19.746+0000] {processor.py:925} INFO - DAG(s) 'example_complex' retrieved from /home/airflow/.local/lib/python3.12/site-packages/airflow/example_dags/example_complex.py
[2025-03-08T22:38:19.769+0000] {logging_mixin.py:190} INFO - [2025-03-08T22:38:19.769+0000] {dag.py:3239} INFO - Sync 1 DAGs
[2025-03-08T22:38:19.780+0000] {logging_mixin.py:190} INFO - [2025-03-08T22:38:19.780+0000] {dag.py:4180} INFO - Setting next_dagrun for example_complex to None, run_after=None
[2025-03-08T22:38:19.796+0000] {processor.py:208} INFO - Processing /home/airflow/.local/lib/python3.12/site-packages/airflow/example_dags/example_complex.py took 0.065 seconds
[2025-03-08T22:38:51.047+0000] {processor.py:186} INFO - Started process (PID=465) to work on /home/airflow/.local/lib/python3.12/site-packages/airflow/example_dags/example_complex.py
[2025-03-08T22:38:51.048+0000] {processor.py:914} INFO - Processing file /home/airflow/.local/lib/python3.12/site-packages/airflow/example_dags/example_complex.py for tasks to queue
[2025-03-08T22:38:51.050+0000] {logging_mixin.py:190} INFO - [2025-03-08T22:38:51.050+0000] {dagbag.py:588} INFO - Filling up the DagBag from /home/airflow/.local/lib/python3.12/site-packages/airflow/example_dags/example_complex.py
[2025-03-08T22:38:51.059+0000] {processor.py:925} INFO - DAG(s) 'example_complex' retrieved from /home/airflow/.local/lib/python3.12/site-packages/airflow/example_dags/example_complex.py
[2025-03-08T22:38:51.082+0000] {logging_mixin.py:190} INFO - [2025-03-08T22:38:51.082+0000] {dag.py:3239} INFO - Sync 1 DAGs
[2025-03-08T22:38:51.092+0000] {logging_mixin.py:190} INFO - [2025-03-08T22:38:51.091+0000] {dag.py:4180} INFO - Setting next_dagrun for example_complex to None, run_after=None
[2025-03-08T22:38:51.105+0000] {processor.py:208} INFO - Processing /home/airflow/.local/lib/python3.12/site-packages/airflow/example_dags/example_complex.py took 0.062 seconds
[2025-03-08T23:37:26.638+0000] {processor.py:186} INFO - Started process (PID=82) to work on /home/airflow/.local/lib/python3.12/site-packages/airflow/example_dags/example_complex.py
[2025-03-08T23:37:26.639+0000] {processor.py:914} INFO - Processing file /home/airflow/.local/lib/python3.12/site-packages/airflow/example_dags/example_complex.py for tasks to queue
[2025-03-08T23:37:26.641+0000] {logging_mixin.py:190} INFO - [2025-03-08T23:37:26.640+0000] {dagbag.py:588} INFO - Filling up the DagBag from /home/airflow/.local/lib/python3.12/site-packages/airflow/example_dags/example_complex.py
[2025-03-08T23:37:26.653+0000] {processor.py:925} INFO - DAG(s) 'example_complex' retrieved from /home/airflow/.local/lib/python3.12/site-packages/airflow/example_dags/example_complex.py
[2025-03-08T23:37:26.693+0000] {logging_mixin.py:190} INFO - [2025-03-08T23:37:26.692+0000] {dag.py:3239} INFO - Sync 1 DAGs
[2025-03-08T23:37:26.713+0000] {logging_mixin.py:190} INFO - [2025-03-08T23:37:26.712+0000] {dag.py:4180} INFO - Setting next_dagrun for example_complex to None, run_after=None
[2025-03-08T23:37:26.736+0000] {processor.py:208} INFO - Processing /home/airflow/.local/lib/python3.12/site-packages/airflow/example_dags/example_complex.py took 0.104 seconds
[2025-03-08T23:37:57.406+0000] {processor.py:186} INFO - Started process (PID=145) to work on /home/airflow/.local/lib/python3.12/site-packages/airflow/example_dags/example_complex.py
[2025-03-08T23:37:57.407+0000] {processor.py:914} INFO - Processing file /home/airflow/.local/lib/python3.12/site-packages/airflow/example_dags/example_complex.py for tasks to queue
[2025-03-08T23:37:57.409+0000] {logging_mixin.py:190} INFO - [2025-03-08T23:37:57.409+0000] {dagbag.py:588} INFO - Filling up the DagBag from /home/airflow/.local/lib/python3.12/site-packages/airflow/example_dags/example_complex.py
[2025-03-08T23:37:57.420+0000] {processor.py:925} INFO - DAG(s) 'example_complex' retrieved from /home/airflow/.local/lib/python3.12/site-packages/airflow/example_dags/example_complex.py
[2025-03-08T23:37:57.447+0000] {logging_mixin.py:190} INFO - [2025-03-08T23:37:57.447+0000] {dag.py:3239} INFO - Sync 1 DAGs
[2025-03-08T23:37:57.459+0000] {logging_mixin.py:190} INFO - [2025-03-08T23:37:57.459+0000] {dag.py:4180} INFO - Setting next_dagrun for example_complex to None, run_after=None
[2025-03-08T23:37:57.476+0000] {processor.py:208} INFO - Processing /home/airflow/.local/lib/python3.12/site-packages/airflow/example_dags/example_complex.py took 0.075 seconds
[2025-03-08T23:38:27.786+0000] {processor.py:186} INFO - Started process (PID=208) to work on /home/airflow/.local/lib/python3.12/site-packages/airflow/example_dags/example_complex.py
[2025-03-08T23:38:27.787+0000] {processor.py:914} INFO - Processing file /home/airflow/.local/lib/python3.12/site-packages/airflow/example_dags/example_complex.py for tasks to queue
[2025-03-08T23:38:27.788+0000] {logging_mixin.py:190} INFO - [2025-03-08T23:38:27.788+0000] {dagbag.py:588} INFO - Filling up the DagBag from /home/airflow/.local/lib/python3.12/site-packages/airflow/example_dags/example_complex.py
[2025-03-08T23:38:27.799+0000] {processor.py:925} INFO - DAG(s) 'example_complex' retrieved from /home/airflow/.local/lib/python3.12/site-packages/airflow/example_dags/example_complex.py
[2025-03-08T23:38:27.824+0000] {logging_mixin.py:190} INFO - [2025-03-08T23:38:27.823+0000] {dag.py:3239} INFO - Sync 1 DAGs
[2025-03-08T23:38:27.834+0000] {logging_mixin.py:190} INFO - [2025-03-08T23:38:27.834+0000] {dag.py:4180} INFO - Setting next_dagrun for example_complex to None, run_after=None
[2025-03-08T23:38:27.851+0000] {processor.py:208} INFO - Processing /home/airflow/.local/lib/python3.12/site-packages/airflow/example_dags/example_complex.py took 0.069 seconds
[2025-03-08T23:38:58.959+0000] {processor.py:186} INFO - Started process (PID=277) to work on /home/airflow/.local/lib/python3.12/site-packages/airflow/example_dags/example_complex.py
[2025-03-08T23:38:58.959+0000] {processor.py:914} INFO - Processing file /home/airflow/.local/lib/python3.12/site-packages/airflow/example_dags/example_complex.py for tasks to queue
[2025-03-08T23:38:58.961+0000] {logging_mixin.py:190} INFO - [2025-03-08T23:38:58.961+0000] {dagbag.py:588} INFO - Filling up the DagBag from /home/airflow/.local/lib/python3.12/site-packages/airflow/example_dags/example_complex.py
[2025-03-08T23:38:58.969+0000] {processor.py:925} INFO - DAG(s) 'example_complex' retrieved from /home/airflow/.local/lib/python3.12/site-packages/airflow/example_dags/example_complex.py
[2025-03-08T23:38:58.993+0000] {logging_mixin.py:190} INFO - [2025-03-08T23:38:58.993+0000] {dag.py:3239} INFO - Sync 1 DAGs
[2025-03-08T23:38:59.004+0000] {logging_mixin.py:190} INFO - [2025-03-08T23:38:59.004+0000] {dag.py:4180} INFO - Setting next_dagrun for example_complex to None, run_after=None
[2025-03-08T23:38:59.023+0000] {processor.py:208} INFO - Processing /home/airflow/.local/lib/python3.12/site-packages/airflow/example_dags/example_complex.py took 0.068 seconds
[2025-03-08T23:39:30.277+0000] {processor.py:186} INFO - Started process (PID=339) to work on /home/airflow/.local/lib/python3.12/site-packages/airflow/example_dags/example_complex.py
[2025-03-08T23:39:30.278+0000] {processor.py:914} INFO - Processing file /home/airflow/.local/lib/python3.12/site-packages/airflow/example_dags/example_complex.py for tasks to queue
[2025-03-08T23:39:30.280+0000] {logging_mixin.py:190} INFO - [2025-03-08T23:39:30.280+0000] {dagbag.py:588} INFO - Filling up the DagBag from /home/airflow/.local/lib/python3.12/site-packages/airflow/example_dags/example_complex.py
[2025-03-08T23:39:30.288+0000] {processor.py:925} INFO - DAG(s) 'example_complex' retrieved from /home/airflow/.local/lib/python3.12/site-packages/airflow/example_dags/example_complex.py
[2025-03-08T23:39:30.314+0000] {logging_mixin.py:190} INFO - [2025-03-08T23:39:30.314+0000] {dag.py:3239} INFO - Sync 1 DAGs
[2025-03-08T23:39:30.325+0000] {logging_mixin.py:190} INFO - [2025-03-08T23:39:30.325+0000] {dag.py:4180} INFO - Setting next_dagrun for example_complex to None, run_after=None
[2025-03-08T23:39:30.339+0000] {processor.py:208} INFO - Processing /home/airflow/.local/lib/python3.12/site-packages/airflow/example_dags/example_complex.py took 0.066 seconds
[2025-03-08T23:40:01.608+0000] {processor.py:186} INFO - Started process (PID=402) to work on /home/airflow/.local/lib/python3.12/site-packages/airflow/example_dags/example_complex.py
[2025-03-08T23:40:01.609+0000] {processor.py:914} INFO - Processing file /home/airflow/.local/lib/python3.12/site-packages/airflow/example_dags/example_complex.py for tasks to queue
[2025-03-08T23:40:01.611+0000] {logging_mixin.py:190} INFO - [2025-03-08T23:40:01.611+0000] {dagbag.py:588} INFO - Filling up the DagBag from /home/airflow/.local/lib/python3.12/site-packages/airflow/example_dags/example_complex.py
[2025-03-08T23:40:01.619+0000] {processor.py:925} INFO - DAG(s) 'example_complex' retrieved from /home/airflow/.local/lib/python3.12/site-packages/airflow/example_dags/example_complex.py
[2025-03-08T23:40:01.646+0000] {logging_mixin.py:190} INFO - [2025-03-08T23:40:01.646+0000] {dag.py:3239} INFO - Sync 1 DAGs
[2025-03-08T23:40:01.658+0000] {logging_mixin.py:190} INFO - [2025-03-08T23:40:01.658+0000] {dag.py:4180} INFO - Setting next_dagrun for example_complex to None, run_after=None
[2025-03-08T23:40:01.674+0000] {processor.py:208} INFO - Processing /home/airflow/.local/lib/python3.12/site-packages/airflow/example_dags/example_complex.py took 0.070 seconds
[2025-03-08T23:40:33.144+0000] {processor.py:186} INFO - Started process (PID=465) to work on /home/airflow/.local/lib/python3.12/site-packages/airflow/example_dags/example_complex.py
[2025-03-08T23:40:33.144+0000] {processor.py:914} INFO - Processing file /home/airflow/.local/lib/python3.12/site-packages/airflow/example_dags/example_complex.py for tasks to queue
[2025-03-08T23:40:33.146+0000] {logging_mixin.py:190} INFO - [2025-03-08T23:40:33.145+0000] {dagbag.py:588} INFO - Filling up the DagBag from /home/airflow/.local/lib/python3.12/site-packages/airflow/example_dags/example_complex.py
[2025-03-08T23:40:33.154+0000] {processor.py:925} INFO - DAG(s) 'example_complex' retrieved from /home/airflow/.local/lib/python3.12/site-packages/airflow/example_dags/example_complex.py
[2025-03-08T23:40:33.183+0000] {logging_mixin.py:190} INFO - [2025-03-08T23:40:33.183+0000] {dag.py:3239} INFO - Sync 1 DAGs
[2025-03-08T23:40:33.196+0000] {logging_mixin.py:190} INFO - [2025-03-08T23:40:33.196+0000] {dag.py:4180} INFO - Setting next_dagrun for example_complex to None, run_after=None
[2025-03-08T23:40:33.214+0000] {processor.py:208} INFO - Processing /home/airflow/.local/lib/python3.12/site-packages/airflow/example_dags/example_complex.py took 0.075 seconds
[2025-03-08T23:41:03.884+0000] {processor.py:186} INFO - Started process (PID=528) to work on /home/airflow/.local/lib/python3.12/site-packages/airflow/example_dags/example_complex.py
[2025-03-08T23:41:03.884+0000] {processor.py:914} INFO - Processing file /home/airflow/.local/lib/python3.12/site-packages/airflow/example_dags/example_complex.py for tasks to queue
[2025-03-08T23:41:03.886+0000] {logging_mixin.py:190} INFO - [2025-03-08T23:41:03.886+0000] {dagbag.py:588} INFO - Filling up the DagBag from /home/airflow/.local/lib/python3.12/site-packages/airflow/example_dags/example_complex.py
[2025-03-08T23:41:03.895+0000] {processor.py:925} INFO - DAG(s) 'example_complex' retrieved from /home/airflow/.local/lib/python3.12/site-packages/airflow/example_dags/example_complex.py
[2025-03-08T23:41:03.923+0000] {logging_mixin.py:190} INFO - [2025-03-08T23:41:03.922+0000] {dag.py:3239} INFO - Sync 1 DAGs
[2025-03-08T23:41:03.936+0000] {logging_mixin.py:190} INFO - [2025-03-08T23:41:03.936+0000] {dag.py:4180} INFO - Setting next_dagrun for example_complex to None, run_after=None
[2025-03-08T23:41:03.953+0000] {processor.py:208} INFO - Processing /home/airflow/.local/lib/python3.12/site-packages/airflow/example_dags/example_complex.py took 0.073 seconds
[2025-03-08T23:41:34.784+0000] {processor.py:186} INFO - Started process (PID=591) to work on /home/airflow/.local/lib/python3.12/site-packages/airflow/example_dags/example_complex.py
[2025-03-08T23:41:34.785+0000] {processor.py:914} INFO - Processing file /home/airflow/.local/lib/python3.12/site-packages/airflow/example_dags/example_complex.py for tasks to queue
[2025-03-08T23:41:34.787+0000] {logging_mixin.py:190} INFO - [2025-03-08T23:41:34.787+0000] {dagbag.py:588} INFO - Filling up the DagBag from /home/airflow/.local/lib/python3.12/site-packages/airflow/example_dags/example_complex.py
[2025-03-08T23:41:34.797+0000] {processor.py:925} INFO - DAG(s) 'example_complex' retrieved from /home/airflow/.local/lib/python3.12/site-packages/airflow/example_dags/example_complex.py
[2025-03-08T23:41:34.826+0000] {logging_mixin.py:190} INFO - [2025-03-08T23:41:34.825+0000] {dag.py:3239} INFO - Sync 1 DAGs
[2025-03-08T23:41:34.837+0000] {logging_mixin.py:190} INFO - [2025-03-08T23:41:34.836+0000] {dag.py:4180} INFO - Setting next_dagrun for example_complex to None, run_after=None
[2025-03-08T23:41:34.855+0000] {processor.py:208} INFO - Processing /home/airflow/.local/lib/python3.12/site-packages/airflow/example_dags/example_complex.py took 0.076 seconds
[2025-03-08T23:42:06.440+0000] {processor.py:186} INFO - Started process (PID=654) to work on /home/airflow/.local/lib/python3.12/site-packages/airflow/example_dags/example_complex.py
[2025-03-08T23:42:06.440+0000] {processor.py:914} INFO - Processing file /home/airflow/.local/lib/python3.12/site-packages/airflow/example_dags/example_complex.py for tasks to queue
[2025-03-08T23:42:06.442+0000] {logging_mixin.py:190} INFO - [2025-03-08T23:42:06.442+0000] {dagbag.py:588} INFO - Filling up the DagBag from /home/airflow/.local/lib/python3.12/site-packages/airflow/example_dags/example_complex.py
[2025-03-08T23:42:06.449+0000] {processor.py:925} INFO - DAG(s) 'example_complex' retrieved from /home/airflow/.local/lib/python3.12/site-packages/airflow/example_dags/example_complex.py
[2025-03-08T23:42:06.473+0000] {logging_mixin.py:190} INFO - [2025-03-08T23:42:06.473+0000] {dag.py:3239} INFO - Sync 1 DAGs
[2025-03-08T23:42:06.483+0000] {logging_mixin.py:190} INFO - [2025-03-08T23:42:06.483+0000] {dag.py:4180} INFO - Setting next_dagrun for example_complex to None, run_after=None
[2025-03-08T23:42:06.496+0000] {processor.py:208} INFO - Processing /home/airflow/.local/lib/python3.12/site-packages/airflow/example_dags/example_complex.py took 0.060 seconds
[2025-03-08T23:42:38.014+0000] {processor.py:186} INFO - Started process (PID=717) to work on /home/airflow/.local/lib/python3.12/site-packages/airflow/example_dags/example_complex.py
[2025-03-08T23:42:38.015+0000] {processor.py:914} INFO - Processing file /home/airflow/.local/lib/python3.12/site-packages/airflow/example_dags/example_complex.py for tasks to queue
[2025-03-08T23:42:38.017+0000] {logging_mixin.py:190} INFO - [2025-03-08T23:42:38.017+0000] {dagbag.py:588} INFO - Filling up the DagBag from /home/airflow/.local/lib/python3.12/site-packages/airflow/example_dags/example_complex.py
[2025-03-08T23:42:38.027+0000] {processor.py:925} INFO - DAG(s) 'example_complex' retrieved from /home/airflow/.local/lib/python3.12/site-packages/airflow/example_dags/example_complex.py
[2025-03-08T23:42:38.055+0000] {logging_mixin.py:190} INFO - [2025-03-08T23:42:38.055+0000] {dag.py:3239} INFO - Sync 1 DAGs
[2025-03-08T23:42:38.067+0000] {logging_mixin.py:190} INFO - [2025-03-08T23:42:38.067+0000] {dag.py:4180} INFO - Setting next_dagrun for example_complex to None, run_after=None
[2025-03-08T23:42:38.085+0000] {processor.py:208} INFO - Processing /home/airflow/.local/lib/python3.12/site-packages/airflow/example_dags/example_complex.py took 0.078 seconds
[2025-03-08T23:43:08.343+0000] {processor.py:186} INFO - Started process (PID=781) to work on /home/airflow/.local/lib/python3.12/site-packages/airflow/example_dags/example_complex.py
[2025-03-08T23:43:08.343+0000] {processor.py:914} INFO - Processing file /home/airflow/.local/lib/python3.12/site-packages/airflow/example_dags/example_complex.py for tasks to queue
[2025-03-08T23:43:08.345+0000] {logging_mixin.py:190} INFO - [2025-03-08T23:43:08.345+0000] {dagbag.py:588} INFO - Filling up the DagBag from /home/airflow/.local/lib/python3.12/site-packages/airflow/example_dags/example_complex.py
[2025-03-08T23:43:08.353+0000] {processor.py:925} INFO - DAG(s) 'example_complex' retrieved from /home/airflow/.local/lib/python3.12/site-packages/airflow/example_dags/example_complex.py
[2025-03-08T23:43:08.381+0000] {logging_mixin.py:190} INFO - [2025-03-08T23:43:08.381+0000] {dag.py:3239} INFO - Sync 1 DAGs
[2025-03-08T23:43:08.393+0000] {logging_mixin.py:190} INFO - [2025-03-08T23:43:08.392+0000] {dag.py:4180} INFO - Setting next_dagrun for example_complex to None, run_after=None
[2025-03-08T23:43:08.408+0000] {processor.py:208} INFO - Processing /home/airflow/.local/lib/python3.12/site-packages/airflow/example_dags/example_complex.py took 0.069 seconds
[2025-03-08T23:43:39.721+0000] {processor.py:186} INFO - Started process (PID=844) to work on /home/airflow/.local/lib/python3.12/site-packages/airflow/example_dags/example_complex.py
[2025-03-08T23:43:39.722+0000] {processor.py:914} INFO - Processing file /home/airflow/.local/lib/python3.12/site-packages/airflow/example_dags/example_complex.py for tasks to queue
[2025-03-08T23:43:39.723+0000] {logging_mixin.py:190} INFO - [2025-03-08T23:43:39.723+0000] {dagbag.py:588} INFO - Filling up the DagBag from /home/airflow/.local/lib/python3.12/site-packages/airflow/example_dags/example_complex.py
[2025-03-08T23:43:39.731+0000] {processor.py:925} INFO - DAG(s) 'example_complex' retrieved from /home/airflow/.local/lib/python3.12/site-packages/airflow/example_dags/example_complex.py
[2025-03-08T23:43:39.753+0000] {logging_mixin.py:190} INFO - [2025-03-08T23:43:39.753+0000] {dag.py:3239} INFO - Sync 1 DAGs
[2025-03-08T23:43:39.763+0000] {logging_mixin.py:190} INFO - [2025-03-08T23:43:39.763+0000] {dag.py:4180} INFO - Setting next_dagrun for example_complex to None, run_after=None
[2025-03-08T23:43:39.777+0000] {processor.py:208} INFO - Processing /home/airflow/.local/lib/python3.12/site-packages/airflow/example_dags/example_complex.py took 0.059 seconds
[2025-03-08T23:44:10.340+0000] {processor.py:186} INFO - Started process (PID=907) to work on /home/airflow/.local/lib/python3.12/site-packages/airflow/example_dags/example_complex.py
[2025-03-08T23:44:10.341+0000] {processor.py:914} INFO - Processing file /home/airflow/.local/lib/python3.12/site-packages/airflow/example_dags/example_complex.py for tasks to queue
[2025-03-08T23:44:10.343+0000] {logging_mixin.py:190} INFO - [2025-03-08T23:44:10.343+0000] {dagbag.py:588} INFO - Filling up the DagBag from /home/airflow/.local/lib/python3.12/site-packages/airflow/example_dags/example_complex.py
[2025-03-08T23:44:10.352+0000] {processor.py:925} INFO - DAG(s) 'example_complex' retrieved from /home/airflow/.local/lib/python3.12/site-packages/airflow/example_dags/example_complex.py
[2025-03-08T23:44:10.378+0000] {logging_mixin.py:190} INFO - [2025-03-08T23:44:10.378+0000] {dag.py:3239} INFO - Sync 1 DAGs
[2025-03-08T23:44:10.389+0000] {logging_mixin.py:190} INFO - [2025-03-08T23:44:10.389+0000] {dag.py:4180} INFO - Setting next_dagrun for example_complex to None, run_after=None
[2025-03-08T23:44:10.405+0000] {processor.py:208} INFO - Processing /home/airflow/.local/lib/python3.12/site-packages/airflow/example_dags/example_complex.py took 0.070 seconds
[2025-03-08T23:44:41.575+0000] {processor.py:186} INFO - Started process (PID=971) to work on /home/airflow/.local/lib/python3.12/site-packages/airflow/example_dags/example_complex.py
[2025-03-08T23:44:41.576+0000] {processor.py:914} INFO - Processing file /home/airflow/.local/lib/python3.12/site-packages/airflow/example_dags/example_complex.py for tasks to queue
[2025-03-08T23:44:41.578+0000] {logging_mixin.py:190} INFO - [2025-03-08T23:44:41.578+0000] {dagbag.py:588} INFO - Filling up the DagBag from /home/airflow/.local/lib/python3.12/site-packages/airflow/example_dags/example_complex.py
[2025-03-08T23:44:41.587+0000] {processor.py:925} INFO - DAG(s) 'example_complex' retrieved from /home/airflow/.local/lib/python3.12/site-packages/airflow/example_dags/example_complex.py
[2025-03-08T23:44:41.617+0000] {logging_mixin.py:190} INFO - [2025-03-08T23:44:41.616+0000] {dag.py:3239} INFO - Sync 1 DAGs
[2025-03-08T23:44:41.631+0000] {logging_mixin.py:190} INFO - [2025-03-08T23:44:41.631+0000] {dag.py:4180} INFO - Setting next_dagrun for example_complex to None, run_after=None
[2025-03-08T23:44:41.649+0000] {processor.py:208} INFO - Processing /home/airflow/.local/lib/python3.12/site-packages/airflow/example_dags/example_complex.py took 0.079 seconds
[2025-03-08T23:45:12.712+0000] {processor.py:186} INFO - Started process (PID=1034) to work on /home/airflow/.local/lib/python3.12/site-packages/airflow/example_dags/example_complex.py
[2025-03-08T23:45:12.713+0000] {processor.py:914} INFO - Processing file /home/airflow/.local/lib/python3.12/site-packages/airflow/example_dags/example_complex.py for tasks to queue
[2025-03-08T23:45:12.715+0000] {logging_mixin.py:190} INFO - [2025-03-08T23:45:12.715+0000] {dagbag.py:588} INFO - Filling up the DagBag from /home/airflow/.local/lib/python3.12/site-packages/airflow/example_dags/example_complex.py
[2025-03-08T23:45:12.723+0000] {processor.py:925} INFO - DAG(s) 'example_complex' retrieved from /home/airflow/.local/lib/python3.12/site-packages/airflow/example_dags/example_complex.py
[2025-03-08T23:45:12.746+0000] {logging_mixin.py:190} INFO - [2025-03-08T23:45:12.746+0000] {dag.py:3239} INFO - Sync 1 DAGs
[2025-03-08T23:45:12.756+0000] {logging_mixin.py:190} INFO - [2025-03-08T23:45:12.756+0000] {dag.py:4180} INFO - Setting next_dagrun for example_complex to None, run_after=None
[2025-03-08T23:45:12.770+0000] {processor.py:208} INFO - Processing /home/airflow/.local/lib/python3.12/site-packages/airflow/example_dags/example_complex.py took 0.062 seconds
[2025-03-08T23:45:43.639+0000] {processor.py:186} INFO - Started process (PID=1097) to work on /home/airflow/.local/lib/python3.12/site-packages/airflow/example_dags/example_complex.py
[2025-03-08T23:45:43.640+0000] {processor.py:914} INFO - Processing file /home/airflow/.local/lib/python3.12/site-packages/airflow/example_dags/example_complex.py for tasks to queue
[2025-03-08T23:45:43.642+0000] {logging_mixin.py:190} INFO - [2025-03-08T23:45:43.642+0000] {dagbag.py:588} INFO - Filling up the DagBag from /home/airflow/.local/lib/python3.12/site-packages/airflow/example_dags/example_complex.py
[2025-03-08T23:45:43.651+0000] {processor.py:925} INFO - DAG(s) 'example_complex' retrieved from /home/airflow/.local/lib/python3.12/site-packages/airflow/example_dags/example_complex.py
[2025-03-08T23:45:43.678+0000] {logging_mixin.py:190} INFO - [2025-03-08T23:45:43.677+0000] {dag.py:3239} INFO - Sync 1 DAGs
[2025-03-08T23:45:43.691+0000] {logging_mixin.py:190} INFO - [2025-03-08T23:45:43.691+0000] {dag.py:4180} INFO - Setting next_dagrun for example_complex to None, run_after=None
[2025-03-08T23:45:43.713+0000] {processor.py:208} INFO - Processing /home/airflow/.local/lib/python3.12/site-packages/airflow/example_dags/example_complex.py took 0.081 seconds
[2025-03-08T23:46:14.707+0000] {processor.py:186} INFO - Started process (PID=1160) to work on /home/airflow/.local/lib/python3.12/site-packages/airflow/example_dags/example_complex.py
[2025-03-08T23:46:14.708+0000] {processor.py:914} INFO - Processing file /home/airflow/.local/lib/python3.12/site-packages/airflow/example_dags/example_complex.py for tasks to queue
[2025-03-08T23:46:14.710+0000] {logging_mixin.py:190} INFO - [2025-03-08T23:46:14.710+0000] {dagbag.py:588} INFO - Filling up the DagBag from /home/airflow/.local/lib/python3.12/site-packages/airflow/example_dags/example_complex.py
[2025-03-08T23:46:14.718+0000] {processor.py:925} INFO - DAG(s) 'example_complex' retrieved from /home/airflow/.local/lib/python3.12/site-packages/airflow/example_dags/example_complex.py
[2025-03-08T23:46:14.743+0000] {logging_mixin.py:190} INFO - [2025-03-08T23:46:14.743+0000] {dag.py:3239} INFO - Sync 1 DAGs
[2025-03-08T23:46:14.755+0000] {logging_mixin.py:190} INFO - [2025-03-08T23:46:14.755+0000] {dag.py:4180} INFO - Setting next_dagrun for example_complex to None, run_after=None
[2025-03-08T23:46:14.771+0000] {processor.py:208} INFO - Processing /home/airflow/.local/lib/python3.12/site-packages/airflow/example_dags/example_complex.py took 0.068 seconds
[2025-03-08T23:46:45.740+0000] {processor.py:186} INFO - Started process (PID=1223) to work on /home/airflow/.local/lib/python3.12/site-packages/airflow/example_dags/example_complex.py
[2025-03-08T23:46:45.741+0000] {processor.py:914} INFO - Processing file /home/airflow/.local/lib/python3.12/site-packages/airflow/example_dags/example_complex.py for tasks to queue
[2025-03-08T23:46:45.742+0000] {logging_mixin.py:190} INFO - [2025-03-08T23:46:45.742+0000] {dagbag.py:588} INFO - Filling up the DagBag from /home/airflow/.local/lib/python3.12/site-packages/airflow/example_dags/example_complex.py
[2025-03-08T23:46:45.750+0000] {processor.py:925} INFO - DAG(s) 'example_complex' retrieved from /home/airflow/.local/lib/python3.12/site-packages/airflow/example_dags/example_complex.py
[2025-03-08T23:46:45.776+0000] {logging_mixin.py:190} INFO - [2025-03-08T23:46:45.775+0000] {dag.py:3239} INFO - Sync 1 DAGs
[2025-03-08T23:46:45.788+0000] {logging_mixin.py:190} INFO - [2025-03-08T23:46:45.788+0000] {dag.py:4180} INFO - Setting next_dagrun for example_complex to None, run_after=None
[2025-03-08T23:46:45.805+0000] {processor.py:208} INFO - Processing /home/airflow/.local/lib/python3.12/site-packages/airflow/example_dags/example_complex.py took 0.068 seconds
[2025-03-08T23:47:16.531+0000] {processor.py:186} INFO - Started process (PID=1286) to work on /home/airflow/.local/lib/python3.12/site-packages/airflow/example_dags/example_complex.py
[2025-03-08T23:47:16.532+0000] {processor.py:914} INFO - Processing file /home/airflow/.local/lib/python3.12/site-packages/airflow/example_dags/example_complex.py for tasks to queue
[2025-03-08T23:47:16.534+0000] {logging_mixin.py:190} INFO - [2025-03-08T23:47:16.534+0000] {dagbag.py:588} INFO - Filling up the DagBag from /home/airflow/.local/lib/python3.12/site-packages/airflow/example_dags/example_complex.py
[2025-03-08T23:47:16.542+0000] {processor.py:925} INFO - DAG(s) 'example_complex' retrieved from /home/airflow/.local/lib/python3.12/site-packages/airflow/example_dags/example_complex.py
[2025-03-08T23:47:16.566+0000] {logging_mixin.py:190} INFO - [2025-03-08T23:47:16.565+0000] {dag.py:3239} INFO - Sync 1 DAGs
[2025-03-08T23:47:16.575+0000] {logging_mixin.py:190} INFO - [2025-03-08T23:47:16.575+0000] {dag.py:4180} INFO - Setting next_dagrun for example_complex to None, run_after=None
[2025-03-08T23:47:16.589+0000] {processor.py:208} INFO - Processing /home/airflow/.local/lib/python3.12/site-packages/airflow/example_dags/example_complex.py took 0.062 seconds
[2025-03-08T23:47:47.161+0000] {processor.py:186} INFO - Started process (PID=1348) to work on /home/airflow/.local/lib/python3.12/site-packages/airflow/example_dags/example_complex.py
[2025-03-08T23:47:47.162+0000] {processor.py:914} INFO - Processing file /home/airflow/.local/lib/python3.12/site-packages/airflow/example_dags/example_complex.py for tasks to queue
[2025-03-08T23:47:47.163+0000] {logging_mixin.py:190} INFO - [2025-03-08T23:47:47.163+0000] {dagbag.py:588} INFO - Filling up the DagBag from /home/airflow/.local/lib/python3.12/site-packages/airflow/example_dags/example_complex.py
[2025-03-08T23:47:47.171+0000] {processor.py:925} INFO - DAG(s) 'example_complex' retrieved from /home/airflow/.local/lib/python3.12/site-packages/airflow/example_dags/example_complex.py
[2025-03-08T23:47:47.193+0000] {logging_mixin.py:190} INFO - [2025-03-08T23:47:47.193+0000] {dag.py:3239} INFO - Sync 1 DAGs
[2025-03-08T23:47:47.203+0000] {logging_mixin.py:190} INFO - [2025-03-08T23:47:47.203+0000] {dag.py:4180} INFO - Setting next_dagrun for example_complex to None, run_after=None
[2025-03-08T23:47:47.217+0000] {processor.py:208} INFO - Processing /home/airflow/.local/lib/python3.12/site-packages/airflow/example_dags/example_complex.py took 0.060 seconds
[2025-03-08T23:48:17.870+0000] {processor.py:186} INFO - Started process (PID=1411) to work on /home/airflow/.local/lib/python3.12/site-packages/airflow/example_dags/example_complex.py
[2025-03-08T23:48:17.871+0000] {processor.py:914} INFO - Processing file /home/airflow/.local/lib/python3.12/site-packages/airflow/example_dags/example_complex.py for tasks to queue
[2025-03-08T23:48:17.873+0000] {logging_mixin.py:190} INFO - [2025-03-08T23:48:17.872+0000] {dagbag.py:588} INFO - Filling up the DagBag from /home/airflow/.local/lib/python3.12/site-packages/airflow/example_dags/example_complex.py
[2025-03-08T23:48:17.881+0000] {processor.py:925} INFO - DAG(s) 'example_complex' retrieved from /home/airflow/.local/lib/python3.12/site-packages/airflow/example_dags/example_complex.py
[2025-03-08T23:48:17.904+0000] {logging_mixin.py:190} INFO - [2025-03-08T23:48:17.904+0000] {dag.py:3239} INFO - Sync 1 DAGs
[2025-03-08T23:48:17.915+0000] {logging_mixin.py:190} INFO - [2025-03-08T23:48:17.915+0000] {dag.py:4180} INFO - Setting next_dagrun for example_complex to None, run_after=None
[2025-03-08T23:48:17.929+0000] {processor.py:208} INFO - Processing /home/airflow/.local/lib/python3.12/site-packages/airflow/example_dags/example_complex.py took 0.063 seconds
[2025-03-08T23:48:48.658+0000] {processor.py:186} INFO - Started process (PID=1474) to work on /home/airflow/.local/lib/python3.12/site-packages/airflow/example_dags/example_complex.py
[2025-03-08T23:48:48.659+0000] {processor.py:914} INFO - Processing file /home/airflow/.local/lib/python3.12/site-packages/airflow/example_dags/example_complex.py for tasks to queue
[2025-03-08T23:48:48.661+0000] {logging_mixin.py:190} INFO - [2025-03-08T23:48:48.660+0000] {dagbag.py:588} INFO - Filling up the DagBag from /home/airflow/.local/lib/python3.12/site-packages/airflow/example_dags/example_complex.py
[2025-03-08T23:48:48.670+0000] {processor.py:925} INFO - DAG(s) 'example_complex' retrieved from /home/airflow/.local/lib/python3.12/site-packages/airflow/example_dags/example_complex.py
[2025-03-08T23:48:48.696+0000] {logging_mixin.py:190} INFO - [2025-03-08T23:48:48.696+0000] {dag.py:3239} INFO - Sync 1 DAGs
[2025-03-08T23:48:48.708+0000] {logging_mixin.py:190} INFO - [2025-03-08T23:48:48.708+0000] {dag.py:4180} INFO - Setting next_dagrun for example_complex to None, run_after=None
[2025-03-08T23:48:48.725+0000] {processor.py:208} INFO - Processing /home/airflow/.local/lib/python3.12/site-packages/airflow/example_dags/example_complex.py took 0.073 seconds
[2025-03-08T23:49:19.989+0000] {processor.py:186} INFO - Started process (PID=1538) to work on /home/airflow/.local/lib/python3.12/site-packages/airflow/example_dags/example_complex.py
[2025-03-08T23:49:19.990+0000] {processor.py:914} INFO - Processing file /home/airflow/.local/lib/python3.12/site-packages/airflow/example_dags/example_complex.py for tasks to queue
[2025-03-08T23:49:19.992+0000] {logging_mixin.py:190} INFO - [2025-03-08T23:49:19.992+0000] {dagbag.py:588} INFO - Filling up the DagBag from /home/airflow/.local/lib/python3.12/site-packages/airflow/example_dags/example_complex.py
[2025-03-08T23:49:20.002+0000] {processor.py:925} INFO - DAG(s) 'example_complex' retrieved from /home/airflow/.local/lib/python3.12/site-packages/airflow/example_dags/example_complex.py
[2025-03-08T23:49:20.030+0000] {logging_mixin.py:190} INFO - [2025-03-08T23:49:20.030+0000] {dag.py:3239} INFO - Sync 1 DAGs
[2025-03-08T23:49:20.041+0000] {logging_mixin.py:190} INFO - [2025-03-08T23:49:20.041+0000] {dag.py:4180} INFO - Setting next_dagrun for example_complex to None, run_after=None
[2025-03-08T23:49:20.056+0000] {processor.py:208} INFO - Processing /home/airflow/.local/lib/python3.12/site-packages/airflow/example_dags/example_complex.py took 0.072 seconds
[2025-03-08T23:49:51.235+0000] {processor.py:186} INFO - Started process (PID=1601) to work on /home/airflow/.local/lib/python3.12/site-packages/airflow/example_dags/example_complex.py
[2025-03-08T23:49:51.236+0000] {processor.py:914} INFO - Processing file /home/airflow/.local/lib/python3.12/site-packages/airflow/example_dags/example_complex.py for tasks to queue
[2025-03-08T23:49:51.238+0000] {logging_mixin.py:190} INFO - [2025-03-08T23:49:51.238+0000] {dagbag.py:588} INFO - Filling up the DagBag from /home/airflow/.local/lib/python3.12/site-packages/airflow/example_dags/example_complex.py
[2025-03-08T23:49:51.248+0000] {processor.py:925} INFO - DAG(s) 'example_complex' retrieved from /home/airflow/.local/lib/python3.12/site-packages/airflow/example_dags/example_complex.py
[2025-03-08T23:49:51.271+0000] {logging_mixin.py:190} INFO - [2025-03-08T23:49:51.271+0000] {dag.py:3239} INFO - Sync 1 DAGs
[2025-03-08T23:49:51.282+0000] {logging_mixin.py:190} INFO - [2025-03-08T23:49:51.282+0000] {dag.py:4180} INFO - Setting next_dagrun for example_complex to None, run_after=None
[2025-03-08T23:49:51.297+0000] {processor.py:208} INFO - Processing /home/airflow/.local/lib/python3.12/site-packages/airflow/example_dags/example_complex.py took 0.068 seconds
[2025-03-08T23:50:22.536+0000] {processor.py:186} INFO - Started process (PID=1664) to work on /home/airflow/.local/lib/python3.12/site-packages/airflow/example_dags/example_complex.py
[2025-03-08T23:50:22.537+0000] {processor.py:914} INFO - Processing file /home/airflow/.local/lib/python3.12/site-packages/airflow/example_dags/example_complex.py for tasks to queue
[2025-03-08T23:50:22.538+0000] {logging_mixin.py:190} INFO - [2025-03-08T23:50:22.538+0000] {dagbag.py:588} INFO - Filling up the DagBag from /home/airflow/.local/lib/python3.12/site-packages/airflow/example_dags/example_complex.py
[2025-03-08T23:50:22.546+0000] {processor.py:925} INFO - DAG(s) 'example_complex' retrieved from /home/airflow/.local/lib/python3.12/site-packages/airflow/example_dags/example_complex.py
[2025-03-08T23:50:22.574+0000] {logging_mixin.py:190} INFO - [2025-03-08T23:50:22.574+0000] {dag.py:3239} INFO - Sync 1 DAGs
[2025-03-08T23:50:22.584+0000] {logging_mixin.py:190} INFO - [2025-03-08T23:50:22.584+0000] {dag.py:4180} INFO - Setting next_dagrun for example_complex to None, run_after=None
[2025-03-08T23:50:22.601+0000] {processor.py:208} INFO - Processing /home/airflow/.local/lib/python3.12/site-packages/airflow/example_dags/example_complex.py took 0.068 seconds
[2025-03-08T23:50:53.051+0000] {processor.py:186} INFO - Started process (PID=1726) to work on /home/airflow/.local/lib/python3.12/site-packages/airflow/example_dags/example_complex.py
[2025-03-08T23:50:53.051+0000] {processor.py:914} INFO - Processing file /home/airflow/.local/lib/python3.12/site-packages/airflow/example_dags/example_complex.py for tasks to queue
[2025-03-08T23:50:53.053+0000] {logging_mixin.py:190} INFO - [2025-03-08T23:50:53.053+0000] {dagbag.py:588} INFO - Filling up the DagBag from /home/airflow/.local/lib/python3.12/site-packages/airflow/example_dags/example_complex.py
[2025-03-08T23:50:53.060+0000] {processor.py:925} INFO - DAG(s) 'example_complex' retrieved from /home/airflow/.local/lib/python3.12/site-packages/airflow/example_dags/example_complex.py
[2025-03-08T23:50:53.084+0000] {logging_mixin.py:190} INFO - [2025-03-08T23:50:53.083+0000] {dag.py:3239} INFO - Sync 1 DAGs
[2025-03-08T23:50:53.094+0000] {logging_mixin.py:190} INFO - [2025-03-08T23:50:53.093+0000] {dag.py:4180} INFO - Setting next_dagrun for example_complex to None, run_after=None
[2025-03-08T23:50:53.108+0000] {processor.py:208} INFO - Processing /home/airflow/.local/lib/python3.12/site-packages/airflow/example_dags/example_complex.py took 0.061 seconds
[2025-03-08T23:51:24.418+0000] {processor.py:186} INFO - Started process (PID=1789) to work on /home/airflow/.local/lib/python3.12/site-packages/airflow/example_dags/example_complex.py
[2025-03-08T23:51:24.418+0000] {processor.py:914} INFO - Processing file /home/airflow/.local/lib/python3.12/site-packages/airflow/example_dags/example_complex.py for tasks to queue
[2025-03-08T23:51:24.420+0000] {logging_mixin.py:190} INFO - [2025-03-08T23:51:24.420+0000] {dagbag.py:588} INFO - Filling up the DagBag from /home/airflow/.local/lib/python3.12/site-packages/airflow/example_dags/example_complex.py
[2025-03-08T23:51:24.429+0000] {processor.py:925} INFO - DAG(s) 'example_complex' retrieved from /home/airflow/.local/lib/python3.12/site-packages/airflow/example_dags/example_complex.py
[2025-03-08T23:51:24.453+0000] {logging_mixin.py:190} INFO - [2025-03-08T23:51:24.452+0000] {dag.py:3239} INFO - Sync 1 DAGs
[2025-03-08T23:51:24.463+0000] {logging_mixin.py:190} INFO - [2025-03-08T23:51:24.463+0000] {dag.py:4180} INFO - Setting next_dagrun for example_complex to None, run_after=None
[2025-03-08T23:51:24.477+0000] {processor.py:208} INFO - Processing /home/airflow/.local/lib/python3.12/site-packages/airflow/example_dags/example_complex.py took 0.064 seconds
[2025-03-08T23:51:55.570+0000] {processor.py:186} INFO - Started process (PID=1853) to work on /home/airflow/.local/lib/python3.12/site-packages/airflow/example_dags/example_complex.py
[2025-03-08T23:51:55.570+0000] {processor.py:914} INFO - Processing file /home/airflow/.local/lib/python3.12/site-packages/airflow/example_dags/example_complex.py for tasks to queue
[2025-03-08T23:51:55.572+0000] {logging_mixin.py:190} INFO - [2025-03-08T23:51:55.572+0000] {dagbag.py:588} INFO - Filling up the DagBag from /home/airflow/.local/lib/python3.12/site-packages/airflow/example_dags/example_complex.py
[2025-03-08T23:51:55.580+0000] {processor.py:925} INFO - DAG(s) 'example_complex' retrieved from /home/airflow/.local/lib/python3.12/site-packages/airflow/example_dags/example_complex.py
[2025-03-08T23:51:55.609+0000] {logging_mixin.py:190} INFO - [2025-03-08T23:51:55.609+0000] {dag.py:3239} INFO - Sync 1 DAGs
[2025-03-08T23:51:55.621+0000] {logging_mixin.py:190} INFO - [2025-03-08T23:51:55.621+0000] {dag.py:4180} INFO - Setting next_dagrun for example_complex to None, run_after=None
[2025-03-08T23:51:55.639+0000] {processor.py:208} INFO - Processing /home/airflow/.local/lib/python3.12/site-packages/airflow/example_dags/example_complex.py took 0.073 seconds
[2025-03-08T23:52:26.813+0000] {processor.py:186} INFO - Started process (PID=1916) to work on /home/airflow/.local/lib/python3.12/site-packages/airflow/example_dags/example_complex.py
[2025-03-08T23:52:26.814+0000] {processor.py:914} INFO - Processing file /home/airflow/.local/lib/python3.12/site-packages/airflow/example_dags/example_complex.py for tasks to queue
[2025-03-08T23:52:26.815+0000] {logging_mixin.py:190} INFO - [2025-03-08T23:52:26.815+0000] {dagbag.py:588} INFO - Filling up the DagBag from /home/airflow/.local/lib/python3.12/site-packages/airflow/example_dags/example_complex.py
[2025-03-08T23:52:26.824+0000] {processor.py:925} INFO - DAG(s) 'example_complex' retrieved from /home/airflow/.local/lib/python3.12/site-packages/airflow/example_dags/example_complex.py
[2025-03-08T23:52:26.848+0000] {logging_mixin.py:190} INFO - [2025-03-08T23:52:26.848+0000] {dag.py:3239} INFO - Sync 1 DAGs
[2025-03-08T23:52:26.859+0000] {logging_mixin.py:190} INFO - [2025-03-08T23:52:26.859+0000] {dag.py:4180} INFO - Setting next_dagrun for example_complex to None, run_after=None
[2025-03-08T23:52:26.875+0000] {processor.py:208} INFO - Processing /home/airflow/.local/lib/python3.12/site-packages/airflow/example_dags/example_complex.py took 0.066 seconds
[2025-03-08T23:52:57.739+0000] {processor.py:186} INFO - Started process (PID=1979) to work on /home/airflow/.local/lib/python3.12/site-packages/airflow/example_dags/example_complex.py
[2025-03-08T23:52:57.740+0000] {processor.py:914} INFO - Processing file /home/airflow/.local/lib/python3.12/site-packages/airflow/example_dags/example_complex.py for tasks to queue
[2025-03-08T23:52:57.742+0000] {logging_mixin.py:190} INFO - [2025-03-08T23:52:57.741+0000] {dagbag.py:588} INFO - Filling up the DagBag from /home/airflow/.local/lib/python3.12/site-packages/airflow/example_dags/example_complex.py
[2025-03-08T23:52:57.749+0000] {processor.py:925} INFO - DAG(s) 'example_complex' retrieved from /home/airflow/.local/lib/python3.12/site-packages/airflow/example_dags/example_complex.py
[2025-03-08T23:52:57.772+0000] {logging_mixin.py:190} INFO - [2025-03-08T23:52:57.772+0000] {dag.py:3239} INFO - Sync 1 DAGs
[2025-03-08T23:52:57.782+0000] {logging_mixin.py:190} INFO - [2025-03-08T23:52:57.782+0000] {dag.py:4180} INFO - Setting next_dagrun for example_complex to None, run_after=None
[2025-03-08T23:52:57.796+0000] {processor.py:208} INFO - Processing /home/airflow/.local/lib/python3.12/site-packages/airflow/example_dags/example_complex.py took 0.061 seconds
[2025-03-08T23:53:28.547+0000] {processor.py:186} INFO - Started process (PID=2042) to work on /home/airflow/.local/lib/python3.12/site-packages/airflow/example_dags/example_complex.py
[2025-03-08T23:53:28.548+0000] {processor.py:914} INFO - Processing file /home/airflow/.local/lib/python3.12/site-packages/airflow/example_dags/example_complex.py for tasks to queue
[2025-03-08T23:53:28.550+0000] {logging_mixin.py:190} INFO - [2025-03-08T23:53:28.550+0000] {dagbag.py:588} INFO - Filling up the DagBag from /home/airflow/.local/lib/python3.12/site-packages/airflow/example_dags/example_complex.py
[2025-03-08T23:53:28.557+0000] {processor.py:925} INFO - DAG(s) 'example_complex' retrieved from /home/airflow/.local/lib/python3.12/site-packages/airflow/example_dags/example_complex.py
[2025-03-08T23:53:28.580+0000] {logging_mixin.py:190} INFO - [2025-03-08T23:53:28.580+0000] {dag.py:3239} INFO - Sync 1 DAGs
[2025-03-08T23:53:28.591+0000] {logging_mixin.py:190} INFO - [2025-03-08T23:53:28.590+0000] {dag.py:4180} INFO - Setting next_dagrun for example_complex to None, run_after=None
[2025-03-08T23:53:28.604+0000] {processor.py:208} INFO - Processing /home/airflow/.local/lib/python3.12/site-packages/airflow/example_dags/example_complex.py took 0.061 seconds
[2025-03-08T23:53:59.760+0000] {processor.py:186} INFO - Started process (PID=2111) to work on /home/airflow/.local/lib/python3.12/site-packages/airflow/example_dags/example_complex.py
[2025-03-08T23:53:59.760+0000] {processor.py:914} INFO - Processing file /home/airflow/.local/lib/python3.12/site-packages/airflow/example_dags/example_complex.py for tasks to queue
[2025-03-08T23:53:59.762+0000] {logging_mixin.py:190} INFO - [2025-03-08T23:53:59.762+0000] {dagbag.py:588} INFO - Filling up the DagBag from /home/airflow/.local/lib/python3.12/site-packages/airflow/example_dags/example_complex.py
[2025-03-08T23:53:59.770+0000] {processor.py:925} INFO - DAG(s) 'example_complex' retrieved from /home/airflow/.local/lib/python3.12/site-packages/airflow/example_dags/example_complex.py
[2025-03-08T23:53:59.798+0000] {logging_mixin.py:190} INFO - [2025-03-08T23:53:59.798+0000] {dag.py:3239} INFO - Sync 1 DAGs
[2025-03-08T23:53:59.809+0000] {logging_mixin.py:190} INFO - [2025-03-08T23:53:59.809+0000] {dag.py:4180} INFO - Setting next_dagrun for example_complex to None, run_after=None
[2025-03-08T23:53:59.825+0000] {processor.py:208} INFO - Processing /home/airflow/.local/lib/python3.12/site-packages/airflow/example_dags/example_complex.py took 0.069 seconds
[2025-03-08T23:54:31.031+0000] {processor.py:186} INFO - Started process (PID=2174) to work on /home/airflow/.local/lib/python3.12/site-packages/airflow/example_dags/example_complex.py
[2025-03-08T23:54:31.032+0000] {processor.py:914} INFO - Processing file /home/airflow/.local/lib/python3.12/site-packages/airflow/example_dags/example_complex.py for tasks to queue
[2025-03-08T23:54:31.034+0000] {logging_mixin.py:190} INFO - [2025-03-08T23:54:31.034+0000] {dagbag.py:588} INFO - Filling up the DagBag from /home/airflow/.local/lib/python3.12/site-packages/airflow/example_dags/example_complex.py
[2025-03-08T23:54:31.043+0000] {processor.py:925} INFO - DAG(s) 'example_complex' retrieved from /home/airflow/.local/lib/python3.12/site-packages/airflow/example_dags/example_complex.py
[2025-03-08T23:54:31.069+0000] {logging_mixin.py:190} INFO - [2025-03-08T23:54:31.069+0000] {dag.py:3239} INFO - Sync 1 DAGs
[2025-03-08T23:54:31.080+0000] {logging_mixin.py:190} INFO - [2025-03-08T23:54:31.080+0000] {dag.py:4180} INFO - Setting next_dagrun for example_complex to None, run_after=None
[2025-03-08T23:54:31.100+0000] {processor.py:208} INFO - Processing /home/airflow/.local/lib/python3.12/site-packages/airflow/example_dags/example_complex.py took 0.073 seconds
[2025-03-08T23:55:01.655+0000] {processor.py:186} INFO - Started process (PID=2237) to work on /home/airflow/.local/lib/python3.12/site-packages/airflow/example_dags/example_complex.py
[2025-03-08T23:55:01.656+0000] {processor.py:914} INFO - Processing file /home/airflow/.local/lib/python3.12/site-packages/airflow/example_dags/example_complex.py for tasks to queue
[2025-03-08T23:55:01.657+0000] {logging_mixin.py:190} INFO - [2025-03-08T23:55:01.657+0000] {dagbag.py:588} INFO - Filling up the DagBag from /home/airflow/.local/lib/python3.12/site-packages/airflow/example_dags/example_complex.py
[2025-03-08T23:55:01.667+0000] {processor.py:925} INFO - DAG(s) 'example_complex' retrieved from /home/airflow/.local/lib/python3.12/site-packages/airflow/example_dags/example_complex.py
[2025-03-08T23:55:01.694+0000] {logging_mixin.py:190} INFO - [2025-03-08T23:55:01.693+0000] {dag.py:3239} INFO - Sync 1 DAGs
[2025-03-08T23:55:01.706+0000] {logging_mixin.py:190} INFO - [2025-03-08T23:55:01.705+0000] {dag.py:4180} INFO - Setting next_dagrun for example_complex to None, run_after=None
[2025-03-08T23:55:01.724+0000] {processor.py:208} INFO - Processing /home/airflow/.local/lib/python3.12/site-packages/airflow/example_dags/example_complex.py took 0.073 seconds
[2025-03-08T23:55:32.791+0000] {processor.py:186} INFO - Started process (PID=2300) to work on /home/airflow/.local/lib/python3.12/site-packages/airflow/example_dags/example_complex.py
[2025-03-08T23:55:32.792+0000] {processor.py:914} INFO - Processing file /home/airflow/.local/lib/python3.12/site-packages/airflow/example_dags/example_complex.py for tasks to queue
[2025-03-08T23:55:32.793+0000] {logging_mixin.py:190} INFO - [2025-03-08T23:55:32.793+0000] {dagbag.py:588} INFO - Filling up the DagBag from /home/airflow/.local/lib/python3.12/site-packages/airflow/example_dags/example_complex.py
[2025-03-08T23:55:32.801+0000] {processor.py:925} INFO - DAG(s) 'example_complex' retrieved from /home/airflow/.local/lib/python3.12/site-packages/airflow/example_dags/example_complex.py
[2025-03-08T23:55:32.827+0000] {logging_mixin.py:190} INFO - [2025-03-08T23:55:32.827+0000] {dag.py:3239} INFO - Sync 1 DAGs
[2025-03-08T23:55:32.838+0000] {logging_mixin.py:190} INFO - [2025-03-08T23:55:32.838+0000] {dag.py:4180} INFO - Setting next_dagrun for example_complex to None, run_after=None
[2025-03-08T23:55:32.855+0000] {processor.py:208} INFO - Processing /home/airflow/.local/lib/python3.12/site-packages/airflow/example_dags/example_complex.py took 0.069 seconds
[2025-03-08T23:56:03.984+0000] {processor.py:186} INFO - Started process (PID=2363) to work on /home/airflow/.local/lib/python3.12/site-packages/airflow/example_dags/example_complex.py
[2025-03-08T23:56:03.985+0000] {processor.py:914} INFO - Processing file /home/airflow/.local/lib/python3.12/site-packages/airflow/example_dags/example_complex.py for tasks to queue
[2025-03-08T23:56:03.987+0000] {logging_mixin.py:190} INFO - [2025-03-08T23:56:03.987+0000] {dagbag.py:588} INFO - Filling up the DagBag from /home/airflow/.local/lib/python3.12/site-packages/airflow/example_dags/example_complex.py
[2025-03-08T23:56:03.996+0000] {processor.py:925} INFO - DAG(s) 'example_complex' retrieved from /home/airflow/.local/lib/python3.12/site-packages/airflow/example_dags/example_complex.py
[2025-03-08T23:56:04.022+0000] {logging_mixin.py:190} INFO - [2025-03-08T23:56:04.021+0000] {dag.py:3239} INFO - Sync 1 DAGs
[2025-03-08T23:56:04.035+0000] {logging_mixin.py:190} INFO - [2025-03-08T23:56:04.035+0000] {dag.py:4180} INFO - Setting next_dagrun for example_complex to None, run_after=None
[2025-03-08T23:56:04.052+0000] {processor.py:208} INFO - Processing /home/airflow/.local/lib/python3.12/site-packages/airflow/example_dags/example_complex.py took 0.073 seconds
[2025-03-08T23:56:35.523+0000] {processor.py:186} INFO - Started process (PID=2425) to work on /home/airflow/.local/lib/python3.12/site-packages/airflow/example_dags/example_complex.py
[2025-03-08T23:56:35.524+0000] {processor.py:914} INFO - Processing file /home/airflow/.local/lib/python3.12/site-packages/airflow/example_dags/example_complex.py for tasks to queue
[2025-03-08T23:56:35.526+0000] {logging_mixin.py:190} INFO - [2025-03-08T23:56:35.526+0000] {dagbag.py:588} INFO - Filling up the DagBag from /home/airflow/.local/lib/python3.12/site-packages/airflow/example_dags/example_complex.py
[2025-03-08T23:56:35.535+0000] {processor.py:925} INFO - DAG(s) 'example_complex' retrieved from /home/airflow/.local/lib/python3.12/site-packages/airflow/example_dags/example_complex.py
[2025-03-08T23:56:35.559+0000] {logging_mixin.py:190} INFO - [2025-03-08T23:56:35.559+0000] {dag.py:3239} INFO - Sync 1 DAGs
[2025-03-08T23:56:35.571+0000] {logging_mixin.py:190} INFO - [2025-03-08T23:56:35.570+0000] {dag.py:4180} INFO - Setting next_dagrun for example_complex to None, run_after=None
[2025-03-08T23:56:35.586+0000] {processor.py:208} INFO - Processing /home/airflow/.local/lib/python3.12/site-packages/airflow/example_dags/example_complex.py took 0.069 seconds
[2025-03-08T23:57:06.607+0000] {processor.py:186} INFO - Started process (PID=2489) to work on /home/airflow/.local/lib/python3.12/site-packages/airflow/example_dags/example_complex.py
[2025-03-08T23:57:06.608+0000] {processor.py:914} INFO - Processing file /home/airflow/.local/lib/python3.12/site-packages/airflow/example_dags/example_complex.py for tasks to queue
[2025-03-08T23:57:06.610+0000] {logging_mixin.py:190} INFO - [2025-03-08T23:57:06.610+0000] {dagbag.py:588} INFO - Filling up the DagBag from /home/airflow/.local/lib/python3.12/site-packages/airflow/example_dags/example_complex.py
[2025-03-08T23:57:06.619+0000] {processor.py:925} INFO - DAG(s) 'example_complex' retrieved from /home/airflow/.local/lib/python3.12/site-packages/airflow/example_dags/example_complex.py
[2025-03-08T23:57:06.646+0000] {logging_mixin.py:190} INFO - [2025-03-08T23:57:06.646+0000] {dag.py:3239} INFO - Sync 1 DAGs
[2025-03-08T23:57:06.656+0000] {logging_mixin.py:190} INFO - [2025-03-08T23:57:06.656+0000] {dag.py:4180} INFO - Setting next_dagrun for example_complex to None, run_after=None
[2025-03-08T23:57:06.672+0000] {processor.py:208} INFO - Processing /home/airflow/.local/lib/python3.12/site-packages/airflow/example_dags/example_complex.py took 0.069 seconds
[2025-03-08T23:57:37.732+0000] {processor.py:186} INFO - Started process (PID=2552) to work on /home/airflow/.local/lib/python3.12/site-packages/airflow/example_dags/example_complex.py
[2025-03-08T23:57:37.733+0000] {processor.py:914} INFO - Processing file /home/airflow/.local/lib/python3.12/site-packages/airflow/example_dags/example_complex.py for tasks to queue
[2025-03-08T23:57:37.735+0000] {logging_mixin.py:190} INFO - [2025-03-08T23:57:37.735+0000] {dagbag.py:588} INFO - Filling up the DagBag from /home/airflow/.local/lib/python3.12/site-packages/airflow/example_dags/example_complex.py
[2025-03-08T23:57:37.743+0000] {processor.py:925} INFO - DAG(s) 'example_complex' retrieved from /home/airflow/.local/lib/python3.12/site-packages/airflow/example_dags/example_complex.py
[2025-03-08T23:57:37.767+0000] {logging_mixin.py:190} INFO - [2025-03-08T23:57:37.766+0000] {dag.py:3239} INFO - Sync 1 DAGs
[2025-03-08T23:57:37.779+0000] {logging_mixin.py:190} INFO - [2025-03-08T23:57:37.778+0000] {dag.py:4180} INFO - Setting next_dagrun for example_complex to None, run_after=None
[2025-03-08T23:57:37.796+0000] {processor.py:208} INFO - Processing /home/airflow/.local/lib/python3.12/site-packages/airflow/example_dags/example_complex.py took 0.068 seconds
[2025-03-08T23:58:09.179+0000] {processor.py:186} INFO - Started process (PID=2614) to work on /home/airflow/.local/lib/python3.12/site-packages/airflow/example_dags/example_complex.py
[2025-03-08T23:58:09.180+0000] {processor.py:914} INFO - Processing file /home/airflow/.local/lib/python3.12/site-packages/airflow/example_dags/example_complex.py for tasks to queue
[2025-03-08T23:58:09.181+0000] {logging_mixin.py:190} INFO - [2025-03-08T23:58:09.181+0000] {dagbag.py:588} INFO - Filling up the DagBag from /home/airflow/.local/lib/python3.12/site-packages/airflow/example_dags/example_complex.py
[2025-03-08T23:58:09.189+0000] {processor.py:925} INFO - DAG(s) 'example_complex' retrieved from /home/airflow/.local/lib/python3.12/site-packages/airflow/example_dags/example_complex.py
[2025-03-08T23:58:09.213+0000] {logging_mixin.py:190} INFO - [2025-03-08T23:58:09.213+0000] {dag.py:3239} INFO - Sync 1 DAGs
[2025-03-08T23:58:09.224+0000] {logging_mixin.py:190} INFO - [2025-03-08T23:58:09.224+0000] {dag.py:4180} INFO - Setting next_dagrun for example_complex to None, run_after=None
[2025-03-08T23:58:09.238+0000] {processor.py:208} INFO - Processing /home/airflow/.local/lib/python3.12/site-packages/airflow/example_dags/example_complex.py took 0.063 seconds
