[2025-03-08T22:35:50.356+0000] {processor.py:186} INFO - Started process (PID=117) to work on /home/airflow/.local/lib/python3.12/site-packages/airflow/example_dags/example_xcomargs.py
[2025-03-08T22:35:50.356+0000] {processor.py:914} INFO - Processing file /home/airflow/.local/lib/python3.12/site-packages/airflow/example_dags/example_xcomargs.py for tasks to queue
[2025-03-08T22:35:50.358+0000] {logging_mixin.py:190} INFO - [2025-03-08T22:35:50.358+0000] {dagbag.py:588} INFO - Filling up the DagBag from /home/airflow/.local/lib/python3.12/site-packages/airflow/example_dags/example_xcomargs.py
[2025-03-08T22:35:50.365+0000] {processor.py:925} INFO - DAG(s) 'example_xcom_args', 'example_xcom_args_with_operators' retrieved from /home/airflow/.local/lib/python3.12/site-packages/airflow/example_dags/example_xcomargs.py
[2025-03-08T22:35:50.444+0000] {logging_mixin.py:190} INFO - [2025-03-08T22:35:50.444+0000] {override.py:1912} INFO - Created Permission View: can edit on DAG:example_xcom_args
[2025-03-08T22:35:50.452+0000] {logging_mixin.py:190} INFO - [2025-03-08T22:35:50.452+0000] {override.py:1912} INFO - Created Permission View: can read on DAG:example_xcom_args
[2025-03-08T22:35:50.457+0000] {logging_mixin.py:190} INFO - [2025-03-08T22:35:50.457+0000] {override.py:1912} INFO - Created Permission View: can delete on DAG:example_xcom_args
[2025-03-08T22:35:50.463+0000] {logging_mixin.py:190} INFO - [2025-03-08T22:35:50.463+0000] {override.py:1912} INFO - Created Permission View: menu access on DAG Run:example_xcom_args
[2025-03-08T22:35:50.468+0000] {logging_mixin.py:190} INFO - [2025-03-08T22:35:50.468+0000] {override.py:1912} INFO - Created Permission View: can delete on DAG Run:example_xcom_args
[2025-03-08T22:35:50.474+0000] {logging_mixin.py:190} INFO - [2025-03-08T22:35:50.474+0000] {override.py:1912} INFO - Created Permission View: can read on DAG Run:example_xcom_args
[2025-03-08T22:35:50.480+0000] {logging_mixin.py:190} INFO - [2025-03-08T22:35:50.480+0000] {override.py:1912} INFO - Created Permission View: can create on DAG Run:example_xcom_args
[2025-03-08T22:35:50.492+0000] {logging_mixin.py:190} INFO - [2025-03-08T22:35:50.492+0000] {override.py:1912} INFO - Created Permission View: can edit on DAG:example_xcom_args_with_operators
[2025-03-08T22:35:50.497+0000] {logging_mixin.py:190} INFO - [2025-03-08T22:35:50.497+0000] {override.py:1912} INFO - Created Permission View: can read on DAG:example_xcom_args_with_operators
[2025-03-08T22:35:50.503+0000] {logging_mixin.py:190} INFO - [2025-03-08T22:35:50.503+0000] {override.py:1912} INFO - Created Permission View: can delete on DAG:example_xcom_args_with_operators
[2025-03-08T22:35:50.510+0000] {logging_mixin.py:190} INFO - [2025-03-08T22:35:50.510+0000] {override.py:1912} INFO - Created Permission View: menu access on DAG Run:example_xcom_args_with_operators
[2025-03-08T22:35:50.515+0000] {logging_mixin.py:190} INFO - [2025-03-08T22:35:50.515+0000] {override.py:1912} INFO - Created Permission View: can delete on DAG Run:example_xcom_args_with_operators
[2025-03-08T22:35:50.521+0000] {logging_mixin.py:190} INFO - [2025-03-08T22:35:50.520+0000] {override.py:1912} INFO - Created Permission View: can read on DAG Run:example_xcom_args_with_operators
[2025-03-08T22:35:50.526+0000] {logging_mixin.py:190} INFO - [2025-03-08T22:35:50.525+0000] {override.py:1912} INFO - Created Permission View: can create on DAG Run:example_xcom_args_with_operators
[2025-03-08T22:35:50.526+0000] {logging_mixin.py:190} INFO - [2025-03-08T22:35:50.526+0000] {dag.py:3239} INFO - Sync 2 DAGs
[2025-03-08T22:35:50.535+0000] {logging_mixin.py:190} INFO - [2025-03-08T22:35:50.534+0000] {dag.py:3262} INFO - Creating ORM DAG for example_xcom_args
[2025-03-08T22:35:50.535+0000] {logging_mixin.py:190} INFO - [2025-03-08T22:35:50.535+0000] {dag.py:3262} INFO - Creating ORM DAG for example_xcom_args_with_operators
[2025-03-08T22:35:50.536+0000] {logging_mixin.py:190} INFO - [2025-03-08T22:35:50.536+0000] {dag.py:4180} INFO - Setting next_dagrun for example_xcom_args to None, run_after=None
[2025-03-08T22:35:50.537+0000] {logging_mixin.py:190} INFO - [2025-03-08T22:35:50.537+0000] {dag.py:4180} INFO - Setting next_dagrun for example_xcom_args_with_operators to None, run_after=None
[2025-03-08T22:35:50.550+0000] {processor.py:208} INFO - Processing /home/airflow/.local/lib/python3.12/site-packages/airflow/example_dags/example_xcomargs.py took 0.198 seconds
[2025-03-08T22:36:21.231+0000] {processor.py:186} INFO - Started process (PID=180) to work on /home/airflow/.local/lib/python3.12/site-packages/airflow/example_dags/example_xcomargs.py
[2025-03-08T22:36:21.232+0000] {processor.py:914} INFO - Processing file /home/airflow/.local/lib/python3.12/site-packages/airflow/example_dags/example_xcomargs.py for tasks to queue
[2025-03-08T22:36:21.235+0000] {logging_mixin.py:190} INFO - [2025-03-08T22:36:21.235+0000] {dagbag.py:588} INFO - Filling up the DagBag from /home/airflow/.local/lib/python3.12/site-packages/airflow/example_dags/example_xcomargs.py
[2025-03-08T22:36:21.243+0000] {processor.py:925} INFO - DAG(s) 'example_xcom_args_with_operators', 'example_xcom_args' retrieved from /home/airflow/.local/lib/python3.12/site-packages/airflow/example_dags/example_xcomargs.py
[2025-03-08T22:36:21.261+0000] {logging_mixin.py:190} INFO - [2025-03-08T22:36:21.261+0000] {dag.py:3239} INFO - Sync 2 DAGs
[2025-03-08T22:36:21.273+0000] {logging_mixin.py:190} INFO - [2025-03-08T22:36:21.272+0000] {dag.py:4180} INFO - Setting next_dagrun for example_xcom_args to None, run_after=None
[2025-03-08T22:36:21.276+0000] {logging_mixin.py:190} INFO - [2025-03-08T22:36:21.276+0000] {dag.py:4180} INFO - Setting next_dagrun for example_xcom_args_with_operators to None, run_after=None
[2025-03-08T22:36:21.292+0000] {processor.py:208} INFO - Processing /home/airflow/.local/lib/python3.12/site-packages/airflow/example_dags/example_xcomargs.py took 0.066 seconds
[2025-03-08T22:36:51.831+0000] {processor.py:186} INFO - Started process (PID=243) to work on /home/airflow/.local/lib/python3.12/site-packages/airflow/example_dags/example_xcomargs.py
[2025-03-08T22:36:51.832+0000] {processor.py:914} INFO - Processing file /home/airflow/.local/lib/python3.12/site-packages/airflow/example_dags/example_xcomargs.py for tasks to queue
[2025-03-08T22:36:51.833+0000] {logging_mixin.py:190} INFO - [2025-03-08T22:36:51.833+0000] {dagbag.py:588} INFO - Filling up the DagBag from /home/airflow/.local/lib/python3.12/site-packages/airflow/example_dags/example_xcomargs.py
[2025-03-08T22:36:51.839+0000] {processor.py:925} INFO - DAG(s) 'example_xcom_args_with_operators', 'example_xcom_args' retrieved from /home/airflow/.local/lib/python3.12/site-packages/airflow/example_dags/example_xcomargs.py
[2025-03-08T22:36:51.857+0000] {logging_mixin.py:190} INFO - [2025-03-08T22:36:51.857+0000] {dag.py:3239} INFO - Sync 2 DAGs
[2025-03-08T22:36:51.868+0000] {logging_mixin.py:190} INFO - [2025-03-08T22:36:51.867+0000] {dag.py:4180} INFO - Setting next_dagrun for example_xcom_args to None, run_after=None
[2025-03-08T22:36:51.871+0000] {logging_mixin.py:190} INFO - [2025-03-08T22:36:51.871+0000] {dag.py:4180} INFO - Setting next_dagrun for example_xcom_args_with_operators to None, run_after=None
[2025-03-08T22:36:51.889+0000] {processor.py:208} INFO - Processing /home/airflow/.local/lib/python3.12/site-packages/airflow/example_dags/example_xcomargs.py took 0.062 seconds
[2025-03-08T22:37:21.971+0000] {processor.py:186} INFO - Started process (PID=305) to work on /home/airflow/.local/lib/python3.12/site-packages/airflow/example_dags/example_xcomargs.py
[2025-03-08T22:37:21.972+0000] {processor.py:914} INFO - Processing file /home/airflow/.local/lib/python3.12/site-packages/airflow/example_dags/example_xcomargs.py for tasks to queue
[2025-03-08T22:37:21.973+0000] {logging_mixin.py:190} INFO - [2025-03-08T22:37:21.973+0000] {dagbag.py:588} INFO - Filling up the DagBag from /home/airflow/.local/lib/python3.12/site-packages/airflow/example_dags/example_xcomargs.py
[2025-03-08T22:37:21.981+0000] {processor.py:925} INFO - DAG(s) 'example_xcom_args', 'example_xcom_args_with_operators' retrieved from /home/airflow/.local/lib/python3.12/site-packages/airflow/example_dags/example_xcomargs.py
[2025-03-08T22:37:22.001+0000] {logging_mixin.py:190} INFO - [2025-03-08T22:37:22.001+0000] {dag.py:3239} INFO - Sync 2 DAGs
[2025-03-08T22:37:22.013+0000] {logging_mixin.py:190} INFO - [2025-03-08T22:37:22.013+0000] {dag.py:4180} INFO - Setting next_dagrun for example_xcom_args to None, run_after=None
[2025-03-08T22:37:22.017+0000] {logging_mixin.py:190} INFO - [2025-03-08T22:37:22.017+0000] {dag.py:4180} INFO - Setting next_dagrun for example_xcom_args_with_operators to None, run_after=None
[2025-03-08T22:37:22.038+0000] {processor.py:208} INFO - Processing /home/airflow/.local/lib/python3.12/site-packages/airflow/example_dags/example_xcomargs.py took 0.071 seconds
[2025-03-08T22:37:52.814+0000] {processor.py:186} INFO - Started process (PID=368) to work on /home/airflow/.local/lib/python3.12/site-packages/airflow/example_dags/example_xcomargs.py
[2025-03-08T22:37:52.815+0000] {processor.py:914} INFO - Processing file /home/airflow/.local/lib/python3.12/site-packages/airflow/example_dags/example_xcomargs.py for tasks to queue
[2025-03-08T22:37:52.817+0000] {logging_mixin.py:190} INFO - [2025-03-08T22:37:52.817+0000] {dagbag.py:588} INFO - Filling up the DagBag from /home/airflow/.local/lib/python3.12/site-packages/airflow/example_dags/example_xcomargs.py
[2025-03-08T22:37:52.824+0000] {processor.py:925} INFO - DAG(s) 'example_xcom_args', 'example_xcom_args_with_operators' retrieved from /home/airflow/.local/lib/python3.12/site-packages/airflow/example_dags/example_xcomargs.py
[2025-03-08T22:37:52.842+0000] {logging_mixin.py:190} INFO - [2025-03-08T22:37:52.842+0000] {dag.py:3239} INFO - Sync 2 DAGs
[2025-03-08T22:37:52.854+0000] {logging_mixin.py:190} INFO - [2025-03-08T22:37:52.854+0000] {dag.py:4180} INFO - Setting next_dagrun for example_xcom_args to None, run_after=None
[2025-03-08T22:37:52.858+0000] {logging_mixin.py:190} INFO - [2025-03-08T22:37:52.857+0000] {dag.py:4180} INFO - Setting next_dagrun for example_xcom_args_with_operators to None, run_after=None
[2025-03-08T22:37:52.872+0000] {processor.py:208} INFO - Processing /home/airflow/.local/lib/python3.12/site-packages/airflow/example_dags/example_xcomargs.py took 0.063 seconds
[2025-03-08T22:38:23.196+0000] {processor.py:186} INFO - Started process (PID=431) to work on /home/airflow/.local/lib/python3.12/site-packages/airflow/example_dags/example_xcomargs.py
[2025-03-08T22:38:23.197+0000] {processor.py:914} INFO - Processing file /home/airflow/.local/lib/python3.12/site-packages/airflow/example_dags/example_xcomargs.py for tasks to queue
[2025-03-08T22:38:23.199+0000] {logging_mixin.py:190} INFO - [2025-03-08T22:38:23.199+0000] {dagbag.py:588} INFO - Filling up the DagBag from /home/airflow/.local/lib/python3.12/site-packages/airflow/example_dags/example_xcomargs.py
[2025-03-08T22:38:23.206+0000] {processor.py:925} INFO - DAG(s) 'example_xcom_args', 'example_xcom_args_with_operators' retrieved from /home/airflow/.local/lib/python3.12/site-packages/airflow/example_dags/example_xcomargs.py
[2025-03-08T22:38:23.225+0000] {logging_mixin.py:190} INFO - [2025-03-08T22:38:23.225+0000] {dag.py:3239} INFO - Sync 2 DAGs
[2025-03-08T22:38:23.237+0000] {logging_mixin.py:190} INFO - [2025-03-08T22:38:23.237+0000] {dag.py:4180} INFO - Setting next_dagrun for example_xcom_args to None, run_after=None
[2025-03-08T22:38:23.240+0000] {logging_mixin.py:190} INFO - [2025-03-08T22:38:23.240+0000] {dag.py:4180} INFO - Setting next_dagrun for example_xcom_args_with_operators to None, run_after=None
[2025-03-08T22:38:23.253+0000] {processor.py:208} INFO - Processing /home/airflow/.local/lib/python3.12/site-packages/airflow/example_dags/example_xcomargs.py took 0.062 seconds
[2025-03-08T22:38:54.169+0000] {processor.py:186} INFO - Started process (PID=494) to work on /home/airflow/.local/lib/python3.12/site-packages/airflow/example_dags/example_xcomargs.py
[2025-03-08T22:38:54.170+0000] {processor.py:914} INFO - Processing file /home/airflow/.local/lib/python3.12/site-packages/airflow/example_dags/example_xcomargs.py for tasks to queue
[2025-03-08T22:38:54.172+0000] {logging_mixin.py:190} INFO - [2025-03-08T22:38:54.171+0000] {dagbag.py:588} INFO - Filling up the DagBag from /home/airflow/.local/lib/python3.12/site-packages/airflow/example_dags/example_xcomargs.py
[2025-03-08T22:38:54.179+0000] {processor.py:925} INFO - DAG(s) 'example_xcom_args', 'example_xcom_args_with_operators' retrieved from /home/airflow/.local/lib/python3.12/site-packages/airflow/example_dags/example_xcomargs.py
[2025-03-08T22:38:54.197+0000] {logging_mixin.py:190} INFO - [2025-03-08T22:38:54.196+0000] {dag.py:3239} INFO - Sync 2 DAGs
[2025-03-08T22:38:54.207+0000] {logging_mixin.py:190} INFO - [2025-03-08T22:38:54.206+0000] {dag.py:4180} INFO - Setting next_dagrun for example_xcom_args to None, run_after=None
[2025-03-08T22:38:54.210+0000] {logging_mixin.py:190} INFO - [2025-03-08T22:38:54.210+0000] {dag.py:4180} INFO - Setting next_dagrun for example_xcom_args_with_operators to None, run_after=None
[2025-03-08T22:38:54.223+0000] {processor.py:208} INFO - Processing /home/airflow/.local/lib/python3.12/site-packages/airflow/example_dags/example_xcomargs.py took 0.058 seconds
[2025-03-08T23:37:29.028+0000] {processor.py:186} INFO - Started process (PID=117) to work on /home/airflow/.local/lib/python3.12/site-packages/airflow/example_dags/example_xcomargs.py
[2025-03-08T23:37:29.030+0000] {processor.py:914} INFO - Processing file /home/airflow/.local/lib/python3.12/site-packages/airflow/example_dags/example_xcomargs.py for tasks to queue
[2025-03-08T23:37:29.033+0000] {logging_mixin.py:190} INFO - [2025-03-08T23:37:29.032+0000] {dagbag.py:588} INFO - Filling up the DagBag from /home/airflow/.local/lib/python3.12/site-packages/airflow/example_dags/example_xcomargs.py
[2025-03-08T23:37:29.041+0000] {processor.py:925} INFO - DAG(s) 'example_xcom_args_with_operators', 'example_xcom_args' retrieved from /home/airflow/.local/lib/python3.12/site-packages/airflow/example_dags/example_xcomargs.py
[2025-03-08T23:37:29.064+0000] {logging_mixin.py:190} INFO - [2025-03-08T23:37:29.063+0000] {dag.py:3239} INFO - Sync 2 DAGs
[2025-03-08T23:37:29.075+0000] {logging_mixin.py:190} INFO - [2025-03-08T23:37:29.075+0000] {dag.py:4180} INFO - Setting next_dagrun for example_xcom_args to None, run_after=None
[2025-03-08T23:37:29.079+0000] {logging_mixin.py:190} INFO - [2025-03-08T23:37:29.079+0000] {dag.py:4180} INFO - Setting next_dagrun for example_xcom_args_with_operators to None, run_after=None
[2025-03-08T23:37:29.095+0000] {processor.py:208} INFO - Processing /home/airflow/.local/lib/python3.12/site-packages/airflow/example_dags/example_xcomargs.py took 0.072 seconds
[2025-03-08T23:37:59.327+0000] {processor.py:186} INFO - Started process (PID=180) to work on /home/airflow/.local/lib/python3.12/site-packages/airflow/example_dags/example_xcomargs.py
[2025-03-08T23:37:59.328+0000] {processor.py:914} INFO - Processing file /home/airflow/.local/lib/python3.12/site-packages/airflow/example_dags/example_xcomargs.py for tasks to queue
[2025-03-08T23:37:59.330+0000] {logging_mixin.py:190} INFO - [2025-03-08T23:37:59.330+0000] {dagbag.py:588} INFO - Filling up the DagBag from /home/airflow/.local/lib/python3.12/site-packages/airflow/example_dags/example_xcomargs.py
[2025-03-08T23:37:59.338+0000] {processor.py:925} INFO - DAG(s) 'example_xcom_args', 'example_xcom_args_with_operators' retrieved from /home/airflow/.local/lib/python3.12/site-packages/airflow/example_dags/example_xcomargs.py
[2025-03-08T23:37:59.359+0000] {logging_mixin.py:190} INFO - [2025-03-08T23:37:59.359+0000] {dag.py:3239} INFO - Sync 2 DAGs
[2025-03-08T23:37:59.372+0000] {logging_mixin.py:190} INFO - [2025-03-08T23:37:59.372+0000] {dag.py:4180} INFO - Setting next_dagrun for example_xcom_args to None, run_after=None
[2025-03-08T23:37:59.376+0000] {logging_mixin.py:190} INFO - [2025-03-08T23:37:59.375+0000] {dag.py:4180} INFO - Setting next_dagrun for example_xcom_args_with_operators to None, run_after=None
[2025-03-08T23:37:59.389+0000] {processor.py:208} INFO - Processing /home/airflow/.local/lib/python3.12/site-packages/airflow/example_dags/example_xcomargs.py took 0.068 seconds
[2025-03-08T23:38:29.961+0000] {processor.py:186} INFO - Started process (PID=242) to work on /home/airflow/.local/lib/python3.12/site-packages/airflow/example_dags/example_xcomargs.py
[2025-03-08T23:38:29.962+0000] {processor.py:914} INFO - Processing file /home/airflow/.local/lib/python3.12/site-packages/airflow/example_dags/example_xcomargs.py for tasks to queue
[2025-03-08T23:38:29.964+0000] {logging_mixin.py:190} INFO - [2025-03-08T23:38:29.964+0000] {dagbag.py:588} INFO - Filling up the DagBag from /home/airflow/.local/lib/python3.12/site-packages/airflow/example_dags/example_xcomargs.py
[2025-03-08T23:38:29.972+0000] {processor.py:925} INFO - DAG(s) 'example_xcom_args', 'example_xcom_args_with_operators' retrieved from /home/airflow/.local/lib/python3.12/site-packages/airflow/example_dags/example_xcomargs.py
[2025-03-08T23:38:29.991+0000] {logging_mixin.py:190} INFO - [2025-03-08T23:38:29.991+0000] {dag.py:3239} INFO - Sync 2 DAGs
[2025-03-08T23:38:30.004+0000] {logging_mixin.py:190} INFO - [2025-03-08T23:38:30.004+0000] {dag.py:4180} INFO - Setting next_dagrun for example_xcom_args to None, run_after=None
[2025-03-08T23:38:30.007+0000] {logging_mixin.py:190} INFO - [2025-03-08T23:38:30.007+0000] {dag.py:4180} INFO - Setting next_dagrun for example_xcom_args_with_operators to None, run_after=None
[2025-03-08T23:38:30.022+0000] {processor.py:208} INFO - Processing /home/airflow/.local/lib/python3.12/site-packages/airflow/example_dags/example_xcomargs.py took 0.066 seconds
[2025-03-08T23:39:00.684+0000] {processor.py:186} INFO - Started process (PID=305) to work on /home/airflow/.local/lib/python3.12/site-packages/airflow/example_dags/example_xcomargs.py
[2025-03-08T23:39:00.685+0000] {processor.py:914} INFO - Processing file /home/airflow/.local/lib/python3.12/site-packages/airflow/example_dags/example_xcomargs.py for tasks to queue
[2025-03-08T23:39:00.687+0000] {logging_mixin.py:190} INFO - [2025-03-08T23:39:00.686+0000] {dagbag.py:588} INFO - Filling up the DagBag from /home/airflow/.local/lib/python3.12/site-packages/airflow/example_dags/example_xcomargs.py
[2025-03-08T23:39:00.694+0000] {processor.py:925} INFO - DAG(s) 'example_xcom_args', 'example_xcom_args_with_operators' retrieved from /home/airflow/.local/lib/python3.12/site-packages/airflow/example_dags/example_xcomargs.py
[2025-03-08T23:39:00.712+0000] {logging_mixin.py:190} INFO - [2025-03-08T23:39:00.712+0000] {dag.py:3239} INFO - Sync 2 DAGs
[2025-03-08T23:39:00.723+0000] {logging_mixin.py:190} INFO - [2025-03-08T23:39:00.723+0000] {dag.py:4180} INFO - Setting next_dagrun for example_xcom_args to None, run_after=None
[2025-03-08T23:39:00.726+0000] {logging_mixin.py:190} INFO - [2025-03-08T23:39:00.726+0000] {dag.py:4180} INFO - Setting next_dagrun for example_xcom_args_with_operators to None, run_after=None
[2025-03-08T23:39:00.738+0000] {processor.py:208} INFO - Processing /home/airflow/.local/lib/python3.12/site-packages/airflow/example_dags/example_xcomargs.py took 0.059 seconds
[2025-03-08T23:39:32.046+0000] {processor.py:186} INFO - Started process (PID=368) to work on /home/airflow/.local/lib/python3.12/site-packages/airflow/example_dags/example_xcomargs.py
[2025-03-08T23:39:32.046+0000] {processor.py:914} INFO - Processing file /home/airflow/.local/lib/python3.12/site-packages/airflow/example_dags/example_xcomargs.py for tasks to queue
[2025-03-08T23:39:32.048+0000] {logging_mixin.py:190} INFO - [2025-03-08T23:39:32.048+0000] {dagbag.py:588} INFO - Filling up the DagBag from /home/airflow/.local/lib/python3.12/site-packages/airflow/example_dags/example_xcomargs.py
[2025-03-08T23:39:32.056+0000] {processor.py:925} INFO - DAG(s) 'example_xcom_args', 'example_xcom_args_with_operators' retrieved from /home/airflow/.local/lib/python3.12/site-packages/airflow/example_dags/example_xcomargs.py
[2025-03-08T23:39:32.075+0000] {logging_mixin.py:190} INFO - [2025-03-08T23:39:32.075+0000] {dag.py:3239} INFO - Sync 2 DAGs
[2025-03-08T23:39:32.087+0000] {logging_mixin.py:190} INFO - [2025-03-08T23:39:32.087+0000] {dag.py:4180} INFO - Setting next_dagrun for example_xcom_args to None, run_after=None
[2025-03-08T23:39:32.091+0000] {logging_mixin.py:190} INFO - [2025-03-08T23:39:32.091+0000] {dag.py:4180} INFO - Setting next_dagrun for example_xcom_args_with_operators to None, run_after=None
[2025-03-08T23:39:32.106+0000] {processor.py:208} INFO - Processing /home/airflow/.local/lib/python3.12/site-packages/airflow/example_dags/example_xcomargs.py took 0.064 seconds
[2025-03-08T23:40:03.464+0000] {processor.py:186} INFO - Started process (PID=431) to work on /home/airflow/.local/lib/python3.12/site-packages/airflow/example_dags/example_xcomargs.py
[2025-03-08T23:40:03.464+0000] {processor.py:914} INFO - Processing file /home/airflow/.local/lib/python3.12/site-packages/airflow/example_dags/example_xcomargs.py for tasks to queue
[2025-03-08T23:40:03.466+0000] {logging_mixin.py:190} INFO - [2025-03-08T23:40:03.466+0000] {dagbag.py:588} INFO - Filling up the DagBag from /home/airflow/.local/lib/python3.12/site-packages/airflow/example_dags/example_xcomargs.py
[2025-03-08T23:40:03.474+0000] {processor.py:925} INFO - DAG(s) 'example_xcom_args', 'example_xcom_args_with_operators' retrieved from /home/airflow/.local/lib/python3.12/site-packages/airflow/example_dags/example_xcomargs.py
[2025-03-08T23:40:03.492+0000] {logging_mixin.py:190} INFO - [2025-03-08T23:40:03.492+0000] {dag.py:3239} INFO - Sync 2 DAGs
[2025-03-08T23:40:03.504+0000] {logging_mixin.py:190} INFO - [2025-03-08T23:40:03.504+0000] {dag.py:4180} INFO - Setting next_dagrun for example_xcom_args to None, run_after=None
[2025-03-08T23:40:03.508+0000] {logging_mixin.py:190} INFO - [2025-03-08T23:40:03.508+0000] {dag.py:4180} INFO - Setting next_dagrun for example_xcom_args_with_operators to None, run_after=None
[2025-03-08T23:40:03.523+0000] {processor.py:208} INFO - Processing /home/airflow/.local/lib/python3.12/site-packages/airflow/example_dags/example_xcomargs.py took 0.064 seconds
[2025-03-08T23:40:35.756+0000] {processor.py:186} INFO - Started process (PID=495) to work on /home/airflow/.local/lib/python3.12/site-packages/airflow/example_dags/example_xcomargs.py
[2025-03-08T23:40:35.757+0000] {processor.py:914} INFO - Processing file /home/airflow/.local/lib/python3.12/site-packages/airflow/example_dags/example_xcomargs.py for tasks to queue
[2025-03-08T23:40:35.759+0000] {logging_mixin.py:190} INFO - [2025-03-08T23:40:35.758+0000] {dagbag.py:588} INFO - Filling up the DagBag from /home/airflow/.local/lib/python3.12/site-packages/airflow/example_dags/example_xcomargs.py
[2025-03-08T23:40:35.766+0000] {processor.py:925} INFO - DAG(s) 'example_xcom_args', 'example_xcom_args_with_operators' retrieved from /home/airflow/.local/lib/python3.12/site-packages/airflow/example_dags/example_xcomargs.py
[2025-03-08T23:40:35.783+0000] {logging_mixin.py:190} INFO - [2025-03-08T23:40:35.782+0000] {dag.py:3239} INFO - Sync 2 DAGs
[2025-03-08T23:40:35.795+0000] {logging_mixin.py:190} INFO - [2025-03-08T23:40:35.794+0000] {dag.py:4180} INFO - Setting next_dagrun for example_xcom_args to None, run_after=None
[2025-03-08T23:40:35.798+0000] {logging_mixin.py:190} INFO - [2025-03-08T23:40:35.798+0000] {dag.py:4180} INFO - Setting next_dagrun for example_xcom_args_with_operators to None, run_after=None
[2025-03-08T23:40:35.815+0000] {processor.py:208} INFO - Processing /home/airflow/.local/lib/python3.12/site-packages/airflow/example_dags/example_xcomargs.py took 0.063 seconds
[2025-03-08T23:41:06.814+0000] {processor.py:186} INFO - Started process (PID=558) to work on /home/airflow/.local/lib/python3.12/site-packages/airflow/example_dags/example_xcomargs.py
[2025-03-08T23:41:06.815+0000] {processor.py:914} INFO - Processing file /home/airflow/.local/lib/python3.12/site-packages/airflow/example_dags/example_xcomargs.py for tasks to queue
[2025-03-08T23:41:06.817+0000] {logging_mixin.py:190} INFO - [2025-03-08T23:41:06.817+0000] {dagbag.py:588} INFO - Filling up the DagBag from /home/airflow/.local/lib/python3.12/site-packages/airflow/example_dags/example_xcomargs.py
[2025-03-08T23:41:06.824+0000] {processor.py:925} INFO - DAG(s) 'example_xcom_args', 'example_xcom_args_with_operators' retrieved from /home/airflow/.local/lib/python3.12/site-packages/airflow/example_dags/example_xcomargs.py
[2025-03-08T23:41:06.841+0000] {logging_mixin.py:190} INFO - [2025-03-08T23:41:06.841+0000] {dag.py:3239} INFO - Sync 2 DAGs
[2025-03-08T23:41:06.852+0000] {logging_mixin.py:190} INFO - [2025-03-08T23:41:06.851+0000] {dag.py:4180} INFO - Setting next_dagrun for example_xcom_args to None, run_after=None
[2025-03-08T23:41:06.855+0000] {logging_mixin.py:190} INFO - [2025-03-08T23:41:06.855+0000] {dag.py:4180} INFO - Setting next_dagrun for example_xcom_args_with_operators to None, run_after=None
[2025-03-08T23:41:06.867+0000] {processor.py:208} INFO - Processing /home/airflow/.local/lib/python3.12/site-packages/airflow/example_dags/example_xcomargs.py took 0.056 seconds
[2025-03-08T23:41:37.115+0000] {processor.py:186} INFO - Started process (PID=621) to work on /home/airflow/.local/lib/python3.12/site-packages/airflow/example_dags/example_xcomargs.py
[2025-03-08T23:41:37.116+0000] {processor.py:914} INFO - Processing file /home/airflow/.local/lib/python3.12/site-packages/airflow/example_dags/example_xcomargs.py for tasks to queue
[2025-03-08T23:41:37.118+0000] {logging_mixin.py:190} INFO - [2025-03-08T23:41:37.118+0000] {dagbag.py:588} INFO - Filling up the DagBag from /home/airflow/.local/lib/python3.12/site-packages/airflow/example_dags/example_xcomargs.py
[2025-03-08T23:41:37.125+0000] {processor.py:925} INFO - DAG(s) 'example_xcom_args_with_operators', 'example_xcom_args' retrieved from /home/airflow/.local/lib/python3.12/site-packages/airflow/example_dags/example_xcomargs.py
[2025-03-08T23:41:37.145+0000] {logging_mixin.py:190} INFO - [2025-03-08T23:41:37.145+0000] {dag.py:3239} INFO - Sync 2 DAGs
[2025-03-08T23:41:37.157+0000] {logging_mixin.py:190} INFO - [2025-03-08T23:41:37.157+0000] {dag.py:4180} INFO - Setting next_dagrun for example_xcom_args to None, run_after=None
[2025-03-08T23:41:37.161+0000] {logging_mixin.py:190} INFO - [2025-03-08T23:41:37.161+0000] {dag.py:4180} INFO - Setting next_dagrun for example_xcom_args_with_operators to None, run_after=None
[2025-03-08T23:41:37.179+0000] {processor.py:208} INFO - Processing /home/airflow/.local/lib/python3.12/site-packages/airflow/example_dags/example_xcomargs.py took 0.069 seconds
[2025-03-08T23:42:08.758+0000] {processor.py:186} INFO - Started process (PID=684) to work on /home/airflow/.local/lib/python3.12/site-packages/airflow/example_dags/example_xcomargs.py
[2025-03-08T23:42:08.759+0000] {processor.py:914} INFO - Processing file /home/airflow/.local/lib/python3.12/site-packages/airflow/example_dags/example_xcomargs.py for tasks to queue
[2025-03-08T23:42:08.761+0000] {logging_mixin.py:190} INFO - [2025-03-08T23:42:08.761+0000] {dagbag.py:588} INFO - Filling up the DagBag from /home/airflow/.local/lib/python3.12/site-packages/airflow/example_dags/example_xcomargs.py
[2025-03-08T23:42:08.768+0000] {processor.py:925} INFO - DAG(s) 'example_xcom_args_with_operators', 'example_xcom_args' retrieved from /home/airflow/.local/lib/python3.12/site-packages/airflow/example_dags/example_xcomargs.py
[2025-03-08T23:42:08.785+0000] {logging_mixin.py:190} INFO - [2025-03-08T23:42:08.784+0000] {dag.py:3239} INFO - Sync 2 DAGs
[2025-03-08T23:42:08.794+0000] {logging_mixin.py:190} INFO - [2025-03-08T23:42:08.794+0000] {dag.py:4180} INFO - Setting next_dagrun for example_xcom_args to None, run_after=None
[2025-03-08T23:42:08.797+0000] {logging_mixin.py:190} INFO - [2025-03-08T23:42:08.797+0000] {dag.py:4180} INFO - Setting next_dagrun for example_xcom_args_with_operators to None, run_after=None
[2025-03-08T23:42:08.808+0000] {processor.py:208} INFO - Processing /home/airflow/.local/lib/python3.12/site-packages/airflow/example_dags/example_xcomargs.py took 0.055 seconds
[2025-03-08T23:42:40.560+0000] {processor.py:186} INFO - Started process (PID=747) to work on /home/airflow/.local/lib/python3.12/site-packages/airflow/example_dags/example_xcomargs.py
[2025-03-08T23:42:40.561+0000] {processor.py:914} INFO - Processing file /home/airflow/.local/lib/python3.12/site-packages/airflow/example_dags/example_xcomargs.py for tasks to queue
[2025-03-08T23:42:40.563+0000] {logging_mixin.py:190} INFO - [2025-03-08T23:42:40.563+0000] {dagbag.py:588} INFO - Filling up the DagBag from /home/airflow/.local/lib/python3.12/site-packages/airflow/example_dags/example_xcomargs.py
[2025-03-08T23:42:40.570+0000] {processor.py:925} INFO - DAG(s) 'example_xcom_args_with_operators', 'example_xcom_args' retrieved from /home/airflow/.local/lib/python3.12/site-packages/airflow/example_dags/example_xcomargs.py
[2025-03-08T23:42:40.588+0000] {logging_mixin.py:190} INFO - [2025-03-08T23:42:40.588+0000] {dag.py:3239} INFO - Sync 2 DAGs
[2025-03-08T23:42:40.599+0000] {logging_mixin.py:190} INFO - [2025-03-08T23:42:40.598+0000] {dag.py:4180} INFO - Setting next_dagrun for example_xcom_args to None, run_after=None
[2025-03-08T23:42:40.602+0000] {logging_mixin.py:190} INFO - [2025-03-08T23:42:40.602+0000] {dag.py:4180} INFO - Setting next_dagrun for example_xcom_args_with_operators to None, run_after=None
[2025-03-08T23:42:40.615+0000] {processor.py:208} INFO - Processing /home/airflow/.local/lib/python3.12/site-packages/airflow/example_dags/example_xcomargs.py took 0.058 seconds
[2025-03-08T23:43:11.684+0000] {processor.py:186} INFO - Started process (PID=811) to work on /home/airflow/.local/lib/python3.12/site-packages/airflow/example_dags/example_xcomargs.py
[2025-03-08T23:43:11.685+0000] {processor.py:914} INFO - Processing file /home/airflow/.local/lib/python3.12/site-packages/airflow/example_dags/example_xcomargs.py for tasks to queue
[2025-03-08T23:43:11.687+0000] {logging_mixin.py:190} INFO - [2025-03-08T23:43:11.687+0000] {dagbag.py:588} INFO - Filling up the DagBag from /home/airflow/.local/lib/python3.12/site-packages/airflow/example_dags/example_xcomargs.py
[2025-03-08T23:43:11.694+0000] {processor.py:925} INFO - DAG(s) 'example_xcom_args', 'example_xcom_args_with_operators' retrieved from /home/airflow/.local/lib/python3.12/site-packages/airflow/example_dags/example_xcomargs.py
[2025-03-08T23:43:11.713+0000] {logging_mixin.py:190} INFO - [2025-03-08T23:43:11.713+0000] {dag.py:3239} INFO - Sync 2 DAGs
[2025-03-08T23:43:11.724+0000] {logging_mixin.py:190} INFO - [2025-03-08T23:43:11.724+0000] {dag.py:4180} INFO - Setting next_dagrun for example_xcom_args to None, run_after=None
[2025-03-08T23:43:11.727+0000] {logging_mixin.py:190} INFO - [2025-03-08T23:43:11.727+0000] {dag.py:4180} INFO - Setting next_dagrun for example_xcom_args_with_operators to None, run_after=None
[2025-03-08T23:43:11.741+0000] {processor.py:208} INFO - Processing /home/airflow/.local/lib/python3.12/site-packages/airflow/example_dags/example_xcomargs.py took 0.062 seconds
[2025-03-08T23:43:42.292+0000] {processor.py:186} INFO - Started process (PID=874) to work on /home/airflow/.local/lib/python3.12/site-packages/airflow/example_dags/example_xcomargs.py
[2025-03-08T23:43:42.293+0000] {processor.py:914} INFO - Processing file /home/airflow/.local/lib/python3.12/site-packages/airflow/example_dags/example_xcomargs.py for tasks to queue
[2025-03-08T23:43:42.295+0000] {logging_mixin.py:190} INFO - [2025-03-08T23:43:42.295+0000] {dagbag.py:588} INFO - Filling up the DagBag from /home/airflow/.local/lib/python3.12/site-packages/airflow/example_dags/example_xcomargs.py
[2025-03-08T23:43:42.303+0000] {processor.py:925} INFO - DAG(s) 'example_xcom_args', 'example_xcom_args_with_operators' retrieved from /home/airflow/.local/lib/python3.12/site-packages/airflow/example_dags/example_xcomargs.py
[2025-03-08T23:43:42.321+0000] {logging_mixin.py:190} INFO - [2025-03-08T23:43:42.321+0000] {dag.py:3239} INFO - Sync 2 DAGs
[2025-03-08T23:43:42.332+0000] {logging_mixin.py:190} INFO - [2025-03-08T23:43:42.332+0000] {dag.py:4180} INFO - Setting next_dagrun for example_xcom_args to None, run_after=None
[2025-03-08T23:43:42.336+0000] {logging_mixin.py:190} INFO - [2025-03-08T23:43:42.336+0000] {dag.py:4180} INFO - Setting next_dagrun for example_xcom_args_with_operators to None, run_after=None
[2025-03-08T23:43:42.350+0000] {processor.py:208} INFO - Processing /home/airflow/.local/lib/python3.12/site-packages/airflow/example_dags/example_xcomargs.py took 0.062 seconds
[2025-03-08T23:44:13.529+0000] {processor.py:186} INFO - Started process (PID=937) to work on /home/airflow/.local/lib/python3.12/site-packages/airflow/example_dags/example_xcomargs.py
[2025-03-08T23:44:13.530+0000] {processor.py:914} INFO - Processing file /home/airflow/.local/lib/python3.12/site-packages/airflow/example_dags/example_xcomargs.py for tasks to queue
[2025-03-08T23:44:13.531+0000] {logging_mixin.py:190} INFO - [2025-03-08T23:44:13.531+0000] {dagbag.py:588} INFO - Filling up the DagBag from /home/airflow/.local/lib/python3.12/site-packages/airflow/example_dags/example_xcomargs.py
[2025-03-08T23:44:13.538+0000] {processor.py:925} INFO - DAG(s) 'example_xcom_args', 'example_xcom_args_with_operators' retrieved from /home/airflow/.local/lib/python3.12/site-packages/airflow/example_dags/example_xcomargs.py
[2025-03-08T23:44:13.557+0000] {logging_mixin.py:190} INFO - [2025-03-08T23:44:13.557+0000] {dag.py:3239} INFO - Sync 2 DAGs
[2025-03-08T23:44:13.568+0000] {logging_mixin.py:190} INFO - [2025-03-08T23:44:13.568+0000] {dag.py:4180} INFO - Setting next_dagrun for example_xcom_args to None, run_after=None
[2025-03-08T23:44:13.572+0000] {logging_mixin.py:190} INFO - [2025-03-08T23:44:13.572+0000] {dag.py:4180} INFO - Setting next_dagrun for example_xcom_args_with_operators to None, run_after=None
[2025-03-08T23:44:13.586+0000] {processor.py:208} INFO - Processing /home/airflow/.local/lib/python3.12/site-packages/airflow/example_dags/example_xcomargs.py took 0.062 seconds
[2025-03-08T23:44:44.592+0000] {processor.py:186} INFO - Started process (PID=1000) to work on /home/airflow/.local/lib/python3.12/site-packages/airflow/example_dags/example_xcomargs.py
[2025-03-08T23:44:44.593+0000] {processor.py:914} INFO - Processing file /home/airflow/.local/lib/python3.12/site-packages/airflow/example_dags/example_xcomargs.py for tasks to queue
[2025-03-08T23:44:44.595+0000] {logging_mixin.py:190} INFO - [2025-03-08T23:44:44.595+0000] {dagbag.py:588} INFO - Filling up the DagBag from /home/airflow/.local/lib/python3.12/site-packages/airflow/example_dags/example_xcomargs.py
[2025-03-08T23:44:44.602+0000] {processor.py:925} INFO - DAG(s) 'example_xcom_args', 'example_xcom_args_with_operators' retrieved from /home/airflow/.local/lib/python3.12/site-packages/airflow/example_dags/example_xcomargs.py
[2025-03-08T23:44:44.620+0000] {logging_mixin.py:190} INFO - [2025-03-08T23:44:44.620+0000] {dag.py:3239} INFO - Sync 2 DAGs
[2025-03-08T23:44:44.632+0000] {logging_mixin.py:190} INFO - [2025-03-08T23:44:44.632+0000] {dag.py:4180} INFO - Setting next_dagrun for example_xcom_args to None, run_after=None
[2025-03-08T23:44:44.636+0000] {logging_mixin.py:190} INFO - [2025-03-08T23:44:44.636+0000] {dag.py:4180} INFO - Setting next_dagrun for example_xcom_args_with_operators to None, run_after=None
[2025-03-08T23:44:44.650+0000] {processor.py:208} INFO - Processing /home/airflow/.local/lib/python3.12/site-packages/airflow/example_dags/example_xcomargs.py took 0.062 seconds
[2025-03-08T23:45:15.530+0000] {processor.py:186} INFO - Started process (PID=1063) to work on /home/airflow/.local/lib/python3.12/site-packages/airflow/example_dags/example_xcomargs.py
[2025-03-08T23:45:15.531+0000] {processor.py:914} INFO - Processing file /home/airflow/.local/lib/python3.12/site-packages/airflow/example_dags/example_xcomargs.py for tasks to queue
[2025-03-08T23:45:15.533+0000] {logging_mixin.py:190} INFO - [2025-03-08T23:45:15.533+0000] {dagbag.py:588} INFO - Filling up the DagBag from /home/airflow/.local/lib/python3.12/site-packages/airflow/example_dags/example_xcomargs.py
[2025-03-08T23:45:15.541+0000] {processor.py:925} INFO - DAG(s) 'example_xcom_args', 'example_xcom_args_with_operators' retrieved from /home/airflow/.local/lib/python3.12/site-packages/airflow/example_dags/example_xcomargs.py
[2025-03-08T23:45:15.562+0000] {logging_mixin.py:190} INFO - [2025-03-08T23:45:15.561+0000] {dag.py:3239} INFO - Sync 2 DAGs
[2025-03-08T23:45:15.572+0000] {logging_mixin.py:190} INFO - [2025-03-08T23:45:15.572+0000] {dag.py:4180} INFO - Setting next_dagrun for example_xcom_args to None, run_after=None
[2025-03-08T23:45:15.576+0000] {logging_mixin.py:190} INFO - [2025-03-08T23:45:15.576+0000] {dag.py:4180} INFO - Setting next_dagrun for example_xcom_args_with_operators to None, run_after=None
[2025-03-08T23:45:15.587+0000] {processor.py:208} INFO - Processing /home/airflow/.local/lib/python3.12/site-packages/airflow/example_dags/example_xcomargs.py took 0.063 seconds
[2025-03-08T23:45:46.541+0000] {processor.py:186} INFO - Started process (PID=1126) to work on /home/airflow/.local/lib/python3.12/site-packages/airflow/example_dags/example_xcomargs.py
[2025-03-08T23:45:46.542+0000] {processor.py:914} INFO - Processing file /home/airflow/.local/lib/python3.12/site-packages/airflow/example_dags/example_xcomargs.py for tasks to queue
[2025-03-08T23:45:46.544+0000] {logging_mixin.py:190} INFO - [2025-03-08T23:45:46.544+0000] {dagbag.py:588} INFO - Filling up the DagBag from /home/airflow/.local/lib/python3.12/site-packages/airflow/example_dags/example_xcomargs.py
[2025-03-08T23:45:46.551+0000] {processor.py:925} INFO - DAG(s) 'example_xcom_args_with_operators', 'example_xcom_args' retrieved from /home/airflow/.local/lib/python3.12/site-packages/airflow/example_dags/example_xcomargs.py
[2025-03-08T23:45:46.569+0000] {logging_mixin.py:190} INFO - [2025-03-08T23:45:46.569+0000] {dag.py:3239} INFO - Sync 2 DAGs
[2025-03-08T23:45:46.581+0000] {logging_mixin.py:190} INFO - [2025-03-08T23:45:46.581+0000] {dag.py:4180} INFO - Setting next_dagrun for example_xcom_args to None, run_after=None
[2025-03-08T23:45:46.585+0000] {logging_mixin.py:190} INFO - [2025-03-08T23:45:46.584+0000] {dag.py:4180} INFO - Setting next_dagrun for example_xcom_args_with_operators to None, run_after=None
[2025-03-08T23:45:46.598+0000] {processor.py:208} INFO - Processing /home/airflow/.local/lib/python3.12/site-packages/airflow/example_dags/example_xcomargs.py took 0.061 seconds
[2025-03-08T23:46:17.635+0000] {processor.py:186} INFO - Started process (PID=1189) to work on /home/airflow/.local/lib/python3.12/site-packages/airflow/example_dags/example_xcomargs.py
[2025-03-08T23:46:17.636+0000] {processor.py:914} INFO - Processing file /home/airflow/.local/lib/python3.12/site-packages/airflow/example_dags/example_xcomargs.py for tasks to queue
[2025-03-08T23:46:17.638+0000] {logging_mixin.py:190} INFO - [2025-03-08T23:46:17.638+0000] {dagbag.py:588} INFO - Filling up the DagBag from /home/airflow/.local/lib/python3.12/site-packages/airflow/example_dags/example_xcomargs.py
[2025-03-08T23:46:17.648+0000] {processor.py:925} INFO - DAG(s) 'example_xcom_args_with_operators', 'example_xcom_args' retrieved from /home/airflow/.local/lib/python3.12/site-packages/airflow/example_dags/example_xcomargs.py
[2025-03-08T23:46:17.668+0000] {logging_mixin.py:190} INFO - [2025-03-08T23:46:17.668+0000] {dag.py:3239} INFO - Sync 2 DAGs
[2025-03-08T23:46:17.679+0000] {logging_mixin.py:190} INFO - [2025-03-08T23:46:17.679+0000] {dag.py:4180} INFO - Setting next_dagrun for example_xcom_args to None, run_after=None
[2025-03-08T23:46:17.683+0000] {logging_mixin.py:190} INFO - [2025-03-08T23:46:17.682+0000] {dag.py:4180} INFO - Setting next_dagrun for example_xcom_args_with_operators to None, run_after=None
[2025-03-08T23:46:17.695+0000] {processor.py:208} INFO - Processing /home/airflow/.local/lib/python3.12/site-packages/airflow/example_dags/example_xcomargs.py took 0.065 seconds
[2025-03-08T23:46:48.529+0000] {processor.py:186} INFO - Started process (PID=1252) to work on /home/airflow/.local/lib/python3.12/site-packages/airflow/example_dags/example_xcomargs.py
[2025-03-08T23:46:48.530+0000] {processor.py:914} INFO - Processing file /home/airflow/.local/lib/python3.12/site-packages/airflow/example_dags/example_xcomargs.py for tasks to queue
[2025-03-08T23:46:48.531+0000] {logging_mixin.py:190} INFO - [2025-03-08T23:46:48.531+0000] {dagbag.py:588} INFO - Filling up the DagBag from /home/airflow/.local/lib/python3.12/site-packages/airflow/example_dags/example_xcomargs.py
[2025-03-08T23:46:48.538+0000] {processor.py:925} INFO - DAG(s) 'example_xcom_args_with_operators', 'example_xcom_args' retrieved from /home/airflow/.local/lib/python3.12/site-packages/airflow/example_dags/example_xcomargs.py
[2025-03-08T23:46:48.555+0000] {logging_mixin.py:190} INFO - [2025-03-08T23:46:48.555+0000] {dag.py:3239} INFO - Sync 2 DAGs
[2025-03-08T23:46:48.566+0000] {logging_mixin.py:190} INFO - [2025-03-08T23:46:48.566+0000] {dag.py:4180} INFO - Setting next_dagrun for example_xcom_args to None, run_after=None
[2025-03-08T23:46:48.569+0000] {logging_mixin.py:190} INFO - [2025-03-08T23:46:48.569+0000] {dag.py:4180} INFO - Setting next_dagrun for example_xcom_args_with_operators to None, run_after=None
[2025-03-08T23:46:48.581+0000] {processor.py:208} INFO - Processing /home/airflow/.local/lib/python3.12/site-packages/airflow/example_dags/example_xcomargs.py took 0.056 seconds
[2025-03-08T23:47:19.246+0000] {processor.py:186} INFO - Started process (PID=1315) to work on /home/airflow/.local/lib/python3.12/site-packages/airflow/example_dags/example_xcomargs.py
[2025-03-08T23:47:19.247+0000] {processor.py:914} INFO - Processing file /home/airflow/.local/lib/python3.12/site-packages/airflow/example_dags/example_xcomargs.py for tasks to queue
[2025-03-08T23:47:19.248+0000] {logging_mixin.py:190} INFO - [2025-03-08T23:47:19.248+0000] {dagbag.py:588} INFO - Filling up the DagBag from /home/airflow/.local/lib/python3.12/site-packages/airflow/example_dags/example_xcomargs.py
[2025-03-08T23:47:19.255+0000] {processor.py:925} INFO - DAG(s) 'example_xcom_args_with_operators', 'example_xcom_args' retrieved from /home/airflow/.local/lib/python3.12/site-packages/airflow/example_dags/example_xcomargs.py
[2025-03-08T23:47:19.273+0000] {logging_mixin.py:190} INFO - [2025-03-08T23:47:19.272+0000] {dag.py:3239} INFO - Sync 2 DAGs
[2025-03-08T23:47:19.283+0000] {logging_mixin.py:190} INFO - [2025-03-08T23:47:19.283+0000] {dag.py:4180} INFO - Setting next_dagrun for example_xcom_args to None, run_after=None
[2025-03-08T23:47:19.286+0000] {logging_mixin.py:190} INFO - [2025-03-08T23:47:19.286+0000] {dag.py:4180} INFO - Setting next_dagrun for example_xcom_args_with_operators to None, run_after=None
[2025-03-08T23:47:19.298+0000] {processor.py:208} INFO - Processing /home/airflow/.local/lib/python3.12/site-packages/airflow/example_dags/example_xcomargs.py took 0.056 seconds
[2025-03-08T23:47:50.192+0000] {processor.py:186} INFO - Started process (PID=1378) to work on /home/airflow/.local/lib/python3.12/site-packages/airflow/example_dags/example_xcomargs.py
[2025-03-08T23:47:50.193+0000] {processor.py:914} INFO - Processing file /home/airflow/.local/lib/python3.12/site-packages/airflow/example_dags/example_xcomargs.py for tasks to queue
[2025-03-08T23:47:50.194+0000] {logging_mixin.py:190} INFO - [2025-03-08T23:47:50.194+0000] {dagbag.py:588} INFO - Filling up the DagBag from /home/airflow/.local/lib/python3.12/site-packages/airflow/example_dags/example_xcomargs.py
[2025-03-08T23:47:50.200+0000] {processor.py:925} INFO - DAG(s) 'example_xcom_args_with_operators', 'example_xcom_args' retrieved from /home/airflow/.local/lib/python3.12/site-packages/airflow/example_dags/example_xcomargs.py
[2025-03-08T23:47:50.217+0000] {logging_mixin.py:190} INFO - [2025-03-08T23:47:50.217+0000] {dag.py:3239} INFO - Sync 2 DAGs
[2025-03-08T23:47:50.228+0000] {logging_mixin.py:190} INFO - [2025-03-08T23:47:50.227+0000] {dag.py:4180} INFO - Setting next_dagrun for example_xcom_args to None, run_after=None
[2025-03-08T23:47:50.231+0000] {logging_mixin.py:190} INFO - [2025-03-08T23:47:50.230+0000] {dag.py:4180} INFO - Setting next_dagrun for example_xcom_args_with_operators to None, run_after=None
[2025-03-08T23:47:50.242+0000] {processor.py:208} INFO - Processing /home/airflow/.local/lib/python3.12/site-packages/airflow/example_dags/example_xcomargs.py took 0.054 seconds
[2025-03-08T23:48:20.895+0000] {processor.py:186} INFO - Started process (PID=1441) to work on /home/airflow/.local/lib/python3.12/site-packages/airflow/example_dags/example_xcomargs.py
[2025-03-08T23:48:20.896+0000] {processor.py:914} INFO - Processing file /home/airflow/.local/lib/python3.12/site-packages/airflow/example_dags/example_xcomargs.py for tasks to queue
[2025-03-08T23:48:20.898+0000] {logging_mixin.py:190} INFO - [2025-03-08T23:48:20.898+0000] {dagbag.py:588} INFO - Filling up the DagBag from /home/airflow/.local/lib/python3.12/site-packages/airflow/example_dags/example_xcomargs.py
[2025-03-08T23:48:20.905+0000] {processor.py:925} INFO - DAG(s) 'example_xcom_args', 'example_xcom_args_with_operators' retrieved from /home/airflow/.local/lib/python3.12/site-packages/airflow/example_dags/example_xcomargs.py
[2025-03-08T23:48:20.922+0000] {logging_mixin.py:190} INFO - [2025-03-08T23:48:20.922+0000] {dag.py:3239} INFO - Sync 2 DAGs
[2025-03-08T23:48:20.932+0000] {logging_mixin.py:190} INFO - [2025-03-08T23:48:20.932+0000] {dag.py:4180} INFO - Setting next_dagrun for example_xcom_args to None, run_after=None
[2025-03-08T23:48:20.935+0000] {logging_mixin.py:190} INFO - [2025-03-08T23:48:20.935+0000] {dag.py:4180} INFO - Setting next_dagrun for example_xcom_args_with_operators to None, run_after=None
[2025-03-08T23:48:20.947+0000] {processor.py:208} INFO - Processing /home/airflow/.local/lib/python3.12/site-packages/airflow/example_dags/example_xcomargs.py took 0.055 seconds
[2025-03-08T23:48:51.867+0000] {processor.py:186} INFO - Started process (PID=1504) to work on /home/airflow/.local/lib/python3.12/site-packages/airflow/example_dags/example_xcomargs.py
[2025-03-08T23:48:51.868+0000] {processor.py:914} INFO - Processing file /home/airflow/.local/lib/python3.12/site-packages/airflow/example_dags/example_xcomargs.py for tasks to queue
[2025-03-08T23:48:51.870+0000] {logging_mixin.py:190} INFO - [2025-03-08T23:48:51.870+0000] {dagbag.py:588} INFO - Filling up the DagBag from /home/airflow/.local/lib/python3.12/site-packages/airflow/example_dags/example_xcomargs.py
[2025-03-08T23:48:51.877+0000] {processor.py:925} INFO - DAG(s) 'example_xcom_args_with_operators', 'example_xcom_args' retrieved from /home/airflow/.local/lib/python3.12/site-packages/airflow/example_dags/example_xcomargs.py
[2025-03-08T23:48:51.900+0000] {logging_mixin.py:190} INFO - [2025-03-08T23:48:51.900+0000] {dag.py:3239} INFO - Sync 2 DAGs
[2025-03-08T23:48:51.912+0000] {logging_mixin.py:190} INFO - [2025-03-08T23:48:51.912+0000] {dag.py:4180} INFO - Setting next_dagrun for example_xcom_args to None, run_after=None
[2025-03-08T23:48:51.916+0000] {logging_mixin.py:190} INFO - [2025-03-08T23:48:51.916+0000] {dag.py:4180} INFO - Setting next_dagrun for example_xcom_args_with_operators to None, run_after=None
[2025-03-08T23:48:51.932+0000] {processor.py:208} INFO - Processing /home/airflow/.local/lib/python3.12/site-packages/airflow/example_dags/example_xcomargs.py took 0.069 seconds
[2025-03-08T23:49:23.209+0000] {processor.py:186} INFO - Started process (PID=1567) to work on /home/airflow/.local/lib/python3.12/site-packages/airflow/example_dags/example_xcomargs.py
[2025-03-08T23:49:23.209+0000] {processor.py:914} INFO - Processing file /home/airflow/.local/lib/python3.12/site-packages/airflow/example_dags/example_xcomargs.py for tasks to queue
[2025-03-08T23:49:23.212+0000] {logging_mixin.py:190} INFO - [2025-03-08T23:49:23.211+0000] {dagbag.py:588} INFO - Filling up the DagBag from /home/airflow/.local/lib/python3.12/site-packages/airflow/example_dags/example_xcomargs.py
[2025-03-08T23:49:23.220+0000] {processor.py:925} INFO - DAG(s) 'example_xcom_args_with_operators', 'example_xcom_args' retrieved from /home/airflow/.local/lib/python3.12/site-packages/airflow/example_dags/example_xcomargs.py
[2025-03-08T23:49:23.239+0000] {logging_mixin.py:190} INFO - [2025-03-08T23:49:23.239+0000] {dag.py:3239} INFO - Sync 2 DAGs
[2025-03-08T23:49:23.253+0000] {logging_mixin.py:190} INFO - [2025-03-08T23:49:23.253+0000] {dag.py:4180} INFO - Setting next_dagrun for example_xcom_args to None, run_after=None
[2025-03-08T23:49:23.258+0000] {logging_mixin.py:190} INFO - [2025-03-08T23:49:23.258+0000] {dag.py:4180} INFO - Setting next_dagrun for example_xcom_args_with_operators to None, run_after=None
[2025-03-08T23:49:23.273+0000] {processor.py:208} INFO - Processing /home/airflow/.local/lib/python3.12/site-packages/airflow/example_dags/example_xcomargs.py took 0.068 seconds
[2025-03-08T23:49:54.409+0000] {processor.py:186} INFO - Started process (PID=1630) to work on /home/airflow/.local/lib/python3.12/site-packages/airflow/example_dags/example_xcomargs.py
[2025-03-08T23:49:54.410+0000] {processor.py:914} INFO - Processing file /home/airflow/.local/lib/python3.12/site-packages/airflow/example_dags/example_xcomargs.py for tasks to queue
[2025-03-08T23:49:54.412+0000] {logging_mixin.py:190} INFO - [2025-03-08T23:49:54.412+0000] {dagbag.py:588} INFO - Filling up the DagBag from /home/airflow/.local/lib/python3.12/site-packages/airflow/example_dags/example_xcomargs.py
[2025-03-08T23:49:54.421+0000] {processor.py:925} INFO - DAG(s) 'example_xcom_args', 'example_xcom_args_with_operators' retrieved from /home/airflow/.local/lib/python3.12/site-packages/airflow/example_dags/example_xcomargs.py
[2025-03-08T23:49:54.445+0000] {logging_mixin.py:190} INFO - [2025-03-08T23:49:54.444+0000] {dag.py:3239} INFO - Sync 2 DAGs
[2025-03-08T23:49:54.457+0000] {logging_mixin.py:190} INFO - [2025-03-08T23:49:54.457+0000] {dag.py:4180} INFO - Setting next_dagrun for example_xcom_args to None, run_after=None
[2025-03-08T23:49:54.460+0000] {logging_mixin.py:190} INFO - [2025-03-08T23:49:54.460+0000] {dag.py:4180} INFO - Setting next_dagrun for example_xcom_args_with_operators to None, run_after=None
[2025-03-08T23:49:54.473+0000] {processor.py:208} INFO - Processing /home/airflow/.local/lib/python3.12/site-packages/airflow/example_dags/example_xcomargs.py took 0.070 seconds
[2025-03-08T23:50:25.031+0000] {processor.py:186} INFO - Started process (PID=1693) to work on /home/airflow/.local/lib/python3.12/site-packages/airflow/example_dags/example_xcomargs.py
[2025-03-08T23:50:25.032+0000] {processor.py:914} INFO - Processing file /home/airflow/.local/lib/python3.12/site-packages/airflow/example_dags/example_xcomargs.py for tasks to queue
[2025-03-08T23:50:25.034+0000] {logging_mixin.py:190} INFO - [2025-03-08T23:50:25.034+0000] {dagbag.py:588} INFO - Filling up the DagBag from /home/airflow/.local/lib/python3.12/site-packages/airflow/example_dags/example_xcomargs.py
[2025-03-08T23:50:25.041+0000] {processor.py:925} INFO - DAG(s) 'example_xcom_args', 'example_xcom_args_with_operators' retrieved from /home/airflow/.local/lib/python3.12/site-packages/airflow/example_dags/example_xcomargs.py
[2025-03-08T23:50:25.058+0000] {logging_mixin.py:190} INFO - [2025-03-08T23:50:25.058+0000] {dag.py:3239} INFO - Sync 2 DAGs
[2025-03-08T23:50:25.069+0000] {logging_mixin.py:190} INFO - [2025-03-08T23:50:25.069+0000] {dag.py:4180} INFO - Setting next_dagrun for example_xcom_args to None, run_after=None
[2025-03-08T23:50:25.072+0000] {logging_mixin.py:190} INFO - [2025-03-08T23:50:25.072+0000] {dag.py:4180} INFO - Setting next_dagrun for example_xcom_args_with_operators to None, run_after=None
[2025-03-08T23:50:25.083+0000] {processor.py:208} INFO - Processing /home/airflow/.local/lib/python3.12/site-packages/airflow/example_dags/example_xcomargs.py took 0.056 seconds
[2025-03-08T23:50:56.253+0000] {processor.py:186} INFO - Started process (PID=1756) to work on /home/airflow/.local/lib/python3.12/site-packages/airflow/example_dags/example_xcomargs.py
[2025-03-08T23:50:56.254+0000] {processor.py:914} INFO - Processing file /home/airflow/.local/lib/python3.12/site-packages/airflow/example_dags/example_xcomargs.py for tasks to queue
[2025-03-08T23:50:56.256+0000] {logging_mixin.py:190} INFO - [2025-03-08T23:50:56.256+0000] {dagbag.py:588} INFO - Filling up the DagBag from /home/airflow/.local/lib/python3.12/site-packages/airflow/example_dags/example_xcomargs.py
[2025-03-08T23:50:56.263+0000] {processor.py:925} INFO - DAG(s) 'example_xcom_args', 'example_xcom_args_with_operators' retrieved from /home/airflow/.local/lib/python3.12/site-packages/airflow/example_dags/example_xcomargs.py
[2025-03-08T23:50:56.284+0000] {logging_mixin.py:190} INFO - [2025-03-08T23:50:56.283+0000] {dag.py:3239} INFO - Sync 2 DAGs
[2025-03-08T23:50:56.297+0000] {logging_mixin.py:190} INFO - [2025-03-08T23:50:56.297+0000] {dag.py:4180} INFO - Setting next_dagrun for example_xcom_args to None, run_after=None
[2025-03-08T23:50:56.301+0000] {logging_mixin.py:190} INFO - [2025-03-08T23:50:56.300+0000] {dag.py:4180} INFO - Setting next_dagrun for example_xcom_args_with_operators to None, run_after=None
[2025-03-08T23:50:56.316+0000] {processor.py:208} INFO - Processing /home/airflow/.local/lib/python3.12/site-packages/airflow/example_dags/example_xcomargs.py took 0.067 seconds
[2025-03-08T23:51:26.645+0000] {processor.py:186} INFO - Started process (PID=1819) to work on /home/airflow/.local/lib/python3.12/site-packages/airflow/example_dags/example_xcomargs.py
[2025-03-08T23:51:26.646+0000] {processor.py:914} INFO - Processing file /home/airflow/.local/lib/python3.12/site-packages/airflow/example_dags/example_xcomargs.py for tasks to queue
[2025-03-08T23:51:26.648+0000] {logging_mixin.py:190} INFO - [2025-03-08T23:51:26.648+0000] {dagbag.py:588} INFO - Filling up the DagBag from /home/airflow/.local/lib/python3.12/site-packages/airflow/example_dags/example_xcomargs.py
[2025-03-08T23:51:26.654+0000] {processor.py:925} INFO - DAG(s) 'example_xcom_args', 'example_xcom_args_with_operators' retrieved from /home/airflow/.local/lib/python3.12/site-packages/airflow/example_dags/example_xcomargs.py
[2025-03-08T23:51:26.671+0000] {logging_mixin.py:190} INFO - [2025-03-08T23:51:26.671+0000] {dag.py:3239} INFO - Sync 2 DAGs
[2025-03-08T23:51:26.682+0000] {logging_mixin.py:190} INFO - [2025-03-08T23:51:26.682+0000] {dag.py:4180} INFO - Setting next_dagrun for example_xcom_args to None, run_after=None
[2025-03-08T23:51:26.685+0000] {logging_mixin.py:190} INFO - [2025-03-08T23:51:26.685+0000] {dag.py:4180} INFO - Setting next_dagrun for example_xcom_args_with_operators to None, run_after=None
[2025-03-08T23:51:26.698+0000] {processor.py:208} INFO - Processing /home/airflow/.local/lib/python3.12/site-packages/airflow/example_dags/example_xcomargs.py took 0.056 seconds
[2025-03-08T23:51:57.611+0000] {processor.py:186} INFO - Started process (PID=1882) to work on /home/airflow/.local/lib/python3.12/site-packages/airflow/example_dags/example_xcomargs.py
[2025-03-08T23:51:57.612+0000] {processor.py:914} INFO - Processing file /home/airflow/.local/lib/python3.12/site-packages/airflow/example_dags/example_xcomargs.py for tasks to queue
[2025-03-08T23:51:57.614+0000] {logging_mixin.py:190} INFO - [2025-03-08T23:51:57.614+0000] {dagbag.py:588} INFO - Filling up the DagBag from /home/airflow/.local/lib/python3.12/site-packages/airflow/example_dags/example_xcomargs.py
[2025-03-08T23:51:57.622+0000] {processor.py:925} INFO - DAG(s) 'example_xcom_args', 'example_xcom_args_with_operators' retrieved from /home/airflow/.local/lib/python3.12/site-packages/airflow/example_dags/example_xcomargs.py
[2025-03-08T23:51:57.639+0000] {logging_mixin.py:190} INFO - [2025-03-08T23:51:57.639+0000] {dag.py:3239} INFO - Sync 2 DAGs
[2025-03-08T23:51:57.653+0000] {logging_mixin.py:190} INFO - [2025-03-08T23:51:57.653+0000] {dag.py:4180} INFO - Setting next_dagrun for example_xcom_args to None, run_after=None
[2025-03-08T23:51:57.657+0000] {logging_mixin.py:190} INFO - [2025-03-08T23:51:57.657+0000] {dag.py:4180} INFO - Setting next_dagrun for example_xcom_args_with_operators to None, run_after=None
[2025-03-08T23:51:57.673+0000] {processor.py:208} INFO - Processing /home/airflow/.local/lib/python3.12/site-packages/airflow/example_dags/example_xcomargs.py took 0.067 seconds
[2025-03-08T23:52:28.780+0000] {processor.py:186} INFO - Started process (PID=1945) to work on /home/airflow/.local/lib/python3.12/site-packages/airflow/example_dags/example_xcomargs.py
[2025-03-08T23:52:28.781+0000] {processor.py:914} INFO - Processing file /home/airflow/.local/lib/python3.12/site-packages/airflow/example_dags/example_xcomargs.py for tasks to queue
[2025-03-08T23:52:28.783+0000] {logging_mixin.py:190} INFO - [2025-03-08T23:52:28.783+0000] {dagbag.py:588} INFO - Filling up the DagBag from /home/airflow/.local/lib/python3.12/site-packages/airflow/example_dags/example_xcomargs.py
[2025-03-08T23:52:28.791+0000] {processor.py:925} INFO - DAG(s) 'example_xcom_args_with_operators', 'example_xcom_args' retrieved from /home/airflow/.local/lib/python3.12/site-packages/airflow/example_dags/example_xcomargs.py
[2025-03-08T23:52:28.811+0000] {logging_mixin.py:190} INFO - [2025-03-08T23:52:28.811+0000] {dag.py:3239} INFO - Sync 2 DAGs
[2025-03-08T23:52:28.823+0000] {logging_mixin.py:190} INFO - [2025-03-08T23:52:28.823+0000] {dag.py:4180} INFO - Setting next_dagrun for example_xcom_args to None, run_after=None
[2025-03-08T23:52:28.827+0000] {logging_mixin.py:190} INFO - [2025-03-08T23:52:28.827+0000] {dag.py:4180} INFO - Setting next_dagrun for example_xcom_args_with_operators to None, run_after=None
[2025-03-08T23:52:28.843+0000] {processor.py:208} INFO - Processing /home/airflow/.local/lib/python3.12/site-packages/airflow/example_dags/example_xcomargs.py took 0.066 seconds
[2025-03-08T23:52:59.532+0000] {processor.py:186} INFO - Started process (PID=2014) to work on /home/airflow/.local/lib/python3.12/site-packages/airflow/example_dags/example_xcomargs.py
[2025-03-08T23:52:59.533+0000] {processor.py:914} INFO - Processing file /home/airflow/.local/lib/python3.12/site-packages/airflow/example_dags/example_xcomargs.py for tasks to queue
[2025-03-08T23:52:59.535+0000] {logging_mixin.py:190} INFO - [2025-03-08T23:52:59.534+0000] {dagbag.py:588} INFO - Filling up the DagBag from /home/airflow/.local/lib/python3.12/site-packages/airflow/example_dags/example_xcomargs.py
[2025-03-08T23:52:59.541+0000] {processor.py:925} INFO - DAG(s) 'example_xcom_args', 'example_xcom_args_with_operators' retrieved from /home/airflow/.local/lib/python3.12/site-packages/airflow/example_dags/example_xcomargs.py
[2025-03-08T23:52:59.558+0000] {logging_mixin.py:190} INFO - [2025-03-08T23:52:59.558+0000] {dag.py:3239} INFO - Sync 2 DAGs
[2025-03-08T23:52:59.569+0000] {logging_mixin.py:190} INFO - [2025-03-08T23:52:59.568+0000] {dag.py:4180} INFO - Setting next_dagrun for example_xcom_args to None, run_after=None
[2025-03-08T23:52:59.571+0000] {logging_mixin.py:190} INFO - [2025-03-08T23:52:59.571+0000] {dag.py:4180} INFO - Setting next_dagrun for example_xcom_args_with_operators to None, run_after=None
[2025-03-08T23:52:59.584+0000] {processor.py:208} INFO - Processing /home/airflow/.local/lib/python3.12/site-packages/airflow/example_dags/example_xcomargs.py took 0.055 seconds
[2025-03-08T23:53:30.462+0000] {processor.py:186} INFO - Started process (PID=2077) to work on /home/airflow/.local/lib/python3.12/site-packages/airflow/example_dags/example_xcomargs.py
[2025-03-08T23:53:30.463+0000] {processor.py:914} INFO - Processing file /home/airflow/.local/lib/python3.12/site-packages/airflow/example_dags/example_xcomargs.py for tasks to queue
[2025-03-08T23:53:30.465+0000] {logging_mixin.py:190} INFO - [2025-03-08T23:53:30.464+0000] {dagbag.py:588} INFO - Filling up the DagBag from /home/airflow/.local/lib/python3.12/site-packages/airflow/example_dags/example_xcomargs.py
[2025-03-08T23:53:30.473+0000] {processor.py:925} INFO - DAG(s) 'example_xcom_args_with_operators', 'example_xcom_args' retrieved from /home/airflow/.local/lib/python3.12/site-packages/airflow/example_dags/example_xcomargs.py
[2025-03-08T23:53:30.496+0000] {logging_mixin.py:190} INFO - [2025-03-08T23:53:30.496+0000] {dag.py:3239} INFO - Sync 2 DAGs
[2025-03-08T23:53:30.509+0000] {logging_mixin.py:190} INFO - [2025-03-08T23:53:30.509+0000] {dag.py:4180} INFO - Setting next_dagrun for example_xcom_args to None, run_after=None
[2025-03-08T23:53:30.513+0000] {logging_mixin.py:190} INFO - [2025-03-08T23:53:30.513+0000] {dag.py:4180} INFO - Setting next_dagrun for example_xcom_args_with_operators to None, run_after=None
[2025-03-08T23:53:30.527+0000] {processor.py:208} INFO - Processing /home/airflow/.local/lib/python3.12/site-packages/airflow/example_dags/example_xcomargs.py took 0.070 seconds
[2025-03-08T23:54:01.466+0000] {processor.py:186} INFO - Started process (PID=2139) to work on /home/airflow/.local/lib/python3.12/site-packages/airflow/example_dags/example_xcomargs.py
[2025-03-08T23:54:01.467+0000] {processor.py:914} INFO - Processing file /home/airflow/.local/lib/python3.12/site-packages/airflow/example_dags/example_xcomargs.py for tasks to queue
[2025-03-08T23:54:01.469+0000] {logging_mixin.py:190} INFO - [2025-03-08T23:54:01.469+0000] {dagbag.py:588} INFO - Filling up the DagBag from /home/airflow/.local/lib/python3.12/site-packages/airflow/example_dags/example_xcomargs.py
[2025-03-08T23:54:01.477+0000] {processor.py:925} INFO - DAG(s) 'example_xcom_args_with_operators', 'example_xcom_args' retrieved from /home/airflow/.local/lib/python3.12/site-packages/airflow/example_dags/example_xcomargs.py
[2025-03-08T23:54:01.497+0000] {logging_mixin.py:190} INFO - [2025-03-08T23:54:01.497+0000] {dag.py:3239} INFO - Sync 2 DAGs
[2025-03-08T23:54:01.508+0000] {logging_mixin.py:190} INFO - [2025-03-08T23:54:01.508+0000] {dag.py:4180} INFO - Setting next_dagrun for example_xcom_args to None, run_after=None
[2025-03-08T23:54:01.511+0000] {logging_mixin.py:190} INFO - [2025-03-08T23:54:01.511+0000] {dag.py:4180} INFO - Setting next_dagrun for example_xcom_args_with_operators to None, run_after=None
[2025-03-08T23:54:01.526+0000] {processor.py:208} INFO - Processing /home/airflow/.local/lib/python3.12/site-packages/airflow/example_dags/example_xcomargs.py took 0.067 seconds
[2025-03-08T23:54:32.740+0000] {processor.py:186} INFO - Started process (PID=2202) to work on /home/airflow/.local/lib/python3.12/site-packages/airflow/example_dags/example_xcomargs.py
[2025-03-08T23:54:32.741+0000] {processor.py:914} INFO - Processing file /home/airflow/.local/lib/python3.12/site-packages/airflow/example_dags/example_xcomargs.py for tasks to queue
[2025-03-08T23:54:32.742+0000] {logging_mixin.py:190} INFO - [2025-03-08T23:54:32.742+0000] {dagbag.py:588} INFO - Filling up the DagBag from /home/airflow/.local/lib/python3.12/site-packages/airflow/example_dags/example_xcomargs.py
[2025-03-08T23:54:32.750+0000] {processor.py:925} INFO - DAG(s) 'example_xcom_args_with_operators', 'example_xcom_args' retrieved from /home/airflow/.local/lib/python3.12/site-packages/airflow/example_dags/example_xcomargs.py
[2025-03-08T23:54:32.769+0000] {logging_mixin.py:190} INFO - [2025-03-08T23:54:32.769+0000] {dag.py:3239} INFO - Sync 2 DAGs
[2025-03-08T23:54:32.781+0000] {logging_mixin.py:190} INFO - [2025-03-08T23:54:32.781+0000] {dag.py:4180} INFO - Setting next_dagrun for example_xcom_args to None, run_after=None
[2025-03-08T23:54:32.785+0000] {logging_mixin.py:190} INFO - [2025-03-08T23:54:32.784+0000] {dag.py:4180} INFO - Setting next_dagrun for example_xcom_args_with_operators to None, run_after=None
[2025-03-08T23:54:32.799+0000] {processor.py:208} INFO - Processing /home/airflow/.local/lib/python3.12/site-packages/airflow/example_dags/example_xcomargs.py took 0.063 seconds
[2025-03-08T23:55:03.328+0000] {processor.py:186} INFO - Started process (PID=2265) to work on /home/airflow/.local/lib/python3.12/site-packages/airflow/example_dags/example_xcomargs.py
[2025-03-08T23:55:03.329+0000] {processor.py:914} INFO - Processing file /home/airflow/.local/lib/python3.12/site-packages/airflow/example_dags/example_xcomargs.py for tasks to queue
[2025-03-08T23:55:03.331+0000] {logging_mixin.py:190} INFO - [2025-03-08T23:55:03.330+0000] {dagbag.py:588} INFO - Filling up the DagBag from /home/airflow/.local/lib/python3.12/site-packages/airflow/example_dags/example_xcomargs.py
[2025-03-08T23:55:03.339+0000] {processor.py:925} INFO - DAG(s) 'example_xcom_args', 'example_xcom_args_with_operators' retrieved from /home/airflow/.local/lib/python3.12/site-packages/airflow/example_dags/example_xcomargs.py
[2025-03-08T23:55:03.357+0000] {logging_mixin.py:190} INFO - [2025-03-08T23:55:03.357+0000] {dag.py:3239} INFO - Sync 2 DAGs
[2025-03-08T23:55:03.369+0000] {logging_mixin.py:190} INFO - [2025-03-08T23:55:03.369+0000] {dag.py:4180} INFO - Setting next_dagrun for example_xcom_args to None, run_after=None
[2025-03-08T23:55:03.372+0000] {logging_mixin.py:190} INFO - [2025-03-08T23:55:03.372+0000] {dag.py:4180} INFO - Setting next_dagrun for example_xcom_args_with_operators to None, run_after=None
[2025-03-08T23:55:03.384+0000] {processor.py:208} INFO - Processing /home/airflow/.local/lib/python3.12/site-packages/airflow/example_dags/example_xcomargs.py took 0.061 seconds
[2025-03-08T23:55:34.686+0000] {processor.py:186} INFO - Started process (PID=2328) to work on /home/airflow/.local/lib/python3.12/site-packages/airflow/example_dags/example_xcomargs.py
[2025-03-08T23:55:34.687+0000] {processor.py:914} INFO - Processing file /home/airflow/.local/lib/python3.12/site-packages/airflow/example_dags/example_xcomargs.py for tasks to queue
[2025-03-08T23:55:34.689+0000] {logging_mixin.py:190} INFO - [2025-03-08T23:55:34.689+0000] {dagbag.py:588} INFO - Filling up the DagBag from /home/airflow/.local/lib/python3.12/site-packages/airflow/example_dags/example_xcomargs.py
[2025-03-08T23:55:34.696+0000] {processor.py:925} INFO - DAG(s) 'example_xcom_args_with_operators', 'example_xcom_args' retrieved from /home/airflow/.local/lib/python3.12/site-packages/airflow/example_dags/example_xcomargs.py
[2025-03-08T23:55:34.713+0000] {logging_mixin.py:190} INFO - [2025-03-08T23:55:34.713+0000] {dag.py:3239} INFO - Sync 2 DAGs
[2025-03-08T23:55:34.723+0000] {logging_mixin.py:190} INFO - [2025-03-08T23:55:34.723+0000] {dag.py:4180} INFO - Setting next_dagrun for example_xcom_args to None, run_after=None
[2025-03-08T23:55:34.727+0000] {logging_mixin.py:190} INFO - [2025-03-08T23:55:34.726+0000] {dag.py:4180} INFO - Setting next_dagrun for example_xcom_args_with_operators to None, run_after=None
[2025-03-08T23:55:34.739+0000] {processor.py:208} INFO - Processing /home/airflow/.local/lib/python3.12/site-packages/airflow/example_dags/example_xcomargs.py took 0.058 seconds
[2025-03-08T23:56:05.941+0000] {processor.py:186} INFO - Started process (PID=2391) to work on /home/airflow/.local/lib/python3.12/site-packages/airflow/example_dags/example_xcomargs.py
[2025-03-08T23:56:05.941+0000] {processor.py:914} INFO - Processing file /home/airflow/.local/lib/python3.12/site-packages/airflow/example_dags/example_xcomargs.py for tasks to queue
[2025-03-08T23:56:05.943+0000] {logging_mixin.py:190} INFO - [2025-03-08T23:56:05.943+0000] {dagbag.py:588} INFO - Filling up the DagBag from /home/airflow/.local/lib/python3.12/site-packages/airflow/example_dags/example_xcomargs.py
[2025-03-08T23:56:05.950+0000] {processor.py:925} INFO - DAG(s) 'example_xcom_args_with_operators', 'example_xcom_args' retrieved from /home/airflow/.local/lib/python3.12/site-packages/airflow/example_dags/example_xcomargs.py
[2025-03-08T23:56:05.969+0000] {logging_mixin.py:190} INFO - [2025-03-08T23:56:05.968+0000] {dag.py:3239} INFO - Sync 2 DAGs
[2025-03-08T23:56:05.979+0000] {logging_mixin.py:190} INFO - [2025-03-08T23:56:05.979+0000] {dag.py:4180} INFO - Setting next_dagrun for example_xcom_args to None, run_after=None
[2025-03-08T23:56:05.982+0000] {logging_mixin.py:190} INFO - [2025-03-08T23:56:05.981+0000] {dag.py:4180} INFO - Setting next_dagrun for example_xcom_args_with_operators to None, run_after=None
[2025-03-08T23:56:05.994+0000] {processor.py:208} INFO - Processing /home/airflow/.local/lib/python3.12/site-packages/airflow/example_dags/example_xcomargs.py took 0.058 seconds
[2025-03-08T23:56:37.670+0000] {processor.py:186} INFO - Started process (PID=2454) to work on /home/airflow/.local/lib/python3.12/site-packages/airflow/example_dags/example_xcomargs.py
[2025-03-08T23:56:37.671+0000] {processor.py:914} INFO - Processing file /home/airflow/.local/lib/python3.12/site-packages/airflow/example_dags/example_xcomargs.py for tasks to queue
[2025-03-08T23:56:37.673+0000] {logging_mixin.py:190} INFO - [2025-03-08T23:56:37.673+0000] {dagbag.py:588} INFO - Filling up the DagBag from /home/airflow/.local/lib/python3.12/site-packages/airflow/example_dags/example_xcomargs.py
[2025-03-08T23:56:37.680+0000] {processor.py:925} INFO - DAG(s) 'example_xcom_args_with_operators', 'example_xcom_args' retrieved from /home/airflow/.local/lib/python3.12/site-packages/airflow/example_dags/example_xcomargs.py
[2025-03-08T23:56:37.699+0000] {logging_mixin.py:190} INFO - [2025-03-08T23:56:37.699+0000] {dag.py:3239} INFO - Sync 2 DAGs
[2025-03-08T23:56:37.712+0000] {logging_mixin.py:190} INFO - [2025-03-08T23:56:37.712+0000] {dag.py:4180} INFO - Setting next_dagrun for example_xcom_args to None, run_after=None
[2025-03-08T23:56:37.715+0000] {logging_mixin.py:190} INFO - [2025-03-08T23:56:37.715+0000] {dag.py:4180} INFO - Setting next_dagrun for example_xcom_args_with_operators to None, run_after=None
[2025-03-08T23:56:37.729+0000] {processor.py:208} INFO - Processing /home/airflow/.local/lib/python3.12/site-packages/airflow/example_dags/example_xcomargs.py took 0.063 seconds
[2025-03-08T23:57:08.331+0000] {processor.py:186} INFO - Started process (PID=2517) to work on /home/airflow/.local/lib/python3.12/site-packages/airflow/example_dags/example_xcomargs.py
[2025-03-08T23:57:08.332+0000] {processor.py:914} INFO - Processing file /home/airflow/.local/lib/python3.12/site-packages/airflow/example_dags/example_xcomargs.py for tasks to queue
[2025-03-08T23:57:08.334+0000] {logging_mixin.py:190} INFO - [2025-03-08T23:57:08.334+0000] {dagbag.py:588} INFO - Filling up the DagBag from /home/airflow/.local/lib/python3.12/site-packages/airflow/example_dags/example_xcomargs.py
[2025-03-08T23:57:08.344+0000] {processor.py:925} INFO - DAG(s) 'example_xcom_args', 'example_xcom_args_with_operators' retrieved from /home/airflow/.local/lib/python3.12/site-packages/airflow/example_dags/example_xcomargs.py
[2025-03-08T23:57:08.363+0000] {logging_mixin.py:190} INFO - [2025-03-08T23:57:08.363+0000] {dag.py:3239} INFO - Sync 2 DAGs
[2025-03-08T23:57:08.377+0000] {logging_mixin.py:190} INFO - [2025-03-08T23:57:08.376+0000] {dag.py:4180} INFO - Setting next_dagrun for example_xcom_args to None, run_after=None
[2025-03-08T23:57:08.381+0000] {logging_mixin.py:190} INFO - [2025-03-08T23:57:08.381+0000] {dag.py:4180} INFO - Setting next_dagrun for example_xcom_args_with_operators to None, run_after=None
[2025-03-08T23:57:08.397+0000] {processor.py:208} INFO - Processing /home/airflow/.local/lib/python3.12/site-packages/airflow/example_dags/example_xcomargs.py took 0.071 seconds
[2025-03-08T23:57:39.364+0000] {processor.py:186} INFO - Started process (PID=2580) to work on /home/airflow/.local/lib/python3.12/site-packages/airflow/example_dags/example_xcomargs.py
[2025-03-08T23:57:39.365+0000] {processor.py:914} INFO - Processing file /home/airflow/.local/lib/python3.12/site-packages/airflow/example_dags/example_xcomargs.py for tasks to queue
[2025-03-08T23:57:39.366+0000] {logging_mixin.py:190} INFO - [2025-03-08T23:57:39.366+0000] {dagbag.py:588} INFO - Filling up the DagBag from /home/airflow/.local/lib/python3.12/site-packages/airflow/example_dags/example_xcomargs.py
[2025-03-08T23:57:39.372+0000] {processor.py:925} INFO - DAG(s) 'example_xcom_args_with_operators', 'example_xcom_args' retrieved from /home/airflow/.local/lib/python3.12/site-packages/airflow/example_dags/example_xcomargs.py
[2025-03-08T23:57:39.392+0000] {logging_mixin.py:190} INFO - [2025-03-08T23:57:39.392+0000] {dag.py:3239} INFO - Sync 2 DAGs
[2025-03-08T23:57:39.405+0000] {logging_mixin.py:190} INFO - [2025-03-08T23:57:39.405+0000] {dag.py:4180} INFO - Setting next_dagrun for example_xcom_args to None, run_after=None
[2025-03-08T23:57:39.408+0000] {logging_mixin.py:190} INFO - [2025-03-08T23:57:39.408+0000] {dag.py:4180} INFO - Setting next_dagrun for example_xcom_args_with_operators to None, run_after=None
[2025-03-08T23:57:39.422+0000] {processor.py:208} INFO - Processing /home/airflow/.local/lib/python3.12/site-packages/airflow/example_dags/example_xcomargs.py took 0.062 seconds
[2025-03-08T23:58:11.202+0000] {processor.py:186} INFO - Started process (PID=2644) to work on /home/airflow/.local/lib/python3.12/site-packages/airflow/example_dags/example_xcomargs.py
[2025-03-08T23:58:11.203+0000] {processor.py:914} INFO - Processing file /home/airflow/.local/lib/python3.12/site-packages/airflow/example_dags/example_xcomargs.py for tasks to queue
[2025-03-08T23:58:11.205+0000] {logging_mixin.py:190} INFO - [2025-03-08T23:58:11.204+0000] {dagbag.py:588} INFO - Filling up the DagBag from /home/airflow/.local/lib/python3.12/site-packages/airflow/example_dags/example_xcomargs.py
[2025-03-08T23:58:11.211+0000] {processor.py:925} INFO - DAG(s) 'example_xcom_args', 'example_xcom_args_with_operators' retrieved from /home/airflow/.local/lib/python3.12/site-packages/airflow/example_dags/example_xcomargs.py
[2025-03-08T23:58:11.228+0000] {logging_mixin.py:190} INFO - [2025-03-08T23:58:11.228+0000] {dag.py:3239} INFO - Sync 2 DAGs
[2025-03-08T23:58:11.238+0000] {logging_mixin.py:190} INFO - [2025-03-08T23:58:11.238+0000] {dag.py:4180} INFO - Setting next_dagrun for example_xcom_args to None, run_after=None
[2025-03-08T23:58:11.241+0000] {logging_mixin.py:190} INFO - [2025-03-08T23:58:11.241+0000] {dag.py:4180} INFO - Setting next_dagrun for example_xcom_args_with_operators to None, run_after=None
[2025-03-08T23:58:11.252+0000] {processor.py:208} INFO - Processing /home/airflow/.local/lib/python3.12/site-packages/airflow/example_dags/example_xcomargs.py took 0.054 seconds
