[2025-03-08T22:35:43.485+0000] {processor.py:186} INFO - Started process (PID=66) to work on /home/airflow/.local/lib/python3.12/site-packages/airflow/example_dags/example_setup_teardown_taskflow.py
[2025-03-08T22:35:43.486+0000] {processor.py:914} INFO - Processing file /home/airflow/.local/lib/python3.12/site-packages/airflow/example_dags/example_setup_teardown_taskflow.py for tasks to queue
[2025-03-08T22:35:43.487+0000] {logging_mixin.py:190} INFO - [2025-03-08T22:35:43.487+0000] {dagbag.py:588} INFO - Filling up the DagBag from /home/airflow/.local/lib/python3.12/site-packages/airflow/example_dags/example_setup_teardown_taskflow.py
[2025-03-08T22:35:43.496+0000] {processor.py:925} INFO - DAG(s) 'example_setup_teardown_taskflow' retrieved from /home/airflow/.local/lib/python3.12/site-packages/airflow/example_dags/example_setup_teardown_taskflow.py
[2025-03-08T22:35:43.598+0000] {logging_mixin.py:190} INFO - [2025-03-08T22:35:43.597+0000] {override.py:1912} INFO - Created Permission View: can edit on DAG:example_setup_teardown_taskflow
[2025-03-08T22:35:43.607+0000] {logging_mixin.py:190} INFO - [2025-03-08T22:35:43.606+0000] {override.py:1912} INFO - Created Permission View: can read on DAG:example_setup_teardown_taskflow
[2025-03-08T22:35:43.612+0000] {logging_mixin.py:190} INFO - [2025-03-08T22:35:43.612+0000] {override.py:1912} INFO - Created Permission View: can delete on DAG:example_setup_teardown_taskflow
[2025-03-08T22:35:43.619+0000] {logging_mixin.py:190} INFO - [2025-03-08T22:35:43.619+0000] {override.py:1912} INFO - Created Permission View: menu access on DAG Run:example_setup_teardown_taskflow
[2025-03-08T22:35:43.626+0000] {logging_mixin.py:190} INFO - [2025-03-08T22:35:43.626+0000] {override.py:1912} INFO - Created Permission View: can delete on DAG Run:example_setup_teardown_taskflow
[2025-03-08T22:35:43.634+0000] {logging_mixin.py:190} INFO - [2025-03-08T22:35:43.634+0000] {override.py:1912} INFO - Created Permission View: can read on DAG Run:example_setup_teardown_taskflow
[2025-03-08T22:35:43.640+0000] {logging_mixin.py:190} INFO - [2025-03-08T22:35:43.640+0000] {override.py:1912} INFO - Created Permission View: can create on DAG Run:example_setup_teardown_taskflow
[2025-03-08T22:35:43.641+0000] {logging_mixin.py:190} INFO - [2025-03-08T22:35:43.641+0000] {dag.py:3239} INFO - Sync 1 DAGs
[2025-03-08T22:35:43.654+0000] {logging_mixin.py:190} INFO - [2025-03-08T22:35:43.654+0000] {dag.py:3262} INFO - Creating ORM DAG for example_setup_teardown_taskflow
[2025-03-08T22:35:43.654+0000] {logging_mixin.py:190} INFO - [2025-03-08T22:35:43.654+0000] {dag.py:4180} INFO - Setting next_dagrun for example_setup_teardown_taskflow to None, run_after=None
[2025-03-08T22:35:43.669+0000] {processor.py:208} INFO - Processing /home/airflow/.local/lib/python3.12/site-packages/airflow/example_dags/example_setup_teardown_taskflow.py took 0.188 seconds
[2025-03-08T22:36:14.073+0000] {processor.py:186} INFO - Started process (PID=128) to work on /home/airflow/.local/lib/python3.12/site-packages/airflow/example_dags/example_setup_teardown_taskflow.py
[2025-03-08T22:36:14.073+0000] {processor.py:914} INFO - Processing file /home/airflow/.local/lib/python3.12/site-packages/airflow/example_dags/example_setup_teardown_taskflow.py for tasks to queue
[2025-03-08T22:36:14.075+0000] {logging_mixin.py:190} INFO - [2025-03-08T22:36:14.074+0000] {dagbag.py:588} INFO - Filling up the DagBag from /home/airflow/.local/lib/python3.12/site-packages/airflow/example_dags/example_setup_teardown_taskflow.py
[2025-03-08T22:36:14.081+0000] {processor.py:925} INFO - DAG(s) 'example_setup_teardown_taskflow' retrieved from /home/airflow/.local/lib/python3.12/site-packages/airflow/example_dags/example_setup_teardown_taskflow.py
[2025-03-08T22:36:14.097+0000] {logging_mixin.py:190} INFO - [2025-03-08T22:36:14.097+0000] {dag.py:3239} INFO - Sync 1 DAGs
[2025-03-08T22:36:14.107+0000] {logging_mixin.py:190} INFO - [2025-03-08T22:36:14.107+0000] {dag.py:4180} INFO - Setting next_dagrun for example_setup_teardown_taskflow to None, run_after=None
[2025-03-08T22:36:14.125+0000] {processor.py:208} INFO - Processing /home/airflow/.local/lib/python3.12/site-packages/airflow/example_dags/example_setup_teardown_taskflow.py took 0.056 seconds
[2025-03-08T22:36:44.830+0000] {processor.py:186} INFO - Started process (PID=191) to work on /home/airflow/.local/lib/python3.12/site-packages/airflow/example_dags/example_setup_teardown_taskflow.py
[2025-03-08T22:36:44.830+0000] {processor.py:914} INFO - Processing file /home/airflow/.local/lib/python3.12/site-packages/airflow/example_dags/example_setup_teardown_taskflow.py for tasks to queue
[2025-03-08T22:36:44.832+0000] {logging_mixin.py:190} INFO - [2025-03-08T22:36:44.832+0000] {dagbag.py:588} INFO - Filling up the DagBag from /home/airflow/.local/lib/python3.12/site-packages/airflow/example_dags/example_setup_teardown_taskflow.py
[2025-03-08T22:36:44.840+0000] {processor.py:925} INFO - DAG(s) 'example_setup_teardown_taskflow' retrieved from /home/airflow/.local/lib/python3.12/site-packages/airflow/example_dags/example_setup_teardown_taskflow.py
[2025-03-08T22:36:44.861+0000] {logging_mixin.py:190} INFO - [2025-03-08T22:36:44.861+0000] {dag.py:3239} INFO - Sync 1 DAGs
[2025-03-08T22:36:44.875+0000] {logging_mixin.py:190} INFO - [2025-03-08T22:36:44.874+0000] {dag.py:4180} INFO - Setting next_dagrun for example_setup_teardown_taskflow to None, run_after=None
[2025-03-08T22:36:44.890+0000] {processor.py:208} INFO - Processing /home/airflow/.local/lib/python3.12/site-packages/airflow/example_dags/example_setup_teardown_taskflow.py took 0.064 seconds
[2025-03-08T22:37:15.545+0000] {processor.py:186} INFO - Started process (PID=254) to work on /home/airflow/.local/lib/python3.12/site-packages/airflow/example_dags/example_setup_teardown_taskflow.py
[2025-03-08T22:37:15.546+0000] {processor.py:914} INFO - Processing file /home/airflow/.local/lib/python3.12/site-packages/airflow/example_dags/example_setup_teardown_taskflow.py for tasks to queue
[2025-03-08T22:37:15.547+0000] {logging_mixin.py:190} INFO - [2025-03-08T22:37:15.547+0000] {dagbag.py:588} INFO - Filling up the DagBag from /home/airflow/.local/lib/python3.12/site-packages/airflow/example_dags/example_setup_teardown_taskflow.py
[2025-03-08T22:37:15.554+0000] {processor.py:925} INFO - DAG(s) 'example_setup_teardown_taskflow' retrieved from /home/airflow/.local/lib/python3.12/site-packages/airflow/example_dags/example_setup_teardown_taskflow.py
[2025-03-08T22:37:15.569+0000] {logging_mixin.py:190} INFO - [2025-03-08T22:37:15.569+0000] {dag.py:3239} INFO - Sync 1 DAGs
[2025-03-08T22:37:15.579+0000] {logging_mixin.py:190} INFO - [2025-03-08T22:37:15.578+0000] {dag.py:4180} INFO - Setting next_dagrun for example_setup_teardown_taskflow to None, run_after=None
[2025-03-08T22:37:15.592+0000] {processor.py:208} INFO - Processing /home/airflow/.local/lib/python3.12/site-packages/airflow/example_dags/example_setup_teardown_taskflow.py took 0.050 seconds
[2025-03-08T22:37:46.156+0000] {processor.py:186} INFO - Started process (PID=317) to work on /home/airflow/.local/lib/python3.12/site-packages/airflow/example_dags/example_setup_teardown_taskflow.py
[2025-03-08T22:37:46.157+0000] {processor.py:914} INFO - Processing file /home/airflow/.local/lib/python3.12/site-packages/airflow/example_dags/example_setup_teardown_taskflow.py for tasks to queue
[2025-03-08T22:37:46.159+0000] {logging_mixin.py:190} INFO - [2025-03-08T22:37:46.158+0000] {dagbag.py:588} INFO - Filling up the DagBag from /home/airflow/.local/lib/python3.12/site-packages/airflow/example_dags/example_setup_teardown_taskflow.py
[2025-03-08T22:37:46.165+0000] {processor.py:925} INFO - DAG(s) 'example_setup_teardown_taskflow' retrieved from /home/airflow/.local/lib/python3.12/site-packages/airflow/example_dags/example_setup_teardown_taskflow.py
[2025-03-08T22:37:46.184+0000] {logging_mixin.py:190} INFO - [2025-03-08T22:37:46.183+0000] {dag.py:3239} INFO - Sync 1 DAGs
[2025-03-08T22:37:46.193+0000] {logging_mixin.py:190} INFO - [2025-03-08T22:37:46.193+0000] {dag.py:4180} INFO - Setting next_dagrun for example_setup_teardown_taskflow to None, run_after=None
[2025-03-08T22:37:46.209+0000] {processor.py:208} INFO - Processing /home/airflow/.local/lib/python3.12/site-packages/airflow/example_dags/example_setup_teardown_taskflow.py took 0.056 seconds
[2025-03-08T22:38:16.385+0000] {processor.py:186} INFO - Started process (PID=380) to work on /home/airflow/.local/lib/python3.12/site-packages/airflow/example_dags/example_setup_teardown_taskflow.py
[2025-03-08T22:38:16.386+0000] {processor.py:914} INFO - Processing file /home/airflow/.local/lib/python3.12/site-packages/airflow/example_dags/example_setup_teardown_taskflow.py for tasks to queue
[2025-03-08T22:38:16.387+0000] {logging_mixin.py:190} INFO - [2025-03-08T22:38:16.387+0000] {dagbag.py:588} INFO - Filling up the DagBag from /home/airflow/.local/lib/python3.12/site-packages/airflow/example_dags/example_setup_teardown_taskflow.py
[2025-03-08T22:38:16.394+0000] {processor.py:925} INFO - DAG(s) 'example_setup_teardown_taskflow' retrieved from /home/airflow/.local/lib/python3.12/site-packages/airflow/example_dags/example_setup_teardown_taskflow.py
[2025-03-08T22:38:16.413+0000] {logging_mixin.py:190} INFO - [2025-03-08T22:38:16.413+0000] {dag.py:3239} INFO - Sync 1 DAGs
[2025-03-08T22:38:16.424+0000] {logging_mixin.py:190} INFO - [2025-03-08T22:38:16.424+0000] {dag.py:4180} INFO - Setting next_dagrun for example_setup_teardown_taskflow to None, run_after=None
[2025-03-08T22:38:16.439+0000] {processor.py:208} INFO - Processing /home/airflow/.local/lib/python3.12/site-packages/airflow/example_dags/example_setup_teardown_taskflow.py took 0.058 seconds
[2025-03-08T22:38:46.726+0000] {processor.py:186} INFO - Started process (PID=443) to work on /home/airflow/.local/lib/python3.12/site-packages/airflow/example_dags/example_setup_teardown_taskflow.py
[2025-03-08T22:38:46.726+0000] {processor.py:914} INFO - Processing file /home/airflow/.local/lib/python3.12/site-packages/airflow/example_dags/example_setup_teardown_taskflow.py for tasks to queue
[2025-03-08T22:38:46.727+0000] {logging_mixin.py:190} INFO - [2025-03-08T22:38:46.727+0000] {dagbag.py:588} INFO - Filling up the DagBag from /home/airflow/.local/lib/python3.12/site-packages/airflow/example_dags/example_setup_teardown_taskflow.py
[2025-03-08T22:38:46.734+0000] {processor.py:925} INFO - DAG(s) 'example_setup_teardown_taskflow' retrieved from /home/airflow/.local/lib/python3.12/site-packages/airflow/example_dags/example_setup_teardown_taskflow.py
[2025-03-08T22:38:46.749+0000] {logging_mixin.py:190} INFO - [2025-03-08T22:38:46.749+0000] {dag.py:3239} INFO - Sync 1 DAGs
[2025-03-08T22:38:46.759+0000] {logging_mixin.py:190} INFO - [2025-03-08T22:38:46.759+0000] {dag.py:4180} INFO - Setting next_dagrun for example_setup_teardown_taskflow to None, run_after=None
[2025-03-08T22:38:46.773+0000] {processor.py:208} INFO - Processing /home/airflow/.local/lib/python3.12/site-packages/airflow/example_dags/example_setup_teardown_taskflow.py took 0.051 seconds
[2025-03-08T22:39:17.225+0000] {processor.py:186} INFO - Started process (PID=506) to work on /home/airflow/.local/lib/python3.12/site-packages/airflow/example_dags/example_setup_teardown_taskflow.py
[2025-03-08T22:39:17.226+0000] {processor.py:914} INFO - Processing file /home/airflow/.local/lib/python3.12/site-packages/airflow/example_dags/example_setup_teardown_taskflow.py for tasks to queue
[2025-03-08T22:39:17.228+0000] {logging_mixin.py:190} INFO - [2025-03-08T22:39:17.228+0000] {dagbag.py:588} INFO - Filling up the DagBag from /home/airflow/.local/lib/python3.12/site-packages/airflow/example_dags/example_setup_teardown_taskflow.py
[2025-03-08T22:39:17.236+0000] {processor.py:925} INFO - DAG(s) 'example_setup_teardown_taskflow' retrieved from /home/airflow/.local/lib/python3.12/site-packages/airflow/example_dags/example_setup_teardown_taskflow.py
[2025-03-08T22:39:17.254+0000] {logging_mixin.py:190} INFO - [2025-03-08T22:39:17.254+0000] {dag.py:3239} INFO - Sync 1 DAGs
[2025-03-08T22:39:17.264+0000] {logging_mixin.py:190} INFO - [2025-03-08T22:39:17.264+0000] {dag.py:4180} INFO - Setting next_dagrun for example_setup_teardown_taskflow to None, run_after=None
[2025-03-08T22:39:17.283+0000] {processor.py:208} INFO - Processing /home/airflow/.local/lib/python3.12/site-packages/airflow/example_dags/example_setup_teardown_taskflow.py took 0.065 seconds
[2025-03-08T23:37:24.412+0000] {processor.py:186} INFO - Started process (PID=66) to work on /home/airflow/.local/lib/python3.12/site-packages/airflow/example_dags/example_setup_teardown_taskflow.py
[2025-03-08T23:37:24.413+0000] {processor.py:914} INFO - Processing file /home/airflow/.local/lib/python3.12/site-packages/airflow/example_dags/example_setup_teardown_taskflow.py for tasks to queue
[2025-03-08T23:37:24.416+0000] {logging_mixin.py:190} INFO - [2025-03-08T23:37:24.416+0000] {dagbag.py:588} INFO - Filling up the DagBag from /home/airflow/.local/lib/python3.12/site-packages/airflow/example_dags/example_setup_teardown_taskflow.py
[2025-03-08T23:37:24.428+0000] {processor.py:925} INFO - DAG(s) 'example_setup_teardown_taskflow' retrieved from /home/airflow/.local/lib/python3.12/site-packages/airflow/example_dags/example_setup_teardown_taskflow.py
[2025-03-08T23:37:24.457+0000] {logging_mixin.py:190} INFO - [2025-03-08T23:37:24.457+0000] {dag.py:3239} INFO - Sync 1 DAGs
[2025-03-08T23:37:24.471+0000] {logging_mixin.py:190} INFO - [2025-03-08T23:37:24.471+0000] {dag.py:4180} INFO - Setting next_dagrun for example_setup_teardown_taskflow to None, run_after=None
[2025-03-08T23:37:24.490+0000] {processor.py:208} INFO - Processing /home/airflow/.local/lib/python3.12/site-packages/airflow/example_dags/example_setup_teardown_taskflow.py took 0.086 seconds
[2025-03-08T23:37:54.666+0000] {processor.py:186} INFO - Started process (PID=128) to work on /home/airflow/.local/lib/python3.12/site-packages/airflow/example_dags/example_setup_teardown_taskflow.py
[2025-03-08T23:37:54.667+0000] {processor.py:914} INFO - Processing file /home/airflow/.local/lib/python3.12/site-packages/airflow/example_dags/example_setup_teardown_taskflow.py for tasks to queue
[2025-03-08T23:37:54.669+0000] {logging_mixin.py:190} INFO - [2025-03-08T23:37:54.669+0000] {dagbag.py:588} INFO - Filling up the DagBag from /home/airflow/.local/lib/python3.12/site-packages/airflow/example_dags/example_setup_teardown_taskflow.py
[2025-03-08T23:37:54.676+0000] {processor.py:925} INFO - DAG(s) 'example_setup_teardown_taskflow' retrieved from /home/airflow/.local/lib/python3.12/site-packages/airflow/example_dags/example_setup_teardown_taskflow.py
[2025-03-08T23:37:54.695+0000] {logging_mixin.py:190} INFO - [2025-03-08T23:37:54.694+0000] {dag.py:3239} INFO - Sync 1 DAGs
[2025-03-08T23:37:54.706+0000] {logging_mixin.py:190} INFO - [2025-03-08T23:37:54.706+0000] {dag.py:4180} INFO - Setting next_dagrun for example_setup_teardown_taskflow to None, run_after=None
[2025-03-08T23:37:54.722+0000] {processor.py:208} INFO - Processing /home/airflow/.local/lib/python3.12/site-packages/airflow/example_dags/example_setup_teardown_taskflow.py took 0.060 seconds
[2025-03-08T23:38:25.095+0000] {processor.py:186} INFO - Started process (PID=191) to work on /home/airflow/.local/lib/python3.12/site-packages/airflow/example_dags/example_setup_teardown_taskflow.py
[2025-03-08T23:38:25.096+0000] {processor.py:914} INFO - Processing file /home/airflow/.local/lib/python3.12/site-packages/airflow/example_dags/example_setup_teardown_taskflow.py for tasks to queue
[2025-03-08T23:38:25.098+0000] {logging_mixin.py:190} INFO - [2025-03-08T23:38:25.098+0000] {dagbag.py:588} INFO - Filling up the DagBag from /home/airflow/.local/lib/python3.12/site-packages/airflow/example_dags/example_setup_teardown_taskflow.py
[2025-03-08T23:38:25.105+0000] {processor.py:925} INFO - DAG(s) 'example_setup_teardown_taskflow' retrieved from /home/airflow/.local/lib/python3.12/site-packages/airflow/example_dags/example_setup_teardown_taskflow.py
[2025-03-08T23:38:25.121+0000] {logging_mixin.py:190} INFO - [2025-03-08T23:38:25.121+0000] {dag.py:3239} INFO - Sync 1 DAGs
[2025-03-08T23:38:25.132+0000] {logging_mixin.py:190} INFO - [2025-03-08T23:38:25.131+0000] {dag.py:4180} INFO - Setting next_dagrun for example_setup_teardown_taskflow to None, run_after=None
[2025-03-08T23:38:25.147+0000] {processor.py:208} INFO - Processing /home/airflow/.local/lib/python3.12/site-packages/airflow/example_dags/example_setup_teardown_taskflow.py took 0.056 seconds
[2025-03-08T23:38:55.601+0000] {processor.py:186} INFO - Started process (PID=254) to work on /home/airflow/.local/lib/python3.12/site-packages/airflow/example_dags/example_setup_teardown_taskflow.py
[2025-03-08T23:38:55.601+0000] {processor.py:914} INFO - Processing file /home/airflow/.local/lib/python3.12/site-packages/airflow/example_dags/example_setup_teardown_taskflow.py for tasks to queue
[2025-03-08T23:38:55.603+0000] {logging_mixin.py:190} INFO - [2025-03-08T23:38:55.603+0000] {dagbag.py:588} INFO - Filling up the DagBag from /home/airflow/.local/lib/python3.12/site-packages/airflow/example_dags/example_setup_teardown_taskflow.py
[2025-03-08T23:38:55.610+0000] {processor.py:925} INFO - DAG(s) 'example_setup_teardown_taskflow' retrieved from /home/airflow/.local/lib/python3.12/site-packages/airflow/example_dags/example_setup_teardown_taskflow.py
[2025-03-08T23:38:55.628+0000] {logging_mixin.py:190} INFO - [2025-03-08T23:38:55.628+0000] {dag.py:3239} INFO - Sync 1 DAGs
[2025-03-08T23:38:55.638+0000] {logging_mixin.py:190} INFO - [2025-03-08T23:38:55.638+0000] {dag.py:4180} INFO - Setting next_dagrun for example_setup_teardown_taskflow to None, run_after=None
[2025-03-08T23:38:55.655+0000] {processor.py:208} INFO - Processing /home/airflow/.local/lib/python3.12/site-packages/airflow/example_dags/example_setup_teardown_taskflow.py took 0.058 seconds
[2025-03-08T23:39:25.956+0000] {processor.py:186} INFO - Started process (PID=317) to work on /home/airflow/.local/lib/python3.12/site-packages/airflow/example_dags/example_setup_teardown_taskflow.py
[2025-03-08T23:39:25.957+0000] {processor.py:914} INFO - Processing file /home/airflow/.local/lib/python3.12/site-packages/airflow/example_dags/example_setup_teardown_taskflow.py for tasks to queue
[2025-03-08T23:39:25.959+0000] {logging_mixin.py:190} INFO - [2025-03-08T23:39:25.958+0000] {dagbag.py:588} INFO - Filling up the DagBag from /home/airflow/.local/lib/python3.12/site-packages/airflow/example_dags/example_setup_teardown_taskflow.py
[2025-03-08T23:39:25.965+0000] {processor.py:925} INFO - DAG(s) 'example_setup_teardown_taskflow' retrieved from /home/airflow/.local/lib/python3.12/site-packages/airflow/example_dags/example_setup_teardown_taskflow.py
[2025-03-08T23:39:25.981+0000] {logging_mixin.py:190} INFO - [2025-03-08T23:39:25.981+0000] {dag.py:3239} INFO - Sync 1 DAGs
[2025-03-08T23:39:25.990+0000] {logging_mixin.py:190} INFO - [2025-03-08T23:39:25.990+0000] {dag.py:4180} INFO - Setting next_dagrun for example_setup_teardown_taskflow to None, run_after=None
[2025-03-08T23:39:26.005+0000] {processor.py:208} INFO - Processing /home/airflow/.local/lib/python3.12/site-packages/airflow/example_dags/example_setup_teardown_taskflow.py took 0.052 seconds
[2025-03-08T23:39:56.289+0000] {processor.py:186} INFO - Started process (PID=380) to work on /home/airflow/.local/lib/python3.12/site-packages/airflow/example_dags/example_setup_teardown_taskflow.py
[2025-03-08T23:39:56.290+0000] {processor.py:914} INFO - Processing file /home/airflow/.local/lib/python3.12/site-packages/airflow/example_dags/example_setup_teardown_taskflow.py for tasks to queue
[2025-03-08T23:39:56.291+0000] {logging_mixin.py:190} INFO - [2025-03-08T23:39:56.291+0000] {dagbag.py:588} INFO - Filling up the DagBag from /home/airflow/.local/lib/python3.12/site-packages/airflow/example_dags/example_setup_teardown_taskflow.py
[2025-03-08T23:39:56.298+0000] {processor.py:925} INFO - DAG(s) 'example_setup_teardown_taskflow' retrieved from /home/airflow/.local/lib/python3.12/site-packages/airflow/example_dags/example_setup_teardown_taskflow.py
[2025-03-08T23:39:56.317+0000] {logging_mixin.py:190} INFO - [2025-03-08T23:39:56.317+0000] {dag.py:3239} INFO - Sync 1 DAGs
[2025-03-08T23:39:56.330+0000] {logging_mixin.py:190} INFO - [2025-03-08T23:39:56.330+0000] {dag.py:4180} INFO - Setting next_dagrun for example_setup_teardown_taskflow to None, run_after=None
[2025-03-08T23:39:56.348+0000] {processor.py:208} INFO - Processing /home/airflow/.local/lib/python3.12/site-packages/airflow/example_dags/example_setup_teardown_taskflow.py took 0.063 seconds
[2025-03-08T23:40:26.612+0000] {processor.py:186} INFO - Started process (PID=443) to work on /home/airflow/.local/lib/python3.12/site-packages/airflow/example_dags/example_setup_teardown_taskflow.py
[2025-03-08T23:40:26.613+0000] {processor.py:914} INFO - Processing file /home/airflow/.local/lib/python3.12/site-packages/airflow/example_dags/example_setup_teardown_taskflow.py for tasks to queue
[2025-03-08T23:40:26.614+0000] {logging_mixin.py:190} INFO - [2025-03-08T23:40:26.614+0000] {dagbag.py:588} INFO - Filling up the DagBag from /home/airflow/.local/lib/python3.12/site-packages/airflow/example_dags/example_setup_teardown_taskflow.py
[2025-03-08T23:40:26.622+0000] {processor.py:925} INFO - DAG(s) 'example_setup_teardown_taskflow' retrieved from /home/airflow/.local/lib/python3.12/site-packages/airflow/example_dags/example_setup_teardown_taskflow.py
[2025-03-08T23:40:26.642+0000] {logging_mixin.py:190} INFO - [2025-03-08T23:40:26.642+0000] {dag.py:3239} INFO - Sync 1 DAGs
[2025-03-08T23:40:26.653+0000] {logging_mixin.py:190} INFO - [2025-03-08T23:40:26.653+0000] {dag.py:4180} INFO - Setting next_dagrun for example_setup_teardown_taskflow to None, run_after=None
[2025-03-08T23:40:26.673+0000] {processor.py:208} INFO - Processing /home/airflow/.local/lib/python3.12/site-packages/airflow/example_dags/example_setup_teardown_taskflow.py took 0.066 seconds
[2025-03-08T23:40:57.395+0000] {processor.py:186} INFO - Started process (PID=506) to work on /home/airflow/.local/lib/python3.12/site-packages/airflow/example_dags/example_setup_teardown_taskflow.py
[2025-03-08T23:40:57.397+0000] {processor.py:914} INFO - Processing file /home/airflow/.local/lib/python3.12/site-packages/airflow/example_dags/example_setup_teardown_taskflow.py for tasks to queue
[2025-03-08T23:40:57.399+0000] {logging_mixin.py:190} INFO - [2025-03-08T23:40:57.399+0000] {dagbag.py:588} INFO - Filling up the DagBag from /home/airflow/.local/lib/python3.12/site-packages/airflow/example_dags/example_setup_teardown_taskflow.py
[2025-03-08T23:40:57.409+0000] {processor.py:925} INFO - DAG(s) 'example_setup_teardown_taskflow' retrieved from /home/airflow/.local/lib/python3.12/site-packages/airflow/example_dags/example_setup_teardown_taskflow.py
[2025-03-08T23:40:57.431+0000] {logging_mixin.py:190} INFO - [2025-03-08T23:40:57.431+0000] {dag.py:3239} INFO - Sync 1 DAGs
[2025-03-08T23:40:57.444+0000] {logging_mixin.py:190} INFO - [2025-03-08T23:40:57.443+0000] {dag.py:4180} INFO - Setting next_dagrun for example_setup_teardown_taskflow to None, run_after=None
[2025-03-08T23:40:57.461+0000] {processor.py:208} INFO - Processing /home/airflow/.local/lib/python3.12/site-packages/airflow/example_dags/example_setup_teardown_taskflow.py took 0.072 seconds
[2025-03-08T23:41:28.368+0000] {processor.py:186} INFO - Started process (PID=575) to work on /home/airflow/.local/lib/python3.12/site-packages/airflow/example_dags/example_setup_teardown_taskflow.py
[2025-03-08T23:41:28.369+0000] {processor.py:914} INFO - Processing file /home/airflow/.local/lib/python3.12/site-packages/airflow/example_dags/example_setup_teardown_taskflow.py for tasks to queue
[2025-03-08T23:41:28.370+0000] {logging_mixin.py:190} INFO - [2025-03-08T23:41:28.370+0000] {dagbag.py:588} INFO - Filling up the DagBag from /home/airflow/.local/lib/python3.12/site-packages/airflow/example_dags/example_setup_teardown_taskflow.py
[2025-03-08T23:41:28.378+0000] {processor.py:925} INFO - DAG(s) 'example_setup_teardown_taskflow' retrieved from /home/airflow/.local/lib/python3.12/site-packages/airflow/example_dags/example_setup_teardown_taskflow.py
[2025-03-08T23:41:28.398+0000] {logging_mixin.py:190} INFO - [2025-03-08T23:41:28.398+0000] {dag.py:3239} INFO - Sync 1 DAGs
[2025-03-08T23:41:28.411+0000] {logging_mixin.py:190} INFO - [2025-03-08T23:41:28.410+0000] {dag.py:4180} INFO - Setting next_dagrun for example_setup_teardown_taskflow to None, run_after=None
[2025-03-08T23:41:28.426+0000] {processor.py:208} INFO - Processing /home/airflow/.local/lib/python3.12/site-packages/airflow/example_dags/example_setup_teardown_taskflow.py took 0.063 seconds
[2025-03-08T23:41:58.881+0000] {processor.py:186} INFO - Started process (PID=638) to work on /home/airflow/.local/lib/python3.12/site-packages/airflow/example_dags/example_setup_teardown_taskflow.py
[2025-03-08T23:41:58.882+0000] {processor.py:914} INFO - Processing file /home/airflow/.local/lib/python3.12/site-packages/airflow/example_dags/example_setup_teardown_taskflow.py for tasks to queue
[2025-03-08T23:41:58.884+0000] {logging_mixin.py:190} INFO - [2025-03-08T23:41:58.884+0000] {dagbag.py:588} INFO - Filling up the DagBag from /home/airflow/.local/lib/python3.12/site-packages/airflow/example_dags/example_setup_teardown_taskflow.py
[2025-03-08T23:41:58.891+0000] {processor.py:925} INFO - DAG(s) 'example_setup_teardown_taskflow' retrieved from /home/airflow/.local/lib/python3.12/site-packages/airflow/example_dags/example_setup_teardown_taskflow.py
[2025-03-08T23:41:58.910+0000] {logging_mixin.py:190} INFO - [2025-03-08T23:41:58.910+0000] {dag.py:3239} INFO - Sync 1 DAGs
[2025-03-08T23:41:58.919+0000] {logging_mixin.py:190} INFO - [2025-03-08T23:41:58.919+0000] {dag.py:4180} INFO - Setting next_dagrun for example_setup_teardown_taskflow to None, run_after=None
[2025-03-08T23:41:58.935+0000] {processor.py:208} INFO - Processing /home/airflow/.local/lib/python3.12/site-packages/airflow/example_dags/example_setup_teardown_taskflow.py took 0.059 seconds
[2025-03-08T23:42:29.370+0000] {processor.py:186} INFO - Started process (PID=701) to work on /home/airflow/.local/lib/python3.12/site-packages/airflow/example_dags/example_setup_teardown_taskflow.py
[2025-03-08T23:42:29.371+0000] {processor.py:914} INFO - Processing file /home/airflow/.local/lib/python3.12/site-packages/airflow/example_dags/example_setup_teardown_taskflow.py for tasks to queue
[2025-03-08T23:42:29.374+0000] {logging_mixin.py:190} INFO - [2025-03-08T23:42:29.373+0000] {dagbag.py:588} INFO - Filling up the DagBag from /home/airflow/.local/lib/python3.12/site-packages/airflow/example_dags/example_setup_teardown_taskflow.py
[2025-03-08T23:42:29.380+0000] {processor.py:925} INFO - DAG(s) 'example_setup_teardown_taskflow' retrieved from /home/airflow/.local/lib/python3.12/site-packages/airflow/example_dags/example_setup_teardown_taskflow.py
[2025-03-08T23:42:29.398+0000] {logging_mixin.py:190} INFO - [2025-03-08T23:42:29.398+0000] {dag.py:3239} INFO - Sync 1 DAGs
[2025-03-08T23:42:29.410+0000] {logging_mixin.py:190} INFO - [2025-03-08T23:42:29.410+0000] {dag.py:4180} INFO - Setting next_dagrun for example_setup_teardown_taskflow to None, run_after=None
[2025-03-08T23:42:29.426+0000] {processor.py:208} INFO - Processing /home/airflow/.local/lib/python3.12/site-packages/airflow/example_dags/example_setup_teardown_taskflow.py took 0.060 seconds
[2025-03-08T23:43:00.064+0000] {processor.py:186} INFO - Started process (PID=765) to work on /home/airflow/.local/lib/python3.12/site-packages/airflow/example_dags/example_setup_teardown_taskflow.py
[2025-03-08T23:43:00.065+0000] {processor.py:914} INFO - Processing file /home/airflow/.local/lib/python3.12/site-packages/airflow/example_dags/example_setup_teardown_taskflow.py for tasks to queue
[2025-03-08T23:43:00.067+0000] {logging_mixin.py:190} INFO - [2025-03-08T23:43:00.067+0000] {dagbag.py:588} INFO - Filling up the DagBag from /home/airflow/.local/lib/python3.12/site-packages/airflow/example_dags/example_setup_teardown_taskflow.py
[2025-03-08T23:43:00.075+0000] {processor.py:925} INFO - DAG(s) 'example_setup_teardown_taskflow' retrieved from /home/airflow/.local/lib/python3.12/site-packages/airflow/example_dags/example_setup_teardown_taskflow.py
[2025-03-08T23:43:00.093+0000] {logging_mixin.py:190} INFO - [2025-03-08T23:43:00.093+0000] {dag.py:3239} INFO - Sync 1 DAGs
[2025-03-08T23:43:00.104+0000] {logging_mixin.py:190} INFO - [2025-03-08T23:43:00.104+0000] {dag.py:4180} INFO - Setting next_dagrun for example_setup_teardown_taskflow to None, run_after=None
[2025-03-08T23:43:00.120+0000] {processor.py:208} INFO - Processing /home/airflow/.local/lib/python3.12/site-packages/airflow/example_dags/example_setup_teardown_taskflow.py took 0.060 seconds
[2025-03-08T23:43:30.338+0000] {processor.py:186} INFO - Started process (PID=828) to work on /home/airflow/.local/lib/python3.12/site-packages/airflow/example_dags/example_setup_teardown_taskflow.py
[2025-03-08T23:43:30.338+0000] {processor.py:914} INFO - Processing file /home/airflow/.local/lib/python3.12/site-packages/airflow/example_dags/example_setup_teardown_taskflow.py for tasks to queue
[2025-03-08T23:43:30.341+0000] {logging_mixin.py:190} INFO - [2025-03-08T23:43:30.340+0000] {dagbag.py:588} INFO - Filling up the DagBag from /home/airflow/.local/lib/python3.12/site-packages/airflow/example_dags/example_setup_teardown_taskflow.py
[2025-03-08T23:43:30.348+0000] {processor.py:925} INFO - DAG(s) 'example_setup_teardown_taskflow' retrieved from /home/airflow/.local/lib/python3.12/site-packages/airflow/example_dags/example_setup_teardown_taskflow.py
[2025-03-08T23:43:30.366+0000] {logging_mixin.py:190} INFO - [2025-03-08T23:43:30.366+0000] {dag.py:3239} INFO - Sync 1 DAGs
[2025-03-08T23:43:30.377+0000] {logging_mixin.py:190} INFO - [2025-03-08T23:43:30.377+0000] {dag.py:4180} INFO - Setting next_dagrun for example_setup_teardown_taskflow to None, run_after=None
[2025-03-08T23:43:30.391+0000] {processor.py:208} INFO - Processing /home/airflow/.local/lib/python3.12/site-packages/airflow/example_dags/example_setup_teardown_taskflow.py took 0.057 seconds
[2025-03-08T23:44:01.005+0000] {processor.py:186} INFO - Started process (PID=891) to work on /home/airflow/.local/lib/python3.12/site-packages/airflow/example_dags/example_setup_teardown_taskflow.py
[2025-03-08T23:44:01.005+0000] {processor.py:914} INFO - Processing file /home/airflow/.local/lib/python3.12/site-packages/airflow/example_dags/example_setup_teardown_taskflow.py for tasks to queue
[2025-03-08T23:44:01.008+0000] {logging_mixin.py:190} INFO - [2025-03-08T23:44:01.008+0000] {dagbag.py:588} INFO - Filling up the DagBag from /home/airflow/.local/lib/python3.12/site-packages/airflow/example_dags/example_setup_teardown_taskflow.py
[2025-03-08T23:44:01.015+0000] {processor.py:925} INFO - DAG(s) 'example_setup_teardown_taskflow' retrieved from /home/airflow/.local/lib/python3.12/site-packages/airflow/example_dags/example_setup_teardown_taskflow.py
[2025-03-08T23:44:01.034+0000] {logging_mixin.py:190} INFO - [2025-03-08T23:44:01.033+0000] {dag.py:3239} INFO - Sync 1 DAGs
[2025-03-08T23:44:01.046+0000] {logging_mixin.py:190} INFO - [2025-03-08T23:44:01.045+0000] {dag.py:4180} INFO - Setting next_dagrun for example_setup_teardown_taskflow to None, run_after=None
[2025-03-08T23:44:01.064+0000] {processor.py:208} INFO - Processing /home/airflow/.local/lib/python3.12/site-packages/airflow/example_dags/example_setup_teardown_taskflow.py took 0.064 seconds
[2025-03-08T23:44:31.123+0000] {processor.py:186} INFO - Started process (PID=954) to work on /home/airflow/.local/lib/python3.12/site-packages/airflow/example_dags/example_setup_teardown_taskflow.py
[2025-03-08T23:44:31.124+0000] {processor.py:914} INFO - Processing file /home/airflow/.local/lib/python3.12/site-packages/airflow/example_dags/example_setup_teardown_taskflow.py for tasks to queue
[2025-03-08T23:44:31.126+0000] {logging_mixin.py:190} INFO - [2025-03-08T23:44:31.126+0000] {dagbag.py:588} INFO - Filling up the DagBag from /home/airflow/.local/lib/python3.12/site-packages/airflow/example_dags/example_setup_teardown_taskflow.py
[2025-03-08T23:44:31.134+0000] {processor.py:925} INFO - DAG(s) 'example_setup_teardown_taskflow' retrieved from /home/airflow/.local/lib/python3.12/site-packages/airflow/example_dags/example_setup_teardown_taskflow.py
[2025-03-08T23:44:31.152+0000] {logging_mixin.py:190} INFO - [2025-03-08T23:44:31.152+0000] {dag.py:3239} INFO - Sync 1 DAGs
[2025-03-08T23:44:31.163+0000] {logging_mixin.py:190} INFO - [2025-03-08T23:44:31.162+0000] {dag.py:4180} INFO - Setting next_dagrun for example_setup_teardown_taskflow to None, run_after=None
[2025-03-08T23:44:31.178+0000] {processor.py:208} INFO - Processing /home/airflow/.local/lib/python3.12/site-packages/airflow/example_dags/example_setup_teardown_taskflow.py took 0.060 seconds
[2025-03-08T23:45:02.145+0000] {processor.py:186} INFO - Started process (PID=1017) to work on /home/airflow/.local/lib/python3.12/site-packages/airflow/example_dags/example_setup_teardown_taskflow.py
[2025-03-08T23:45:02.146+0000] {processor.py:914} INFO - Processing file /home/airflow/.local/lib/python3.12/site-packages/airflow/example_dags/example_setup_teardown_taskflow.py for tasks to queue
[2025-03-08T23:45:02.148+0000] {logging_mixin.py:190} INFO - [2025-03-08T23:45:02.148+0000] {dagbag.py:588} INFO - Filling up the DagBag from /home/airflow/.local/lib/python3.12/site-packages/airflow/example_dags/example_setup_teardown_taskflow.py
[2025-03-08T23:45:02.155+0000] {processor.py:925} INFO - DAG(s) 'example_setup_teardown_taskflow' retrieved from /home/airflow/.local/lib/python3.12/site-packages/airflow/example_dags/example_setup_teardown_taskflow.py
[2025-03-08T23:45:02.176+0000] {logging_mixin.py:190} INFO - [2025-03-08T23:45:02.176+0000] {dag.py:3239} INFO - Sync 1 DAGs
[2025-03-08T23:45:02.187+0000] {logging_mixin.py:190} INFO - [2025-03-08T23:45:02.187+0000] {dag.py:4180} INFO - Setting next_dagrun for example_setup_teardown_taskflow to None, run_after=None
[2025-03-08T23:45:02.204+0000] {processor.py:208} INFO - Processing /home/airflow/.local/lib/python3.12/site-packages/airflow/example_dags/example_setup_teardown_taskflow.py took 0.064 seconds
[2025-03-08T23:45:33.050+0000] {processor.py:186} INFO - Started process (PID=1080) to work on /home/airflow/.local/lib/python3.12/site-packages/airflow/example_dags/example_setup_teardown_taskflow.py
[2025-03-08T23:45:33.051+0000] {processor.py:914} INFO - Processing file /home/airflow/.local/lib/python3.12/site-packages/airflow/example_dags/example_setup_teardown_taskflow.py for tasks to queue
[2025-03-08T23:45:33.053+0000] {logging_mixin.py:190} INFO - [2025-03-08T23:45:33.052+0000] {dagbag.py:588} INFO - Filling up the DagBag from /home/airflow/.local/lib/python3.12/site-packages/airflow/example_dags/example_setup_teardown_taskflow.py
[2025-03-08T23:45:33.060+0000] {processor.py:925} INFO - DAG(s) 'example_setup_teardown_taskflow' retrieved from /home/airflow/.local/lib/python3.12/site-packages/airflow/example_dags/example_setup_teardown_taskflow.py
[2025-03-08T23:45:33.076+0000] {logging_mixin.py:190} INFO - [2025-03-08T23:45:33.076+0000] {dag.py:3239} INFO - Sync 1 DAGs
[2025-03-08T23:45:33.086+0000] {logging_mixin.py:190} INFO - [2025-03-08T23:45:33.086+0000] {dag.py:4180} INFO - Setting next_dagrun for example_setup_teardown_taskflow to None, run_after=None
[2025-03-08T23:45:33.099+0000] {processor.py:208} INFO - Processing /home/airflow/.local/lib/python3.12/site-packages/airflow/example_dags/example_setup_teardown_taskflow.py took 0.053 seconds
[2025-03-08T23:46:04.065+0000] {processor.py:186} INFO - Started process (PID=1143) to work on /home/airflow/.local/lib/python3.12/site-packages/airflow/example_dags/example_setup_teardown_taskflow.py
[2025-03-08T23:46:04.066+0000] {processor.py:914} INFO - Processing file /home/airflow/.local/lib/python3.12/site-packages/airflow/example_dags/example_setup_teardown_taskflow.py for tasks to queue
[2025-03-08T23:46:04.068+0000] {logging_mixin.py:190} INFO - [2025-03-08T23:46:04.067+0000] {dagbag.py:588} INFO - Filling up the DagBag from /home/airflow/.local/lib/python3.12/site-packages/airflow/example_dags/example_setup_teardown_taskflow.py
[2025-03-08T23:46:04.074+0000] {processor.py:925} INFO - DAG(s) 'example_setup_teardown_taskflow' retrieved from /home/airflow/.local/lib/python3.12/site-packages/airflow/example_dags/example_setup_teardown_taskflow.py
[2025-03-08T23:46:04.088+0000] {logging_mixin.py:190} INFO - [2025-03-08T23:46:04.088+0000] {dag.py:3239} INFO - Sync 1 DAGs
[2025-03-08T23:46:04.097+0000] {logging_mixin.py:190} INFO - [2025-03-08T23:46:04.097+0000] {dag.py:4180} INFO - Setting next_dagrun for example_setup_teardown_taskflow to None, run_after=None
[2025-03-08T23:46:04.111+0000] {processor.py:208} INFO - Processing /home/airflow/.local/lib/python3.12/site-packages/airflow/example_dags/example_setup_teardown_taskflow.py took 0.050 seconds
[2025-03-08T23:46:35.131+0000] {processor.py:186} INFO - Started process (PID=1206) to work on /home/airflow/.local/lib/python3.12/site-packages/airflow/example_dags/example_setup_teardown_taskflow.py
[2025-03-08T23:46:35.131+0000] {processor.py:914} INFO - Processing file /home/airflow/.local/lib/python3.12/site-packages/airflow/example_dags/example_setup_teardown_taskflow.py for tasks to queue
[2025-03-08T23:46:35.134+0000] {logging_mixin.py:190} INFO - [2025-03-08T23:46:35.134+0000] {dagbag.py:588} INFO - Filling up the DagBag from /home/airflow/.local/lib/python3.12/site-packages/airflow/example_dags/example_setup_teardown_taskflow.py
[2025-03-08T23:46:35.141+0000] {processor.py:925} INFO - DAG(s) 'example_setup_teardown_taskflow' retrieved from /home/airflow/.local/lib/python3.12/site-packages/airflow/example_dags/example_setup_teardown_taskflow.py
[2025-03-08T23:46:35.156+0000] {logging_mixin.py:190} INFO - [2025-03-08T23:46:35.156+0000] {dag.py:3239} INFO - Sync 1 DAGs
[2025-03-08T23:46:35.165+0000] {logging_mixin.py:190} INFO - [2025-03-08T23:46:35.165+0000] {dag.py:4180} INFO - Setting next_dagrun for example_setup_teardown_taskflow to None, run_after=None
[2025-03-08T23:46:35.180+0000] {processor.py:208} INFO - Processing /home/airflow/.local/lib/python3.12/site-packages/airflow/example_dags/example_setup_teardown_taskflow.py took 0.054 seconds
[2025-03-08T23:47:06.046+0000] {processor.py:186} INFO - Started process (PID=1269) to work on /home/airflow/.local/lib/python3.12/site-packages/airflow/example_dags/example_setup_teardown_taskflow.py
[2025-03-08T23:47:06.046+0000] {processor.py:914} INFO - Processing file /home/airflow/.local/lib/python3.12/site-packages/airflow/example_dags/example_setup_teardown_taskflow.py for tasks to queue
[2025-03-08T23:47:06.048+0000] {logging_mixin.py:190} INFO - [2025-03-08T23:47:06.048+0000] {dagbag.py:588} INFO - Filling up the DagBag from /home/airflow/.local/lib/python3.12/site-packages/airflow/example_dags/example_setup_teardown_taskflow.py
[2025-03-08T23:47:06.056+0000] {processor.py:925} INFO - DAG(s) 'example_setup_teardown_taskflow' retrieved from /home/airflow/.local/lib/python3.12/site-packages/airflow/example_dags/example_setup_teardown_taskflow.py
[2025-03-08T23:47:06.075+0000] {logging_mixin.py:190} INFO - [2025-03-08T23:47:06.075+0000] {dag.py:3239} INFO - Sync 1 DAGs
[2025-03-08T23:47:06.085+0000] {logging_mixin.py:190} INFO - [2025-03-08T23:47:06.085+0000] {dag.py:4180} INFO - Setting next_dagrun for example_setup_teardown_taskflow to None, run_after=None
[2025-03-08T23:47:06.101+0000] {processor.py:208} INFO - Processing /home/airflow/.local/lib/python3.12/site-packages/airflow/example_dags/example_setup_teardown_taskflow.py took 0.059 seconds
[2025-03-08T23:47:36.760+0000] {processor.py:186} INFO - Started process (PID=1332) to work on /home/airflow/.local/lib/python3.12/site-packages/airflow/example_dags/example_setup_teardown_taskflow.py
[2025-03-08T23:47:36.761+0000] {processor.py:914} INFO - Processing file /home/airflow/.local/lib/python3.12/site-packages/airflow/example_dags/example_setup_teardown_taskflow.py for tasks to queue
[2025-03-08T23:47:36.763+0000] {logging_mixin.py:190} INFO - [2025-03-08T23:47:36.762+0000] {dagbag.py:588} INFO - Filling up the DagBag from /home/airflow/.local/lib/python3.12/site-packages/airflow/example_dags/example_setup_teardown_taskflow.py
[2025-03-08T23:47:36.770+0000] {processor.py:925} INFO - DAG(s) 'example_setup_teardown_taskflow' retrieved from /home/airflow/.local/lib/python3.12/site-packages/airflow/example_dags/example_setup_teardown_taskflow.py
[2025-03-08T23:47:36.786+0000] {logging_mixin.py:190} INFO - [2025-03-08T23:47:36.786+0000] {dag.py:3239} INFO - Sync 1 DAGs
[2025-03-08T23:47:36.797+0000] {logging_mixin.py:190} INFO - [2025-03-08T23:47:36.797+0000] {dag.py:4180} INFO - Setting next_dagrun for example_setup_teardown_taskflow to None, run_after=None
[2025-03-08T23:47:36.813+0000] {processor.py:208} INFO - Processing /home/airflow/.local/lib/python3.12/site-packages/airflow/example_dags/example_setup_teardown_taskflow.py took 0.057 seconds
[2025-03-08T23:48:07.690+0000] {processor.py:186} INFO - Started process (PID=1395) to work on /home/airflow/.local/lib/python3.12/site-packages/airflow/example_dags/example_setup_teardown_taskflow.py
[2025-03-08T23:48:07.690+0000] {processor.py:914} INFO - Processing file /home/airflow/.local/lib/python3.12/site-packages/airflow/example_dags/example_setup_teardown_taskflow.py for tasks to queue
[2025-03-08T23:48:07.692+0000] {logging_mixin.py:190} INFO - [2025-03-08T23:48:07.692+0000] {dagbag.py:588} INFO - Filling up the DagBag from /home/airflow/.local/lib/python3.12/site-packages/airflow/example_dags/example_setup_teardown_taskflow.py
[2025-03-08T23:48:07.699+0000] {processor.py:925} INFO - DAG(s) 'example_setup_teardown_taskflow' retrieved from /home/airflow/.local/lib/python3.12/site-packages/airflow/example_dags/example_setup_teardown_taskflow.py
[2025-03-08T23:48:07.714+0000] {logging_mixin.py:190} INFO - [2025-03-08T23:48:07.714+0000] {dag.py:3239} INFO - Sync 1 DAGs
[2025-03-08T23:48:07.724+0000] {logging_mixin.py:190} INFO - [2025-03-08T23:48:07.724+0000] {dag.py:4180} INFO - Setting next_dagrun for example_setup_teardown_taskflow to None, run_after=None
[2025-03-08T23:48:07.739+0000] {processor.py:208} INFO - Processing /home/airflow/.local/lib/python3.12/site-packages/airflow/example_dags/example_setup_teardown_taskflow.py took 0.054 seconds
[2025-03-08T23:48:38.416+0000] {processor.py:186} INFO - Started process (PID=1458) to work on /home/airflow/.local/lib/python3.12/site-packages/airflow/example_dags/example_setup_teardown_taskflow.py
[2025-03-08T23:48:38.416+0000] {processor.py:914} INFO - Processing file /home/airflow/.local/lib/python3.12/site-packages/airflow/example_dags/example_setup_teardown_taskflow.py for tasks to queue
[2025-03-08T23:48:38.418+0000] {logging_mixin.py:190} INFO - [2025-03-08T23:48:38.418+0000] {dagbag.py:588} INFO - Filling up the DagBag from /home/airflow/.local/lib/python3.12/site-packages/airflow/example_dags/example_setup_teardown_taskflow.py
[2025-03-08T23:48:38.425+0000] {processor.py:925} INFO - DAG(s) 'example_setup_teardown_taskflow' retrieved from /home/airflow/.local/lib/python3.12/site-packages/airflow/example_dags/example_setup_teardown_taskflow.py
[2025-03-08T23:48:38.445+0000] {logging_mixin.py:190} INFO - [2025-03-08T23:48:38.445+0000] {dag.py:3239} INFO - Sync 1 DAGs
[2025-03-08T23:48:38.457+0000] {logging_mixin.py:190} INFO - [2025-03-08T23:48:38.457+0000] {dag.py:4180} INFO - Setting next_dagrun for example_setup_teardown_taskflow to None, run_after=None
[2025-03-08T23:48:38.474+0000] {processor.py:208} INFO - Processing /home/airflow/.local/lib/python3.12/site-packages/airflow/example_dags/example_setup_teardown_taskflow.py took 0.063 seconds
[2025-03-08T23:49:09.454+0000] {processor.py:186} INFO - Started process (PID=1521) to work on /home/airflow/.local/lib/python3.12/site-packages/airflow/example_dags/example_setup_teardown_taskflow.py
[2025-03-08T23:49:09.455+0000] {processor.py:914} INFO - Processing file /home/airflow/.local/lib/python3.12/site-packages/airflow/example_dags/example_setup_teardown_taskflow.py for tasks to queue
[2025-03-08T23:49:09.457+0000] {logging_mixin.py:190} INFO - [2025-03-08T23:49:09.456+0000] {dagbag.py:588} INFO - Filling up the DagBag from /home/airflow/.local/lib/python3.12/site-packages/airflow/example_dags/example_setup_teardown_taskflow.py
[2025-03-08T23:49:09.463+0000] {processor.py:925} INFO - DAG(s) 'example_setup_teardown_taskflow' retrieved from /home/airflow/.local/lib/python3.12/site-packages/airflow/example_dags/example_setup_teardown_taskflow.py
[2025-03-08T23:49:09.480+0000] {logging_mixin.py:190} INFO - [2025-03-08T23:49:09.480+0000] {dag.py:3239} INFO - Sync 1 DAGs
[2025-03-08T23:49:09.490+0000] {logging_mixin.py:190} INFO - [2025-03-08T23:49:09.490+0000] {dag.py:4180} INFO - Setting next_dagrun for example_setup_teardown_taskflow to None, run_after=None
[2025-03-08T23:49:09.504+0000] {processor.py:208} INFO - Processing /home/airflow/.local/lib/python3.12/site-packages/airflow/example_dags/example_setup_teardown_taskflow.py took 0.054 seconds
[2025-03-08T23:49:39.719+0000] {processor.py:186} INFO - Started process (PID=1584) to work on /home/airflow/.local/lib/python3.12/site-packages/airflow/example_dags/example_setup_teardown_taskflow.py
[2025-03-08T23:49:39.720+0000] {processor.py:914} INFO - Processing file /home/airflow/.local/lib/python3.12/site-packages/airflow/example_dags/example_setup_teardown_taskflow.py for tasks to queue
[2025-03-08T23:49:39.723+0000] {logging_mixin.py:190} INFO - [2025-03-08T23:49:39.723+0000] {dagbag.py:588} INFO - Filling up the DagBag from /home/airflow/.local/lib/python3.12/site-packages/airflow/example_dags/example_setup_teardown_taskflow.py
[2025-03-08T23:49:39.732+0000] {processor.py:925} INFO - DAG(s) 'example_setup_teardown_taskflow' retrieved from /home/airflow/.local/lib/python3.12/site-packages/airflow/example_dags/example_setup_teardown_taskflow.py
[2025-03-08T23:49:39.752+0000] {logging_mixin.py:190} INFO - [2025-03-08T23:49:39.752+0000] {dag.py:3239} INFO - Sync 1 DAGs
[2025-03-08T23:49:39.764+0000] {logging_mixin.py:190} INFO - [2025-03-08T23:49:39.764+0000] {dag.py:4180} INFO - Setting next_dagrun for example_setup_teardown_taskflow to None, run_after=None
[2025-03-08T23:49:39.778+0000] {processor.py:208} INFO - Processing /home/airflow/.local/lib/python3.12/site-packages/airflow/example_dags/example_setup_teardown_taskflow.py took 0.063 seconds
[2025-03-08T23:50:10.016+0000] {processor.py:186} INFO - Started process (PID=1647) to work on /home/airflow/.local/lib/python3.12/site-packages/airflow/example_dags/example_setup_teardown_taskflow.py
[2025-03-08T23:50:10.016+0000] {processor.py:914} INFO - Processing file /home/airflow/.local/lib/python3.12/site-packages/airflow/example_dags/example_setup_teardown_taskflow.py for tasks to queue
[2025-03-08T23:50:10.018+0000] {logging_mixin.py:190} INFO - [2025-03-08T23:50:10.018+0000] {dagbag.py:588} INFO - Filling up the DagBag from /home/airflow/.local/lib/python3.12/site-packages/airflow/example_dags/example_setup_teardown_taskflow.py
[2025-03-08T23:50:10.026+0000] {processor.py:925} INFO - DAG(s) 'example_setup_teardown_taskflow' retrieved from /home/airflow/.local/lib/python3.12/site-packages/airflow/example_dags/example_setup_teardown_taskflow.py
[2025-03-08T23:50:10.045+0000] {logging_mixin.py:190} INFO - [2025-03-08T23:50:10.045+0000] {dag.py:3239} INFO - Sync 1 DAGs
[2025-03-08T23:50:10.058+0000] {logging_mixin.py:190} INFO - [2025-03-08T23:50:10.057+0000] {dag.py:4180} INFO - Setting next_dagrun for example_setup_teardown_taskflow to None, run_after=None
[2025-03-08T23:50:10.079+0000] {processor.py:208} INFO - Processing /home/airflow/.local/lib/python3.12/site-packages/airflow/example_dags/example_setup_teardown_taskflow.py took 0.068 seconds
[2025-03-08T23:50:40.648+0000] {processor.py:186} INFO - Started process (PID=1710) to work on /home/airflow/.local/lib/python3.12/site-packages/airflow/example_dags/example_setup_teardown_taskflow.py
[2025-03-08T23:50:40.649+0000] {processor.py:914} INFO - Processing file /home/airflow/.local/lib/python3.12/site-packages/airflow/example_dags/example_setup_teardown_taskflow.py for tasks to queue
[2025-03-08T23:50:40.650+0000] {logging_mixin.py:190} INFO - [2025-03-08T23:50:40.650+0000] {dagbag.py:588} INFO - Filling up the DagBag from /home/airflow/.local/lib/python3.12/site-packages/airflow/example_dags/example_setup_teardown_taskflow.py
[2025-03-08T23:50:40.658+0000] {processor.py:925} INFO - DAG(s) 'example_setup_teardown_taskflow' retrieved from /home/airflow/.local/lib/python3.12/site-packages/airflow/example_dags/example_setup_teardown_taskflow.py
[2025-03-08T23:50:40.678+0000] {logging_mixin.py:190} INFO - [2025-03-08T23:50:40.678+0000] {dag.py:3239} INFO - Sync 1 DAGs
[2025-03-08T23:50:40.688+0000] {logging_mixin.py:190} INFO - [2025-03-08T23:50:40.688+0000] {dag.py:4180} INFO - Setting next_dagrun for example_setup_teardown_taskflow to None, run_after=None
[2025-03-08T23:50:40.703+0000] {processor.py:208} INFO - Processing /home/airflow/.local/lib/python3.12/site-packages/airflow/example_dags/example_setup_teardown_taskflow.py took 0.059 seconds
[2025-03-08T23:51:10.988+0000] {processor.py:186} INFO - Started process (PID=1773) to work on /home/airflow/.local/lib/python3.12/site-packages/airflow/example_dags/example_setup_teardown_taskflow.py
[2025-03-08T23:51:10.989+0000] {processor.py:914} INFO - Processing file /home/airflow/.local/lib/python3.12/site-packages/airflow/example_dags/example_setup_teardown_taskflow.py for tasks to queue
[2025-03-08T23:51:10.992+0000] {logging_mixin.py:190} INFO - [2025-03-08T23:51:10.991+0000] {dagbag.py:588} INFO - Filling up the DagBag from /home/airflow/.local/lib/python3.12/site-packages/airflow/example_dags/example_setup_teardown_taskflow.py
[2025-03-08T23:51:11.000+0000] {processor.py:925} INFO - DAG(s) 'example_setup_teardown_taskflow' retrieved from /home/airflow/.local/lib/python3.12/site-packages/airflow/example_dags/example_setup_teardown_taskflow.py
[2025-03-08T23:51:11.017+0000] {logging_mixin.py:190} INFO - [2025-03-08T23:51:11.017+0000] {dag.py:3239} INFO - Sync 1 DAGs
[2025-03-08T23:51:11.032+0000] {logging_mixin.py:190} INFO - [2025-03-08T23:51:11.032+0000] {dag.py:4180} INFO - Setting next_dagrun for example_setup_teardown_taskflow to None, run_after=None
[2025-03-08T23:51:11.048+0000] {processor.py:208} INFO - Processing /home/airflow/.local/lib/python3.12/site-packages/airflow/example_dags/example_setup_teardown_taskflow.py took 0.065 seconds
[2025-03-08T23:51:41.293+0000] {processor.py:186} INFO - Started process (PID=1836) to work on /home/airflow/.local/lib/python3.12/site-packages/airflow/example_dags/example_setup_teardown_taskflow.py
[2025-03-08T23:51:41.294+0000] {processor.py:914} INFO - Processing file /home/airflow/.local/lib/python3.12/site-packages/airflow/example_dags/example_setup_teardown_taskflow.py for tasks to queue
[2025-03-08T23:51:41.296+0000] {logging_mixin.py:190} INFO - [2025-03-08T23:51:41.295+0000] {dagbag.py:588} INFO - Filling up the DagBag from /home/airflow/.local/lib/python3.12/site-packages/airflow/example_dags/example_setup_teardown_taskflow.py
[2025-03-08T23:51:41.302+0000] {processor.py:925} INFO - DAG(s) 'example_setup_teardown_taskflow' retrieved from /home/airflow/.local/lib/python3.12/site-packages/airflow/example_dags/example_setup_teardown_taskflow.py
[2025-03-08T23:51:41.316+0000] {logging_mixin.py:190} INFO - [2025-03-08T23:51:41.316+0000] {dag.py:3239} INFO - Sync 1 DAGs
[2025-03-08T23:51:41.326+0000] {logging_mixin.py:190} INFO - [2025-03-08T23:51:41.326+0000] {dag.py:4180} INFO - Setting next_dagrun for example_setup_teardown_taskflow to None, run_after=None
[2025-03-08T23:51:41.343+0000] {processor.py:208} INFO - Processing /home/airflow/.local/lib/python3.12/site-packages/airflow/example_dags/example_setup_teardown_taskflow.py took 0.053 seconds
[2025-03-08T23:52:12.169+0000] {processor.py:186} INFO - Started process (PID=1899) to work on /home/airflow/.local/lib/python3.12/site-packages/airflow/example_dags/example_setup_teardown_taskflow.py
[2025-03-08T23:52:12.170+0000] {processor.py:914} INFO - Processing file /home/airflow/.local/lib/python3.12/site-packages/airflow/example_dags/example_setup_teardown_taskflow.py for tasks to queue
[2025-03-08T23:52:12.172+0000] {logging_mixin.py:190} INFO - [2025-03-08T23:52:12.172+0000] {dagbag.py:588} INFO - Filling up the DagBag from /home/airflow/.local/lib/python3.12/site-packages/airflow/example_dags/example_setup_teardown_taskflow.py
[2025-03-08T23:52:12.181+0000] {processor.py:925} INFO - DAG(s) 'example_setup_teardown_taskflow' retrieved from /home/airflow/.local/lib/python3.12/site-packages/airflow/example_dags/example_setup_teardown_taskflow.py
[2025-03-08T23:52:12.201+0000] {logging_mixin.py:190} INFO - [2025-03-08T23:52:12.201+0000] {dag.py:3239} INFO - Sync 1 DAGs
[2025-03-08T23:52:12.213+0000] {logging_mixin.py:190} INFO - [2025-03-08T23:52:12.212+0000] {dag.py:4180} INFO - Setting next_dagrun for example_setup_teardown_taskflow to None, run_after=None
[2025-03-08T23:52:12.233+0000] {processor.py:208} INFO - Processing /home/airflow/.local/lib/python3.12/site-packages/airflow/example_dags/example_setup_teardown_taskflow.py took 0.069 seconds
[2025-03-08T23:52:42.303+0000] {processor.py:186} INFO - Started process (PID=1962) to work on /home/airflow/.local/lib/python3.12/site-packages/airflow/example_dags/example_setup_teardown_taskflow.py
[2025-03-08T23:52:42.304+0000] {processor.py:914} INFO - Processing file /home/airflow/.local/lib/python3.12/site-packages/airflow/example_dags/example_setup_teardown_taskflow.py for tasks to queue
[2025-03-08T23:52:42.306+0000] {logging_mixin.py:190} INFO - [2025-03-08T23:52:42.306+0000] {dagbag.py:588} INFO - Filling up the DagBag from /home/airflow/.local/lib/python3.12/site-packages/airflow/example_dags/example_setup_teardown_taskflow.py
[2025-03-08T23:52:42.315+0000] {processor.py:925} INFO - DAG(s) 'example_setup_teardown_taskflow' retrieved from /home/airflow/.local/lib/python3.12/site-packages/airflow/example_dags/example_setup_teardown_taskflow.py
[2025-03-08T23:52:42.336+0000] {logging_mixin.py:190} INFO - [2025-03-08T23:52:42.336+0000] {dag.py:3239} INFO - Sync 1 DAGs
[2025-03-08T23:52:42.350+0000] {logging_mixin.py:190} INFO - [2025-03-08T23:52:42.350+0000] {dag.py:4180} INFO - Setting next_dagrun for example_setup_teardown_taskflow to None, run_after=None
[2025-03-08T23:52:42.367+0000] {processor.py:208} INFO - Processing /home/airflow/.local/lib/python3.12/site-packages/airflow/example_dags/example_setup_teardown_taskflow.py took 0.069 seconds
[2025-03-08T23:53:13.045+0000] {processor.py:186} INFO - Started process (PID=2025) to work on /home/airflow/.local/lib/python3.12/site-packages/airflow/example_dags/example_setup_teardown_taskflow.py
[2025-03-08T23:53:13.045+0000] {processor.py:914} INFO - Processing file /home/airflow/.local/lib/python3.12/site-packages/airflow/example_dags/example_setup_teardown_taskflow.py for tasks to queue
[2025-03-08T23:53:13.047+0000] {logging_mixin.py:190} INFO - [2025-03-08T23:53:13.047+0000] {dagbag.py:588} INFO - Filling up the DagBag from /home/airflow/.local/lib/python3.12/site-packages/airflow/example_dags/example_setup_teardown_taskflow.py
[2025-03-08T23:53:13.055+0000] {processor.py:925} INFO - DAG(s) 'example_setup_teardown_taskflow' retrieved from /home/airflow/.local/lib/python3.12/site-packages/airflow/example_dags/example_setup_teardown_taskflow.py
[2025-03-08T23:53:13.074+0000] {logging_mixin.py:190} INFO - [2025-03-08T23:53:13.074+0000] {dag.py:3239} INFO - Sync 1 DAGs
[2025-03-08T23:53:13.085+0000] {logging_mixin.py:190} INFO - [2025-03-08T23:53:13.085+0000] {dag.py:4180} INFO - Setting next_dagrun for example_setup_teardown_taskflow to None, run_after=None
[2025-03-08T23:53:13.103+0000] {processor.py:208} INFO - Processing /home/airflow/.local/lib/python3.12/site-packages/airflow/example_dags/example_setup_teardown_taskflow.py took 0.062 seconds
[2025-03-08T23:53:44.103+0000] {processor.py:186} INFO - Started process (PID=2088) to work on /home/airflow/.local/lib/python3.12/site-packages/airflow/example_dags/example_setup_teardown_taskflow.py
[2025-03-08T23:53:44.104+0000] {processor.py:914} INFO - Processing file /home/airflow/.local/lib/python3.12/site-packages/airflow/example_dags/example_setup_teardown_taskflow.py for tasks to queue
[2025-03-08T23:53:44.107+0000] {logging_mixin.py:190} INFO - [2025-03-08T23:53:44.106+0000] {dagbag.py:588} INFO - Filling up the DagBag from /home/airflow/.local/lib/python3.12/site-packages/airflow/example_dags/example_setup_teardown_taskflow.py
[2025-03-08T23:53:44.117+0000] {processor.py:925} INFO - DAG(s) 'example_setup_teardown_taskflow' retrieved from /home/airflow/.local/lib/python3.12/site-packages/airflow/example_dags/example_setup_teardown_taskflow.py
[2025-03-08T23:53:44.139+0000] {logging_mixin.py:190} INFO - [2025-03-08T23:53:44.138+0000] {dag.py:3239} INFO - Sync 1 DAGs
[2025-03-08T23:53:44.150+0000] {logging_mixin.py:190} INFO - [2025-03-08T23:53:44.150+0000] {dag.py:4180} INFO - Setting next_dagrun for example_setup_teardown_taskflow to None, run_after=None
[2025-03-08T23:53:44.164+0000] {processor.py:208} INFO - Processing /home/airflow/.local/lib/python3.12/site-packages/airflow/example_dags/example_setup_teardown_taskflow.py took 0.067 seconds
[2025-03-08T23:54:14.335+0000] {processor.py:186} INFO - Started process (PID=2151) to work on /home/airflow/.local/lib/python3.12/site-packages/airflow/example_dags/example_setup_teardown_taskflow.py
[2025-03-08T23:54:14.335+0000] {processor.py:914} INFO - Processing file /home/airflow/.local/lib/python3.12/site-packages/airflow/example_dags/example_setup_teardown_taskflow.py for tasks to queue
[2025-03-08T23:54:14.338+0000] {logging_mixin.py:190} INFO - [2025-03-08T23:54:14.338+0000] {dagbag.py:588} INFO - Filling up the DagBag from /home/airflow/.local/lib/python3.12/site-packages/airflow/example_dags/example_setup_teardown_taskflow.py
[2025-03-08T23:54:14.346+0000] {processor.py:925} INFO - DAG(s) 'example_setup_teardown_taskflow' retrieved from /home/airflow/.local/lib/python3.12/site-packages/airflow/example_dags/example_setup_teardown_taskflow.py
[2025-03-08T23:54:14.363+0000] {logging_mixin.py:190} INFO - [2025-03-08T23:54:14.363+0000] {dag.py:3239} INFO - Sync 1 DAGs
[2025-03-08T23:54:14.374+0000] {logging_mixin.py:190} INFO - [2025-03-08T23:54:14.374+0000] {dag.py:4180} INFO - Setting next_dagrun for example_setup_teardown_taskflow to None, run_after=None
[2025-03-08T23:54:14.391+0000] {processor.py:208} INFO - Processing /home/airflow/.local/lib/python3.12/site-packages/airflow/example_dags/example_setup_teardown_taskflow.py took 0.062 seconds
[2025-03-08T23:54:44.875+0000] {processor.py:186} INFO - Started process (PID=2214) to work on /home/airflow/.local/lib/python3.12/site-packages/airflow/example_dags/example_setup_teardown_taskflow.py
[2025-03-08T23:54:44.876+0000] {processor.py:914} INFO - Processing file /home/airflow/.local/lib/python3.12/site-packages/airflow/example_dags/example_setup_teardown_taskflow.py for tasks to queue
[2025-03-08T23:54:44.878+0000] {logging_mixin.py:190} INFO - [2025-03-08T23:54:44.878+0000] {dagbag.py:588} INFO - Filling up the DagBag from /home/airflow/.local/lib/python3.12/site-packages/airflow/example_dags/example_setup_teardown_taskflow.py
[2025-03-08T23:54:44.884+0000] {processor.py:925} INFO - DAG(s) 'example_setup_teardown_taskflow' retrieved from /home/airflow/.local/lib/python3.12/site-packages/airflow/example_dags/example_setup_teardown_taskflow.py
[2025-03-08T23:54:44.901+0000] {logging_mixin.py:190} INFO - [2025-03-08T23:54:44.901+0000] {dag.py:3239} INFO - Sync 1 DAGs
[2025-03-08T23:54:44.911+0000] {logging_mixin.py:190} INFO - [2025-03-08T23:54:44.911+0000] {dag.py:4180} INFO - Setting next_dagrun for example_setup_teardown_taskflow to None, run_after=None
[2025-03-08T23:54:44.926+0000] {processor.py:208} INFO - Processing /home/airflow/.local/lib/python3.12/site-packages/airflow/example_dags/example_setup_teardown_taskflow.py took 0.054 seconds
[2025-03-08T23:55:15.419+0000] {processor.py:186} INFO - Started process (PID=2277) to work on /home/airflow/.local/lib/python3.12/site-packages/airflow/example_dags/example_setup_teardown_taskflow.py
[2025-03-08T23:55:15.419+0000] {processor.py:914} INFO - Processing file /home/airflow/.local/lib/python3.12/site-packages/airflow/example_dags/example_setup_teardown_taskflow.py for tasks to queue
[2025-03-08T23:55:15.421+0000] {logging_mixin.py:190} INFO - [2025-03-08T23:55:15.421+0000] {dagbag.py:588} INFO - Filling up the DagBag from /home/airflow/.local/lib/python3.12/site-packages/airflow/example_dags/example_setup_teardown_taskflow.py
[2025-03-08T23:55:15.429+0000] {processor.py:925} INFO - DAG(s) 'example_setup_teardown_taskflow' retrieved from /home/airflow/.local/lib/python3.12/site-packages/airflow/example_dags/example_setup_teardown_taskflow.py
[2025-03-08T23:55:15.446+0000] {logging_mixin.py:190} INFO - [2025-03-08T23:55:15.446+0000] {dag.py:3239} INFO - Sync 1 DAGs
[2025-03-08T23:55:15.455+0000] {logging_mixin.py:190} INFO - [2025-03-08T23:55:15.455+0000] {dag.py:4180} INFO - Setting next_dagrun for example_setup_teardown_taskflow to None, run_after=None
[2025-03-08T23:55:15.469+0000] {processor.py:208} INFO - Processing /home/airflow/.local/lib/python3.12/site-packages/airflow/example_dags/example_setup_teardown_taskflow.py took 0.054 seconds
[2025-03-08T23:55:45.666+0000] {processor.py:186} INFO - Started process (PID=2340) to work on /home/airflow/.local/lib/python3.12/site-packages/airflow/example_dags/example_setup_teardown_taskflow.py
[2025-03-08T23:55:45.667+0000] {processor.py:914} INFO - Processing file /home/airflow/.local/lib/python3.12/site-packages/airflow/example_dags/example_setup_teardown_taskflow.py for tasks to queue
[2025-03-08T23:55:45.668+0000] {logging_mixin.py:190} INFO - [2025-03-08T23:55:45.668+0000] {dagbag.py:588} INFO - Filling up the DagBag from /home/airflow/.local/lib/python3.12/site-packages/airflow/example_dags/example_setup_teardown_taskflow.py
[2025-03-08T23:55:45.675+0000] {processor.py:925} INFO - DAG(s) 'example_setup_teardown_taskflow' retrieved from /home/airflow/.local/lib/python3.12/site-packages/airflow/example_dags/example_setup_teardown_taskflow.py
[2025-03-08T23:55:45.691+0000] {logging_mixin.py:190} INFO - [2025-03-08T23:55:45.691+0000] {dag.py:3239} INFO - Sync 1 DAGs
[2025-03-08T23:55:45.702+0000] {logging_mixin.py:190} INFO - [2025-03-08T23:55:45.702+0000] {dag.py:4180} INFO - Setting next_dagrun for example_setup_teardown_taskflow to None, run_after=None
[2025-03-08T23:55:45.717+0000] {processor.py:208} INFO - Processing /home/airflow/.local/lib/python3.12/site-packages/airflow/example_dags/example_setup_teardown_taskflow.py took 0.056 seconds
[2025-03-08T23:56:15.953+0000] {processor.py:186} INFO - Started process (PID=2403) to work on /home/airflow/.local/lib/python3.12/site-packages/airflow/example_dags/example_setup_teardown_taskflow.py
[2025-03-08T23:56:15.954+0000] {processor.py:914} INFO - Processing file /home/airflow/.local/lib/python3.12/site-packages/airflow/example_dags/example_setup_teardown_taskflow.py for tasks to queue
[2025-03-08T23:56:15.956+0000] {logging_mixin.py:190} INFO - [2025-03-08T23:56:15.955+0000] {dagbag.py:588} INFO - Filling up the DagBag from /home/airflow/.local/lib/python3.12/site-packages/airflow/example_dags/example_setup_teardown_taskflow.py
[2025-03-08T23:56:15.963+0000] {processor.py:925} INFO - DAG(s) 'example_setup_teardown_taskflow' retrieved from /home/airflow/.local/lib/python3.12/site-packages/airflow/example_dags/example_setup_teardown_taskflow.py
[2025-03-08T23:56:15.978+0000] {logging_mixin.py:190} INFO - [2025-03-08T23:56:15.978+0000] {dag.py:3239} INFO - Sync 1 DAGs
[2025-03-08T23:56:15.990+0000] {logging_mixin.py:190} INFO - [2025-03-08T23:56:15.990+0000] {dag.py:4180} INFO - Setting next_dagrun for example_setup_teardown_taskflow to None, run_after=None
[2025-03-08T23:56:16.006+0000] {processor.py:208} INFO - Processing /home/airflow/.local/lib/python3.12/site-packages/airflow/example_dags/example_setup_teardown_taskflow.py took 0.057 seconds
[2025-03-08T23:56:46.152+0000] {processor.py:186} INFO - Started process (PID=2466) to work on /home/airflow/.local/lib/python3.12/site-packages/airflow/example_dags/example_setup_teardown_taskflow.py
[2025-03-08T23:56:46.153+0000] {processor.py:914} INFO - Processing file /home/airflow/.local/lib/python3.12/site-packages/airflow/example_dags/example_setup_teardown_taskflow.py for tasks to queue
[2025-03-08T23:56:46.155+0000] {logging_mixin.py:190} INFO - [2025-03-08T23:56:46.155+0000] {dagbag.py:588} INFO - Filling up the DagBag from /home/airflow/.local/lib/python3.12/site-packages/airflow/example_dags/example_setup_teardown_taskflow.py
[2025-03-08T23:56:46.165+0000] {processor.py:925} INFO - DAG(s) 'example_setup_teardown_taskflow' retrieved from /home/airflow/.local/lib/python3.12/site-packages/airflow/example_dags/example_setup_teardown_taskflow.py
[2025-03-08T23:56:46.183+0000] {logging_mixin.py:190} INFO - [2025-03-08T23:56:46.183+0000] {dag.py:3239} INFO - Sync 1 DAGs
[2025-03-08T23:56:46.195+0000] {logging_mixin.py:190} INFO - [2025-03-08T23:56:46.195+0000] {dag.py:4180} INFO - Setting next_dagrun for example_setup_teardown_taskflow to None, run_after=None
[2025-03-08T23:56:46.213+0000] {processor.py:208} INFO - Processing /home/airflow/.local/lib/python3.12/site-packages/airflow/example_dags/example_setup_teardown_taskflow.py took 0.065 seconds
[2025-03-08T23:57:16.372+0000] {processor.py:186} INFO - Started process (PID=2529) to work on /home/airflow/.local/lib/python3.12/site-packages/airflow/example_dags/example_setup_teardown_taskflow.py
[2025-03-08T23:57:16.373+0000] {processor.py:914} INFO - Processing file /home/airflow/.local/lib/python3.12/site-packages/airflow/example_dags/example_setup_teardown_taskflow.py for tasks to queue
[2025-03-08T23:57:16.374+0000] {logging_mixin.py:190} INFO - [2025-03-08T23:57:16.374+0000] {dagbag.py:588} INFO - Filling up the DagBag from /home/airflow/.local/lib/python3.12/site-packages/airflow/example_dags/example_setup_teardown_taskflow.py
[2025-03-08T23:57:16.381+0000] {processor.py:925} INFO - DAG(s) 'example_setup_teardown_taskflow' retrieved from /home/airflow/.local/lib/python3.12/site-packages/airflow/example_dags/example_setup_teardown_taskflow.py
[2025-03-08T23:57:16.396+0000] {logging_mixin.py:190} INFO - [2025-03-08T23:57:16.396+0000] {dag.py:3239} INFO - Sync 1 DAGs
[2025-03-08T23:57:16.405+0000] {logging_mixin.py:190} INFO - [2025-03-08T23:57:16.405+0000] {dag.py:4180} INFO - Setting next_dagrun for example_setup_teardown_taskflow to None, run_after=None
[2025-03-08T23:57:16.420+0000] {processor.py:208} INFO - Processing /home/airflow/.local/lib/python3.12/site-packages/airflow/example_dags/example_setup_teardown_taskflow.py took 0.051 seconds
[2025-03-08T23:57:46.943+0000] {processor.py:186} INFO - Started process (PID=2592) to work on /home/airflow/.local/lib/python3.12/site-packages/airflow/example_dags/example_setup_teardown_taskflow.py
[2025-03-08T23:57:46.943+0000] {processor.py:914} INFO - Processing file /home/airflow/.local/lib/python3.12/site-packages/airflow/example_dags/example_setup_teardown_taskflow.py for tasks to queue
[2025-03-08T23:57:46.945+0000] {logging_mixin.py:190} INFO - [2025-03-08T23:57:46.945+0000] {dagbag.py:588} INFO - Filling up the DagBag from /home/airflow/.local/lib/python3.12/site-packages/airflow/example_dags/example_setup_teardown_taskflow.py
[2025-03-08T23:57:46.953+0000] {processor.py:925} INFO - DAG(s) 'example_setup_teardown_taskflow' retrieved from /home/airflow/.local/lib/python3.12/site-packages/airflow/example_dags/example_setup_teardown_taskflow.py
[2025-03-08T23:57:46.972+0000] {logging_mixin.py:190} INFO - [2025-03-08T23:57:46.971+0000] {dag.py:3239} INFO - Sync 1 DAGs
[2025-03-08T23:57:46.981+0000] {logging_mixin.py:190} INFO - [2025-03-08T23:57:46.981+0000] {dag.py:4180} INFO - Setting next_dagrun for example_setup_teardown_taskflow to None, run_after=None
[2025-03-08T23:57:46.994+0000] {processor.py:208} INFO - Processing /home/airflow/.local/lib/python3.12/site-packages/airflow/example_dags/example_setup_teardown_taskflow.py took 0.056 seconds
[2025-03-08T23:58:17.710+0000] {processor.py:186} INFO - Started process (PID=2655) to work on /home/airflow/.local/lib/python3.12/site-packages/airflow/example_dags/example_setup_teardown_taskflow.py
[2025-03-08T23:58:17.711+0000] {processor.py:914} INFO - Processing file /home/airflow/.local/lib/python3.12/site-packages/airflow/example_dags/example_setup_teardown_taskflow.py for tasks to queue
[2025-03-08T23:58:17.713+0000] {logging_mixin.py:190} INFO - [2025-03-08T23:58:17.713+0000] {dagbag.py:588} INFO - Filling up the DagBag from /home/airflow/.local/lib/python3.12/site-packages/airflow/example_dags/example_setup_teardown_taskflow.py
[2025-03-08T23:58:17.723+0000] {processor.py:925} INFO - DAG(s) 'example_setup_teardown_taskflow' retrieved from /home/airflow/.local/lib/python3.12/site-packages/airflow/example_dags/example_setup_teardown_taskflow.py
[2025-03-08T23:58:17.743+0000] {logging_mixin.py:190} INFO - [2025-03-08T23:58:17.743+0000] {dag.py:3239} INFO - Sync 1 DAGs
[2025-03-08T23:58:17.753+0000] {logging_mixin.py:190} INFO - [2025-03-08T23:58:17.753+0000] {dag.py:4180} INFO - Setting next_dagrun for example_setup_teardown_taskflow to None, run_after=None
[2025-03-08T23:58:17.767+0000] {processor.py:208} INFO - Processing /home/airflow/.local/lib/python3.12/site-packages/airflow/example_dags/example_setup_teardown_taskflow.py took 0.062 seconds
