[2025-03-08T22:35:47.225+0000] {processor.py:186} INFO - Started process (PID=94) to work on /home/airflow/.local/lib/python3.12/site-packages/airflow/example_dags/example_bash_operator.py
[2025-03-08T22:35:47.226+0000] {processor.py:914} INFO - Processing file /home/airflow/.local/lib/python3.12/site-packages/airflow/example_dags/example_bash_operator.py for tasks to queue
[2025-03-08T22:35:47.228+0000] {logging_mixin.py:190} INFO - [2025-03-08T22:35:47.228+0000] {dagbag.py:588} INFO - Filling up the DagBag from /home/airflow/.local/lib/python3.12/site-packages/airflow/example_dags/example_bash_operator.py
[2025-03-08T22:35:47.238+0000] {processor.py:925} INFO - DAG(s) 'example_bash_operator' retrieved from /home/airflow/.local/lib/python3.12/site-packages/airflow/example_dags/example_bash_operator.py
[2025-03-08T22:35:47.321+0000] {logging_mixin.py:190} INFO - [2025-03-08T22:35:47.321+0000] {override.py:1912} INFO - Created Permission View: can edit on DAG:example_bash_operator
[2025-03-08T22:35:47.330+0000] {logging_mixin.py:190} INFO - [2025-03-08T22:35:47.330+0000] {override.py:1912} INFO - Created Permission View: can read on DAG:example_bash_operator
[2025-03-08T22:35:47.336+0000] {logging_mixin.py:190} INFO - [2025-03-08T22:35:47.336+0000] {override.py:1912} INFO - Created Permission View: can delete on DAG:example_bash_operator
[2025-03-08T22:35:47.344+0000] {logging_mixin.py:190} INFO - [2025-03-08T22:35:47.344+0000] {override.py:1912} INFO - Created Permission View: menu access on DAG Run:example_bash_operator
[2025-03-08T22:35:47.352+0000] {logging_mixin.py:190} INFO - [2025-03-08T22:35:47.352+0000] {override.py:1912} INFO - Created Permission View: can delete on DAG Run:example_bash_operator
[2025-03-08T22:35:47.359+0000] {logging_mixin.py:190} INFO - [2025-03-08T22:35:47.359+0000] {override.py:1912} INFO - Created Permission View: can read on DAG Run:example_bash_operator
[2025-03-08T22:35:47.365+0000] {logging_mixin.py:190} INFO - [2025-03-08T22:35:47.365+0000] {override.py:1912} INFO - Created Permission View: can create on DAG Run:example_bash_operator
[2025-03-08T22:35:47.365+0000] {logging_mixin.py:190} INFO - [2025-03-08T22:35:47.365+0000] {dag.py:3239} INFO - Sync 1 DAGs
[2025-03-08T22:35:47.374+0000] {logging_mixin.py:190} INFO - [2025-03-08T22:35:47.374+0000] {dag.py:3262} INFO - Creating ORM DAG for example_bash_operator
[2025-03-08T22:35:47.381+0000] {logging_mixin.py:190} INFO - [2025-03-08T22:35:47.381+0000] {dag.py:4180} INFO - Setting next_dagrun for example_bash_operator to 2025-03-07 00:00:00+00:00, run_after=2025-03-08 00:00:00+00:00
[2025-03-08T22:35:47.396+0000] {processor.py:208} INFO - Processing /home/airflow/.local/lib/python3.12/site-packages/airflow/example_dags/example_bash_operator.py took 0.176 seconds
[2025-03-08T22:36:18.153+0000] {processor.py:186} INFO - Started process (PID=157) to work on /home/airflow/.local/lib/python3.12/site-packages/airflow/example_dags/example_bash_operator.py
[2025-03-08T22:36:18.154+0000] {processor.py:914} INFO - Processing file /home/airflow/.local/lib/python3.12/site-packages/airflow/example_dags/example_bash_operator.py for tasks to queue
[2025-03-08T22:36:18.156+0000] {logging_mixin.py:190} INFO - [2025-03-08T22:36:18.155+0000] {dagbag.py:588} INFO - Filling up the DagBag from /home/airflow/.local/lib/python3.12/site-packages/airflow/example_dags/example_bash_operator.py
[2025-03-08T22:36:18.163+0000] {processor.py:925} INFO - DAG(s) 'example_bash_operator' retrieved from /home/airflow/.local/lib/python3.12/site-packages/airflow/example_dags/example_bash_operator.py
[2025-03-08T22:36:18.182+0000] {logging_mixin.py:190} INFO - [2025-03-08T22:36:18.182+0000] {dag.py:3239} INFO - Sync 1 DAGs
[2025-03-08T22:36:18.200+0000] {logging_mixin.py:190} INFO - [2025-03-08T22:36:18.199+0000] {dag.py:4180} INFO - Setting next_dagrun for example_bash_operator to 2025-03-07 00:00:00+00:00, run_after=2025-03-08 00:00:00+00:00
[2025-03-08T22:36:18.221+0000] {processor.py:208} INFO - Processing /home/airflow/.local/lib/python3.12/site-packages/airflow/example_dags/example_bash_operator.py took 0.071 seconds
[2025-03-08T22:36:48.728+0000] {processor.py:186} INFO - Started process (PID=220) to work on /home/airflow/.local/lib/python3.12/site-packages/airflow/example_dags/example_bash_operator.py
[2025-03-08T22:36:48.730+0000] {processor.py:914} INFO - Processing file /home/airflow/.local/lib/python3.12/site-packages/airflow/example_dags/example_bash_operator.py for tasks to queue
[2025-03-08T22:36:48.732+0000] {logging_mixin.py:190} INFO - [2025-03-08T22:36:48.732+0000] {dagbag.py:588} INFO - Filling up the DagBag from /home/airflow/.local/lib/python3.12/site-packages/airflow/example_dags/example_bash_operator.py
[2025-03-08T22:36:48.742+0000] {processor.py:925} INFO - DAG(s) 'example_bash_operator' retrieved from /home/airflow/.local/lib/python3.12/site-packages/airflow/example_dags/example_bash_operator.py
[2025-03-08T22:36:48.767+0000] {logging_mixin.py:190} INFO - [2025-03-08T22:36:48.767+0000] {dag.py:3239} INFO - Sync 1 DAGs
[2025-03-08T22:36:48.787+0000] {logging_mixin.py:190} INFO - [2025-03-08T22:36:48.787+0000] {dag.py:4180} INFO - Setting next_dagrun for example_bash_operator to 2025-03-07 00:00:00+00:00, run_after=2025-03-08 00:00:00+00:00
[2025-03-08T22:36:48.804+0000] {processor.py:208} INFO - Processing /home/airflow/.local/lib/python3.12/site-packages/airflow/example_dags/example_bash_operator.py took 0.081 seconds
[2025-03-08T22:37:19.420+0000] {processor.py:186} INFO - Started process (PID=283) to work on /home/airflow/.local/lib/python3.12/site-packages/airflow/example_dags/example_bash_operator.py
[2025-03-08T22:37:19.420+0000] {processor.py:914} INFO - Processing file /home/airflow/.local/lib/python3.12/site-packages/airflow/example_dags/example_bash_operator.py for tasks to queue
[2025-03-08T22:37:19.422+0000] {logging_mixin.py:190} INFO - [2025-03-08T22:37:19.422+0000] {dagbag.py:588} INFO - Filling up the DagBag from /home/airflow/.local/lib/python3.12/site-packages/airflow/example_dags/example_bash_operator.py
[2025-03-08T22:37:19.431+0000] {processor.py:925} INFO - DAG(s) 'example_bash_operator' retrieved from /home/airflow/.local/lib/python3.12/site-packages/airflow/example_dags/example_bash_operator.py
[2025-03-08T22:37:19.449+0000] {logging_mixin.py:190} INFO - [2025-03-08T22:37:19.449+0000] {dag.py:3239} INFO - Sync 1 DAGs
[2025-03-08T22:37:19.464+0000] {logging_mixin.py:190} INFO - [2025-03-08T22:37:19.464+0000] {dag.py:4180} INFO - Setting next_dagrun for example_bash_operator to 2025-03-07 00:00:00+00:00, run_after=2025-03-08 00:00:00+00:00
[2025-03-08T22:37:19.476+0000] {processor.py:208} INFO - Processing /home/airflow/.local/lib/python3.12/site-packages/airflow/example_dags/example_bash_operator.py took 0.060 seconds
[2025-03-08T22:37:50.206+0000] {processor.py:186} INFO - Started process (PID=346) to work on /home/airflow/.local/lib/python3.12/site-packages/airflow/example_dags/example_bash_operator.py
[2025-03-08T22:37:50.207+0000] {processor.py:914} INFO - Processing file /home/airflow/.local/lib/python3.12/site-packages/airflow/example_dags/example_bash_operator.py for tasks to queue
[2025-03-08T22:37:50.209+0000] {logging_mixin.py:190} INFO - [2025-03-08T22:37:50.208+0000] {dagbag.py:588} INFO - Filling up the DagBag from /home/airflow/.local/lib/python3.12/site-packages/airflow/example_dags/example_bash_operator.py
[2025-03-08T22:37:50.219+0000] {processor.py:925} INFO - DAG(s) 'example_bash_operator' retrieved from /home/airflow/.local/lib/python3.12/site-packages/airflow/example_dags/example_bash_operator.py
[2025-03-08T22:37:50.241+0000] {logging_mixin.py:190} INFO - [2025-03-08T22:37:50.241+0000] {dag.py:3239} INFO - Sync 1 DAGs
[2025-03-08T22:37:50.259+0000] {logging_mixin.py:190} INFO - [2025-03-08T22:37:50.259+0000] {dag.py:4180} INFO - Setting next_dagrun for example_bash_operator to 2025-03-07 00:00:00+00:00, run_after=2025-03-08 00:00:00+00:00
[2025-03-08T22:37:50.274+0000] {processor.py:208} INFO - Processing /home/airflow/.local/lib/python3.12/site-packages/airflow/example_dags/example_bash_operator.py took 0.072 seconds
[2025-03-08T22:38:21.388+0000] {processor.py:186} INFO - Started process (PID=409) to work on /home/airflow/.local/lib/python3.12/site-packages/airflow/example_dags/example_bash_operator.py
[2025-03-08T22:38:21.389+0000] {processor.py:914} INFO - Processing file /home/airflow/.local/lib/python3.12/site-packages/airflow/example_dags/example_bash_operator.py for tasks to queue
[2025-03-08T22:38:21.392+0000] {logging_mixin.py:190} INFO - [2025-03-08T22:38:21.391+0000] {dagbag.py:588} INFO - Filling up the DagBag from /home/airflow/.local/lib/python3.12/site-packages/airflow/example_dags/example_bash_operator.py
[2025-03-08T22:38:21.402+0000] {processor.py:925} INFO - DAG(s) 'example_bash_operator' retrieved from /home/airflow/.local/lib/python3.12/site-packages/airflow/example_dags/example_bash_operator.py
[2025-03-08T22:38:21.424+0000] {logging_mixin.py:190} INFO - [2025-03-08T22:38:21.423+0000] {dag.py:3239} INFO - Sync 1 DAGs
[2025-03-08T22:38:21.442+0000] {logging_mixin.py:190} INFO - [2025-03-08T22:38:21.442+0000] {dag.py:4180} INFO - Setting next_dagrun for example_bash_operator to 2025-03-07 00:00:00+00:00, run_after=2025-03-08 00:00:00+00:00
[2025-03-08T22:38:21.460+0000] {processor.py:208} INFO - Processing /home/airflow/.local/lib/python3.12/site-packages/airflow/example_dags/example_bash_operator.py took 0.077 seconds
[2025-03-08T22:38:52.435+0000] {processor.py:186} INFO - Started process (PID=472) to work on /home/airflow/.local/lib/python3.12/site-packages/airflow/example_dags/example_bash_operator.py
[2025-03-08T22:38:52.436+0000] {processor.py:914} INFO - Processing file /home/airflow/.local/lib/python3.12/site-packages/airflow/example_dags/example_bash_operator.py for tasks to queue
[2025-03-08T22:38:52.438+0000] {logging_mixin.py:190} INFO - [2025-03-08T22:38:52.438+0000] {dagbag.py:588} INFO - Filling up the DagBag from /home/airflow/.local/lib/python3.12/site-packages/airflow/example_dags/example_bash_operator.py
[2025-03-08T22:38:52.446+0000] {processor.py:925} INFO - DAG(s) 'example_bash_operator' retrieved from /home/airflow/.local/lib/python3.12/site-packages/airflow/example_dags/example_bash_operator.py
[2025-03-08T22:38:52.465+0000] {logging_mixin.py:190} INFO - [2025-03-08T22:38:52.465+0000] {dag.py:3239} INFO - Sync 1 DAGs
[2025-03-08T22:38:52.483+0000] {logging_mixin.py:190} INFO - [2025-03-08T22:38:52.482+0000] {dag.py:4180} INFO - Setting next_dagrun for example_bash_operator to 2025-03-07 00:00:00+00:00, run_after=2025-03-08 00:00:00+00:00
[2025-03-08T22:38:52.496+0000] {processor.py:208} INFO - Processing /home/airflow/.local/lib/python3.12/site-packages/airflow/example_dags/example_bash_operator.py took 0.064 seconds
[2025-03-08T23:37:27.219+0000] {processor.py:186} INFO - Started process (PID=88) to work on /home/airflow/.local/lib/python3.12/site-packages/airflow/example_dags/example_bash_operator.py
[2025-03-08T23:37:27.220+0000] {processor.py:914} INFO - Processing file /home/airflow/.local/lib/python3.12/site-packages/airflow/example_dags/example_bash_operator.py for tasks to queue
[2025-03-08T23:37:27.222+0000] {logging_mixin.py:190} INFO - [2025-03-08T23:37:27.221+0000] {dagbag.py:588} INFO - Filling up the DagBag from /home/airflow/.local/lib/python3.12/site-packages/airflow/example_dags/example_bash_operator.py
[2025-03-08T23:37:27.232+0000] {processor.py:925} INFO - DAG(s) 'example_bash_operator' retrieved from /home/airflow/.local/lib/python3.12/site-packages/airflow/example_dags/example_bash_operator.py
[2025-03-08T23:37:27.258+0000] {logging_mixin.py:190} INFO - [2025-03-08T23:37:27.258+0000] {dag.py:3239} INFO - Sync 1 DAGs
[2025-03-08T23:37:27.278+0000] {logging_mixin.py:190} INFO - [2025-03-08T23:37:27.278+0000] {dag.py:4180} INFO - Setting next_dagrun for example_bash_operator to 2025-03-07 00:00:00+00:00, run_after=2025-03-08 00:00:00+00:00
[2025-03-08T23:37:27.298+0000] {processor.py:208} INFO - Processing /home/airflow/.local/lib/python3.12/site-packages/airflow/example_dags/example_bash_operator.py took 0.083 seconds
[2025-03-08T23:37:57.775+0000] {processor.py:186} INFO - Started process (PID=151) to work on /home/airflow/.local/lib/python3.12/site-packages/airflow/example_dags/example_bash_operator.py
[2025-03-08T23:37:57.776+0000] {processor.py:914} INFO - Processing file /home/airflow/.local/lib/python3.12/site-packages/airflow/example_dags/example_bash_operator.py for tasks to queue
[2025-03-08T23:37:57.778+0000] {logging_mixin.py:190} INFO - [2025-03-08T23:37:57.778+0000] {dagbag.py:588} INFO - Filling up the DagBag from /home/airflow/.local/lib/python3.12/site-packages/airflow/example_dags/example_bash_operator.py
[2025-03-08T23:37:57.787+0000] {processor.py:925} INFO - DAG(s) 'example_bash_operator' retrieved from /home/airflow/.local/lib/python3.12/site-packages/airflow/example_dags/example_bash_operator.py
[2025-03-08T23:37:57.810+0000] {logging_mixin.py:190} INFO - [2025-03-08T23:37:57.810+0000] {dag.py:3239} INFO - Sync 1 DAGs
[2025-03-08T23:37:57.829+0000] {logging_mixin.py:190} INFO - [2025-03-08T23:37:57.828+0000] {dag.py:4180} INFO - Setting next_dagrun for example_bash_operator to 2025-03-07 00:00:00+00:00, run_after=2025-03-08 00:00:00+00:00
[2025-03-08T23:37:57.846+0000] {processor.py:208} INFO - Processing /home/airflow/.local/lib/python3.12/site-packages/airflow/example_dags/example_bash_operator.py took 0.075 seconds
[2025-03-08T23:38:28.289+0000] {processor.py:186} INFO - Started process (PID=220) to work on /home/airflow/.local/lib/python3.12/site-packages/airflow/example_dags/example_bash_operator.py
[2025-03-08T23:38:28.290+0000] {processor.py:914} INFO - Processing file /home/airflow/.local/lib/python3.12/site-packages/airflow/example_dags/example_bash_operator.py for tasks to queue
[2025-03-08T23:38:28.291+0000] {logging_mixin.py:190} INFO - [2025-03-08T23:38:28.291+0000] {dagbag.py:588} INFO - Filling up the DagBag from /home/airflow/.local/lib/python3.12/site-packages/airflow/example_dags/example_bash_operator.py
[2025-03-08T23:38:28.299+0000] {processor.py:925} INFO - DAG(s) 'example_bash_operator' retrieved from /home/airflow/.local/lib/python3.12/site-packages/airflow/example_dags/example_bash_operator.py
[2025-03-08T23:38:28.328+0000] {logging_mixin.py:190} INFO - [2025-03-08T23:38:28.328+0000] {dag.py:3239} INFO - Sync 1 DAGs
[2025-03-08T23:38:28.349+0000] {logging_mixin.py:190} INFO - [2025-03-08T23:38:28.349+0000] {dag.py:4180} INFO - Setting next_dagrun for example_bash_operator to 2025-03-07 00:00:00+00:00, run_after=2025-03-08 00:00:00+00:00
[2025-03-08T23:38:28.367+0000] {processor.py:208} INFO - Processing /home/airflow/.local/lib/python3.12/site-packages/airflow/example_dags/example_bash_operator.py took 0.083 seconds
[2025-03-08T23:38:59.518+0000] {processor.py:186} INFO - Started process (PID=283) to work on /home/airflow/.local/lib/python3.12/site-packages/airflow/example_dags/example_bash_operator.py
[2025-03-08T23:38:59.518+0000] {processor.py:914} INFO - Processing file /home/airflow/.local/lib/python3.12/site-packages/airflow/example_dags/example_bash_operator.py for tasks to queue
[2025-03-08T23:38:59.520+0000] {logging_mixin.py:190} INFO - [2025-03-08T23:38:59.520+0000] {dagbag.py:588} INFO - Filling up the DagBag from /home/airflow/.local/lib/python3.12/site-packages/airflow/example_dags/example_bash_operator.py
[2025-03-08T23:38:59.530+0000] {processor.py:925} INFO - DAG(s) 'example_bash_operator' retrieved from /home/airflow/.local/lib/python3.12/site-packages/airflow/example_dags/example_bash_operator.py
[2025-03-08T23:38:59.550+0000] {logging_mixin.py:190} INFO - [2025-03-08T23:38:59.549+0000] {dag.py:3239} INFO - Sync 1 DAGs
[2025-03-08T23:38:59.567+0000] {logging_mixin.py:190} INFO - [2025-03-08T23:38:59.567+0000] {dag.py:4180} INFO - Setting next_dagrun for example_bash_operator to 2025-03-07 00:00:00+00:00, run_after=2025-03-08 00:00:00+00:00
[2025-03-08T23:38:59.584+0000] {processor.py:208} INFO - Processing /home/airflow/.local/lib/python3.12/site-packages/airflow/example_dags/example_bash_operator.py took 0.071 seconds
[2025-03-08T23:39:30.853+0000] {processor.py:186} INFO - Started process (PID=346) to work on /home/airflow/.local/lib/python3.12/site-packages/airflow/example_dags/example_bash_operator.py
[2025-03-08T23:39:30.854+0000] {processor.py:914} INFO - Processing file /home/airflow/.local/lib/python3.12/site-packages/airflow/example_dags/example_bash_operator.py for tasks to queue
[2025-03-08T23:39:30.855+0000] {logging_mixin.py:190} INFO - [2025-03-08T23:39:30.855+0000] {dagbag.py:588} INFO - Filling up the DagBag from /home/airflow/.local/lib/python3.12/site-packages/airflow/example_dags/example_bash_operator.py
[2025-03-08T23:39:30.864+0000] {processor.py:925} INFO - DAG(s) 'example_bash_operator' retrieved from /home/airflow/.local/lib/python3.12/site-packages/airflow/example_dags/example_bash_operator.py
[2025-03-08T23:39:30.884+0000] {logging_mixin.py:190} INFO - [2025-03-08T23:39:30.884+0000] {dag.py:3239} INFO - Sync 1 DAGs
[2025-03-08T23:39:30.902+0000] {logging_mixin.py:190} INFO - [2025-03-08T23:39:30.902+0000] {dag.py:4180} INFO - Setting next_dagrun for example_bash_operator to 2025-03-07 00:00:00+00:00, run_after=2025-03-08 00:00:00+00:00
[2025-03-08T23:39:30.916+0000] {processor.py:208} INFO - Processing /home/airflow/.local/lib/python3.12/site-packages/airflow/example_dags/example_bash_operator.py took 0.067 seconds
[2025-03-08T23:40:02.232+0000] {processor.py:186} INFO - Started process (PID=409) to work on /home/airflow/.local/lib/python3.12/site-packages/airflow/example_dags/example_bash_operator.py
[2025-03-08T23:40:02.232+0000] {processor.py:914} INFO - Processing file /home/airflow/.local/lib/python3.12/site-packages/airflow/example_dags/example_bash_operator.py for tasks to queue
[2025-03-08T23:40:02.234+0000] {logging_mixin.py:190} INFO - [2025-03-08T23:40:02.234+0000] {dagbag.py:588} INFO - Filling up the DagBag from /home/airflow/.local/lib/python3.12/site-packages/airflow/example_dags/example_bash_operator.py
[2025-03-08T23:40:02.245+0000] {processor.py:925} INFO - DAG(s) 'example_bash_operator' retrieved from /home/airflow/.local/lib/python3.12/site-packages/airflow/example_dags/example_bash_operator.py
[2025-03-08T23:40:02.271+0000] {logging_mixin.py:190} INFO - [2025-03-08T23:40:02.271+0000] {dag.py:3239} INFO - Sync 1 DAGs
[2025-03-08T23:40:02.291+0000] {logging_mixin.py:190} INFO - [2025-03-08T23:40:02.291+0000] {dag.py:4180} INFO - Setting next_dagrun for example_bash_operator to 2025-03-07 00:00:00+00:00, run_after=2025-03-08 00:00:00+00:00
[2025-03-08T23:40:02.308+0000] {processor.py:208} INFO - Processing /home/airflow/.local/lib/python3.12/site-packages/airflow/example_dags/example_bash_operator.py took 0.080 seconds
[2025-03-08T23:40:34.134+0000] {processor.py:186} INFO - Started process (PID=472) to work on /home/airflow/.local/lib/python3.12/site-packages/airflow/example_dags/example_bash_operator.py
[2025-03-08T23:40:34.136+0000] {processor.py:914} INFO - Processing file /home/airflow/.local/lib/python3.12/site-packages/airflow/example_dags/example_bash_operator.py for tasks to queue
[2025-03-08T23:40:34.139+0000] {logging_mixin.py:190} INFO - [2025-03-08T23:40:34.138+0000] {dagbag.py:588} INFO - Filling up the DagBag from /home/airflow/.local/lib/python3.12/site-packages/airflow/example_dags/example_bash_operator.py
[2025-03-08T23:40:34.150+0000] {processor.py:925} INFO - DAG(s) 'example_bash_operator' retrieved from /home/airflow/.local/lib/python3.12/site-packages/airflow/example_dags/example_bash_operator.py
[2025-03-08T23:40:34.173+0000] {logging_mixin.py:190} INFO - [2025-03-08T23:40:34.173+0000] {dag.py:3239} INFO - Sync 1 DAGs
[2025-03-08T23:40:34.192+0000] {logging_mixin.py:190} INFO - [2025-03-08T23:40:34.192+0000] {dag.py:4180} INFO - Setting next_dagrun for example_bash_operator to 2025-03-07 00:00:00+00:00, run_after=2025-03-08 00:00:00+00:00
[2025-03-08T23:40:34.207+0000] {processor.py:208} INFO - Processing /home/airflow/.local/lib/python3.12/site-packages/airflow/example_dags/example_bash_operator.py took 0.078 seconds
[2025-03-08T23:41:04.979+0000] {processor.py:186} INFO - Started process (PID=535) to work on /home/airflow/.local/lib/python3.12/site-packages/airflow/example_dags/example_bash_operator.py
[2025-03-08T23:41:04.980+0000] {processor.py:914} INFO - Processing file /home/airflow/.local/lib/python3.12/site-packages/airflow/example_dags/example_bash_operator.py for tasks to queue
[2025-03-08T23:41:04.982+0000] {logging_mixin.py:190} INFO - [2025-03-08T23:41:04.982+0000] {dagbag.py:588} INFO - Filling up the DagBag from /home/airflow/.local/lib/python3.12/site-packages/airflow/example_dags/example_bash_operator.py
[2025-03-08T23:41:04.993+0000] {processor.py:925} INFO - DAG(s) 'example_bash_operator' retrieved from /home/airflow/.local/lib/python3.12/site-packages/airflow/example_dags/example_bash_operator.py
[2025-03-08T23:41:05.014+0000] {logging_mixin.py:190} INFO - [2025-03-08T23:41:05.014+0000] {dag.py:3239} INFO - Sync 1 DAGs
[2025-03-08T23:41:05.034+0000] {logging_mixin.py:190} INFO - [2025-03-08T23:41:05.034+0000] {dag.py:4180} INFO - Setting next_dagrun for example_bash_operator to 2025-03-07 00:00:00+00:00, run_after=2025-03-08 00:00:00+00:00
[2025-03-08T23:41:05.050+0000] {processor.py:208} INFO - Processing /home/airflow/.local/lib/python3.12/site-packages/airflow/example_dags/example_bash_operator.py took 0.076 seconds
[2025-03-08T23:41:35.431+0000] {processor.py:186} INFO - Started process (PID=598) to work on /home/airflow/.local/lib/python3.12/site-packages/airflow/example_dags/example_bash_operator.py
[2025-03-08T23:41:35.432+0000] {processor.py:914} INFO - Processing file /home/airflow/.local/lib/python3.12/site-packages/airflow/example_dags/example_bash_operator.py for tasks to queue
[2025-03-08T23:41:35.434+0000] {logging_mixin.py:190} INFO - [2025-03-08T23:41:35.434+0000] {dagbag.py:588} INFO - Filling up the DagBag from /home/airflow/.local/lib/python3.12/site-packages/airflow/example_dags/example_bash_operator.py
[2025-03-08T23:41:35.443+0000] {processor.py:925} INFO - DAG(s) 'example_bash_operator' retrieved from /home/airflow/.local/lib/python3.12/site-packages/airflow/example_dags/example_bash_operator.py
[2025-03-08T23:41:35.466+0000] {logging_mixin.py:190} INFO - [2025-03-08T23:41:35.466+0000] {dag.py:3239} INFO - Sync 1 DAGs
[2025-03-08T23:41:35.486+0000] {logging_mixin.py:190} INFO - [2025-03-08T23:41:35.485+0000] {dag.py:4180} INFO - Setting next_dagrun for example_bash_operator to 2025-03-07 00:00:00+00:00, run_after=2025-03-08 00:00:00+00:00
[2025-03-08T23:41:35.502+0000] {processor.py:208} INFO - Processing /home/airflow/.local/lib/python3.12/site-packages/airflow/example_dags/example_bash_operator.py took 0.075 seconds
[2025-03-08T23:42:07.076+0000] {processor.py:186} INFO - Started process (PID=661) to work on /home/airflow/.local/lib/python3.12/site-packages/airflow/example_dags/example_bash_operator.py
[2025-03-08T23:42:07.077+0000] {processor.py:914} INFO - Processing file /home/airflow/.local/lib/python3.12/site-packages/airflow/example_dags/example_bash_operator.py for tasks to queue
[2025-03-08T23:42:07.080+0000] {logging_mixin.py:190} INFO - [2025-03-08T23:42:07.080+0000] {dagbag.py:588} INFO - Filling up the DagBag from /home/airflow/.local/lib/python3.12/site-packages/airflow/example_dags/example_bash_operator.py
[2025-03-08T23:42:07.090+0000] {processor.py:925} INFO - DAG(s) 'example_bash_operator' retrieved from /home/airflow/.local/lib/python3.12/site-packages/airflow/example_dags/example_bash_operator.py
[2025-03-08T23:42:07.113+0000] {logging_mixin.py:190} INFO - [2025-03-08T23:42:07.112+0000] {dag.py:3239} INFO - Sync 1 DAGs
[2025-03-08T23:42:07.130+0000] {logging_mixin.py:190} INFO - [2025-03-08T23:42:07.130+0000] {dag.py:4180} INFO - Setting next_dagrun for example_bash_operator to 2025-03-07 00:00:00+00:00, run_after=2025-03-08 00:00:00+00:00
[2025-03-08T23:42:07.146+0000] {processor.py:208} INFO - Processing /home/airflow/.local/lib/python3.12/site-packages/airflow/example_dags/example_bash_operator.py took 0.074 seconds
[2025-03-08T23:42:38.998+0000] {processor.py:186} INFO - Started process (PID=724) to work on /home/airflow/.local/lib/python3.12/site-packages/airflow/example_dags/example_bash_operator.py
[2025-03-08T23:42:38.999+0000] {processor.py:914} INFO - Processing file /home/airflow/.local/lib/python3.12/site-packages/airflow/example_dags/example_bash_operator.py for tasks to queue
[2025-03-08T23:42:39.001+0000] {logging_mixin.py:190} INFO - [2025-03-08T23:42:39.001+0000] {dagbag.py:588} INFO - Filling up the DagBag from /home/airflow/.local/lib/python3.12/site-packages/airflow/example_dags/example_bash_operator.py
[2025-03-08T23:42:39.012+0000] {processor.py:925} INFO - DAG(s) 'example_bash_operator' retrieved from /home/airflow/.local/lib/python3.12/site-packages/airflow/example_dags/example_bash_operator.py
[2025-03-08T23:42:39.033+0000] {logging_mixin.py:190} INFO - [2025-03-08T23:42:39.033+0000] {dag.py:3239} INFO - Sync 1 DAGs
[2025-03-08T23:42:39.051+0000] {logging_mixin.py:190} INFO - [2025-03-08T23:42:39.051+0000] {dag.py:4180} INFO - Setting next_dagrun for example_bash_operator to 2025-03-07 00:00:00+00:00, run_after=2025-03-08 00:00:00+00:00
[2025-03-08T23:42:39.070+0000] {processor.py:208} INFO - Processing /home/airflow/.local/lib/python3.12/site-packages/airflow/example_dags/example_bash_operator.py took 0.078 seconds
[2025-03-08T23:43:10.000+0000] {processor.py:186} INFO - Started process (PID=788) to work on /home/airflow/.local/lib/python3.12/site-packages/airflow/example_dags/example_bash_operator.py
[2025-03-08T23:43:10.001+0000] {processor.py:914} INFO - Processing file /home/airflow/.local/lib/python3.12/site-packages/airflow/example_dags/example_bash_operator.py for tasks to queue
[2025-03-08T23:43:10.003+0000] {logging_mixin.py:190} INFO - [2025-03-08T23:43:10.003+0000] {dagbag.py:588} INFO - Filling up the DagBag from /home/airflow/.local/lib/python3.12/site-packages/airflow/example_dags/example_bash_operator.py
[2025-03-08T23:43:10.014+0000] {processor.py:925} INFO - DAG(s) 'example_bash_operator' retrieved from /home/airflow/.local/lib/python3.12/site-packages/airflow/example_dags/example_bash_operator.py
[2025-03-08T23:43:10.041+0000] {logging_mixin.py:190} INFO - [2025-03-08T23:43:10.040+0000] {dag.py:3239} INFO - Sync 1 DAGs
[2025-03-08T23:43:10.062+0000] {logging_mixin.py:190} INFO - [2025-03-08T23:43:10.061+0000] {dag.py:4180} INFO - Setting next_dagrun for example_bash_operator to 2025-03-07 00:00:00+00:00, run_after=2025-03-08 00:00:00+00:00
[2025-03-08T23:43:10.077+0000] {processor.py:208} INFO - Processing /home/airflow/.local/lib/python3.12/site-packages/airflow/example_dags/example_bash_operator.py took 0.082 seconds
[2025-03-08T23:43:40.359+0000] {processor.py:186} INFO - Started process (PID=851) to work on /home/airflow/.local/lib/python3.12/site-packages/airflow/example_dags/example_bash_operator.py
[2025-03-08T23:43:40.361+0000] {processor.py:914} INFO - Processing file /home/airflow/.local/lib/python3.12/site-packages/airflow/example_dags/example_bash_operator.py for tasks to queue
[2025-03-08T23:43:40.363+0000] {logging_mixin.py:190} INFO - [2025-03-08T23:43:40.362+0000] {dagbag.py:588} INFO - Filling up the DagBag from /home/airflow/.local/lib/python3.12/site-packages/airflow/example_dags/example_bash_operator.py
[2025-03-08T23:43:40.372+0000] {processor.py:925} INFO - DAG(s) 'example_bash_operator' retrieved from /home/airflow/.local/lib/python3.12/site-packages/airflow/example_dags/example_bash_operator.py
[2025-03-08T23:43:40.393+0000] {logging_mixin.py:190} INFO - [2025-03-08T23:43:40.393+0000] {dag.py:3239} INFO - Sync 1 DAGs
[2025-03-08T23:43:40.413+0000] {logging_mixin.py:190} INFO - [2025-03-08T23:43:40.412+0000] {dag.py:4180} INFO - Setting next_dagrun for example_bash_operator to 2025-03-07 00:00:00+00:00, run_after=2025-03-08 00:00:00+00:00
[2025-03-08T23:43:40.427+0000] {processor.py:208} INFO - Processing /home/airflow/.local/lib/python3.12/site-packages/airflow/example_dags/example_bash_operator.py took 0.073 seconds
[2025-03-08T23:44:10.719+0000] {processor.py:186} INFO - Started process (PID=914) to work on /home/airflow/.local/lib/python3.12/site-packages/airflow/example_dags/example_bash_operator.py
[2025-03-08T23:44:10.720+0000] {processor.py:914} INFO - Processing file /home/airflow/.local/lib/python3.12/site-packages/airflow/example_dags/example_bash_operator.py for tasks to queue
[2025-03-08T23:44:10.722+0000] {logging_mixin.py:190} INFO - [2025-03-08T23:44:10.722+0000] {dagbag.py:588} INFO - Filling up the DagBag from /home/airflow/.local/lib/python3.12/site-packages/airflow/example_dags/example_bash_operator.py
[2025-03-08T23:44:10.732+0000] {processor.py:925} INFO - DAG(s) 'example_bash_operator' retrieved from /home/airflow/.local/lib/python3.12/site-packages/airflow/example_dags/example_bash_operator.py
[2025-03-08T23:44:10.755+0000] {logging_mixin.py:190} INFO - [2025-03-08T23:44:10.755+0000] {dag.py:3239} INFO - Sync 1 DAGs
[2025-03-08T23:44:10.776+0000] {logging_mixin.py:190} INFO - [2025-03-08T23:44:10.776+0000] {dag.py:4180} INFO - Setting next_dagrun for example_bash_operator to 2025-03-07 00:00:00+00:00, run_after=2025-03-08 00:00:00+00:00
[2025-03-08T23:44:10.793+0000] {processor.py:208} INFO - Processing /home/airflow/.local/lib/python3.12/site-packages/airflow/example_dags/example_bash_operator.py took 0.077 seconds
[2025-03-08T23:44:42.088+0000] {processor.py:186} INFO - Started process (PID=977) to work on /home/airflow/.local/lib/python3.12/site-packages/airflow/example_dags/example_bash_operator.py
[2025-03-08T23:44:42.089+0000] {processor.py:914} INFO - Processing file /home/airflow/.local/lib/python3.12/site-packages/airflow/example_dags/example_bash_operator.py for tasks to queue
[2025-03-08T23:44:42.091+0000] {logging_mixin.py:190} INFO - [2025-03-08T23:44:42.091+0000] {dagbag.py:588} INFO - Filling up the DagBag from /home/airflow/.local/lib/python3.12/site-packages/airflow/example_dags/example_bash_operator.py
[2025-03-08T23:44:42.101+0000] {processor.py:925} INFO - DAG(s) 'example_bash_operator' retrieved from /home/airflow/.local/lib/python3.12/site-packages/airflow/example_dags/example_bash_operator.py
[2025-03-08T23:44:42.123+0000] {logging_mixin.py:190} INFO - [2025-03-08T23:44:42.123+0000] {dag.py:3239} INFO - Sync 1 DAGs
[2025-03-08T23:44:42.142+0000] {logging_mixin.py:190} INFO - [2025-03-08T23:44:42.142+0000] {dag.py:4180} INFO - Setting next_dagrun for example_bash_operator to 2025-03-07 00:00:00+00:00, run_after=2025-03-08 00:00:00+00:00
[2025-03-08T23:44:42.158+0000] {processor.py:208} INFO - Processing /home/airflow/.local/lib/python3.12/site-packages/airflow/example_dags/example_bash_operator.py took 0.075 seconds
[2025-03-08T23:45:13.088+0000] {processor.py:186} INFO - Started process (PID=1040) to work on /home/airflow/.local/lib/python3.12/site-packages/airflow/example_dags/example_bash_operator.py
[2025-03-08T23:45:13.089+0000] {processor.py:914} INFO - Processing file /home/airflow/.local/lib/python3.12/site-packages/airflow/example_dags/example_bash_operator.py for tasks to queue
[2025-03-08T23:45:13.091+0000] {logging_mixin.py:190} INFO - [2025-03-08T23:45:13.091+0000] {dagbag.py:588} INFO - Filling up the DagBag from /home/airflow/.local/lib/python3.12/site-packages/airflow/example_dags/example_bash_operator.py
[2025-03-08T23:45:13.100+0000] {processor.py:925} INFO - DAG(s) 'example_bash_operator' retrieved from /home/airflow/.local/lib/python3.12/site-packages/airflow/example_dags/example_bash_operator.py
[2025-03-08T23:45:13.120+0000] {logging_mixin.py:190} INFO - [2025-03-08T23:45:13.120+0000] {dag.py:3239} INFO - Sync 1 DAGs
[2025-03-08T23:45:13.137+0000] {logging_mixin.py:190} INFO - [2025-03-08T23:45:13.137+0000] {dag.py:4180} INFO - Setting next_dagrun for example_bash_operator to 2025-03-07 00:00:00+00:00, run_after=2025-03-08 00:00:00+00:00
[2025-03-08T23:45:13.149+0000] {processor.py:208} INFO - Processing /home/airflow/.local/lib/python3.12/site-packages/airflow/example_dags/example_bash_operator.py took 0.065 seconds
[2025-03-08T23:45:44.040+0000] {processor.py:186} INFO - Started process (PID=1103) to work on /home/airflow/.local/lib/python3.12/site-packages/airflow/example_dags/example_bash_operator.py
[2025-03-08T23:45:44.041+0000] {processor.py:914} INFO - Processing file /home/airflow/.local/lib/python3.12/site-packages/airflow/example_dags/example_bash_operator.py for tasks to queue
[2025-03-08T23:45:44.043+0000] {logging_mixin.py:190} INFO - [2025-03-08T23:45:44.042+0000] {dagbag.py:588} INFO - Filling up the DagBag from /home/airflow/.local/lib/python3.12/site-packages/airflow/example_dags/example_bash_operator.py
[2025-03-08T23:45:44.051+0000] {processor.py:925} INFO - DAG(s) 'example_bash_operator' retrieved from /home/airflow/.local/lib/python3.12/site-packages/airflow/example_dags/example_bash_operator.py
[2025-03-08T23:45:44.073+0000] {logging_mixin.py:190} INFO - [2025-03-08T23:45:44.072+0000] {dag.py:3239} INFO - Sync 1 DAGs
[2025-03-08T23:45:44.093+0000] {logging_mixin.py:190} INFO - [2025-03-08T23:45:44.092+0000] {dag.py:4180} INFO - Setting next_dagrun for example_bash_operator to 2025-03-07 00:00:00+00:00, run_after=2025-03-08 00:00:00+00:00
[2025-03-08T23:45:44.108+0000] {processor.py:208} INFO - Processing /home/airflow/.local/lib/python3.12/site-packages/airflow/example_dags/example_bash_operator.py took 0.072 seconds
[2025-03-08T23:46:15.102+0000] {processor.py:186} INFO - Started process (PID=1166) to work on /home/airflow/.local/lib/python3.12/site-packages/airflow/example_dags/example_bash_operator.py
[2025-03-08T23:46:15.103+0000] {processor.py:914} INFO - Processing file /home/airflow/.local/lib/python3.12/site-packages/airflow/example_dags/example_bash_operator.py for tasks to queue
[2025-03-08T23:46:15.104+0000] {logging_mixin.py:190} INFO - [2025-03-08T23:46:15.104+0000] {dagbag.py:588} INFO - Filling up the DagBag from /home/airflow/.local/lib/python3.12/site-packages/airflow/example_dags/example_bash_operator.py
[2025-03-08T23:46:15.113+0000] {processor.py:925} INFO - DAG(s) 'example_bash_operator' retrieved from /home/airflow/.local/lib/python3.12/site-packages/airflow/example_dags/example_bash_operator.py
[2025-03-08T23:46:15.131+0000] {logging_mixin.py:190} INFO - [2025-03-08T23:46:15.131+0000] {dag.py:3239} INFO - Sync 1 DAGs
[2025-03-08T23:46:15.149+0000] {logging_mixin.py:190} INFO - [2025-03-08T23:46:15.149+0000] {dag.py:4180} INFO - Setting next_dagrun for example_bash_operator to 2025-03-07 00:00:00+00:00, run_after=2025-03-08 00:00:00+00:00
[2025-03-08T23:46:15.165+0000] {processor.py:208} INFO - Processing /home/airflow/.local/lib/python3.12/site-packages/airflow/example_dags/example_bash_operator.py took 0.067 seconds
[2025-03-08T23:46:46.123+0000] {processor.py:186} INFO - Started process (PID=1229) to work on /home/airflow/.local/lib/python3.12/site-packages/airflow/example_dags/example_bash_operator.py
[2025-03-08T23:46:46.124+0000] {processor.py:914} INFO - Processing file /home/airflow/.local/lib/python3.12/site-packages/airflow/example_dags/example_bash_operator.py for tasks to queue
[2025-03-08T23:46:46.125+0000] {logging_mixin.py:190} INFO - [2025-03-08T23:46:46.125+0000] {dagbag.py:588} INFO - Filling up the DagBag from /home/airflow/.local/lib/python3.12/site-packages/airflow/example_dags/example_bash_operator.py
[2025-03-08T23:46:46.133+0000] {processor.py:925} INFO - DAG(s) 'example_bash_operator' retrieved from /home/airflow/.local/lib/python3.12/site-packages/airflow/example_dags/example_bash_operator.py
[2025-03-08T23:46:46.152+0000] {logging_mixin.py:190} INFO - [2025-03-08T23:46:46.152+0000] {dag.py:3239} INFO - Sync 1 DAGs
[2025-03-08T23:46:46.170+0000] {logging_mixin.py:190} INFO - [2025-03-08T23:46:46.170+0000] {dag.py:4180} INFO - Setting next_dagrun for example_bash_operator to 2025-03-07 00:00:00+00:00, run_after=2025-03-08 00:00:00+00:00
[2025-03-08T23:46:46.190+0000] {processor.py:208} INFO - Processing /home/airflow/.local/lib/python3.12/site-packages/airflow/example_dags/example_bash_operator.py took 0.070 seconds
[2025-03-08T23:47:16.889+0000] {processor.py:186} INFO - Started process (PID=1292) to work on /home/airflow/.local/lib/python3.12/site-packages/airflow/example_dags/example_bash_operator.py
[2025-03-08T23:47:16.890+0000] {processor.py:914} INFO - Processing file /home/airflow/.local/lib/python3.12/site-packages/airflow/example_dags/example_bash_operator.py for tasks to queue
[2025-03-08T23:47:16.892+0000] {logging_mixin.py:190} INFO - [2025-03-08T23:47:16.892+0000] {dagbag.py:588} INFO - Filling up the DagBag from /home/airflow/.local/lib/python3.12/site-packages/airflow/example_dags/example_bash_operator.py
[2025-03-08T23:47:16.900+0000] {processor.py:925} INFO - DAG(s) 'example_bash_operator' retrieved from /home/airflow/.local/lib/python3.12/site-packages/airflow/example_dags/example_bash_operator.py
[2025-03-08T23:47:16.919+0000] {logging_mixin.py:190} INFO - [2025-03-08T23:47:16.919+0000] {dag.py:3239} INFO - Sync 1 DAGs
[2025-03-08T23:47:16.935+0000] {logging_mixin.py:190} INFO - [2025-03-08T23:47:16.935+0000] {dag.py:4180} INFO - Setting next_dagrun for example_bash_operator to 2025-03-07 00:00:00+00:00, run_after=2025-03-08 00:00:00+00:00
[2025-03-08T23:47:16.949+0000] {processor.py:208} INFO - Processing /home/airflow/.local/lib/python3.12/site-packages/airflow/example_dags/example_bash_operator.py took 0.064 seconds
[2025-03-08T23:47:47.736+0000] {processor.py:186} INFO - Started process (PID=1355) to work on /home/airflow/.local/lib/python3.12/site-packages/airflow/example_dags/example_bash_operator.py
[2025-03-08T23:47:47.737+0000] {processor.py:914} INFO - Processing file /home/airflow/.local/lib/python3.12/site-packages/airflow/example_dags/example_bash_operator.py for tasks to queue
[2025-03-08T23:47:47.738+0000] {logging_mixin.py:190} INFO - [2025-03-08T23:47:47.738+0000] {dagbag.py:588} INFO - Filling up the DagBag from /home/airflow/.local/lib/python3.12/site-packages/airflow/example_dags/example_bash_operator.py
[2025-03-08T23:47:47.747+0000] {processor.py:925} INFO - DAG(s) 'example_bash_operator' retrieved from /home/airflow/.local/lib/python3.12/site-packages/airflow/example_dags/example_bash_operator.py
[2025-03-08T23:47:47.765+0000] {logging_mixin.py:190} INFO - [2025-03-08T23:47:47.765+0000] {dag.py:3239} INFO - Sync 1 DAGs
[2025-03-08T23:47:47.782+0000] {logging_mixin.py:190} INFO - [2025-03-08T23:47:47.782+0000] {dag.py:4180} INFO - Setting next_dagrun for example_bash_operator to 2025-03-07 00:00:00+00:00, run_after=2025-03-08 00:00:00+00:00
[2025-03-08T23:47:47.794+0000] {processor.py:208} INFO - Processing /home/airflow/.local/lib/python3.12/site-packages/airflow/example_dags/example_bash_operator.py took 0.063 seconds
[2025-03-08T23:48:18.272+0000] {processor.py:186} INFO - Started process (PID=1418) to work on /home/airflow/.local/lib/python3.12/site-packages/airflow/example_dags/example_bash_operator.py
[2025-03-08T23:48:18.272+0000] {processor.py:914} INFO - Processing file /home/airflow/.local/lib/python3.12/site-packages/airflow/example_dags/example_bash_operator.py for tasks to queue
[2025-03-08T23:48:18.274+0000] {logging_mixin.py:190} INFO - [2025-03-08T23:48:18.273+0000] {dagbag.py:588} INFO - Filling up the DagBag from /home/airflow/.local/lib/python3.12/site-packages/airflow/example_dags/example_bash_operator.py
[2025-03-08T23:48:18.282+0000] {processor.py:925} INFO - DAG(s) 'example_bash_operator' retrieved from /home/airflow/.local/lib/python3.12/site-packages/airflow/example_dags/example_bash_operator.py
[2025-03-08T23:48:18.301+0000] {logging_mixin.py:190} INFO - [2025-03-08T23:48:18.301+0000] {dag.py:3239} INFO - Sync 1 DAGs
[2025-03-08T23:48:18.317+0000] {logging_mixin.py:190} INFO - [2025-03-08T23:48:18.317+0000] {dag.py:4180} INFO - Setting next_dagrun for example_bash_operator to 2025-03-07 00:00:00+00:00, run_after=2025-03-08 00:00:00+00:00
[2025-03-08T23:48:18.331+0000] {processor.py:208} INFO - Processing /home/airflow/.local/lib/python3.12/site-packages/airflow/example_dags/example_bash_operator.py took 0.063 seconds
[2025-03-08T23:48:49.118+0000] {processor.py:186} INFO - Started process (PID=1481) to work on /home/airflow/.local/lib/python3.12/site-packages/airflow/example_dags/example_bash_operator.py
[2025-03-08T23:48:49.119+0000] {processor.py:914} INFO - Processing file /home/airflow/.local/lib/python3.12/site-packages/airflow/example_dags/example_bash_operator.py for tasks to queue
[2025-03-08T23:48:49.121+0000] {logging_mixin.py:190} INFO - [2025-03-08T23:48:49.121+0000] {dagbag.py:588} INFO - Filling up the DagBag from /home/airflow/.local/lib/python3.12/site-packages/airflow/example_dags/example_bash_operator.py
[2025-03-08T23:48:49.131+0000] {processor.py:925} INFO - DAG(s) 'example_bash_operator' retrieved from /home/airflow/.local/lib/python3.12/site-packages/airflow/example_dags/example_bash_operator.py
[2025-03-08T23:48:49.155+0000] {logging_mixin.py:190} INFO - [2025-03-08T23:48:49.154+0000] {dag.py:3239} INFO - Sync 1 DAGs
[2025-03-08T23:48:49.175+0000] {logging_mixin.py:190} INFO - [2025-03-08T23:48:49.175+0000] {dag.py:4180} INFO - Setting next_dagrun for example_bash_operator to 2025-03-07 00:00:00+00:00, run_after=2025-03-08 00:00:00+00:00
[2025-03-08T23:48:49.192+0000] {processor.py:208} INFO - Processing /home/airflow/.local/lib/python3.12/site-packages/airflow/example_dags/example_bash_operator.py took 0.078 seconds
[2025-03-08T23:49:20.522+0000] {processor.py:186} INFO - Started process (PID=1544) to work on /home/airflow/.local/lib/python3.12/site-packages/airflow/example_dags/example_bash_operator.py
[2025-03-08T23:49:20.523+0000] {processor.py:914} INFO - Processing file /home/airflow/.local/lib/python3.12/site-packages/airflow/example_dags/example_bash_operator.py for tasks to queue
[2025-03-08T23:49:20.526+0000] {logging_mixin.py:190} INFO - [2025-03-08T23:49:20.525+0000] {dagbag.py:588} INFO - Filling up the DagBag from /home/airflow/.local/lib/python3.12/site-packages/airflow/example_dags/example_bash_operator.py
[2025-03-08T23:49:20.539+0000] {processor.py:925} INFO - DAG(s) 'example_bash_operator' retrieved from /home/airflow/.local/lib/python3.12/site-packages/airflow/example_dags/example_bash_operator.py
[2025-03-08T23:49:20.563+0000] {logging_mixin.py:190} INFO - [2025-03-08T23:49:20.562+0000] {dag.py:3239} INFO - Sync 1 DAGs
[2025-03-08T23:49:20.583+0000] {logging_mixin.py:190} INFO - [2025-03-08T23:49:20.583+0000] {dag.py:4180} INFO - Setting next_dagrun for example_bash_operator to 2025-03-07 00:00:00+00:00, run_after=2025-03-08 00:00:00+00:00
[2025-03-08T23:49:20.603+0000] {processor.py:208} INFO - Processing /home/airflow/.local/lib/python3.12/site-packages/airflow/example_dags/example_bash_operator.py took 0.086 seconds
[2025-03-08T23:49:51.778+0000] {processor.py:186} INFO - Started process (PID=1607) to work on /home/airflow/.local/lib/python3.12/site-packages/airflow/example_dags/example_bash_operator.py
[2025-03-08T23:49:51.779+0000] {processor.py:914} INFO - Processing file /home/airflow/.local/lib/python3.12/site-packages/airflow/example_dags/example_bash_operator.py for tasks to queue
[2025-03-08T23:49:51.781+0000] {logging_mixin.py:190} INFO - [2025-03-08T23:49:51.781+0000] {dagbag.py:588} INFO - Filling up the DagBag from /home/airflow/.local/lib/python3.12/site-packages/airflow/example_dags/example_bash_operator.py
[2025-03-08T23:49:51.790+0000] {processor.py:925} INFO - DAG(s) 'example_bash_operator' retrieved from /home/airflow/.local/lib/python3.12/site-packages/airflow/example_dags/example_bash_operator.py
[2025-03-08T23:49:51.813+0000] {logging_mixin.py:190} INFO - [2025-03-08T23:49:51.813+0000] {dag.py:3239} INFO - Sync 1 DAGs
[2025-03-08T23:49:51.833+0000] {logging_mixin.py:190} INFO - [2025-03-08T23:49:51.833+0000] {dag.py:4180} INFO - Setting next_dagrun for example_bash_operator to 2025-03-07 00:00:00+00:00, run_after=2025-03-08 00:00:00+00:00
[2025-03-08T23:49:51.846+0000] {processor.py:208} INFO - Processing /home/airflow/.local/lib/python3.12/site-packages/airflow/example_dags/example_bash_operator.py took 0.074 seconds
[2025-03-08T23:50:23.221+0000] {processor.py:186} INFO - Started process (PID=1670) to work on /home/airflow/.local/lib/python3.12/site-packages/airflow/example_dags/example_bash_operator.py
[2025-03-08T23:50:23.222+0000] {processor.py:914} INFO - Processing file /home/airflow/.local/lib/python3.12/site-packages/airflow/example_dags/example_bash_operator.py for tasks to queue
[2025-03-08T23:50:23.224+0000] {logging_mixin.py:190} INFO - [2025-03-08T23:50:23.223+0000] {dagbag.py:588} INFO - Filling up the DagBag from /home/airflow/.local/lib/python3.12/site-packages/airflow/example_dags/example_bash_operator.py
[2025-03-08T23:50:23.235+0000] {processor.py:925} INFO - DAG(s) 'example_bash_operator' retrieved from /home/airflow/.local/lib/python3.12/site-packages/airflow/example_dags/example_bash_operator.py
[2025-03-08T23:50:23.257+0000] {logging_mixin.py:190} INFO - [2025-03-08T23:50:23.257+0000] {dag.py:3239} INFO - Sync 1 DAGs
[2025-03-08T23:50:23.274+0000] {logging_mixin.py:190} INFO - [2025-03-08T23:50:23.274+0000] {dag.py:4180} INFO - Setting next_dagrun for example_bash_operator to 2025-03-07 00:00:00+00:00, run_after=2025-03-08 00:00:00+00:00
[2025-03-08T23:50:23.288+0000] {processor.py:208} INFO - Processing /home/airflow/.local/lib/python3.12/site-packages/airflow/example_dags/example_bash_operator.py took 0.073 seconds
[2025-03-08T23:50:54.076+0000] {processor.py:186} INFO - Started process (PID=1733) to work on /home/airflow/.local/lib/python3.12/site-packages/airflow/example_dags/example_bash_operator.py
[2025-03-08T23:50:54.077+0000] {processor.py:914} INFO - Processing file /home/airflow/.local/lib/python3.12/site-packages/airflow/example_dags/example_bash_operator.py for tasks to queue
[2025-03-08T23:50:54.080+0000] {logging_mixin.py:190} INFO - [2025-03-08T23:50:54.080+0000] {dagbag.py:588} INFO - Filling up the DagBag from /home/airflow/.local/lib/python3.12/site-packages/airflow/example_dags/example_bash_operator.py
[2025-03-08T23:50:54.092+0000] {processor.py:925} INFO - DAG(s) 'example_bash_operator' retrieved from /home/airflow/.local/lib/python3.12/site-packages/airflow/example_dags/example_bash_operator.py
[2025-03-08T23:50:54.117+0000] {logging_mixin.py:190} INFO - [2025-03-08T23:50:54.117+0000] {dag.py:3239} INFO - Sync 1 DAGs
[2025-03-08T23:50:54.135+0000] {logging_mixin.py:190} INFO - [2025-03-08T23:50:54.135+0000] {dag.py:4180} INFO - Setting next_dagrun for example_bash_operator to 2025-03-07 00:00:00+00:00, run_after=2025-03-08 00:00:00+00:00
[2025-03-08T23:50:54.148+0000] {processor.py:208} INFO - Processing /home/airflow/.local/lib/python3.12/site-packages/airflow/example_dags/example_bash_operator.py took 0.078 seconds
[2025-03-08T23:51:25.282+0000] {processor.py:186} INFO - Started process (PID=1796) to work on /home/airflow/.local/lib/python3.12/site-packages/airflow/example_dags/example_bash_operator.py
[2025-03-08T23:51:25.283+0000] {processor.py:914} INFO - Processing file /home/airflow/.local/lib/python3.12/site-packages/airflow/example_dags/example_bash_operator.py for tasks to queue
[2025-03-08T23:51:25.284+0000] {logging_mixin.py:190} INFO - [2025-03-08T23:51:25.284+0000] {dagbag.py:588} INFO - Filling up the DagBag from /home/airflow/.local/lib/python3.12/site-packages/airflow/example_dags/example_bash_operator.py
[2025-03-08T23:51:25.292+0000] {processor.py:925} INFO - DAG(s) 'example_bash_operator' retrieved from /home/airflow/.local/lib/python3.12/site-packages/airflow/example_dags/example_bash_operator.py
[2025-03-08T23:51:25.312+0000] {logging_mixin.py:190} INFO - [2025-03-08T23:51:25.312+0000] {dag.py:3239} INFO - Sync 1 DAGs
[2025-03-08T23:51:25.329+0000] {logging_mixin.py:190} INFO - [2025-03-08T23:51:25.329+0000] {dag.py:4180} INFO - Setting next_dagrun for example_bash_operator to 2025-03-07 00:00:00+00:00, run_after=2025-03-08 00:00:00+00:00
[2025-03-08T23:51:25.342+0000] {processor.py:208} INFO - Processing /home/airflow/.local/lib/python3.12/site-packages/airflow/example_dags/example_bash_operator.py took 0.064 seconds
[2025-03-08T23:51:56.101+0000] {processor.py:186} INFO - Started process (PID=1859) to work on /home/airflow/.local/lib/python3.12/site-packages/airflow/example_dags/example_bash_operator.py
[2025-03-08T23:51:56.102+0000] {processor.py:914} INFO - Processing file /home/airflow/.local/lib/python3.12/site-packages/airflow/example_dags/example_bash_operator.py for tasks to queue
[2025-03-08T23:51:56.103+0000] {logging_mixin.py:190} INFO - [2025-03-08T23:51:56.103+0000] {dagbag.py:588} INFO - Filling up the DagBag from /home/airflow/.local/lib/python3.12/site-packages/airflow/example_dags/example_bash_operator.py
[2025-03-08T23:51:56.112+0000] {processor.py:925} INFO - DAG(s) 'example_bash_operator' retrieved from /home/airflow/.local/lib/python3.12/site-packages/airflow/example_dags/example_bash_operator.py
[2025-03-08T23:51:56.133+0000] {logging_mixin.py:190} INFO - [2025-03-08T23:51:56.133+0000] {dag.py:3239} INFO - Sync 1 DAGs
[2025-03-08T23:51:56.151+0000] {logging_mixin.py:190} INFO - [2025-03-08T23:51:56.151+0000] {dag.py:4180} INFO - Setting next_dagrun for example_bash_operator to 2025-03-07 00:00:00+00:00, run_after=2025-03-08 00:00:00+00:00
[2025-03-08T23:51:56.165+0000] {processor.py:208} INFO - Processing /home/airflow/.local/lib/python3.12/site-packages/airflow/example_dags/example_bash_operator.py took 0.068 seconds
[2025-03-08T23:52:27.267+0000] {processor.py:186} INFO - Started process (PID=1922) to work on /home/airflow/.local/lib/python3.12/site-packages/airflow/example_dags/example_bash_operator.py
[2025-03-08T23:52:27.268+0000] {processor.py:914} INFO - Processing file /home/airflow/.local/lib/python3.12/site-packages/airflow/example_dags/example_bash_operator.py for tasks to queue
[2025-03-08T23:52:27.269+0000] {logging_mixin.py:190} INFO - [2025-03-08T23:52:27.269+0000] {dagbag.py:588} INFO - Filling up the DagBag from /home/airflow/.local/lib/python3.12/site-packages/airflow/example_dags/example_bash_operator.py
[2025-03-08T23:52:27.278+0000] {processor.py:925} INFO - DAG(s) 'example_bash_operator' retrieved from /home/airflow/.local/lib/python3.12/site-packages/airflow/example_dags/example_bash_operator.py
[2025-03-08T23:52:27.301+0000] {logging_mixin.py:190} INFO - [2025-03-08T23:52:27.300+0000] {dag.py:3239} INFO - Sync 1 DAGs
[2025-03-08T23:52:27.319+0000] {logging_mixin.py:190} INFO - [2025-03-08T23:52:27.319+0000] {dag.py:4180} INFO - Setting next_dagrun for example_bash_operator to 2025-03-07 00:00:00+00:00, run_after=2025-03-08 00:00:00+00:00
[2025-03-08T23:52:27.334+0000] {processor.py:208} INFO - Processing /home/airflow/.local/lib/python3.12/site-packages/airflow/example_dags/example_bash_operator.py took 0.072 seconds
[2025-03-08T23:52:58.174+0000] {processor.py:186} INFO - Started process (PID=1985) to work on /home/airflow/.local/lib/python3.12/site-packages/airflow/example_dags/example_bash_operator.py
[2025-03-08T23:52:58.174+0000] {processor.py:914} INFO - Processing file /home/airflow/.local/lib/python3.12/site-packages/airflow/example_dags/example_bash_operator.py for tasks to queue
[2025-03-08T23:52:58.176+0000] {logging_mixin.py:190} INFO - [2025-03-08T23:52:58.175+0000] {dagbag.py:588} INFO - Filling up the DagBag from /home/airflow/.local/lib/python3.12/site-packages/airflow/example_dags/example_bash_operator.py
[2025-03-08T23:52:58.184+0000] {processor.py:925} INFO - DAG(s) 'example_bash_operator' retrieved from /home/airflow/.local/lib/python3.12/site-packages/airflow/example_dags/example_bash_operator.py
[2025-03-08T23:52:58.201+0000] {logging_mixin.py:190} INFO - [2025-03-08T23:52:58.201+0000] {dag.py:3239} INFO - Sync 1 DAGs
[2025-03-08T23:52:58.217+0000] {logging_mixin.py:190} INFO - [2025-03-08T23:52:58.217+0000] {dag.py:4180} INFO - Setting next_dagrun for example_bash_operator to 2025-03-07 00:00:00+00:00, run_after=2025-03-08 00:00:00+00:00
[2025-03-08T23:52:58.230+0000] {processor.py:208} INFO - Processing /home/airflow/.local/lib/python3.12/site-packages/airflow/example_dags/example_bash_operator.py took 0.060 seconds
[2025-03-08T23:53:28.938+0000] {processor.py:186} INFO - Started process (PID=2048) to work on /home/airflow/.local/lib/python3.12/site-packages/airflow/example_dags/example_bash_operator.py
[2025-03-08T23:53:28.939+0000] {processor.py:914} INFO - Processing file /home/airflow/.local/lib/python3.12/site-packages/airflow/example_dags/example_bash_operator.py for tasks to queue
[2025-03-08T23:53:28.940+0000] {logging_mixin.py:190} INFO - [2025-03-08T23:53:28.940+0000] {dagbag.py:588} INFO - Filling up the DagBag from /home/airflow/.local/lib/python3.12/site-packages/airflow/example_dags/example_bash_operator.py
[2025-03-08T23:53:28.952+0000] {processor.py:925} INFO - DAG(s) 'example_bash_operator' retrieved from /home/airflow/.local/lib/python3.12/site-packages/airflow/example_dags/example_bash_operator.py
[2025-03-08T23:53:28.978+0000] {logging_mixin.py:190} INFO - [2025-03-08T23:53:28.978+0000] {dag.py:3239} INFO - Sync 1 DAGs
[2025-03-08T23:53:28.999+0000] {logging_mixin.py:190} INFO - [2025-03-08T23:53:28.999+0000] {dag.py:4180} INFO - Setting next_dagrun for example_bash_operator to 2025-03-07 00:00:00+00:00, run_after=2025-03-08 00:00:00+00:00
[2025-03-08T23:53:29.015+0000] {processor.py:208} INFO - Processing /home/airflow/.local/lib/python3.12/site-packages/airflow/example_dags/example_bash_operator.py took 0.081 seconds
[2025-03-08T23:54:00.213+0000] {processor.py:186} INFO - Started process (PID=2117) to work on /home/airflow/.local/lib/python3.12/site-packages/airflow/example_dags/example_bash_operator.py
[2025-03-08T23:54:00.214+0000] {processor.py:914} INFO - Processing file /home/airflow/.local/lib/python3.12/site-packages/airflow/example_dags/example_bash_operator.py for tasks to queue
[2025-03-08T23:54:00.216+0000] {logging_mixin.py:190} INFO - [2025-03-08T23:54:00.216+0000] {dagbag.py:588} INFO - Filling up the DagBag from /home/airflow/.local/lib/python3.12/site-packages/airflow/example_dags/example_bash_operator.py
[2025-03-08T23:54:00.227+0000] {processor.py:925} INFO - DAG(s) 'example_bash_operator' retrieved from /home/airflow/.local/lib/python3.12/site-packages/airflow/example_dags/example_bash_operator.py
[2025-03-08T23:54:00.246+0000] {logging_mixin.py:190} INFO - [2025-03-08T23:54:00.245+0000] {dag.py:3239} INFO - Sync 1 DAGs
[2025-03-08T23:54:00.264+0000] {logging_mixin.py:190} INFO - [2025-03-08T23:54:00.264+0000] {dag.py:4180} INFO - Setting next_dagrun for example_bash_operator to 2025-03-07 00:00:00+00:00, run_after=2025-03-08 00:00:00+00:00
[2025-03-08T23:54:00.277+0000] {processor.py:208} INFO - Processing /home/airflow/.local/lib/python3.12/site-packages/airflow/example_dags/example_bash_operator.py took 0.069 seconds
[2025-03-08T23:54:31.491+0000] {processor.py:186} INFO - Started process (PID=2180) to work on /home/airflow/.local/lib/python3.12/site-packages/airflow/example_dags/example_bash_operator.py
[2025-03-08T23:54:31.491+0000] {processor.py:914} INFO - Processing file /home/airflow/.local/lib/python3.12/site-packages/airflow/example_dags/example_bash_operator.py for tasks to queue
[2025-03-08T23:54:31.494+0000] {logging_mixin.py:190} INFO - [2025-03-08T23:54:31.493+0000] {dagbag.py:588} INFO - Filling up the DagBag from /home/airflow/.local/lib/python3.12/site-packages/airflow/example_dags/example_bash_operator.py
[2025-03-08T23:54:31.504+0000] {processor.py:925} INFO - DAG(s) 'example_bash_operator' retrieved from /home/airflow/.local/lib/python3.12/site-packages/airflow/example_dags/example_bash_operator.py
[2025-03-08T23:54:31.525+0000] {logging_mixin.py:190} INFO - [2025-03-08T23:54:31.525+0000] {dag.py:3239} INFO - Sync 1 DAGs
[2025-03-08T23:54:31.554+0000] {logging_mixin.py:190} INFO - [2025-03-08T23:54:31.554+0000] {dag.py:4180} INFO - Setting next_dagrun for example_bash_operator to 2025-03-07 00:00:00+00:00, run_after=2025-03-08 00:00:00+00:00
[2025-03-08T23:54:31.575+0000] {processor.py:208} INFO - Processing /home/airflow/.local/lib/python3.12/site-packages/airflow/example_dags/example_bash_operator.py took 0.089 seconds
[2025-03-08T23:55:02.081+0000] {processor.py:186} INFO - Started process (PID=2243) to work on /home/airflow/.local/lib/python3.12/site-packages/airflow/example_dags/example_bash_operator.py
[2025-03-08T23:55:02.082+0000] {processor.py:914} INFO - Processing file /home/airflow/.local/lib/python3.12/site-packages/airflow/example_dags/example_bash_operator.py for tasks to queue
[2025-03-08T23:55:02.084+0000] {logging_mixin.py:190} INFO - [2025-03-08T23:55:02.084+0000] {dagbag.py:588} INFO - Filling up the DagBag from /home/airflow/.local/lib/python3.12/site-packages/airflow/example_dags/example_bash_operator.py
[2025-03-08T23:55:02.094+0000] {processor.py:925} INFO - DAG(s) 'example_bash_operator' retrieved from /home/airflow/.local/lib/python3.12/site-packages/airflow/example_dags/example_bash_operator.py
[2025-03-08T23:55:02.116+0000] {logging_mixin.py:190} INFO - [2025-03-08T23:55:02.115+0000] {dag.py:3239} INFO - Sync 1 DAGs
[2025-03-08T23:55:02.135+0000] {logging_mixin.py:190} INFO - [2025-03-08T23:55:02.135+0000] {dag.py:4180} INFO - Setting next_dagrun for example_bash_operator to 2025-03-07 00:00:00+00:00, run_after=2025-03-08 00:00:00+00:00
[2025-03-08T23:55:02.152+0000] {processor.py:208} INFO - Processing /home/airflow/.local/lib/python3.12/site-packages/airflow/example_dags/example_bash_operator.py took 0.074 seconds
[2025-03-08T23:55:33.329+0000] {processor.py:186} INFO - Started process (PID=2306) to work on /home/airflow/.local/lib/python3.12/site-packages/airflow/example_dags/example_bash_operator.py
[2025-03-08T23:55:33.330+0000] {processor.py:914} INFO - Processing file /home/airflow/.local/lib/python3.12/site-packages/airflow/example_dags/example_bash_operator.py for tasks to queue
[2025-03-08T23:55:33.332+0000] {logging_mixin.py:190} INFO - [2025-03-08T23:55:33.332+0000] {dagbag.py:588} INFO - Filling up the DagBag from /home/airflow/.local/lib/python3.12/site-packages/airflow/example_dags/example_bash_operator.py
[2025-03-08T23:55:33.341+0000] {processor.py:925} INFO - DAG(s) 'example_bash_operator' retrieved from /home/airflow/.local/lib/python3.12/site-packages/airflow/example_dags/example_bash_operator.py
[2025-03-08T23:55:33.362+0000] {logging_mixin.py:190} INFO - [2025-03-08T23:55:33.362+0000] {dag.py:3239} INFO - Sync 1 DAGs
[2025-03-08T23:55:33.381+0000] {logging_mixin.py:190} INFO - [2025-03-08T23:55:33.381+0000] {dag.py:4180} INFO - Setting next_dagrun for example_bash_operator to 2025-03-07 00:00:00+00:00, run_after=2025-03-08 00:00:00+00:00
[2025-03-08T23:55:33.394+0000] {processor.py:208} INFO - Processing /home/airflow/.local/lib/python3.12/site-packages/airflow/example_dags/example_bash_operator.py took 0.070 seconds
[2025-03-08T23:56:04.559+0000] {processor.py:186} INFO - Started process (PID=2369) to work on /home/airflow/.local/lib/python3.12/site-packages/airflow/example_dags/example_bash_operator.py
[2025-03-08T23:56:04.560+0000] {processor.py:914} INFO - Processing file /home/airflow/.local/lib/python3.12/site-packages/airflow/example_dags/example_bash_operator.py for tasks to queue
[2025-03-08T23:56:04.562+0000] {logging_mixin.py:190} INFO - [2025-03-08T23:56:04.561+0000] {dagbag.py:588} INFO - Filling up the DagBag from /home/airflow/.local/lib/python3.12/site-packages/airflow/example_dags/example_bash_operator.py
[2025-03-08T23:56:04.571+0000] {processor.py:925} INFO - DAG(s) 'example_bash_operator' retrieved from /home/airflow/.local/lib/python3.12/site-packages/airflow/example_dags/example_bash_operator.py
[2025-03-08T23:56:04.591+0000] {logging_mixin.py:190} INFO - [2025-03-08T23:56:04.591+0000] {dag.py:3239} INFO - Sync 1 DAGs
[2025-03-08T23:56:04.612+0000] {logging_mixin.py:190} INFO - [2025-03-08T23:56:04.612+0000] {dag.py:4180} INFO - Setting next_dagrun for example_bash_operator to 2025-03-07 00:00:00+00:00, run_after=2025-03-08 00:00:00+00:00
[2025-03-08T23:56:04.628+0000] {processor.py:208} INFO - Processing /home/airflow/.local/lib/python3.12/site-packages/airflow/example_dags/example_bash_operator.py took 0.073 seconds
[2025-03-08T23:56:36.265+0000] {processor.py:186} INFO - Started process (PID=2432) to work on /home/airflow/.local/lib/python3.12/site-packages/airflow/example_dags/example_bash_operator.py
[2025-03-08T23:56:36.265+0000] {processor.py:914} INFO - Processing file /home/airflow/.local/lib/python3.12/site-packages/airflow/example_dags/example_bash_operator.py for tasks to queue
[2025-03-08T23:56:36.267+0000] {logging_mixin.py:190} INFO - [2025-03-08T23:56:36.267+0000] {dagbag.py:588} INFO - Filling up the DagBag from /home/airflow/.local/lib/python3.12/site-packages/airflow/example_dags/example_bash_operator.py
[2025-03-08T23:56:36.276+0000] {processor.py:925} INFO - DAG(s) 'example_bash_operator' retrieved from /home/airflow/.local/lib/python3.12/site-packages/airflow/example_dags/example_bash_operator.py
[2025-03-08T23:56:36.297+0000] {logging_mixin.py:190} INFO - [2025-03-08T23:56:36.297+0000] {dag.py:3239} INFO - Sync 1 DAGs
[2025-03-08T23:56:36.316+0000] {logging_mixin.py:190} INFO - [2025-03-08T23:56:36.316+0000] {dag.py:4180} INFO - Setting next_dagrun for example_bash_operator to 2025-03-07 00:00:00+00:00, run_after=2025-03-08 00:00:00+00:00
[2025-03-08T23:56:36.333+0000] {processor.py:208} INFO - Processing /home/airflow/.local/lib/python3.12/site-packages/airflow/example_dags/example_bash_operator.py took 0.073 seconds
[2025-03-08T23:57:07.151+0000] {processor.py:186} INFO - Started process (PID=2495) to work on /home/airflow/.local/lib/python3.12/site-packages/airflow/example_dags/example_bash_operator.py
[2025-03-08T23:57:07.152+0000] {processor.py:914} INFO - Processing file /home/airflow/.local/lib/python3.12/site-packages/airflow/example_dags/example_bash_operator.py for tasks to queue
[2025-03-08T23:57:07.154+0000] {logging_mixin.py:190} INFO - [2025-03-08T23:57:07.154+0000] {dagbag.py:588} INFO - Filling up the DagBag from /home/airflow/.local/lib/python3.12/site-packages/airflow/example_dags/example_bash_operator.py
[2025-03-08T23:57:07.163+0000] {processor.py:925} INFO - DAG(s) 'example_bash_operator' retrieved from /home/airflow/.local/lib/python3.12/site-packages/airflow/example_dags/example_bash_operator.py
[2025-03-08T23:57:07.181+0000] {logging_mixin.py:190} INFO - [2025-03-08T23:57:07.181+0000] {dag.py:3239} INFO - Sync 1 DAGs
[2025-03-08T23:57:07.198+0000] {logging_mixin.py:190} INFO - [2025-03-08T23:57:07.198+0000] {dag.py:4180} INFO - Setting next_dagrun for example_bash_operator to 2025-03-07 00:00:00+00:00, run_after=2025-03-08 00:00:00+00:00
[2025-03-08T23:57:07.214+0000] {processor.py:208} INFO - Processing /home/airflow/.local/lib/python3.12/site-packages/airflow/example_dags/example_bash_operator.py took 0.067 seconds
[2025-03-08T23:57:38.249+0000] {processor.py:186} INFO - Started process (PID=2558) to work on /home/airflow/.local/lib/python3.12/site-packages/airflow/example_dags/example_bash_operator.py
[2025-03-08T23:57:38.249+0000] {processor.py:914} INFO - Processing file /home/airflow/.local/lib/python3.12/site-packages/airflow/example_dags/example_bash_operator.py for tasks to queue
[2025-03-08T23:57:38.251+0000] {logging_mixin.py:190} INFO - [2025-03-08T23:57:38.251+0000] {dagbag.py:588} INFO - Filling up the DagBag from /home/airflow/.local/lib/python3.12/site-packages/airflow/example_dags/example_bash_operator.py
[2025-03-08T23:57:38.259+0000] {processor.py:925} INFO - DAG(s) 'example_bash_operator' retrieved from /home/airflow/.local/lib/python3.12/site-packages/airflow/example_dags/example_bash_operator.py
[2025-03-08T23:57:38.280+0000] {logging_mixin.py:190} INFO - [2025-03-08T23:57:38.279+0000] {dag.py:3239} INFO - Sync 1 DAGs
[2025-03-08T23:57:38.297+0000] {logging_mixin.py:190} INFO - [2025-03-08T23:57:38.297+0000] {dag.py:4180} INFO - Setting next_dagrun for example_bash_operator to 2025-03-07 00:00:00+00:00, run_after=2025-03-08 00:00:00+00:00
[2025-03-08T23:57:38.312+0000] {processor.py:208} INFO - Processing /home/airflow/.local/lib/python3.12/site-packages/airflow/example_dags/example_bash_operator.py took 0.066 seconds
[2025-03-08T23:58:09.717+0000] {processor.py:186} INFO - Started process (PID=2621) to work on /home/airflow/.local/lib/python3.12/site-packages/airflow/example_dags/example_bash_operator.py
[2025-03-08T23:58:09.718+0000] {processor.py:914} INFO - Processing file /home/airflow/.local/lib/python3.12/site-packages/airflow/example_dags/example_bash_operator.py for tasks to queue
[2025-03-08T23:58:09.719+0000] {logging_mixin.py:190} INFO - [2025-03-08T23:58:09.719+0000] {dagbag.py:588} INFO - Filling up the DagBag from /home/airflow/.local/lib/python3.12/site-packages/airflow/example_dags/example_bash_operator.py
[2025-03-08T23:58:09.728+0000] {processor.py:925} INFO - DAG(s) 'example_bash_operator' retrieved from /home/airflow/.local/lib/python3.12/site-packages/airflow/example_dags/example_bash_operator.py
[2025-03-08T23:58:09.755+0000] {logging_mixin.py:190} INFO - [2025-03-08T23:58:09.755+0000] {dag.py:3239} INFO - Sync 1 DAGs
[2025-03-08T23:58:09.775+0000] {logging_mixin.py:190} INFO - [2025-03-08T23:58:09.775+0000] {dag.py:4180} INFO - Setting next_dagrun for example_bash_operator to 2025-03-07 00:00:00+00:00, run_after=2025-03-08 00:00:00+00:00
[2025-03-08T23:58:09.794+0000] {processor.py:208} INFO - Processing /home/airflow/.local/lib/python3.12/site-packages/airflow/example_dags/example_bash_operator.py took 0.080 seconds
