[2025-03-08T22:35:46.574+0000] {processor.py:186} INFO - Started process (PID=83) to work on /home/airflow/.local/lib/python3.12/site-packages/airflow/example_dags/example_dag_decorator.py
[2025-03-08T22:35:46.575+0000] {processor.py:914} INFO - Processing file /home/airflow/.local/lib/python3.12/site-packages/airflow/example_dags/example_dag_decorator.py for tasks to queue
[2025-03-08T22:35:46.577+0000] {logging_mixin.py:190} INFO - [2025-03-08T22:35:46.576+0000] {dagbag.py:588} INFO - Filling up the DagBag from /home/airflow/.local/lib/python3.12/site-packages/airflow/example_dags/example_dag_decorator.py
[2025-03-08T22:35:46.856+0000] {processor.py:925} INFO - DAG(s) 'example_dag_decorator' retrieved from /home/airflow/.local/lib/python3.12/site-packages/airflow/example_dags/example_dag_decorator.py
[2025-03-08T22:35:46.931+0000] {logging_mixin.py:190} INFO - [2025-03-08T22:35:46.931+0000] {override.py:1912} INFO - Created Permission View: can edit on DAG:example_dag_decorator
[2025-03-08T22:35:46.940+0000] {logging_mixin.py:190} INFO - [2025-03-08T22:35:46.940+0000] {override.py:1912} INFO - Created Permission View: can read on DAG:example_dag_decorator
[2025-03-08T22:35:46.946+0000] {logging_mixin.py:190} INFO - [2025-03-08T22:35:46.946+0000] {override.py:1912} INFO - Created Permission View: can delete on DAG:example_dag_decorator
[2025-03-08T22:35:46.953+0000] {logging_mixin.py:190} INFO - [2025-03-08T22:35:46.953+0000] {override.py:1912} INFO - Created Permission View: menu access on DAG Run:example_dag_decorator
[2025-03-08T22:35:46.959+0000] {logging_mixin.py:190} INFO - [2025-03-08T22:35:46.959+0000] {override.py:1912} INFO - Created Permission View: can delete on DAG Run:example_dag_decorator
[2025-03-08T22:35:46.965+0000] {logging_mixin.py:190} INFO - [2025-03-08T22:35:46.965+0000] {override.py:1912} INFO - Created Permission View: can read on DAG Run:example_dag_decorator
[2025-03-08T22:35:46.971+0000] {logging_mixin.py:190} INFO - [2025-03-08T22:35:46.971+0000] {override.py:1912} INFO - Created Permission View: can create on DAG Run:example_dag_decorator
[2025-03-08T22:35:46.972+0000] {logging_mixin.py:190} INFO - [2025-03-08T22:35:46.972+0000] {dag.py:3239} INFO - Sync 1 DAGs
[2025-03-08T22:35:46.984+0000] {logging_mixin.py:190} INFO - [2025-03-08T22:35:46.984+0000] {dag.py:3262} INFO - Creating ORM DAG for example_dag_decorator
[2025-03-08T22:35:46.985+0000] {logging_mixin.py:190} INFO - [2025-03-08T22:35:46.985+0000] {dag.py:4180} INFO - Setting next_dagrun for example_dag_decorator to None, run_after=None
[2025-03-08T22:35:46.999+0000] {processor.py:208} INFO - Processing /home/airflow/.local/lib/python3.12/site-packages/airflow/example_dags/example_dag_decorator.py took 0.429 seconds
[2025-03-08T22:36:17.592+0000] {processor.py:186} INFO - Started process (PID=152) to work on /home/airflow/.local/lib/python3.12/site-packages/airflow/example_dags/example_dag_decorator.py
[2025-03-08T22:36:17.593+0000] {processor.py:914} INFO - Processing file /home/airflow/.local/lib/python3.12/site-packages/airflow/example_dags/example_dag_decorator.py for tasks to queue
[2025-03-08T22:36:17.595+0000] {logging_mixin.py:190} INFO - [2025-03-08T22:36:17.595+0000] {dagbag.py:588} INFO - Filling up the DagBag from /home/airflow/.local/lib/python3.12/site-packages/airflow/example_dags/example_dag_decorator.py
[2025-03-08T22:36:17.660+0000] {processor.py:925} INFO - DAG(s) 'example_dag_decorator' retrieved from /home/airflow/.local/lib/python3.12/site-packages/airflow/example_dags/example_dag_decorator.py
[2025-03-08T22:36:17.741+0000] {logging_mixin.py:190} INFO - [2025-03-08T22:36:17.741+0000] {dag.py:3239} INFO - Sync 1 DAGs
[2025-03-08T22:36:17.753+0000] {logging_mixin.py:190} INFO - [2025-03-08T22:36:17.753+0000] {dag.py:4180} INFO - Setting next_dagrun for example_dag_decorator to None, run_after=None
[2025-03-08T22:36:17.771+0000] {processor.py:208} INFO - Processing /home/airflow/.local/lib/python3.12/site-packages/airflow/example_dags/example_dag_decorator.py took 0.182 seconds
[2025-03-08T22:36:48.329+0000] {processor.py:186} INFO - Started process (PID=215) to work on /home/airflow/.local/lib/python3.12/site-packages/airflow/example_dags/example_dag_decorator.py
[2025-03-08T22:36:48.330+0000] {processor.py:914} INFO - Processing file /home/airflow/.local/lib/python3.12/site-packages/airflow/example_dags/example_dag_decorator.py for tasks to queue
[2025-03-08T22:36:48.332+0000] {logging_mixin.py:190} INFO - [2025-03-08T22:36:48.331+0000] {dagbag.py:588} INFO - Filling up the DagBag from /home/airflow/.local/lib/python3.12/site-packages/airflow/example_dags/example_dag_decorator.py
[2025-03-08T22:36:48.396+0000] {processor.py:925} INFO - DAG(s) 'example_dag_decorator' retrieved from /home/airflow/.local/lib/python3.12/site-packages/airflow/example_dags/example_dag_decorator.py
[2025-03-08T22:36:48.413+0000] {logging_mixin.py:190} INFO - [2025-03-08T22:36:48.413+0000] {dag.py:3239} INFO - Sync 1 DAGs
[2025-03-08T22:36:48.424+0000] {logging_mixin.py:190} INFO - [2025-03-08T22:36:48.424+0000] {dag.py:4180} INFO - Setting next_dagrun for example_dag_decorator to None, run_after=None
[2025-03-08T22:36:48.440+0000] {processor.py:208} INFO - Processing /home/airflow/.local/lib/python3.12/site-packages/airflow/example_dags/example_dag_decorator.py took 0.115 seconds
[2025-03-08T22:37:18.952+0000] {processor.py:186} INFO - Started process (PID=278) to work on /home/airflow/.local/lib/python3.12/site-packages/airflow/example_dags/example_dag_decorator.py
[2025-03-08T22:37:18.953+0000] {processor.py:914} INFO - Processing file /home/airflow/.local/lib/python3.12/site-packages/airflow/example_dags/example_dag_decorator.py for tasks to queue
[2025-03-08T22:37:18.954+0000] {logging_mixin.py:190} INFO - [2025-03-08T22:37:18.954+0000] {dagbag.py:588} INFO - Filling up the DagBag from /home/airflow/.local/lib/python3.12/site-packages/airflow/example_dags/example_dag_decorator.py
[2025-03-08T22:37:19.029+0000] {processor.py:925} INFO - DAG(s) 'example_dag_decorator' retrieved from /home/airflow/.local/lib/python3.12/site-packages/airflow/example_dags/example_dag_decorator.py
[2025-03-08T22:37:19.114+0000] {logging_mixin.py:190} INFO - [2025-03-08T22:37:19.113+0000] {dag.py:3239} INFO - Sync 1 DAGs
[2025-03-08T22:37:19.123+0000] {logging_mixin.py:190} INFO - [2025-03-08T22:37:19.123+0000] {dag.py:4180} INFO - Setting next_dagrun for example_dag_decorator to None, run_after=None
[2025-03-08T22:37:19.145+0000] {processor.py:208} INFO - Processing /home/airflow/.local/lib/python3.12/site-packages/airflow/example_dags/example_dag_decorator.py took 0.197 seconds
[2025-03-08T22:37:49.719+0000] {processor.py:186} INFO - Started process (PID=341) to work on /home/airflow/.local/lib/python3.12/site-packages/airflow/example_dags/example_dag_decorator.py
[2025-03-08T22:37:49.720+0000] {processor.py:914} INFO - Processing file /home/airflow/.local/lib/python3.12/site-packages/airflow/example_dags/example_dag_decorator.py for tasks to queue
[2025-03-08T22:37:49.722+0000] {logging_mixin.py:190} INFO - [2025-03-08T22:37:49.722+0000] {dagbag.py:588} INFO - Filling up the DagBag from /home/airflow/.local/lib/python3.12/site-packages/airflow/example_dags/example_dag_decorator.py
[2025-03-08T22:37:49.795+0000] {processor.py:925} INFO - DAG(s) 'example_dag_decorator' retrieved from /home/airflow/.local/lib/python3.12/site-packages/airflow/example_dags/example_dag_decorator.py
[2025-03-08T22:37:49.890+0000] {logging_mixin.py:190} INFO - [2025-03-08T22:37:49.890+0000] {dag.py:3239} INFO - Sync 1 DAGs
[2025-03-08T22:37:49.902+0000] {logging_mixin.py:190} INFO - [2025-03-08T22:37:49.902+0000] {dag.py:4180} INFO - Setting next_dagrun for example_dag_decorator to None, run_after=None
[2025-03-08T22:37:49.924+0000] {processor.py:208} INFO - Processing /home/airflow/.local/lib/python3.12/site-packages/airflow/example_dags/example_dag_decorator.py took 0.209 seconds
[2025-03-08T22:38:20.826+0000] {processor.py:186} INFO - Started process (PID=404) to work on /home/airflow/.local/lib/python3.12/site-packages/airflow/example_dags/example_dag_decorator.py
[2025-03-08T22:38:20.826+0000] {processor.py:914} INFO - Processing file /home/airflow/.local/lib/python3.12/site-packages/airflow/example_dags/example_dag_decorator.py for tasks to queue
[2025-03-08T22:38:20.828+0000] {logging_mixin.py:190} INFO - [2025-03-08T22:38:20.828+0000] {dagbag.py:588} INFO - Filling up the DagBag from /home/airflow/.local/lib/python3.12/site-packages/airflow/example_dags/example_dag_decorator.py
[2025-03-08T22:38:20.902+0000] {processor.py:925} INFO - DAG(s) 'example_dag_decorator' retrieved from /home/airflow/.local/lib/python3.12/site-packages/airflow/example_dags/example_dag_decorator.py
[2025-03-08T22:38:20.981+0000] {logging_mixin.py:190} INFO - [2025-03-08T22:38:20.981+0000] {dag.py:3239} INFO - Sync 1 DAGs
[2025-03-08T22:38:20.995+0000] {logging_mixin.py:190} INFO - [2025-03-08T22:38:20.994+0000] {dag.py:4180} INFO - Setting next_dagrun for example_dag_decorator to None, run_after=None
[2025-03-08T22:38:21.015+0000] {processor.py:208} INFO - Processing /home/airflow/.local/lib/python3.12/site-packages/airflow/example_dags/example_dag_decorator.py took 0.192 seconds
[2025-03-08T22:38:51.136+0000] {processor.py:186} INFO - Started process (PID=466) to work on /home/airflow/.local/lib/python3.12/site-packages/airflow/example_dags/example_dag_decorator.py
[2025-03-08T22:38:51.137+0000] {processor.py:914} INFO - Processing file /home/airflow/.local/lib/python3.12/site-packages/airflow/example_dags/example_dag_decorator.py for tasks to queue
[2025-03-08T22:38:51.139+0000] {logging_mixin.py:190} INFO - [2025-03-08T22:38:51.138+0000] {dagbag.py:588} INFO - Filling up the DagBag from /home/airflow/.local/lib/python3.12/site-packages/airflow/example_dags/example_dag_decorator.py
[2025-03-08T22:38:51.208+0000] {processor.py:925} INFO - DAG(s) 'example_dag_decorator' retrieved from /home/airflow/.local/lib/python3.12/site-packages/airflow/example_dags/example_dag_decorator.py
[2025-03-08T22:38:51.284+0000] {logging_mixin.py:190} INFO - [2025-03-08T22:38:51.284+0000] {dag.py:3239} INFO - Sync 1 DAGs
[2025-03-08T22:38:51.292+0000] {logging_mixin.py:190} INFO - [2025-03-08T22:38:51.292+0000] {dag.py:4180} INFO - Setting next_dagrun for example_dag_decorator to None, run_after=None
[2025-03-08T22:38:51.306+0000] {processor.py:208} INFO - Processing /home/airflow/.local/lib/python3.12/site-packages/airflow/example_dags/example_dag_decorator.py took 0.173 seconds
[2025-03-08T23:37:26.772+0000] {processor.py:186} INFO - Started process (PID=83) to work on /home/airflow/.local/lib/python3.12/site-packages/airflow/example_dags/example_dag_decorator.py
[2025-03-08T23:37:26.773+0000] {processor.py:914} INFO - Processing file /home/airflow/.local/lib/python3.12/site-packages/airflow/example_dags/example_dag_decorator.py for tasks to queue
[2025-03-08T23:37:26.776+0000] {logging_mixin.py:190} INFO - [2025-03-08T23:37:26.775+0000] {dagbag.py:588} INFO - Filling up the DagBag from /home/airflow/.local/lib/python3.12/site-packages/airflow/example_dags/example_dag_decorator.py
[2025-03-08T23:37:27.073+0000] {processor.py:925} INFO - DAG(s) 'example_dag_decorator' retrieved from /home/airflow/.local/lib/python3.12/site-packages/airflow/example_dags/example_dag_decorator.py
[2025-03-08T23:37:27.159+0000] {logging_mixin.py:190} INFO - [2025-03-08T23:37:27.158+0000] {dag.py:3239} INFO - Sync 1 DAGs
[2025-03-08T23:37:27.169+0000] {logging_mixin.py:190} INFO - [2025-03-08T23:37:27.168+0000] {dag.py:4180} INFO - Setting next_dagrun for example_dag_decorator to None, run_after=None
[2025-03-08T23:37:27.189+0000] {processor.py:208} INFO - Processing /home/airflow/.local/lib/python3.12/site-packages/airflow/example_dags/example_dag_decorator.py took 0.422 seconds
[2025-03-08T23:37:57.520+0000] {processor.py:186} INFO - Started process (PID=146) to work on /home/airflow/.local/lib/python3.12/site-packages/airflow/example_dags/example_dag_decorator.py
[2025-03-08T23:37:57.521+0000] {processor.py:914} INFO - Processing file /home/airflow/.local/lib/python3.12/site-packages/airflow/example_dags/example_dag_decorator.py for tasks to queue
[2025-03-08T23:37:57.523+0000] {logging_mixin.py:190} INFO - [2025-03-08T23:37:57.523+0000] {dagbag.py:588} INFO - Filling up the DagBag from /home/airflow/.local/lib/python3.12/site-packages/airflow/example_dags/example_dag_decorator.py
[2025-03-08T23:37:57.600+0000] {processor.py:925} INFO - DAG(s) 'example_dag_decorator' retrieved from /home/airflow/.local/lib/python3.12/site-packages/airflow/example_dags/example_dag_decorator.py
[2025-03-08T23:37:57.617+0000] {logging_mixin.py:190} INFO - [2025-03-08T23:37:57.617+0000] {dag.py:3239} INFO - Sync 1 DAGs
[2025-03-08T23:37:57.629+0000] {logging_mixin.py:190} INFO - [2025-03-08T23:37:57.628+0000] {dag.py:4180} INFO - Setting next_dagrun for example_dag_decorator to None, run_after=None
[2025-03-08T23:37:57.645+0000] {processor.py:208} INFO - Processing /home/airflow/.local/lib/python3.12/site-packages/airflow/example_dags/example_dag_decorator.py took 0.129 seconds
[2025-03-08T23:38:27.959+0000] {processor.py:186} INFO - Started process (PID=210) to work on /home/airflow/.local/lib/python3.12/site-packages/airflow/example_dags/example_dag_decorator.py
[2025-03-08T23:38:27.960+0000] {processor.py:914} INFO - Processing file /home/airflow/.local/lib/python3.12/site-packages/airflow/example_dags/example_dag_decorator.py for tasks to queue
[2025-03-08T23:38:27.961+0000] {logging_mixin.py:190} INFO - [2025-03-08T23:38:27.961+0000] {dagbag.py:588} INFO - Filling up the DagBag from /home/airflow/.local/lib/python3.12/site-packages/airflow/example_dags/example_dag_decorator.py
[2025-03-08T23:38:28.040+0000] {processor.py:925} INFO - DAG(s) 'example_dag_decorator' retrieved from /home/airflow/.local/lib/python3.12/site-packages/airflow/example_dags/example_dag_decorator.py
[2025-03-08T23:38:28.127+0000] {logging_mixin.py:190} INFO - [2025-03-08T23:38:28.127+0000] {dag.py:3239} INFO - Sync 1 DAGs
[2025-03-08T23:38:28.138+0000] {logging_mixin.py:190} INFO - [2025-03-08T23:38:28.138+0000] {dag.py:4180} INFO - Setting next_dagrun for example_dag_decorator to None, run_after=None
[2025-03-08T23:38:28.157+0000] {processor.py:208} INFO - Processing /home/airflow/.local/lib/python3.12/site-packages/airflow/example_dags/example_dag_decorator.py took 0.203 seconds
[2025-03-08T23:38:59.051+0000] {processor.py:186} INFO - Started process (PID=278) to work on /home/airflow/.local/lib/python3.12/site-packages/airflow/example_dags/example_dag_decorator.py
[2025-03-08T23:38:59.051+0000] {processor.py:914} INFO - Processing file /home/airflow/.local/lib/python3.12/site-packages/airflow/example_dags/example_dag_decorator.py for tasks to queue
[2025-03-08T23:38:59.054+0000] {logging_mixin.py:190} INFO - [2025-03-08T23:38:59.053+0000] {dagbag.py:588} INFO - Filling up the DagBag from /home/airflow/.local/lib/python3.12/site-packages/airflow/example_dags/example_dag_decorator.py
[2025-03-08T23:38:59.135+0000] {processor.py:925} INFO - DAG(s) 'example_dag_decorator' retrieved from /home/airflow/.local/lib/python3.12/site-packages/airflow/example_dags/example_dag_decorator.py
[2025-03-08T23:38:59.221+0000] {logging_mixin.py:190} INFO - [2025-03-08T23:38:59.220+0000] {dag.py:3239} INFO - Sync 1 DAGs
[2025-03-08T23:38:59.230+0000] {logging_mixin.py:190} INFO - [2025-03-08T23:38:59.230+0000] {dag.py:4180} INFO - Setting next_dagrun for example_dag_decorator to None, run_after=None
[2025-03-08T23:38:59.250+0000] {processor.py:208} INFO - Processing /home/airflow/.local/lib/python3.12/site-packages/airflow/example_dags/example_dag_decorator.py took 0.204 seconds
[2025-03-08T23:39:30.371+0000] {processor.py:186} INFO - Started process (PID=341) to work on /home/airflow/.local/lib/python3.12/site-packages/airflow/example_dags/example_dag_decorator.py
[2025-03-08T23:39:30.372+0000] {processor.py:914} INFO - Processing file /home/airflow/.local/lib/python3.12/site-packages/airflow/example_dags/example_dag_decorator.py for tasks to queue
[2025-03-08T23:39:30.373+0000] {logging_mixin.py:190} INFO - [2025-03-08T23:39:30.373+0000] {dagbag.py:588} INFO - Filling up the DagBag from /home/airflow/.local/lib/python3.12/site-packages/airflow/example_dags/example_dag_decorator.py
[2025-03-08T23:39:30.440+0000] {processor.py:925} INFO - DAG(s) 'example_dag_decorator' retrieved from /home/airflow/.local/lib/python3.12/site-packages/airflow/example_dags/example_dag_decorator.py
[2025-03-08T23:39:30.459+0000] {logging_mixin.py:190} INFO - [2025-03-08T23:39:30.459+0000] {dag.py:3239} INFO - Sync 1 DAGs
[2025-03-08T23:39:30.469+0000] {logging_mixin.py:190} INFO - [2025-03-08T23:39:30.469+0000] {dag.py:4180} INFO - Setting next_dagrun for example_dag_decorator to None, run_after=None
[2025-03-08T23:39:30.485+0000] {processor.py:208} INFO - Processing /home/airflow/.local/lib/python3.12/site-packages/airflow/example_dags/example_dag_decorator.py took 0.118 seconds
[2025-03-08T23:40:01.702+0000] {processor.py:186} INFO - Started process (PID=404) to work on /home/airflow/.local/lib/python3.12/site-packages/airflow/example_dags/example_dag_decorator.py
[2025-03-08T23:40:01.703+0000] {processor.py:914} INFO - Processing file /home/airflow/.local/lib/python3.12/site-packages/airflow/example_dags/example_dag_decorator.py for tasks to queue
[2025-03-08T23:40:01.705+0000] {logging_mixin.py:190} INFO - [2025-03-08T23:40:01.705+0000] {dagbag.py:588} INFO - Filling up the DagBag from /home/airflow/.local/lib/python3.12/site-packages/airflow/example_dags/example_dag_decorator.py
[2025-03-08T23:40:01.778+0000] {processor.py:925} INFO - DAG(s) 'example_dag_decorator' retrieved from /home/airflow/.local/lib/python3.12/site-packages/airflow/example_dags/example_dag_decorator.py
[2025-03-08T23:40:01.864+0000] {logging_mixin.py:190} INFO - [2025-03-08T23:40:01.864+0000] {dag.py:3239} INFO - Sync 1 DAGs
[2025-03-08T23:40:01.875+0000] {logging_mixin.py:190} INFO - [2025-03-08T23:40:01.875+0000] {dag.py:4180} INFO - Setting next_dagrun for example_dag_decorator to None, run_after=None
[2025-03-08T23:40:01.892+0000] {processor.py:208} INFO - Processing /home/airflow/.local/lib/python3.12/site-packages/airflow/example_dags/example_dag_decorator.py took 0.193 seconds
[2025-03-08T23:40:33.879+0000] {processor.py:186} INFO - Started process (PID=467) to work on /home/airflow/.local/lib/python3.12/site-packages/airflow/example_dags/example_dag_decorator.py
[2025-03-08T23:40:33.880+0000] {processor.py:914} INFO - Processing file /home/airflow/.local/lib/python3.12/site-packages/airflow/example_dags/example_dag_decorator.py for tasks to queue
[2025-03-08T23:40:33.881+0000] {logging_mixin.py:190} INFO - [2025-03-08T23:40:33.881+0000] {dagbag.py:588} INFO - Filling up the DagBag from /home/airflow/.local/lib/python3.12/site-packages/airflow/example_dags/example_dag_decorator.py
[2025-03-08T23:40:33.956+0000] {processor.py:925} INFO - DAG(s) 'example_dag_decorator' retrieved from /home/airflow/.local/lib/python3.12/site-packages/airflow/example_dags/example_dag_decorator.py
[2025-03-08T23:40:34.043+0000] {logging_mixin.py:190} INFO - [2025-03-08T23:40:34.042+0000] {dag.py:3239} INFO - Sync 1 DAGs
[2025-03-08T23:40:34.056+0000] {logging_mixin.py:190} INFO - [2025-03-08T23:40:34.056+0000] {dag.py:4180} INFO - Setting next_dagrun for example_dag_decorator to None, run_after=None
[2025-03-08T23:40:34.074+0000] {processor.py:208} INFO - Processing /home/airflow/.local/lib/python3.12/site-packages/airflow/example_dags/example_dag_decorator.py took 0.201 seconds
[2025-03-08T23:41:04.755+0000] {processor.py:186} INFO - Started process (PID=531) to work on /home/airflow/.local/lib/python3.12/site-packages/airflow/example_dags/example_dag_decorator.py
[2025-03-08T23:41:04.756+0000] {processor.py:914} INFO - Processing file /home/airflow/.local/lib/python3.12/site-packages/airflow/example_dags/example_dag_decorator.py for tasks to queue
[2025-03-08T23:41:04.757+0000] {logging_mixin.py:190} INFO - [2025-03-08T23:41:04.757+0000] {dagbag.py:588} INFO - Filling up the DagBag from /home/airflow/.local/lib/python3.12/site-packages/airflow/example_dags/example_dag_decorator.py
[2025-03-08T23:41:04.832+0000] {processor.py:925} INFO - DAG(s) 'example_dag_decorator' retrieved from /home/airflow/.local/lib/python3.12/site-packages/airflow/example_dags/example_dag_decorator.py
[2025-03-08T23:41:04.921+0000] {logging_mixin.py:190} INFO - [2025-03-08T23:41:04.920+0000] {dag.py:3239} INFO - Sync 1 DAGs
[2025-03-08T23:41:04.932+0000] {logging_mixin.py:190} INFO - [2025-03-08T23:41:04.931+0000] {dag.py:4180} INFO - Setting next_dagrun for example_dag_decorator to None, run_after=None
[2025-03-08T23:41:04.950+0000] {processor.py:208} INFO - Processing /home/airflow/.local/lib/python3.12/site-packages/airflow/example_dags/example_dag_decorator.py took 0.201 seconds
[2025-03-08T23:41:35.058+0000] {processor.py:186} INFO - Started process (PID=595) to work on /home/airflow/.local/lib/python3.12/site-packages/airflow/example_dags/example_dag_decorator.py
[2025-03-08T23:41:35.058+0000] {processor.py:914} INFO - Processing file /home/airflow/.local/lib/python3.12/site-packages/airflow/example_dags/example_dag_decorator.py for tasks to queue
[2025-03-08T23:41:35.061+0000] {logging_mixin.py:190} INFO - [2025-03-08T23:41:35.060+0000] {dagbag.py:588} INFO - Filling up the DagBag from /home/airflow/.local/lib/python3.12/site-packages/airflow/example_dags/example_dag_decorator.py
[2025-03-08T23:41:35.141+0000] {processor.py:925} INFO - DAG(s) 'example_dag_decorator' retrieved from /home/airflow/.local/lib/python3.12/site-packages/airflow/example_dags/example_dag_decorator.py
[2025-03-08T23:41:35.234+0000] {logging_mixin.py:190} INFO - [2025-03-08T23:41:35.233+0000] {dag.py:3239} INFO - Sync 1 DAGs
[2025-03-08T23:41:35.244+0000] {logging_mixin.py:190} INFO - [2025-03-08T23:41:35.244+0000] {dag.py:4180} INFO - Setting next_dagrun for example_dag_decorator to None, run_after=None
[2025-03-08T23:41:35.259+0000] {processor.py:208} INFO - Processing /home/airflow/.local/lib/python3.12/site-packages/airflow/example_dags/example_dag_decorator.py took 0.206 seconds
[2025-03-08T23:42:06.686+0000] {processor.py:186} INFO - Started process (PID=658) to work on /home/airflow/.local/lib/python3.12/site-packages/airflow/example_dags/example_dag_decorator.py
[2025-03-08T23:42:06.687+0000] {processor.py:914} INFO - Processing file /home/airflow/.local/lib/python3.12/site-packages/airflow/example_dags/example_dag_decorator.py for tasks to queue
[2025-03-08T23:42:06.688+0000] {logging_mixin.py:190} INFO - [2025-03-08T23:42:06.688+0000] {dagbag.py:588} INFO - Filling up the DagBag from /home/airflow/.local/lib/python3.12/site-packages/airflow/example_dags/example_dag_decorator.py
[2025-03-08T23:42:06.757+0000] {processor.py:925} INFO - DAG(s) 'example_dag_decorator' retrieved from /home/airflow/.local/lib/python3.12/site-packages/airflow/example_dags/example_dag_decorator.py
[2025-03-08T23:42:06.838+0000] {logging_mixin.py:190} INFO - [2025-03-08T23:42:06.838+0000] {dag.py:3239} INFO - Sync 1 DAGs
[2025-03-08T23:42:06.850+0000] {logging_mixin.py:190} INFO - [2025-03-08T23:42:06.849+0000] {dag.py:4180} INFO - Setting next_dagrun for example_dag_decorator to None, run_after=None
[2025-03-08T23:42:06.874+0000] {processor.py:208} INFO - Processing /home/airflow/.local/lib/python3.12/site-packages/airflow/example_dags/example_dag_decorator.py took 0.191 seconds
[2025-03-08T23:42:38.735+0000] {processor.py:186} INFO - Started process (PID=719) to work on /home/airflow/.local/lib/python3.12/site-packages/airflow/example_dags/example_dag_decorator.py
[2025-03-08T23:42:38.736+0000] {processor.py:914} INFO - Processing file /home/airflow/.local/lib/python3.12/site-packages/airflow/example_dags/example_dag_decorator.py for tasks to queue
[2025-03-08T23:42:38.738+0000] {logging_mixin.py:190} INFO - [2025-03-08T23:42:38.738+0000] {dagbag.py:588} INFO - Filling up the DagBag from /home/airflow/.local/lib/python3.12/site-packages/airflow/example_dags/example_dag_decorator.py
[2025-03-08T23:42:38.812+0000] {processor.py:925} INFO - DAG(s) 'example_dag_decorator' retrieved from /home/airflow/.local/lib/python3.12/site-packages/airflow/example_dags/example_dag_decorator.py
[2025-03-08T23:42:38.896+0000] {logging_mixin.py:190} INFO - [2025-03-08T23:42:38.896+0000] {dag.py:3239} INFO - Sync 1 DAGs
[2025-03-08T23:42:38.908+0000] {logging_mixin.py:190} INFO - [2025-03-08T23:42:38.908+0000] {dag.py:4180} INFO - Setting next_dagrun for example_dag_decorator to None, run_after=None
[2025-03-08T23:42:38.925+0000] {processor.py:208} INFO - Processing /home/airflow/.local/lib/python3.12/site-packages/airflow/example_dags/example_dag_decorator.py took 0.195 seconds
[2025-03-08T23:43:09.417+0000] {processor.py:186} INFO - Started process (PID=783) to work on /home/airflow/.local/lib/python3.12/site-packages/airflow/example_dags/example_dag_decorator.py
[2025-03-08T23:43:09.418+0000] {processor.py:914} INFO - Processing file /home/airflow/.local/lib/python3.12/site-packages/airflow/example_dags/example_dag_decorator.py for tasks to queue
[2025-03-08T23:43:09.420+0000] {logging_mixin.py:190} INFO - [2025-03-08T23:43:09.420+0000] {dagbag.py:588} INFO - Filling up the DagBag from /home/airflow/.local/lib/python3.12/site-packages/airflow/example_dags/example_dag_decorator.py
[2025-03-08T23:43:09.494+0000] {processor.py:925} INFO - DAG(s) 'example_dag_decorator' retrieved from /home/airflow/.local/lib/python3.12/site-packages/airflow/example_dags/example_dag_decorator.py
[2025-03-08T23:43:09.581+0000] {logging_mixin.py:190} INFO - [2025-03-08T23:43:09.580+0000] {dag.py:3239} INFO - Sync 1 DAGs
[2025-03-08T23:43:09.591+0000] {logging_mixin.py:190} INFO - [2025-03-08T23:43:09.591+0000] {dag.py:4180} INFO - Setting next_dagrun for example_dag_decorator to None, run_after=None
[2025-03-08T23:43:09.607+0000] {processor.py:208} INFO - Processing /home/airflow/.local/lib/python3.12/site-packages/airflow/example_dags/example_dag_decorator.py took 0.194 seconds
[2025-03-08T23:43:39.806+0000] {processor.py:186} INFO - Started process (PID=845) to work on /home/airflow/.local/lib/python3.12/site-packages/airflow/example_dags/example_dag_decorator.py
[2025-03-08T23:43:39.807+0000] {processor.py:914} INFO - Processing file /home/airflow/.local/lib/python3.12/site-packages/airflow/example_dags/example_dag_decorator.py for tasks to queue
[2025-03-08T23:43:39.810+0000] {logging_mixin.py:190} INFO - [2025-03-08T23:43:39.810+0000] {dagbag.py:588} INFO - Filling up the DagBag from /home/airflow/.local/lib/python3.12/site-packages/airflow/example_dags/example_dag_decorator.py
[2025-03-08T23:43:39.898+0000] {processor.py:925} INFO - DAG(s) 'example_dag_decorator' retrieved from /home/airflow/.local/lib/python3.12/site-packages/airflow/example_dags/example_dag_decorator.py
[2025-03-08T23:43:39.979+0000] {logging_mixin.py:190} INFO - [2025-03-08T23:43:39.979+0000] {dag.py:3239} INFO - Sync 1 DAGs
[2025-03-08T23:43:39.988+0000] {logging_mixin.py:190} INFO - [2025-03-08T23:43:39.987+0000] {dag.py:4180} INFO - Setting next_dagrun for example_dag_decorator to None, run_after=None
[2025-03-08T23:43:40.006+0000] {processor.py:208} INFO - Processing /home/airflow/.local/lib/python3.12/site-packages/airflow/example_dags/example_dag_decorator.py took 0.206 seconds
[2025-03-08T23:44:10.404+0000] {processor.py:186} INFO - Started process (PID=908) to work on /home/airflow/.local/lib/python3.12/site-packages/airflow/example_dags/example_dag_decorator.py
[2025-03-08T23:44:10.405+0000] {processor.py:914} INFO - Processing file /home/airflow/.local/lib/python3.12/site-packages/airflow/example_dags/example_dag_decorator.py for tasks to queue
[2025-03-08T23:44:10.407+0000] {logging_mixin.py:190} INFO - [2025-03-08T23:44:10.407+0000] {dagbag.py:588} INFO - Filling up the DagBag from /home/airflow/.local/lib/python3.12/site-packages/airflow/example_dags/example_dag_decorator.py
[2025-03-08T23:44:10.482+0000] {processor.py:925} INFO - DAG(s) 'example_dag_decorator' retrieved from /home/airflow/.local/lib/python3.12/site-packages/airflow/example_dags/example_dag_decorator.py
[2025-03-08T23:44:10.569+0000] {logging_mixin.py:190} INFO - [2025-03-08T23:44:10.569+0000] {dag.py:3239} INFO - Sync 1 DAGs
[2025-03-08T23:44:10.580+0000] {logging_mixin.py:190} INFO - [2025-03-08T23:44:10.580+0000] {dag.py:4180} INFO - Setting next_dagrun for example_dag_decorator to None, run_after=None
[2025-03-08T23:44:10.596+0000] {processor.py:208} INFO - Processing /home/airflow/.local/lib/python3.12/site-packages/airflow/example_dags/example_dag_decorator.py took 0.197 seconds
[2025-03-08T23:44:41.680+0000] {processor.py:186} INFO - Started process (PID=972) to work on /home/airflow/.local/lib/python3.12/site-packages/airflow/example_dags/example_dag_decorator.py
[2025-03-08T23:44:41.681+0000] {processor.py:914} INFO - Processing file /home/airflow/.local/lib/python3.12/site-packages/airflow/example_dags/example_dag_decorator.py for tasks to queue
[2025-03-08T23:44:41.682+0000] {logging_mixin.py:190} INFO - [2025-03-08T23:44:41.682+0000] {dagbag.py:588} INFO - Filling up the DagBag from /home/airflow/.local/lib/python3.12/site-packages/airflow/example_dags/example_dag_decorator.py
[2025-03-08T23:44:41.758+0000] {processor.py:925} INFO - DAG(s) 'example_dag_decorator' retrieved from /home/airflow/.local/lib/python3.12/site-packages/airflow/example_dags/example_dag_decorator.py
[2025-03-08T23:44:41.838+0000] {logging_mixin.py:190} INFO - [2025-03-08T23:44:41.837+0000] {dag.py:3239} INFO - Sync 1 DAGs
[2025-03-08T23:44:41.849+0000] {logging_mixin.py:190} INFO - [2025-03-08T23:44:41.848+0000] {dag.py:4180} INFO - Setting next_dagrun for example_dag_decorator to None, run_after=None
[2025-03-08T23:44:41.866+0000] {processor.py:208} INFO - Processing /home/airflow/.local/lib/python3.12/site-packages/airflow/example_dags/example_dag_decorator.py took 0.191 seconds
[2025-03-08T23:45:12.797+0000] {processor.py:186} INFO - Started process (PID=1035) to work on /home/airflow/.local/lib/python3.12/site-packages/airflow/example_dags/example_dag_decorator.py
[2025-03-08T23:45:12.797+0000] {processor.py:914} INFO - Processing file /home/airflow/.local/lib/python3.12/site-packages/airflow/example_dags/example_dag_decorator.py for tasks to queue
[2025-03-08T23:45:12.799+0000] {logging_mixin.py:190} INFO - [2025-03-08T23:45:12.799+0000] {dagbag.py:588} INFO - Filling up the DagBag from /home/airflow/.local/lib/python3.12/site-packages/airflow/example_dags/example_dag_decorator.py
[2025-03-08T23:45:12.877+0000] {processor.py:925} INFO - DAG(s) 'example_dag_decorator' retrieved from /home/airflow/.local/lib/python3.12/site-packages/airflow/example_dags/example_dag_decorator.py
[2025-03-08T23:45:12.959+0000] {logging_mixin.py:190} INFO - [2025-03-08T23:45:12.959+0000] {dag.py:3239} INFO - Sync 1 DAGs
[2025-03-08T23:45:12.968+0000] {logging_mixin.py:190} INFO - [2025-03-08T23:45:12.968+0000] {dag.py:4180} INFO - Setting next_dagrun for example_dag_decorator to None, run_after=None
[2025-03-08T23:45:12.984+0000] {processor.py:208} INFO - Processing /home/airflow/.local/lib/python3.12/site-packages/airflow/example_dags/example_dag_decorator.py took 0.191 seconds
[2025-03-08T23:45:43.744+0000] {processor.py:186} INFO - Started process (PID=1098) to work on /home/airflow/.local/lib/python3.12/site-packages/airflow/example_dags/example_dag_decorator.py
[2025-03-08T23:45:43.745+0000] {processor.py:914} INFO - Processing file /home/airflow/.local/lib/python3.12/site-packages/airflow/example_dags/example_dag_decorator.py for tasks to queue
[2025-03-08T23:45:43.748+0000] {logging_mixin.py:190} INFO - [2025-03-08T23:45:43.747+0000] {dagbag.py:588} INFO - Filling up the DagBag from /home/airflow/.local/lib/python3.12/site-packages/airflow/example_dags/example_dag_decorator.py
[2025-03-08T23:45:43.822+0000] {processor.py:925} INFO - DAG(s) 'example_dag_decorator' retrieved from /home/airflow/.local/lib/python3.12/site-packages/airflow/example_dags/example_dag_decorator.py
[2025-03-08T23:45:43.902+0000] {logging_mixin.py:190} INFO - [2025-03-08T23:45:43.902+0000] {dag.py:3239} INFO - Sync 1 DAGs
[2025-03-08T23:45:43.911+0000] {logging_mixin.py:190} INFO - [2025-03-08T23:45:43.911+0000] {dag.py:4180} INFO - Setting next_dagrun for example_dag_decorator to None, run_after=None
[2025-03-08T23:45:43.927+0000] {processor.py:208} INFO - Processing /home/airflow/.local/lib/python3.12/site-packages/airflow/example_dags/example_dag_decorator.py took 0.187 seconds
[2025-03-08T23:46:14.801+0000] {processor.py:186} INFO - Started process (PID=1161) to work on /home/airflow/.local/lib/python3.12/site-packages/airflow/example_dags/example_dag_decorator.py
[2025-03-08T23:46:14.802+0000] {processor.py:914} INFO - Processing file /home/airflow/.local/lib/python3.12/site-packages/airflow/example_dags/example_dag_decorator.py for tasks to queue
[2025-03-08T23:46:14.804+0000] {logging_mixin.py:190} INFO - [2025-03-08T23:46:14.804+0000] {dagbag.py:588} INFO - Filling up the DagBag from /home/airflow/.local/lib/python3.12/site-packages/airflow/example_dags/example_dag_decorator.py
[2025-03-08T23:46:14.877+0000] {processor.py:925} INFO - DAG(s) 'example_dag_decorator' retrieved from /home/airflow/.local/lib/python3.12/site-packages/airflow/example_dags/example_dag_decorator.py
[2025-03-08T23:46:14.966+0000] {logging_mixin.py:190} INFO - [2025-03-08T23:46:14.966+0000] {dag.py:3239} INFO - Sync 1 DAGs
[2025-03-08T23:46:14.976+0000] {logging_mixin.py:190} INFO - [2025-03-08T23:46:14.976+0000] {dag.py:4180} INFO - Setting next_dagrun for example_dag_decorator to None, run_after=None
[2025-03-08T23:46:14.991+0000] {processor.py:208} INFO - Processing /home/airflow/.local/lib/python3.12/site-packages/airflow/example_dags/example_dag_decorator.py took 0.195 seconds
[2025-03-08T23:46:45.833+0000] {processor.py:186} INFO - Started process (PID=1224) to work on /home/airflow/.local/lib/python3.12/site-packages/airflow/example_dags/example_dag_decorator.py
[2025-03-08T23:46:45.833+0000] {processor.py:914} INFO - Processing file /home/airflow/.local/lib/python3.12/site-packages/airflow/example_dags/example_dag_decorator.py for tasks to queue
[2025-03-08T23:46:45.835+0000] {logging_mixin.py:190} INFO - [2025-03-08T23:46:45.835+0000] {dagbag.py:588} INFO - Filling up the DagBag from /home/airflow/.local/lib/python3.12/site-packages/airflow/example_dags/example_dag_decorator.py
[2025-03-08T23:46:45.905+0000] {processor.py:925} INFO - DAG(s) 'example_dag_decorator' retrieved from /home/airflow/.local/lib/python3.12/site-packages/airflow/example_dags/example_dag_decorator.py
[2025-03-08T23:46:45.984+0000] {logging_mixin.py:190} INFO - [2025-03-08T23:46:45.984+0000] {dag.py:3239} INFO - Sync 1 DAGs
[2025-03-08T23:46:45.993+0000] {logging_mixin.py:190} INFO - [2025-03-08T23:46:45.993+0000] {dag.py:4180} INFO - Setting next_dagrun for example_dag_decorator to None, run_after=None
[2025-03-08T23:46:46.009+0000] {processor.py:208} INFO - Processing /home/airflow/.local/lib/python3.12/site-packages/airflow/example_dags/example_dag_decorator.py took 0.181 seconds
[2025-03-08T23:47:16.615+0000] {processor.py:186} INFO - Started process (PID=1287) to work on /home/airflow/.local/lib/python3.12/site-packages/airflow/example_dags/example_dag_decorator.py
[2025-03-08T23:47:16.616+0000] {processor.py:914} INFO - Processing file /home/airflow/.local/lib/python3.12/site-packages/airflow/example_dags/example_dag_decorator.py for tasks to queue
[2025-03-08T23:47:16.617+0000] {logging_mixin.py:190} INFO - [2025-03-08T23:47:16.617+0000] {dagbag.py:588} INFO - Filling up the DagBag from /home/airflow/.local/lib/python3.12/site-packages/airflow/example_dags/example_dag_decorator.py
[2025-03-08T23:47:16.681+0000] {processor.py:925} INFO - DAG(s) 'example_dag_decorator' retrieved from /home/airflow/.local/lib/python3.12/site-packages/airflow/example_dags/example_dag_decorator.py
[2025-03-08T23:47:16.758+0000] {logging_mixin.py:190} INFO - [2025-03-08T23:47:16.758+0000] {dag.py:3239} INFO - Sync 1 DAGs
[2025-03-08T23:47:16.767+0000] {logging_mixin.py:190} INFO - [2025-03-08T23:47:16.767+0000] {dag.py:4180} INFO - Setting next_dagrun for example_dag_decorator to None, run_after=None
[2025-03-08T23:47:16.783+0000] {processor.py:208} INFO - Processing /home/airflow/.local/lib/python3.12/site-packages/airflow/example_dags/example_dag_decorator.py took 0.171 seconds
[2025-03-08T23:47:47.248+0000] {processor.py:186} INFO - Started process (PID=1350) to work on /home/airflow/.local/lib/python3.12/site-packages/airflow/example_dags/example_dag_decorator.py
[2025-03-08T23:47:47.249+0000] {processor.py:914} INFO - Processing file /home/airflow/.local/lib/python3.12/site-packages/airflow/example_dags/example_dag_decorator.py for tasks to queue
[2025-03-08T23:47:47.250+0000] {logging_mixin.py:190} INFO - [2025-03-08T23:47:47.250+0000] {dagbag.py:588} INFO - Filling up the DagBag from /home/airflow/.local/lib/python3.12/site-packages/airflow/example_dags/example_dag_decorator.py
[2025-03-08T23:47:47.315+0000] {processor.py:925} INFO - DAG(s) 'example_dag_decorator' retrieved from /home/airflow/.local/lib/python3.12/site-packages/airflow/example_dags/example_dag_decorator.py
[2025-03-08T23:47:47.389+0000] {logging_mixin.py:190} INFO - [2025-03-08T23:47:47.389+0000] {dag.py:3239} INFO - Sync 1 DAGs
[2025-03-08T23:47:47.400+0000] {logging_mixin.py:190} INFO - [2025-03-08T23:47:47.399+0000] {dag.py:4180} INFO - Setting next_dagrun for example_dag_decorator to None, run_after=None
[2025-03-08T23:47:47.416+0000] {processor.py:208} INFO - Processing /home/airflow/.local/lib/python3.12/site-packages/airflow/example_dags/example_dag_decorator.py took 0.171 seconds
[2025-03-08T23:48:17.914+0000] {processor.py:186} INFO - Started process (PID=1412) to work on /home/airflow/.local/lib/python3.12/site-packages/airflow/example_dags/example_dag_decorator.py
[2025-03-08T23:48:17.915+0000] {processor.py:914} INFO - Processing file /home/airflow/.local/lib/python3.12/site-packages/airflow/example_dags/example_dag_decorator.py for tasks to queue
[2025-03-08T23:48:17.917+0000] {logging_mixin.py:190} INFO - [2025-03-08T23:48:17.917+0000] {dagbag.py:588} INFO - Filling up the DagBag from /home/airflow/.local/lib/python3.12/site-packages/airflow/example_dags/example_dag_decorator.py
[2025-03-08T23:48:17.984+0000] {processor.py:925} INFO - DAG(s) 'example_dag_decorator' retrieved from /home/airflow/.local/lib/python3.12/site-packages/airflow/example_dags/example_dag_decorator.py
[2025-03-08T23:48:18.062+0000] {logging_mixin.py:190} INFO - [2025-03-08T23:48:18.061+0000] {dag.py:3239} INFO - Sync 1 DAGs
[2025-03-08T23:48:18.070+0000] {logging_mixin.py:190} INFO - [2025-03-08T23:48:18.070+0000] {dag.py:4180} INFO - Setting next_dagrun for example_dag_decorator to None, run_after=None
[2025-03-08T23:48:18.083+0000] {processor.py:208} INFO - Processing /home/airflow/.local/lib/python3.12/site-packages/airflow/example_dags/example_dag_decorator.py took 0.173 seconds
[2025-03-08T23:48:48.729+0000] {processor.py:186} INFO - Started process (PID=1475) to work on /home/airflow/.local/lib/python3.12/site-packages/airflow/example_dags/example_dag_decorator.py
[2025-03-08T23:48:48.730+0000] {processor.py:914} INFO - Processing file /home/airflow/.local/lib/python3.12/site-packages/airflow/example_dags/example_dag_decorator.py for tasks to queue
[2025-03-08T23:48:48.732+0000] {logging_mixin.py:190} INFO - [2025-03-08T23:48:48.731+0000] {dagbag.py:588} INFO - Filling up the DagBag from /home/airflow/.local/lib/python3.12/site-packages/airflow/example_dags/example_dag_decorator.py
[2025-03-08T23:48:48.808+0000] {processor.py:925} INFO - DAG(s) 'example_dag_decorator' retrieved from /home/airflow/.local/lib/python3.12/site-packages/airflow/example_dags/example_dag_decorator.py
[2025-03-08T23:48:48.894+0000] {logging_mixin.py:190} INFO - [2025-03-08T23:48:48.893+0000] {dag.py:3239} INFO - Sync 1 DAGs
[2025-03-08T23:48:48.904+0000] {logging_mixin.py:190} INFO - [2025-03-08T23:48:48.904+0000] {dag.py:4180} INFO - Setting next_dagrun for example_dag_decorator to None, run_after=None
[2025-03-08T23:48:48.923+0000] {processor.py:208} INFO - Processing /home/airflow/.local/lib/python3.12/site-packages/airflow/example_dags/example_dag_decorator.py took 0.198 seconds
[2025-03-08T23:49:20.087+0000] {processor.py:186} INFO - Started process (PID=1539) to work on /home/airflow/.local/lib/python3.12/site-packages/airflow/example_dags/example_dag_decorator.py
[2025-03-08T23:49:20.088+0000] {processor.py:914} INFO - Processing file /home/airflow/.local/lib/python3.12/site-packages/airflow/example_dags/example_dag_decorator.py for tasks to queue
[2025-03-08T23:49:20.089+0000] {logging_mixin.py:190} INFO - [2025-03-08T23:49:20.089+0000] {dagbag.py:588} INFO - Filling up the DagBag from /home/airflow/.local/lib/python3.12/site-packages/airflow/example_dags/example_dag_decorator.py
[2025-03-08T23:49:20.162+0000] {processor.py:925} INFO - DAG(s) 'example_dag_decorator' retrieved from /home/airflow/.local/lib/python3.12/site-packages/airflow/example_dags/example_dag_decorator.py
[2025-03-08T23:49:20.238+0000] {logging_mixin.py:190} INFO - [2025-03-08T23:49:20.238+0000] {dag.py:3239} INFO - Sync 1 DAGs
[2025-03-08T23:49:20.249+0000] {logging_mixin.py:190} INFO - [2025-03-08T23:49:20.249+0000] {dag.py:4180} INFO - Setting next_dagrun for example_dag_decorator to None, run_after=None
[2025-03-08T23:49:20.263+0000] {processor.py:208} INFO - Processing /home/airflow/.local/lib/python3.12/site-packages/airflow/example_dags/example_dag_decorator.py took 0.181 seconds
[2025-03-08T23:49:51.325+0000] {processor.py:186} INFO - Started process (PID=1602) to work on /home/airflow/.local/lib/python3.12/site-packages/airflow/example_dags/example_dag_decorator.py
[2025-03-08T23:49:51.326+0000] {processor.py:914} INFO - Processing file /home/airflow/.local/lib/python3.12/site-packages/airflow/example_dags/example_dag_decorator.py for tasks to queue
[2025-03-08T23:49:51.327+0000] {logging_mixin.py:190} INFO - [2025-03-08T23:49:51.327+0000] {dagbag.py:588} INFO - Filling up the DagBag from /home/airflow/.local/lib/python3.12/site-packages/airflow/example_dags/example_dag_decorator.py
[2025-03-08T23:49:51.402+0000] {processor.py:925} INFO - DAG(s) 'example_dag_decorator' retrieved from /home/airflow/.local/lib/python3.12/site-packages/airflow/example_dags/example_dag_decorator.py
[2025-03-08T23:49:51.480+0000] {logging_mixin.py:190} INFO - [2025-03-08T23:49:51.480+0000] {dag.py:3239} INFO - Sync 1 DAGs
[2025-03-08T23:49:51.490+0000] {logging_mixin.py:190} INFO - [2025-03-08T23:49:51.490+0000] {dag.py:4180} INFO - Setting next_dagrun for example_dag_decorator to None, run_after=None
[2025-03-08T23:49:51.511+0000] {processor.py:208} INFO - Processing /home/airflow/.local/lib/python3.12/site-packages/airflow/example_dags/example_dag_decorator.py took 0.190 seconds
[2025-03-08T23:50:22.628+0000] {processor.py:186} INFO - Started process (PID=1665) to work on /home/airflow/.local/lib/python3.12/site-packages/airflow/example_dags/example_dag_decorator.py
[2025-03-08T23:50:22.628+0000] {processor.py:914} INFO - Processing file /home/airflow/.local/lib/python3.12/site-packages/airflow/example_dags/example_dag_decorator.py for tasks to queue
[2025-03-08T23:50:22.630+0000] {logging_mixin.py:190} INFO - [2025-03-08T23:50:22.630+0000] {dagbag.py:588} INFO - Filling up the DagBag from /home/airflow/.local/lib/python3.12/site-packages/airflow/example_dags/example_dag_decorator.py
[2025-03-08T23:50:22.708+0000] {processor.py:925} INFO - DAG(s) 'example_dag_decorator' retrieved from /home/airflow/.local/lib/python3.12/site-packages/airflow/example_dags/example_dag_decorator.py
[2025-03-08T23:50:22.792+0000] {logging_mixin.py:190} INFO - [2025-03-08T23:50:22.792+0000] {dag.py:3239} INFO - Sync 1 DAGs
[2025-03-08T23:50:22.803+0000] {logging_mixin.py:190} INFO - [2025-03-08T23:50:22.802+0000] {dag.py:4180} INFO - Setting next_dagrun for example_dag_decorator to None, run_after=None
[2025-03-08T23:50:22.825+0000] {processor.py:208} INFO - Processing /home/airflow/.local/lib/python3.12/site-packages/airflow/example_dags/example_dag_decorator.py took 0.201 seconds
[2025-03-08T23:50:53.132+0000] {processor.py:186} INFO - Started process (PID=1727) to work on /home/airflow/.local/lib/python3.12/site-packages/airflow/example_dags/example_dag_decorator.py
[2025-03-08T23:50:53.132+0000] {processor.py:914} INFO - Processing file /home/airflow/.local/lib/python3.12/site-packages/airflow/example_dags/example_dag_decorator.py for tasks to queue
[2025-03-08T23:50:53.135+0000] {logging_mixin.py:190} INFO - [2025-03-08T23:50:53.134+0000] {dagbag.py:588} INFO - Filling up the DagBag from /home/airflow/.local/lib/python3.12/site-packages/airflow/example_dags/example_dag_decorator.py
[2025-03-08T23:50:53.198+0000] {processor.py:925} INFO - DAG(s) 'example_dag_decorator' retrieved from /home/airflow/.local/lib/python3.12/site-packages/airflow/example_dags/example_dag_decorator.py
[2025-03-08T23:50:53.269+0000] {logging_mixin.py:190} INFO - [2025-03-08T23:50:53.269+0000] {dag.py:3239} INFO - Sync 1 DAGs
[2025-03-08T23:50:53.278+0000] {logging_mixin.py:190} INFO - [2025-03-08T23:50:53.278+0000] {dag.py:4180} INFO - Setting next_dagrun for example_dag_decorator to None, run_after=None
[2025-03-08T23:50:53.292+0000] {processor.py:208} INFO - Processing /home/airflow/.local/lib/python3.12/site-packages/airflow/example_dags/example_dag_decorator.py took 0.164 seconds
[2025-03-08T23:51:25.032+0000] {processor.py:186} INFO - Started process (PID=1791) to work on /home/airflow/.local/lib/python3.12/site-packages/airflow/example_dags/example_dag_decorator.py
[2025-03-08T23:51:25.033+0000] {processor.py:914} INFO - Processing file /home/airflow/.local/lib/python3.12/site-packages/airflow/example_dags/example_dag_decorator.py for tasks to queue
[2025-03-08T23:51:25.035+0000] {logging_mixin.py:190} INFO - [2025-03-08T23:51:25.035+0000] {dagbag.py:588} INFO - Filling up the DagBag from /home/airflow/.local/lib/python3.12/site-packages/airflow/example_dags/example_dag_decorator.py
[2025-03-08T23:51:25.113+0000] {processor.py:925} INFO - DAG(s) 'example_dag_decorator' retrieved from /home/airflow/.local/lib/python3.12/site-packages/airflow/example_dags/example_dag_decorator.py
[2025-03-08T23:51:25.189+0000] {logging_mixin.py:190} INFO - [2025-03-08T23:51:25.189+0000] {dag.py:3239} INFO - Sync 1 DAGs
[2025-03-08T23:51:25.199+0000] {logging_mixin.py:190} INFO - [2025-03-08T23:51:25.199+0000] {dag.py:4180} INFO - Setting next_dagrun for example_dag_decorator to None, run_after=None
[2025-03-08T23:51:25.212+0000] {processor.py:208} INFO - Processing /home/airflow/.local/lib/python3.12/site-packages/airflow/example_dags/example_dag_decorator.py took 0.185 seconds
[2025-03-08T23:51:55.667+0000] {processor.py:186} INFO - Started process (PID=1854) to work on /home/airflow/.local/lib/python3.12/site-packages/airflow/example_dags/example_dag_decorator.py
[2025-03-08T23:51:55.668+0000] {processor.py:914} INFO - Processing file /home/airflow/.local/lib/python3.12/site-packages/airflow/example_dags/example_dag_decorator.py for tasks to queue
[2025-03-08T23:51:55.669+0000] {logging_mixin.py:190} INFO - [2025-03-08T23:51:55.669+0000] {dagbag.py:588} INFO - Filling up the DagBag from /home/airflow/.local/lib/python3.12/site-packages/airflow/example_dags/example_dag_decorator.py
[2025-03-08T23:51:55.754+0000] {processor.py:925} INFO - DAG(s) 'example_dag_decorator' retrieved from /home/airflow/.local/lib/python3.12/site-packages/airflow/example_dags/example_dag_decorator.py
[2025-03-08T23:51:55.855+0000] {logging_mixin.py:190} INFO - [2025-03-08T23:51:55.854+0000] {dag.py:3239} INFO - Sync 1 DAGs
[2025-03-08T23:51:55.868+0000] {logging_mixin.py:190} INFO - [2025-03-08T23:51:55.868+0000] {dag.py:4180} INFO - Setting next_dagrun for example_dag_decorator to None, run_after=None
[2025-03-08T23:51:55.887+0000] {processor.py:208} INFO - Processing /home/airflow/.local/lib/python3.12/site-packages/airflow/example_dags/example_dag_decorator.py took 0.224 seconds
[2025-03-08T23:52:26.904+0000] {processor.py:186} INFO - Started process (PID=1917) to work on /home/airflow/.local/lib/python3.12/site-packages/airflow/example_dags/example_dag_decorator.py
[2025-03-08T23:52:26.904+0000] {processor.py:914} INFO - Processing file /home/airflow/.local/lib/python3.12/site-packages/airflow/example_dags/example_dag_decorator.py for tasks to queue
[2025-03-08T23:52:26.906+0000] {logging_mixin.py:190} INFO - [2025-03-08T23:52:26.905+0000] {dagbag.py:588} INFO - Filling up the DagBag from /home/airflow/.local/lib/python3.12/site-packages/airflow/example_dags/example_dag_decorator.py
[2025-03-08T23:52:26.982+0000] {processor.py:925} INFO - DAG(s) 'example_dag_decorator' retrieved from /home/airflow/.local/lib/python3.12/site-packages/airflow/example_dags/example_dag_decorator.py
[2025-03-08T23:52:27.079+0000] {logging_mixin.py:190} INFO - [2025-03-08T23:52:27.079+0000] {dag.py:3239} INFO - Sync 1 DAGs
[2025-03-08T23:52:27.088+0000] {logging_mixin.py:190} INFO - [2025-03-08T23:52:27.088+0000] {dag.py:4180} INFO - Setting next_dagrun for example_dag_decorator to None, run_after=None
[2025-03-08T23:52:27.102+0000] {processor.py:208} INFO - Processing /home/airflow/.local/lib/python3.12/site-packages/airflow/example_dags/example_dag_decorator.py took 0.202 seconds
[2025-03-08T23:52:57.821+0000] {processor.py:186} INFO - Started process (PID=1980) to work on /home/airflow/.local/lib/python3.12/site-packages/airflow/example_dags/example_dag_decorator.py
[2025-03-08T23:52:57.822+0000] {processor.py:914} INFO - Processing file /home/airflow/.local/lib/python3.12/site-packages/airflow/example_dags/example_dag_decorator.py for tasks to queue
[2025-03-08T23:52:57.823+0000] {logging_mixin.py:190} INFO - [2025-03-08T23:52:57.823+0000] {dagbag.py:588} INFO - Filling up the DagBag from /home/airflow/.local/lib/python3.12/site-packages/airflow/example_dags/example_dag_decorator.py
[2025-03-08T23:52:57.888+0000] {processor.py:925} INFO - DAG(s) 'example_dag_decorator' retrieved from /home/airflow/.local/lib/python3.12/site-packages/airflow/example_dags/example_dag_decorator.py
[2025-03-08T23:52:57.962+0000] {logging_mixin.py:190} INFO - [2025-03-08T23:52:57.962+0000] {dag.py:3239} INFO - Sync 1 DAGs
[2025-03-08T23:52:57.972+0000] {logging_mixin.py:190} INFO - [2025-03-08T23:52:57.972+0000] {dag.py:4180} INFO - Setting next_dagrun for example_dag_decorator to None, run_after=None
[2025-03-08T23:52:57.984+0000] {processor.py:208} INFO - Processing /home/airflow/.local/lib/python3.12/site-packages/airflow/example_dags/example_dag_decorator.py took 0.166 seconds
[2025-03-08T23:53:28.629+0000] {processor.py:186} INFO - Started process (PID=2043) to work on /home/airflow/.local/lib/python3.12/site-packages/airflow/example_dags/example_dag_decorator.py
[2025-03-08T23:53:28.630+0000] {processor.py:914} INFO - Processing file /home/airflow/.local/lib/python3.12/site-packages/airflow/example_dags/example_dag_decorator.py for tasks to queue
[2025-03-08T23:53:28.632+0000] {logging_mixin.py:190} INFO - [2025-03-08T23:53:28.631+0000] {dagbag.py:588} INFO - Filling up the DagBag from /home/airflow/.local/lib/python3.12/site-packages/airflow/example_dags/example_dag_decorator.py
[2025-03-08T23:53:28.695+0000] {processor.py:925} INFO - DAG(s) 'example_dag_decorator' retrieved from /home/airflow/.local/lib/python3.12/site-packages/airflow/example_dags/example_dag_decorator.py
[2025-03-08T23:53:28.768+0000] {logging_mixin.py:190} INFO - [2025-03-08T23:53:28.768+0000] {dag.py:3239} INFO - Sync 1 DAGs
[2025-03-08T23:53:28.779+0000] {logging_mixin.py:190} INFO - [2025-03-08T23:53:28.778+0000] {dag.py:4180} INFO - Setting next_dagrun for example_dag_decorator to None, run_after=None
[2025-03-08T23:53:28.793+0000] {processor.py:208} INFO - Processing /home/airflow/.local/lib/python3.12/site-packages/airflow/example_dags/example_dag_decorator.py took 0.168 seconds
[2025-03-08T23:53:59.855+0000] {processor.py:186} INFO - Started process (PID=2112) to work on /home/airflow/.local/lib/python3.12/site-packages/airflow/example_dags/example_dag_decorator.py
[2025-03-08T23:53:59.856+0000] {processor.py:914} INFO - Processing file /home/airflow/.local/lib/python3.12/site-packages/airflow/example_dags/example_dag_decorator.py for tasks to queue
[2025-03-08T23:53:59.858+0000] {logging_mixin.py:190} INFO - [2025-03-08T23:53:59.858+0000] {dagbag.py:588} INFO - Filling up the DagBag from /home/airflow/.local/lib/python3.12/site-packages/airflow/example_dags/example_dag_decorator.py
[2025-03-08T23:53:59.948+0000] {processor.py:925} INFO - DAG(s) 'example_dag_decorator' retrieved from /home/airflow/.local/lib/python3.12/site-packages/airflow/example_dags/example_dag_decorator.py
[2025-03-08T23:54:00.042+0000] {logging_mixin.py:190} INFO - [2025-03-08T23:54:00.042+0000] {dag.py:3239} INFO - Sync 1 DAGs
[2025-03-08T23:54:00.054+0000] {logging_mixin.py:190} INFO - [2025-03-08T23:54:00.054+0000] {dag.py:4180} INFO - Setting next_dagrun for example_dag_decorator to None, run_after=None
[2025-03-08T23:54:00.072+0000] {processor.py:208} INFO - Processing /home/airflow/.local/lib/python3.12/site-packages/airflow/example_dags/example_dag_decorator.py took 0.221 seconds
[2025-03-08T23:54:31.130+0000] {processor.py:186} INFO - Started process (PID=2175) to work on /home/airflow/.local/lib/python3.12/site-packages/airflow/example_dags/example_dag_decorator.py
[2025-03-08T23:54:31.131+0000] {processor.py:914} INFO - Processing file /home/airflow/.local/lib/python3.12/site-packages/airflow/example_dags/example_dag_decorator.py for tasks to queue
[2025-03-08T23:54:31.133+0000] {logging_mixin.py:190} INFO - [2025-03-08T23:54:31.133+0000] {dagbag.py:588} INFO - Filling up the DagBag from /home/airflow/.local/lib/python3.12/site-packages/airflow/example_dags/example_dag_decorator.py
[2025-03-08T23:54:31.211+0000] {processor.py:925} INFO - DAG(s) 'example_dag_decorator' retrieved from /home/airflow/.local/lib/python3.12/site-packages/airflow/example_dags/example_dag_decorator.py
[2025-03-08T23:54:31.303+0000] {logging_mixin.py:190} INFO - [2025-03-08T23:54:31.302+0000] {dag.py:3239} INFO - Sync 1 DAGs
[2025-03-08T23:54:31.313+0000] {logging_mixin.py:190} INFO - [2025-03-08T23:54:31.312+0000] {dag.py:4180} INFO - Setting next_dagrun for example_dag_decorator to None, run_after=None
[2025-03-08T23:54:31.330+0000] {processor.py:208} INFO - Processing /home/airflow/.local/lib/python3.12/site-packages/airflow/example_dags/example_dag_decorator.py took 0.205 seconds
[2025-03-08T23:55:01.750+0000] {processor.py:186} INFO - Started process (PID=2238) to work on /home/airflow/.local/lib/python3.12/site-packages/airflow/example_dags/example_dag_decorator.py
[2025-03-08T23:55:01.751+0000] {processor.py:914} INFO - Processing file /home/airflow/.local/lib/python3.12/site-packages/airflow/example_dags/example_dag_decorator.py for tasks to queue
[2025-03-08T23:55:01.753+0000] {logging_mixin.py:190} INFO - [2025-03-08T23:55:01.753+0000] {dagbag.py:588} INFO - Filling up the DagBag from /home/airflow/.local/lib/python3.12/site-packages/airflow/example_dags/example_dag_decorator.py
[2025-03-08T23:55:01.827+0000] {processor.py:925} INFO - DAG(s) 'example_dag_decorator' retrieved from /home/airflow/.local/lib/python3.12/site-packages/airflow/example_dags/example_dag_decorator.py
[2025-03-08T23:55:01.910+0000] {logging_mixin.py:190} INFO - [2025-03-08T23:55:01.909+0000] {dag.py:3239} INFO - Sync 1 DAGs
[2025-03-08T23:55:01.921+0000] {logging_mixin.py:190} INFO - [2025-03-08T23:55:01.921+0000] {dag.py:4180} INFO - Setting next_dagrun for example_dag_decorator to None, run_after=None
[2025-03-08T23:55:01.938+0000] {processor.py:208} INFO - Processing /home/airflow/.local/lib/python3.12/site-packages/airflow/example_dags/example_dag_decorator.py took 0.192 seconds
[2025-03-08T23:55:32.883+0000] {processor.py:186} INFO - Started process (PID=2301) to work on /home/airflow/.local/lib/python3.12/site-packages/airflow/example_dags/example_dag_decorator.py
[2025-03-08T23:55:32.884+0000] {processor.py:914} INFO - Processing file /home/airflow/.local/lib/python3.12/site-packages/airflow/example_dags/example_dag_decorator.py for tasks to queue
[2025-03-08T23:55:32.885+0000] {logging_mixin.py:190} INFO - [2025-03-08T23:55:32.885+0000] {dagbag.py:588} INFO - Filling up the DagBag from /home/airflow/.local/lib/python3.12/site-packages/airflow/example_dags/example_dag_decorator.py
[2025-03-08T23:55:32.954+0000] {processor.py:925} INFO - DAG(s) 'example_dag_decorator' retrieved from /home/airflow/.local/lib/python3.12/site-packages/airflow/example_dags/example_dag_decorator.py
[2025-03-08T23:55:33.031+0000] {logging_mixin.py:190} INFO - [2025-03-08T23:55:33.031+0000] {dag.py:3239} INFO - Sync 1 DAGs
[2025-03-08T23:55:33.042+0000] {logging_mixin.py:190} INFO - [2025-03-08T23:55:33.042+0000] {dag.py:4180} INFO - Setting next_dagrun for example_dag_decorator to None, run_after=None
[2025-03-08T23:55:33.059+0000] {processor.py:208} INFO - Processing /home/airflow/.local/lib/python3.12/site-packages/airflow/example_dags/example_dag_decorator.py took 0.180 seconds
[2025-03-08T23:56:04.082+0000] {processor.py:186} INFO - Started process (PID=2364) to work on /home/airflow/.local/lib/python3.12/site-packages/airflow/example_dags/example_dag_decorator.py
[2025-03-08T23:56:04.083+0000] {processor.py:914} INFO - Processing file /home/airflow/.local/lib/python3.12/site-packages/airflow/example_dags/example_dag_decorator.py for tasks to queue
[2025-03-08T23:56:04.085+0000] {logging_mixin.py:190} INFO - [2025-03-08T23:56:04.085+0000] {dagbag.py:588} INFO - Filling up the DagBag from /home/airflow/.local/lib/python3.12/site-packages/airflow/example_dags/example_dag_decorator.py
[2025-03-08T23:56:04.159+0000] {processor.py:925} INFO - DAG(s) 'example_dag_decorator' retrieved from /home/airflow/.local/lib/python3.12/site-packages/airflow/example_dags/example_dag_decorator.py
[2025-03-08T23:56:04.251+0000] {logging_mixin.py:190} INFO - [2025-03-08T23:56:04.251+0000] {dag.py:3239} INFO - Sync 1 DAGs
[2025-03-08T23:56:04.261+0000] {logging_mixin.py:190} INFO - [2025-03-08T23:56:04.261+0000] {dag.py:4180} INFO - Setting next_dagrun for example_dag_decorator to None, run_after=None
[2025-03-08T23:56:04.275+0000] {processor.py:208} INFO - Processing /home/airflow/.local/lib/python3.12/site-packages/airflow/example_dags/example_dag_decorator.py took 0.197 seconds
[2025-03-08T23:56:35.626+0000] {processor.py:186} INFO - Started process (PID=2427) to work on /home/airflow/.local/lib/python3.12/site-packages/airflow/example_dags/example_dag_decorator.py
[2025-03-08T23:56:35.627+0000] {processor.py:914} INFO - Processing file /home/airflow/.local/lib/python3.12/site-packages/airflow/example_dags/example_dag_decorator.py for tasks to queue
[2025-03-08T23:56:35.629+0000] {logging_mixin.py:190} INFO - [2025-03-08T23:56:35.629+0000] {dagbag.py:588} INFO - Filling up the DagBag from /home/airflow/.local/lib/python3.12/site-packages/airflow/example_dags/example_dag_decorator.py
[2025-03-08T23:56:35.705+0000] {processor.py:925} INFO - DAG(s) 'example_dag_decorator' retrieved from /home/airflow/.local/lib/python3.12/site-packages/airflow/example_dags/example_dag_decorator.py
[2025-03-08T23:56:35.790+0000] {logging_mixin.py:190} INFO - [2025-03-08T23:56:35.790+0000] {dag.py:3239} INFO - Sync 1 DAGs
[2025-03-08T23:56:35.955+0000] {logging_mixin.py:190} INFO - [2025-03-08T23:56:35.955+0000] {dag.py:4180} INFO - Setting next_dagrun for example_dag_decorator to None, run_after=None
[2025-03-08T23:56:35.976+0000] {processor.py:208} INFO - Processing /home/airflow/.local/lib/python3.12/site-packages/airflow/example_dags/example_dag_decorator.py took 0.355 seconds
[2025-03-08T23:57:06.699+0000] {processor.py:186} INFO - Started process (PID=2490) to work on /home/airflow/.local/lib/python3.12/site-packages/airflow/example_dags/example_dag_decorator.py
[2025-03-08T23:57:06.700+0000] {processor.py:914} INFO - Processing file /home/airflow/.local/lib/python3.12/site-packages/airflow/example_dags/example_dag_decorator.py for tasks to queue
[2025-03-08T23:57:06.702+0000] {logging_mixin.py:190} INFO - [2025-03-08T23:57:06.702+0000] {dagbag.py:588} INFO - Filling up the DagBag from /home/airflow/.local/lib/python3.12/site-packages/airflow/example_dags/example_dag_decorator.py
[2025-03-08T23:57:06.777+0000] {processor.py:925} INFO - DAG(s) 'example_dag_decorator' retrieved from /home/airflow/.local/lib/python3.12/site-packages/airflow/example_dags/example_dag_decorator.py
[2025-03-08T23:57:06.857+0000] {logging_mixin.py:190} INFO - [2025-03-08T23:57:06.857+0000] {dag.py:3239} INFO - Sync 1 DAGs
[2025-03-08T23:57:06.869+0000] {logging_mixin.py:190} INFO - [2025-03-08T23:57:06.868+0000] {dag.py:4180} INFO - Setting next_dagrun for example_dag_decorator to None, run_after=None
[2025-03-08T23:57:07.038+0000] {processor.py:208} INFO - Processing /home/airflow/.local/lib/python3.12/site-packages/airflow/example_dags/example_dag_decorator.py took 0.343 seconds
[2025-03-08T23:57:37.826+0000] {processor.py:186} INFO - Started process (PID=2553) to work on /home/airflow/.local/lib/python3.12/site-packages/airflow/example_dags/example_dag_decorator.py
[2025-03-08T23:57:37.827+0000] {processor.py:914} INFO - Processing file /home/airflow/.local/lib/python3.12/site-packages/airflow/example_dags/example_dag_decorator.py for tasks to queue
[2025-03-08T23:57:37.829+0000] {logging_mixin.py:190} INFO - [2025-03-08T23:57:37.828+0000] {dagbag.py:588} INFO - Filling up the DagBag from /home/airflow/.local/lib/python3.12/site-packages/airflow/example_dags/example_dag_decorator.py
[2025-03-08T23:57:37.899+0000] {processor.py:925} INFO - DAG(s) 'example_dag_decorator' retrieved from /home/airflow/.local/lib/python3.12/site-packages/airflow/example_dags/example_dag_decorator.py
[2025-03-08T23:57:37.972+0000] {logging_mixin.py:190} INFO - [2025-03-08T23:57:37.972+0000] {dag.py:3239} INFO - Sync 1 DAGs
[2025-03-08T23:57:37.979+0000] {logging_mixin.py:190} INFO - [2025-03-08T23:57:37.979+0000] {dag.py:4180} INFO - Setting next_dagrun for example_dag_decorator to None, run_after=None
[2025-03-08T23:57:37.994+0000] {processor.py:208} INFO - Processing /home/airflow/.local/lib/python3.12/site-packages/airflow/example_dags/example_dag_decorator.py took 0.172 seconds
[2025-03-08T23:58:09.239+0000] {processor.py:186} INFO - Started process (PID=2615) to work on /home/airflow/.local/lib/python3.12/site-packages/airflow/example_dags/example_dag_decorator.py
[2025-03-08T23:58:09.240+0000] {processor.py:914} INFO - Processing file /home/airflow/.local/lib/python3.12/site-packages/airflow/example_dags/example_dag_decorator.py for tasks to queue
[2025-03-08T23:58:09.242+0000] {logging_mixin.py:190} INFO - [2025-03-08T23:58:09.242+0000] {dagbag.py:588} INFO - Filling up the DagBag from /home/airflow/.local/lib/python3.12/site-packages/airflow/example_dags/example_dag_decorator.py
[2025-03-08T23:58:09.308+0000] {processor.py:925} INFO - DAG(s) 'example_dag_decorator' retrieved from /home/airflow/.local/lib/python3.12/site-packages/airflow/example_dags/example_dag_decorator.py
[2025-03-08T23:58:09.382+0000] {logging_mixin.py:190} INFO - [2025-03-08T23:58:09.382+0000] {dag.py:3239} INFO - Sync 1 DAGs
[2025-03-08T23:58:09.390+0000] {logging_mixin.py:190} INFO - [2025-03-08T23:58:09.390+0000] {dag.py:4180} INFO - Setting next_dagrun for example_dag_decorator to None, run_after=None
[2025-03-08T23:58:09.408+0000] {processor.py:208} INFO - Processing /home/airflow/.local/lib/python3.12/site-packages/airflow/example_dags/example_dag_decorator.py took 0.173 seconds
