[2025-03-08T22:35:45.250+0000] {processor.py:186} INFO - Started process (PID=73) to work on /home/airflow/.local/lib/python3.12/site-packages/airflow/example_dags/example_branch_operator.py
[2025-03-08T22:35:45.251+0000] {processor.py:914} INFO - Processing file /home/airflow/.local/lib/python3.12/site-packages/airflow/example_dags/example_branch_operator.py for tasks to queue
[2025-03-08T22:35:45.253+0000] {logging_mixin.py:190} INFO - [2025-03-08T22:35:45.253+0000] {dagbag.py:588} INFO - Filling up the DagBag from /home/airflow/.local/lib/python3.12/site-packages/airflow/example_dags/example_branch_operator.py
[2025-03-08T22:35:45.278+0000] {processor.py:925} INFO - DAG(s) 'example_branch_operator' retrieved from /home/airflow/.local/lib/python3.12/site-packages/airflow/example_dags/example_branch_operator.py
[2025-03-08T22:35:45.388+0000] {logging_mixin.py:190} INFO - [2025-03-08T22:35:45.388+0000] {override.py:1912} INFO - Created Permission View: can edit on DAG:example_branch_operator
[2025-03-08T22:35:45.396+0000] {logging_mixin.py:190} INFO - [2025-03-08T22:35:45.396+0000] {override.py:1912} INFO - Created Permission View: can read on DAG:example_branch_operator
[2025-03-08T22:35:45.404+0000] {logging_mixin.py:190} INFO - [2025-03-08T22:35:45.403+0000] {override.py:1912} INFO - Created Permission View: can delete on DAG:example_branch_operator
[2025-03-08T22:35:45.411+0000] {logging_mixin.py:190} INFO - [2025-03-08T22:35:45.411+0000] {override.py:1912} INFO - Created Permission View: menu access on DAG Run:example_branch_operator
[2025-03-08T22:35:45.418+0000] {logging_mixin.py:190} INFO - [2025-03-08T22:35:45.418+0000] {override.py:1912} INFO - Created Permission View: can delete on DAG Run:example_branch_operator
[2025-03-08T22:35:45.425+0000] {logging_mixin.py:190} INFO - [2025-03-08T22:35:45.424+0000] {override.py:1912} INFO - Created Permission View: can read on DAG Run:example_branch_operator
[2025-03-08T22:35:45.431+0000] {logging_mixin.py:190} INFO - [2025-03-08T22:35:45.431+0000] {override.py:1912} INFO - Created Permission View: can create on DAG Run:example_branch_operator
[2025-03-08T22:35:45.432+0000] {logging_mixin.py:190} INFO - [2025-03-08T22:35:45.432+0000] {dag.py:3239} INFO - Sync 1 DAGs
[2025-03-08T22:35:45.442+0000] {logging_mixin.py:190} INFO - [2025-03-08T22:35:45.442+0000] {dag.py:3262} INFO - Creating ORM DAG for example_branch_operator
[2025-03-08T22:35:45.451+0000] {logging_mixin.py:190} INFO - [2025-03-08T22:35:45.451+0000] {dag.py:4180} INFO - Setting next_dagrun for example_branch_operator to 2025-03-07 00:00:00+00:00, run_after=2025-03-08 00:00:00+00:00
[2025-03-08T22:35:45.466+0000] {processor.py:208} INFO - Processing /home/airflow/.local/lib/python3.12/site-packages/airflow/example_dags/example_branch_operator.py took 0.220 seconds
[2025-03-08T22:36:16.041+0000] {processor.py:186} INFO - Started process (PID=136) to work on /home/airflow/.local/lib/python3.12/site-packages/airflow/example_dags/example_branch_operator.py
[2025-03-08T22:36:16.042+0000] {processor.py:914} INFO - Processing file /home/airflow/.local/lib/python3.12/site-packages/airflow/example_dags/example_branch_operator.py for tasks to queue
[2025-03-08T22:36:16.044+0000] {logging_mixin.py:190} INFO - [2025-03-08T22:36:16.044+0000] {dagbag.py:588} INFO - Filling up the DagBag from /home/airflow/.local/lib/python3.12/site-packages/airflow/example_dags/example_branch_operator.py
[2025-03-08T22:36:16.056+0000] {processor.py:925} INFO - DAG(s) 'example_branch_operator' retrieved from /home/airflow/.local/lib/python3.12/site-packages/airflow/example_dags/example_branch_operator.py
[2025-03-08T22:36:16.079+0000] {logging_mixin.py:190} INFO - [2025-03-08T22:36:16.079+0000] {dag.py:3239} INFO - Sync 1 DAGs
[2025-03-08T22:36:16.100+0000] {logging_mixin.py:190} INFO - [2025-03-08T22:36:16.099+0000] {dag.py:4180} INFO - Setting next_dagrun for example_branch_operator to 2025-03-07 00:00:00+00:00, run_after=2025-03-08 00:00:00+00:00
[2025-03-08T22:36:16.116+0000] {processor.py:208} INFO - Processing /home/airflow/.local/lib/python3.12/site-packages/airflow/example_dags/example_branch_operator.py took 0.079 seconds
[2025-03-08T22:36:46.759+0000] {processor.py:186} INFO - Started process (PID=199) to work on /home/airflow/.local/lib/python3.12/site-packages/airflow/example_dags/example_branch_operator.py
[2025-03-08T22:36:46.760+0000] {processor.py:914} INFO - Processing file /home/airflow/.local/lib/python3.12/site-packages/airflow/example_dags/example_branch_operator.py for tasks to queue
[2025-03-08T22:36:46.761+0000] {logging_mixin.py:190} INFO - [2025-03-08T22:36:46.761+0000] {dagbag.py:588} INFO - Filling up the DagBag from /home/airflow/.local/lib/python3.12/site-packages/airflow/example_dags/example_branch_operator.py
[2025-03-08T22:36:46.774+0000] {processor.py:925} INFO - DAG(s) 'example_branch_operator' retrieved from /home/airflow/.local/lib/python3.12/site-packages/airflow/example_dags/example_branch_operator.py
[2025-03-08T22:36:46.799+0000] {logging_mixin.py:190} INFO - [2025-03-08T22:36:46.798+0000] {dag.py:3239} INFO - Sync 1 DAGs
[2025-03-08T22:36:46.820+0000] {logging_mixin.py:190} INFO - [2025-03-08T22:36:46.820+0000] {dag.py:4180} INFO - Setting next_dagrun for example_branch_operator to 2025-03-07 00:00:00+00:00, run_after=2025-03-08 00:00:00+00:00
[2025-03-08T22:36:46.835+0000] {processor.py:208} INFO - Processing /home/airflow/.local/lib/python3.12/site-packages/airflow/example_dags/example_branch_operator.py took 0.083 seconds
[2025-03-08T22:37:17.436+0000] {processor.py:186} INFO - Started process (PID=268) to work on /home/airflow/.local/lib/python3.12/site-packages/airflow/example_dags/example_branch_operator.py
[2025-03-08T22:37:17.437+0000] {processor.py:914} INFO - Processing file /home/airflow/.local/lib/python3.12/site-packages/airflow/example_dags/example_branch_operator.py for tasks to queue
[2025-03-08T22:37:17.439+0000] {logging_mixin.py:190} INFO - [2025-03-08T22:37:17.439+0000] {dagbag.py:588} INFO - Filling up the DagBag from /home/airflow/.local/lib/python3.12/site-packages/airflow/example_dags/example_branch_operator.py
[2025-03-08T22:37:17.451+0000] {processor.py:925} INFO - DAG(s) 'example_branch_operator' retrieved from /home/airflow/.local/lib/python3.12/site-packages/airflow/example_dags/example_branch_operator.py
[2025-03-08T22:37:17.479+0000] {logging_mixin.py:190} INFO - [2025-03-08T22:37:17.479+0000] {dag.py:3239} INFO - Sync 1 DAGs
[2025-03-08T22:37:17.498+0000] {logging_mixin.py:190} INFO - [2025-03-08T22:37:17.498+0000] {dag.py:4180} INFO - Setting next_dagrun for example_branch_operator to 2025-03-07 00:00:00+00:00, run_after=2025-03-08 00:00:00+00:00
[2025-03-08T22:37:17.515+0000] {processor.py:208} INFO - Processing /home/airflow/.local/lib/python3.12/site-packages/airflow/example_dags/example_branch_operator.py took 0.083 seconds
[2025-03-08T22:37:48.157+0000] {processor.py:186} INFO - Started process (PID=331) to work on /home/airflow/.local/lib/python3.12/site-packages/airflow/example_dags/example_branch_operator.py
[2025-03-08T22:37:48.158+0000] {processor.py:914} INFO - Processing file /home/airflow/.local/lib/python3.12/site-packages/airflow/example_dags/example_branch_operator.py for tasks to queue
[2025-03-08T22:37:48.160+0000] {logging_mixin.py:190} INFO - [2025-03-08T22:37:48.160+0000] {dagbag.py:588} INFO - Filling up the DagBag from /home/airflow/.local/lib/python3.12/site-packages/airflow/example_dags/example_branch_operator.py
[2025-03-08T22:37:48.173+0000] {processor.py:925} INFO - DAG(s) 'example_branch_operator' retrieved from /home/airflow/.local/lib/python3.12/site-packages/airflow/example_dags/example_branch_operator.py
[2025-03-08T22:37:48.196+0000] {logging_mixin.py:190} INFO - [2025-03-08T22:37:48.196+0000] {dag.py:3239} INFO - Sync 1 DAGs
[2025-03-08T22:37:48.214+0000] {logging_mixin.py:190} INFO - [2025-03-08T22:37:48.214+0000] {dag.py:4180} INFO - Setting next_dagrun for example_branch_operator to 2025-03-07 00:00:00+00:00, run_after=2025-03-08 00:00:00+00:00
[2025-03-08T22:37:48.229+0000] {processor.py:208} INFO - Processing /home/airflow/.local/lib/python3.12/site-packages/airflow/example_dags/example_branch_operator.py took 0.076 seconds
[2025-03-08T22:38:19.273+0000] {processor.py:186} INFO - Started process (PID=394) to work on /home/airflow/.local/lib/python3.12/site-packages/airflow/example_dags/example_branch_operator.py
[2025-03-08T22:38:19.275+0000] {processor.py:914} INFO - Processing file /home/airflow/.local/lib/python3.12/site-packages/airflow/example_dags/example_branch_operator.py for tasks to queue
[2025-03-08T22:38:19.276+0000] {logging_mixin.py:190} INFO - [2025-03-08T22:38:19.276+0000] {dagbag.py:588} INFO - Filling up the DagBag from /home/airflow/.local/lib/python3.12/site-packages/airflow/example_dags/example_branch_operator.py
[2025-03-08T22:38:19.288+0000] {processor.py:925} INFO - DAG(s) 'example_branch_operator' retrieved from /home/airflow/.local/lib/python3.12/site-packages/airflow/example_dags/example_branch_operator.py
[2025-03-08T22:38:19.313+0000] {logging_mixin.py:190} INFO - [2025-03-08T22:38:19.313+0000] {dag.py:3239} INFO - Sync 1 DAGs
[2025-03-08T22:38:19.331+0000] {logging_mixin.py:190} INFO - [2025-03-08T22:38:19.330+0000] {dag.py:4180} INFO - Setting next_dagrun for example_branch_operator to 2025-03-07 00:00:00+00:00, run_after=2025-03-08 00:00:00+00:00
[2025-03-08T22:38:19.345+0000] {processor.py:208} INFO - Processing /home/airflow/.local/lib/python3.12/site-packages/airflow/example_dags/example_branch_operator.py took 0.077 seconds
[2025-03-08T22:38:50.638+0000] {processor.py:186} INFO - Started process (PID=457) to work on /home/airflow/.local/lib/python3.12/site-packages/airflow/example_dags/example_branch_operator.py
[2025-03-08T22:38:50.639+0000] {processor.py:914} INFO - Processing file /home/airflow/.local/lib/python3.12/site-packages/airflow/example_dags/example_branch_operator.py for tasks to queue
[2025-03-08T22:38:50.640+0000] {logging_mixin.py:190} INFO - [2025-03-08T22:38:50.640+0000] {dagbag.py:588} INFO - Filling up the DagBag from /home/airflow/.local/lib/python3.12/site-packages/airflow/example_dags/example_branch_operator.py
[2025-03-08T22:38:50.653+0000] {processor.py:925} INFO - DAG(s) 'example_branch_operator' retrieved from /home/airflow/.local/lib/python3.12/site-packages/airflow/example_dags/example_branch_operator.py
[2025-03-08T22:38:50.674+0000] {logging_mixin.py:190} INFO - [2025-03-08T22:38:50.674+0000] {dag.py:3239} INFO - Sync 1 DAGs
[2025-03-08T22:38:50.691+0000] {logging_mixin.py:190} INFO - [2025-03-08T22:38:50.691+0000] {dag.py:4180} INFO - Setting next_dagrun for example_branch_operator to 2025-03-07 00:00:00+00:00, run_after=2025-03-08 00:00:00+00:00
[2025-03-08T22:38:50.703+0000] {processor.py:208} INFO - Processing /home/airflow/.local/lib/python3.12/site-packages/airflow/example_dags/example_branch_operator.py took 0.069 seconds
[2025-03-08T23:37:25.799+0000] {processor.py:186} INFO - Started process (PID=73) to work on /home/airflow/.local/lib/python3.12/site-packages/airflow/example_dags/example_branch_operator.py
[2025-03-08T23:37:25.800+0000] {processor.py:914} INFO - Processing file /home/airflow/.local/lib/python3.12/site-packages/airflow/example_dags/example_branch_operator.py for tasks to queue
[2025-03-08T23:37:25.802+0000] {logging_mixin.py:190} INFO - [2025-03-08T23:37:25.802+0000] {dagbag.py:588} INFO - Filling up the DagBag from /home/airflow/.local/lib/python3.12/site-packages/airflow/example_dags/example_branch_operator.py
[2025-03-08T23:37:25.821+0000] {processor.py:925} INFO - DAG(s) 'example_branch_operator' retrieved from /home/airflow/.local/lib/python3.12/site-packages/airflow/example_dags/example_branch_operator.py
[2025-03-08T23:37:26.014+0000] {logging_mixin.py:190} INFO - [2025-03-08T23:37:26.014+0000] {dag.py:3239} INFO - Sync 1 DAGs
[2025-03-08T23:37:26.033+0000] {logging_mixin.py:190} INFO - [2025-03-08T23:37:26.033+0000] {dag.py:4180} INFO - Setting next_dagrun for example_branch_operator to 2025-03-07 00:00:00+00:00, run_after=2025-03-08 00:00:00+00:00
[2025-03-08T23:37:26.050+0000] {processor.py:208} INFO - Processing /home/airflow/.local/lib/python3.12/site-packages/airflow/example_dags/example_branch_operator.py took 0.255 seconds
[2025-03-08T23:37:56.456+0000] {processor.py:186} INFO - Started process (PID=136) to work on /home/airflow/.local/lib/python3.12/site-packages/airflow/example_dags/example_branch_operator.py
[2025-03-08T23:37:56.457+0000] {processor.py:914} INFO - Processing file /home/airflow/.local/lib/python3.12/site-packages/airflow/example_dags/example_branch_operator.py for tasks to queue
[2025-03-08T23:37:56.458+0000] {logging_mixin.py:190} INFO - [2025-03-08T23:37:56.458+0000] {dagbag.py:588} INFO - Filling up the DagBag from /home/airflow/.local/lib/python3.12/site-packages/airflow/example_dags/example_branch_operator.py
[2025-03-08T23:37:56.470+0000] {processor.py:925} INFO - DAG(s) 'example_branch_operator' retrieved from /home/airflow/.local/lib/python3.12/site-packages/airflow/example_dags/example_branch_operator.py
[2025-03-08T23:37:56.492+0000] {logging_mixin.py:190} INFO - [2025-03-08T23:37:56.491+0000] {dag.py:3239} INFO - Sync 1 DAGs
[2025-03-08T23:37:56.509+0000] {logging_mixin.py:190} INFO - [2025-03-08T23:37:56.509+0000] {dag.py:4180} INFO - Setting next_dagrun for example_branch_operator to 2025-03-07 00:00:00+00:00, run_after=2025-03-08 00:00:00+00:00
[2025-03-08T23:37:56.523+0000] {processor.py:208} INFO - Processing /home/airflow/.local/lib/python3.12/site-packages/airflow/example_dags/example_branch_operator.py took 0.071 seconds
[2025-03-08T23:38:27.212+0000] {processor.py:186} INFO - Started process (PID=199) to work on /home/airflow/.local/lib/python3.12/site-packages/airflow/example_dags/example_branch_operator.py
[2025-03-08T23:38:27.213+0000] {processor.py:914} INFO - Processing file /home/airflow/.local/lib/python3.12/site-packages/airflow/example_dags/example_branch_operator.py for tasks to queue
[2025-03-08T23:38:27.217+0000] {logging_mixin.py:190} INFO - [2025-03-08T23:38:27.217+0000] {dagbag.py:588} INFO - Filling up the DagBag from /home/airflow/.local/lib/python3.12/site-packages/airflow/example_dags/example_branch_operator.py
[2025-03-08T23:38:27.237+0000] {processor.py:925} INFO - DAG(s) 'example_branch_operator' retrieved from /home/airflow/.local/lib/python3.12/site-packages/airflow/example_dags/example_branch_operator.py
[2025-03-08T23:38:27.268+0000] {logging_mixin.py:190} INFO - [2025-03-08T23:38:27.268+0000] {dag.py:3239} INFO - Sync 1 DAGs
[2025-03-08T23:38:27.291+0000] {logging_mixin.py:190} INFO - [2025-03-08T23:38:27.291+0000] {dag.py:4180} INFO - Setting next_dagrun for example_branch_operator to 2025-03-07 00:00:00+00:00, run_after=2025-03-08 00:00:00+00:00
[2025-03-08T23:38:27.310+0000] {processor.py:208} INFO - Processing /home/airflow/.local/lib/python3.12/site-packages/airflow/example_dags/example_branch_operator.py took 0.104 seconds
[2025-03-08T23:38:58.520+0000] {processor.py:186} INFO - Started process (PID=268) to work on /home/airflow/.local/lib/python3.12/site-packages/airflow/example_dags/example_branch_operator.py
[2025-03-08T23:38:58.521+0000] {processor.py:914} INFO - Processing file /home/airflow/.local/lib/python3.12/site-packages/airflow/example_dags/example_branch_operator.py for tasks to queue
[2025-03-08T23:38:58.522+0000] {logging_mixin.py:190} INFO - [2025-03-08T23:38:58.522+0000] {dagbag.py:588} INFO - Filling up the DagBag from /home/airflow/.local/lib/python3.12/site-packages/airflow/example_dags/example_branch_operator.py
[2025-03-08T23:38:58.534+0000] {processor.py:925} INFO - DAG(s) 'example_branch_operator' retrieved from /home/airflow/.local/lib/python3.12/site-packages/airflow/example_dags/example_branch_operator.py
[2025-03-08T23:38:58.559+0000] {logging_mixin.py:190} INFO - [2025-03-08T23:38:58.559+0000] {dag.py:3239} INFO - Sync 1 DAGs
[2025-03-08T23:38:58.577+0000] {logging_mixin.py:190} INFO - [2025-03-08T23:38:58.577+0000] {dag.py:4180} INFO - Setting next_dagrun for example_branch_operator to 2025-03-07 00:00:00+00:00, run_after=2025-03-08 00:00:00+00:00
[2025-03-08T23:38:58.592+0000] {processor.py:208} INFO - Processing /home/airflow/.local/lib/python3.12/site-packages/airflow/example_dags/example_branch_operator.py took 0.076 seconds
[2025-03-08T23:39:29.837+0000] {processor.py:186} INFO - Started process (PID=331) to work on /home/airflow/.local/lib/python3.12/site-packages/airflow/example_dags/example_branch_operator.py
[2025-03-08T23:39:29.838+0000] {processor.py:914} INFO - Processing file /home/airflow/.local/lib/python3.12/site-packages/airflow/example_dags/example_branch_operator.py for tasks to queue
[2025-03-08T23:39:29.839+0000] {logging_mixin.py:190} INFO - [2025-03-08T23:39:29.839+0000] {dagbag.py:588} INFO - Filling up the DagBag from /home/airflow/.local/lib/python3.12/site-packages/airflow/example_dags/example_branch_operator.py
[2025-03-08T23:39:29.850+0000] {processor.py:925} INFO - DAG(s) 'example_branch_operator' retrieved from /home/airflow/.local/lib/python3.12/site-packages/airflow/example_dags/example_branch_operator.py
[2025-03-08T23:39:29.871+0000] {logging_mixin.py:190} INFO - [2025-03-08T23:39:29.871+0000] {dag.py:3239} INFO - Sync 1 DAGs
[2025-03-08T23:39:29.887+0000] {logging_mixin.py:190} INFO - [2025-03-08T23:39:29.887+0000] {dag.py:4180} INFO - Setting next_dagrun for example_branch_operator to 2025-03-07 00:00:00+00:00, run_after=2025-03-08 00:00:00+00:00
[2025-03-08T23:39:29.901+0000] {processor.py:208} INFO - Processing /home/airflow/.local/lib/python3.12/site-packages/airflow/example_dags/example_branch_operator.py took 0.067 seconds
[2025-03-08T23:40:01.244+0000] {processor.py:186} INFO - Started process (PID=394) to work on /home/airflow/.local/lib/python3.12/site-packages/airflow/example_dags/example_branch_operator.py
[2025-03-08T23:40:01.245+0000] {processor.py:914} INFO - Processing file /home/airflow/.local/lib/python3.12/site-packages/airflow/example_dags/example_branch_operator.py for tasks to queue
[2025-03-08T23:40:01.247+0000] {logging_mixin.py:190} INFO - [2025-03-08T23:40:01.247+0000] {dagbag.py:588} INFO - Filling up the DagBag from /home/airflow/.local/lib/python3.12/site-packages/airflow/example_dags/example_branch_operator.py
[2025-03-08T23:40:01.261+0000] {processor.py:925} INFO - DAG(s) 'example_branch_operator' retrieved from /home/airflow/.local/lib/python3.12/site-packages/airflow/example_dags/example_branch_operator.py
[2025-03-08T23:40:01.286+0000] {logging_mixin.py:190} INFO - [2025-03-08T23:40:01.286+0000] {dag.py:3239} INFO - Sync 1 DAGs
[2025-03-08T23:40:01.306+0000] {logging_mixin.py:190} INFO - [2025-03-08T23:40:01.306+0000] {dag.py:4180} INFO - Setting next_dagrun for example_branch_operator to 2025-03-07 00:00:00+00:00, run_after=2025-03-08 00:00:00+00:00
[2025-03-08T23:40:01.323+0000] {processor.py:208} INFO - Processing /home/airflow/.local/lib/python3.12/site-packages/airflow/example_dags/example_branch_operator.py took 0.083 seconds
[2025-03-08T23:40:32.607+0000] {processor.py:186} INFO - Started process (PID=457) to work on /home/airflow/.local/lib/python3.12/site-packages/airflow/example_dags/example_branch_operator.py
[2025-03-08T23:40:32.608+0000] {processor.py:914} INFO - Processing file /home/airflow/.local/lib/python3.12/site-packages/airflow/example_dags/example_branch_operator.py for tasks to queue
[2025-03-08T23:40:32.610+0000] {logging_mixin.py:190} INFO - [2025-03-08T23:40:32.609+0000] {dagbag.py:588} INFO - Filling up the DagBag from /home/airflow/.local/lib/python3.12/site-packages/airflow/example_dags/example_branch_operator.py
[2025-03-08T23:40:32.623+0000] {processor.py:925} INFO - DAG(s) 'example_branch_operator' retrieved from /home/airflow/.local/lib/python3.12/site-packages/airflow/example_dags/example_branch_operator.py
[2025-03-08T23:40:32.648+0000] {logging_mixin.py:190} INFO - [2025-03-08T23:40:32.647+0000] {dag.py:3239} INFO - Sync 1 DAGs
[2025-03-08T23:40:32.670+0000] {logging_mixin.py:190} INFO - [2025-03-08T23:40:32.670+0000] {dag.py:4180} INFO - Setting next_dagrun for example_branch_operator to 2025-03-07 00:00:00+00:00, run_after=2025-03-08 00:00:00+00:00
[2025-03-08T23:40:32.687+0000] {processor.py:208} INFO - Processing /home/airflow/.local/lib/python3.12/site-packages/airflow/example_dags/example_branch_operator.py took 0.085 seconds
[2025-03-08T23:41:03.377+0000] {processor.py:186} INFO - Started process (PID=520) to work on /home/airflow/.local/lib/python3.12/site-packages/airflow/example_dags/example_branch_operator.py
[2025-03-08T23:41:03.378+0000] {processor.py:914} INFO - Processing file /home/airflow/.local/lib/python3.12/site-packages/airflow/example_dags/example_branch_operator.py for tasks to queue
[2025-03-08T23:41:03.379+0000] {logging_mixin.py:190} INFO - [2025-03-08T23:41:03.379+0000] {dagbag.py:588} INFO - Filling up the DagBag from /home/airflow/.local/lib/python3.12/site-packages/airflow/example_dags/example_branch_operator.py
[2025-03-08T23:41:03.393+0000] {processor.py:925} INFO - DAG(s) 'example_branch_operator' retrieved from /home/airflow/.local/lib/python3.12/site-packages/airflow/example_dags/example_branch_operator.py
[2025-03-08T23:41:03.419+0000] {logging_mixin.py:190} INFO - [2025-03-08T23:41:03.419+0000] {dag.py:3239} INFO - Sync 1 DAGs
[2025-03-08T23:41:03.439+0000] {logging_mixin.py:190} INFO - [2025-03-08T23:41:03.439+0000] {dag.py:4180} INFO - Setting next_dagrun for example_branch_operator to 2025-03-07 00:00:00+00:00, run_after=2025-03-08 00:00:00+00:00
[2025-03-08T23:41:03.454+0000] {processor.py:208} INFO - Processing /home/airflow/.local/lib/python3.12/site-packages/airflow/example_dags/example_branch_operator.py took 0.082 seconds
[2025-03-08T23:41:34.408+0000] {processor.py:186} INFO - Started process (PID=583) to work on /home/airflow/.local/lib/python3.12/site-packages/airflow/example_dags/example_branch_operator.py
[2025-03-08T23:41:34.409+0000] {processor.py:914} INFO - Processing file /home/airflow/.local/lib/python3.12/site-packages/airflow/example_dags/example_branch_operator.py for tasks to queue
[2025-03-08T23:41:34.411+0000] {logging_mixin.py:190} INFO - [2025-03-08T23:41:34.411+0000] {dagbag.py:588} INFO - Filling up the DagBag from /home/airflow/.local/lib/python3.12/site-packages/airflow/example_dags/example_branch_operator.py
[2025-03-08T23:41:34.425+0000] {processor.py:925} INFO - DAG(s) 'example_branch_operator' retrieved from /home/airflow/.local/lib/python3.12/site-packages/airflow/example_dags/example_branch_operator.py
[2025-03-08T23:41:34.449+0000] {logging_mixin.py:190} INFO - [2025-03-08T23:41:34.448+0000] {dag.py:3239} INFO - Sync 1 DAGs
[2025-03-08T23:41:34.467+0000] {logging_mixin.py:190} INFO - [2025-03-08T23:41:34.467+0000] {dag.py:4180} INFO - Setting next_dagrun for example_branch_operator to 2025-03-07 00:00:00+00:00, run_after=2025-03-08 00:00:00+00:00
[2025-03-08T23:41:34.484+0000] {processor.py:208} INFO - Processing /home/airflow/.local/lib/python3.12/site-packages/airflow/example_dags/example_branch_operator.py took 0.081 seconds
[2025-03-08T23:42:05.967+0000] {processor.py:186} INFO - Started process (PID=646) to work on /home/airflow/.local/lib/python3.12/site-packages/airflow/example_dags/example_branch_operator.py
[2025-03-08T23:42:05.968+0000] {processor.py:914} INFO - Processing file /home/airflow/.local/lib/python3.12/site-packages/airflow/example_dags/example_branch_operator.py for tasks to queue
[2025-03-08T23:42:05.970+0000] {logging_mixin.py:190} INFO - [2025-03-08T23:42:05.969+0000] {dagbag.py:588} INFO - Filling up the DagBag from /home/airflow/.local/lib/python3.12/site-packages/airflow/example_dags/example_branch_operator.py
[2025-03-08T23:42:05.981+0000] {processor.py:925} INFO - DAG(s) 'example_branch_operator' retrieved from /home/airflow/.local/lib/python3.12/site-packages/airflow/example_dags/example_branch_operator.py
[2025-03-08T23:42:06.003+0000] {logging_mixin.py:190} INFO - [2025-03-08T23:42:06.003+0000] {dag.py:3239} INFO - Sync 1 DAGs
[2025-03-08T23:42:06.020+0000] {logging_mixin.py:190} INFO - [2025-03-08T23:42:06.020+0000] {dag.py:4180} INFO - Setting next_dagrun for example_branch_operator to 2025-03-07 00:00:00+00:00, run_after=2025-03-08 00:00:00+00:00
[2025-03-08T23:42:06.036+0000] {processor.py:208} INFO - Processing /home/airflow/.local/lib/python3.12/site-packages/airflow/example_dags/example_branch_operator.py took 0.073 seconds
[2025-03-08T23:42:37.477+0000] {processor.py:186} INFO - Started process (PID=709) to work on /home/airflow/.local/lib/python3.12/site-packages/airflow/example_dags/example_branch_operator.py
[2025-03-08T23:42:37.478+0000] {processor.py:914} INFO - Processing file /home/airflow/.local/lib/python3.12/site-packages/airflow/example_dags/example_branch_operator.py for tasks to queue
[2025-03-08T23:42:37.480+0000] {logging_mixin.py:190} INFO - [2025-03-08T23:42:37.480+0000] {dagbag.py:588} INFO - Filling up the DagBag from /home/airflow/.local/lib/python3.12/site-packages/airflow/example_dags/example_branch_operator.py
[2025-03-08T23:42:37.496+0000] {processor.py:925} INFO - DAG(s) 'example_branch_operator' retrieved from /home/airflow/.local/lib/python3.12/site-packages/airflow/example_dags/example_branch_operator.py
[2025-03-08T23:42:37.524+0000] {logging_mixin.py:190} INFO - [2025-03-08T23:42:37.523+0000] {dag.py:3239} INFO - Sync 1 DAGs
[2025-03-08T23:42:37.548+0000] {logging_mixin.py:190} INFO - [2025-03-08T23:42:37.548+0000] {dag.py:4180} INFO - Setting next_dagrun for example_branch_operator to 2025-03-07 00:00:00+00:00, run_after=2025-03-08 00:00:00+00:00
[2025-03-08T23:42:37.566+0000] {processor.py:208} INFO - Processing /home/airflow/.local/lib/python3.12/site-packages/airflow/example_dags/example_branch_operator.py took 0.095 seconds
[2025-03-08T23:43:07.991+0000] {processor.py:186} INFO - Started process (PID=773) to work on /home/airflow/.local/lib/python3.12/site-packages/airflow/example_dags/example_branch_operator.py
[2025-03-08T23:43:07.992+0000] {processor.py:914} INFO - Processing file /home/airflow/.local/lib/python3.12/site-packages/airflow/example_dags/example_branch_operator.py for tasks to queue
[2025-03-08T23:43:07.994+0000] {logging_mixin.py:190} INFO - [2025-03-08T23:43:07.993+0000] {dagbag.py:588} INFO - Filling up the DagBag from /home/airflow/.local/lib/python3.12/site-packages/airflow/example_dags/example_branch_operator.py
[2025-03-08T23:43:08.006+0000] {processor.py:925} INFO - DAG(s) 'example_branch_operator' retrieved from /home/airflow/.local/lib/python3.12/site-packages/airflow/example_dags/example_branch_operator.py
[2025-03-08T23:43:08.028+0000] {logging_mixin.py:190} INFO - [2025-03-08T23:43:08.028+0000] {dag.py:3239} INFO - Sync 1 DAGs
[2025-03-08T23:43:08.047+0000] {logging_mixin.py:190} INFO - [2025-03-08T23:43:08.046+0000] {dag.py:4180} INFO - Setting next_dagrun for example_branch_operator to 2025-03-07 00:00:00+00:00, run_after=2025-03-08 00:00:00+00:00
[2025-03-08T23:43:08.062+0000] {processor.py:208} INFO - Processing /home/airflow/.local/lib/python3.12/site-packages/airflow/example_dags/example_branch_operator.py took 0.075 seconds
[2025-03-08T23:43:39.254+0000] {processor.py:186} INFO - Started process (PID=836) to work on /home/airflow/.local/lib/python3.12/site-packages/airflow/example_dags/example_branch_operator.py
[2025-03-08T23:43:39.255+0000] {processor.py:914} INFO - Processing file /home/airflow/.local/lib/python3.12/site-packages/airflow/example_dags/example_branch_operator.py for tasks to queue
[2025-03-08T23:43:39.257+0000] {logging_mixin.py:190} INFO - [2025-03-08T23:43:39.257+0000] {dagbag.py:588} INFO - Filling up the DagBag from /home/airflow/.local/lib/python3.12/site-packages/airflow/example_dags/example_branch_operator.py
[2025-03-08T23:43:39.273+0000] {processor.py:925} INFO - DAG(s) 'example_branch_operator' retrieved from /home/airflow/.local/lib/python3.12/site-packages/airflow/example_dags/example_branch_operator.py
[2025-03-08T23:43:39.300+0000] {logging_mixin.py:190} INFO - [2025-03-08T23:43:39.300+0000] {dag.py:3239} INFO - Sync 1 DAGs
[2025-03-08T23:43:39.318+0000] {logging_mixin.py:190} INFO - [2025-03-08T23:43:39.318+0000] {dag.py:4180} INFO - Setting next_dagrun for example_branch_operator to 2025-03-07 00:00:00+00:00, run_after=2025-03-08 00:00:00+00:00
[2025-03-08T23:43:39.335+0000] {processor.py:208} INFO - Processing /home/airflow/.local/lib/python3.12/site-packages/airflow/example_dags/example_branch_operator.py took 0.085 seconds
[2025-03-08T23:44:09.981+0000] {processor.py:186} INFO - Started process (PID=899) to work on /home/airflow/.local/lib/python3.12/site-packages/airflow/example_dags/example_branch_operator.py
[2025-03-08T23:44:09.982+0000] {processor.py:914} INFO - Processing file /home/airflow/.local/lib/python3.12/site-packages/airflow/example_dags/example_branch_operator.py for tasks to queue
[2025-03-08T23:44:09.984+0000] {logging_mixin.py:190} INFO - [2025-03-08T23:44:09.984+0000] {dagbag.py:588} INFO - Filling up the DagBag from /home/airflow/.local/lib/python3.12/site-packages/airflow/example_dags/example_branch_operator.py
[2025-03-08T23:44:09.997+0000] {processor.py:925} INFO - DAG(s) 'example_branch_operator' retrieved from /home/airflow/.local/lib/python3.12/site-packages/airflow/example_dags/example_branch_operator.py
[2025-03-08T23:44:10.023+0000] {logging_mixin.py:190} INFO - [2025-03-08T23:44:10.023+0000] {dag.py:3239} INFO - Sync 1 DAGs
[2025-03-08T23:44:10.041+0000] {logging_mixin.py:190} INFO - [2025-03-08T23:44:10.041+0000] {dag.py:4180} INFO - Setting next_dagrun for example_branch_operator to 2025-03-07 00:00:00+00:00, run_after=2025-03-08 00:00:00+00:00
[2025-03-08T23:44:10.058+0000] {processor.py:208} INFO - Processing /home/airflow/.local/lib/python3.12/site-packages/airflow/example_dags/example_branch_operator.py took 0.081 seconds
[2025-03-08T23:44:41.123+0000] {processor.py:186} INFO - Started process (PID=962) to work on /home/airflow/.local/lib/python3.12/site-packages/airflow/example_dags/example_branch_operator.py
[2025-03-08T23:44:41.124+0000] {processor.py:914} INFO - Processing file /home/airflow/.local/lib/python3.12/site-packages/airflow/example_dags/example_branch_operator.py for tasks to queue
[2025-03-08T23:44:41.126+0000] {logging_mixin.py:190} INFO - [2025-03-08T23:44:41.125+0000] {dagbag.py:588} INFO - Filling up the DagBag from /home/airflow/.local/lib/python3.12/site-packages/airflow/example_dags/example_branch_operator.py
[2025-03-08T23:44:41.139+0000] {processor.py:925} INFO - DAG(s) 'example_branch_operator' retrieved from /home/airflow/.local/lib/python3.12/site-packages/airflow/example_dags/example_branch_operator.py
[2025-03-08T23:44:41.163+0000] {logging_mixin.py:190} INFO - [2025-03-08T23:44:41.163+0000] {dag.py:3239} INFO - Sync 1 DAGs
[2025-03-08T23:44:41.181+0000] {logging_mixin.py:190} INFO - [2025-03-08T23:44:41.181+0000] {dag.py:4180} INFO - Setting next_dagrun for example_branch_operator to 2025-03-07 00:00:00+00:00, run_after=2025-03-08 00:00:00+00:00
[2025-03-08T23:44:41.198+0000] {processor.py:208} INFO - Processing /home/airflow/.local/lib/python3.12/site-packages/airflow/example_dags/example_branch_operator.py took 0.078 seconds
[2025-03-08T23:45:12.081+0000] {processor.py:186} INFO - Started process (PID=1025) to work on /home/airflow/.local/lib/python3.12/site-packages/airflow/example_dags/example_branch_operator.py
[2025-03-08T23:45:12.082+0000] {processor.py:914} INFO - Processing file /home/airflow/.local/lib/python3.12/site-packages/airflow/example_dags/example_branch_operator.py for tasks to queue
[2025-03-08T23:45:12.085+0000] {logging_mixin.py:190} INFO - [2025-03-08T23:45:12.084+0000] {dagbag.py:588} INFO - Filling up the DagBag from /home/airflow/.local/lib/python3.12/site-packages/airflow/example_dags/example_branch_operator.py
[2025-03-08T23:45:12.097+0000] {processor.py:925} INFO - DAG(s) 'example_branch_operator' retrieved from /home/airflow/.local/lib/python3.12/site-packages/airflow/example_dags/example_branch_operator.py
[2025-03-08T23:45:12.120+0000] {logging_mixin.py:190} INFO - [2025-03-08T23:45:12.120+0000] {dag.py:3239} INFO - Sync 1 DAGs
[2025-03-08T23:45:12.146+0000] {logging_mixin.py:190} INFO - [2025-03-08T23:45:12.146+0000] {dag.py:4180} INFO - Setting next_dagrun for example_branch_operator to 2025-03-07 00:00:00+00:00, run_after=2025-03-08 00:00:00+00:00
[2025-03-08T23:45:12.164+0000] {processor.py:208} INFO - Processing /home/airflow/.local/lib/python3.12/site-packages/airflow/example_dags/example_branch_operator.py took 0.089 seconds
[2025-03-08T23:45:42.987+0000] {processor.py:186} INFO - Started process (PID=1088) to work on /home/airflow/.local/lib/python3.12/site-packages/airflow/example_dags/example_branch_operator.py
[2025-03-08T23:45:42.988+0000] {processor.py:914} INFO - Processing file /home/airflow/.local/lib/python3.12/site-packages/airflow/example_dags/example_branch_operator.py for tasks to queue
[2025-03-08T23:45:42.989+0000] {logging_mixin.py:190} INFO - [2025-03-08T23:45:42.989+0000] {dagbag.py:588} INFO - Filling up the DagBag from /home/airflow/.local/lib/python3.12/site-packages/airflow/example_dags/example_branch_operator.py
[2025-03-08T23:45:43.003+0000] {processor.py:925} INFO - DAG(s) 'example_branch_operator' retrieved from /home/airflow/.local/lib/python3.12/site-packages/airflow/example_dags/example_branch_operator.py
[2025-03-08T23:45:43.028+0000] {logging_mixin.py:190} INFO - [2025-03-08T23:45:43.028+0000] {dag.py:3239} INFO - Sync 1 DAGs
[2025-03-08T23:45:43.049+0000] {logging_mixin.py:190} INFO - [2025-03-08T23:45:43.049+0000] {dag.py:4180} INFO - Setting next_dagrun for example_branch_operator to 2025-03-07 00:00:00+00:00, run_after=2025-03-08 00:00:00+00:00
[2025-03-08T23:45:43.068+0000] {processor.py:208} INFO - Processing /home/airflow/.local/lib/python3.12/site-packages/airflow/example_dags/example_branch_operator.py took 0.085 seconds
[2025-03-08T23:46:14.058+0000] {processor.py:186} INFO - Started process (PID=1151) to work on /home/airflow/.local/lib/python3.12/site-packages/airflow/example_dags/example_branch_operator.py
[2025-03-08T23:46:14.058+0000] {processor.py:914} INFO - Processing file /home/airflow/.local/lib/python3.12/site-packages/airflow/example_dags/example_branch_operator.py for tasks to queue
[2025-03-08T23:46:14.060+0000] {logging_mixin.py:190} INFO - [2025-03-08T23:46:14.060+0000] {dagbag.py:588} INFO - Filling up the DagBag from /home/airflow/.local/lib/python3.12/site-packages/airflow/example_dags/example_branch_operator.py
[2025-03-08T23:46:14.072+0000] {processor.py:925} INFO - DAG(s) 'example_branch_operator' retrieved from /home/airflow/.local/lib/python3.12/site-packages/airflow/example_dags/example_branch_operator.py
[2025-03-08T23:46:14.100+0000] {logging_mixin.py:190} INFO - [2025-03-08T23:46:14.100+0000] {dag.py:3239} INFO - Sync 1 DAGs
[2025-03-08T23:46:14.119+0000] {logging_mixin.py:190} INFO - [2025-03-08T23:46:14.119+0000] {dag.py:4180} INFO - Setting next_dagrun for example_branch_operator to 2025-03-07 00:00:00+00:00, run_after=2025-03-08 00:00:00+00:00
[2025-03-08T23:46:14.135+0000] {processor.py:208} INFO - Processing /home/airflow/.local/lib/python3.12/site-packages/airflow/example_dags/example_branch_operator.py took 0.083 seconds
[2025-03-08T23:46:45.102+0000] {processor.py:186} INFO - Started process (PID=1214) to work on /home/airflow/.local/lib/python3.12/site-packages/airflow/example_dags/example_branch_operator.py
[2025-03-08T23:46:45.102+0000] {processor.py:914} INFO - Processing file /home/airflow/.local/lib/python3.12/site-packages/airflow/example_dags/example_branch_operator.py for tasks to queue
[2025-03-08T23:46:45.104+0000] {logging_mixin.py:190} INFO - [2025-03-08T23:46:45.104+0000] {dagbag.py:588} INFO - Filling up the DagBag from /home/airflow/.local/lib/python3.12/site-packages/airflow/example_dags/example_branch_operator.py
[2025-03-08T23:46:45.119+0000] {processor.py:925} INFO - DAG(s) 'example_branch_operator' retrieved from /home/airflow/.local/lib/python3.12/site-packages/airflow/example_dags/example_branch_operator.py
[2025-03-08T23:46:45.145+0000] {logging_mixin.py:190} INFO - [2025-03-08T23:46:45.145+0000] {dag.py:3239} INFO - Sync 1 DAGs
[2025-03-08T23:46:45.167+0000] {logging_mixin.py:190} INFO - [2025-03-08T23:46:45.167+0000] {dag.py:4180} INFO - Setting next_dagrun for example_branch_operator to 2025-03-07 00:00:00+00:00, run_after=2025-03-08 00:00:00+00:00
[2025-03-08T23:46:45.184+0000] {processor.py:208} INFO - Processing /home/airflow/.local/lib/python3.12/site-packages/airflow/example_dags/example_branch_operator.py took 0.086 seconds
[2025-03-08T23:47:15.958+0000] {processor.py:186} INFO - Started process (PID=1277) to work on /home/airflow/.local/lib/python3.12/site-packages/airflow/example_dags/example_branch_operator.py
[2025-03-08T23:47:15.959+0000] {processor.py:914} INFO - Processing file /home/airflow/.local/lib/python3.12/site-packages/airflow/example_dags/example_branch_operator.py for tasks to queue
[2025-03-08T23:47:15.962+0000] {logging_mixin.py:190} INFO - [2025-03-08T23:47:15.961+0000] {dagbag.py:588} INFO - Filling up the DagBag from /home/airflow/.local/lib/python3.12/site-packages/airflow/example_dags/example_branch_operator.py
[2025-03-08T23:47:15.974+0000] {processor.py:925} INFO - DAG(s) 'example_branch_operator' retrieved from /home/airflow/.local/lib/python3.12/site-packages/airflow/example_dags/example_branch_operator.py
[2025-03-08T23:47:15.996+0000] {logging_mixin.py:190} INFO - [2025-03-08T23:47:15.996+0000] {dag.py:3239} INFO - Sync 1 DAGs
[2025-03-08T23:47:16.013+0000] {logging_mixin.py:190} INFO - [2025-03-08T23:47:16.012+0000] {dag.py:4180} INFO - Setting next_dagrun for example_branch_operator to 2025-03-07 00:00:00+00:00, run_after=2025-03-08 00:00:00+00:00
[2025-03-08T23:47:16.029+0000] {processor.py:208} INFO - Processing /home/airflow/.local/lib/python3.12/site-packages/airflow/example_dags/example_branch_operator.py took 0.076 seconds
[2025-03-08T23:47:46.638+0000] {processor.py:186} INFO - Started process (PID=1340) to work on /home/airflow/.local/lib/python3.12/site-packages/airflow/example_dags/example_branch_operator.py
[2025-03-08T23:47:46.638+0000] {processor.py:914} INFO - Processing file /home/airflow/.local/lib/python3.12/site-packages/airflow/example_dags/example_branch_operator.py for tasks to queue
[2025-03-08T23:47:46.640+0000] {logging_mixin.py:190} INFO - [2025-03-08T23:47:46.639+0000] {dagbag.py:588} INFO - Filling up the DagBag from /home/airflow/.local/lib/python3.12/site-packages/airflow/example_dags/example_branch_operator.py
[2025-03-08T23:47:46.651+0000] {processor.py:925} INFO - DAG(s) 'example_branch_operator' retrieved from /home/airflow/.local/lib/python3.12/site-packages/airflow/example_dags/example_branch_operator.py
[2025-03-08T23:47:46.673+0000] {logging_mixin.py:190} INFO - [2025-03-08T23:47:46.672+0000] {dag.py:3239} INFO - Sync 1 DAGs
[2025-03-08T23:47:46.690+0000] {logging_mixin.py:190} INFO - [2025-03-08T23:47:46.690+0000] {dag.py:4180} INFO - Setting next_dagrun for example_branch_operator to 2025-03-07 00:00:00+00:00, run_after=2025-03-08 00:00:00+00:00
[2025-03-08T23:47:46.706+0000] {processor.py:208} INFO - Processing /home/airflow/.local/lib/python3.12/site-packages/airflow/example_dags/example_branch_operator.py took 0.072 seconds
[2025-03-08T23:48:17.548+0000] {processor.py:186} INFO - Started process (PID=1403) to work on /home/airflow/.local/lib/python3.12/site-packages/airflow/example_dags/example_branch_operator.py
[2025-03-08T23:48:17.549+0000] {processor.py:914} INFO - Processing file /home/airflow/.local/lib/python3.12/site-packages/airflow/example_dags/example_branch_operator.py for tasks to queue
[2025-03-08T23:48:17.550+0000] {logging_mixin.py:190} INFO - [2025-03-08T23:48:17.550+0000] {dagbag.py:588} INFO - Filling up the DagBag from /home/airflow/.local/lib/python3.12/site-packages/airflow/example_dags/example_branch_operator.py
[2025-03-08T23:48:17.561+0000] {processor.py:925} INFO - DAG(s) 'example_branch_operator' retrieved from /home/airflow/.local/lib/python3.12/site-packages/airflow/example_dags/example_branch_operator.py
[2025-03-08T23:48:17.580+0000] {logging_mixin.py:190} INFO - [2025-03-08T23:48:17.580+0000] {dag.py:3239} INFO - Sync 1 DAGs
[2025-03-08T23:48:17.597+0000] {logging_mixin.py:190} INFO - [2025-03-08T23:48:17.597+0000] {dag.py:4180} INFO - Setting next_dagrun for example_branch_operator to 2025-03-07 00:00:00+00:00, run_after=2025-03-08 00:00:00+00:00
[2025-03-08T23:48:17.610+0000] {processor.py:208} INFO - Processing /home/airflow/.local/lib/python3.12/site-packages/airflow/example_dags/example_branch_operator.py took 0.066 seconds
[2025-03-08T23:48:48.267+0000] {processor.py:186} INFO - Started process (PID=1466) to work on /home/airflow/.local/lib/python3.12/site-packages/airflow/example_dags/example_branch_operator.py
[2025-03-08T23:48:48.267+0000] {processor.py:914} INFO - Processing file /home/airflow/.local/lib/python3.12/site-packages/airflow/example_dags/example_branch_operator.py for tasks to queue
[2025-03-08T23:48:48.270+0000] {logging_mixin.py:190} INFO - [2025-03-08T23:48:48.269+0000] {dagbag.py:588} INFO - Filling up the DagBag from /home/airflow/.local/lib/python3.12/site-packages/airflow/example_dags/example_branch_operator.py
[2025-03-08T23:48:48.285+0000] {processor.py:925} INFO - DAG(s) 'example_branch_operator' retrieved from /home/airflow/.local/lib/python3.12/site-packages/airflow/example_dags/example_branch_operator.py
[2025-03-08T23:48:48.309+0000] {logging_mixin.py:190} INFO - [2025-03-08T23:48:48.309+0000] {dag.py:3239} INFO - Sync 1 DAGs
[2025-03-08T23:48:48.331+0000] {logging_mixin.py:190} INFO - [2025-03-08T23:48:48.331+0000] {dag.py:4180} INFO - Setting next_dagrun for example_branch_operator to 2025-03-07 00:00:00+00:00, run_after=2025-03-08 00:00:00+00:00
[2025-03-08T23:48:48.348+0000] {processor.py:208} INFO - Processing /home/airflow/.local/lib/python3.12/site-packages/airflow/example_dags/example_branch_operator.py took 0.086 seconds
[2025-03-08T23:49:19.490+0000] {processor.py:186} INFO - Started process (PID=1529) to work on /home/airflow/.local/lib/python3.12/site-packages/airflow/example_dags/example_branch_operator.py
[2025-03-08T23:49:19.491+0000] {processor.py:914} INFO - Processing file /home/airflow/.local/lib/python3.12/site-packages/airflow/example_dags/example_branch_operator.py for tasks to queue
[2025-03-08T23:49:19.493+0000] {logging_mixin.py:190} INFO - [2025-03-08T23:49:19.493+0000] {dagbag.py:588} INFO - Filling up the DagBag from /home/airflow/.local/lib/python3.12/site-packages/airflow/example_dags/example_branch_operator.py
[2025-03-08T23:49:19.508+0000] {processor.py:925} INFO - DAG(s) 'example_branch_operator' retrieved from /home/airflow/.local/lib/python3.12/site-packages/airflow/example_dags/example_branch_operator.py
[2025-03-08T23:49:19.540+0000] {logging_mixin.py:190} INFO - [2025-03-08T23:49:19.539+0000] {dag.py:3239} INFO - Sync 1 DAGs
[2025-03-08T23:49:19.563+0000] {logging_mixin.py:190} INFO - [2025-03-08T23:49:19.562+0000] {dag.py:4180} INFO - Setting next_dagrun for example_branch_operator to 2025-03-07 00:00:00+00:00, run_after=2025-03-08 00:00:00+00:00
[2025-03-08T23:49:19.583+0000] {processor.py:208} INFO - Processing /home/airflow/.local/lib/python3.12/site-packages/airflow/example_dags/example_branch_operator.py took 0.098 seconds
[2025-03-08T23:49:50.673+0000] {processor.py:186} INFO - Started process (PID=1592) to work on /home/airflow/.local/lib/python3.12/site-packages/airflow/example_dags/example_branch_operator.py
[2025-03-08T23:49:50.674+0000] {processor.py:914} INFO - Processing file /home/airflow/.local/lib/python3.12/site-packages/airflow/example_dags/example_branch_operator.py for tasks to queue
[2025-03-08T23:49:50.677+0000] {logging_mixin.py:190} INFO - [2025-03-08T23:49:50.676+0000] {dagbag.py:588} INFO - Filling up the DagBag from /home/airflow/.local/lib/python3.12/site-packages/airflow/example_dags/example_branch_operator.py
[2025-03-08T23:49:50.688+0000] {processor.py:925} INFO - DAG(s) 'example_branch_operator' retrieved from /home/airflow/.local/lib/python3.12/site-packages/airflow/example_dags/example_branch_operator.py
[2025-03-08T23:49:50.709+0000] {logging_mixin.py:190} INFO - [2025-03-08T23:49:50.708+0000] {dag.py:3239} INFO - Sync 1 DAGs
[2025-03-08T23:49:50.725+0000] {logging_mixin.py:190} INFO - [2025-03-08T23:49:50.725+0000] {dag.py:4180} INFO - Setting next_dagrun for example_branch_operator to 2025-03-07 00:00:00+00:00, run_after=2025-03-08 00:00:00+00:00
[2025-03-08T23:49:50.739+0000] {processor.py:208} INFO - Processing /home/airflow/.local/lib/python3.12/site-packages/airflow/example_dags/example_branch_operator.py took 0.071 seconds
[2025-03-08T23:50:22.017+0000] {processor.py:186} INFO - Started process (PID=1655) to work on /home/airflow/.local/lib/python3.12/site-packages/airflow/example_dags/example_branch_operator.py
[2025-03-08T23:50:22.018+0000] {processor.py:914} INFO - Processing file /home/airflow/.local/lib/python3.12/site-packages/airflow/example_dags/example_branch_operator.py for tasks to queue
[2025-03-08T23:50:22.020+0000] {logging_mixin.py:190} INFO - [2025-03-08T23:50:22.020+0000] {dagbag.py:588} INFO - Filling up the DagBag from /home/airflow/.local/lib/python3.12/site-packages/airflow/example_dags/example_branch_operator.py
[2025-03-08T23:50:22.032+0000] {processor.py:925} INFO - DAG(s) 'example_branch_operator' retrieved from /home/airflow/.local/lib/python3.12/site-packages/airflow/example_dags/example_branch_operator.py
[2025-03-08T23:50:22.054+0000] {logging_mixin.py:190} INFO - [2025-03-08T23:50:22.054+0000] {dag.py:3239} INFO - Sync 1 DAGs
[2025-03-08T23:50:22.071+0000] {logging_mixin.py:190} INFO - [2025-03-08T23:50:22.071+0000] {dag.py:4180} INFO - Setting next_dagrun for example_branch_operator to 2025-03-07 00:00:00+00:00, run_after=2025-03-08 00:00:00+00:00
[2025-03-08T23:50:22.085+0000] {processor.py:208} INFO - Processing /home/airflow/.local/lib/python3.12/site-packages/airflow/example_dags/example_branch_operator.py took 0.073 seconds
[2025-03-08T23:50:52.594+0000] {processor.py:186} INFO - Started process (PID=1718) to work on /home/airflow/.local/lib/python3.12/site-packages/airflow/example_dags/example_branch_operator.py
[2025-03-08T23:50:52.595+0000] {processor.py:914} INFO - Processing file /home/airflow/.local/lib/python3.12/site-packages/airflow/example_dags/example_branch_operator.py for tasks to queue
[2025-03-08T23:50:52.598+0000] {logging_mixin.py:190} INFO - [2025-03-08T23:50:52.597+0000] {dagbag.py:588} INFO - Filling up the DagBag from /home/airflow/.local/lib/python3.12/site-packages/airflow/example_dags/example_branch_operator.py
[2025-03-08T23:50:52.610+0000] {processor.py:925} INFO - DAG(s) 'example_branch_operator' retrieved from /home/airflow/.local/lib/python3.12/site-packages/airflow/example_dags/example_branch_operator.py
[2025-03-08T23:50:52.634+0000] {logging_mixin.py:190} INFO - [2025-03-08T23:50:52.634+0000] {dag.py:3239} INFO - Sync 1 DAGs
[2025-03-08T23:50:52.652+0000] {logging_mixin.py:190} INFO - [2025-03-08T23:50:52.652+0000] {dag.py:4180} INFO - Setting next_dagrun for example_branch_operator to 2025-03-07 00:00:00+00:00, run_after=2025-03-08 00:00:00+00:00
[2025-03-08T23:50:52.666+0000] {processor.py:208} INFO - Processing /home/airflow/.local/lib/python3.12/site-packages/airflow/example_dags/example_branch_operator.py took 0.077 seconds
[2025-03-08T23:51:23.958+0000] {processor.py:186} INFO - Started process (PID=1781) to work on /home/airflow/.local/lib/python3.12/site-packages/airflow/example_dags/example_branch_operator.py
[2025-03-08T23:51:23.958+0000] {processor.py:914} INFO - Processing file /home/airflow/.local/lib/python3.12/site-packages/airflow/example_dags/example_branch_operator.py for tasks to queue
[2025-03-08T23:51:23.960+0000] {logging_mixin.py:190} INFO - [2025-03-08T23:51:23.960+0000] {dagbag.py:588} INFO - Filling up the DagBag from /home/airflow/.local/lib/python3.12/site-packages/airflow/example_dags/example_branch_operator.py
[2025-03-08T23:51:23.973+0000] {processor.py:925} INFO - DAG(s) 'example_branch_operator' retrieved from /home/airflow/.local/lib/python3.12/site-packages/airflow/example_dags/example_branch_operator.py
[2025-03-08T23:51:23.996+0000] {logging_mixin.py:190} INFO - [2025-03-08T23:51:23.996+0000] {dag.py:3239} INFO - Sync 1 DAGs
[2025-03-08T23:51:24.014+0000] {logging_mixin.py:190} INFO - [2025-03-08T23:51:24.014+0000] {dag.py:4180} INFO - Setting next_dagrun for example_branch_operator to 2025-03-07 00:00:00+00:00, run_after=2025-03-08 00:00:00+00:00
[2025-03-08T23:51:24.029+0000] {processor.py:208} INFO - Processing /home/airflow/.local/lib/python3.12/site-packages/airflow/example_dags/example_branch_operator.py took 0.077 seconds
[2025-03-08T23:51:55.147+0000] {processor.py:186} INFO - Started process (PID=1844) to work on /home/airflow/.local/lib/python3.12/site-packages/airflow/example_dags/example_branch_operator.py
[2025-03-08T23:51:55.148+0000] {processor.py:914} INFO - Processing file /home/airflow/.local/lib/python3.12/site-packages/airflow/example_dags/example_branch_operator.py for tasks to queue
[2025-03-08T23:51:55.150+0000] {logging_mixin.py:190} INFO - [2025-03-08T23:51:55.149+0000] {dagbag.py:588} INFO - Filling up the DagBag from /home/airflow/.local/lib/python3.12/site-packages/airflow/example_dags/example_branch_operator.py
[2025-03-08T23:51:55.161+0000] {processor.py:925} INFO - DAG(s) 'example_branch_operator' retrieved from /home/airflow/.local/lib/python3.12/site-packages/airflow/example_dags/example_branch_operator.py
[2025-03-08T23:51:55.183+0000] {logging_mixin.py:190} INFO - [2025-03-08T23:51:55.183+0000] {dag.py:3239} INFO - Sync 1 DAGs
[2025-03-08T23:51:55.202+0000] {logging_mixin.py:190} INFO - [2025-03-08T23:51:55.201+0000] {dag.py:4180} INFO - Setting next_dagrun for example_branch_operator to 2025-03-07 00:00:00+00:00, run_after=2025-03-08 00:00:00+00:00
[2025-03-08T23:51:55.218+0000] {processor.py:208} INFO - Processing /home/airflow/.local/lib/python3.12/site-packages/airflow/example_dags/example_branch_operator.py took 0.074 seconds
[2025-03-08T23:52:26.208+0000] {processor.py:186} INFO - Started process (PID=1907) to work on /home/airflow/.local/lib/python3.12/site-packages/airflow/example_dags/example_branch_operator.py
[2025-03-08T23:52:26.209+0000] {processor.py:914} INFO - Processing file /home/airflow/.local/lib/python3.12/site-packages/airflow/example_dags/example_branch_operator.py for tasks to queue
[2025-03-08T23:52:26.211+0000] {logging_mixin.py:190} INFO - [2025-03-08T23:52:26.211+0000] {dagbag.py:588} INFO - Filling up the DagBag from /home/airflow/.local/lib/python3.12/site-packages/airflow/example_dags/example_branch_operator.py
[2025-03-08T23:52:26.222+0000] {processor.py:925} INFO - DAG(s) 'example_branch_operator' retrieved from /home/airflow/.local/lib/python3.12/site-packages/airflow/example_dags/example_branch_operator.py
[2025-03-08T23:52:26.245+0000] {logging_mixin.py:190} INFO - [2025-03-08T23:52:26.245+0000] {dag.py:3239} INFO - Sync 1 DAGs
[2025-03-08T23:52:26.262+0000] {logging_mixin.py:190} INFO - [2025-03-08T23:52:26.262+0000] {dag.py:4180} INFO - Setting next_dagrun for example_branch_operator to 2025-03-07 00:00:00+00:00, run_after=2025-03-08 00:00:00+00:00
[2025-03-08T23:52:26.276+0000] {processor.py:208} INFO - Processing /home/airflow/.local/lib/python3.12/site-packages/airflow/example_dags/example_branch_operator.py took 0.072 seconds
[2025-03-08T23:52:57.237+0000] {processor.py:186} INFO - Started process (PID=1970) to work on /home/airflow/.local/lib/python3.12/site-packages/airflow/example_dags/example_branch_operator.py
[2025-03-08T23:52:57.238+0000] {processor.py:914} INFO - Processing file /home/airflow/.local/lib/python3.12/site-packages/airflow/example_dags/example_branch_operator.py for tasks to queue
[2025-03-08T23:52:57.240+0000] {logging_mixin.py:190} INFO - [2025-03-08T23:52:57.239+0000] {dagbag.py:588} INFO - Filling up the DagBag from /home/airflow/.local/lib/python3.12/site-packages/airflow/example_dags/example_branch_operator.py
[2025-03-08T23:52:57.250+0000] {processor.py:925} INFO - DAG(s) 'example_branch_operator' retrieved from /home/airflow/.local/lib/python3.12/site-packages/airflow/example_dags/example_branch_operator.py
[2025-03-08T23:52:57.271+0000] {logging_mixin.py:190} INFO - [2025-03-08T23:52:57.271+0000] {dag.py:3239} INFO - Sync 1 DAGs
[2025-03-08T23:52:57.288+0000] {logging_mixin.py:190} INFO - [2025-03-08T23:52:57.288+0000] {dag.py:4180} INFO - Setting next_dagrun for example_branch_operator to 2025-03-07 00:00:00+00:00, run_after=2025-03-08 00:00:00+00:00
[2025-03-08T23:52:57.301+0000] {processor.py:208} INFO - Processing /home/airflow/.local/lib/python3.12/site-packages/airflow/example_dags/example_branch_operator.py took 0.068 seconds
[2025-03-08T23:53:28.016+0000] {processor.py:186} INFO - Started process (PID=2033) to work on /home/airflow/.local/lib/python3.12/site-packages/airflow/example_dags/example_branch_operator.py
[2025-03-08T23:53:28.017+0000] {processor.py:914} INFO - Processing file /home/airflow/.local/lib/python3.12/site-packages/airflow/example_dags/example_branch_operator.py for tasks to queue
[2025-03-08T23:53:28.018+0000] {logging_mixin.py:190} INFO - [2025-03-08T23:53:28.018+0000] {dagbag.py:588} INFO - Filling up the DagBag from /home/airflow/.local/lib/python3.12/site-packages/airflow/example_dags/example_branch_operator.py
[2025-03-08T23:53:28.030+0000] {processor.py:925} INFO - DAG(s) 'example_branch_operator' retrieved from /home/airflow/.local/lib/python3.12/site-packages/airflow/example_dags/example_branch_operator.py
[2025-03-08T23:53:28.051+0000] {logging_mixin.py:190} INFO - [2025-03-08T23:53:28.051+0000] {dag.py:3239} INFO - Sync 1 DAGs
[2025-03-08T23:53:28.069+0000] {logging_mixin.py:190} INFO - [2025-03-08T23:53:28.069+0000] {dag.py:4180} INFO - Setting next_dagrun for example_branch_operator to 2025-03-07 00:00:00+00:00, run_after=2025-03-08 00:00:00+00:00
[2025-03-08T23:53:28.083+0000] {processor.py:208} INFO - Processing /home/airflow/.local/lib/python3.12/site-packages/airflow/example_dags/example_branch_operator.py took 0.071 seconds
[2025-03-08T23:53:59.064+0000] {processor.py:186} INFO - Started process (PID=2096) to work on /home/airflow/.local/lib/python3.12/site-packages/airflow/example_dags/example_branch_operator.py
[2025-03-08T23:53:59.065+0000] {processor.py:914} INFO - Processing file /home/airflow/.local/lib/python3.12/site-packages/airflow/example_dags/example_branch_operator.py for tasks to queue
[2025-03-08T23:53:59.068+0000] {logging_mixin.py:190} INFO - [2025-03-08T23:53:59.068+0000] {dagbag.py:588} INFO - Filling up the DagBag from /home/airflow/.local/lib/python3.12/site-packages/airflow/example_dags/example_branch_operator.py
[2025-03-08T23:53:59.090+0000] {processor.py:925} INFO - DAG(s) 'example_branch_operator' retrieved from /home/airflow/.local/lib/python3.12/site-packages/airflow/example_dags/example_branch_operator.py
[2025-03-08T23:53:59.118+0000] {logging_mixin.py:190} INFO - [2025-03-08T23:53:59.117+0000] {dag.py:3239} INFO - Sync 1 DAGs
[2025-03-08T23:53:59.138+0000] {logging_mixin.py:190} INFO - [2025-03-08T23:53:59.138+0000] {dag.py:4180} INFO - Setting next_dagrun for example_branch_operator to 2025-03-07 00:00:00+00:00, run_after=2025-03-08 00:00:00+00:00
[2025-03-08T23:53:59.153+0000] {processor.py:208} INFO - Processing /home/airflow/.local/lib/python3.12/site-packages/airflow/example_dags/example_branch_operator.py took 0.095 seconds
[2025-03-08T23:54:30.350+0000] {processor.py:186} INFO - Started process (PID=2165) to work on /home/airflow/.local/lib/python3.12/site-packages/airflow/example_dags/example_branch_operator.py
[2025-03-08T23:54:30.351+0000] {processor.py:914} INFO - Processing file /home/airflow/.local/lib/python3.12/site-packages/airflow/example_dags/example_branch_operator.py for tasks to queue
[2025-03-08T23:54:30.354+0000] {logging_mixin.py:190} INFO - [2025-03-08T23:54:30.354+0000] {dagbag.py:588} INFO - Filling up the DagBag from /home/airflow/.local/lib/python3.12/site-packages/airflow/example_dags/example_branch_operator.py
[2025-03-08T23:54:30.369+0000] {processor.py:925} INFO - DAG(s) 'example_branch_operator' retrieved from /home/airflow/.local/lib/python3.12/site-packages/airflow/example_dags/example_branch_operator.py
[2025-03-08T23:54:30.395+0000] {logging_mixin.py:190} INFO - [2025-03-08T23:54:30.395+0000] {dag.py:3239} INFO - Sync 1 DAGs
[2025-03-08T23:54:30.417+0000] {logging_mixin.py:190} INFO - [2025-03-08T23:54:30.417+0000] {dag.py:4180} INFO - Setting next_dagrun for example_branch_operator to 2025-03-07 00:00:00+00:00, run_after=2025-03-08 00:00:00+00:00
[2025-03-08T23:54:30.436+0000] {processor.py:208} INFO - Processing /home/airflow/.local/lib/python3.12/site-packages/airflow/example_dags/example_branch_operator.py took 0.090 seconds
[2025-03-08T23:55:00.976+0000] {processor.py:186} INFO - Started process (PID=2228) to work on /home/airflow/.local/lib/python3.12/site-packages/airflow/example_dags/example_branch_operator.py
[2025-03-08T23:55:00.977+0000] {processor.py:914} INFO - Processing file /home/airflow/.local/lib/python3.12/site-packages/airflow/example_dags/example_branch_operator.py for tasks to queue
[2025-03-08T23:55:00.979+0000] {logging_mixin.py:190} INFO - [2025-03-08T23:55:00.979+0000] {dagbag.py:588} INFO - Filling up the DagBag from /home/airflow/.local/lib/python3.12/site-packages/airflow/example_dags/example_branch_operator.py
[2025-03-08T23:55:00.992+0000] {processor.py:925} INFO - DAG(s) 'example_branch_operator' retrieved from /home/airflow/.local/lib/python3.12/site-packages/airflow/example_dags/example_branch_operator.py
[2025-03-08T23:55:01.015+0000] {logging_mixin.py:190} INFO - [2025-03-08T23:55:01.015+0000] {dag.py:3239} INFO - Sync 1 DAGs
[2025-03-08T23:55:01.034+0000] {logging_mixin.py:190} INFO - [2025-03-08T23:55:01.033+0000] {dag.py:4180} INFO - Setting next_dagrun for example_branch_operator to 2025-03-07 00:00:00+00:00, run_after=2025-03-08 00:00:00+00:00
[2025-03-08T23:55:01.052+0000] {processor.py:208} INFO - Processing /home/airflow/.local/lib/python3.12/site-packages/airflow/example_dags/example_branch_operator.py took 0.080 seconds
[2025-03-08T23:55:32.260+0000] {processor.py:186} INFO - Started process (PID=2291) to work on /home/airflow/.local/lib/python3.12/site-packages/airflow/example_dags/example_branch_operator.py
[2025-03-08T23:55:32.261+0000] {processor.py:914} INFO - Processing file /home/airflow/.local/lib/python3.12/site-packages/airflow/example_dags/example_branch_operator.py for tasks to queue
[2025-03-08T23:55:32.262+0000] {logging_mixin.py:190} INFO - [2025-03-08T23:55:32.262+0000] {dagbag.py:588} INFO - Filling up the DagBag from /home/airflow/.local/lib/python3.12/site-packages/airflow/example_dags/example_branch_operator.py
[2025-03-08T23:55:32.274+0000] {processor.py:925} INFO - DAG(s) 'example_branch_operator' retrieved from /home/airflow/.local/lib/python3.12/site-packages/airflow/example_dags/example_branch_operator.py
[2025-03-08T23:55:32.297+0000] {logging_mixin.py:190} INFO - [2025-03-08T23:55:32.297+0000] {dag.py:3239} INFO - Sync 1 DAGs
[2025-03-08T23:55:32.315+0000] {logging_mixin.py:190} INFO - [2025-03-08T23:55:32.315+0000] {dag.py:4180} INFO - Setting next_dagrun for example_branch_operator to 2025-03-07 00:00:00+00:00, run_after=2025-03-08 00:00:00+00:00
[2025-03-08T23:55:32.331+0000] {processor.py:208} INFO - Processing /home/airflow/.local/lib/python3.12/site-packages/airflow/example_dags/example_branch_operator.py took 0.076 seconds
[2025-03-08T23:56:03.575+0000] {processor.py:186} INFO - Started process (PID=2354) to work on /home/airflow/.local/lib/python3.12/site-packages/airflow/example_dags/example_branch_operator.py
[2025-03-08T23:56:03.576+0000] {processor.py:914} INFO - Processing file /home/airflow/.local/lib/python3.12/site-packages/airflow/example_dags/example_branch_operator.py for tasks to queue
[2025-03-08T23:56:03.577+0000] {logging_mixin.py:190} INFO - [2025-03-08T23:56:03.577+0000] {dagbag.py:588} INFO - Filling up the DagBag from /home/airflow/.local/lib/python3.12/site-packages/airflow/example_dags/example_branch_operator.py
[2025-03-08T23:56:03.589+0000] {processor.py:925} INFO - DAG(s) 'example_branch_operator' retrieved from /home/airflow/.local/lib/python3.12/site-packages/airflow/example_dags/example_branch_operator.py
[2025-03-08T23:56:03.609+0000] {logging_mixin.py:190} INFO - [2025-03-08T23:56:03.609+0000] {dag.py:3239} INFO - Sync 1 DAGs
[2025-03-08T23:56:03.626+0000] {logging_mixin.py:190} INFO - [2025-03-08T23:56:03.626+0000] {dag.py:4180} INFO - Setting next_dagrun for example_branch_operator to 2025-03-07 00:00:00+00:00, run_after=2025-03-08 00:00:00+00:00
[2025-03-08T23:56:03.641+0000] {processor.py:208} INFO - Processing /home/airflow/.local/lib/python3.12/site-packages/airflow/example_dags/example_branch_operator.py took 0.070 seconds
[2025-03-08T23:56:35.006+0000] {processor.py:186} INFO - Started process (PID=2417) to work on /home/airflow/.local/lib/python3.12/site-packages/airflow/example_dags/example_branch_operator.py
[2025-03-08T23:56:35.007+0000] {processor.py:914} INFO - Processing file /home/airflow/.local/lib/python3.12/site-packages/airflow/example_dags/example_branch_operator.py for tasks to queue
[2025-03-08T23:56:35.010+0000] {logging_mixin.py:190} INFO - [2025-03-08T23:56:35.009+0000] {dagbag.py:588} INFO - Filling up the DagBag from /home/airflow/.local/lib/python3.12/site-packages/airflow/example_dags/example_branch_operator.py
[2025-03-08T23:56:35.025+0000] {processor.py:925} INFO - DAG(s) 'example_branch_operator' retrieved from /home/airflow/.local/lib/python3.12/site-packages/airflow/example_dags/example_branch_operator.py
[2025-03-08T23:56:35.051+0000] {logging_mixin.py:190} INFO - [2025-03-08T23:56:35.050+0000] {dag.py:3239} INFO - Sync 1 DAGs
[2025-03-08T23:56:35.071+0000] {logging_mixin.py:190} INFO - [2025-03-08T23:56:35.070+0000] {dag.py:4180} INFO - Setting next_dagrun for example_branch_operator to 2025-03-07 00:00:00+00:00, run_after=2025-03-08 00:00:00+00:00
[2025-03-08T23:56:35.087+0000] {processor.py:208} INFO - Processing /home/airflow/.local/lib/python3.12/site-packages/airflow/example_dags/example_branch_operator.py took 0.086 seconds
[2025-03-08T23:57:06.140+0000] {processor.py:186} INFO - Started process (PID=2480) to work on /home/airflow/.local/lib/python3.12/site-packages/airflow/example_dags/example_branch_operator.py
[2025-03-08T23:57:06.140+0000] {processor.py:914} INFO - Processing file /home/airflow/.local/lib/python3.12/site-packages/airflow/example_dags/example_branch_operator.py for tasks to queue
[2025-03-08T23:57:06.142+0000] {logging_mixin.py:190} INFO - [2025-03-08T23:57:06.142+0000] {dagbag.py:588} INFO - Filling up the DagBag from /home/airflow/.local/lib/python3.12/site-packages/airflow/example_dags/example_branch_operator.py
[2025-03-08T23:57:06.154+0000] {processor.py:925} INFO - DAG(s) 'example_branch_operator' retrieved from /home/airflow/.local/lib/python3.12/site-packages/airflow/example_dags/example_branch_operator.py
[2025-03-08T23:57:06.175+0000] {logging_mixin.py:190} INFO - [2025-03-08T23:57:06.175+0000] {dag.py:3239} INFO - Sync 1 DAGs
[2025-03-08T23:57:06.194+0000] {logging_mixin.py:190} INFO - [2025-03-08T23:57:06.194+0000] {dag.py:4180} INFO - Setting next_dagrun for example_branch_operator to 2025-03-07 00:00:00+00:00, run_after=2025-03-08 00:00:00+00:00
[2025-03-08T23:57:06.210+0000] {processor.py:208} INFO - Processing /home/airflow/.local/lib/python3.12/site-packages/airflow/example_dags/example_branch_operator.py took 0.074 seconds
[2025-03-08T23:57:37.353+0000] {processor.py:186} INFO - Started process (PID=2543) to work on /home/airflow/.local/lib/python3.12/site-packages/airflow/example_dags/example_branch_operator.py
[2025-03-08T23:57:37.355+0000] {processor.py:914} INFO - Processing file /home/airflow/.local/lib/python3.12/site-packages/airflow/example_dags/example_branch_operator.py for tasks to queue
[2025-03-08T23:57:37.357+0000] {logging_mixin.py:190} INFO - [2025-03-08T23:57:37.357+0000] {dagbag.py:588} INFO - Filling up the DagBag from /home/airflow/.local/lib/python3.12/site-packages/airflow/example_dags/example_branch_operator.py
[2025-03-08T23:57:37.369+0000] {processor.py:925} INFO - DAG(s) 'example_branch_operator' retrieved from /home/airflow/.local/lib/python3.12/site-packages/airflow/example_dags/example_branch_operator.py
[2025-03-08T23:57:37.390+0000] {logging_mixin.py:190} INFO - [2025-03-08T23:57:37.390+0000] {dag.py:3239} INFO - Sync 1 DAGs
[2025-03-08T23:57:37.408+0000] {logging_mixin.py:190} INFO - [2025-03-08T23:57:37.408+0000] {dag.py:4180} INFO - Setting next_dagrun for example_branch_operator to 2025-03-07 00:00:00+00:00, run_after=2025-03-08 00:00:00+00:00
[2025-03-08T23:57:37.421+0000] {processor.py:208} INFO - Processing /home/airflow/.local/lib/python3.12/site-packages/airflow/example_dags/example_branch_operator.py took 0.073 seconds
[2025-03-08T23:58:08.830+0000] {processor.py:186} INFO - Started process (PID=2606) to work on /home/airflow/.local/lib/python3.12/site-packages/airflow/example_dags/example_branch_operator.py
[2025-03-08T23:58:08.831+0000] {processor.py:914} INFO - Processing file /home/airflow/.local/lib/python3.12/site-packages/airflow/example_dags/example_branch_operator.py for tasks to queue
[2025-03-08T23:58:08.833+0000] {logging_mixin.py:190} INFO - [2025-03-08T23:58:08.833+0000] {dagbag.py:588} INFO - Filling up the DagBag from /home/airflow/.local/lib/python3.12/site-packages/airflow/example_dags/example_branch_operator.py
[2025-03-08T23:58:08.844+0000] {processor.py:925} INFO - DAG(s) 'example_branch_operator' retrieved from /home/airflow/.local/lib/python3.12/site-packages/airflow/example_dags/example_branch_operator.py
[2025-03-08T23:58:08.865+0000] {logging_mixin.py:190} INFO - [2025-03-08T23:58:08.865+0000] {dag.py:3239} INFO - Sync 1 DAGs
[2025-03-08T23:58:08.881+0000] {logging_mixin.py:190} INFO - [2025-03-08T23:58:08.881+0000] {dag.py:4180} INFO - Setting next_dagrun for example_branch_operator to 2025-03-07 00:00:00+00:00, run_after=2025-03-08 00:00:00+00:00
[2025-03-08T23:58:08.897+0000] {processor.py:208} INFO - Processing /home/airflow/.local/lib/python3.12/site-packages/airflow/example_dags/example_branch_operator.py took 0.071 seconds
