[2025-03-08T22:35:45.350+0000] {processor.py:186} INFO - Started process (PID=74) to work on /home/airflow/.local/lib/python3.12/site-packages/airflow/example_dags/example_branch_labels.py
[2025-03-08T22:35:45.351+0000] {processor.py:914} INFO - Processing file /home/airflow/.local/lib/python3.12/site-packages/airflow/example_dags/example_branch_labels.py for tasks to queue
[2025-03-08T22:35:45.352+0000] {logging_mixin.py:190} INFO - [2025-03-08T22:35:45.352+0000] {dagbag.py:588} INFO - Filling up the DagBag from /home/airflow/.local/lib/python3.12/site-packages/airflow/example_dags/example_branch_labels.py
[2025-03-08T22:35:45.360+0000] {processor.py:925} INFO - DAG(s) 'example_branch_labels' retrieved from /home/airflow/.local/lib/python3.12/site-packages/airflow/example_dags/example_branch_labels.py
[2025-03-08T22:35:45.446+0000] {logging_mixin.py:190} INFO - [2025-03-08T22:35:45.446+0000] {override.py:1912} INFO - Created Permission View: can edit on DAG:example_branch_labels
[2025-03-08T22:35:45.455+0000] {logging_mixin.py:190} INFO - [2025-03-08T22:35:45.454+0000] {override.py:1912} INFO - Created Permission View: can read on DAG:example_branch_labels
[2025-03-08T22:35:45.461+0000] {logging_mixin.py:190} INFO - [2025-03-08T22:35:45.460+0000] {override.py:1912} INFO - Created Permission View: can delete on DAG:example_branch_labels
[2025-03-08T22:35:45.469+0000] {logging_mixin.py:190} INFO - [2025-03-08T22:35:45.469+0000] {override.py:1912} INFO - Created Permission View: menu access on DAG Run:example_branch_labels
[2025-03-08T22:35:45.475+0000] {logging_mixin.py:190} INFO - [2025-03-08T22:35:45.475+0000] {override.py:1912} INFO - Created Permission View: can delete on DAG Run:example_branch_labels
[2025-03-08T22:35:45.481+0000] {logging_mixin.py:190} INFO - [2025-03-08T22:35:45.480+0000] {override.py:1912} INFO - Created Permission View: can read on DAG Run:example_branch_labels
[2025-03-08T22:35:45.488+0000] {logging_mixin.py:190} INFO - [2025-03-08T22:35:45.488+0000] {override.py:1912} INFO - Created Permission View: can create on DAG Run:example_branch_labels
[2025-03-08T22:35:45.488+0000] {logging_mixin.py:190} INFO - [2025-03-08T22:35:45.488+0000] {dag.py:3239} INFO - Sync 1 DAGs
[2025-03-08T22:35:45.499+0000] {logging_mixin.py:190} INFO - [2025-03-08T22:35:45.499+0000] {dag.py:3262} INFO - Creating ORM DAG for example_branch_labels
[2025-03-08T22:35:45.508+0000] {logging_mixin.py:190} INFO - [2025-03-08T22:35:45.508+0000] {dag.py:4180} INFO - Setting next_dagrun for example_branch_labels to 2025-03-07 00:00:00+00:00, run_after=2025-03-08 00:00:00+00:00
[2025-03-08T22:35:45.521+0000] {processor.py:208} INFO - Processing /home/airflow/.local/lib/python3.12/site-packages/airflow/example_dags/example_branch_labels.py took 0.176 seconds
[2025-03-08T22:36:16.121+0000] {processor.py:186} INFO - Started process (PID=137) to work on /home/airflow/.local/lib/python3.12/site-packages/airflow/example_dags/example_branch_labels.py
[2025-03-08T22:36:16.123+0000] {processor.py:914} INFO - Processing file /home/airflow/.local/lib/python3.12/site-packages/airflow/example_dags/example_branch_labels.py for tasks to queue
[2025-03-08T22:36:16.126+0000] {logging_mixin.py:190} INFO - [2025-03-08T22:36:16.125+0000] {dagbag.py:588} INFO - Filling up the DagBag from /home/airflow/.local/lib/python3.12/site-packages/airflow/example_dags/example_branch_labels.py
[2025-03-08T22:36:16.133+0000] {processor.py:925} INFO - DAG(s) 'example_branch_labels' retrieved from /home/airflow/.local/lib/python3.12/site-packages/airflow/example_dags/example_branch_labels.py
[2025-03-08T22:36:16.150+0000] {logging_mixin.py:190} INFO - [2025-03-08T22:36:16.149+0000] {dag.py:3239} INFO - Sync 1 DAGs
[2025-03-08T22:36:16.170+0000] {logging_mixin.py:190} INFO - [2025-03-08T22:36:16.169+0000] {dag.py:4180} INFO - Setting next_dagrun for example_branch_labels to 2025-03-07 00:00:00+00:00, run_after=2025-03-08 00:00:00+00:00
[2025-03-08T22:36:16.186+0000] {processor.py:208} INFO - Processing /home/airflow/.local/lib/python3.12/site-packages/airflow/example_dags/example_branch_labels.py took 0.070 seconds
[2025-03-08T22:36:46.822+0000] {processor.py:186} INFO - Started process (PID=200) to work on /home/airflow/.local/lib/python3.12/site-packages/airflow/example_dags/example_branch_labels.py
[2025-03-08T22:36:46.822+0000] {processor.py:914} INFO - Processing file /home/airflow/.local/lib/python3.12/site-packages/airflow/example_dags/example_branch_labels.py for tasks to queue
[2025-03-08T22:36:46.824+0000] {logging_mixin.py:190} INFO - [2025-03-08T22:36:46.824+0000] {dagbag.py:588} INFO - Filling up the DagBag from /home/airflow/.local/lib/python3.12/site-packages/airflow/example_dags/example_branch_labels.py
[2025-03-08T22:36:46.831+0000] {processor.py:925} INFO - DAG(s) 'example_branch_labels' retrieved from /home/airflow/.local/lib/python3.12/site-packages/airflow/example_dags/example_branch_labels.py
[2025-03-08T22:36:46.848+0000] {logging_mixin.py:190} INFO - [2025-03-08T22:36:46.848+0000] {dag.py:3239} INFO - Sync 1 DAGs
[2025-03-08T22:36:46.869+0000] {logging_mixin.py:190} INFO - [2025-03-08T22:36:46.869+0000] {dag.py:4180} INFO - Setting next_dagrun for example_branch_labels to 2025-03-07 00:00:00+00:00, run_after=2025-03-08 00:00:00+00:00
[2025-03-08T22:36:46.884+0000] {processor.py:208} INFO - Processing /home/airflow/.local/lib/python3.12/site-packages/airflow/example_dags/example_branch_labels.py took 0.066 seconds
[2025-03-08T22:37:17.517+0000] {processor.py:186} INFO - Started process (PID=269) to work on /home/airflow/.local/lib/python3.12/site-packages/airflow/example_dags/example_branch_labels.py
[2025-03-08T22:37:17.518+0000] {processor.py:914} INFO - Processing file /home/airflow/.local/lib/python3.12/site-packages/airflow/example_dags/example_branch_labels.py for tasks to queue
[2025-03-08T22:37:17.520+0000] {logging_mixin.py:190} INFO - [2025-03-08T22:37:17.520+0000] {dagbag.py:588} INFO - Filling up the DagBag from /home/airflow/.local/lib/python3.12/site-packages/airflow/example_dags/example_branch_labels.py
[2025-03-08T22:37:17.527+0000] {processor.py:925} INFO - DAG(s) 'example_branch_labels' retrieved from /home/airflow/.local/lib/python3.12/site-packages/airflow/example_dags/example_branch_labels.py
[2025-03-08T22:37:17.544+0000] {logging_mixin.py:190} INFO - [2025-03-08T22:37:17.543+0000] {dag.py:3239} INFO - Sync 1 DAGs
[2025-03-08T22:37:17.562+0000] {logging_mixin.py:190} INFO - [2025-03-08T22:37:17.561+0000] {dag.py:4180} INFO - Setting next_dagrun for example_branch_labels to 2025-03-07 00:00:00+00:00, run_after=2025-03-08 00:00:00+00:00
[2025-03-08T22:37:17.578+0000] {processor.py:208} INFO - Processing /home/airflow/.local/lib/python3.12/site-packages/airflow/example_dags/example_branch_labels.py took 0.065 seconds
[2025-03-08T22:37:48.262+0000] {processor.py:186} INFO - Started process (PID=332) to work on /home/airflow/.local/lib/python3.12/site-packages/airflow/example_dags/example_branch_labels.py
[2025-03-08T22:37:48.263+0000] {processor.py:914} INFO - Processing file /home/airflow/.local/lib/python3.12/site-packages/airflow/example_dags/example_branch_labels.py for tasks to queue
[2025-03-08T22:37:48.265+0000] {logging_mixin.py:190} INFO - [2025-03-08T22:37:48.265+0000] {dagbag.py:588} INFO - Filling up the DagBag from /home/airflow/.local/lib/python3.12/site-packages/airflow/example_dags/example_branch_labels.py
[2025-03-08T22:37:48.272+0000] {processor.py:925} INFO - DAG(s) 'example_branch_labels' retrieved from /home/airflow/.local/lib/python3.12/site-packages/airflow/example_dags/example_branch_labels.py
[2025-03-08T22:37:48.287+0000] {logging_mixin.py:190} INFO - [2025-03-08T22:37:48.287+0000] {dag.py:3239} INFO - Sync 1 DAGs
[2025-03-08T22:37:48.309+0000] {logging_mixin.py:190} INFO - [2025-03-08T22:37:48.309+0000] {dag.py:4180} INFO - Setting next_dagrun for example_branch_labels to 2025-03-07 00:00:00+00:00, run_after=2025-03-08 00:00:00+00:00
[2025-03-08T22:37:48.324+0000] {processor.py:208} INFO - Processing /home/airflow/.local/lib/python3.12/site-packages/airflow/example_dags/example_branch_labels.py took 0.066 seconds
[2025-03-08T22:38:19.367+0000] {processor.py:186} INFO - Started process (PID=395) to work on /home/airflow/.local/lib/python3.12/site-packages/airflow/example_dags/example_branch_labels.py
[2025-03-08T22:38:19.368+0000] {processor.py:914} INFO - Processing file /home/airflow/.local/lib/python3.12/site-packages/airflow/example_dags/example_branch_labels.py for tasks to queue
[2025-03-08T22:38:19.370+0000] {logging_mixin.py:190} INFO - [2025-03-08T22:38:19.370+0000] {dagbag.py:588} INFO - Filling up the DagBag from /home/airflow/.local/lib/python3.12/site-packages/airflow/example_dags/example_branch_labels.py
[2025-03-08T22:38:19.377+0000] {processor.py:925} INFO - DAG(s) 'example_branch_labels' retrieved from /home/airflow/.local/lib/python3.12/site-packages/airflow/example_dags/example_branch_labels.py
[2025-03-08T22:38:19.392+0000] {logging_mixin.py:190} INFO - [2025-03-08T22:38:19.392+0000] {dag.py:3239} INFO - Sync 1 DAGs
[2025-03-08T22:38:19.408+0000] {logging_mixin.py:190} INFO - [2025-03-08T22:38:19.408+0000] {dag.py:4180} INFO - Setting next_dagrun for example_branch_labels to 2025-03-07 00:00:00+00:00, run_after=2025-03-08 00:00:00+00:00
[2025-03-08T22:38:19.422+0000] {processor.py:208} INFO - Processing /home/airflow/.local/lib/python3.12/site-packages/airflow/example_dags/example_branch_labels.py took 0.058 seconds
[2025-03-08T22:38:50.732+0000] {processor.py:186} INFO - Started process (PID=458) to work on /home/airflow/.local/lib/python3.12/site-packages/airflow/example_dags/example_branch_labels.py
[2025-03-08T22:38:50.733+0000] {processor.py:914} INFO - Processing file /home/airflow/.local/lib/python3.12/site-packages/airflow/example_dags/example_branch_labels.py for tasks to queue
[2025-03-08T22:38:50.734+0000] {logging_mixin.py:190} INFO - [2025-03-08T22:38:50.734+0000] {dagbag.py:588} INFO - Filling up the DagBag from /home/airflow/.local/lib/python3.12/site-packages/airflow/example_dags/example_branch_labels.py
[2025-03-08T22:38:50.741+0000] {processor.py:925} INFO - DAG(s) 'example_branch_labels' retrieved from /home/airflow/.local/lib/python3.12/site-packages/airflow/example_dags/example_branch_labels.py
[2025-03-08T22:38:50.755+0000] {logging_mixin.py:190} INFO - [2025-03-08T22:38:50.755+0000] {dag.py:3239} INFO - Sync 1 DAGs
[2025-03-08T22:38:50.772+0000] {logging_mixin.py:190} INFO - [2025-03-08T22:38:50.772+0000] {dag.py:4180} INFO - Setting next_dagrun for example_branch_labels to 2025-03-07 00:00:00+00:00, run_after=2025-03-08 00:00:00+00:00
[2025-03-08T22:38:50.784+0000] {processor.py:208} INFO - Processing /home/airflow/.local/lib/python3.12/site-packages/airflow/example_dags/example_branch_labels.py took 0.056 seconds
[2025-03-08T23:37:25.868+0000] {processor.py:186} INFO - Started process (PID=74) to work on /home/airflow/.local/lib/python3.12/site-packages/airflow/example_dags/example_branch_labels.py
[2025-03-08T23:37:25.869+0000] {processor.py:914} INFO - Processing file /home/airflow/.local/lib/python3.12/site-packages/airflow/example_dags/example_branch_labels.py for tasks to queue
[2025-03-08T23:37:25.871+0000] {logging_mixin.py:190} INFO - [2025-03-08T23:37:25.871+0000] {dagbag.py:588} INFO - Filling up the DagBag from /home/airflow/.local/lib/python3.12/site-packages/airflow/example_dags/example_branch_labels.py
[2025-03-08T23:37:25.879+0000] {processor.py:925} INFO - DAG(s) 'example_branch_labels' retrieved from /home/airflow/.local/lib/python3.12/site-packages/airflow/example_dags/example_branch_labels.py
[2025-03-08T23:37:25.903+0000] {logging_mixin.py:190} INFO - [2025-03-08T23:37:25.902+0000] {dag.py:3239} INFO - Sync 1 DAGs
[2025-03-08T23:37:25.922+0000] {logging_mixin.py:190} INFO - [2025-03-08T23:37:25.922+0000] {dag.py:4180} INFO - Setting next_dagrun for example_branch_labels to 2025-03-07 00:00:00+00:00, run_after=2025-03-08 00:00:00+00:00
[2025-03-08T23:37:25.939+0000] {processor.py:208} INFO - Processing /home/airflow/.local/lib/python3.12/site-packages/airflow/example_dags/example_branch_labels.py took 0.075 seconds
[2025-03-08T23:37:56.475+0000] {processor.py:186} INFO - Started process (PID=137) to work on /home/airflow/.local/lib/python3.12/site-packages/airflow/example_dags/example_branch_labels.py
[2025-03-08T23:37:56.476+0000] {processor.py:914} INFO - Processing file /home/airflow/.local/lib/python3.12/site-packages/airflow/example_dags/example_branch_labels.py for tasks to queue
[2025-03-08T23:37:56.477+0000] {logging_mixin.py:190} INFO - [2025-03-08T23:37:56.477+0000] {dagbag.py:588} INFO - Filling up the DagBag from /home/airflow/.local/lib/python3.12/site-packages/airflow/example_dags/example_branch_labels.py
[2025-03-08T23:37:56.483+0000] {processor.py:925} INFO - DAG(s) 'example_branch_labels' retrieved from /home/airflow/.local/lib/python3.12/site-packages/airflow/example_dags/example_branch_labels.py
[2025-03-08T23:37:56.500+0000] {logging_mixin.py:190} INFO - [2025-03-08T23:37:56.500+0000] {dag.py:3239} INFO - Sync 1 DAGs
[2025-03-08T23:37:56.515+0000] {logging_mixin.py:190} INFO - [2025-03-08T23:37:56.515+0000] {dag.py:4180} INFO - Setting next_dagrun for example_branch_labels to 2025-03-07 00:00:00+00:00, run_after=2025-03-08 00:00:00+00:00
[2025-03-08T23:37:56.529+0000] {processor.py:208} INFO - Processing /home/airflow/.local/lib/python3.12/site-packages/airflow/example_dags/example_branch_labels.py took 0.057 seconds
[2025-03-08T23:38:27.337+0000] {processor.py:186} INFO - Started process (PID=200) to work on /home/airflow/.local/lib/python3.12/site-packages/airflow/example_dags/example_branch_labels.py
[2025-03-08T23:38:27.338+0000] {processor.py:914} INFO - Processing file /home/airflow/.local/lib/python3.12/site-packages/airflow/example_dags/example_branch_labels.py for tasks to queue
[2025-03-08T23:38:27.340+0000] {logging_mixin.py:190} INFO - [2025-03-08T23:38:27.339+0000] {dagbag.py:588} INFO - Filling up the DagBag from /home/airflow/.local/lib/python3.12/site-packages/airflow/example_dags/example_branch_labels.py
[2025-03-08T23:38:27.346+0000] {processor.py:925} INFO - DAG(s) 'example_branch_labels' retrieved from /home/airflow/.local/lib/python3.12/site-packages/airflow/example_dags/example_branch_labels.py
[2025-03-08T23:38:27.363+0000] {logging_mixin.py:190} INFO - [2025-03-08T23:38:27.363+0000] {dag.py:3239} INFO - Sync 1 DAGs
[2025-03-08T23:38:27.385+0000] {logging_mixin.py:190} INFO - [2025-03-08T23:38:27.385+0000] {dag.py:4180} INFO - Setting next_dagrun for example_branch_labels to 2025-03-07 00:00:00+00:00, run_after=2025-03-08 00:00:00+00:00
[2025-03-08T23:38:27.403+0000] {processor.py:208} INFO - Processing /home/airflow/.local/lib/python3.12/site-packages/airflow/example_dags/example_branch_labels.py took 0.070 seconds
[2025-03-08T23:38:58.602+0000] {processor.py:186} INFO - Started process (PID=269) to work on /home/airflow/.local/lib/python3.12/site-packages/airflow/example_dags/example_branch_labels.py
[2025-03-08T23:38:58.603+0000] {processor.py:914} INFO - Processing file /home/airflow/.local/lib/python3.12/site-packages/airflow/example_dags/example_branch_labels.py for tasks to queue
[2025-03-08T23:38:58.605+0000] {logging_mixin.py:190} INFO - [2025-03-08T23:38:58.604+0000] {dagbag.py:588} INFO - Filling up the DagBag from /home/airflow/.local/lib/python3.12/site-packages/airflow/example_dags/example_branch_labels.py
[2025-03-08T23:38:58.612+0000] {processor.py:925} INFO - DAG(s) 'example_branch_labels' retrieved from /home/airflow/.local/lib/python3.12/site-packages/airflow/example_dags/example_branch_labels.py
[2025-03-08T23:38:58.630+0000] {logging_mixin.py:190} INFO - [2025-03-08T23:38:58.629+0000] {dag.py:3239} INFO - Sync 1 DAGs
[2025-03-08T23:38:58.649+0000] {logging_mixin.py:190} INFO - [2025-03-08T23:38:58.649+0000] {dag.py:4180} INFO - Setting next_dagrun for example_branch_labels to 2025-03-07 00:00:00+00:00, run_after=2025-03-08 00:00:00+00:00
[2025-03-08T23:38:58.663+0000] {processor.py:208} INFO - Processing /home/airflow/.local/lib/python3.12/site-packages/airflow/example_dags/example_branch_labels.py took 0.066 seconds
[2025-03-08T23:39:29.922+0000] {processor.py:186} INFO - Started process (PID=332) to work on /home/airflow/.local/lib/python3.12/site-packages/airflow/example_dags/example_branch_labels.py
[2025-03-08T23:39:29.923+0000] {processor.py:914} INFO - Processing file /home/airflow/.local/lib/python3.12/site-packages/airflow/example_dags/example_branch_labels.py for tasks to queue
[2025-03-08T23:39:29.925+0000] {logging_mixin.py:190} INFO - [2025-03-08T23:39:29.924+0000] {dagbag.py:588} INFO - Filling up the DagBag from /home/airflow/.local/lib/python3.12/site-packages/airflow/example_dags/example_branch_labels.py
[2025-03-08T23:39:29.931+0000] {processor.py:925} INFO - DAG(s) 'example_branch_labels' retrieved from /home/airflow/.local/lib/python3.12/site-packages/airflow/example_dags/example_branch_labels.py
[2025-03-08T23:39:29.946+0000] {logging_mixin.py:190} INFO - [2025-03-08T23:39:29.945+0000] {dag.py:3239} INFO - Sync 1 DAGs
[2025-03-08T23:39:29.962+0000] {logging_mixin.py:190} INFO - [2025-03-08T23:39:29.961+0000] {dag.py:4180} INFO - Setting next_dagrun for example_branch_labels to 2025-03-07 00:00:00+00:00, run_after=2025-03-08 00:00:00+00:00
[2025-03-08T23:39:29.974+0000] {processor.py:208} INFO - Processing /home/airflow/.local/lib/python3.12/site-packages/airflow/example_dags/example_branch_labels.py took 0.055 seconds
[2025-03-08T23:40:01.325+0000] {processor.py:186} INFO - Started process (PID=395) to work on /home/airflow/.local/lib/python3.12/site-packages/airflow/example_dags/example_branch_labels.py
[2025-03-08T23:40:01.326+0000] {processor.py:914} INFO - Processing file /home/airflow/.local/lib/python3.12/site-packages/airflow/example_dags/example_branch_labels.py for tasks to queue
[2025-03-08T23:40:01.328+0000] {logging_mixin.py:190} INFO - [2025-03-08T23:40:01.328+0000] {dagbag.py:588} INFO - Filling up the DagBag from /home/airflow/.local/lib/python3.12/site-packages/airflow/example_dags/example_branch_labels.py
[2025-03-08T23:40:01.336+0000] {processor.py:925} INFO - DAG(s) 'example_branch_labels' retrieved from /home/airflow/.local/lib/python3.12/site-packages/airflow/example_dags/example_branch_labels.py
[2025-03-08T23:40:01.353+0000] {logging_mixin.py:190} INFO - [2025-03-08T23:40:01.352+0000] {dag.py:3239} INFO - Sync 1 DAGs
[2025-03-08T23:40:01.370+0000] {logging_mixin.py:190} INFO - [2025-03-08T23:40:01.370+0000] {dag.py:4180} INFO - Setting next_dagrun for example_branch_labels to 2025-03-07 00:00:00+00:00, run_after=2025-03-08 00:00:00+00:00
[2025-03-08T23:40:01.385+0000] {processor.py:208} INFO - Processing /home/airflow/.local/lib/python3.12/site-packages/airflow/example_dags/example_branch_labels.py took 0.065 seconds
[2025-03-08T23:40:32.722+0000] {processor.py:186} INFO - Started process (PID=458) to work on /home/airflow/.local/lib/python3.12/site-packages/airflow/example_dags/example_branch_labels.py
[2025-03-08T23:40:32.723+0000] {processor.py:914} INFO - Processing file /home/airflow/.local/lib/python3.12/site-packages/airflow/example_dags/example_branch_labels.py for tasks to queue
[2025-03-08T23:40:32.725+0000] {logging_mixin.py:190} INFO - [2025-03-08T23:40:32.725+0000] {dagbag.py:588} INFO - Filling up the DagBag from /home/airflow/.local/lib/python3.12/site-packages/airflow/example_dags/example_branch_labels.py
[2025-03-08T23:40:32.734+0000] {processor.py:925} INFO - DAG(s) 'example_branch_labels' retrieved from /home/airflow/.local/lib/python3.12/site-packages/airflow/example_dags/example_branch_labels.py
[2025-03-08T23:40:32.757+0000] {logging_mixin.py:190} INFO - [2025-03-08T23:40:32.756+0000] {dag.py:3239} INFO - Sync 1 DAGs
[2025-03-08T23:40:32.776+0000] {logging_mixin.py:190} INFO - [2025-03-08T23:40:32.776+0000] {dag.py:4180} INFO - Setting next_dagrun for example_branch_labels to 2025-03-07 00:00:00+00:00, run_after=2025-03-08 00:00:00+00:00
[2025-03-08T23:40:32.795+0000] {processor.py:208} INFO - Processing /home/airflow/.local/lib/python3.12/site-packages/airflow/example_dags/example_branch_labels.py took 0.079 seconds
[2025-03-08T23:41:03.468+0000] {processor.py:186} INFO - Started process (PID=521) to work on /home/airflow/.local/lib/python3.12/site-packages/airflow/example_dags/example_branch_labels.py
[2025-03-08T23:41:03.469+0000] {processor.py:914} INFO - Processing file /home/airflow/.local/lib/python3.12/site-packages/airflow/example_dags/example_branch_labels.py for tasks to queue
[2025-03-08T23:41:03.470+0000] {logging_mixin.py:190} INFO - [2025-03-08T23:41:03.470+0000] {dagbag.py:588} INFO - Filling up the DagBag from /home/airflow/.local/lib/python3.12/site-packages/airflow/example_dags/example_branch_labels.py
[2025-03-08T23:41:03.477+0000] {processor.py:925} INFO - DAG(s) 'example_branch_labels' retrieved from /home/airflow/.local/lib/python3.12/site-packages/airflow/example_dags/example_branch_labels.py
[2025-03-08T23:41:03.494+0000] {logging_mixin.py:190} INFO - [2025-03-08T23:41:03.493+0000] {dag.py:3239} INFO - Sync 1 DAGs
[2025-03-08T23:41:03.514+0000] {logging_mixin.py:190} INFO - [2025-03-08T23:41:03.514+0000] {dag.py:4180} INFO - Setting next_dagrun for example_branch_labels to 2025-03-07 00:00:00+00:00, run_after=2025-03-08 00:00:00+00:00
[2025-03-08T23:41:03.532+0000] {processor.py:208} INFO - Processing /home/airflow/.local/lib/python3.12/site-packages/airflow/example_dags/example_branch_labels.py took 0.068 seconds
[2025-03-08T23:41:34.494+0000] {processor.py:186} INFO - Started process (PID=584) to work on /home/airflow/.local/lib/python3.12/site-packages/airflow/example_dags/example_branch_labels.py
[2025-03-08T23:41:34.495+0000] {processor.py:914} INFO - Processing file /home/airflow/.local/lib/python3.12/site-packages/airflow/example_dags/example_branch_labels.py for tasks to queue
[2025-03-08T23:41:34.498+0000] {logging_mixin.py:190} INFO - [2025-03-08T23:41:34.497+0000] {dagbag.py:588} INFO - Filling up the DagBag from /home/airflow/.local/lib/python3.12/site-packages/airflow/example_dags/example_branch_labels.py
[2025-03-08T23:41:34.506+0000] {processor.py:925} INFO - DAG(s) 'example_branch_labels' retrieved from /home/airflow/.local/lib/python3.12/site-packages/airflow/example_dags/example_branch_labels.py
[2025-03-08T23:41:34.522+0000] {logging_mixin.py:190} INFO - [2025-03-08T23:41:34.522+0000] {dag.py:3239} INFO - Sync 1 DAGs
[2025-03-08T23:41:34.540+0000] {logging_mixin.py:190} INFO - [2025-03-08T23:41:34.540+0000] {dag.py:4180} INFO - Setting next_dagrun for example_branch_labels to 2025-03-07 00:00:00+00:00, run_after=2025-03-08 00:00:00+00:00
[2025-03-08T23:41:34.556+0000] {processor.py:208} INFO - Processing /home/airflow/.local/lib/python3.12/site-packages/airflow/example_dags/example_branch_labels.py took 0.066 seconds
[2025-03-08T23:42:06.077+0000] {processor.py:186} INFO - Started process (PID=647) to work on /home/airflow/.local/lib/python3.12/site-packages/airflow/example_dags/example_branch_labels.py
[2025-03-08T23:42:06.078+0000] {processor.py:914} INFO - Processing file /home/airflow/.local/lib/python3.12/site-packages/airflow/example_dags/example_branch_labels.py for tasks to queue
[2025-03-08T23:42:06.081+0000] {logging_mixin.py:190} INFO - [2025-03-08T23:42:06.080+0000] {dagbag.py:588} INFO - Filling up the DagBag from /home/airflow/.local/lib/python3.12/site-packages/airflow/example_dags/example_branch_labels.py
[2025-03-08T23:42:06.087+0000] {processor.py:925} INFO - DAG(s) 'example_branch_labels' retrieved from /home/airflow/.local/lib/python3.12/site-packages/airflow/example_dags/example_branch_labels.py
[2025-03-08T23:42:06.103+0000] {logging_mixin.py:190} INFO - [2025-03-08T23:42:06.102+0000] {dag.py:3239} INFO - Sync 1 DAGs
[2025-03-08T23:42:06.123+0000] {logging_mixin.py:190} INFO - [2025-03-08T23:42:06.123+0000] {dag.py:4180} INFO - Setting next_dagrun for example_branch_labels to 2025-03-07 00:00:00+00:00, run_after=2025-03-08 00:00:00+00:00
[2025-03-08T23:42:06.137+0000] {processor.py:208} INFO - Processing /home/airflow/.local/lib/python3.12/site-packages/airflow/example_dags/example_branch_labels.py took 0.065 seconds
[2025-03-08T23:42:37.599+0000] {processor.py:186} INFO - Started process (PID=710) to work on /home/airflow/.local/lib/python3.12/site-packages/airflow/example_dags/example_branch_labels.py
[2025-03-08T23:42:37.599+0000] {processor.py:914} INFO - Processing file /home/airflow/.local/lib/python3.12/site-packages/airflow/example_dags/example_branch_labels.py for tasks to queue
[2025-03-08T23:42:37.601+0000] {logging_mixin.py:190} INFO - [2025-03-08T23:42:37.601+0000] {dagbag.py:588} INFO - Filling up the DagBag from /home/airflow/.local/lib/python3.12/site-packages/airflow/example_dags/example_branch_labels.py
[2025-03-08T23:42:37.608+0000] {processor.py:925} INFO - DAG(s) 'example_branch_labels' retrieved from /home/airflow/.local/lib/python3.12/site-packages/airflow/example_dags/example_branch_labels.py
[2025-03-08T23:42:37.627+0000] {logging_mixin.py:190} INFO - [2025-03-08T23:42:37.627+0000] {dag.py:3239} INFO - Sync 1 DAGs
[2025-03-08T23:42:37.652+0000] {logging_mixin.py:190} INFO - [2025-03-08T23:42:37.651+0000] {dag.py:4180} INFO - Setting next_dagrun for example_branch_labels to 2025-03-07 00:00:00+00:00, run_after=2025-03-08 00:00:00+00:00
[2025-03-08T23:42:37.676+0000] {processor.py:208} INFO - Processing /home/airflow/.local/lib/python3.12/site-packages/airflow/example_dags/example_branch_labels.py took 0.082 seconds
[2025-03-08T23:43:08.069+0000] {processor.py:186} INFO - Started process (PID=774) to work on /home/airflow/.local/lib/python3.12/site-packages/airflow/example_dags/example_branch_labels.py
[2025-03-08T23:43:08.070+0000] {processor.py:914} INFO - Processing file /home/airflow/.local/lib/python3.12/site-packages/airflow/example_dags/example_branch_labels.py for tasks to queue
[2025-03-08T23:43:08.072+0000] {logging_mixin.py:190} INFO - [2025-03-08T23:43:08.072+0000] {dagbag.py:588} INFO - Filling up the DagBag from /home/airflow/.local/lib/python3.12/site-packages/airflow/example_dags/example_branch_labels.py
[2025-03-08T23:43:08.079+0000] {processor.py:925} INFO - DAG(s) 'example_branch_labels' retrieved from /home/airflow/.local/lib/python3.12/site-packages/airflow/example_dags/example_branch_labels.py
[2025-03-08T23:43:08.095+0000] {logging_mixin.py:190} INFO - [2025-03-08T23:43:08.095+0000] {dag.py:3239} INFO - Sync 1 DAGs
[2025-03-08T23:43:08.113+0000] {logging_mixin.py:190} INFO - [2025-03-08T23:43:08.112+0000] {dag.py:4180} INFO - Setting next_dagrun for example_branch_labels to 2025-03-07 00:00:00+00:00, run_after=2025-03-08 00:00:00+00:00
[2025-03-08T23:43:08.128+0000] {processor.py:208} INFO - Processing /home/airflow/.local/lib/python3.12/site-packages/airflow/example_dags/example_branch_labels.py took 0.064 seconds
[2025-03-08T23:43:39.377+0000] {processor.py:186} INFO - Started process (PID=837) to work on /home/airflow/.local/lib/python3.12/site-packages/airflow/example_dags/example_branch_labels.py
[2025-03-08T23:43:39.379+0000] {processor.py:914} INFO - Processing file /home/airflow/.local/lib/python3.12/site-packages/airflow/example_dags/example_branch_labels.py for tasks to queue
[2025-03-08T23:43:39.381+0000] {logging_mixin.py:190} INFO - [2025-03-08T23:43:39.381+0000] {dagbag.py:588} INFO - Filling up the DagBag from /home/airflow/.local/lib/python3.12/site-packages/airflow/example_dags/example_branch_labels.py
[2025-03-08T23:43:39.390+0000] {processor.py:925} INFO - DAG(s) 'example_branch_labels' retrieved from /home/airflow/.local/lib/python3.12/site-packages/airflow/example_dags/example_branch_labels.py
[2025-03-08T23:43:39.409+0000] {logging_mixin.py:190} INFO - [2025-03-08T23:43:39.409+0000] {dag.py:3239} INFO - Sync 1 DAGs
[2025-03-08T23:43:39.427+0000] {logging_mixin.py:190} INFO - [2025-03-08T23:43:39.427+0000] {dag.py:4180} INFO - Setting next_dagrun for example_branch_labels to 2025-03-07 00:00:00+00:00, run_after=2025-03-08 00:00:00+00:00
[2025-03-08T23:43:39.444+0000] {processor.py:208} INFO - Processing /home/airflow/.local/lib/python3.12/site-packages/airflow/example_dags/example_branch_labels.py took 0.070 seconds
[2025-03-08T23:44:10.062+0000] {processor.py:186} INFO - Started process (PID=900) to work on /home/airflow/.local/lib/python3.12/site-packages/airflow/example_dags/example_branch_labels.py
[2025-03-08T23:44:10.062+0000] {processor.py:914} INFO - Processing file /home/airflow/.local/lib/python3.12/site-packages/airflow/example_dags/example_branch_labels.py for tasks to queue
[2025-03-08T23:44:10.064+0000] {logging_mixin.py:190} INFO - [2025-03-08T23:44:10.064+0000] {dagbag.py:588} INFO - Filling up the DagBag from /home/airflow/.local/lib/python3.12/site-packages/airflow/example_dags/example_branch_labels.py
[2025-03-08T23:44:10.071+0000] {processor.py:925} INFO - DAG(s) 'example_branch_labels' retrieved from /home/airflow/.local/lib/python3.12/site-packages/airflow/example_dags/example_branch_labels.py
[2025-03-08T23:44:10.088+0000] {logging_mixin.py:190} INFO - [2025-03-08T23:44:10.088+0000] {dag.py:3239} INFO - Sync 1 DAGs
[2025-03-08T23:44:10.108+0000] {logging_mixin.py:190} INFO - [2025-03-08T23:44:10.107+0000] {dag.py:4180} INFO - Setting next_dagrun for example_branch_labels to 2025-03-07 00:00:00+00:00, run_after=2025-03-08 00:00:00+00:00
[2025-03-08T23:44:10.123+0000] {processor.py:208} INFO - Processing /home/airflow/.local/lib/python3.12/site-packages/airflow/example_dags/example_branch_labels.py took 0.065 seconds
[2025-03-08T23:44:41.191+0000] {processor.py:186} INFO - Started process (PID=963) to work on /home/airflow/.local/lib/python3.12/site-packages/airflow/example_dags/example_branch_labels.py
[2025-03-08T23:44:41.192+0000] {processor.py:914} INFO - Processing file /home/airflow/.local/lib/python3.12/site-packages/airflow/example_dags/example_branch_labels.py for tasks to queue
[2025-03-08T23:44:41.194+0000] {logging_mixin.py:190} INFO - [2025-03-08T23:44:41.194+0000] {dagbag.py:588} INFO - Filling up the DagBag from /home/airflow/.local/lib/python3.12/site-packages/airflow/example_dags/example_branch_labels.py
[2025-03-08T23:44:41.201+0000] {processor.py:925} INFO - DAG(s) 'example_branch_labels' retrieved from /home/airflow/.local/lib/python3.12/site-packages/airflow/example_dags/example_branch_labels.py
[2025-03-08T23:44:41.219+0000] {logging_mixin.py:190} INFO - [2025-03-08T23:44:41.219+0000] {dag.py:3239} INFO - Sync 1 DAGs
[2025-03-08T23:44:41.237+0000] {logging_mixin.py:190} INFO - [2025-03-08T23:44:41.237+0000] {dag.py:4180} INFO - Setting next_dagrun for example_branch_labels to 2025-03-07 00:00:00+00:00, run_after=2025-03-08 00:00:00+00:00
[2025-03-08T23:44:41.252+0000] {processor.py:208} INFO - Processing /home/airflow/.local/lib/python3.12/site-packages/airflow/example_dags/example_branch_labels.py took 0.067 seconds
[2025-03-08T23:45:12.204+0000] {processor.py:186} INFO - Started process (PID=1026) to work on /home/airflow/.local/lib/python3.12/site-packages/airflow/example_dags/example_branch_labels.py
[2025-03-08T23:45:12.205+0000] {processor.py:914} INFO - Processing file /home/airflow/.local/lib/python3.12/site-packages/airflow/example_dags/example_branch_labels.py for tasks to queue
[2025-03-08T23:45:12.205+0000] {logging_mixin.py:190} INFO - [2025-03-08T23:45:12.205+0000] {dagbag.py:588} INFO - Filling up the DagBag from /home/airflow/.local/lib/python3.12/site-packages/airflow/example_dags/example_branch_labels.py
[2025-03-08T23:45:12.212+0000] {processor.py:925} INFO - DAG(s) 'example_branch_labels' retrieved from /home/airflow/.local/lib/python3.12/site-packages/airflow/example_dags/example_branch_labels.py
[2025-03-08T23:45:12.229+0000] {logging_mixin.py:190} INFO - [2025-03-08T23:45:12.229+0000] {dag.py:3239} INFO - Sync 1 DAGs
[2025-03-08T23:45:12.250+0000] {logging_mixin.py:190} INFO - [2025-03-08T23:45:12.249+0000] {dag.py:4180} INFO - Setting next_dagrun for example_branch_labels to 2025-03-07 00:00:00+00:00, run_after=2025-03-08 00:00:00+00:00
[2025-03-08T23:45:12.263+0000] {processor.py:208} INFO - Processing /home/airflow/.local/lib/python3.12/site-packages/airflow/example_dags/example_branch_labels.py took 0.066 seconds
[2025-03-08T23:45:43.080+0000] {processor.py:186} INFO - Started process (PID=1089) to work on /home/airflow/.local/lib/python3.12/site-packages/airflow/example_dags/example_branch_labels.py
[2025-03-08T23:45:43.081+0000] {processor.py:914} INFO - Processing file /home/airflow/.local/lib/python3.12/site-packages/airflow/example_dags/example_branch_labels.py for tasks to queue
[2025-03-08T23:45:43.084+0000] {logging_mixin.py:190} INFO - [2025-03-08T23:45:43.083+0000] {dagbag.py:588} INFO - Filling up the DagBag from /home/airflow/.local/lib/python3.12/site-packages/airflow/example_dags/example_branch_labels.py
[2025-03-08T23:45:43.090+0000] {processor.py:925} INFO - DAG(s) 'example_branch_labels' retrieved from /home/airflow/.local/lib/python3.12/site-packages/airflow/example_dags/example_branch_labels.py
[2025-03-08T23:45:43.106+0000] {logging_mixin.py:190} INFO - [2025-03-08T23:45:43.106+0000] {dag.py:3239} INFO - Sync 1 DAGs
[2025-03-08T23:45:43.125+0000] {logging_mixin.py:190} INFO - [2025-03-08T23:45:43.125+0000] {dag.py:4180} INFO - Setting next_dagrun for example_branch_labels to 2025-03-07 00:00:00+00:00, run_after=2025-03-08 00:00:00+00:00
[2025-03-08T23:45:43.141+0000] {processor.py:208} INFO - Processing /home/airflow/.local/lib/python3.12/site-packages/airflow/example_dags/example_branch_labels.py took 0.065 seconds
[2025-03-08T23:46:14.168+0000] {processor.py:186} INFO - Started process (PID=1152) to work on /home/airflow/.local/lib/python3.12/site-packages/airflow/example_dags/example_branch_labels.py
[2025-03-08T23:46:14.169+0000] {processor.py:914} INFO - Processing file /home/airflow/.local/lib/python3.12/site-packages/airflow/example_dags/example_branch_labels.py for tasks to queue
[2025-03-08T23:46:14.171+0000] {logging_mixin.py:190} INFO - [2025-03-08T23:46:14.171+0000] {dagbag.py:588} INFO - Filling up the DagBag from /home/airflow/.local/lib/python3.12/site-packages/airflow/example_dags/example_branch_labels.py
[2025-03-08T23:46:14.179+0000] {processor.py:925} INFO - DAG(s) 'example_branch_labels' retrieved from /home/airflow/.local/lib/python3.12/site-packages/airflow/example_dags/example_branch_labels.py
[2025-03-08T23:46:14.196+0000] {logging_mixin.py:190} INFO - [2025-03-08T23:46:14.196+0000] {dag.py:3239} INFO - Sync 1 DAGs
[2025-03-08T23:46:14.216+0000] {logging_mixin.py:190} INFO - [2025-03-08T23:46:14.215+0000] {dag.py:4180} INFO - Setting next_dagrun for example_branch_labels to 2025-03-07 00:00:00+00:00, run_after=2025-03-08 00:00:00+00:00
[2025-03-08T23:46:14.233+0000] {processor.py:208} INFO - Processing /home/airflow/.local/lib/python3.12/site-packages/airflow/example_dags/example_branch_labels.py took 0.070 seconds
[2025-03-08T23:46:45.227+0000] {processor.py:186} INFO - Started process (PID=1215) to work on /home/airflow/.local/lib/python3.12/site-packages/airflow/example_dags/example_branch_labels.py
[2025-03-08T23:46:45.227+0000] {processor.py:914} INFO - Processing file /home/airflow/.local/lib/python3.12/site-packages/airflow/example_dags/example_branch_labels.py for tasks to queue
[2025-03-08T23:46:45.229+0000] {logging_mixin.py:190} INFO - [2025-03-08T23:46:45.229+0000] {dagbag.py:588} INFO - Filling up the DagBag from /home/airflow/.local/lib/python3.12/site-packages/airflow/example_dags/example_branch_labels.py
[2025-03-08T23:46:45.237+0000] {processor.py:925} INFO - DAG(s) 'example_branch_labels' retrieved from /home/airflow/.local/lib/python3.12/site-packages/airflow/example_dags/example_branch_labels.py
[2025-03-08T23:46:45.252+0000] {logging_mixin.py:190} INFO - [2025-03-08T23:46:45.252+0000] {dag.py:3239} INFO - Sync 1 DAGs
[2025-03-08T23:46:45.269+0000] {logging_mixin.py:190} INFO - [2025-03-08T23:46:45.269+0000] {dag.py:4180} INFO - Setting next_dagrun for example_branch_labels to 2025-03-07 00:00:00+00:00, run_after=2025-03-08 00:00:00+00:00
[2025-03-08T23:46:45.282+0000] {processor.py:208} INFO - Processing /home/airflow/.local/lib/python3.12/site-packages/airflow/example_dags/example_branch_labels.py took 0.059 seconds
[2025-03-08T23:47:16.054+0000] {processor.py:186} INFO - Started process (PID=1278) to work on /home/airflow/.local/lib/python3.12/site-packages/airflow/example_dags/example_branch_labels.py
[2025-03-08T23:47:16.055+0000] {processor.py:914} INFO - Processing file /home/airflow/.local/lib/python3.12/site-packages/airflow/example_dags/example_branch_labels.py for tasks to queue
[2025-03-08T23:47:16.056+0000] {logging_mixin.py:190} INFO - [2025-03-08T23:47:16.056+0000] {dagbag.py:588} INFO - Filling up the DagBag from /home/airflow/.local/lib/python3.12/site-packages/airflow/example_dags/example_branch_labels.py
[2025-03-08T23:47:16.063+0000] {processor.py:925} INFO - DAG(s) 'example_branch_labels' retrieved from /home/airflow/.local/lib/python3.12/site-packages/airflow/example_dags/example_branch_labels.py
[2025-03-08T23:47:16.077+0000] {logging_mixin.py:190} INFO - [2025-03-08T23:47:16.077+0000] {dag.py:3239} INFO - Sync 1 DAGs
[2025-03-08T23:47:16.094+0000] {logging_mixin.py:190} INFO - [2025-03-08T23:47:16.094+0000] {dag.py:4180} INFO - Setting next_dagrun for example_branch_labels to 2025-03-07 00:00:00+00:00, run_after=2025-03-08 00:00:00+00:00
[2025-03-08T23:47:16.106+0000] {processor.py:208} INFO - Processing /home/airflow/.local/lib/python3.12/site-packages/airflow/example_dags/example_branch_labels.py took 0.056 seconds
[2025-03-08T23:47:46.737+0000] {processor.py:186} INFO - Started process (PID=1341) to work on /home/airflow/.local/lib/python3.12/site-packages/airflow/example_dags/example_branch_labels.py
[2025-03-08T23:47:46.738+0000] {processor.py:914} INFO - Processing file /home/airflow/.local/lib/python3.12/site-packages/airflow/example_dags/example_branch_labels.py for tasks to queue
[2025-03-08T23:47:46.739+0000] {logging_mixin.py:190} INFO - [2025-03-08T23:47:46.739+0000] {dagbag.py:588} INFO - Filling up the DagBag from /home/airflow/.local/lib/python3.12/site-packages/airflow/example_dags/example_branch_labels.py
[2025-03-08T23:47:46.746+0000] {processor.py:925} INFO - DAG(s) 'example_branch_labels' retrieved from /home/airflow/.local/lib/python3.12/site-packages/airflow/example_dags/example_branch_labels.py
[2025-03-08T23:47:46.761+0000] {logging_mixin.py:190} INFO - [2025-03-08T23:47:46.761+0000] {dag.py:3239} INFO - Sync 1 DAGs
[2025-03-08T23:47:46.778+0000] {logging_mixin.py:190} INFO - [2025-03-08T23:47:46.777+0000] {dag.py:4180} INFO - Setting next_dagrun for example_branch_labels to 2025-03-07 00:00:00+00:00, run_after=2025-03-08 00:00:00+00:00
[2025-03-08T23:47:46.791+0000] {processor.py:208} INFO - Processing /home/airflow/.local/lib/python3.12/site-packages/airflow/example_dags/example_branch_labels.py took 0.057 seconds
[2025-03-08T23:48:17.608+0000] {processor.py:186} INFO - Started process (PID=1404) to work on /home/airflow/.local/lib/python3.12/site-packages/airflow/example_dags/example_branch_labels.py
[2025-03-08T23:48:17.609+0000] {processor.py:914} INFO - Processing file /home/airflow/.local/lib/python3.12/site-packages/airflow/example_dags/example_branch_labels.py for tasks to queue
[2025-03-08T23:48:17.611+0000] {logging_mixin.py:190} INFO - [2025-03-08T23:48:17.611+0000] {dagbag.py:588} INFO - Filling up the DagBag from /home/airflow/.local/lib/python3.12/site-packages/airflow/example_dags/example_branch_labels.py
[2025-03-08T23:48:17.618+0000] {processor.py:925} INFO - DAG(s) 'example_branch_labels' retrieved from /home/airflow/.local/lib/python3.12/site-packages/airflow/example_dags/example_branch_labels.py
[2025-03-08T23:48:17.632+0000] {logging_mixin.py:190} INFO - [2025-03-08T23:48:17.632+0000] {dag.py:3239} INFO - Sync 1 DAGs
[2025-03-08T23:48:17.649+0000] {logging_mixin.py:190} INFO - [2025-03-08T23:48:17.648+0000] {dag.py:4180} INFO - Setting next_dagrun for example_branch_labels to 2025-03-07 00:00:00+00:00, run_after=2025-03-08 00:00:00+00:00
[2025-03-08T23:48:17.663+0000] {processor.py:208} INFO - Processing /home/airflow/.local/lib/python3.12/site-packages/airflow/example_dags/example_branch_labels.py took 0.058 seconds
[2025-03-08T23:48:48.350+0000] {processor.py:186} INFO - Started process (PID=1467) to work on /home/airflow/.local/lib/python3.12/site-packages/airflow/example_dags/example_branch_labels.py
[2025-03-08T23:48:48.351+0000] {processor.py:914} INFO - Processing file /home/airflow/.local/lib/python3.12/site-packages/airflow/example_dags/example_branch_labels.py for tasks to queue
[2025-03-08T23:48:48.353+0000] {logging_mixin.py:190} INFO - [2025-03-08T23:48:48.353+0000] {dagbag.py:588} INFO - Filling up the DagBag from /home/airflow/.local/lib/python3.12/site-packages/airflow/example_dags/example_branch_labels.py
[2025-03-08T23:48:48.361+0000] {processor.py:925} INFO - DAG(s) 'example_branch_labels' retrieved from /home/airflow/.local/lib/python3.12/site-packages/airflow/example_dags/example_branch_labels.py
[2025-03-08T23:48:48.379+0000] {logging_mixin.py:190} INFO - [2025-03-08T23:48:48.379+0000] {dag.py:3239} INFO - Sync 1 DAGs
[2025-03-08T23:48:48.399+0000] {logging_mixin.py:190} INFO - [2025-03-08T23:48:48.399+0000] {dag.py:4180} INFO - Setting next_dagrun for example_branch_labels to 2025-03-07 00:00:00+00:00, run_after=2025-03-08 00:00:00+00:00
[2025-03-08T23:48:48.415+0000] {processor.py:208} INFO - Processing /home/airflow/.local/lib/python3.12/site-packages/airflow/example_dags/example_branch_labels.py took 0.069 seconds
[2025-03-08T23:49:19.626+0000] {processor.py:186} INFO - Started process (PID=1530) to work on /home/airflow/.local/lib/python3.12/site-packages/airflow/example_dags/example_branch_labels.py
[2025-03-08T23:49:19.627+0000] {processor.py:914} INFO - Processing file /home/airflow/.local/lib/python3.12/site-packages/airflow/example_dags/example_branch_labels.py for tasks to queue
[2025-03-08T23:49:19.630+0000] {logging_mixin.py:190} INFO - [2025-03-08T23:49:19.629+0000] {dagbag.py:588} INFO - Filling up the DagBag from /home/airflow/.local/lib/python3.12/site-packages/airflow/example_dags/example_branch_labels.py
[2025-03-08T23:49:19.637+0000] {processor.py:925} INFO - DAG(s) 'example_branch_labels' retrieved from /home/airflow/.local/lib/python3.12/site-packages/airflow/example_dags/example_branch_labels.py
[2025-03-08T23:49:19.651+0000] {logging_mixin.py:190} INFO - [2025-03-08T23:49:19.651+0000] {dag.py:3239} INFO - Sync 1 DAGs
[2025-03-08T23:49:19.669+0000] {logging_mixin.py:190} INFO - [2025-03-08T23:49:19.669+0000] {dag.py:4180} INFO - Setting next_dagrun for example_branch_labels to 2025-03-07 00:00:00+00:00, run_after=2025-03-08 00:00:00+00:00
[2025-03-08T23:49:19.686+0000] {processor.py:208} INFO - Processing /home/airflow/.local/lib/python3.12/site-packages/airflow/example_dags/example_branch_labels.py took 0.064 seconds
[2025-03-08T23:49:50.763+0000] {processor.py:186} INFO - Started process (PID=1593) to work on /home/airflow/.local/lib/python3.12/site-packages/airflow/example_dags/example_branch_labels.py
[2025-03-08T23:49:50.763+0000] {processor.py:914} INFO - Processing file /home/airflow/.local/lib/python3.12/site-packages/airflow/example_dags/example_branch_labels.py for tasks to queue
[2025-03-08T23:49:50.766+0000] {logging_mixin.py:190} INFO - [2025-03-08T23:49:50.765+0000] {dagbag.py:588} INFO - Filling up the DagBag from /home/airflow/.local/lib/python3.12/site-packages/airflow/example_dags/example_branch_labels.py
[2025-03-08T23:49:50.772+0000] {processor.py:925} INFO - DAG(s) 'example_branch_labels' retrieved from /home/airflow/.local/lib/python3.12/site-packages/airflow/example_dags/example_branch_labels.py
[2025-03-08T23:49:50.787+0000] {logging_mixin.py:190} INFO - [2025-03-08T23:49:50.787+0000] {dag.py:3239} INFO - Sync 1 DAGs
[2025-03-08T23:49:50.804+0000] {logging_mixin.py:190} INFO - [2025-03-08T23:49:50.804+0000] {dag.py:4180} INFO - Setting next_dagrun for example_branch_labels to 2025-03-07 00:00:00+00:00, run_after=2025-03-08 00:00:00+00:00
[2025-03-08T23:49:50.822+0000] {processor.py:208} INFO - Processing /home/airflow/.local/lib/python3.12/site-packages/airflow/example_dags/example_branch_labels.py took 0.063 seconds
[2025-03-08T23:50:22.116+0000] {processor.py:186} INFO - Started process (PID=1656) to work on /home/airflow/.local/lib/python3.12/site-packages/airflow/example_dags/example_branch_labels.py
[2025-03-08T23:50:22.117+0000] {processor.py:914} INFO - Processing file /home/airflow/.local/lib/python3.12/site-packages/airflow/example_dags/example_branch_labels.py for tasks to queue
[2025-03-08T23:50:22.119+0000] {logging_mixin.py:190} INFO - [2025-03-08T23:50:22.118+0000] {dagbag.py:588} INFO - Filling up the DagBag from /home/airflow/.local/lib/python3.12/site-packages/airflow/example_dags/example_branch_labels.py
[2025-03-08T23:50:22.125+0000] {processor.py:925} INFO - DAG(s) 'example_branch_labels' retrieved from /home/airflow/.local/lib/python3.12/site-packages/airflow/example_dags/example_branch_labels.py
[2025-03-08T23:50:22.141+0000] {logging_mixin.py:190} INFO - [2025-03-08T23:50:22.140+0000] {dag.py:3239} INFO - Sync 1 DAGs
[2025-03-08T23:50:22.163+0000] {logging_mixin.py:190} INFO - [2025-03-08T23:50:22.163+0000] {dag.py:4180} INFO - Setting next_dagrun for example_branch_labels to 2025-03-07 00:00:00+00:00, run_after=2025-03-08 00:00:00+00:00
[2025-03-08T23:50:22.179+0000] {processor.py:208} INFO - Processing /home/airflow/.local/lib/python3.12/site-packages/airflow/example_dags/example_branch_labels.py took 0.067 seconds
[2025-03-08T23:50:52.699+0000] {processor.py:186} INFO - Started process (PID=1719) to work on /home/airflow/.local/lib/python3.12/site-packages/airflow/example_dags/example_branch_labels.py
[2025-03-08T23:50:52.700+0000] {processor.py:914} INFO - Processing file /home/airflow/.local/lib/python3.12/site-packages/airflow/example_dags/example_branch_labels.py for tasks to queue
[2025-03-08T23:50:52.703+0000] {logging_mixin.py:190} INFO - [2025-03-08T23:50:52.702+0000] {dagbag.py:588} INFO - Filling up the DagBag from /home/airflow/.local/lib/python3.12/site-packages/airflow/example_dags/example_branch_labels.py
[2025-03-08T23:50:52.712+0000] {processor.py:925} INFO - DAG(s) 'example_branch_labels' retrieved from /home/airflow/.local/lib/python3.12/site-packages/airflow/example_dags/example_branch_labels.py
[2025-03-08T23:50:52.729+0000] {logging_mixin.py:190} INFO - [2025-03-08T23:50:52.729+0000] {dag.py:3239} INFO - Sync 1 DAGs
[2025-03-08T23:50:52.753+0000] {logging_mixin.py:190} INFO - [2025-03-08T23:50:52.753+0000] {dag.py:4180} INFO - Setting next_dagrun for example_branch_labels to 2025-03-07 00:00:00+00:00, run_after=2025-03-08 00:00:00+00:00
[2025-03-08T23:50:52.768+0000] {processor.py:208} INFO - Processing /home/airflow/.local/lib/python3.12/site-packages/airflow/example_dags/example_branch_labels.py took 0.077 seconds
[2025-03-08T23:51:24.048+0000] {processor.py:186} INFO - Started process (PID=1782) to work on /home/airflow/.local/lib/python3.12/site-packages/airflow/example_dags/example_branch_labels.py
[2025-03-08T23:51:24.049+0000] {processor.py:914} INFO - Processing file /home/airflow/.local/lib/python3.12/site-packages/airflow/example_dags/example_branch_labels.py for tasks to queue
[2025-03-08T23:51:24.051+0000] {logging_mixin.py:190} INFO - [2025-03-08T23:51:24.051+0000] {dagbag.py:588} INFO - Filling up the DagBag from /home/airflow/.local/lib/python3.12/site-packages/airflow/example_dags/example_branch_labels.py
[2025-03-08T23:51:24.057+0000] {processor.py:925} INFO - DAG(s) 'example_branch_labels' retrieved from /home/airflow/.local/lib/python3.12/site-packages/airflow/example_dags/example_branch_labels.py
[2025-03-08T23:51:24.073+0000] {logging_mixin.py:190} INFO - [2025-03-08T23:51:24.072+0000] {dag.py:3239} INFO - Sync 1 DAGs
[2025-03-08T23:51:24.091+0000] {logging_mixin.py:190} INFO - [2025-03-08T23:51:24.091+0000] {dag.py:4180} INFO - Setting next_dagrun for example_branch_labels to 2025-03-07 00:00:00+00:00, run_after=2025-03-08 00:00:00+00:00
[2025-03-08T23:51:24.107+0000] {processor.py:208} INFO - Processing /home/airflow/.local/lib/python3.12/site-packages/airflow/example_dags/example_branch_labels.py took 0.063 seconds
[2025-03-08T23:51:55.214+0000] {processor.py:186} INFO - Started process (PID=1845) to work on /home/airflow/.local/lib/python3.12/site-packages/airflow/example_dags/example_branch_labels.py
[2025-03-08T23:51:55.215+0000] {processor.py:914} INFO - Processing file /home/airflow/.local/lib/python3.12/site-packages/airflow/example_dags/example_branch_labels.py for tasks to queue
[2025-03-08T23:51:55.217+0000] {logging_mixin.py:190} INFO - [2025-03-08T23:51:55.216+0000] {dagbag.py:588} INFO - Filling up the DagBag from /home/airflow/.local/lib/python3.12/site-packages/airflow/example_dags/example_branch_labels.py
[2025-03-08T23:51:55.223+0000] {processor.py:925} INFO - DAG(s) 'example_branch_labels' retrieved from /home/airflow/.local/lib/python3.12/site-packages/airflow/example_dags/example_branch_labels.py
[2025-03-08T23:51:55.242+0000] {logging_mixin.py:190} INFO - [2025-03-08T23:51:55.241+0000] {dag.py:3239} INFO - Sync 1 DAGs
[2025-03-08T23:51:55.259+0000] {logging_mixin.py:190} INFO - [2025-03-08T23:51:55.259+0000] {dag.py:4180} INFO - Setting next_dagrun for example_branch_labels to 2025-03-07 00:00:00+00:00, run_after=2025-03-08 00:00:00+00:00
[2025-03-08T23:51:55.274+0000] {processor.py:208} INFO - Processing /home/airflow/.local/lib/python3.12/site-packages/airflow/example_dags/example_branch_labels.py took 0.064 seconds
[2025-03-08T23:52:26.219+0000] {processor.py:186} INFO - Started process (PID=1908) to work on /home/airflow/.local/lib/python3.12/site-packages/airflow/example_dags/example_branch_labels.py
[2025-03-08T23:52:26.219+0000] {processor.py:914} INFO - Processing file /home/airflow/.local/lib/python3.12/site-packages/airflow/example_dags/example_branch_labels.py for tasks to queue
[2025-03-08T23:52:26.222+0000] {logging_mixin.py:190} INFO - [2025-03-08T23:52:26.221+0000] {dagbag.py:588} INFO - Filling up the DagBag from /home/airflow/.local/lib/python3.12/site-packages/airflow/example_dags/example_branch_labels.py
[2025-03-08T23:52:26.230+0000] {processor.py:925} INFO - DAG(s) 'example_branch_labels' retrieved from /home/airflow/.local/lib/python3.12/site-packages/airflow/example_dags/example_branch_labels.py
[2025-03-08T23:52:26.248+0000] {logging_mixin.py:190} INFO - [2025-03-08T23:52:26.247+0000] {dag.py:3239} INFO - Sync 1 DAGs
[2025-03-08T23:52:26.263+0000] {logging_mixin.py:190} INFO - [2025-03-08T23:52:26.263+0000] {dag.py:4180} INFO - Setting next_dagrun for example_branch_labels to 2025-03-07 00:00:00+00:00, run_after=2025-03-08 00:00:00+00:00
[2025-03-08T23:52:26.275+0000] {processor.py:208} INFO - Processing /home/airflow/.local/lib/python3.12/site-packages/airflow/example_dags/example_branch_labels.py took 0.060 seconds
[2025-03-08T23:52:57.291+0000] {processor.py:186} INFO - Started process (PID=1971) to work on /home/airflow/.local/lib/python3.12/site-packages/airflow/example_dags/example_branch_labels.py
[2025-03-08T23:52:57.292+0000] {processor.py:914} INFO - Processing file /home/airflow/.local/lib/python3.12/site-packages/airflow/example_dags/example_branch_labels.py for tasks to queue
[2025-03-08T23:52:57.294+0000] {logging_mixin.py:190} INFO - [2025-03-08T23:52:57.293+0000] {dagbag.py:588} INFO - Filling up the DagBag from /home/airflow/.local/lib/python3.12/site-packages/airflow/example_dags/example_branch_labels.py
[2025-03-08T23:52:57.300+0000] {processor.py:925} INFO - DAG(s) 'example_branch_labels' retrieved from /home/airflow/.local/lib/python3.12/site-packages/airflow/example_dags/example_branch_labels.py
[2025-03-08T23:52:57.315+0000] {logging_mixin.py:190} INFO - [2025-03-08T23:52:57.315+0000] {dag.py:3239} INFO - Sync 1 DAGs
[2025-03-08T23:52:57.332+0000] {logging_mixin.py:190} INFO - [2025-03-08T23:52:57.332+0000] {dag.py:4180} INFO - Setting next_dagrun for example_branch_labels to 2025-03-07 00:00:00+00:00, run_after=2025-03-08 00:00:00+00:00
[2025-03-08T23:52:57.345+0000] {processor.py:208} INFO - Processing /home/airflow/.local/lib/python3.12/site-packages/airflow/example_dags/example_branch_labels.py took 0.058 seconds
[2025-03-08T23:53:28.083+0000] {processor.py:186} INFO - Started process (PID=2034) to work on /home/airflow/.local/lib/python3.12/site-packages/airflow/example_dags/example_branch_labels.py
[2025-03-08T23:53:28.084+0000] {processor.py:914} INFO - Processing file /home/airflow/.local/lib/python3.12/site-packages/airflow/example_dags/example_branch_labels.py for tasks to queue
[2025-03-08T23:53:28.086+0000] {logging_mixin.py:190} INFO - [2025-03-08T23:53:28.086+0000] {dagbag.py:588} INFO - Filling up the DagBag from /home/airflow/.local/lib/python3.12/site-packages/airflow/example_dags/example_branch_labels.py
[2025-03-08T23:53:28.093+0000] {processor.py:925} INFO - DAG(s) 'example_branch_labels' retrieved from /home/airflow/.local/lib/python3.12/site-packages/airflow/example_dags/example_branch_labels.py
[2025-03-08T23:53:28.108+0000] {logging_mixin.py:190} INFO - [2025-03-08T23:53:28.108+0000] {dag.py:3239} INFO - Sync 1 DAGs
[2025-03-08T23:53:28.125+0000] {logging_mixin.py:190} INFO - [2025-03-08T23:53:28.125+0000] {dag.py:4180} INFO - Setting next_dagrun for example_branch_labels to 2025-03-07 00:00:00+00:00, run_after=2025-03-08 00:00:00+00:00
[2025-03-08T23:53:28.138+0000] {processor.py:208} INFO - Processing /home/airflow/.local/lib/python3.12/site-packages/airflow/example_dags/example_branch_labels.py took 0.059 seconds
[2025-03-08T23:53:59.194+0000] {processor.py:186} INFO - Started process (PID=2103) to work on /home/airflow/.local/lib/python3.12/site-packages/airflow/example_dags/example_branch_labels.py
[2025-03-08T23:53:59.195+0000] {processor.py:914} INFO - Processing file /home/airflow/.local/lib/python3.12/site-packages/airflow/example_dags/example_branch_labels.py for tasks to queue
[2025-03-08T23:53:59.197+0000] {logging_mixin.py:190} INFO - [2025-03-08T23:53:59.197+0000] {dagbag.py:588} INFO - Filling up the DagBag from /home/airflow/.local/lib/python3.12/site-packages/airflow/example_dags/example_branch_labels.py
[2025-03-08T23:53:59.204+0000] {processor.py:925} INFO - DAG(s) 'example_branch_labels' retrieved from /home/airflow/.local/lib/python3.12/site-packages/airflow/example_dags/example_branch_labels.py
[2025-03-08T23:53:59.223+0000] {logging_mixin.py:190} INFO - [2025-03-08T23:53:59.223+0000] {dag.py:3239} INFO - Sync 1 DAGs
[2025-03-08T23:53:59.240+0000] {logging_mixin.py:190} INFO - [2025-03-08T23:53:59.240+0000] {dag.py:4180} INFO - Setting next_dagrun for example_branch_labels to 2025-03-07 00:00:00+00:00, run_after=2025-03-08 00:00:00+00:00
[2025-03-08T23:53:59.255+0000] {processor.py:208} INFO - Processing /home/airflow/.local/lib/python3.12/site-packages/airflow/example_dags/example_branch_labels.py took 0.067 seconds
[2025-03-08T23:54:30.472+0000] {processor.py:186} INFO - Started process (PID=2166) to work on /home/airflow/.local/lib/python3.12/site-packages/airflow/example_dags/example_branch_labels.py
[2025-03-08T23:54:30.473+0000] {processor.py:914} INFO - Processing file /home/airflow/.local/lib/python3.12/site-packages/airflow/example_dags/example_branch_labels.py for tasks to queue
[2025-03-08T23:54:30.475+0000] {logging_mixin.py:190} INFO - [2025-03-08T23:54:30.475+0000] {dagbag.py:588} INFO - Filling up the DagBag from /home/airflow/.local/lib/python3.12/site-packages/airflow/example_dags/example_branch_labels.py
[2025-03-08T23:54:30.482+0000] {processor.py:925} INFO - DAG(s) 'example_branch_labels' retrieved from /home/airflow/.local/lib/python3.12/site-packages/airflow/example_dags/example_branch_labels.py
[2025-03-08T23:54:30.499+0000] {logging_mixin.py:190} INFO - [2025-03-08T23:54:30.499+0000] {dag.py:3239} INFO - Sync 1 DAGs
[2025-03-08T23:54:30.518+0000] {logging_mixin.py:190} INFO - [2025-03-08T23:54:30.518+0000] {dag.py:4180} INFO - Setting next_dagrun for example_branch_labels to 2025-03-07 00:00:00+00:00, run_after=2025-03-08 00:00:00+00:00
[2025-03-08T23:54:30.533+0000] {processor.py:208} INFO - Processing /home/airflow/.local/lib/python3.12/site-packages/airflow/example_dags/example_branch_labels.py took 0.067 seconds
[2025-03-08T23:55:01.086+0000] {processor.py:186} INFO - Started process (PID=2229) to work on /home/airflow/.local/lib/python3.12/site-packages/airflow/example_dags/example_branch_labels.py
[2025-03-08T23:55:01.087+0000] {processor.py:914} INFO - Processing file /home/airflow/.local/lib/python3.12/site-packages/airflow/example_dags/example_branch_labels.py for tasks to queue
[2025-03-08T23:55:01.088+0000] {logging_mixin.py:190} INFO - [2025-03-08T23:55:01.088+0000] {dagbag.py:588} INFO - Filling up the DagBag from /home/airflow/.local/lib/python3.12/site-packages/airflow/example_dags/example_branch_labels.py
[2025-03-08T23:55:01.095+0000] {processor.py:925} INFO - DAG(s) 'example_branch_labels' retrieved from /home/airflow/.local/lib/python3.12/site-packages/airflow/example_dags/example_branch_labels.py
[2025-03-08T23:55:01.112+0000] {logging_mixin.py:190} INFO - [2025-03-08T23:55:01.111+0000] {dag.py:3239} INFO - Sync 1 DAGs
[2025-03-08T23:55:01.131+0000] {logging_mixin.py:190} INFO - [2025-03-08T23:55:01.131+0000] {dag.py:4180} INFO - Setting next_dagrun for example_branch_labels to 2025-03-07 00:00:00+00:00, run_after=2025-03-08 00:00:00+00:00
[2025-03-08T23:55:01.146+0000] {processor.py:208} INFO - Processing /home/airflow/.local/lib/python3.12/site-packages/airflow/example_dags/example_branch_labels.py took 0.065 seconds
[2025-03-08T23:55:32.351+0000] {processor.py:186} INFO - Started process (PID=2292) to work on /home/airflow/.local/lib/python3.12/site-packages/airflow/example_dags/example_branch_labels.py
[2025-03-08T23:55:32.351+0000] {processor.py:914} INFO - Processing file /home/airflow/.local/lib/python3.12/site-packages/airflow/example_dags/example_branch_labels.py for tasks to queue
[2025-03-08T23:55:32.353+0000] {logging_mixin.py:190} INFO - [2025-03-08T23:55:32.353+0000] {dagbag.py:588} INFO - Filling up the DagBag from /home/airflow/.local/lib/python3.12/site-packages/airflow/example_dags/example_branch_labels.py
[2025-03-08T23:55:32.359+0000] {processor.py:925} INFO - DAG(s) 'example_branch_labels' retrieved from /home/airflow/.local/lib/python3.12/site-packages/airflow/example_dags/example_branch_labels.py
[2025-03-08T23:55:32.374+0000] {logging_mixin.py:190} INFO - [2025-03-08T23:55:32.374+0000] {dag.py:3239} INFO - Sync 1 DAGs
[2025-03-08T23:55:32.390+0000] {logging_mixin.py:190} INFO - [2025-03-08T23:55:32.390+0000] {dag.py:4180} INFO - Setting next_dagrun for example_branch_labels to 2025-03-07 00:00:00+00:00, run_after=2025-03-08 00:00:00+00:00
[2025-03-08T23:55:32.404+0000] {processor.py:208} INFO - Processing /home/airflow/.local/lib/python3.12/site-packages/airflow/example_dags/example_branch_labels.py took 0.057 seconds
[2025-03-08T23:56:03.651+0000] {processor.py:186} INFO - Started process (PID=2355) to work on /home/airflow/.local/lib/python3.12/site-packages/airflow/example_dags/example_branch_labels.py
[2025-03-08T23:56:03.652+0000] {processor.py:914} INFO - Processing file /home/airflow/.local/lib/python3.12/site-packages/airflow/example_dags/example_branch_labels.py for tasks to queue
[2025-03-08T23:56:03.653+0000] {logging_mixin.py:190} INFO - [2025-03-08T23:56:03.653+0000] {dagbag.py:588} INFO - Filling up the DagBag from /home/airflow/.local/lib/python3.12/site-packages/airflow/example_dags/example_branch_labels.py
[2025-03-08T23:56:03.660+0000] {processor.py:925} INFO - DAG(s) 'example_branch_labels' retrieved from /home/airflow/.local/lib/python3.12/site-packages/airflow/example_dags/example_branch_labels.py
[2025-03-08T23:56:03.675+0000] {logging_mixin.py:190} INFO - [2025-03-08T23:56:03.675+0000] {dag.py:3239} INFO - Sync 1 DAGs
[2025-03-08T23:56:03.691+0000] {logging_mixin.py:190} INFO - [2025-03-08T23:56:03.691+0000] {dag.py:4180} INFO - Setting next_dagrun for example_branch_labels to 2025-03-07 00:00:00+00:00, run_after=2025-03-08 00:00:00+00:00
[2025-03-08T23:56:03.704+0000] {processor.py:208} INFO - Processing /home/airflow/.local/lib/python3.12/site-packages/airflow/example_dags/example_branch_labels.py took 0.058 seconds
[2025-03-08T23:56:35.127+0000] {processor.py:186} INFO - Started process (PID=2418) to work on /home/airflow/.local/lib/python3.12/site-packages/airflow/example_dags/example_branch_labels.py
[2025-03-08T23:56:35.128+0000] {processor.py:914} INFO - Processing file /home/airflow/.local/lib/python3.12/site-packages/airflow/example_dags/example_branch_labels.py for tasks to queue
[2025-03-08T23:56:35.129+0000] {logging_mixin.py:190} INFO - [2025-03-08T23:56:35.129+0000] {dagbag.py:588} INFO - Filling up the DagBag from /home/airflow/.local/lib/python3.12/site-packages/airflow/example_dags/example_branch_labels.py
[2025-03-08T23:56:35.137+0000] {processor.py:925} INFO - DAG(s) 'example_branch_labels' retrieved from /home/airflow/.local/lib/python3.12/site-packages/airflow/example_dags/example_branch_labels.py
[2025-03-08T23:56:35.156+0000] {logging_mixin.py:190} INFO - [2025-03-08T23:56:35.156+0000] {dag.py:3239} INFO - Sync 1 DAGs
[2025-03-08T23:56:35.177+0000] {logging_mixin.py:190} INFO - [2025-03-08T23:56:35.177+0000] {dag.py:4180} INFO - Setting next_dagrun for example_branch_labels to 2025-03-07 00:00:00+00:00, run_after=2025-03-08 00:00:00+00:00
[2025-03-08T23:56:35.195+0000] {processor.py:208} INFO - Processing /home/airflow/.local/lib/python3.12/site-packages/airflow/example_dags/example_branch_labels.py took 0.074 seconds
[2025-03-08T23:57:06.199+0000] {processor.py:186} INFO - Started process (PID=2481) to work on /home/airflow/.local/lib/python3.12/site-packages/airflow/example_dags/example_branch_labels.py
[2025-03-08T23:57:06.200+0000] {processor.py:914} INFO - Processing file /home/airflow/.local/lib/python3.12/site-packages/airflow/example_dags/example_branch_labels.py for tasks to queue
[2025-03-08T23:57:06.202+0000] {logging_mixin.py:190} INFO - [2025-03-08T23:57:06.201+0000] {dagbag.py:588} INFO - Filling up the DagBag from /home/airflow/.local/lib/python3.12/site-packages/airflow/example_dags/example_branch_labels.py
[2025-03-08T23:57:06.208+0000] {processor.py:925} INFO - DAG(s) 'example_branch_labels' retrieved from /home/airflow/.local/lib/python3.12/site-packages/airflow/example_dags/example_branch_labels.py
[2025-03-08T23:57:06.225+0000] {logging_mixin.py:190} INFO - [2025-03-08T23:57:06.225+0000] {dag.py:3239} INFO - Sync 1 DAGs
[2025-03-08T23:57:06.243+0000] {logging_mixin.py:190} INFO - [2025-03-08T23:57:06.243+0000] {dag.py:4180} INFO - Setting next_dagrun for example_branch_labels to 2025-03-07 00:00:00+00:00, run_after=2025-03-08 00:00:00+00:00
[2025-03-08T23:57:06.257+0000] {processor.py:208} INFO - Processing /home/airflow/.local/lib/python3.12/site-packages/airflow/example_dags/example_branch_labels.py took 0.061 seconds
[2025-03-08T23:57:37.416+0000] {processor.py:186} INFO - Started process (PID=2544) to work on /home/airflow/.local/lib/python3.12/site-packages/airflow/example_dags/example_branch_labels.py
[2025-03-08T23:57:37.417+0000] {processor.py:914} INFO - Processing file /home/airflow/.local/lib/python3.12/site-packages/airflow/example_dags/example_branch_labels.py for tasks to queue
[2025-03-08T23:57:37.418+0000] {logging_mixin.py:190} INFO - [2025-03-08T23:57:37.418+0000] {dagbag.py:588} INFO - Filling up the DagBag from /home/airflow/.local/lib/python3.12/site-packages/airflow/example_dags/example_branch_labels.py
[2025-03-08T23:57:37.425+0000] {processor.py:925} INFO - DAG(s) 'example_branch_labels' retrieved from /home/airflow/.local/lib/python3.12/site-packages/airflow/example_dags/example_branch_labels.py
[2025-03-08T23:57:37.440+0000] {logging_mixin.py:190} INFO - [2025-03-08T23:57:37.439+0000] {dag.py:3239} INFO - Sync 1 DAGs
[2025-03-08T23:57:37.457+0000] {logging_mixin.py:190} INFO - [2025-03-08T23:57:37.457+0000] {dag.py:4180} INFO - Setting next_dagrun for example_branch_labels to 2025-03-07 00:00:00+00:00, run_after=2025-03-08 00:00:00+00:00
[2025-03-08T23:57:37.470+0000] {processor.py:208} INFO - Processing /home/airflow/.local/lib/python3.12/site-packages/airflow/example_dags/example_branch_labels.py took 0.057 seconds
[2025-03-08T23:58:08.906+0000] {processor.py:186} INFO - Started process (PID=2607) to work on /home/airflow/.local/lib/python3.12/site-packages/airflow/example_dags/example_branch_labels.py
[2025-03-08T23:58:08.907+0000] {processor.py:914} INFO - Processing file /home/airflow/.local/lib/python3.12/site-packages/airflow/example_dags/example_branch_labels.py for tasks to queue
[2025-03-08T23:58:08.909+0000] {logging_mixin.py:190} INFO - [2025-03-08T23:58:08.909+0000] {dagbag.py:588} INFO - Filling up the DagBag from /home/airflow/.local/lib/python3.12/site-packages/airflow/example_dags/example_branch_labels.py
[2025-03-08T23:58:08.917+0000] {processor.py:925} INFO - DAG(s) 'example_branch_labels' retrieved from /home/airflow/.local/lib/python3.12/site-packages/airflow/example_dags/example_branch_labels.py
[2025-03-08T23:58:08.933+0000] {logging_mixin.py:190} INFO - [2025-03-08T23:58:08.933+0000] {dag.py:3239} INFO - Sync 1 DAGs
[2025-03-08T23:58:08.956+0000] {logging_mixin.py:190} INFO - [2025-03-08T23:58:08.955+0000] {dag.py:4180} INFO - Setting next_dagrun for example_branch_labels to 2025-03-07 00:00:00+00:00, run_after=2025-03-08 00:00:00+00:00
[2025-03-08T23:58:08.971+0000] {processor.py:208} INFO - Processing /home/airflow/.local/lib/python3.12/site-packages/airflow/example_dags/example_branch_labels.py took 0.070 seconds
