[2025-03-08T22:35:49.561+0000] {processor.py:186} INFO - Started process (PID=113) to work on /home/airflow/.local/lib/python3.12/site-packages/airflow/example_dags/example_nested_branch_dag.py
[2025-03-08T22:35:49.562+0000] {processor.py:914} INFO - Processing file /home/airflow/.local/lib/python3.12/site-packages/airflow/example_dags/example_nested_branch_dag.py for tasks to queue
[2025-03-08T22:35:49.564+0000] {logging_mixin.py:190} INFO - [2025-03-08T22:35:49.564+0000] {dagbag.py:588} INFO - Filling up the DagBag from /home/airflow/.local/lib/python3.12/site-packages/airflow/example_dags/example_nested_branch_dag.py
[2025-03-08T22:35:49.573+0000] {processor.py:925} INFO - DAG(s) 'example_nested_branch_dag' retrieved from /home/airflow/.local/lib/python3.12/site-packages/airflow/example_dags/example_nested_branch_dag.py
[2025-03-08T22:35:49.650+0000] {logging_mixin.py:190} INFO - [2025-03-08T22:35:49.650+0000] {override.py:1912} INFO - Created Permission View: can edit on DAG:example_nested_branch_dag
[2025-03-08T22:35:49.658+0000] {logging_mixin.py:190} INFO - [2025-03-08T22:35:49.658+0000] {override.py:1912} INFO - Created Permission View: can read on DAG:example_nested_branch_dag
[2025-03-08T22:35:49.663+0000] {logging_mixin.py:190} INFO - [2025-03-08T22:35:49.663+0000] {override.py:1912} INFO - Created Permission View: can delete on DAG:example_nested_branch_dag
[2025-03-08T22:35:49.671+0000] {logging_mixin.py:190} INFO - [2025-03-08T22:35:49.671+0000] {override.py:1912} INFO - Created Permission View: menu access on DAG Run:example_nested_branch_dag
[2025-03-08T22:35:49.678+0000] {logging_mixin.py:190} INFO - [2025-03-08T22:35:49.678+0000] {override.py:1912} INFO - Created Permission View: can delete on DAG Run:example_nested_branch_dag
[2025-03-08T22:35:49.685+0000] {logging_mixin.py:190} INFO - [2025-03-08T22:35:49.685+0000] {override.py:1912} INFO - Created Permission View: can read on DAG Run:example_nested_branch_dag
[2025-03-08T22:35:49.691+0000] {logging_mixin.py:190} INFO - [2025-03-08T22:35:49.691+0000] {override.py:1912} INFO - Created Permission View: can create on DAG Run:example_nested_branch_dag
[2025-03-08T22:35:49.691+0000] {logging_mixin.py:190} INFO - [2025-03-08T22:35:49.691+0000] {dag.py:3239} INFO - Sync 1 DAGs
[2025-03-08T22:35:49.702+0000] {logging_mixin.py:190} INFO - [2025-03-08T22:35:49.702+0000] {dag.py:3262} INFO - Creating ORM DAG for example_nested_branch_dag
[2025-03-08T22:35:49.712+0000] {logging_mixin.py:190} INFO - [2025-03-08T22:35:49.712+0000] {dag.py:4180} INFO - Setting next_dagrun for example_nested_branch_dag to 2025-03-07 00:00:00+00:00, run_after=2025-03-08 00:00:00+00:00
[2025-03-08T22:35:49.730+0000] {processor.py:208} INFO - Processing /home/airflow/.local/lib/python3.12/site-packages/airflow/example_dags/example_nested_branch_dag.py took 0.172 seconds
[2025-03-08T22:36:20.411+0000] {processor.py:186} INFO - Started process (PID=175) to work on /home/airflow/.local/lib/python3.12/site-packages/airflow/example_dags/example_nested_branch_dag.py
[2025-03-08T22:36:20.412+0000] {processor.py:914} INFO - Processing file /home/airflow/.local/lib/python3.12/site-packages/airflow/example_dags/example_nested_branch_dag.py for tasks to queue
[2025-03-08T22:36:20.413+0000] {logging_mixin.py:190} INFO - [2025-03-08T22:36:20.413+0000] {dagbag.py:588} INFO - Filling up the DagBag from /home/airflow/.local/lib/python3.12/site-packages/airflow/example_dags/example_nested_branch_dag.py
[2025-03-08T22:36:20.421+0000] {processor.py:925} INFO - DAG(s) 'example_nested_branch_dag' retrieved from /home/airflow/.local/lib/python3.12/site-packages/airflow/example_dags/example_nested_branch_dag.py
[2025-03-08T22:36:20.437+0000] {logging_mixin.py:190} INFO - [2025-03-08T22:36:20.437+0000] {dag.py:3239} INFO - Sync 1 DAGs
[2025-03-08T22:36:20.456+0000] {logging_mixin.py:190} INFO - [2025-03-08T22:36:20.455+0000] {dag.py:4180} INFO - Setting next_dagrun for example_nested_branch_dag to 2025-03-07 00:00:00+00:00, run_after=2025-03-08 00:00:00+00:00
[2025-03-08T22:36:20.471+0000] {processor.py:208} INFO - Processing /home/airflow/.local/lib/python3.12/site-packages/airflow/example_dags/example_nested_branch_dag.py took 0.065 seconds
[2025-03-08T22:36:50.699+0000] {processor.py:186} INFO - Started process (PID=238) to work on /home/airflow/.local/lib/python3.12/site-packages/airflow/example_dags/example_nested_branch_dag.py
[2025-03-08T22:36:50.700+0000] {processor.py:914} INFO - Processing file /home/airflow/.local/lib/python3.12/site-packages/airflow/example_dags/example_nested_branch_dag.py for tasks to queue
[2025-03-08T22:36:50.701+0000] {logging_mixin.py:190} INFO - [2025-03-08T22:36:50.701+0000] {dagbag.py:588} INFO - Filling up the DagBag from /home/airflow/.local/lib/python3.12/site-packages/airflow/example_dags/example_nested_branch_dag.py
[2025-03-08T22:36:50.709+0000] {processor.py:925} INFO - DAG(s) 'example_nested_branch_dag' retrieved from /home/airflow/.local/lib/python3.12/site-packages/airflow/example_dags/example_nested_branch_dag.py
[2025-03-08T22:36:50.731+0000] {logging_mixin.py:190} INFO - [2025-03-08T22:36:50.731+0000] {dag.py:3239} INFO - Sync 1 DAGs
[2025-03-08T22:36:50.752+0000] {logging_mixin.py:190} INFO - [2025-03-08T22:36:50.752+0000] {dag.py:4180} INFO - Setting next_dagrun for example_nested_branch_dag to 2025-03-07 00:00:00+00:00, run_after=2025-03-08 00:00:00+00:00
[2025-03-08T22:36:50.767+0000] {processor.py:208} INFO - Processing /home/airflow/.local/lib/python3.12/site-packages/airflow/example_dags/example_nested_branch_dag.py took 0.072 seconds
[2025-03-08T22:37:20.848+0000] {processor.py:186} INFO - Started process (PID=301) to work on /home/airflow/.local/lib/python3.12/site-packages/airflow/example_dags/example_nested_branch_dag.py
[2025-03-08T22:37:20.849+0000] {processor.py:914} INFO - Processing file /home/airflow/.local/lib/python3.12/site-packages/airflow/example_dags/example_nested_branch_dag.py for tasks to queue
[2025-03-08T22:37:20.850+0000] {logging_mixin.py:190} INFO - [2025-03-08T22:37:20.850+0000] {dagbag.py:588} INFO - Filling up the DagBag from /home/airflow/.local/lib/python3.12/site-packages/airflow/example_dags/example_nested_branch_dag.py
[2025-03-08T22:37:20.858+0000] {processor.py:925} INFO - DAG(s) 'example_nested_branch_dag' retrieved from /home/airflow/.local/lib/python3.12/site-packages/airflow/example_dags/example_nested_branch_dag.py
[2025-03-08T22:37:20.874+0000] {logging_mixin.py:190} INFO - [2025-03-08T22:37:20.874+0000] {dag.py:3239} INFO - Sync 1 DAGs
[2025-03-08T22:37:20.895+0000] {logging_mixin.py:190} INFO - [2025-03-08T22:37:20.895+0000] {dag.py:4180} INFO - Setting next_dagrun for example_nested_branch_dag to 2025-03-07 00:00:00+00:00, run_after=2025-03-08 00:00:00+00:00
[2025-03-08T22:37:20.912+0000] {processor.py:208} INFO - Processing /home/airflow/.local/lib/python3.12/site-packages/airflow/example_dags/example_nested_branch_dag.py took 0.068 seconds
[2025-03-08T22:37:51.628+0000] {processor.py:186} INFO - Started process (PID=364) to work on /home/airflow/.local/lib/python3.12/site-packages/airflow/example_dags/example_nested_branch_dag.py
[2025-03-08T22:37:51.629+0000] {processor.py:914} INFO - Processing file /home/airflow/.local/lib/python3.12/site-packages/airflow/example_dags/example_nested_branch_dag.py for tasks to queue
[2025-03-08T22:37:51.631+0000] {logging_mixin.py:190} INFO - [2025-03-08T22:37:51.631+0000] {dagbag.py:588} INFO - Filling up the DagBag from /home/airflow/.local/lib/python3.12/site-packages/airflow/example_dags/example_nested_branch_dag.py
[2025-03-08T22:37:51.639+0000] {processor.py:925} INFO - DAG(s) 'example_nested_branch_dag' retrieved from /home/airflow/.local/lib/python3.12/site-packages/airflow/example_dags/example_nested_branch_dag.py
[2025-03-08T22:37:51.656+0000] {logging_mixin.py:190} INFO - [2025-03-08T22:37:51.655+0000] {dag.py:3239} INFO - Sync 1 DAGs
[2025-03-08T22:37:51.674+0000] {logging_mixin.py:190} INFO - [2025-03-08T22:37:51.674+0000] {dag.py:4180} INFO - Setting next_dagrun for example_nested_branch_dag to 2025-03-07 00:00:00+00:00, run_after=2025-03-08 00:00:00+00:00
[2025-03-08T22:37:51.689+0000] {processor.py:208} INFO - Processing /home/airflow/.local/lib/python3.12/site-packages/airflow/example_dags/example_nested_branch_dag.py took 0.065 seconds
[2025-03-08T22:38:22.905+0000] {processor.py:186} INFO - Started process (PID=427) to work on /home/airflow/.local/lib/python3.12/site-packages/airflow/example_dags/example_nested_branch_dag.py
[2025-03-08T22:38:22.906+0000] {processor.py:914} INFO - Processing file /home/airflow/.local/lib/python3.12/site-packages/airflow/example_dags/example_nested_branch_dag.py for tasks to queue
[2025-03-08T22:38:22.908+0000] {logging_mixin.py:190} INFO - [2025-03-08T22:38:22.907+0000] {dagbag.py:588} INFO - Filling up the DagBag from /home/airflow/.local/lib/python3.12/site-packages/airflow/example_dags/example_nested_branch_dag.py
[2025-03-08T22:38:22.915+0000] {processor.py:925} INFO - DAG(s) 'example_nested_branch_dag' retrieved from /home/airflow/.local/lib/python3.12/site-packages/airflow/example_dags/example_nested_branch_dag.py
[2025-03-08T22:38:22.934+0000] {logging_mixin.py:190} INFO - [2025-03-08T22:38:22.934+0000] {dag.py:3239} INFO - Sync 1 DAGs
[2025-03-08T22:38:22.954+0000] {logging_mixin.py:190} INFO - [2025-03-08T22:38:22.954+0000] {dag.py:4180} INFO - Setting next_dagrun for example_nested_branch_dag to 2025-03-07 00:00:00+00:00, run_after=2025-03-08 00:00:00+00:00
[2025-03-08T22:38:22.972+0000] {processor.py:208} INFO - Processing /home/airflow/.local/lib/python3.12/site-packages/airflow/example_dags/example_nested_branch_dag.py took 0.072 seconds
[2025-03-08T22:38:53.998+0000] {processor.py:186} INFO - Started process (PID=490) to work on /home/airflow/.local/lib/python3.12/site-packages/airflow/example_dags/example_nested_branch_dag.py
[2025-03-08T22:38:53.998+0000] {processor.py:914} INFO - Processing file /home/airflow/.local/lib/python3.12/site-packages/airflow/example_dags/example_nested_branch_dag.py for tasks to queue
[2025-03-08T22:38:54.000+0000] {logging_mixin.py:190} INFO - [2025-03-08T22:38:54.000+0000] {dagbag.py:588} INFO - Filling up the DagBag from /home/airflow/.local/lib/python3.12/site-packages/airflow/example_dags/example_nested_branch_dag.py
[2025-03-08T22:38:54.007+0000] {processor.py:925} INFO - DAG(s) 'example_nested_branch_dag' retrieved from /home/airflow/.local/lib/python3.12/site-packages/airflow/example_dags/example_nested_branch_dag.py
[2025-03-08T22:38:54.023+0000] {logging_mixin.py:190} INFO - [2025-03-08T22:38:54.023+0000] {dag.py:3239} INFO - Sync 1 DAGs
[2025-03-08T22:38:54.042+0000] {logging_mixin.py:190} INFO - [2025-03-08T22:38:54.041+0000] {dag.py:4180} INFO - Setting next_dagrun for example_nested_branch_dag to 2025-03-07 00:00:00+00:00, run_after=2025-03-08 00:00:00+00:00
[2025-03-08T22:38:54.057+0000] {processor.py:208} INFO - Processing /home/airflow/.local/lib/python3.12/site-packages/airflow/example_dags/example_nested_branch_dag.py took 0.063 seconds
[2025-03-08T23:37:28.551+0000] {processor.py:186} INFO - Started process (PID=113) to work on /home/airflow/.local/lib/python3.12/site-packages/airflow/example_dags/example_nested_branch_dag.py
[2025-03-08T23:37:28.551+0000] {processor.py:914} INFO - Processing file /home/airflow/.local/lib/python3.12/site-packages/airflow/example_dags/example_nested_branch_dag.py for tasks to queue
[2025-03-08T23:37:28.553+0000] {logging_mixin.py:190} INFO - [2025-03-08T23:37:28.553+0000] {dagbag.py:588} INFO - Filling up the DagBag from /home/airflow/.local/lib/python3.12/site-packages/airflow/example_dags/example_nested_branch_dag.py
[2025-03-08T23:37:28.563+0000] {processor.py:925} INFO - DAG(s) 'example_nested_branch_dag' retrieved from /home/airflow/.local/lib/python3.12/site-packages/airflow/example_dags/example_nested_branch_dag.py
[2025-03-08T23:37:28.583+0000] {logging_mixin.py:190} INFO - [2025-03-08T23:37:28.582+0000] {dag.py:3239} INFO - Sync 1 DAGs
[2025-03-08T23:37:28.605+0000] {logging_mixin.py:190} INFO - [2025-03-08T23:37:28.605+0000] {dag.py:4180} INFO - Setting next_dagrun for example_nested_branch_dag to 2025-03-07 00:00:00+00:00, run_after=2025-03-08 00:00:00+00:00
[2025-03-08T23:37:28.620+0000] {processor.py:208} INFO - Processing /home/airflow/.local/lib/python3.12/site-packages/airflow/example_dags/example_nested_branch_dag.py took 0.074 seconds
[2025-03-08T23:37:58.915+0000] {processor.py:186} INFO - Started process (PID=175) to work on /home/airflow/.local/lib/python3.12/site-packages/airflow/example_dags/example_nested_branch_dag.py
[2025-03-08T23:37:58.916+0000] {processor.py:914} INFO - Processing file /home/airflow/.local/lib/python3.12/site-packages/airflow/example_dags/example_nested_branch_dag.py for tasks to queue
[2025-03-08T23:37:58.918+0000] {logging_mixin.py:190} INFO - [2025-03-08T23:37:58.918+0000] {dagbag.py:588} INFO - Filling up the DagBag from /home/airflow/.local/lib/python3.12/site-packages/airflow/example_dags/example_nested_branch_dag.py
[2025-03-08T23:37:58.926+0000] {processor.py:925} INFO - DAG(s) 'example_nested_branch_dag' retrieved from /home/airflow/.local/lib/python3.12/site-packages/airflow/example_dags/example_nested_branch_dag.py
[2025-03-08T23:37:58.946+0000] {logging_mixin.py:190} INFO - [2025-03-08T23:37:58.946+0000] {dag.py:3239} INFO - Sync 1 DAGs
[2025-03-08T23:37:58.975+0000] {logging_mixin.py:190} INFO - [2025-03-08T23:37:58.975+0000] {dag.py:4180} INFO - Setting next_dagrun for example_nested_branch_dag to 2025-03-07 00:00:00+00:00, run_after=2025-03-08 00:00:00+00:00
[2025-03-08T23:37:58.990+0000] {processor.py:208} INFO - Processing /home/airflow/.local/lib/python3.12/site-packages/airflow/example_dags/example_nested_branch_dag.py took 0.081 seconds
[2025-03-08T23:38:29.779+0000] {processor.py:186} INFO - Started process (PID=238) to work on /home/airflow/.local/lib/python3.12/site-packages/airflow/example_dags/example_nested_branch_dag.py
[2025-03-08T23:38:29.779+0000] {processor.py:914} INFO - Processing file /home/airflow/.local/lib/python3.12/site-packages/airflow/example_dags/example_nested_branch_dag.py for tasks to queue
[2025-03-08T23:38:29.781+0000] {logging_mixin.py:190} INFO - [2025-03-08T23:38:29.781+0000] {dagbag.py:588} INFO - Filling up the DagBag from /home/airflow/.local/lib/python3.12/site-packages/airflow/example_dags/example_nested_branch_dag.py
[2025-03-08T23:38:29.789+0000] {processor.py:925} INFO - DAG(s) 'example_nested_branch_dag' retrieved from /home/airflow/.local/lib/python3.12/site-packages/airflow/example_dags/example_nested_branch_dag.py
[2025-03-08T23:38:29.807+0000] {logging_mixin.py:190} INFO - [2025-03-08T23:38:29.807+0000] {dag.py:3239} INFO - Sync 1 DAGs
[2025-03-08T23:38:29.827+0000] {logging_mixin.py:190} INFO - [2025-03-08T23:38:29.827+0000] {dag.py:4180} INFO - Setting next_dagrun for example_nested_branch_dag to 2025-03-07 00:00:00+00:00, run_after=2025-03-08 00:00:00+00:00
[2025-03-08T23:38:29.842+0000] {processor.py:208} INFO - Processing /home/airflow/.local/lib/python3.12/site-packages/airflow/example_dags/example_nested_branch_dag.py took 0.068 seconds
[2025-03-08T23:39:00.519+0000] {processor.py:186} INFO - Started process (PID=301) to work on /home/airflow/.local/lib/python3.12/site-packages/airflow/example_dags/example_nested_branch_dag.py
[2025-03-08T23:39:00.520+0000] {processor.py:914} INFO - Processing file /home/airflow/.local/lib/python3.12/site-packages/airflow/example_dags/example_nested_branch_dag.py for tasks to queue
[2025-03-08T23:39:00.522+0000] {logging_mixin.py:190} INFO - [2025-03-08T23:39:00.522+0000] {dagbag.py:588} INFO - Filling up the DagBag from /home/airflow/.local/lib/python3.12/site-packages/airflow/example_dags/example_nested_branch_dag.py
[2025-03-08T23:39:00.529+0000] {processor.py:925} INFO - DAG(s) 'example_nested_branch_dag' retrieved from /home/airflow/.local/lib/python3.12/site-packages/airflow/example_dags/example_nested_branch_dag.py
[2025-03-08T23:39:00.545+0000] {logging_mixin.py:190} INFO - [2025-03-08T23:39:00.545+0000] {dag.py:3239} INFO - Sync 1 DAGs
[2025-03-08T23:39:00.563+0000] {logging_mixin.py:190} INFO - [2025-03-08T23:39:00.563+0000] {dag.py:4180} INFO - Setting next_dagrun for example_nested_branch_dag to 2025-03-07 00:00:00+00:00, run_after=2025-03-08 00:00:00+00:00
[2025-03-08T23:39:00.577+0000] {processor.py:208} INFO - Processing /home/airflow/.local/lib/python3.12/site-packages/airflow/example_dags/example_nested_branch_dag.py took 0.062 seconds
[2025-03-08T23:39:31.826+0000] {processor.py:186} INFO - Started process (PID=364) to work on /home/airflow/.local/lib/python3.12/site-packages/airflow/example_dags/example_nested_branch_dag.py
[2025-03-08T23:39:31.827+0000] {processor.py:914} INFO - Processing file /home/airflow/.local/lib/python3.12/site-packages/airflow/example_dags/example_nested_branch_dag.py for tasks to queue
[2025-03-08T23:39:31.828+0000] {logging_mixin.py:190} INFO - [2025-03-08T23:39:31.828+0000] {dagbag.py:588} INFO - Filling up the DagBag from /home/airflow/.local/lib/python3.12/site-packages/airflow/example_dags/example_nested_branch_dag.py
[2025-03-08T23:39:31.836+0000] {processor.py:925} INFO - DAG(s) 'example_nested_branch_dag' retrieved from /home/airflow/.local/lib/python3.12/site-packages/airflow/example_dags/example_nested_branch_dag.py
[2025-03-08T23:39:31.853+0000] {logging_mixin.py:190} INFO - [2025-03-08T23:39:31.853+0000] {dag.py:3239} INFO - Sync 1 DAGs
[2025-03-08T23:39:31.870+0000] {logging_mixin.py:190} INFO - [2025-03-08T23:39:31.870+0000] {dag.py:4180} INFO - Setting next_dagrun for example_nested_branch_dag to 2025-03-07 00:00:00+00:00, run_after=2025-03-08 00:00:00+00:00
[2025-03-08T23:39:31.884+0000] {processor.py:208} INFO - Processing /home/airflow/.local/lib/python3.12/site-packages/airflow/example_dags/example_nested_branch_dag.py took 0.063 seconds
[2025-03-08T23:40:03.125+0000] {processor.py:186} INFO - Started process (PID=427) to work on /home/airflow/.local/lib/python3.12/site-packages/airflow/example_dags/example_nested_branch_dag.py
[2025-03-08T23:40:03.126+0000] {processor.py:914} INFO - Processing file /home/airflow/.local/lib/python3.12/site-packages/airflow/example_dags/example_nested_branch_dag.py for tasks to queue
[2025-03-08T23:40:03.127+0000] {logging_mixin.py:190} INFO - [2025-03-08T23:40:03.127+0000] {dagbag.py:588} INFO - Filling up the DagBag from /home/airflow/.local/lib/python3.12/site-packages/airflow/example_dags/example_nested_branch_dag.py
[2025-03-08T23:40:03.136+0000] {processor.py:925} INFO - DAG(s) 'example_nested_branch_dag' retrieved from /home/airflow/.local/lib/python3.12/site-packages/airflow/example_dags/example_nested_branch_dag.py
[2025-03-08T23:40:03.155+0000] {logging_mixin.py:190} INFO - [2025-03-08T23:40:03.155+0000] {dag.py:3239} INFO - Sync 1 DAGs
[2025-03-08T23:40:03.176+0000] {logging_mixin.py:190} INFO - [2025-03-08T23:40:03.175+0000] {dag.py:4180} INFO - Setting next_dagrun for example_nested_branch_dag to 2025-03-07 00:00:00+00:00, run_after=2025-03-08 00:00:00+00:00
[2025-03-08T23:40:03.191+0000] {processor.py:208} INFO - Processing /home/airflow/.local/lib/python3.12/site-packages/airflow/example_dags/example_nested_branch_dag.py took 0.071 seconds
[2025-03-08T23:40:34.909+0000] {processor.py:186} INFO - Started process (PID=489) to work on /home/airflow/.local/lib/python3.12/site-packages/airflow/example_dags/example_nested_branch_dag.py
[2025-03-08T23:40:34.909+0000] {processor.py:914} INFO - Processing file /home/airflow/.local/lib/python3.12/site-packages/airflow/example_dags/example_nested_branch_dag.py for tasks to queue
[2025-03-08T23:40:34.911+0000] {logging_mixin.py:190} INFO - [2025-03-08T23:40:34.911+0000] {dagbag.py:588} INFO - Filling up the DagBag from /home/airflow/.local/lib/python3.12/site-packages/airflow/example_dags/example_nested_branch_dag.py
[2025-03-08T23:40:34.919+0000] {processor.py:925} INFO - DAG(s) 'example_nested_branch_dag' retrieved from /home/airflow/.local/lib/python3.12/site-packages/airflow/example_dags/example_nested_branch_dag.py
[2025-03-08T23:40:34.936+0000] {logging_mixin.py:190} INFO - [2025-03-08T23:40:34.936+0000] {dag.py:3239} INFO - Sync 1 DAGs
[2025-03-08T23:40:34.954+0000] {logging_mixin.py:190} INFO - [2025-03-08T23:40:34.953+0000] {dag.py:4180} INFO - Setting next_dagrun for example_nested_branch_dag to 2025-03-07 00:00:00+00:00, run_after=2025-03-08 00:00:00+00:00
[2025-03-08T23:40:34.972+0000] {processor.py:208} INFO - Processing /home/airflow/.local/lib/python3.12/site-packages/airflow/example_dags/example_nested_branch_dag.py took 0.068 seconds
[2025-03-08T23:41:06.022+0000] {processor.py:186} INFO - Started process (PID=553) to work on /home/airflow/.local/lib/python3.12/site-packages/airflow/example_dags/example_nested_branch_dag.py
[2025-03-08T23:41:06.023+0000] {processor.py:914} INFO - Processing file /home/airflow/.local/lib/python3.12/site-packages/airflow/example_dags/example_nested_branch_dag.py for tasks to queue
[2025-03-08T23:41:06.025+0000] {logging_mixin.py:190} INFO - [2025-03-08T23:41:06.025+0000] {dagbag.py:588} INFO - Filling up the DagBag from /home/airflow/.local/lib/python3.12/site-packages/airflow/example_dags/example_nested_branch_dag.py
[2025-03-08T23:41:06.033+0000] {processor.py:925} INFO - DAG(s) 'example_nested_branch_dag' retrieved from /home/airflow/.local/lib/python3.12/site-packages/airflow/example_dags/example_nested_branch_dag.py
[2025-03-08T23:41:06.051+0000] {logging_mixin.py:190} INFO - [2025-03-08T23:41:06.051+0000] {dag.py:3239} INFO - Sync 1 DAGs
[2025-03-08T23:41:06.072+0000] {logging_mixin.py:190} INFO - [2025-03-08T23:41:06.071+0000] {dag.py:4180} INFO - Setting next_dagrun for example_nested_branch_dag to 2025-03-07 00:00:00+00:00, run_after=2025-03-08 00:00:00+00:00
[2025-03-08T23:41:06.087+0000] {processor.py:208} INFO - Processing /home/airflow/.local/lib/python3.12/site-packages/airflow/example_dags/example_nested_branch_dag.py took 0.071 seconds
[2025-03-08T23:41:36.254+0000] {processor.py:186} INFO - Started process (PID=616) to work on /home/airflow/.local/lib/python3.12/site-packages/airflow/example_dags/example_nested_branch_dag.py
[2025-03-08T23:41:36.255+0000] {processor.py:914} INFO - Processing file /home/airflow/.local/lib/python3.12/site-packages/airflow/example_dags/example_nested_branch_dag.py for tasks to queue
[2025-03-08T23:41:36.256+0000] {logging_mixin.py:190} INFO - [2025-03-08T23:41:36.256+0000] {dagbag.py:588} INFO - Filling up the DagBag from /home/airflow/.local/lib/python3.12/site-packages/airflow/example_dags/example_nested_branch_dag.py
[2025-03-08T23:41:36.266+0000] {processor.py:925} INFO - DAG(s) 'example_nested_branch_dag' retrieved from /home/airflow/.local/lib/python3.12/site-packages/airflow/example_dags/example_nested_branch_dag.py
[2025-03-08T23:41:36.285+0000] {logging_mixin.py:190} INFO - [2025-03-08T23:41:36.285+0000] {dag.py:3239} INFO - Sync 1 DAGs
[2025-03-08T23:41:36.309+0000] {logging_mixin.py:190} INFO - [2025-03-08T23:41:36.308+0000] {dag.py:4180} INFO - Setting next_dagrun for example_nested_branch_dag to 2025-03-07 00:00:00+00:00, run_after=2025-03-08 00:00:00+00:00
[2025-03-08T23:41:36.326+0000] {processor.py:208} INFO - Processing /home/airflow/.local/lib/python3.12/site-packages/airflow/example_dags/example_nested_branch_dag.py took 0.077 seconds
[2025-03-08T23:42:07.910+0000] {processor.py:186} INFO - Started process (PID=678) to work on /home/airflow/.local/lib/python3.12/site-packages/airflow/example_dags/example_nested_branch_dag.py
[2025-03-08T23:42:07.911+0000] {processor.py:914} INFO - Processing file /home/airflow/.local/lib/python3.12/site-packages/airflow/example_dags/example_nested_branch_dag.py for tasks to queue
[2025-03-08T23:42:07.913+0000] {logging_mixin.py:190} INFO - [2025-03-08T23:42:07.913+0000] {dagbag.py:588} INFO - Filling up the DagBag from /home/airflow/.local/lib/python3.12/site-packages/airflow/example_dags/example_nested_branch_dag.py
[2025-03-08T23:42:07.921+0000] {processor.py:925} INFO - DAG(s) 'example_nested_branch_dag' retrieved from /home/airflow/.local/lib/python3.12/site-packages/airflow/example_dags/example_nested_branch_dag.py
[2025-03-08T23:42:07.939+0000] {logging_mixin.py:190} INFO - [2025-03-08T23:42:07.939+0000] {dag.py:3239} INFO - Sync 1 DAGs
[2025-03-08T23:42:07.959+0000] {logging_mixin.py:190} INFO - [2025-03-08T23:42:07.959+0000] {dag.py:4180} INFO - Setting next_dagrun for example_nested_branch_dag to 2025-03-07 00:00:00+00:00, run_after=2025-03-08 00:00:00+00:00
[2025-03-08T23:42:07.977+0000] {processor.py:208} INFO - Processing /home/airflow/.local/lib/python3.12/site-packages/airflow/example_dags/example_nested_branch_dag.py took 0.071 seconds
[2025-03-08T23:42:39.790+0000] {processor.py:186} INFO - Started process (PID=741) to work on /home/airflow/.local/lib/python3.12/site-packages/airflow/example_dags/example_nested_branch_dag.py
[2025-03-08T23:42:39.791+0000] {processor.py:914} INFO - Processing file /home/airflow/.local/lib/python3.12/site-packages/airflow/example_dags/example_nested_branch_dag.py for tasks to queue
[2025-03-08T23:42:39.792+0000] {logging_mixin.py:190} INFO - [2025-03-08T23:42:39.792+0000] {dagbag.py:588} INFO - Filling up the DagBag from /home/airflow/.local/lib/python3.12/site-packages/airflow/example_dags/example_nested_branch_dag.py
[2025-03-08T23:42:39.802+0000] {processor.py:925} INFO - DAG(s) 'example_nested_branch_dag' retrieved from /home/airflow/.local/lib/python3.12/site-packages/airflow/example_dags/example_nested_branch_dag.py
[2025-03-08T23:42:39.820+0000] {logging_mixin.py:190} INFO - [2025-03-08T23:42:39.820+0000] {dag.py:3239} INFO - Sync 1 DAGs
[2025-03-08T23:42:39.838+0000] {logging_mixin.py:190} INFO - [2025-03-08T23:42:39.838+0000] {dag.py:4180} INFO - Setting next_dagrun for example_nested_branch_dag to 2025-03-07 00:00:00+00:00, run_after=2025-03-08 00:00:00+00:00
[2025-03-08T23:42:39.853+0000] {processor.py:208} INFO - Processing /home/airflow/.local/lib/python3.12/site-packages/airflow/example_dags/example_nested_branch_dag.py took 0.067 seconds
[2025-03-08T23:43:10.847+0000] {processor.py:186} INFO - Started process (PID=805) to work on /home/airflow/.local/lib/python3.12/site-packages/airflow/example_dags/example_nested_branch_dag.py
[2025-03-08T23:43:10.847+0000] {processor.py:914} INFO - Processing file /home/airflow/.local/lib/python3.12/site-packages/airflow/example_dags/example_nested_branch_dag.py for tasks to queue
[2025-03-08T23:43:10.849+0000] {logging_mixin.py:190} INFO - [2025-03-08T23:43:10.849+0000] {dagbag.py:588} INFO - Filling up the DagBag from /home/airflow/.local/lib/python3.12/site-packages/airflow/example_dags/example_nested_branch_dag.py
[2025-03-08T23:43:10.857+0000] {processor.py:925} INFO - DAG(s) 'example_nested_branch_dag' retrieved from /home/airflow/.local/lib/python3.12/site-packages/airflow/example_dags/example_nested_branch_dag.py
[2025-03-08T23:43:10.875+0000] {logging_mixin.py:190} INFO - [2025-03-08T23:43:10.875+0000] {dag.py:3239} INFO - Sync 1 DAGs
[2025-03-08T23:43:10.893+0000] {logging_mixin.py:190} INFO - [2025-03-08T23:43:10.892+0000] {dag.py:4180} INFO - Setting next_dagrun for example_nested_branch_dag to 2025-03-07 00:00:00+00:00, run_after=2025-03-08 00:00:00+00:00
[2025-03-08T23:43:10.906+0000] {processor.py:208} INFO - Processing /home/airflow/.local/lib/python3.12/site-packages/airflow/example_dags/example_nested_branch_dag.py took 0.063 seconds
[2025-03-08T23:43:41.388+0000] {processor.py:186} INFO - Started process (PID=868) to work on /home/airflow/.local/lib/python3.12/site-packages/airflow/example_dags/example_nested_branch_dag.py
[2025-03-08T23:43:41.389+0000] {processor.py:914} INFO - Processing file /home/airflow/.local/lib/python3.12/site-packages/airflow/example_dags/example_nested_branch_dag.py for tasks to queue
[2025-03-08T23:43:41.391+0000] {logging_mixin.py:190} INFO - [2025-03-08T23:43:41.391+0000] {dagbag.py:588} INFO - Filling up the DagBag from /home/airflow/.local/lib/python3.12/site-packages/airflow/example_dags/example_nested_branch_dag.py
[2025-03-08T23:43:41.402+0000] {processor.py:925} INFO - DAG(s) 'example_nested_branch_dag' retrieved from /home/airflow/.local/lib/python3.12/site-packages/airflow/example_dags/example_nested_branch_dag.py
[2025-03-08T23:43:41.423+0000] {logging_mixin.py:190} INFO - [2025-03-08T23:43:41.423+0000] {dag.py:3239} INFO - Sync 1 DAGs
[2025-03-08T23:43:41.441+0000] {logging_mixin.py:190} INFO - [2025-03-08T23:43:41.441+0000] {dag.py:4180} INFO - Setting next_dagrun for example_nested_branch_dag to 2025-03-07 00:00:00+00:00, run_after=2025-03-08 00:00:00+00:00
[2025-03-08T23:43:41.455+0000] {processor.py:208} INFO - Processing /home/airflow/.local/lib/python3.12/site-packages/airflow/example_dags/example_nested_branch_dag.py took 0.070 seconds
[2025-03-08T23:44:11.762+0000] {processor.py:186} INFO - Started process (PID=931) to work on /home/airflow/.local/lib/python3.12/site-packages/airflow/example_dags/example_nested_branch_dag.py
[2025-03-08T23:44:11.763+0000] {processor.py:914} INFO - Processing file /home/airflow/.local/lib/python3.12/site-packages/airflow/example_dags/example_nested_branch_dag.py for tasks to queue
[2025-03-08T23:44:11.764+0000] {logging_mixin.py:190} INFO - [2025-03-08T23:44:11.764+0000] {dagbag.py:588} INFO - Filling up the DagBag from /home/airflow/.local/lib/python3.12/site-packages/airflow/example_dags/example_nested_branch_dag.py
[2025-03-08T23:44:11.773+0000] {processor.py:925} INFO - DAG(s) 'example_nested_branch_dag' retrieved from /home/airflow/.local/lib/python3.12/site-packages/airflow/example_dags/example_nested_branch_dag.py
[2025-03-08T23:44:11.790+0000] {logging_mixin.py:190} INFO - [2025-03-08T23:44:11.790+0000] {dag.py:3239} INFO - Sync 1 DAGs
[2025-03-08T23:44:11.808+0000] {logging_mixin.py:190} INFO - [2025-03-08T23:44:11.807+0000] {dag.py:4180} INFO - Setting next_dagrun for example_nested_branch_dag to 2025-03-07 00:00:00+00:00, run_after=2025-03-08 00:00:00+00:00
[2025-03-08T23:44:11.827+0000] {processor.py:208} INFO - Processing /home/airflow/.local/lib/python3.12/site-packages/airflow/example_dags/example_nested_branch_dag.py took 0.070 seconds
[2025-03-08T23:44:42.879+0000] {processor.py:186} INFO - Started process (PID=994) to work on /home/airflow/.local/lib/python3.12/site-packages/airflow/example_dags/example_nested_branch_dag.py
[2025-03-08T23:44:42.880+0000] {processor.py:914} INFO - Processing file /home/airflow/.local/lib/python3.12/site-packages/airflow/example_dags/example_nested_branch_dag.py for tasks to queue
[2025-03-08T23:44:42.882+0000] {logging_mixin.py:190} INFO - [2025-03-08T23:44:42.882+0000] {dagbag.py:588} INFO - Filling up the DagBag from /home/airflow/.local/lib/python3.12/site-packages/airflow/example_dags/example_nested_branch_dag.py
[2025-03-08T23:44:42.891+0000] {processor.py:925} INFO - DAG(s) 'example_nested_branch_dag' retrieved from /home/airflow/.local/lib/python3.12/site-packages/airflow/example_dags/example_nested_branch_dag.py
[2025-03-08T23:44:42.913+0000] {logging_mixin.py:190} INFO - [2025-03-08T23:44:42.913+0000] {dag.py:3239} INFO - Sync 1 DAGs
[2025-03-08T23:44:42.935+0000] {logging_mixin.py:190} INFO - [2025-03-08T23:44:42.934+0000] {dag.py:4180} INFO - Setting next_dagrun for example_nested_branch_dag to 2025-03-07 00:00:00+00:00, run_after=2025-03-08 00:00:00+00:00
[2025-03-08T23:44:42.953+0000] {processor.py:208} INFO - Processing /home/airflow/.local/lib/python3.12/site-packages/airflow/example_dags/example_nested_branch_dag.py took 0.078 seconds
[2025-03-08T23:45:13.817+0000] {processor.py:186} INFO - Started process (PID=1057) to work on /home/airflow/.local/lib/python3.12/site-packages/airflow/example_dags/example_nested_branch_dag.py
[2025-03-08T23:45:13.818+0000] {processor.py:914} INFO - Processing file /home/airflow/.local/lib/python3.12/site-packages/airflow/example_dags/example_nested_branch_dag.py for tasks to queue
[2025-03-08T23:45:13.820+0000] {logging_mixin.py:190} INFO - [2025-03-08T23:45:13.819+0000] {dagbag.py:588} INFO - Filling up the DagBag from /home/airflow/.local/lib/python3.12/site-packages/airflow/example_dags/example_nested_branch_dag.py
[2025-03-08T23:45:13.827+0000] {processor.py:925} INFO - DAG(s) 'example_nested_branch_dag' retrieved from /home/airflow/.local/lib/python3.12/site-packages/airflow/example_dags/example_nested_branch_dag.py
[2025-03-08T23:45:13.845+0000] {logging_mixin.py:190} INFO - [2025-03-08T23:45:13.844+0000] {dag.py:3239} INFO - Sync 1 DAGs
[2025-03-08T23:45:13.866+0000] {logging_mixin.py:190} INFO - [2025-03-08T23:45:13.865+0000] {dag.py:4180} INFO - Setting next_dagrun for example_nested_branch_dag to 2025-03-07 00:00:00+00:00, run_after=2025-03-08 00:00:00+00:00
[2025-03-08T23:45:13.884+0000] {processor.py:208} INFO - Processing /home/airflow/.local/lib/python3.12/site-packages/airflow/example_dags/example_nested_branch_dag.py took 0.072 seconds
[2025-03-08T23:45:44.843+0000] {processor.py:186} INFO - Started process (PID=1120) to work on /home/airflow/.local/lib/python3.12/site-packages/airflow/example_dags/example_nested_branch_dag.py
[2025-03-08T23:45:44.844+0000] {processor.py:914} INFO - Processing file /home/airflow/.local/lib/python3.12/site-packages/airflow/example_dags/example_nested_branch_dag.py for tasks to queue
[2025-03-08T23:45:44.846+0000] {logging_mixin.py:190} INFO - [2025-03-08T23:45:44.846+0000] {dagbag.py:588} INFO - Filling up the DagBag from /home/airflow/.local/lib/python3.12/site-packages/airflow/example_dags/example_nested_branch_dag.py
[2025-03-08T23:45:44.854+0000] {processor.py:925} INFO - DAG(s) 'example_nested_branch_dag' retrieved from /home/airflow/.local/lib/python3.12/site-packages/airflow/example_dags/example_nested_branch_dag.py
[2025-03-08T23:45:44.874+0000] {logging_mixin.py:190} INFO - [2025-03-08T23:45:44.873+0000] {dag.py:3239} INFO - Sync 1 DAGs
[2025-03-08T23:45:44.895+0000] {logging_mixin.py:190} INFO - [2025-03-08T23:45:44.895+0000] {dag.py:4180} INFO - Setting next_dagrun for example_nested_branch_dag to 2025-03-07 00:00:00+00:00, run_after=2025-03-08 00:00:00+00:00
[2025-03-08T23:45:44.909+0000] {processor.py:208} INFO - Processing /home/airflow/.local/lib/python3.12/site-packages/airflow/example_dags/example_nested_branch_dag.py took 0.071 seconds
[2025-03-08T23:46:15.856+0000] {processor.py:186} INFO - Started process (PID=1183) to work on /home/airflow/.local/lib/python3.12/site-packages/airflow/example_dags/example_nested_branch_dag.py
[2025-03-08T23:46:15.857+0000] {processor.py:914} INFO - Processing file /home/airflow/.local/lib/python3.12/site-packages/airflow/example_dags/example_nested_branch_dag.py for tasks to queue
[2025-03-08T23:46:15.858+0000] {logging_mixin.py:190} INFO - [2025-03-08T23:46:15.858+0000] {dagbag.py:588} INFO - Filling up the DagBag from /home/airflow/.local/lib/python3.12/site-packages/airflow/example_dags/example_nested_branch_dag.py
[2025-03-08T23:46:15.866+0000] {processor.py:925} INFO - DAG(s) 'example_nested_branch_dag' retrieved from /home/airflow/.local/lib/python3.12/site-packages/airflow/example_dags/example_nested_branch_dag.py
[2025-03-08T23:46:15.885+0000] {logging_mixin.py:190} INFO - [2025-03-08T23:46:15.884+0000] {dag.py:3239} INFO - Sync 1 DAGs
[2025-03-08T23:46:15.907+0000] {logging_mixin.py:190} INFO - [2025-03-08T23:46:15.906+0000] {dag.py:4180} INFO - Setting next_dagrun for example_nested_branch_dag to 2025-03-07 00:00:00+00:00, run_after=2025-03-08 00:00:00+00:00
[2025-03-08T23:46:15.922+0000] {processor.py:208} INFO - Processing /home/airflow/.local/lib/python3.12/site-packages/airflow/example_dags/example_nested_branch_dag.py took 0.070 seconds
[2025-03-08T23:46:46.862+0000] {processor.py:186} INFO - Started process (PID=1246) to work on /home/airflow/.local/lib/python3.12/site-packages/airflow/example_dags/example_nested_branch_dag.py
[2025-03-08T23:46:46.863+0000] {processor.py:914} INFO - Processing file /home/airflow/.local/lib/python3.12/site-packages/airflow/example_dags/example_nested_branch_dag.py for tasks to queue
[2025-03-08T23:46:46.865+0000] {logging_mixin.py:190} INFO - [2025-03-08T23:46:46.865+0000] {dagbag.py:588} INFO - Filling up the DagBag from /home/airflow/.local/lib/python3.12/site-packages/airflow/example_dags/example_nested_branch_dag.py
[2025-03-08T23:46:46.873+0000] {processor.py:925} INFO - DAG(s) 'example_nested_branch_dag' retrieved from /home/airflow/.local/lib/python3.12/site-packages/airflow/example_dags/example_nested_branch_dag.py
[2025-03-08T23:46:46.887+0000] {logging_mixin.py:190} INFO - [2025-03-08T23:46:46.887+0000] {dag.py:3239} INFO - Sync 1 DAGs
[2025-03-08T23:46:46.905+0000] {logging_mixin.py:190} INFO - [2025-03-08T23:46:46.905+0000] {dag.py:4180} INFO - Setting next_dagrun for example_nested_branch_dag to 2025-03-07 00:00:00+00:00, run_after=2025-03-08 00:00:00+00:00
[2025-03-08T23:46:46.918+0000] {processor.py:208} INFO - Processing /home/airflow/.local/lib/python3.12/site-packages/airflow/example_dags/example_nested_branch_dag.py took 0.060 seconds
[2025-03-08T23:47:17.597+0000] {processor.py:186} INFO - Started process (PID=1309) to work on /home/airflow/.local/lib/python3.12/site-packages/airflow/example_dags/example_nested_branch_dag.py
[2025-03-08T23:47:17.598+0000] {processor.py:914} INFO - Processing file /home/airflow/.local/lib/python3.12/site-packages/airflow/example_dags/example_nested_branch_dag.py for tasks to queue
[2025-03-08T23:47:17.600+0000] {logging_mixin.py:190} INFO - [2025-03-08T23:47:17.600+0000] {dagbag.py:588} INFO - Filling up the DagBag from /home/airflow/.local/lib/python3.12/site-packages/airflow/example_dags/example_nested_branch_dag.py
[2025-03-08T23:47:17.608+0000] {processor.py:925} INFO - DAG(s) 'example_nested_branch_dag' retrieved from /home/airflow/.local/lib/python3.12/site-packages/airflow/example_dags/example_nested_branch_dag.py
[2025-03-08T23:47:17.623+0000] {logging_mixin.py:190} INFO - [2025-03-08T23:47:17.622+0000] {dag.py:3239} INFO - Sync 1 DAGs
[2025-03-08T23:47:17.639+0000] {logging_mixin.py:190} INFO - [2025-03-08T23:47:17.639+0000] {dag.py:4180} INFO - Setting next_dagrun for example_nested_branch_dag to 2025-03-07 00:00:00+00:00, run_after=2025-03-08 00:00:00+00:00
[2025-03-08T23:47:17.652+0000] {processor.py:208} INFO - Processing /home/airflow/.local/lib/python3.12/site-packages/airflow/example_dags/example_nested_branch_dag.py took 0.059 seconds
[2025-03-08T23:47:48.577+0000] {processor.py:186} INFO - Started process (PID=1372) to work on /home/airflow/.local/lib/python3.12/site-packages/airflow/example_dags/example_nested_branch_dag.py
[2025-03-08T23:47:48.577+0000] {processor.py:914} INFO - Processing file /home/airflow/.local/lib/python3.12/site-packages/airflow/example_dags/example_nested_branch_dag.py for tasks to queue
[2025-03-08T23:47:48.579+0000] {logging_mixin.py:190} INFO - [2025-03-08T23:47:48.579+0000] {dagbag.py:588} INFO - Filling up the DagBag from /home/airflow/.local/lib/python3.12/site-packages/airflow/example_dags/example_nested_branch_dag.py
[2025-03-08T23:47:48.587+0000] {processor.py:925} INFO - DAG(s) 'example_nested_branch_dag' retrieved from /home/airflow/.local/lib/python3.12/site-packages/airflow/example_dags/example_nested_branch_dag.py
[2025-03-08T23:47:48.602+0000] {logging_mixin.py:190} INFO - [2025-03-08T23:47:48.602+0000] {dag.py:3239} INFO - Sync 1 DAGs
[2025-03-08T23:47:48.620+0000] {logging_mixin.py:190} INFO - [2025-03-08T23:47:48.619+0000] {dag.py:4180} INFO - Setting next_dagrun for example_nested_branch_dag to 2025-03-07 00:00:00+00:00, run_after=2025-03-08 00:00:00+00:00
[2025-03-08T23:47:48.633+0000] {processor.py:208} INFO - Processing /home/airflow/.local/lib/python3.12/site-packages/airflow/example_dags/example_nested_branch_dag.py took 0.060 seconds
[2025-03-08T23:48:19.209+0000] {processor.py:186} INFO - Started process (PID=1435) to work on /home/airflow/.local/lib/python3.12/site-packages/airflow/example_dags/example_nested_branch_dag.py
[2025-03-08T23:48:19.210+0000] {processor.py:914} INFO - Processing file /home/airflow/.local/lib/python3.12/site-packages/airflow/example_dags/example_nested_branch_dag.py for tasks to queue
[2025-03-08T23:48:19.212+0000] {logging_mixin.py:190} INFO - [2025-03-08T23:48:19.212+0000] {dagbag.py:588} INFO - Filling up the DagBag from /home/airflow/.local/lib/python3.12/site-packages/airflow/example_dags/example_nested_branch_dag.py
[2025-03-08T23:48:19.220+0000] {processor.py:925} INFO - DAG(s) 'example_nested_branch_dag' retrieved from /home/airflow/.local/lib/python3.12/site-packages/airflow/example_dags/example_nested_branch_dag.py
[2025-03-08T23:48:19.236+0000] {logging_mixin.py:190} INFO - [2025-03-08T23:48:19.236+0000] {dag.py:3239} INFO - Sync 1 DAGs
[2025-03-08T23:48:19.253+0000] {logging_mixin.py:190} INFO - [2025-03-08T23:48:19.253+0000] {dag.py:4180} INFO - Setting next_dagrun for example_nested_branch_dag to 2025-03-07 00:00:00+00:00, run_after=2025-03-08 00:00:00+00:00
[2025-03-08T23:48:19.266+0000] {processor.py:208} INFO - Processing /home/airflow/.local/lib/python3.12/site-packages/airflow/example_dags/example_nested_branch_dag.py took 0.060 seconds
[2025-03-08T23:48:50.150+0000] {processor.py:186} INFO - Started process (PID=1498) to work on /home/airflow/.local/lib/python3.12/site-packages/airflow/example_dags/example_nested_branch_dag.py
[2025-03-08T23:48:50.151+0000] {processor.py:914} INFO - Processing file /home/airflow/.local/lib/python3.12/site-packages/airflow/example_dags/example_nested_branch_dag.py for tasks to queue
[2025-03-08T23:48:50.153+0000] {logging_mixin.py:190} INFO - [2025-03-08T23:48:50.153+0000] {dagbag.py:588} INFO - Filling up the DagBag from /home/airflow/.local/lib/python3.12/site-packages/airflow/example_dags/example_nested_branch_dag.py
[2025-03-08T23:48:50.163+0000] {processor.py:925} INFO - DAG(s) 'example_nested_branch_dag' retrieved from /home/airflow/.local/lib/python3.12/site-packages/airflow/example_dags/example_nested_branch_dag.py
[2025-03-08T23:48:50.182+0000] {logging_mixin.py:190} INFO - [2025-03-08T23:48:50.182+0000] {dag.py:3239} INFO - Sync 1 DAGs
[2025-03-08T23:48:50.203+0000] {logging_mixin.py:190} INFO - [2025-03-08T23:48:50.203+0000] {dag.py:4180} INFO - Setting next_dagrun for example_nested_branch_dag to 2025-03-07 00:00:00+00:00, run_after=2025-03-08 00:00:00+00:00
[2025-03-08T23:48:50.219+0000] {processor.py:208} INFO - Processing /home/airflow/.local/lib/python3.12/site-packages/airflow/example_dags/example_nested_branch_dag.py took 0.074 seconds
[2025-03-08T23:49:21.519+0000] {processor.py:186} INFO - Started process (PID=1561) to work on /home/airflow/.local/lib/python3.12/site-packages/airflow/example_dags/example_nested_branch_dag.py
[2025-03-08T23:49:21.520+0000] {processor.py:914} INFO - Processing file /home/airflow/.local/lib/python3.12/site-packages/airflow/example_dags/example_nested_branch_dag.py for tasks to queue
[2025-03-08T23:49:21.522+0000] {logging_mixin.py:190} INFO - [2025-03-08T23:49:21.521+0000] {dagbag.py:588} INFO - Filling up the DagBag from /home/airflow/.local/lib/python3.12/site-packages/airflow/example_dags/example_nested_branch_dag.py
[2025-03-08T23:49:21.529+0000] {processor.py:925} INFO - DAG(s) 'example_nested_branch_dag' retrieved from /home/airflow/.local/lib/python3.12/site-packages/airflow/example_dags/example_nested_branch_dag.py
[2025-03-08T23:49:21.546+0000] {logging_mixin.py:190} INFO - [2025-03-08T23:49:21.546+0000] {dag.py:3239} INFO - Sync 1 DAGs
[2025-03-08T23:49:21.564+0000] {logging_mixin.py:190} INFO - [2025-03-08T23:49:21.563+0000] {dag.py:4180} INFO - Setting next_dagrun for example_nested_branch_dag to 2025-03-07 00:00:00+00:00, run_after=2025-03-08 00:00:00+00:00
[2025-03-08T23:49:21.578+0000] {processor.py:208} INFO - Processing /home/airflow/.local/lib/python3.12/site-packages/airflow/example_dags/example_nested_branch_dag.py took 0.063 seconds
[2025-03-08T23:49:52.590+0000] {processor.py:186} INFO - Started process (PID=1624) to work on /home/airflow/.local/lib/python3.12/site-packages/airflow/example_dags/example_nested_branch_dag.py
[2025-03-08T23:49:52.591+0000] {processor.py:914} INFO - Processing file /home/airflow/.local/lib/python3.12/site-packages/airflow/example_dags/example_nested_branch_dag.py for tasks to queue
[2025-03-08T23:49:52.592+0000] {logging_mixin.py:190} INFO - [2025-03-08T23:49:52.592+0000] {dagbag.py:588} INFO - Filling up the DagBag from /home/airflow/.local/lib/python3.12/site-packages/airflow/example_dags/example_nested_branch_dag.py
[2025-03-08T23:49:52.599+0000] {processor.py:925} INFO - DAG(s) 'example_nested_branch_dag' retrieved from /home/airflow/.local/lib/python3.12/site-packages/airflow/example_dags/example_nested_branch_dag.py
[2025-03-08T23:49:52.616+0000] {logging_mixin.py:190} INFO - [2025-03-08T23:49:52.615+0000] {dag.py:3239} INFO - Sync 1 DAGs
[2025-03-08T23:49:52.634+0000] {logging_mixin.py:190} INFO - [2025-03-08T23:49:52.634+0000] {dag.py:4180} INFO - Setting next_dagrun for example_nested_branch_dag to 2025-03-07 00:00:00+00:00, run_after=2025-03-08 00:00:00+00:00
[2025-03-08T23:49:52.647+0000] {processor.py:208} INFO - Processing /home/airflow/.local/lib/python3.12/site-packages/airflow/example_dags/example_nested_branch_dag.py took 0.062 seconds
[2025-03-08T23:50:24.130+0000] {processor.py:186} INFO - Started process (PID=1687) to work on /home/airflow/.local/lib/python3.12/site-packages/airflow/example_dags/example_nested_branch_dag.py
[2025-03-08T23:50:24.131+0000] {processor.py:914} INFO - Processing file /home/airflow/.local/lib/python3.12/site-packages/airflow/example_dags/example_nested_branch_dag.py for tasks to queue
[2025-03-08T23:50:24.132+0000] {logging_mixin.py:190} INFO - [2025-03-08T23:50:24.132+0000] {dagbag.py:588} INFO - Filling up the DagBag from /home/airflow/.local/lib/python3.12/site-packages/airflow/example_dags/example_nested_branch_dag.py
[2025-03-08T23:50:24.140+0000] {processor.py:925} INFO - DAG(s) 'example_nested_branch_dag' retrieved from /home/airflow/.local/lib/python3.12/site-packages/airflow/example_dags/example_nested_branch_dag.py
[2025-03-08T23:50:24.158+0000] {logging_mixin.py:190} INFO - [2025-03-08T23:50:24.157+0000] {dag.py:3239} INFO - Sync 1 DAGs
[2025-03-08T23:50:24.175+0000] {logging_mixin.py:190} INFO - [2025-03-08T23:50:24.175+0000] {dag.py:4180} INFO - Setting next_dagrun for example_nested_branch_dag to 2025-03-07 00:00:00+00:00, run_after=2025-03-08 00:00:00+00:00
[2025-03-08T23:50:24.192+0000] {processor.py:208} INFO - Processing /home/airflow/.local/lib/python3.12/site-packages/airflow/example_dags/example_nested_branch_dag.py took 0.065 seconds
[2025-03-08T23:50:54.940+0000] {processor.py:186} INFO - Started process (PID=1750) to work on /home/airflow/.local/lib/python3.12/site-packages/airflow/example_dags/example_nested_branch_dag.py
[2025-03-08T23:50:54.941+0000] {processor.py:914} INFO - Processing file /home/airflow/.local/lib/python3.12/site-packages/airflow/example_dags/example_nested_branch_dag.py for tasks to queue
[2025-03-08T23:50:54.943+0000] {logging_mixin.py:190} INFO - [2025-03-08T23:50:54.942+0000] {dagbag.py:588} INFO - Filling up the DagBag from /home/airflow/.local/lib/python3.12/site-packages/airflow/example_dags/example_nested_branch_dag.py
[2025-03-08T23:50:54.950+0000] {processor.py:925} INFO - DAG(s) 'example_nested_branch_dag' retrieved from /home/airflow/.local/lib/python3.12/site-packages/airflow/example_dags/example_nested_branch_dag.py
[2025-03-08T23:50:54.964+0000] {logging_mixin.py:190} INFO - [2025-03-08T23:50:54.964+0000] {dag.py:3239} INFO - Sync 1 DAGs
[2025-03-08T23:50:54.980+0000] {logging_mixin.py:190} INFO - [2025-03-08T23:50:54.980+0000] {dag.py:4180} INFO - Setting next_dagrun for example_nested_branch_dag to 2025-03-07 00:00:00+00:00, run_after=2025-03-08 00:00:00+00:00
[2025-03-08T23:50:54.992+0000] {processor.py:208} INFO - Processing /home/airflow/.local/lib/python3.12/site-packages/airflow/example_dags/example_nested_branch_dag.py took 0.056 seconds
[2025-03-08T23:51:26.043+0000] {processor.py:186} INFO - Started process (PID=1813) to work on /home/airflow/.local/lib/python3.12/site-packages/airflow/example_dags/example_nested_branch_dag.py
[2025-03-08T23:51:26.043+0000] {processor.py:914} INFO - Processing file /home/airflow/.local/lib/python3.12/site-packages/airflow/example_dags/example_nested_branch_dag.py for tasks to queue
[2025-03-08T23:51:26.045+0000] {logging_mixin.py:190} INFO - [2025-03-08T23:51:26.045+0000] {dagbag.py:588} INFO - Filling up the DagBag from /home/airflow/.local/lib/python3.12/site-packages/airflow/example_dags/example_nested_branch_dag.py
[2025-03-08T23:51:26.052+0000] {processor.py:925} INFO - DAG(s) 'example_nested_branch_dag' retrieved from /home/airflow/.local/lib/python3.12/site-packages/airflow/example_dags/example_nested_branch_dag.py
[2025-03-08T23:51:26.072+0000] {logging_mixin.py:190} INFO - [2025-03-08T23:51:26.072+0000] {dag.py:3239} INFO - Sync 1 DAGs
[2025-03-08T23:51:26.091+0000] {logging_mixin.py:190} INFO - [2025-03-08T23:51:26.091+0000] {dag.py:4180} INFO - Setting next_dagrun for example_nested_branch_dag to 2025-03-07 00:00:00+00:00, run_after=2025-03-08 00:00:00+00:00
[2025-03-08T23:51:26.108+0000] {processor.py:208} INFO - Processing /home/airflow/.local/lib/python3.12/site-packages/airflow/example_dags/example_nested_branch_dag.py took 0.069 seconds
[2025-03-08T23:51:56.862+0000] {processor.py:186} INFO - Started process (PID=1876) to work on /home/airflow/.local/lib/python3.12/site-packages/airflow/example_dags/example_nested_branch_dag.py
[2025-03-08T23:51:56.863+0000] {processor.py:914} INFO - Processing file /home/airflow/.local/lib/python3.12/site-packages/airflow/example_dags/example_nested_branch_dag.py for tasks to queue
[2025-03-08T23:51:56.864+0000] {logging_mixin.py:190} INFO - [2025-03-08T23:51:56.864+0000] {dagbag.py:588} INFO - Filling up the DagBag from /home/airflow/.local/lib/python3.12/site-packages/airflow/example_dags/example_nested_branch_dag.py
[2025-03-08T23:51:56.872+0000] {processor.py:925} INFO - DAG(s) 'example_nested_branch_dag' retrieved from /home/airflow/.local/lib/python3.12/site-packages/airflow/example_dags/example_nested_branch_dag.py
[2025-03-08T23:51:56.889+0000] {logging_mixin.py:190} INFO - [2025-03-08T23:51:56.889+0000] {dag.py:3239} INFO - Sync 1 DAGs
[2025-03-08T23:51:56.907+0000] {logging_mixin.py:190} INFO - [2025-03-08T23:51:56.906+0000] {dag.py:4180} INFO - Setting next_dagrun for example_nested_branch_dag to 2025-03-07 00:00:00+00:00, run_after=2025-03-08 00:00:00+00:00
[2025-03-08T23:51:56.923+0000] {processor.py:208} INFO - Processing /home/airflow/.local/lib/python3.12/site-packages/airflow/example_dags/example_nested_branch_dag.py took 0.064 seconds
[2025-03-08T23:52:28.404+0000] {processor.py:186} INFO - Started process (PID=1941) to work on /home/airflow/.local/lib/python3.12/site-packages/airflow/example_dags/example_nested_branch_dag.py
[2025-03-08T23:52:28.404+0000] {processor.py:914} INFO - Processing file /home/airflow/.local/lib/python3.12/site-packages/airflow/example_dags/example_nested_branch_dag.py for tasks to queue
[2025-03-08T23:52:28.406+0000] {logging_mixin.py:190} INFO - [2025-03-08T23:52:28.406+0000] {dagbag.py:588} INFO - Filling up the DagBag from /home/airflow/.local/lib/python3.12/site-packages/airflow/example_dags/example_nested_branch_dag.py
[2025-03-08T23:52:28.415+0000] {processor.py:925} INFO - DAG(s) 'example_nested_branch_dag' retrieved from /home/airflow/.local/lib/python3.12/site-packages/airflow/example_dags/example_nested_branch_dag.py
[2025-03-08T23:52:28.433+0000] {logging_mixin.py:190} INFO - [2025-03-08T23:52:28.433+0000] {dag.py:3239} INFO - Sync 1 DAGs
[2025-03-08T23:52:28.455+0000] {logging_mixin.py:190} INFO - [2025-03-08T23:52:28.455+0000] {dag.py:4180} INFO - Setting next_dagrun for example_nested_branch_dag to 2025-03-07 00:00:00+00:00, run_after=2025-03-08 00:00:00+00:00
[2025-03-08T23:52:28.474+0000] {processor.py:208} INFO - Processing /home/airflow/.local/lib/python3.12/site-packages/airflow/example_dags/example_nested_branch_dag.py took 0.075 seconds
[2025-03-08T23:52:59.195+0000] {processor.py:186} INFO - Started process (PID=2010) to work on /home/airflow/.local/lib/python3.12/site-packages/airflow/example_dags/example_nested_branch_dag.py
[2025-03-08T23:52:59.196+0000] {processor.py:914} INFO - Processing file /home/airflow/.local/lib/python3.12/site-packages/airflow/example_dags/example_nested_branch_dag.py for tasks to queue
[2025-03-08T23:52:59.197+0000] {logging_mixin.py:190} INFO - [2025-03-08T23:52:59.197+0000] {dagbag.py:588} INFO - Filling up the DagBag from /home/airflow/.local/lib/python3.12/site-packages/airflow/example_dags/example_nested_branch_dag.py
[2025-03-08T23:52:59.205+0000] {processor.py:925} INFO - DAG(s) 'example_nested_branch_dag' retrieved from /home/airflow/.local/lib/python3.12/site-packages/airflow/example_dags/example_nested_branch_dag.py
[2025-03-08T23:52:59.222+0000] {logging_mixin.py:190} INFO - [2025-03-08T23:52:59.221+0000] {dag.py:3239} INFO - Sync 1 DAGs
[2025-03-08T23:52:59.239+0000] {logging_mixin.py:190} INFO - [2025-03-08T23:52:59.238+0000] {dag.py:4180} INFO - Setting next_dagrun for example_nested_branch_dag to 2025-03-07 00:00:00+00:00, run_after=2025-03-08 00:00:00+00:00
[2025-03-08T23:52:59.254+0000] {processor.py:208} INFO - Processing /home/airflow/.local/lib/python3.12/site-packages/airflow/example_dags/example_nested_branch_dag.py took 0.063 seconds
[2025-03-08T23:53:30.065+0000] {processor.py:186} INFO - Started process (PID=2072) to work on /home/airflow/.local/lib/python3.12/site-packages/airflow/example_dags/example_nested_branch_dag.py
[2025-03-08T23:53:30.066+0000] {processor.py:914} INFO - Processing file /home/airflow/.local/lib/python3.12/site-packages/airflow/example_dags/example_nested_branch_dag.py for tasks to queue
[2025-03-08T23:53:30.068+0000] {logging_mixin.py:190} INFO - [2025-03-08T23:53:30.068+0000] {dagbag.py:588} INFO - Filling up the DagBag from /home/airflow/.local/lib/python3.12/site-packages/airflow/example_dags/example_nested_branch_dag.py
[2025-03-08T23:53:30.075+0000] {processor.py:925} INFO - DAG(s) 'example_nested_branch_dag' retrieved from /home/airflow/.local/lib/python3.12/site-packages/airflow/example_dags/example_nested_branch_dag.py
[2025-03-08T23:53:30.092+0000] {logging_mixin.py:190} INFO - [2025-03-08T23:53:30.092+0000] {dag.py:3239} INFO - Sync 1 DAGs
[2025-03-08T23:53:30.112+0000] {logging_mixin.py:190} INFO - [2025-03-08T23:53:30.112+0000] {dag.py:4180} INFO - Setting next_dagrun for example_nested_branch_dag to 2025-03-07 00:00:00+00:00, run_after=2025-03-08 00:00:00+00:00
[2025-03-08T23:53:30.129+0000] {processor.py:208} INFO - Processing /home/airflow/.local/lib/python3.12/site-packages/airflow/example_dags/example_nested_branch_dag.py took 0.068 seconds
[2025-03-08T23:54:01.285+0000] {processor.py:186} INFO - Started process (PID=2135) to work on /home/airflow/.local/lib/python3.12/site-packages/airflow/example_dags/example_nested_branch_dag.py
[2025-03-08T23:54:01.286+0000] {processor.py:914} INFO - Processing file /home/airflow/.local/lib/python3.12/site-packages/airflow/example_dags/example_nested_branch_dag.py for tasks to queue
[2025-03-08T23:54:01.288+0000] {logging_mixin.py:190} INFO - [2025-03-08T23:54:01.287+0000] {dagbag.py:588} INFO - Filling up the DagBag from /home/airflow/.local/lib/python3.12/site-packages/airflow/example_dags/example_nested_branch_dag.py
[2025-03-08T23:54:01.296+0000] {processor.py:925} INFO - DAG(s) 'example_nested_branch_dag' retrieved from /home/airflow/.local/lib/python3.12/site-packages/airflow/example_dags/example_nested_branch_dag.py
[2025-03-08T23:54:01.317+0000] {logging_mixin.py:190} INFO - [2025-03-08T23:54:01.317+0000] {dag.py:3239} INFO - Sync 1 DAGs
[2025-03-08T23:54:01.335+0000] {logging_mixin.py:190} INFO - [2025-03-08T23:54:01.335+0000] {dag.py:4180} INFO - Setting next_dagrun for example_nested_branch_dag to 2025-03-07 00:00:00+00:00, run_after=2025-03-08 00:00:00+00:00
[2025-03-08T23:54:01.351+0000] {processor.py:208} INFO - Processing /home/airflow/.local/lib/python3.12/site-packages/airflow/example_dags/example_nested_branch_dag.py took 0.069 seconds
[2025-03-08T23:54:32.560+0000] {processor.py:186} INFO - Started process (PID=2198) to work on /home/airflow/.local/lib/python3.12/site-packages/airflow/example_dags/example_nested_branch_dag.py
[2025-03-08T23:54:32.560+0000] {processor.py:914} INFO - Processing file /home/airflow/.local/lib/python3.12/site-packages/airflow/example_dags/example_nested_branch_dag.py for tasks to queue
[2025-03-08T23:54:32.562+0000] {logging_mixin.py:190} INFO - [2025-03-08T23:54:32.562+0000] {dagbag.py:588} INFO - Filling up the DagBag from /home/airflow/.local/lib/python3.12/site-packages/airflow/example_dags/example_nested_branch_dag.py
[2025-03-08T23:54:32.570+0000] {processor.py:925} INFO - DAG(s) 'example_nested_branch_dag' retrieved from /home/airflow/.local/lib/python3.12/site-packages/airflow/example_dags/example_nested_branch_dag.py
[2025-03-08T23:54:32.589+0000] {logging_mixin.py:190} INFO - [2025-03-08T23:54:32.589+0000] {dag.py:3239} INFO - Sync 1 DAGs
[2025-03-08T23:54:32.609+0000] {logging_mixin.py:190} INFO - [2025-03-08T23:54:32.609+0000] {dag.py:4180} INFO - Setting next_dagrun for example_nested_branch_dag to 2025-03-07 00:00:00+00:00, run_after=2025-03-08 00:00:00+00:00
[2025-03-08T23:54:32.625+0000] {processor.py:208} INFO - Processing /home/airflow/.local/lib/python3.12/site-packages/airflow/example_dags/example_nested_branch_dag.py took 0.070 seconds
[2025-03-08T23:55:03.023+0000] {processor.py:186} INFO - Started process (PID=2261) to work on /home/airflow/.local/lib/python3.12/site-packages/airflow/example_dags/example_nested_branch_dag.py
[2025-03-08T23:55:03.025+0000] {processor.py:914} INFO - Processing file /home/airflow/.local/lib/python3.12/site-packages/airflow/example_dags/example_nested_branch_dag.py for tasks to queue
[2025-03-08T23:55:03.027+0000] {logging_mixin.py:190} INFO - [2025-03-08T23:55:03.027+0000] {dagbag.py:588} INFO - Filling up the DagBag from /home/airflow/.local/lib/python3.12/site-packages/airflow/example_dags/example_nested_branch_dag.py
[2025-03-08T23:55:03.035+0000] {processor.py:925} INFO - DAG(s) 'example_nested_branch_dag' retrieved from /home/airflow/.local/lib/python3.12/site-packages/airflow/example_dags/example_nested_branch_dag.py
[2025-03-08T23:55:03.054+0000] {logging_mixin.py:190} INFO - [2025-03-08T23:55:03.054+0000] {dag.py:3239} INFO - Sync 1 DAGs
[2025-03-08T23:55:03.078+0000] {logging_mixin.py:190} INFO - [2025-03-08T23:55:03.078+0000] {dag.py:4180} INFO - Setting next_dagrun for example_nested_branch_dag to 2025-03-07 00:00:00+00:00, run_after=2025-03-08 00:00:00+00:00
[2025-03-08T23:55:03.093+0000] {processor.py:208} INFO - Processing /home/airflow/.local/lib/python3.12/site-packages/airflow/example_dags/example_nested_branch_dag.py took 0.074 seconds
[2025-03-08T23:55:34.407+0000] {processor.py:186} INFO - Started process (PID=2324) to work on /home/airflow/.local/lib/python3.12/site-packages/airflow/example_dags/example_nested_branch_dag.py
[2025-03-08T23:55:34.408+0000] {processor.py:914} INFO - Processing file /home/airflow/.local/lib/python3.12/site-packages/airflow/example_dags/example_nested_branch_dag.py for tasks to queue
[2025-03-08T23:55:34.410+0000] {logging_mixin.py:190} INFO - [2025-03-08T23:55:34.410+0000] {dagbag.py:588} INFO - Filling up the DagBag from /home/airflow/.local/lib/python3.12/site-packages/airflow/example_dags/example_nested_branch_dag.py
[2025-03-08T23:55:34.417+0000] {processor.py:925} INFO - DAG(s) 'example_nested_branch_dag' retrieved from /home/airflow/.local/lib/python3.12/site-packages/airflow/example_dags/example_nested_branch_dag.py
[2025-03-08T23:55:34.436+0000] {logging_mixin.py:190} INFO - [2025-03-08T23:55:34.435+0000] {dag.py:3239} INFO - Sync 1 DAGs
[2025-03-08T23:55:34.453+0000] {logging_mixin.py:190} INFO - [2025-03-08T23:55:34.453+0000] {dag.py:4180} INFO - Setting next_dagrun for example_nested_branch_dag to 2025-03-07 00:00:00+00:00, run_after=2025-03-08 00:00:00+00:00
[2025-03-08T23:55:34.470+0000] {processor.py:208} INFO - Processing /home/airflow/.local/lib/python3.12/site-packages/airflow/example_dags/example_nested_branch_dag.py took 0.066 seconds
[2025-03-08T23:56:05.722+0000] {processor.py:186} INFO - Started process (PID=2387) to work on /home/airflow/.local/lib/python3.12/site-packages/airflow/example_dags/example_nested_branch_dag.py
[2025-03-08T23:56:05.723+0000] {processor.py:914} INFO - Processing file /home/airflow/.local/lib/python3.12/site-packages/airflow/example_dags/example_nested_branch_dag.py for tasks to queue
[2025-03-08T23:56:05.724+0000] {logging_mixin.py:190} INFO - [2025-03-08T23:56:05.724+0000] {dagbag.py:588} INFO - Filling up the DagBag from /home/airflow/.local/lib/python3.12/site-packages/airflow/example_dags/example_nested_branch_dag.py
[2025-03-08T23:56:05.735+0000] {processor.py:925} INFO - DAG(s) 'example_nested_branch_dag' retrieved from /home/airflow/.local/lib/python3.12/site-packages/airflow/example_dags/example_nested_branch_dag.py
[2025-03-08T23:56:05.758+0000] {logging_mixin.py:190} INFO - [2025-03-08T23:56:05.757+0000] {dag.py:3239} INFO - Sync 1 DAGs
[2025-03-08T23:56:05.779+0000] {logging_mixin.py:190} INFO - [2025-03-08T23:56:05.779+0000] {dag.py:4180} INFO - Setting next_dagrun for example_nested_branch_dag to 2025-03-07 00:00:00+00:00, run_after=2025-03-08 00:00:00+00:00
[2025-03-08T23:56:05.797+0000] {processor.py:208} INFO - Processing /home/airflow/.local/lib/python3.12/site-packages/airflow/example_dags/example_nested_branch_dag.py took 0.079 seconds
[2025-03-08T23:56:37.340+0000] {processor.py:186} INFO - Started process (PID=2450) to work on /home/airflow/.local/lib/python3.12/site-packages/airflow/example_dags/example_nested_branch_dag.py
[2025-03-08T23:56:37.341+0000] {processor.py:914} INFO - Processing file /home/airflow/.local/lib/python3.12/site-packages/airflow/example_dags/example_nested_branch_dag.py for tasks to queue
[2025-03-08T23:56:37.342+0000] {logging_mixin.py:190} INFO - [2025-03-08T23:56:37.342+0000] {dagbag.py:588} INFO - Filling up the DagBag from /home/airflow/.local/lib/python3.12/site-packages/airflow/example_dags/example_nested_branch_dag.py
[2025-03-08T23:56:37.351+0000] {processor.py:925} INFO - DAG(s) 'example_nested_branch_dag' retrieved from /home/airflow/.local/lib/python3.12/site-packages/airflow/example_dags/example_nested_branch_dag.py
[2025-03-08T23:56:37.368+0000] {logging_mixin.py:190} INFO - [2025-03-08T23:56:37.368+0000] {dag.py:3239} INFO - Sync 1 DAGs
[2025-03-08T23:56:37.385+0000] {logging_mixin.py:190} INFO - [2025-03-08T23:56:37.385+0000] {dag.py:4180} INFO - Setting next_dagrun for example_nested_branch_dag to 2025-03-07 00:00:00+00:00, run_after=2025-03-08 00:00:00+00:00
[2025-03-08T23:56:37.403+0000] {processor.py:208} INFO - Processing /home/airflow/.local/lib/python3.12/site-packages/airflow/example_dags/example_nested_branch_dag.py took 0.067 seconds
[2025-03-08T23:57:08.018+0000] {processor.py:186} INFO - Started process (PID=2513) to work on /home/airflow/.local/lib/python3.12/site-packages/airflow/example_dags/example_nested_branch_dag.py
[2025-03-08T23:57:08.019+0000] {processor.py:914} INFO - Processing file /home/airflow/.local/lib/python3.12/site-packages/airflow/example_dags/example_nested_branch_dag.py for tasks to queue
[2025-03-08T23:57:08.020+0000] {logging_mixin.py:190} INFO - [2025-03-08T23:57:08.020+0000] {dagbag.py:588} INFO - Filling up the DagBag from /home/airflow/.local/lib/python3.12/site-packages/airflow/example_dags/example_nested_branch_dag.py
[2025-03-08T23:57:08.028+0000] {processor.py:925} INFO - DAG(s) 'example_nested_branch_dag' retrieved from /home/airflow/.local/lib/python3.12/site-packages/airflow/example_dags/example_nested_branch_dag.py
[2025-03-08T23:57:08.045+0000] {logging_mixin.py:190} INFO - [2025-03-08T23:57:08.044+0000] {dag.py:3239} INFO - Sync 1 DAGs
[2025-03-08T23:57:08.062+0000] {logging_mixin.py:190} INFO - [2025-03-08T23:57:08.062+0000] {dag.py:4180} INFO - Setting next_dagrun for example_nested_branch_dag to 2025-03-07 00:00:00+00:00, run_after=2025-03-08 00:00:00+00:00
[2025-03-08T23:57:08.076+0000] {processor.py:208} INFO - Processing /home/airflow/.local/lib/python3.12/site-packages/airflow/example_dags/example_nested_branch_dag.py took 0.062 seconds
[2025-03-08T23:57:39.203+0000] {processor.py:186} INFO - Started process (PID=2576) to work on /home/airflow/.local/lib/python3.12/site-packages/airflow/example_dags/example_nested_branch_dag.py
[2025-03-08T23:57:39.204+0000] {processor.py:914} INFO - Processing file /home/airflow/.local/lib/python3.12/site-packages/airflow/example_dags/example_nested_branch_dag.py for tasks to queue
[2025-03-08T23:57:39.206+0000] {logging_mixin.py:190} INFO - [2025-03-08T23:57:39.205+0000] {dagbag.py:588} INFO - Filling up the DagBag from /home/airflow/.local/lib/python3.12/site-packages/airflow/example_dags/example_nested_branch_dag.py
[2025-03-08T23:57:39.214+0000] {processor.py:925} INFO - DAG(s) 'example_nested_branch_dag' retrieved from /home/airflow/.local/lib/python3.12/site-packages/airflow/example_dags/example_nested_branch_dag.py
[2025-03-08T23:57:39.229+0000] {logging_mixin.py:190} INFO - [2025-03-08T23:57:39.229+0000] {dag.py:3239} INFO - Sync 1 DAGs
[2025-03-08T23:57:39.247+0000] {logging_mixin.py:190} INFO - [2025-03-08T23:57:39.246+0000] {dag.py:4180} INFO - Setting next_dagrun for example_nested_branch_dag to 2025-03-07 00:00:00+00:00, run_after=2025-03-08 00:00:00+00:00
[2025-03-08T23:57:39.260+0000] {processor.py:208} INFO - Processing /home/airflow/.local/lib/python3.12/site-packages/airflow/example_dags/example_nested_branch_dag.py took 0.061 seconds
[2025-03-08T23:58:10.855+0000] {processor.py:186} INFO - Started process (PID=2639) to work on /home/airflow/.local/lib/python3.12/site-packages/airflow/example_dags/example_nested_branch_dag.py
[2025-03-08T23:58:10.855+0000] {processor.py:914} INFO - Processing file /home/airflow/.local/lib/python3.12/site-packages/airflow/example_dags/example_nested_branch_dag.py for tasks to queue
[2025-03-08T23:58:10.857+0000] {logging_mixin.py:190} INFO - [2025-03-08T23:58:10.857+0000] {dagbag.py:588} INFO - Filling up the DagBag from /home/airflow/.local/lib/python3.12/site-packages/airflow/example_dags/example_nested_branch_dag.py
[2025-03-08T23:58:10.865+0000] {processor.py:925} INFO - DAG(s) 'example_nested_branch_dag' retrieved from /home/airflow/.local/lib/python3.12/site-packages/airflow/example_dags/example_nested_branch_dag.py
[2025-03-08T23:58:10.881+0000] {logging_mixin.py:190} INFO - [2025-03-08T23:58:10.881+0000] {dag.py:3239} INFO - Sync 1 DAGs
[2025-03-08T23:58:10.898+0000] {logging_mixin.py:190} INFO - [2025-03-08T23:58:10.898+0000] {dag.py:4180} INFO - Setting next_dagrun for example_nested_branch_dag to 2025-03-07 00:00:00+00:00, run_after=2025-03-08 00:00:00+00:00
[2025-03-08T23:58:10.912+0000] {processor.py:208} INFO - Processing /home/airflow/.local/lib/python3.12/site-packages/airflow/example_dags/example_nested_branch_dag.py took 0.063 seconds
