[2025-03-08T22:35:49.201+0000] {processor.py:186} INFO - Started process (PID=110) to work on /home/airflow/.local/lib/python3.12/site-packages/airflow/example_dags/example_sensors.py
[2025-03-08T22:35:49.202+0000] {processor.py:914} INFO - Processing file /home/airflow/.local/lib/python3.12/site-packages/airflow/example_dags/example_sensors.py for tasks to queue
[2025-03-08T22:35:49.204+0000] {logging_mixin.py:190} INFO - [2025-03-08T22:35:49.204+0000] {dagbag.py:588} INFO - Filling up the DagBag from /home/airflow/.local/lib/python3.12/site-packages/airflow/example_dags/example_sensors.py
[2025-03-08T22:35:49.213+0000] {processor.py:925} INFO - DAG(s) 'example_sensors' retrieved from /home/airflow/.local/lib/python3.12/site-packages/airflow/example_dags/example_sensors.py
[2025-03-08T22:35:49.298+0000] {logging_mixin.py:190} INFO - [2025-03-08T22:35:49.298+0000] {override.py:1912} INFO - Created Permission View: can edit on DAG:example_sensors
[2025-03-08T22:35:49.307+0000] {logging_mixin.py:190} INFO - [2025-03-08T22:35:49.306+0000] {override.py:1912} INFO - Created Permission View: can read on DAG:example_sensors
[2025-03-08T22:35:49.313+0000] {logging_mixin.py:190} INFO - [2025-03-08T22:35:49.313+0000] {override.py:1912} INFO - Created Permission View: can delete on DAG:example_sensors
[2025-03-08T22:35:49.321+0000] {logging_mixin.py:190} INFO - [2025-03-08T22:35:49.320+0000] {override.py:1912} INFO - Created Permission View: menu access on DAG Run:example_sensors
[2025-03-08T22:35:49.326+0000] {logging_mixin.py:190} INFO - [2025-03-08T22:35:49.326+0000] {override.py:1912} INFO - Created Permission View: can delete on DAG Run:example_sensors
[2025-03-08T22:35:49.332+0000] {logging_mixin.py:190} INFO - [2025-03-08T22:35:49.332+0000] {override.py:1912} INFO - Created Permission View: can read on DAG Run:example_sensors
[2025-03-08T22:35:49.338+0000] {logging_mixin.py:190} INFO - [2025-03-08T22:35:49.338+0000] {override.py:1912} INFO - Created Permission View: can create on DAG Run:example_sensors
[2025-03-08T22:35:49.338+0000] {logging_mixin.py:190} INFO - [2025-03-08T22:35:49.338+0000] {dag.py:3239} INFO - Sync 1 DAGs
[2025-03-08T22:35:49.349+0000] {logging_mixin.py:190} INFO - [2025-03-08T22:35:49.348+0000] {dag.py:3262} INFO - Creating ORM DAG for example_sensors
[2025-03-08T22:35:49.350+0000] {logging_mixin.py:190} INFO - [2025-03-08T22:35:49.350+0000] {dag.py:4180} INFO - Setting next_dagrun for example_sensors to None, run_after=None
[2025-03-08T22:35:49.364+0000] {processor.py:208} INFO - Processing /home/airflow/.local/lib/python3.12/site-packages/airflow/example_dags/example_sensors.py took 0.167 seconds
[2025-03-08T22:36:20.226+0000] {processor.py:186} INFO - Started process (PID=173) to work on /home/airflow/.local/lib/python3.12/site-packages/airflow/example_dags/example_sensors.py
[2025-03-08T22:36:20.227+0000] {processor.py:914} INFO - Processing file /home/airflow/.local/lib/python3.12/site-packages/airflow/example_dags/example_sensors.py for tasks to queue
[2025-03-08T22:36:20.228+0000] {logging_mixin.py:190} INFO - [2025-03-08T22:36:20.228+0000] {dagbag.py:588} INFO - Filling up the DagBag from /home/airflow/.local/lib/python3.12/site-packages/airflow/example_dags/example_sensors.py
[2025-03-08T22:36:20.237+0000] {processor.py:925} INFO - DAG(s) 'example_sensors' retrieved from /home/airflow/.local/lib/python3.12/site-packages/airflow/example_dags/example_sensors.py
[2025-03-08T22:36:20.263+0000] {logging_mixin.py:190} INFO - [2025-03-08T22:36:20.262+0000] {dag.py:3239} INFO - Sync 1 DAGs
[2025-03-08T22:36:20.275+0000] {logging_mixin.py:190} INFO - [2025-03-08T22:36:20.274+0000] {dag.py:4180} INFO - Setting next_dagrun for example_sensors to None, run_after=None
[2025-03-08T22:36:20.292+0000] {processor.py:208} INFO - Processing /home/airflow/.local/lib/python3.12/site-packages/airflow/example_dags/example_sensors.py took 0.071 seconds
[2025-03-08T22:36:50.546+0000] {processor.py:186} INFO - Started process (PID=236) to work on /home/airflow/.local/lib/python3.12/site-packages/airflow/example_dags/example_sensors.py
[2025-03-08T22:36:50.547+0000] {processor.py:914} INFO - Processing file /home/airflow/.local/lib/python3.12/site-packages/airflow/example_dags/example_sensors.py for tasks to queue
[2025-03-08T22:36:50.548+0000] {logging_mixin.py:190} INFO - [2025-03-08T22:36:50.548+0000] {dagbag.py:588} INFO - Filling up the DagBag from /home/airflow/.local/lib/python3.12/site-packages/airflow/example_dags/example_sensors.py
[2025-03-08T22:36:50.555+0000] {processor.py:925} INFO - DAG(s) 'example_sensors' retrieved from /home/airflow/.local/lib/python3.12/site-packages/airflow/example_dags/example_sensors.py
[2025-03-08T22:36:50.572+0000] {logging_mixin.py:190} INFO - [2025-03-08T22:36:50.572+0000] {dag.py:3239} INFO - Sync 1 DAGs
[2025-03-08T22:36:50.582+0000] {logging_mixin.py:190} INFO - [2025-03-08T22:36:50.582+0000] {dag.py:4180} INFO - Setting next_dagrun for example_sensors to None, run_after=None
[2025-03-08T22:36:50.595+0000] {processor.py:208} INFO - Processing /home/airflow/.local/lib/python3.12/site-packages/airflow/example_dags/example_sensors.py took 0.053 seconds
[2025-03-08T22:37:20.686+0000] {processor.py:186} INFO - Started process (PID=299) to work on /home/airflow/.local/lib/python3.12/site-packages/airflow/example_dags/example_sensors.py
[2025-03-08T22:37:20.686+0000] {processor.py:914} INFO - Processing file /home/airflow/.local/lib/python3.12/site-packages/airflow/example_dags/example_sensors.py for tasks to queue
[2025-03-08T22:37:20.688+0000] {logging_mixin.py:190} INFO - [2025-03-08T22:37:20.688+0000] {dagbag.py:588} INFO - Filling up the DagBag from /home/airflow/.local/lib/python3.12/site-packages/airflow/example_dags/example_sensors.py
[2025-03-08T22:37:20.695+0000] {processor.py:925} INFO - DAG(s) 'example_sensors' retrieved from /home/airflow/.local/lib/python3.12/site-packages/airflow/example_dags/example_sensors.py
[2025-03-08T22:37:20.713+0000] {logging_mixin.py:190} INFO - [2025-03-08T22:37:20.713+0000] {dag.py:3239} INFO - Sync 1 DAGs
[2025-03-08T22:37:20.723+0000] {logging_mixin.py:190} INFO - [2025-03-08T22:37:20.723+0000] {dag.py:4180} INFO - Setting next_dagrun for example_sensors to None, run_after=None
[2025-03-08T22:37:20.736+0000] {processor.py:208} INFO - Processing /home/airflow/.local/lib/python3.12/site-packages/airflow/example_dags/example_sensors.py took 0.054 seconds
[2025-03-08T22:37:51.539+0000] {processor.py:186} INFO - Started process (PID=362) to work on /home/airflow/.local/lib/python3.12/site-packages/airflow/example_dags/example_sensors.py
[2025-03-08T22:37:51.540+0000] {processor.py:914} INFO - Processing file /home/airflow/.local/lib/python3.12/site-packages/airflow/example_dags/example_sensors.py for tasks to queue
[2025-03-08T22:37:51.542+0000] {logging_mixin.py:190} INFO - [2025-03-08T22:37:51.542+0000] {dagbag.py:588} INFO - Filling up the DagBag from /home/airflow/.local/lib/python3.12/site-packages/airflow/example_dags/example_sensors.py
[2025-03-08T22:37:51.550+0000] {processor.py:925} INFO - DAG(s) 'example_sensors' retrieved from /home/airflow/.local/lib/python3.12/site-packages/airflow/example_dags/example_sensors.py
[2025-03-08T22:37:51.570+0000] {logging_mixin.py:190} INFO - [2025-03-08T22:37:51.570+0000] {dag.py:3239} INFO - Sync 1 DAGs
[2025-03-08T22:37:51.582+0000] {logging_mixin.py:190} INFO - [2025-03-08T22:37:51.581+0000] {dag.py:4180} INFO - Setting next_dagrun for example_sensors to None, run_after=None
[2025-03-08T22:37:51.600+0000] {processor.py:208} INFO - Processing /home/airflow/.local/lib/python3.12/site-packages/airflow/example_dags/example_sensors.py took 0.065 seconds
[2025-03-08T22:38:22.725+0000] {processor.py:186} INFO - Started process (PID=425) to work on /home/airflow/.local/lib/python3.12/site-packages/airflow/example_dags/example_sensors.py
[2025-03-08T22:38:22.725+0000] {processor.py:914} INFO - Processing file /home/airflow/.local/lib/python3.12/site-packages/airflow/example_dags/example_sensors.py for tasks to queue
[2025-03-08T22:38:22.726+0000] {logging_mixin.py:190} INFO - [2025-03-08T22:38:22.726+0000] {dagbag.py:588} INFO - Filling up the DagBag from /home/airflow/.local/lib/python3.12/site-packages/airflow/example_dags/example_sensors.py
[2025-03-08T22:38:22.734+0000] {processor.py:925} INFO - DAG(s) 'example_sensors' retrieved from /home/airflow/.local/lib/python3.12/site-packages/airflow/example_dags/example_sensors.py
[2025-03-08T22:38:22.752+0000] {logging_mixin.py:190} INFO - [2025-03-08T22:38:22.752+0000] {dag.py:3239} INFO - Sync 1 DAGs
[2025-03-08T22:38:22.763+0000] {logging_mixin.py:190} INFO - [2025-03-08T22:38:22.763+0000] {dag.py:4180} INFO - Setting next_dagrun for example_sensors to None, run_after=None
[2025-03-08T22:38:22.778+0000] {processor.py:208} INFO - Processing /home/airflow/.local/lib/python3.12/site-packages/airflow/example_dags/example_sensors.py took 0.058 seconds
[2025-03-08T22:38:53.843+0000] {processor.py:186} INFO - Started process (PID=488) to work on /home/airflow/.local/lib/python3.12/site-packages/airflow/example_dags/example_sensors.py
[2025-03-08T22:38:53.844+0000] {processor.py:914} INFO - Processing file /home/airflow/.local/lib/python3.12/site-packages/airflow/example_dags/example_sensors.py for tasks to queue
[2025-03-08T22:38:53.846+0000] {logging_mixin.py:190} INFO - [2025-03-08T22:38:53.846+0000] {dagbag.py:588} INFO - Filling up the DagBag from /home/airflow/.local/lib/python3.12/site-packages/airflow/example_dags/example_sensors.py
[2025-03-08T22:38:53.852+0000] {processor.py:925} INFO - DAG(s) 'example_sensors' retrieved from /home/airflow/.local/lib/python3.12/site-packages/airflow/example_dags/example_sensors.py
[2025-03-08T22:38:53.869+0000] {logging_mixin.py:190} INFO - [2025-03-08T22:38:53.869+0000] {dag.py:3239} INFO - Sync 1 DAGs
[2025-03-08T22:38:53.879+0000] {logging_mixin.py:190} INFO - [2025-03-08T22:38:53.878+0000] {dag.py:4180} INFO - Setting next_dagrun for example_sensors to None, run_after=None
[2025-03-08T22:38:53.891+0000] {processor.py:208} INFO - Processing /home/airflow/.local/lib/python3.12/site-packages/airflow/example_dags/example_sensors.py took 0.051 seconds
[2025-03-08T23:37:28.369+0000] {processor.py:186} INFO - Started process (PID=110) to work on /home/airflow/.local/lib/python3.12/site-packages/airflow/example_dags/example_sensors.py
[2025-03-08T23:37:28.370+0000] {processor.py:914} INFO - Processing file /home/airflow/.local/lib/python3.12/site-packages/airflow/example_dags/example_sensors.py for tasks to queue
[2025-03-08T23:37:28.372+0000] {logging_mixin.py:190} INFO - [2025-03-08T23:37:28.372+0000] {dagbag.py:588} INFO - Filling up the DagBag from /home/airflow/.local/lib/python3.12/site-packages/airflow/example_dags/example_sensors.py
[2025-03-08T23:37:28.382+0000] {processor.py:925} INFO - DAG(s) 'example_sensors' retrieved from /home/airflow/.local/lib/python3.12/site-packages/airflow/example_dags/example_sensors.py
[2025-03-08T23:37:28.408+0000] {logging_mixin.py:190} INFO - [2025-03-08T23:37:28.407+0000] {dag.py:3239} INFO - Sync 1 DAGs
[2025-03-08T23:37:28.420+0000] {logging_mixin.py:190} INFO - [2025-03-08T23:37:28.420+0000] {dag.py:4180} INFO - Setting next_dagrun for example_sensors to None, run_after=None
[2025-03-08T23:37:28.436+0000] {processor.py:208} INFO - Processing /home/airflow/.local/lib/python3.12/site-packages/airflow/example_dags/example_sensors.py took 0.071 seconds
[2025-03-08T23:37:58.820+0000] {processor.py:186} INFO - Started process (PID=173) to work on /home/airflow/.local/lib/python3.12/site-packages/airflow/example_dags/example_sensors.py
[2025-03-08T23:37:58.821+0000] {processor.py:914} INFO - Processing file /home/airflow/.local/lib/python3.12/site-packages/airflow/example_dags/example_sensors.py for tasks to queue
[2025-03-08T23:37:58.823+0000] {logging_mixin.py:190} INFO - [2025-03-08T23:37:58.823+0000] {dagbag.py:588} INFO - Filling up the DagBag from /home/airflow/.local/lib/python3.12/site-packages/airflow/example_dags/example_sensors.py
[2025-03-08T23:37:58.833+0000] {processor.py:925} INFO - DAG(s) 'example_sensors' retrieved from /home/airflow/.local/lib/python3.12/site-packages/airflow/example_dags/example_sensors.py
[2025-03-08T23:37:58.854+0000] {logging_mixin.py:190} INFO - [2025-03-08T23:37:58.853+0000] {dag.py:3239} INFO - Sync 1 DAGs
[2025-03-08T23:37:58.865+0000] {logging_mixin.py:190} INFO - [2025-03-08T23:37:58.865+0000] {dag.py:4180} INFO - Setting next_dagrun for example_sensors to None, run_after=None
[2025-03-08T23:37:58.881+0000] {processor.py:208} INFO - Processing /home/airflow/.local/lib/python3.12/site-packages/airflow/example_dags/example_sensors.py took 0.066 seconds
[2025-03-08T23:38:29.687+0000] {processor.py:186} INFO - Started process (PID=236) to work on /home/airflow/.local/lib/python3.12/site-packages/airflow/example_dags/example_sensors.py
[2025-03-08T23:38:29.687+0000] {processor.py:914} INFO - Processing file /home/airflow/.local/lib/python3.12/site-packages/airflow/example_dags/example_sensors.py for tasks to queue
[2025-03-08T23:38:29.689+0000] {logging_mixin.py:190} INFO - [2025-03-08T23:38:29.689+0000] {dagbag.py:588} INFO - Filling up the DagBag from /home/airflow/.local/lib/python3.12/site-packages/airflow/example_dags/example_sensors.py
[2025-03-08T23:38:29.697+0000] {processor.py:925} INFO - DAG(s) 'example_sensors' retrieved from /home/airflow/.local/lib/python3.12/site-packages/airflow/example_dags/example_sensors.py
[2025-03-08T23:38:29.719+0000] {logging_mixin.py:190} INFO - [2025-03-08T23:38:29.719+0000] {dag.py:3239} INFO - Sync 1 DAGs
[2025-03-08T23:38:29.730+0000] {logging_mixin.py:190} INFO - [2025-03-08T23:38:29.730+0000] {dag.py:4180} INFO - Setting next_dagrun for example_sensors to None, run_after=None
[2025-03-08T23:38:29.749+0000] {processor.py:208} INFO - Processing /home/airflow/.local/lib/python3.12/site-packages/airflow/example_dags/example_sensors.py took 0.067 seconds
[2025-03-08T23:39:00.436+0000] {processor.py:186} INFO - Started process (PID=299) to work on /home/airflow/.local/lib/python3.12/site-packages/airflow/example_dags/example_sensors.py
[2025-03-08T23:39:00.437+0000] {processor.py:914} INFO - Processing file /home/airflow/.local/lib/python3.12/site-packages/airflow/example_dags/example_sensors.py for tasks to queue
[2025-03-08T23:39:00.439+0000] {logging_mixin.py:190} INFO - [2025-03-08T23:39:00.439+0000] {dagbag.py:588} INFO - Filling up the DagBag from /home/airflow/.local/lib/python3.12/site-packages/airflow/example_dags/example_sensors.py
[2025-03-08T23:39:00.446+0000] {processor.py:925} INFO - DAG(s) 'example_sensors' retrieved from /home/airflow/.local/lib/python3.12/site-packages/airflow/example_dags/example_sensors.py
[2025-03-08T23:39:00.466+0000] {logging_mixin.py:190} INFO - [2025-03-08T23:39:00.465+0000] {dag.py:3239} INFO - Sync 1 DAGs
[2025-03-08T23:39:00.475+0000] {logging_mixin.py:190} INFO - [2025-03-08T23:39:00.475+0000] {dag.py:4180} INFO - Setting next_dagrun for example_sensors to None, run_after=None
[2025-03-08T23:39:00.491+0000] {processor.py:208} INFO - Processing /home/airflow/.local/lib/python3.12/site-packages/airflow/example_dags/example_sensors.py took 0.058 seconds
[2025-03-08T23:39:31.645+0000] {processor.py:186} INFO - Started process (PID=362) to work on /home/airflow/.local/lib/python3.12/site-packages/airflow/example_dags/example_sensors.py
[2025-03-08T23:39:31.646+0000] {processor.py:914} INFO - Processing file /home/airflow/.local/lib/python3.12/site-packages/airflow/example_dags/example_sensors.py for tasks to queue
[2025-03-08T23:39:31.648+0000] {logging_mixin.py:190} INFO - [2025-03-08T23:39:31.648+0000] {dagbag.py:588} INFO - Filling up the DagBag from /home/airflow/.local/lib/python3.12/site-packages/airflow/example_dags/example_sensors.py
[2025-03-08T23:39:31.656+0000] {processor.py:925} INFO - DAG(s) 'example_sensors' retrieved from /home/airflow/.local/lib/python3.12/site-packages/airflow/example_dags/example_sensors.py
[2025-03-08T23:39:31.679+0000] {logging_mixin.py:190} INFO - [2025-03-08T23:39:31.679+0000] {dag.py:3239} INFO - Sync 1 DAGs
[2025-03-08T23:39:31.690+0000] {logging_mixin.py:190} INFO - [2025-03-08T23:39:31.690+0000] {dag.py:4180} INFO - Setting next_dagrun for example_sensors to None, run_after=None
[2025-03-08T23:39:31.708+0000] {processor.py:208} INFO - Processing /home/airflow/.local/lib/python3.12/site-packages/airflow/example_dags/example_sensors.py took 0.067 seconds
[2025-03-08T23:40:02.960+0000] {processor.py:186} INFO - Started process (PID=425) to work on /home/airflow/.local/lib/python3.12/site-packages/airflow/example_dags/example_sensors.py
[2025-03-08T23:40:02.961+0000] {processor.py:914} INFO - Processing file /home/airflow/.local/lib/python3.12/site-packages/airflow/example_dags/example_sensors.py for tasks to queue
[2025-03-08T23:40:02.962+0000] {logging_mixin.py:190} INFO - [2025-03-08T23:40:02.962+0000] {dagbag.py:588} INFO - Filling up the DagBag from /home/airflow/.local/lib/python3.12/site-packages/airflow/example_dags/example_sensors.py
[2025-03-08T23:40:02.969+0000] {processor.py:925} INFO - DAG(s) 'example_sensors' retrieved from /home/airflow/.local/lib/python3.12/site-packages/airflow/example_dags/example_sensors.py
[2025-03-08T23:40:02.990+0000] {logging_mixin.py:190} INFO - [2025-03-08T23:40:02.990+0000] {dag.py:3239} INFO - Sync 1 DAGs
[2025-03-08T23:40:03.002+0000] {logging_mixin.py:190} INFO - [2025-03-08T23:40:03.002+0000] {dag.py:4180} INFO - Setting next_dagrun for example_sensors to None, run_after=None
[2025-03-08T23:40:03.016+0000] {processor.py:208} INFO - Processing /home/airflow/.local/lib/python3.12/site-packages/airflow/example_dags/example_sensors.py took 0.060 seconds
[2025-03-08T23:40:34.821+0000] {processor.py:186} INFO - Started process (PID=487) to work on /home/airflow/.local/lib/python3.12/site-packages/airflow/example_dags/example_sensors.py
[2025-03-08T23:40:34.822+0000] {processor.py:914} INFO - Processing file /home/airflow/.local/lib/python3.12/site-packages/airflow/example_dags/example_sensors.py for tasks to queue
[2025-03-08T23:40:34.825+0000] {logging_mixin.py:190} INFO - [2025-03-08T23:40:34.824+0000] {dagbag.py:588} INFO - Filling up the DagBag from /home/airflow/.local/lib/python3.12/site-packages/airflow/example_dags/example_sensors.py
[2025-03-08T23:40:34.833+0000] {processor.py:925} INFO - DAG(s) 'example_sensors' retrieved from /home/airflow/.local/lib/python3.12/site-packages/airflow/example_dags/example_sensors.py
[2025-03-08T23:40:34.853+0000] {logging_mixin.py:190} INFO - [2025-03-08T23:40:34.853+0000] {dag.py:3239} INFO - Sync 1 DAGs
[2025-03-08T23:40:34.864+0000] {logging_mixin.py:190} INFO - [2025-03-08T23:40:34.864+0000] {dag.py:4180} INFO - Setting next_dagrun for example_sensors to None, run_after=None
[2025-03-08T23:40:34.880+0000] {processor.py:208} INFO - Processing /home/airflow/.local/lib/python3.12/site-packages/airflow/example_dags/example_sensors.py took 0.064 seconds
[2025-03-08T23:41:05.848+0000] {processor.py:186} INFO - Started process (PID=551) to work on /home/airflow/.local/lib/python3.12/site-packages/airflow/example_dags/example_sensors.py
[2025-03-08T23:41:05.849+0000] {processor.py:914} INFO - Processing file /home/airflow/.local/lib/python3.12/site-packages/airflow/example_dags/example_sensors.py for tasks to queue
[2025-03-08T23:41:05.851+0000] {logging_mixin.py:190} INFO - [2025-03-08T23:41:05.851+0000] {dagbag.py:588} INFO - Filling up the DagBag from /home/airflow/.local/lib/python3.12/site-packages/airflow/example_dags/example_sensors.py
[2025-03-08T23:41:05.859+0000] {processor.py:925} INFO - DAG(s) 'example_sensors' retrieved from /home/airflow/.local/lib/python3.12/site-packages/airflow/example_dags/example_sensors.py
[2025-03-08T23:41:05.880+0000] {logging_mixin.py:190} INFO - [2025-03-08T23:41:05.880+0000] {dag.py:3239} INFO - Sync 1 DAGs
[2025-03-08T23:41:05.892+0000] {logging_mixin.py:190} INFO - [2025-03-08T23:41:05.892+0000] {dag.py:4180} INFO - Setting next_dagrun for example_sensors to None, run_after=None
[2025-03-08T23:41:05.909+0000] {processor.py:208} INFO - Processing /home/airflow/.local/lib/python3.12/site-packages/airflow/example_dags/example_sensors.py took 0.065 seconds
[2025-03-08T23:41:36.127+0000] {processor.py:186} INFO - Started process (PID=613) to work on /home/airflow/.local/lib/python3.12/site-packages/airflow/example_dags/example_sensors.py
[2025-03-08T23:41:36.128+0000] {processor.py:914} INFO - Processing file /home/airflow/.local/lib/python3.12/site-packages/airflow/example_dags/example_sensors.py for tasks to queue
[2025-03-08T23:41:36.129+0000] {logging_mixin.py:190} INFO - [2025-03-08T23:41:36.129+0000] {dagbag.py:588} INFO - Filling up the DagBag from /home/airflow/.local/lib/python3.12/site-packages/airflow/example_dags/example_sensors.py
[2025-03-08T23:41:36.138+0000] {processor.py:925} INFO - DAG(s) 'example_sensors' retrieved from /home/airflow/.local/lib/python3.12/site-packages/airflow/example_dags/example_sensors.py
[2025-03-08T23:41:36.158+0000] {logging_mixin.py:190} INFO - [2025-03-08T23:41:36.157+0000] {dag.py:3239} INFO - Sync 1 DAGs
[2025-03-08T23:41:36.168+0000] {logging_mixin.py:190} INFO - [2025-03-08T23:41:36.167+0000] {dag.py:4180} INFO - Setting next_dagrun for example_sensors to None, run_after=None
[2025-03-08T23:41:36.183+0000] {processor.py:208} INFO - Processing /home/airflow/.local/lib/python3.12/site-packages/airflow/example_dags/example_sensors.py took 0.060 seconds
[2025-03-08T23:42:07.827+0000] {processor.py:186} INFO - Started process (PID=676) to work on /home/airflow/.local/lib/python3.12/site-packages/airflow/example_dags/example_sensors.py
[2025-03-08T23:42:07.827+0000] {processor.py:914} INFO - Processing file /home/airflow/.local/lib/python3.12/site-packages/airflow/example_dags/example_sensors.py for tasks to queue
[2025-03-08T23:42:07.829+0000] {logging_mixin.py:190} INFO - [2025-03-08T23:42:07.829+0000] {dagbag.py:588} INFO - Filling up the DagBag from /home/airflow/.local/lib/python3.12/site-packages/airflow/example_dags/example_sensors.py
[2025-03-08T23:42:07.837+0000] {processor.py:925} INFO - DAG(s) 'example_sensors' retrieved from /home/airflow/.local/lib/python3.12/site-packages/airflow/example_dags/example_sensors.py
[2025-03-08T23:42:07.857+0000] {logging_mixin.py:190} INFO - [2025-03-08T23:42:07.856+0000] {dag.py:3239} INFO - Sync 1 DAGs
[2025-03-08T23:42:07.867+0000] {logging_mixin.py:190} INFO - [2025-03-08T23:42:07.867+0000] {dag.py:4180} INFO - Setting next_dagrun for example_sensors to None, run_after=None
[2025-03-08T23:42:07.883+0000] {processor.py:208} INFO - Processing /home/airflow/.local/lib/python3.12/site-packages/airflow/example_dags/example_sensors.py took 0.061 seconds
[2025-03-08T23:42:39.702+0000] {processor.py:186} INFO - Started process (PID=739) to work on /home/airflow/.local/lib/python3.12/site-packages/airflow/example_dags/example_sensors.py
[2025-03-08T23:42:39.703+0000] {processor.py:914} INFO - Processing file /home/airflow/.local/lib/python3.12/site-packages/airflow/example_dags/example_sensors.py for tasks to queue
[2025-03-08T23:42:39.705+0000] {logging_mixin.py:190} INFO - [2025-03-08T23:42:39.705+0000] {dagbag.py:588} INFO - Filling up the DagBag from /home/airflow/.local/lib/python3.12/site-packages/airflow/example_dags/example_sensors.py
[2025-03-08T23:42:39.715+0000] {processor.py:925} INFO - DAG(s) 'example_sensors' retrieved from /home/airflow/.local/lib/python3.12/site-packages/airflow/example_dags/example_sensors.py
[2025-03-08T23:42:39.735+0000] {logging_mixin.py:190} INFO - [2025-03-08T23:42:39.735+0000] {dag.py:3239} INFO - Sync 1 DAGs
[2025-03-08T23:42:39.746+0000] {logging_mixin.py:190} INFO - [2025-03-08T23:42:39.746+0000] {dag.py:4180} INFO - Setting next_dagrun for example_sensors to None, run_after=None
[2025-03-08T23:42:39.761+0000] {processor.py:208} INFO - Processing /home/airflow/.local/lib/python3.12/site-packages/airflow/example_dags/example_sensors.py took 0.063 seconds
[2025-03-08T23:43:10.761+0000] {processor.py:186} INFO - Started process (PID=803) to work on /home/airflow/.local/lib/python3.12/site-packages/airflow/example_dags/example_sensors.py
[2025-03-08T23:43:10.762+0000] {processor.py:914} INFO - Processing file /home/airflow/.local/lib/python3.12/site-packages/airflow/example_dags/example_sensors.py for tasks to queue
[2025-03-08T23:43:10.764+0000] {logging_mixin.py:190} INFO - [2025-03-08T23:43:10.764+0000] {dagbag.py:588} INFO - Filling up the DagBag from /home/airflow/.local/lib/python3.12/site-packages/airflow/example_dags/example_sensors.py
[2025-03-08T23:43:10.771+0000] {processor.py:925} INFO - DAG(s) 'example_sensors' retrieved from /home/airflow/.local/lib/python3.12/site-packages/airflow/example_dags/example_sensors.py
[2025-03-08T23:43:10.791+0000] {logging_mixin.py:190} INFO - [2025-03-08T23:43:10.791+0000] {dag.py:3239} INFO - Sync 1 DAGs
[2025-03-08T23:43:10.803+0000] {logging_mixin.py:190} INFO - [2025-03-08T23:43:10.803+0000] {dag.py:4180} INFO - Setting next_dagrun for example_sensors to None, run_after=None
[2025-03-08T23:43:10.819+0000] {processor.py:208} INFO - Processing /home/airflow/.local/lib/python3.12/site-packages/airflow/example_dags/example_sensors.py took 0.062 seconds
[2025-03-08T23:43:41.237+0000] {processor.py:186} INFO - Started process (PID=866) to work on /home/airflow/.local/lib/python3.12/site-packages/airflow/example_dags/example_sensors.py
[2025-03-08T23:43:41.238+0000] {processor.py:914} INFO - Processing file /home/airflow/.local/lib/python3.12/site-packages/airflow/example_dags/example_sensors.py for tasks to queue
[2025-03-08T23:43:41.239+0000] {logging_mixin.py:190} INFO - [2025-03-08T23:43:41.239+0000] {dagbag.py:588} INFO - Filling up the DagBag from /home/airflow/.local/lib/python3.12/site-packages/airflow/example_dags/example_sensors.py
[2025-03-08T23:43:41.246+0000] {processor.py:925} INFO - DAG(s) 'example_sensors' retrieved from /home/airflow/.local/lib/python3.12/site-packages/airflow/example_dags/example_sensors.py
[2025-03-08T23:43:41.265+0000] {logging_mixin.py:190} INFO - [2025-03-08T23:43:41.264+0000] {dag.py:3239} INFO - Sync 1 DAGs
[2025-03-08T23:43:41.275+0000] {logging_mixin.py:190} INFO - [2025-03-08T23:43:41.274+0000] {dag.py:4180} INFO - Setting next_dagrun for example_sensors to None, run_after=None
[2025-03-08T23:43:41.288+0000] {processor.py:208} INFO - Processing /home/airflow/.local/lib/python3.12/site-packages/airflow/example_dags/example_sensors.py took 0.054 seconds
[2025-03-08T23:44:11.673+0000] {processor.py:186} INFO - Started process (PID=929) to work on /home/airflow/.local/lib/python3.12/site-packages/airflow/example_dags/example_sensors.py
[2025-03-08T23:44:11.674+0000] {processor.py:914} INFO - Processing file /home/airflow/.local/lib/python3.12/site-packages/airflow/example_dags/example_sensors.py for tasks to queue
[2025-03-08T23:44:11.676+0000] {logging_mixin.py:190} INFO - [2025-03-08T23:44:11.676+0000] {dagbag.py:588} INFO - Filling up the DagBag from /home/airflow/.local/lib/python3.12/site-packages/airflow/example_dags/example_sensors.py
[2025-03-08T23:44:11.685+0000] {processor.py:925} INFO - DAG(s) 'example_sensors' retrieved from /home/airflow/.local/lib/python3.12/site-packages/airflow/example_dags/example_sensors.py
[2025-03-08T23:44:11.706+0000] {logging_mixin.py:190} INFO - [2025-03-08T23:44:11.705+0000] {dag.py:3239} INFO - Sync 1 DAGs
[2025-03-08T23:44:11.717+0000] {logging_mixin.py:190} INFO - [2025-03-08T23:44:11.716+0000] {dag.py:4180} INFO - Setting next_dagrun for example_sensors to None, run_after=None
[2025-03-08T23:44:11.734+0000] {processor.py:208} INFO - Processing /home/airflow/.local/lib/python3.12/site-packages/airflow/example_dags/example_sensors.py took 0.066 seconds
[2025-03-08T23:44:42.791+0000] {processor.py:186} INFO - Started process (PID=992) to work on /home/airflow/.local/lib/python3.12/site-packages/airflow/example_dags/example_sensors.py
[2025-03-08T23:44:42.792+0000] {processor.py:914} INFO - Processing file /home/airflow/.local/lib/python3.12/site-packages/airflow/example_dags/example_sensors.py for tasks to queue
[2025-03-08T23:44:42.794+0000] {logging_mixin.py:190} INFO - [2025-03-08T23:44:42.794+0000] {dagbag.py:588} INFO - Filling up the DagBag from /home/airflow/.local/lib/python3.12/site-packages/airflow/example_dags/example_sensors.py
[2025-03-08T23:44:42.802+0000] {processor.py:925} INFO - DAG(s) 'example_sensors' retrieved from /home/airflow/.local/lib/python3.12/site-packages/airflow/example_dags/example_sensors.py
[2025-03-08T23:44:42.821+0000] {logging_mixin.py:190} INFO - [2025-03-08T23:44:42.821+0000] {dag.py:3239} INFO - Sync 1 DAGs
[2025-03-08T23:44:42.832+0000] {logging_mixin.py:190} INFO - [2025-03-08T23:44:42.831+0000] {dag.py:4180} INFO - Setting next_dagrun for example_sensors to None, run_after=None
[2025-03-08T23:44:42.850+0000] {processor.py:208} INFO - Processing /home/airflow/.local/lib/python3.12/site-packages/airflow/example_dags/example_sensors.py took 0.063 seconds
[2025-03-08T23:45:13.726+0000] {processor.py:186} INFO - Started process (PID=1055) to work on /home/airflow/.local/lib/python3.12/site-packages/airflow/example_dags/example_sensors.py
[2025-03-08T23:45:13.726+0000] {processor.py:914} INFO - Processing file /home/airflow/.local/lib/python3.12/site-packages/airflow/example_dags/example_sensors.py for tasks to queue
[2025-03-08T23:45:13.728+0000] {logging_mixin.py:190} INFO - [2025-03-08T23:45:13.728+0000] {dagbag.py:588} INFO - Filling up the DagBag from /home/airflow/.local/lib/python3.12/site-packages/airflow/example_dags/example_sensors.py
[2025-03-08T23:45:13.736+0000] {processor.py:925} INFO - DAG(s) 'example_sensors' retrieved from /home/airflow/.local/lib/python3.12/site-packages/airflow/example_dags/example_sensors.py
[2025-03-08T23:45:13.758+0000] {logging_mixin.py:190} INFO - [2025-03-08T23:45:13.757+0000] {dag.py:3239} INFO - Sync 1 DAGs
[2025-03-08T23:45:13.771+0000] {logging_mixin.py:190} INFO - [2025-03-08T23:45:13.771+0000] {dag.py:4180} INFO - Setting next_dagrun for example_sensors to None, run_after=None
[2025-03-08T23:45:13.787+0000] {processor.py:208} INFO - Processing /home/airflow/.local/lib/python3.12/site-packages/airflow/example_dags/example_sensors.py took 0.065 seconds
[2025-03-08T23:45:44.755+0000] {processor.py:186} INFO - Started process (PID=1118) to work on /home/airflow/.local/lib/python3.12/site-packages/airflow/example_dags/example_sensors.py
[2025-03-08T23:45:44.755+0000] {processor.py:914} INFO - Processing file /home/airflow/.local/lib/python3.12/site-packages/airflow/example_dags/example_sensors.py for tasks to queue
[2025-03-08T23:45:44.757+0000] {logging_mixin.py:190} INFO - [2025-03-08T23:45:44.757+0000] {dagbag.py:588} INFO - Filling up the DagBag from /home/airflow/.local/lib/python3.12/site-packages/airflow/example_dags/example_sensors.py
[2025-03-08T23:45:44.765+0000] {processor.py:925} INFO - DAG(s) 'example_sensors' retrieved from /home/airflow/.local/lib/python3.12/site-packages/airflow/example_dags/example_sensors.py
[2025-03-08T23:45:44.786+0000] {logging_mixin.py:190} INFO - [2025-03-08T23:45:44.786+0000] {dag.py:3239} INFO - Sync 1 DAGs
[2025-03-08T23:45:44.797+0000] {logging_mixin.py:190} INFO - [2025-03-08T23:45:44.797+0000] {dag.py:4180} INFO - Setting next_dagrun for example_sensors to None, run_after=None
[2025-03-08T23:45:44.814+0000] {processor.py:208} INFO - Processing /home/airflow/.local/lib/python3.12/site-packages/airflow/example_dags/example_sensors.py took 0.063 seconds
[2025-03-08T23:46:15.767+0000] {processor.py:186} INFO - Started process (PID=1181) to work on /home/airflow/.local/lib/python3.12/site-packages/airflow/example_dags/example_sensors.py
[2025-03-08T23:46:15.768+0000] {processor.py:914} INFO - Processing file /home/airflow/.local/lib/python3.12/site-packages/airflow/example_dags/example_sensors.py for tasks to queue
[2025-03-08T23:46:15.769+0000] {logging_mixin.py:190} INFO - [2025-03-08T23:46:15.769+0000] {dagbag.py:588} INFO - Filling up the DagBag from /home/airflow/.local/lib/python3.12/site-packages/airflow/example_dags/example_sensors.py
[2025-03-08T23:46:15.777+0000] {processor.py:925} INFO - DAG(s) 'example_sensors' retrieved from /home/airflow/.local/lib/python3.12/site-packages/airflow/example_dags/example_sensors.py
[2025-03-08T23:46:15.795+0000] {logging_mixin.py:190} INFO - [2025-03-08T23:46:15.795+0000] {dag.py:3239} INFO - Sync 1 DAGs
[2025-03-08T23:46:15.806+0000] {logging_mixin.py:190} INFO - [2025-03-08T23:46:15.806+0000] {dag.py:4180} INFO - Setting next_dagrun for example_sensors to None, run_after=None
[2025-03-08T23:46:15.824+0000] {processor.py:208} INFO - Processing /home/airflow/.local/lib/python3.12/site-packages/airflow/example_dags/example_sensors.py took 0.061 seconds
[2025-03-08T23:46:46.774+0000] {processor.py:186} INFO - Started process (PID=1244) to work on /home/airflow/.local/lib/python3.12/site-packages/airflow/example_dags/example_sensors.py
[2025-03-08T23:46:46.775+0000] {processor.py:914} INFO - Processing file /home/airflow/.local/lib/python3.12/site-packages/airflow/example_dags/example_sensors.py for tasks to queue
[2025-03-08T23:46:46.777+0000] {logging_mixin.py:190} INFO - [2025-03-08T23:46:46.777+0000] {dagbag.py:588} INFO - Filling up the DagBag from /home/airflow/.local/lib/python3.12/site-packages/airflow/example_dags/example_sensors.py
[2025-03-08T23:46:46.786+0000] {processor.py:925} INFO - DAG(s) 'example_sensors' retrieved from /home/airflow/.local/lib/python3.12/site-packages/airflow/example_dags/example_sensors.py
[2025-03-08T23:46:46.808+0000] {logging_mixin.py:190} INFO - [2025-03-08T23:46:46.808+0000] {dag.py:3239} INFO - Sync 1 DAGs
[2025-03-08T23:46:46.818+0000] {logging_mixin.py:190} INFO - [2025-03-08T23:46:46.818+0000] {dag.py:4180} INFO - Setting next_dagrun for example_sensors to None, run_after=None
[2025-03-08T23:46:46.834+0000] {processor.py:208} INFO - Processing /home/airflow/.local/lib/python3.12/site-packages/airflow/example_dags/example_sensors.py took 0.066 seconds
[2025-03-08T23:47:17.519+0000] {processor.py:186} INFO - Started process (PID=1307) to work on /home/airflow/.local/lib/python3.12/site-packages/airflow/example_dags/example_sensors.py
[2025-03-08T23:47:17.519+0000] {processor.py:914} INFO - Processing file /home/airflow/.local/lib/python3.12/site-packages/airflow/example_dags/example_sensors.py for tasks to queue
[2025-03-08T23:47:17.521+0000] {logging_mixin.py:190} INFO - [2025-03-08T23:47:17.521+0000] {dagbag.py:588} INFO - Filling up the DagBag from /home/airflow/.local/lib/python3.12/site-packages/airflow/example_dags/example_sensors.py
[2025-03-08T23:47:17.528+0000] {processor.py:925} INFO - DAG(s) 'example_sensors' retrieved from /home/airflow/.local/lib/python3.12/site-packages/airflow/example_dags/example_sensors.py
[2025-03-08T23:47:17.548+0000] {logging_mixin.py:190} INFO - [2025-03-08T23:47:17.548+0000] {dag.py:3239} INFO - Sync 1 DAGs
[2025-03-08T23:47:17.557+0000] {logging_mixin.py:190} INFO - [2025-03-08T23:47:17.557+0000] {dag.py:4180} INFO - Setting next_dagrun for example_sensors to None, run_after=None
[2025-03-08T23:47:17.571+0000] {processor.py:208} INFO - Processing /home/airflow/.local/lib/python3.12/site-packages/airflow/example_dags/example_sensors.py took 0.056 seconds
[2025-03-08T23:47:48.407+0000] {processor.py:186} INFO - Started process (PID=1370) to work on /home/airflow/.local/lib/python3.12/site-packages/airflow/example_dags/example_sensors.py
[2025-03-08T23:47:48.408+0000] {processor.py:914} INFO - Processing file /home/airflow/.local/lib/python3.12/site-packages/airflow/example_dags/example_sensors.py for tasks to queue
[2025-03-08T23:47:48.410+0000] {logging_mixin.py:190} INFO - [2025-03-08T23:47:48.409+0000] {dagbag.py:588} INFO - Filling up the DagBag from /home/airflow/.local/lib/python3.12/site-packages/airflow/example_dags/example_sensors.py
[2025-03-08T23:47:48.416+0000] {processor.py:925} INFO - DAG(s) 'example_sensors' retrieved from /home/airflow/.local/lib/python3.12/site-packages/airflow/example_dags/example_sensors.py
[2025-03-08T23:47:48.434+0000] {logging_mixin.py:190} INFO - [2025-03-08T23:47:48.433+0000] {dag.py:3239} INFO - Sync 1 DAGs
[2025-03-08T23:47:48.443+0000] {logging_mixin.py:190} INFO - [2025-03-08T23:47:48.443+0000] {dag.py:4180} INFO - Setting next_dagrun for example_sensors to None, run_after=None
[2025-03-08T23:47:48.461+0000] {processor.py:208} INFO - Processing /home/airflow/.local/lib/python3.12/site-packages/airflow/example_dags/example_sensors.py took 0.057 seconds
[2025-03-08T23:48:19.131+0000] {processor.py:186} INFO - Started process (PID=1433) to work on /home/airflow/.local/lib/python3.12/site-packages/airflow/example_dags/example_sensors.py
[2025-03-08T23:48:19.132+0000] {processor.py:914} INFO - Processing file /home/airflow/.local/lib/python3.12/site-packages/airflow/example_dags/example_sensors.py for tasks to queue
[2025-03-08T23:48:19.134+0000] {logging_mixin.py:190} INFO - [2025-03-08T23:48:19.134+0000] {dagbag.py:588} INFO - Filling up the DagBag from /home/airflow/.local/lib/python3.12/site-packages/airflow/example_dags/example_sensors.py
[2025-03-08T23:48:19.141+0000] {processor.py:925} INFO - DAG(s) 'example_sensors' retrieved from /home/airflow/.local/lib/python3.12/site-packages/airflow/example_dags/example_sensors.py
[2025-03-08T23:48:19.160+0000] {logging_mixin.py:190} INFO - [2025-03-08T23:48:19.160+0000] {dag.py:3239} INFO - Sync 1 DAGs
[2025-03-08T23:48:19.170+0000] {logging_mixin.py:190} INFO - [2025-03-08T23:48:19.170+0000] {dag.py:4180} INFO - Setting next_dagrun for example_sensors to None, run_after=None
[2025-03-08T23:48:19.183+0000] {processor.py:208} INFO - Processing /home/airflow/.local/lib/python3.12/site-packages/airflow/example_dags/example_sensors.py took 0.056 seconds
[2025-03-08T23:48:50.054+0000] {processor.py:186} INFO - Started process (PID=1496) to work on /home/airflow/.local/lib/python3.12/site-packages/airflow/example_dags/example_sensors.py
[2025-03-08T23:48:50.055+0000] {processor.py:914} INFO - Processing file /home/airflow/.local/lib/python3.12/site-packages/airflow/example_dags/example_sensors.py for tasks to queue
[2025-03-08T23:48:50.057+0000] {logging_mixin.py:190} INFO - [2025-03-08T23:48:50.057+0000] {dagbag.py:588} INFO - Filling up the DagBag from /home/airflow/.local/lib/python3.12/site-packages/airflow/example_dags/example_sensors.py
[2025-03-08T23:48:50.066+0000] {processor.py:925} INFO - DAG(s) 'example_sensors' retrieved from /home/airflow/.local/lib/python3.12/site-packages/airflow/example_dags/example_sensors.py
[2025-03-08T23:48:50.090+0000] {logging_mixin.py:190} INFO - [2025-03-08T23:48:50.090+0000] {dag.py:3239} INFO - Sync 1 DAGs
[2025-03-08T23:48:50.104+0000] {logging_mixin.py:190} INFO - [2025-03-08T23:48:50.103+0000] {dag.py:4180} INFO - Setting next_dagrun for example_sensors to None, run_after=None
[2025-03-08T23:48:50.120+0000] {processor.py:208} INFO - Processing /home/airflow/.local/lib/python3.12/site-packages/airflow/example_dags/example_sensors.py took 0.072 seconds
[2025-03-08T23:49:21.359+0000] {processor.py:186} INFO - Started process (PID=1559) to work on /home/airflow/.local/lib/python3.12/site-packages/airflow/example_dags/example_sensors.py
[2025-03-08T23:49:21.360+0000] {processor.py:914} INFO - Processing file /home/airflow/.local/lib/python3.12/site-packages/airflow/example_dags/example_sensors.py for tasks to queue
[2025-03-08T23:49:21.362+0000] {logging_mixin.py:190} INFO - [2025-03-08T23:49:21.362+0000] {dagbag.py:588} INFO - Filling up the DagBag from /home/airflow/.local/lib/python3.12/site-packages/airflow/example_dags/example_sensors.py
[2025-03-08T23:49:21.369+0000] {processor.py:925} INFO - DAG(s) 'example_sensors' retrieved from /home/airflow/.local/lib/python3.12/site-packages/airflow/example_dags/example_sensors.py
[2025-03-08T23:49:21.389+0000] {logging_mixin.py:190} INFO - [2025-03-08T23:49:21.389+0000] {dag.py:3239} INFO - Sync 1 DAGs
[2025-03-08T23:49:21.400+0000] {logging_mixin.py:190} INFO - [2025-03-08T23:49:21.400+0000] {dag.py:4180} INFO - Setting next_dagrun for example_sensors to None, run_after=None
[2025-03-08T23:49:21.413+0000] {processor.py:208} INFO - Processing /home/airflow/.local/lib/python3.12/site-packages/airflow/example_dags/example_sensors.py took 0.058 seconds
[2025-03-08T23:49:52.495+0000] {processor.py:186} INFO - Started process (PID=1622) to work on /home/airflow/.local/lib/python3.12/site-packages/airflow/example_dags/example_sensors.py
[2025-03-08T23:49:52.496+0000] {processor.py:914} INFO - Processing file /home/airflow/.local/lib/python3.12/site-packages/airflow/example_dags/example_sensors.py for tasks to queue
[2025-03-08T23:49:52.498+0000] {logging_mixin.py:190} INFO - [2025-03-08T23:49:52.498+0000] {dagbag.py:588} INFO - Filling up the DagBag from /home/airflow/.local/lib/python3.12/site-packages/airflow/example_dags/example_sensors.py
[2025-03-08T23:49:52.507+0000] {processor.py:925} INFO - DAG(s) 'example_sensors' retrieved from /home/airflow/.local/lib/python3.12/site-packages/airflow/example_dags/example_sensors.py
[2025-03-08T23:49:52.527+0000] {logging_mixin.py:190} INFO - [2025-03-08T23:49:52.526+0000] {dag.py:3239} INFO - Sync 1 DAGs
[2025-03-08T23:49:52.537+0000] {logging_mixin.py:190} INFO - [2025-03-08T23:49:52.537+0000] {dag.py:4180} INFO - Setting next_dagrun for example_sensors to None, run_after=None
[2025-03-08T23:49:52.551+0000] {processor.py:208} INFO - Processing /home/airflow/.local/lib/python3.12/site-packages/airflow/example_dags/example_sensors.py took 0.060 seconds
[2025-03-08T23:50:24.047+0000] {processor.py:186} INFO - Started process (PID=1685) to work on /home/airflow/.local/lib/python3.12/site-packages/airflow/example_dags/example_sensors.py
[2025-03-08T23:50:24.047+0000] {processor.py:914} INFO - Processing file /home/airflow/.local/lib/python3.12/site-packages/airflow/example_dags/example_sensors.py for tasks to queue
[2025-03-08T23:50:24.050+0000] {logging_mixin.py:190} INFO - [2025-03-08T23:50:24.049+0000] {dagbag.py:588} INFO - Filling up the DagBag from /home/airflow/.local/lib/python3.12/site-packages/airflow/example_dags/example_sensors.py
[2025-03-08T23:50:24.057+0000] {processor.py:925} INFO - DAG(s) 'example_sensors' retrieved from /home/airflow/.local/lib/python3.12/site-packages/airflow/example_dags/example_sensors.py
[2025-03-08T23:50:24.078+0000] {logging_mixin.py:190} INFO - [2025-03-08T23:50:24.078+0000] {dag.py:3239} INFO - Sync 1 DAGs
[2025-03-08T23:50:24.088+0000] {logging_mixin.py:190} INFO - [2025-03-08T23:50:24.088+0000] {dag.py:4180} INFO - Setting next_dagrun for example_sensors to None, run_after=None
[2025-03-08T23:50:24.103+0000] {processor.py:208} INFO - Processing /home/airflow/.local/lib/python3.12/site-packages/airflow/example_dags/example_sensors.py took 0.061 seconds
[2025-03-08T23:50:54.856+0000] {processor.py:186} INFO - Started process (PID=1748) to work on /home/airflow/.local/lib/python3.12/site-packages/airflow/example_dags/example_sensors.py
[2025-03-08T23:50:54.857+0000] {processor.py:914} INFO - Processing file /home/airflow/.local/lib/python3.12/site-packages/airflow/example_dags/example_sensors.py for tasks to queue
[2025-03-08T23:50:54.859+0000] {logging_mixin.py:190} INFO - [2025-03-08T23:50:54.859+0000] {dagbag.py:588} INFO - Filling up the DagBag from /home/airflow/.local/lib/python3.12/site-packages/airflow/example_dags/example_sensors.py
[2025-03-08T23:50:54.866+0000] {processor.py:925} INFO - DAG(s) 'example_sensors' retrieved from /home/airflow/.local/lib/python3.12/site-packages/airflow/example_dags/example_sensors.py
[2025-03-08T23:50:54.884+0000] {logging_mixin.py:190} INFO - [2025-03-08T23:50:54.884+0000] {dag.py:3239} INFO - Sync 1 DAGs
[2025-03-08T23:50:54.894+0000] {logging_mixin.py:190} INFO - [2025-03-08T23:50:54.894+0000] {dag.py:4180} INFO - Setting next_dagrun for example_sensors to None, run_after=None
[2025-03-08T23:50:54.908+0000] {processor.py:208} INFO - Processing /home/airflow/.local/lib/python3.12/site-packages/airflow/example_dags/example_sensors.py took 0.055 seconds
[2025-03-08T23:51:25.962+0000] {processor.py:186} INFO - Started process (PID=1811) to work on /home/airflow/.local/lib/python3.12/site-packages/airflow/example_dags/example_sensors.py
[2025-03-08T23:51:25.962+0000] {processor.py:914} INFO - Processing file /home/airflow/.local/lib/python3.12/site-packages/airflow/example_dags/example_sensors.py for tasks to queue
[2025-03-08T23:51:25.964+0000] {logging_mixin.py:190} INFO - [2025-03-08T23:51:25.964+0000] {dagbag.py:588} INFO - Filling up the DagBag from /home/airflow/.local/lib/python3.12/site-packages/airflow/example_dags/example_sensors.py
[2025-03-08T23:51:25.972+0000] {processor.py:925} INFO - DAG(s) 'example_sensors' retrieved from /home/airflow/.local/lib/python3.12/site-packages/airflow/example_dags/example_sensors.py
[2025-03-08T23:51:25.991+0000] {logging_mixin.py:190} INFO - [2025-03-08T23:51:25.991+0000] {dag.py:3239} INFO - Sync 1 DAGs
[2025-03-08T23:51:26.001+0000] {logging_mixin.py:190} INFO - [2025-03-08T23:51:26.001+0000] {dag.py:4180} INFO - Setting next_dagrun for example_sensors to None, run_after=None
[2025-03-08T23:51:26.015+0000] {processor.py:208} INFO - Processing /home/airflow/.local/lib/python3.12/site-packages/airflow/example_dags/example_sensors.py took 0.058 seconds
[2025-03-08T23:51:56.776+0000] {processor.py:186} INFO - Started process (PID=1874) to work on /home/airflow/.local/lib/python3.12/site-packages/airflow/example_dags/example_sensors.py
[2025-03-08T23:51:56.777+0000] {processor.py:914} INFO - Processing file /home/airflow/.local/lib/python3.12/site-packages/airflow/example_dags/example_sensors.py for tasks to queue
[2025-03-08T23:51:56.779+0000] {logging_mixin.py:190} INFO - [2025-03-08T23:51:56.779+0000] {dagbag.py:588} INFO - Filling up the DagBag from /home/airflow/.local/lib/python3.12/site-packages/airflow/example_dags/example_sensors.py
[2025-03-08T23:51:56.787+0000] {processor.py:925} INFO - DAG(s) 'example_sensors' retrieved from /home/airflow/.local/lib/python3.12/site-packages/airflow/example_dags/example_sensors.py
[2025-03-08T23:51:56.806+0000] {logging_mixin.py:190} INFO - [2025-03-08T23:51:56.806+0000] {dag.py:3239} INFO - Sync 1 DAGs
[2025-03-08T23:51:56.816+0000] {logging_mixin.py:190} INFO - [2025-03-08T23:51:56.816+0000] {dag.py:4180} INFO - Setting next_dagrun for example_sensors to None, run_after=None
[2025-03-08T23:51:56.830+0000] {processor.py:208} INFO - Processing /home/airflow/.local/lib/python3.12/site-packages/airflow/example_dags/example_sensors.py took 0.058 seconds
[2025-03-08T23:52:28.230+0000] {processor.py:186} INFO - Started process (PID=1938) to work on /home/airflow/.local/lib/python3.12/site-packages/airflow/example_dags/example_sensors.py
[2025-03-08T23:52:28.231+0000] {processor.py:914} INFO - Processing file /home/airflow/.local/lib/python3.12/site-packages/airflow/example_dags/example_sensors.py for tasks to queue
[2025-03-08T23:52:28.233+0000] {logging_mixin.py:190} INFO - [2025-03-08T23:52:28.233+0000] {dagbag.py:588} INFO - Filling up the DagBag from /home/airflow/.local/lib/python3.12/site-packages/airflow/example_dags/example_sensors.py
[2025-03-08T23:52:28.241+0000] {processor.py:925} INFO - DAG(s) 'example_sensors' retrieved from /home/airflow/.local/lib/python3.12/site-packages/airflow/example_dags/example_sensors.py
[2025-03-08T23:52:28.262+0000] {logging_mixin.py:190} INFO - [2025-03-08T23:52:28.262+0000] {dag.py:3239} INFO - Sync 1 DAGs
[2025-03-08T23:52:28.273+0000] {logging_mixin.py:190} INFO - [2025-03-08T23:52:28.272+0000] {dag.py:4180} INFO - Setting next_dagrun for example_sensors to None, run_after=None
[2025-03-08T23:52:28.288+0000] {processor.py:208} INFO - Processing /home/airflow/.local/lib/python3.12/site-packages/airflow/example_dags/example_sensors.py took 0.062 seconds
[2025-03-08T23:52:59.036+0000] {processor.py:186} INFO - Started process (PID=2001) to work on /home/airflow/.local/lib/python3.12/site-packages/airflow/example_dags/example_sensors.py
[2025-03-08T23:52:59.037+0000] {processor.py:914} INFO - Processing file /home/airflow/.local/lib/python3.12/site-packages/airflow/example_dags/example_sensors.py for tasks to queue
[2025-03-08T23:52:59.039+0000] {logging_mixin.py:190} INFO - [2025-03-08T23:52:59.039+0000] {dagbag.py:588} INFO - Filling up the DagBag from /home/airflow/.local/lib/python3.12/site-packages/airflow/example_dags/example_sensors.py
[2025-03-08T23:52:59.048+0000] {processor.py:925} INFO - DAG(s) 'example_sensors' retrieved from /home/airflow/.local/lib/python3.12/site-packages/airflow/example_dags/example_sensors.py
[2025-03-08T23:52:59.067+0000] {logging_mixin.py:190} INFO - [2025-03-08T23:52:59.067+0000] {dag.py:3239} INFO - Sync 1 DAGs
[2025-03-08T23:52:59.077+0000] {logging_mixin.py:190} INFO - [2025-03-08T23:52:59.077+0000] {dag.py:4180} INFO - Setting next_dagrun for example_sensors to None, run_after=None
[2025-03-08T23:52:59.092+0000] {processor.py:208} INFO - Processing /home/airflow/.local/lib/python3.12/site-packages/airflow/example_dags/example_sensors.py took 0.060 seconds
[2025-03-08T23:53:29.978+0000] {processor.py:186} INFO - Started process (PID=2070) to work on /home/airflow/.local/lib/python3.12/site-packages/airflow/example_dags/example_sensors.py
[2025-03-08T23:53:29.979+0000] {processor.py:914} INFO - Processing file /home/airflow/.local/lib/python3.12/site-packages/airflow/example_dags/example_sensors.py for tasks to queue
[2025-03-08T23:53:29.981+0000] {logging_mixin.py:190} INFO - [2025-03-08T23:53:29.980+0000] {dagbag.py:588} INFO - Filling up the DagBag from /home/airflow/.local/lib/python3.12/site-packages/airflow/example_dags/example_sensors.py
[2025-03-08T23:53:29.990+0000] {processor.py:925} INFO - DAG(s) 'example_sensors' retrieved from /home/airflow/.local/lib/python3.12/site-packages/airflow/example_dags/example_sensors.py
[2025-03-08T23:53:30.012+0000] {logging_mixin.py:190} INFO - [2025-03-08T23:53:30.011+0000] {dag.py:3239} INFO - Sync 1 DAGs
[2025-03-08T23:53:30.021+0000] {logging_mixin.py:190} INFO - [2025-03-08T23:53:30.021+0000] {dag.py:4180} INFO - Setting next_dagrun for example_sensors to None, run_after=None
[2025-03-08T23:53:30.034+0000] {processor.py:208} INFO - Processing /home/airflow/.local/lib/python3.12/site-packages/airflow/example_dags/example_sensors.py took 0.060 seconds
[2025-03-08T23:54:01.195+0000] {processor.py:186} INFO - Started process (PID=2133) to work on /home/airflow/.local/lib/python3.12/site-packages/airflow/example_dags/example_sensors.py
[2025-03-08T23:54:01.196+0000] {processor.py:914} INFO - Processing file /home/airflow/.local/lib/python3.12/site-packages/airflow/example_dags/example_sensors.py for tasks to queue
[2025-03-08T23:54:01.198+0000] {logging_mixin.py:190} INFO - [2025-03-08T23:54:01.197+0000] {dagbag.py:588} INFO - Filling up the DagBag from /home/airflow/.local/lib/python3.12/site-packages/airflow/example_dags/example_sensors.py
[2025-03-08T23:54:01.205+0000] {processor.py:925} INFO - DAG(s) 'example_sensors' retrieved from /home/airflow/.local/lib/python3.12/site-packages/airflow/example_dags/example_sensors.py
[2025-03-08T23:54:01.227+0000] {logging_mixin.py:190} INFO - [2025-03-08T23:54:01.227+0000] {dag.py:3239} INFO - Sync 1 DAGs
[2025-03-08T23:54:01.238+0000] {logging_mixin.py:190} INFO - [2025-03-08T23:54:01.237+0000] {dag.py:4180} INFO - Setting next_dagrun for example_sensors to None, run_after=None
[2025-03-08T23:54:01.257+0000] {processor.py:208} INFO - Processing /home/airflow/.local/lib/python3.12/site-packages/airflow/example_dags/example_sensors.py took 0.066 seconds
[2025-03-08T23:54:32.470+0000] {processor.py:186} INFO - Started process (PID=2196) to work on /home/airflow/.local/lib/python3.12/site-packages/airflow/example_dags/example_sensors.py
[2025-03-08T23:54:32.471+0000] {processor.py:914} INFO - Processing file /home/airflow/.local/lib/python3.12/site-packages/airflow/example_dags/example_sensors.py for tasks to queue
[2025-03-08T23:54:32.473+0000] {logging_mixin.py:190} INFO - [2025-03-08T23:54:32.472+0000] {dagbag.py:588} INFO - Filling up the DagBag from /home/airflow/.local/lib/python3.12/site-packages/airflow/example_dags/example_sensors.py
[2025-03-08T23:54:32.481+0000] {processor.py:925} INFO - DAG(s) 'example_sensors' retrieved from /home/airflow/.local/lib/python3.12/site-packages/airflow/example_dags/example_sensors.py
[2025-03-08T23:54:32.503+0000] {logging_mixin.py:190} INFO - [2025-03-08T23:54:32.503+0000] {dag.py:3239} INFO - Sync 1 DAGs
[2025-03-08T23:54:32.514+0000] {logging_mixin.py:190} INFO - [2025-03-08T23:54:32.513+0000] {dag.py:4180} INFO - Setting next_dagrun for example_sensors to None, run_after=None
[2025-03-08T23:54:32.530+0000] {processor.py:208} INFO - Processing /home/airflow/.local/lib/python3.12/site-packages/airflow/example_dags/example_sensors.py took 0.065 seconds
[2025-03-08T23:55:02.851+0000] {processor.py:186} INFO - Started process (PID=2259) to work on /home/airflow/.local/lib/python3.12/site-packages/airflow/example_dags/example_sensors.py
[2025-03-08T23:55:02.852+0000] {processor.py:914} INFO - Processing file /home/airflow/.local/lib/python3.12/site-packages/airflow/example_dags/example_sensors.py for tasks to queue
[2025-03-08T23:55:02.854+0000] {logging_mixin.py:190} INFO - [2025-03-08T23:55:02.854+0000] {dagbag.py:588} INFO - Filling up the DagBag from /home/airflow/.local/lib/python3.12/site-packages/airflow/example_dags/example_sensors.py
[2025-03-08T23:55:02.862+0000] {processor.py:925} INFO - DAG(s) 'example_sensors' retrieved from /home/airflow/.local/lib/python3.12/site-packages/airflow/example_dags/example_sensors.py
[2025-03-08T23:55:02.882+0000] {logging_mixin.py:190} INFO - [2025-03-08T23:55:02.882+0000] {dag.py:3239} INFO - Sync 1 DAGs
[2025-03-08T23:55:02.893+0000] {logging_mixin.py:190} INFO - [2025-03-08T23:55:02.893+0000] {dag.py:4180} INFO - Setting next_dagrun for example_sensors to None, run_after=None
[2025-03-08T23:55:02.911+0000] {processor.py:208} INFO - Processing /home/airflow/.local/lib/python3.12/site-packages/airflow/example_dags/example_sensors.py took 0.064 seconds
[2025-03-08T23:55:34.245+0000] {processor.py:186} INFO - Started process (PID=2322) to work on /home/airflow/.local/lib/python3.12/site-packages/airflow/example_dags/example_sensors.py
[2025-03-08T23:55:34.246+0000] {processor.py:914} INFO - Processing file /home/airflow/.local/lib/python3.12/site-packages/airflow/example_dags/example_sensors.py for tasks to queue
[2025-03-08T23:55:34.248+0000] {logging_mixin.py:190} INFO - [2025-03-08T23:55:34.248+0000] {dagbag.py:588} INFO - Filling up the DagBag from /home/airflow/.local/lib/python3.12/site-packages/airflow/example_dags/example_sensors.py
[2025-03-08T23:55:34.256+0000] {processor.py:925} INFO - DAG(s) 'example_sensors' retrieved from /home/airflow/.local/lib/python3.12/site-packages/airflow/example_dags/example_sensors.py
[2025-03-08T23:55:34.276+0000] {logging_mixin.py:190} INFO - [2025-03-08T23:55:34.276+0000] {dag.py:3239} INFO - Sync 1 DAGs
[2025-03-08T23:55:34.288+0000] {logging_mixin.py:190} INFO - [2025-03-08T23:55:34.288+0000] {dag.py:4180} INFO - Setting next_dagrun for example_sensors to None, run_after=None
[2025-03-08T23:55:34.304+0000] {processor.py:208} INFO - Processing /home/airflow/.local/lib/python3.12/site-packages/airflow/example_dags/example_sensors.py took 0.062 seconds
[2025-03-08T23:56:05.566+0000] {processor.py:186} INFO - Started process (PID=2385) to work on /home/airflow/.local/lib/python3.12/site-packages/airflow/example_dags/example_sensors.py
[2025-03-08T23:56:05.566+0000] {processor.py:914} INFO - Processing file /home/airflow/.local/lib/python3.12/site-packages/airflow/example_dags/example_sensors.py for tasks to queue
[2025-03-08T23:56:05.568+0000] {logging_mixin.py:190} INFO - [2025-03-08T23:56:05.568+0000] {dagbag.py:588} INFO - Filling up the DagBag from /home/airflow/.local/lib/python3.12/site-packages/airflow/example_dags/example_sensors.py
[2025-03-08T23:56:05.575+0000] {processor.py:925} INFO - DAG(s) 'example_sensors' retrieved from /home/airflow/.local/lib/python3.12/site-packages/airflow/example_dags/example_sensors.py
[2025-03-08T23:56:05.594+0000] {logging_mixin.py:190} INFO - [2025-03-08T23:56:05.594+0000] {dag.py:3239} INFO - Sync 1 DAGs
[2025-03-08T23:56:05.604+0000] {logging_mixin.py:190} INFO - [2025-03-08T23:56:05.604+0000] {dag.py:4180} INFO - Setting next_dagrun for example_sensors to None, run_after=None
[2025-03-08T23:56:05.618+0000] {processor.py:208} INFO - Processing /home/airflow/.local/lib/python3.12/site-packages/airflow/example_dags/example_sensors.py took 0.057 seconds
[2025-03-08T23:56:37.160+0000] {processor.py:186} INFO - Started process (PID=2448) to work on /home/airflow/.local/lib/python3.12/site-packages/airflow/example_dags/example_sensors.py
[2025-03-08T23:56:37.160+0000] {processor.py:914} INFO - Processing file /home/airflow/.local/lib/python3.12/site-packages/airflow/example_dags/example_sensors.py for tasks to queue
[2025-03-08T23:56:37.162+0000] {logging_mixin.py:190} INFO - [2025-03-08T23:56:37.162+0000] {dagbag.py:588} INFO - Filling up the DagBag from /home/airflow/.local/lib/python3.12/site-packages/airflow/example_dags/example_sensors.py
[2025-03-08T23:56:37.170+0000] {processor.py:925} INFO - DAG(s) 'example_sensors' retrieved from /home/airflow/.local/lib/python3.12/site-packages/airflow/example_dags/example_sensors.py
[2025-03-08T23:56:37.194+0000] {logging_mixin.py:190} INFO - [2025-03-08T23:56:37.194+0000] {dag.py:3239} INFO - Sync 1 DAGs
[2025-03-08T23:56:37.205+0000] {logging_mixin.py:190} INFO - [2025-03-08T23:56:37.205+0000] {dag.py:4180} INFO - Setting next_dagrun for example_sensors to None, run_after=None
[2025-03-08T23:56:37.225+0000] {processor.py:208} INFO - Processing /home/airflow/.local/lib/python3.12/site-packages/airflow/example_dags/example_sensors.py took 0.069 seconds
[2025-03-08T23:57:07.860+0000] {processor.py:186} INFO - Started process (PID=2511) to work on /home/airflow/.local/lib/python3.12/site-packages/airflow/example_dags/example_sensors.py
[2025-03-08T23:57:07.861+0000] {processor.py:914} INFO - Processing file /home/airflow/.local/lib/python3.12/site-packages/airflow/example_dags/example_sensors.py for tasks to queue
[2025-03-08T23:57:07.864+0000] {logging_mixin.py:190} INFO - [2025-03-08T23:57:07.864+0000] {dagbag.py:588} INFO - Filling up the DagBag from /home/airflow/.local/lib/python3.12/site-packages/airflow/example_dags/example_sensors.py
[2025-03-08T23:57:07.871+0000] {processor.py:925} INFO - DAG(s) 'example_sensors' retrieved from /home/airflow/.local/lib/python3.12/site-packages/airflow/example_dags/example_sensors.py
[2025-03-08T23:57:07.891+0000] {logging_mixin.py:190} INFO - [2025-03-08T23:57:07.890+0000] {dag.py:3239} INFO - Sync 1 DAGs
[2025-03-08T23:57:07.901+0000] {logging_mixin.py:190} INFO - [2025-03-08T23:57:07.900+0000] {dag.py:4180} INFO - Setting next_dagrun for example_sensors to None, run_after=None
[2025-03-08T23:57:07.914+0000] {processor.py:208} INFO - Processing /home/airflow/.local/lib/python3.12/site-packages/airflow/example_dags/example_sensors.py took 0.059 seconds
[2025-03-08T23:57:39.123+0000] {processor.py:186} INFO - Started process (PID=2574) to work on /home/airflow/.local/lib/python3.12/site-packages/airflow/example_dags/example_sensors.py
[2025-03-08T23:57:39.124+0000] {processor.py:914} INFO - Processing file /home/airflow/.local/lib/python3.12/site-packages/airflow/example_dags/example_sensors.py for tasks to queue
[2025-03-08T23:57:39.126+0000] {logging_mixin.py:190} INFO - [2025-03-08T23:57:39.125+0000] {dagbag.py:588} INFO - Filling up the DagBag from /home/airflow/.local/lib/python3.12/site-packages/airflow/example_dags/example_sensors.py
[2025-03-08T23:57:39.132+0000] {processor.py:925} INFO - DAG(s) 'example_sensors' retrieved from /home/airflow/.local/lib/python3.12/site-packages/airflow/example_dags/example_sensors.py
[2025-03-08T23:57:39.151+0000] {logging_mixin.py:190} INFO - [2025-03-08T23:57:39.151+0000] {dag.py:3239} INFO - Sync 1 DAGs
[2025-03-08T23:57:39.161+0000] {logging_mixin.py:190} INFO - [2025-03-08T23:57:39.161+0000] {dag.py:4180} INFO - Setting next_dagrun for example_sensors to None, run_after=None
[2025-03-08T23:57:39.177+0000] {processor.py:208} INFO - Processing /home/airflow/.local/lib/python3.12/site-packages/airflow/example_dags/example_sensors.py took 0.058 seconds
[2025-03-08T23:58:10.757+0000] {processor.py:186} INFO - Started process (PID=2637) to work on /home/airflow/.local/lib/python3.12/site-packages/airflow/example_dags/example_sensors.py
[2025-03-08T23:58:10.758+0000] {processor.py:914} INFO - Processing file /home/airflow/.local/lib/python3.12/site-packages/airflow/example_dags/example_sensors.py for tasks to queue
[2025-03-08T23:58:10.760+0000] {logging_mixin.py:190} INFO - [2025-03-08T23:58:10.760+0000] {dagbag.py:588} INFO - Filling up the DagBag from /home/airflow/.local/lib/python3.12/site-packages/airflow/example_dags/example_sensors.py
[2025-03-08T23:58:10.770+0000] {processor.py:925} INFO - DAG(s) 'example_sensors' retrieved from /home/airflow/.local/lib/python3.12/site-packages/airflow/example_dags/example_sensors.py
[2025-03-08T23:58:10.795+0000] {logging_mixin.py:190} INFO - [2025-03-08T23:58:10.795+0000] {dag.py:3239} INFO - Sync 1 DAGs
[2025-03-08T23:58:10.807+0000] {logging_mixin.py:190} INFO - [2025-03-08T23:58:10.807+0000] {dag.py:4180} INFO - Setting next_dagrun for example_sensors to None, run_after=None
[2025-03-08T23:58:10.824+0000] {processor.py:208} INFO - Processing /home/airflow/.local/lib/python3.12/site-packages/airflow/example_dags/example_sensors.py took 0.074 seconds
