[2025-03-08T22:35:45.875+0000] {processor.py:186} INFO - Started process (PID=79) to work on /home/airflow/.local/lib/python3.12/site-packages/airflow/example_dags/tutorial.py
[2025-03-08T22:35:45.876+0000] {processor.py:914} INFO - Processing file /home/airflow/.local/lib/python3.12/site-packages/airflow/example_dags/tutorial.py for tasks to queue
[2025-03-08T22:35:45.878+0000] {logging_mixin.py:190} INFO - [2025-03-08T22:35:45.878+0000] {dagbag.py:588} INFO - Filling up the DagBag from /home/airflow/.local/lib/python3.12/site-packages/airflow/example_dags/tutorial.py
[2025-03-08T22:35:45.884+0000] {processor.py:925} INFO - DAG(s) 'tutorial' retrieved from /home/airflow/.local/lib/python3.12/site-packages/airflow/example_dags/tutorial.py
[2025-03-08T22:35:45.973+0000] {logging_mixin.py:190} INFO - [2025-03-08T22:35:45.972+0000] {override.py:1912} INFO - Created Permission View: can edit on DAG:tutorial
[2025-03-08T22:35:45.981+0000] {logging_mixin.py:190} INFO - [2025-03-08T22:35:45.980+0000] {override.py:1912} INFO - Created Permission View: can read on DAG:tutorial
[2025-03-08T22:35:45.986+0000] {logging_mixin.py:190} INFO - [2025-03-08T22:35:45.986+0000] {override.py:1912} INFO - Created Permission View: can delete on DAG:tutorial
[2025-03-08T22:35:45.992+0000] {logging_mixin.py:190} INFO - [2025-03-08T22:35:45.992+0000] {override.py:1912} INFO - Created Permission View: menu access on DAG Run:tutorial
[2025-03-08T22:35:45.997+0000] {logging_mixin.py:190} INFO - [2025-03-08T22:35:45.997+0000] {override.py:1912} INFO - Created Permission View: can delete on DAG Run:tutorial
[2025-03-08T22:35:46.002+0000] {logging_mixin.py:190} INFO - [2025-03-08T22:35:46.002+0000] {override.py:1912} INFO - Created Permission View: can read on DAG Run:tutorial
[2025-03-08T22:35:46.008+0000] {logging_mixin.py:190} INFO - [2025-03-08T22:35:46.008+0000] {override.py:1912} INFO - Created Permission View: can create on DAG Run:tutorial
[2025-03-08T22:35:46.009+0000] {logging_mixin.py:190} INFO - [2025-03-08T22:35:46.009+0000] {dag.py:3239} INFO - Sync 1 DAGs
[2025-03-08T22:35:46.019+0000] {logging_mixin.py:190} INFO - [2025-03-08T22:35:46.019+0000] {dag.py:3262} INFO - Creating ORM DAG for tutorial
[2025-03-08T22:35:46.027+0000] {logging_mixin.py:190} INFO - [2025-03-08T22:35:46.026+0000] {dag.py:4180} INFO - Setting next_dagrun for tutorial to 2025-03-07 00:00:00+00:00, run_after=2025-03-08 00:00:00+00:00
[2025-03-08T22:35:46.041+0000] {processor.py:208} INFO - Processing /home/airflow/.local/lib/python3.12/site-packages/airflow/example_dags/tutorial.py took 0.171 seconds
[2025-03-08T22:36:16.301+0000] {processor.py:186} INFO - Started process (PID=141) to work on /home/airflow/.local/lib/python3.12/site-packages/airflow/example_dags/tutorial.py
[2025-03-08T22:36:16.302+0000] {processor.py:914} INFO - Processing file /home/airflow/.local/lib/python3.12/site-packages/airflow/example_dags/tutorial.py for tasks to queue
[2025-03-08T22:36:16.304+0000] {logging_mixin.py:190} INFO - [2025-03-08T22:36:16.304+0000] {dagbag.py:588} INFO - Filling up the DagBag from /home/airflow/.local/lib/python3.12/site-packages/airflow/example_dags/tutorial.py
[2025-03-08T22:36:16.310+0000] {processor.py:925} INFO - DAG(s) 'tutorial' retrieved from /home/airflow/.local/lib/python3.12/site-packages/airflow/example_dags/tutorial.py
[2025-03-08T22:36:16.325+0000] {logging_mixin.py:190} INFO - [2025-03-08T22:36:16.324+0000] {dag.py:3239} INFO - Sync 1 DAGs
[2025-03-08T22:36:16.344+0000] {logging_mixin.py:190} INFO - [2025-03-08T22:36:16.344+0000] {dag.py:4180} INFO - Setting next_dagrun for tutorial to 2025-03-07 00:00:00+00:00, run_after=2025-03-08 00:00:00+00:00
[2025-03-08T22:36:16.368+0000] {processor.py:208} INFO - Processing /home/airflow/.local/lib/python3.12/site-packages/airflow/example_dags/tutorial.py took 0.070 seconds
[2025-03-08T22:36:47.008+0000] {processor.py:186} INFO - Started process (PID=204) to work on /home/airflow/.local/lib/python3.12/site-packages/airflow/example_dags/tutorial.py
[2025-03-08T22:36:47.009+0000] {processor.py:914} INFO - Processing file /home/airflow/.local/lib/python3.12/site-packages/airflow/example_dags/tutorial.py for tasks to queue
[2025-03-08T22:36:47.011+0000] {logging_mixin.py:190} INFO - [2025-03-08T22:36:47.011+0000] {dagbag.py:588} INFO - Filling up the DagBag from /home/airflow/.local/lib/python3.12/site-packages/airflow/example_dags/tutorial.py
[2025-03-08T22:36:47.020+0000] {processor.py:925} INFO - DAG(s) 'tutorial' retrieved from /home/airflow/.local/lib/python3.12/site-packages/airflow/example_dags/tutorial.py
[2025-03-08T22:36:47.038+0000] {logging_mixin.py:190} INFO - [2025-03-08T22:36:47.038+0000] {dag.py:3239} INFO - Sync 1 DAGs
[2025-03-08T22:36:47.066+0000] {logging_mixin.py:190} INFO - [2025-03-08T22:36:47.065+0000] {dag.py:4180} INFO - Setting next_dagrun for tutorial to 2025-03-07 00:00:00+00:00, run_after=2025-03-08 00:00:00+00:00
[2025-03-08T22:36:47.088+0000] {processor.py:208} INFO - Processing /home/airflow/.local/lib/python3.12/site-packages/airflow/example_dags/tutorial.py took 0.084 seconds
[2025-03-08T22:37:17.680+0000] {processor.py:186} INFO - Started process (PID=273) to work on /home/airflow/.local/lib/python3.12/site-packages/airflow/example_dags/tutorial.py
[2025-03-08T22:37:17.681+0000] {processor.py:914} INFO - Processing file /home/airflow/.local/lib/python3.12/site-packages/airflow/example_dags/tutorial.py for tasks to queue
[2025-03-08T22:37:17.683+0000] {logging_mixin.py:190} INFO - [2025-03-08T22:37:17.683+0000] {dagbag.py:588} INFO - Filling up the DagBag from /home/airflow/.local/lib/python3.12/site-packages/airflow/example_dags/tutorial.py
[2025-03-08T22:37:17.689+0000] {processor.py:925} INFO - DAG(s) 'tutorial' retrieved from /home/airflow/.local/lib/python3.12/site-packages/airflow/example_dags/tutorial.py
[2025-03-08T22:37:17.705+0000] {logging_mixin.py:190} INFO - [2025-03-08T22:37:17.705+0000] {dag.py:3239} INFO - Sync 1 DAGs
[2025-03-08T22:37:17.723+0000] {logging_mixin.py:190} INFO - [2025-03-08T22:37:17.723+0000] {dag.py:4180} INFO - Setting next_dagrun for tutorial to 2025-03-07 00:00:00+00:00, run_after=2025-03-08 00:00:00+00:00
[2025-03-08T22:37:17.739+0000] {processor.py:208} INFO - Processing /home/airflow/.local/lib/python3.12/site-packages/airflow/example_dags/tutorial.py took 0.062 seconds
[2025-03-08T22:37:48.438+0000] {processor.py:186} INFO - Started process (PID=336) to work on /home/airflow/.local/lib/python3.12/site-packages/airflow/example_dags/tutorial.py
[2025-03-08T22:37:48.439+0000] {processor.py:914} INFO - Processing file /home/airflow/.local/lib/python3.12/site-packages/airflow/example_dags/tutorial.py for tasks to queue
[2025-03-08T22:37:48.440+0000] {logging_mixin.py:190} INFO - [2025-03-08T22:37:48.440+0000] {dagbag.py:588} INFO - Filling up the DagBag from /home/airflow/.local/lib/python3.12/site-packages/airflow/example_dags/tutorial.py
[2025-03-08T22:37:48.445+0000] {processor.py:925} INFO - DAG(s) 'tutorial' retrieved from /home/airflow/.local/lib/python3.12/site-packages/airflow/example_dags/tutorial.py
[2025-03-08T22:37:48.459+0000] {logging_mixin.py:190} INFO - [2025-03-08T22:37:48.459+0000] {dag.py:3239} INFO - Sync 1 DAGs
[2025-03-08T22:37:48.476+0000] {logging_mixin.py:190} INFO - [2025-03-08T22:37:48.476+0000] {dag.py:4180} INFO - Setting next_dagrun for tutorial to 2025-03-07 00:00:00+00:00, run_after=2025-03-08 00:00:00+00:00
[2025-03-08T22:37:48.491+0000] {processor.py:208} INFO - Processing /home/airflow/.local/lib/python3.12/site-packages/airflow/example_dags/tutorial.py took 0.057 seconds
[2025-03-08T22:38:19.542+0000] {processor.py:186} INFO - Started process (PID=399) to work on /home/airflow/.local/lib/python3.12/site-packages/airflow/example_dags/tutorial.py
[2025-03-08T22:38:19.543+0000] {processor.py:914} INFO - Processing file /home/airflow/.local/lib/python3.12/site-packages/airflow/example_dags/tutorial.py for tasks to queue
[2025-03-08T22:38:19.545+0000] {logging_mixin.py:190} INFO - [2025-03-08T22:38:19.545+0000] {dagbag.py:588} INFO - Filling up the DagBag from /home/airflow/.local/lib/python3.12/site-packages/airflow/example_dags/tutorial.py
[2025-03-08T22:38:19.550+0000] {processor.py:925} INFO - DAG(s) 'tutorial' retrieved from /home/airflow/.local/lib/python3.12/site-packages/airflow/example_dags/tutorial.py
[2025-03-08T22:38:19.564+0000] {logging_mixin.py:190} INFO - [2025-03-08T22:38:19.564+0000] {dag.py:3239} INFO - Sync 1 DAGs
[2025-03-08T22:38:19.579+0000] {logging_mixin.py:190} INFO - [2025-03-08T22:38:19.579+0000] {dag.py:4180} INFO - Setting next_dagrun for tutorial to 2025-03-07 00:00:00+00:00, run_after=2025-03-08 00:00:00+00:00
[2025-03-08T22:38:19.593+0000] {processor.py:208} INFO - Processing /home/airflow/.local/lib/python3.12/site-packages/airflow/example_dags/tutorial.py took 0.055 seconds
[2025-03-08T22:38:50.882+0000] {processor.py:186} INFO - Started process (PID=462) to work on /home/airflow/.local/lib/python3.12/site-packages/airflow/example_dags/tutorial.py
[2025-03-08T22:38:50.883+0000] {processor.py:914} INFO - Processing file /home/airflow/.local/lib/python3.12/site-packages/airflow/example_dags/tutorial.py for tasks to queue
[2025-03-08T22:38:50.884+0000] {logging_mixin.py:190} INFO - [2025-03-08T22:38:50.884+0000] {dagbag.py:588} INFO - Filling up the DagBag from /home/airflow/.local/lib/python3.12/site-packages/airflow/example_dags/tutorial.py
[2025-03-08T22:38:50.888+0000] {processor.py:925} INFO - DAG(s) 'tutorial' retrieved from /home/airflow/.local/lib/python3.12/site-packages/airflow/example_dags/tutorial.py
[2025-03-08T22:38:50.901+0000] {logging_mixin.py:190} INFO - [2025-03-08T22:38:50.901+0000] {dag.py:3239} INFO - Sync 1 DAGs
[2025-03-08T22:38:50.917+0000] {logging_mixin.py:190} INFO - [2025-03-08T22:38:50.917+0000] {dag.py:4180} INFO - Setting next_dagrun for tutorial to 2025-03-07 00:00:00+00:00, run_after=2025-03-08 00:00:00+00:00
[2025-03-08T22:38:50.930+0000] {processor.py:208} INFO - Processing /home/airflow/.local/lib/python3.12/site-packages/airflow/example_dags/tutorial.py took 0.051 seconds
[2025-03-08T23:37:26.189+0000] {processor.py:186} INFO - Started process (PID=79) to work on /home/airflow/.local/lib/python3.12/site-packages/airflow/example_dags/tutorial.py
[2025-03-08T23:37:26.190+0000] {processor.py:914} INFO - Processing file /home/airflow/.local/lib/python3.12/site-packages/airflow/example_dags/tutorial.py for tasks to queue
[2025-03-08T23:37:26.192+0000] {logging_mixin.py:190} INFO - [2025-03-08T23:37:26.192+0000] {dagbag.py:588} INFO - Filling up the DagBag from /home/airflow/.local/lib/python3.12/site-packages/airflow/example_dags/tutorial.py
[2025-03-08T23:37:26.199+0000] {processor.py:925} INFO - DAG(s) 'tutorial' retrieved from /home/airflow/.local/lib/python3.12/site-packages/airflow/example_dags/tutorial.py
[2025-03-08T23:37:26.217+0000] {logging_mixin.py:190} INFO - [2025-03-08T23:37:26.217+0000] {dag.py:3239} INFO - Sync 1 DAGs
[2025-03-08T23:37:26.237+0000] {logging_mixin.py:190} INFO - [2025-03-08T23:37:26.237+0000] {dag.py:4180} INFO - Setting next_dagrun for tutorial to 2025-03-07 00:00:00+00:00, run_after=2025-03-08 00:00:00+00:00
[2025-03-08T23:37:26.255+0000] {processor.py:208} INFO - Processing /home/airflow/.local/lib/python3.12/site-packages/airflow/example_dags/tutorial.py took 0.071 seconds
[2025-03-08T23:37:56.723+0000] {processor.py:186} INFO - Started process (PID=141) to work on /home/airflow/.local/lib/python3.12/site-packages/airflow/example_dags/tutorial.py
[2025-03-08T23:37:56.723+0000] {processor.py:914} INFO - Processing file /home/airflow/.local/lib/python3.12/site-packages/airflow/example_dags/tutorial.py for tasks to queue
[2025-03-08T23:37:56.725+0000] {logging_mixin.py:190} INFO - [2025-03-08T23:37:56.725+0000] {dagbag.py:588} INFO - Filling up the DagBag from /home/airflow/.local/lib/python3.12/site-packages/airflow/example_dags/tutorial.py
[2025-03-08T23:37:56.730+0000] {processor.py:925} INFO - DAG(s) 'tutorial' retrieved from /home/airflow/.local/lib/python3.12/site-packages/airflow/example_dags/tutorial.py
[2025-03-08T23:37:56.744+0000] {logging_mixin.py:190} INFO - [2025-03-08T23:37:56.744+0000] {dag.py:3239} INFO - Sync 1 DAGs
[2025-03-08T23:37:56.761+0000] {logging_mixin.py:190} INFO - [2025-03-08T23:37:56.760+0000] {dag.py:4180} INFO - Setting next_dagrun for tutorial to 2025-03-07 00:00:00+00:00, run_after=2025-03-08 00:00:00+00:00
[2025-03-08T23:37:56.775+0000] {processor.py:208} INFO - Processing /home/airflow/.local/lib/python3.12/site-packages/airflow/example_dags/tutorial.py took 0.056 seconds
[2025-03-08T23:38:27.541+0000] {processor.py:186} INFO - Started process (PID=204) to work on /home/airflow/.local/lib/python3.12/site-packages/airflow/example_dags/tutorial.py
[2025-03-08T23:38:27.542+0000] {processor.py:914} INFO - Processing file /home/airflow/.local/lib/python3.12/site-packages/airflow/example_dags/tutorial.py for tasks to queue
[2025-03-08T23:38:27.544+0000] {logging_mixin.py:190} INFO - [2025-03-08T23:38:27.543+0000] {dagbag.py:588} INFO - Filling up the DagBag from /home/airflow/.local/lib/python3.12/site-packages/airflow/example_dags/tutorial.py
[2025-03-08T23:38:27.549+0000] {processor.py:925} INFO - DAG(s) 'tutorial' retrieved from /home/airflow/.local/lib/python3.12/site-packages/airflow/example_dags/tutorial.py
[2025-03-08T23:38:27.564+0000] {logging_mixin.py:190} INFO - [2025-03-08T23:38:27.564+0000] {dag.py:3239} INFO - Sync 1 DAGs
[2025-03-08T23:38:27.583+0000] {logging_mixin.py:190} INFO - [2025-03-08T23:38:27.583+0000] {dag.py:4180} INFO - Setting next_dagrun for tutorial to 2025-03-07 00:00:00+00:00, run_after=2025-03-08 00:00:00+00:00
[2025-03-08T23:38:27.600+0000] {processor.py:208} INFO - Processing /home/airflow/.local/lib/python3.12/site-packages/airflow/example_dags/tutorial.py took 0.062 seconds
[2025-03-08T23:38:58.778+0000] {processor.py:186} INFO - Started process (PID=273) to work on /home/airflow/.local/lib/python3.12/site-packages/airflow/example_dags/tutorial.py
[2025-03-08T23:38:58.779+0000] {processor.py:914} INFO - Processing file /home/airflow/.local/lib/python3.12/site-packages/airflow/example_dags/tutorial.py for tasks to queue
[2025-03-08T23:38:58.780+0000] {logging_mixin.py:190} INFO - [2025-03-08T23:38:58.780+0000] {dagbag.py:588} INFO - Filling up the DagBag from /home/airflow/.local/lib/python3.12/site-packages/airflow/example_dags/tutorial.py
[2025-03-08T23:38:58.786+0000] {processor.py:925} INFO - DAG(s) 'tutorial' retrieved from /home/airflow/.local/lib/python3.12/site-packages/airflow/example_dags/tutorial.py
[2025-03-08T23:38:58.800+0000] {logging_mixin.py:190} INFO - [2025-03-08T23:38:58.800+0000] {dag.py:3239} INFO - Sync 1 DAGs
[2025-03-08T23:38:58.817+0000] {logging_mixin.py:190} INFO - [2025-03-08T23:38:58.816+0000] {dag.py:4180} INFO - Setting next_dagrun for tutorial to 2025-03-07 00:00:00+00:00, run_after=2025-03-08 00:00:00+00:00
[2025-03-08T23:38:58.834+0000] {processor.py:208} INFO - Processing /home/airflow/.local/lib/python3.12/site-packages/airflow/example_dags/tutorial.py took 0.060 seconds
[2025-03-08T23:39:30.078+0000] {processor.py:186} INFO - Started process (PID=336) to work on /home/airflow/.local/lib/python3.12/site-packages/airflow/example_dags/tutorial.py
[2025-03-08T23:39:30.078+0000] {processor.py:914} INFO - Processing file /home/airflow/.local/lib/python3.12/site-packages/airflow/example_dags/tutorial.py for tasks to queue
[2025-03-08T23:39:30.080+0000] {logging_mixin.py:190} INFO - [2025-03-08T23:39:30.079+0000] {dagbag.py:588} INFO - Filling up the DagBag from /home/airflow/.local/lib/python3.12/site-packages/airflow/example_dags/tutorial.py
[2025-03-08T23:39:30.084+0000] {processor.py:925} INFO - DAG(s) 'tutorial' retrieved from /home/airflow/.local/lib/python3.12/site-packages/airflow/example_dags/tutorial.py
[2025-03-08T23:39:30.101+0000] {logging_mixin.py:190} INFO - [2025-03-08T23:39:30.101+0000] {dag.py:3239} INFO - Sync 1 DAGs
[2025-03-08T23:39:30.124+0000] {logging_mixin.py:190} INFO - [2025-03-08T23:39:30.124+0000] {dag.py:4180} INFO - Setting next_dagrun for tutorial to 2025-03-07 00:00:00+00:00, run_after=2025-03-08 00:00:00+00:00
[2025-03-08T23:39:30.141+0000] {processor.py:208} INFO - Processing /home/airflow/.local/lib/python3.12/site-packages/airflow/example_dags/tutorial.py took 0.067 seconds
[2025-03-08T23:40:01.491+0000] {processor.py:186} INFO - Started process (PID=399) to work on /home/airflow/.local/lib/python3.12/site-packages/airflow/example_dags/tutorial.py
[2025-03-08T23:40:01.492+0000] {processor.py:914} INFO - Processing file /home/airflow/.local/lib/python3.12/site-packages/airflow/example_dags/tutorial.py for tasks to queue
[2025-03-08T23:40:01.493+0000] {logging_mixin.py:190} INFO - [2025-03-08T23:40:01.493+0000] {dagbag.py:588} INFO - Filling up the DagBag from /home/airflow/.local/lib/python3.12/site-packages/airflow/example_dags/tutorial.py
[2025-03-08T23:40:01.500+0000] {processor.py:925} INFO - DAG(s) 'tutorial' retrieved from /home/airflow/.local/lib/python3.12/site-packages/airflow/example_dags/tutorial.py
[2025-03-08T23:40:01.515+0000] {logging_mixin.py:190} INFO - [2025-03-08T23:40:01.515+0000] {dag.py:3239} INFO - Sync 1 DAGs
[2025-03-08T23:40:01.535+0000] {logging_mixin.py:190} INFO - [2025-03-08T23:40:01.535+0000] {dag.py:4180} INFO - Setting next_dagrun for tutorial to 2025-03-07 00:00:00+00:00, run_after=2025-03-08 00:00:00+00:00
[2025-03-08T23:40:01.550+0000] {processor.py:208} INFO - Processing /home/airflow/.local/lib/python3.12/site-packages/airflow/example_dags/tutorial.py took 0.063 seconds
[2025-03-08T23:40:32.934+0000] {processor.py:186} INFO - Started process (PID=462) to work on /home/airflow/.local/lib/python3.12/site-packages/airflow/example_dags/tutorial.py
[2025-03-08T23:40:32.934+0000] {processor.py:914} INFO - Processing file /home/airflow/.local/lib/python3.12/site-packages/airflow/example_dags/tutorial.py for tasks to queue
[2025-03-08T23:40:32.936+0000] {logging_mixin.py:190} INFO - [2025-03-08T23:40:32.936+0000] {dagbag.py:588} INFO - Filling up the DagBag from /home/airflow/.local/lib/python3.12/site-packages/airflow/example_dags/tutorial.py
[2025-03-08T23:40:32.941+0000] {processor.py:925} INFO - DAG(s) 'tutorial' retrieved from /home/airflow/.local/lib/python3.12/site-packages/airflow/example_dags/tutorial.py
[2025-03-08T23:40:32.958+0000] {logging_mixin.py:190} INFO - [2025-03-08T23:40:32.958+0000] {dag.py:3239} INFO - Sync 1 DAGs
[2025-03-08T23:40:32.976+0000] {logging_mixin.py:190} INFO - [2025-03-08T23:40:32.976+0000] {dag.py:4180} INFO - Setting next_dagrun for tutorial to 2025-03-07 00:00:00+00:00, run_after=2025-03-08 00:00:00+00:00
[2025-03-08T23:40:32.991+0000] {processor.py:208} INFO - Processing /home/airflow/.local/lib/python3.12/site-packages/airflow/example_dags/tutorial.py took 0.062 seconds
[2025-03-08T23:41:03.667+0000] {processor.py:186} INFO - Started process (PID=525) to work on /home/airflow/.local/lib/python3.12/site-packages/airflow/example_dags/tutorial.py
[2025-03-08T23:41:03.667+0000] {processor.py:914} INFO - Processing file /home/airflow/.local/lib/python3.12/site-packages/airflow/example_dags/tutorial.py for tasks to queue
[2025-03-08T23:41:03.670+0000] {logging_mixin.py:190} INFO - [2025-03-08T23:41:03.670+0000] {dagbag.py:588} INFO - Filling up the DagBag from /home/airflow/.local/lib/python3.12/site-packages/airflow/example_dags/tutorial.py
[2025-03-08T23:41:03.676+0000] {processor.py:925} INFO - DAG(s) 'tutorial' retrieved from /home/airflow/.local/lib/python3.12/site-packages/airflow/example_dags/tutorial.py
[2025-03-08T23:41:03.693+0000] {logging_mixin.py:190} INFO - [2025-03-08T23:41:03.693+0000] {dag.py:3239} INFO - Sync 1 DAGs
[2025-03-08T23:41:03.713+0000] {logging_mixin.py:190} INFO - [2025-03-08T23:41:03.713+0000] {dag.py:4180} INFO - Setting next_dagrun for tutorial to 2025-03-07 00:00:00+00:00, run_after=2025-03-08 00:00:00+00:00
[2025-03-08T23:41:03.730+0000] {processor.py:208} INFO - Processing /home/airflow/.local/lib/python3.12/site-packages/airflow/example_dags/tutorial.py took 0.068 seconds
[2025-03-08T23:41:34.672+0000] {processor.py:186} INFO - Started process (PID=588) to work on /home/airflow/.local/lib/python3.12/site-packages/airflow/example_dags/tutorial.py
[2025-03-08T23:41:34.673+0000] {processor.py:914} INFO - Processing file /home/airflow/.local/lib/python3.12/site-packages/airflow/example_dags/tutorial.py for tasks to queue
[2025-03-08T23:41:34.675+0000] {logging_mixin.py:190} INFO - [2025-03-08T23:41:34.674+0000] {dagbag.py:588} INFO - Filling up the DagBag from /home/airflow/.local/lib/python3.12/site-packages/airflow/example_dags/tutorial.py
[2025-03-08T23:41:34.683+0000] {processor.py:925} INFO - DAG(s) 'tutorial' retrieved from /home/airflow/.local/lib/python3.12/site-packages/airflow/example_dags/tutorial.py
[2025-03-08T23:41:34.700+0000] {logging_mixin.py:190} INFO - [2025-03-08T23:41:34.699+0000] {dag.py:3239} INFO - Sync 1 DAGs
[2025-03-08T23:41:34.717+0000] {logging_mixin.py:190} INFO - [2025-03-08T23:41:34.717+0000] {dag.py:4180} INFO - Setting next_dagrun for tutorial to 2025-03-07 00:00:00+00:00, run_after=2025-03-08 00:00:00+00:00
[2025-03-08T23:41:34.733+0000] {processor.py:208} INFO - Processing /home/airflow/.local/lib/python3.12/site-packages/airflow/example_dags/tutorial.py took 0.066 seconds
[2025-03-08T23:42:06.264+0000] {processor.py:186} INFO - Started process (PID=651) to work on /home/airflow/.local/lib/python3.12/site-packages/airflow/example_dags/tutorial.py
[2025-03-08T23:42:06.265+0000] {processor.py:914} INFO - Processing file /home/airflow/.local/lib/python3.12/site-packages/airflow/example_dags/tutorial.py for tasks to queue
[2025-03-08T23:42:06.267+0000] {logging_mixin.py:190} INFO - [2025-03-08T23:42:06.267+0000] {dagbag.py:588} INFO - Filling up the DagBag from /home/airflow/.local/lib/python3.12/site-packages/airflow/example_dags/tutorial.py
[2025-03-08T23:42:06.274+0000] {processor.py:925} INFO - DAG(s) 'tutorial' retrieved from /home/airflow/.local/lib/python3.12/site-packages/airflow/example_dags/tutorial.py
[2025-03-08T23:42:06.290+0000] {logging_mixin.py:190} INFO - [2025-03-08T23:42:06.290+0000] {dag.py:3239} INFO - Sync 1 DAGs
[2025-03-08T23:42:06.308+0000] {logging_mixin.py:190} INFO - [2025-03-08T23:42:06.308+0000] {dag.py:4180} INFO - Setting next_dagrun for tutorial to 2025-03-07 00:00:00+00:00, run_after=2025-03-08 00:00:00+00:00
[2025-03-08T23:42:06.323+0000] {processor.py:208} INFO - Processing /home/airflow/.local/lib/python3.12/site-packages/airflow/example_dags/tutorial.py took 0.062 seconds
[2025-03-08T23:42:37.811+0000] {processor.py:186} INFO - Started process (PID=714) to work on /home/airflow/.local/lib/python3.12/site-packages/airflow/example_dags/tutorial.py
[2025-03-08T23:42:37.812+0000] {processor.py:914} INFO - Processing file /home/airflow/.local/lib/python3.12/site-packages/airflow/example_dags/tutorial.py for tasks to queue
[2025-03-08T23:42:37.814+0000] {logging_mixin.py:190} INFO - [2025-03-08T23:42:37.814+0000] {dagbag.py:588} INFO - Filling up the DagBag from /home/airflow/.local/lib/python3.12/site-packages/airflow/example_dags/tutorial.py
[2025-03-08T23:42:37.820+0000] {processor.py:925} INFO - DAG(s) 'tutorial' retrieved from /home/airflow/.local/lib/python3.12/site-packages/airflow/example_dags/tutorial.py
[2025-03-08T23:42:37.836+0000] {logging_mixin.py:190} INFO - [2025-03-08T23:42:37.836+0000] {dag.py:3239} INFO - Sync 1 DAGs
[2025-03-08T23:42:37.854+0000] {logging_mixin.py:190} INFO - [2025-03-08T23:42:37.854+0000] {dag.py:4180} INFO - Setting next_dagrun for tutorial to 2025-03-07 00:00:00+00:00, run_after=2025-03-08 00:00:00+00:00
[2025-03-08T23:42:37.871+0000] {processor.py:208} INFO - Processing /home/airflow/.local/lib/python3.12/site-packages/airflow/example_dags/tutorial.py took 0.064 seconds
[2025-03-08T23:43:08.229+0000] {processor.py:186} INFO - Started process (PID=778) to work on /home/airflow/.local/lib/python3.12/site-packages/airflow/example_dags/tutorial.py
[2025-03-08T23:43:08.230+0000] {processor.py:914} INFO - Processing file /home/airflow/.local/lib/python3.12/site-packages/airflow/example_dags/tutorial.py for tasks to queue
[2025-03-08T23:43:08.232+0000] {logging_mixin.py:190} INFO - [2025-03-08T23:43:08.232+0000] {dagbag.py:588} INFO - Filling up the DagBag from /home/airflow/.local/lib/python3.12/site-packages/airflow/example_dags/tutorial.py
[2025-03-08T23:43:08.238+0000] {processor.py:925} INFO - DAG(s) 'tutorial' retrieved from /home/airflow/.local/lib/python3.12/site-packages/airflow/example_dags/tutorial.py
[2025-03-08T23:43:08.253+0000] {logging_mixin.py:190} INFO - [2025-03-08T23:43:08.253+0000] {dag.py:3239} INFO - Sync 1 DAGs
[2025-03-08T23:43:08.273+0000] {logging_mixin.py:190} INFO - [2025-03-08T23:43:08.272+0000] {dag.py:4180} INFO - Setting next_dagrun for tutorial to 2025-03-07 00:00:00+00:00, run_after=2025-03-08 00:00:00+00:00
[2025-03-08T23:43:08.287+0000] {processor.py:208} INFO - Processing /home/airflow/.local/lib/python3.12/site-packages/airflow/example_dags/tutorial.py took 0.062 seconds
[2025-03-08T23:43:39.558+0000] {processor.py:186} INFO - Started process (PID=841) to work on /home/airflow/.local/lib/python3.12/site-packages/airflow/example_dags/tutorial.py
[2025-03-08T23:43:39.558+0000] {processor.py:914} INFO - Processing file /home/airflow/.local/lib/python3.12/site-packages/airflow/example_dags/tutorial.py for tasks to queue
[2025-03-08T23:43:39.560+0000] {logging_mixin.py:190} INFO - [2025-03-08T23:43:39.560+0000] {dagbag.py:588} INFO - Filling up the DagBag from /home/airflow/.local/lib/python3.12/site-packages/airflow/example_dags/tutorial.py
[2025-03-08T23:43:39.564+0000] {processor.py:925} INFO - DAG(s) 'tutorial' retrieved from /home/airflow/.local/lib/python3.12/site-packages/airflow/example_dags/tutorial.py
[2025-03-08T23:43:39.578+0000] {logging_mixin.py:190} INFO - [2025-03-08T23:43:39.578+0000] {dag.py:3239} INFO - Sync 1 DAGs
[2025-03-08T23:43:39.593+0000] {logging_mixin.py:190} INFO - [2025-03-08T23:43:39.593+0000] {dag.py:4180} INFO - Setting next_dagrun for tutorial to 2025-03-07 00:00:00+00:00, run_after=2025-03-08 00:00:00+00:00
[2025-03-08T23:43:39.607+0000] {processor.py:208} INFO - Processing /home/airflow/.local/lib/python3.12/site-packages/airflow/example_dags/tutorial.py took 0.053 seconds
[2025-03-08T23:44:10.228+0000] {processor.py:186} INFO - Started process (PID=904) to work on /home/airflow/.local/lib/python3.12/site-packages/airflow/example_dags/tutorial.py
[2025-03-08T23:44:10.229+0000] {processor.py:914} INFO - Processing file /home/airflow/.local/lib/python3.12/site-packages/airflow/example_dags/tutorial.py for tasks to queue
[2025-03-08T23:44:10.231+0000] {logging_mixin.py:190} INFO - [2025-03-08T23:44:10.231+0000] {dagbag.py:588} INFO - Filling up the DagBag from /home/airflow/.local/lib/python3.12/site-packages/airflow/example_dags/tutorial.py
[2025-03-08T23:44:10.237+0000] {processor.py:925} INFO - DAG(s) 'tutorial' retrieved from /home/airflow/.local/lib/python3.12/site-packages/airflow/example_dags/tutorial.py
[2025-03-08T23:44:10.253+0000] {logging_mixin.py:190} INFO - [2025-03-08T23:44:10.253+0000] {dag.py:3239} INFO - Sync 1 DAGs
[2025-03-08T23:44:10.271+0000] {logging_mixin.py:190} INFO - [2025-03-08T23:44:10.271+0000] {dag.py:4180} INFO - Setting next_dagrun for tutorial to 2025-03-07 00:00:00+00:00, run_after=2025-03-08 00:00:00+00:00
[2025-03-08T23:44:10.287+0000] {processor.py:208} INFO - Processing /home/airflow/.local/lib/python3.12/site-packages/airflow/example_dags/tutorial.py took 0.063 seconds
[2025-03-08T23:44:41.359+0000] {processor.py:186} INFO - Started process (PID=967) to work on /home/airflow/.local/lib/python3.12/site-packages/airflow/example_dags/tutorial.py
[2025-03-08T23:44:41.360+0000] {processor.py:914} INFO - Processing file /home/airflow/.local/lib/python3.12/site-packages/airflow/example_dags/tutorial.py for tasks to queue
[2025-03-08T23:44:41.361+0000] {logging_mixin.py:190} INFO - [2025-03-08T23:44:41.361+0000] {dagbag.py:588} INFO - Filling up the DagBag from /home/airflow/.local/lib/python3.12/site-packages/airflow/example_dags/tutorial.py
[2025-03-08T23:44:41.367+0000] {processor.py:925} INFO - DAG(s) 'tutorial' retrieved from /home/airflow/.local/lib/python3.12/site-packages/airflow/example_dags/tutorial.py
[2025-03-08T23:44:41.383+0000] {logging_mixin.py:190} INFO - [2025-03-08T23:44:41.382+0000] {dag.py:3239} INFO - Sync 1 DAGs
[2025-03-08T23:44:41.401+0000] {logging_mixin.py:190} INFO - [2025-03-08T23:44:41.400+0000] {dag.py:4180} INFO - Setting next_dagrun for tutorial to 2025-03-07 00:00:00+00:00, run_after=2025-03-08 00:00:00+00:00
[2025-03-08T23:44:41.417+0000] {processor.py:208} INFO - Processing /home/airflow/.local/lib/python3.12/site-packages/airflow/example_dags/tutorial.py took 0.064 seconds
[2025-03-08T23:45:12.471+0000] {processor.py:186} INFO - Started process (PID=1031) to work on /home/airflow/.local/lib/python3.12/site-packages/airflow/example_dags/tutorial.py
[2025-03-08T23:45:12.472+0000] {processor.py:914} INFO - Processing file /home/airflow/.local/lib/python3.12/site-packages/airflow/example_dags/tutorial.py for tasks to queue
[2025-03-08T23:45:12.473+0000] {logging_mixin.py:190} INFO - [2025-03-08T23:45:12.473+0000] {dagbag.py:588} INFO - Filling up the DagBag from /home/airflow/.local/lib/python3.12/site-packages/airflow/example_dags/tutorial.py
[2025-03-08T23:45:12.478+0000] {processor.py:925} INFO - DAG(s) 'tutorial' retrieved from /home/airflow/.local/lib/python3.12/site-packages/airflow/example_dags/tutorial.py
[2025-03-08T23:45:12.493+0000] {logging_mixin.py:190} INFO - [2025-03-08T23:45:12.492+0000] {dag.py:3239} INFO - Sync 1 DAGs
[2025-03-08T23:45:12.509+0000] {logging_mixin.py:190} INFO - [2025-03-08T23:45:12.509+0000] {dag.py:4180} INFO - Setting next_dagrun for tutorial to 2025-03-07 00:00:00+00:00, run_after=2025-03-08 00:00:00+00:00
[2025-03-08T23:45:12.523+0000] {processor.py:208} INFO - Processing /home/airflow/.local/lib/python3.12/site-packages/airflow/example_dags/tutorial.py took 0.056 seconds
[2025-03-08T23:45:43.359+0000] {processor.py:186} INFO - Started process (PID=1094) to work on /home/airflow/.local/lib/python3.12/site-packages/airflow/example_dags/tutorial.py
[2025-03-08T23:45:43.360+0000] {processor.py:914} INFO - Processing file /home/airflow/.local/lib/python3.12/site-packages/airflow/example_dags/tutorial.py for tasks to queue
[2025-03-08T23:45:43.363+0000] {logging_mixin.py:190} INFO - [2025-03-08T23:45:43.362+0000] {dagbag.py:588} INFO - Filling up the DagBag from /home/airflow/.local/lib/python3.12/site-packages/airflow/example_dags/tutorial.py
[2025-03-08T23:45:43.370+0000] {processor.py:925} INFO - DAG(s) 'tutorial' retrieved from /home/airflow/.local/lib/python3.12/site-packages/airflow/example_dags/tutorial.py
[2025-03-08T23:45:43.389+0000] {logging_mixin.py:190} INFO - [2025-03-08T23:45:43.388+0000] {dag.py:3239} INFO - Sync 1 DAGs
[2025-03-08T23:45:43.408+0000] {logging_mixin.py:190} INFO - [2025-03-08T23:45:43.408+0000] {dag.py:4180} INFO - Setting next_dagrun for tutorial to 2025-03-07 00:00:00+00:00, run_after=2025-03-08 00:00:00+00:00
[2025-03-08T23:45:43.424+0000] {processor.py:208} INFO - Processing /home/airflow/.local/lib/python3.12/site-packages/airflow/example_dags/tutorial.py took 0.069 seconds
[2025-03-08T23:46:14.437+0000] {processor.py:186} INFO - Started process (PID=1157) to work on /home/airflow/.local/lib/python3.12/site-packages/airflow/example_dags/tutorial.py
[2025-03-08T23:46:14.438+0000] {processor.py:914} INFO - Processing file /home/airflow/.local/lib/python3.12/site-packages/airflow/example_dags/tutorial.py for tasks to queue
[2025-03-08T23:46:14.439+0000] {logging_mixin.py:190} INFO - [2025-03-08T23:46:14.439+0000] {dagbag.py:588} INFO - Filling up the DagBag from /home/airflow/.local/lib/python3.12/site-packages/airflow/example_dags/tutorial.py
[2025-03-08T23:46:14.445+0000] {processor.py:925} INFO - DAG(s) 'tutorial' retrieved from /home/airflow/.local/lib/python3.12/site-packages/airflow/example_dags/tutorial.py
[2025-03-08T23:46:14.459+0000] {logging_mixin.py:190} INFO - [2025-03-08T23:46:14.459+0000] {dag.py:3239} INFO - Sync 1 DAGs
[2025-03-08T23:46:14.478+0000] {logging_mixin.py:190} INFO - [2025-03-08T23:46:14.478+0000] {dag.py:4180} INFO - Setting next_dagrun for tutorial to 2025-03-07 00:00:00+00:00, run_after=2025-03-08 00:00:00+00:00
[2025-03-08T23:46:14.496+0000] {processor.py:208} INFO - Processing /home/airflow/.local/lib/python3.12/site-packages/airflow/example_dags/tutorial.py took 0.063 seconds
[2025-03-08T23:46:45.489+0000] {processor.py:186} INFO - Started process (PID=1220) to work on /home/airflow/.local/lib/python3.12/site-packages/airflow/example_dags/tutorial.py
[2025-03-08T23:46:45.490+0000] {processor.py:914} INFO - Processing file /home/airflow/.local/lib/python3.12/site-packages/airflow/example_dags/tutorial.py for tasks to queue
[2025-03-08T23:46:45.491+0000] {logging_mixin.py:190} INFO - [2025-03-08T23:46:45.491+0000] {dagbag.py:588} INFO - Filling up the DagBag from /home/airflow/.local/lib/python3.12/site-packages/airflow/example_dags/tutorial.py
[2025-03-08T23:46:45.497+0000] {processor.py:925} INFO - DAG(s) 'tutorial' retrieved from /home/airflow/.local/lib/python3.12/site-packages/airflow/example_dags/tutorial.py
[2025-03-08T23:46:45.511+0000] {logging_mixin.py:190} INFO - [2025-03-08T23:46:45.511+0000] {dag.py:3239} INFO - Sync 1 DAGs
[2025-03-08T23:46:45.527+0000] {logging_mixin.py:190} INFO - [2025-03-08T23:46:45.527+0000] {dag.py:4180} INFO - Setting next_dagrun for tutorial to 2025-03-07 00:00:00+00:00, run_after=2025-03-08 00:00:00+00:00
[2025-03-08T23:46:45.542+0000] {processor.py:208} INFO - Processing /home/airflow/.local/lib/python3.12/site-packages/airflow/example_dags/tutorial.py took 0.058 seconds
[2025-03-08T23:47:16.288+0000] {processor.py:186} INFO - Started process (PID=1283) to work on /home/airflow/.local/lib/python3.12/site-packages/airflow/example_dags/tutorial.py
[2025-03-08T23:47:16.289+0000] {processor.py:914} INFO - Processing file /home/airflow/.local/lib/python3.12/site-packages/airflow/example_dags/tutorial.py for tasks to queue
[2025-03-08T23:47:16.290+0000] {logging_mixin.py:190} INFO - [2025-03-08T23:47:16.290+0000] {dagbag.py:588} INFO - Filling up the DagBag from /home/airflow/.local/lib/python3.12/site-packages/airflow/example_dags/tutorial.py
[2025-03-08T23:47:16.295+0000] {processor.py:925} INFO - DAG(s) 'tutorial' retrieved from /home/airflow/.local/lib/python3.12/site-packages/airflow/example_dags/tutorial.py
[2025-03-08T23:47:16.309+0000] {logging_mixin.py:190} INFO - [2025-03-08T23:47:16.309+0000] {dag.py:3239} INFO - Sync 1 DAGs
[2025-03-08T23:47:16.324+0000] {logging_mixin.py:190} INFO - [2025-03-08T23:47:16.324+0000] {dag.py:4180} INFO - Setting next_dagrun for tutorial to 2025-03-07 00:00:00+00:00, run_after=2025-03-08 00:00:00+00:00
[2025-03-08T23:47:16.340+0000] {processor.py:208} INFO - Processing /home/airflow/.local/lib/python3.12/site-packages/airflow/example_dags/tutorial.py took 0.056 seconds
[2025-03-08T23:47:46.997+0000] {processor.py:186} INFO - Started process (PID=1345) to work on /home/airflow/.local/lib/python3.12/site-packages/airflow/example_dags/tutorial.py
[2025-03-08T23:47:46.998+0000] {processor.py:914} INFO - Processing file /home/airflow/.local/lib/python3.12/site-packages/airflow/example_dags/tutorial.py for tasks to queue
[2025-03-08T23:47:46.999+0000] {logging_mixin.py:190} INFO - [2025-03-08T23:47:46.999+0000] {dagbag.py:588} INFO - Filling up the DagBag from /home/airflow/.local/lib/python3.12/site-packages/airflow/example_dags/tutorial.py
[2025-03-08T23:47:47.004+0000] {processor.py:925} INFO - DAG(s) 'tutorial' retrieved from /home/airflow/.local/lib/python3.12/site-packages/airflow/example_dags/tutorial.py
[2025-03-08T23:47:47.019+0000] {logging_mixin.py:190} INFO - [2025-03-08T23:47:47.018+0000] {dag.py:3239} INFO - Sync 1 DAGs
[2025-03-08T23:47:47.035+0000] {logging_mixin.py:190} INFO - [2025-03-08T23:47:47.035+0000] {dag.py:4180} INFO - Setting next_dagrun for tutorial to 2025-03-07 00:00:00+00:00, run_after=2025-03-08 00:00:00+00:00
[2025-03-08T23:47:47.048+0000] {processor.py:208} INFO - Processing /home/airflow/.local/lib/python3.12/site-packages/airflow/example_dags/tutorial.py took 0.055 seconds
[2025-03-08T23:48:17.760+0000] {processor.py:186} INFO - Started process (PID=1408) to work on /home/airflow/.local/lib/python3.12/site-packages/airflow/example_dags/tutorial.py
[2025-03-08T23:48:17.760+0000] {processor.py:914} INFO - Processing file /home/airflow/.local/lib/python3.12/site-packages/airflow/example_dags/tutorial.py for tasks to queue
[2025-03-08T23:48:17.762+0000] {logging_mixin.py:190} INFO - [2025-03-08T23:48:17.762+0000] {dagbag.py:588} INFO - Filling up the DagBag from /home/airflow/.local/lib/python3.12/site-packages/airflow/example_dags/tutorial.py
[2025-03-08T23:48:17.768+0000] {processor.py:925} INFO - DAG(s) 'tutorial' retrieved from /home/airflow/.local/lib/python3.12/site-packages/airflow/example_dags/tutorial.py
[2025-03-08T23:48:17.782+0000] {logging_mixin.py:190} INFO - [2025-03-08T23:48:17.782+0000] {dag.py:3239} INFO - Sync 1 DAGs
[2025-03-08T23:48:17.798+0000] {logging_mixin.py:190} INFO - [2025-03-08T23:48:17.798+0000] {dag.py:4180} INFO - Setting next_dagrun for tutorial to 2025-03-07 00:00:00+00:00, run_after=2025-03-08 00:00:00+00:00
[2025-03-08T23:48:17.811+0000] {processor.py:208} INFO - Processing /home/airflow/.local/lib/python3.12/site-packages/airflow/example_dags/tutorial.py took 0.055 seconds
[2025-03-08T23:48:48.536+0000] {processor.py:186} INFO - Started process (PID=1471) to work on /home/airflow/.local/lib/python3.12/site-packages/airflow/example_dags/tutorial.py
[2025-03-08T23:48:48.537+0000] {processor.py:914} INFO - Processing file /home/airflow/.local/lib/python3.12/site-packages/airflow/example_dags/tutorial.py for tasks to queue
[2025-03-08T23:48:48.539+0000] {logging_mixin.py:190} INFO - [2025-03-08T23:48:48.539+0000] {dagbag.py:588} INFO - Filling up the DagBag from /home/airflow/.local/lib/python3.12/site-packages/airflow/example_dags/tutorial.py
[2025-03-08T23:48:48.546+0000] {processor.py:925} INFO - DAG(s) 'tutorial' retrieved from /home/airflow/.local/lib/python3.12/site-packages/airflow/example_dags/tutorial.py
[2025-03-08T23:48:48.561+0000] {logging_mixin.py:190} INFO - [2025-03-08T23:48:48.561+0000] {dag.py:3239} INFO - Sync 1 DAGs
[2025-03-08T23:48:48.581+0000] {logging_mixin.py:190} INFO - [2025-03-08T23:48:48.580+0000] {dag.py:4180} INFO - Setting next_dagrun for tutorial to 2025-03-07 00:00:00+00:00, run_after=2025-03-08 00:00:00+00:00
[2025-03-08T23:48:48.597+0000] {processor.py:208} INFO - Processing /home/airflow/.local/lib/python3.12/site-packages/airflow/example_dags/tutorial.py took 0.066 seconds
[2025-03-08T23:49:19.786+0000] {processor.py:186} INFO - Started process (PID=1534) to work on /home/airflow/.local/lib/python3.12/site-packages/airflow/example_dags/tutorial.py
[2025-03-08T23:49:19.787+0000] {processor.py:914} INFO - Processing file /home/airflow/.local/lib/python3.12/site-packages/airflow/example_dags/tutorial.py for tasks to queue
[2025-03-08T23:49:19.789+0000] {logging_mixin.py:190} INFO - [2025-03-08T23:49:19.789+0000] {dagbag.py:588} INFO - Filling up the DagBag from /home/airflow/.local/lib/python3.12/site-packages/airflow/example_dags/tutorial.py
[2025-03-08T23:49:19.794+0000] {processor.py:925} INFO - DAG(s) 'tutorial' retrieved from /home/airflow/.local/lib/python3.12/site-packages/airflow/example_dags/tutorial.py
[2025-03-08T23:49:19.812+0000] {logging_mixin.py:190} INFO - [2025-03-08T23:49:19.812+0000] {dag.py:3239} INFO - Sync 1 DAGs
[2025-03-08T23:49:19.834+0000] {logging_mixin.py:190} INFO - [2025-03-08T23:49:19.833+0000] {dag.py:4180} INFO - Setting next_dagrun for tutorial to 2025-03-07 00:00:00+00:00, run_after=2025-03-08 00:00:00+00:00
[2025-03-08T23:49:19.852+0000] {processor.py:208} INFO - Processing /home/airflow/.local/lib/python3.12/site-packages/airflow/example_dags/tutorial.py took 0.070 seconds
[2025-03-08T23:49:51.035+0000] {processor.py:186} INFO - Started process (PID=1597) to work on /home/airflow/.local/lib/python3.12/site-packages/airflow/example_dags/tutorial.py
[2025-03-08T23:49:51.036+0000] {processor.py:914} INFO - Processing file /home/airflow/.local/lib/python3.12/site-packages/airflow/example_dags/tutorial.py for tasks to queue
[2025-03-08T23:49:51.038+0000] {logging_mixin.py:190} INFO - [2025-03-08T23:49:51.037+0000] {dagbag.py:588} INFO - Filling up the DagBag from /home/airflow/.local/lib/python3.12/site-packages/airflow/example_dags/tutorial.py
[2025-03-08T23:49:51.043+0000] {processor.py:925} INFO - DAG(s) 'tutorial' retrieved from /home/airflow/.local/lib/python3.12/site-packages/airflow/example_dags/tutorial.py
[2025-03-08T23:49:51.060+0000] {logging_mixin.py:190} INFO - [2025-03-08T23:49:51.059+0000] {dag.py:3239} INFO - Sync 1 DAGs
[2025-03-08T23:49:51.079+0000] {logging_mixin.py:190} INFO - [2025-03-08T23:49:51.079+0000] {dag.py:4180} INFO - Setting next_dagrun for tutorial to 2025-03-07 00:00:00+00:00, run_after=2025-03-08 00:00:00+00:00
[2025-03-08T23:49:51.097+0000] {processor.py:208} INFO - Processing /home/airflow/.local/lib/python3.12/site-packages/airflow/example_dags/tutorial.py took 0.067 seconds
[2025-03-08T23:50:22.292+0000] {processor.py:186} INFO - Started process (PID=1660) to work on /home/airflow/.local/lib/python3.12/site-packages/airflow/example_dags/tutorial.py
[2025-03-08T23:50:22.293+0000] {processor.py:914} INFO - Processing file /home/airflow/.local/lib/python3.12/site-packages/airflow/example_dags/tutorial.py for tasks to queue
[2025-03-08T23:50:22.295+0000] {logging_mixin.py:190} INFO - [2025-03-08T23:50:22.294+0000] {dagbag.py:588} INFO - Filling up the DagBag from /home/airflow/.local/lib/python3.12/site-packages/airflow/example_dags/tutorial.py
[2025-03-08T23:50:22.300+0000] {processor.py:925} INFO - DAG(s) 'tutorial' retrieved from /home/airflow/.local/lib/python3.12/site-packages/airflow/example_dags/tutorial.py
[2025-03-08T23:50:22.313+0000] {logging_mixin.py:190} INFO - [2025-03-08T23:50:22.313+0000] {dag.py:3239} INFO - Sync 1 DAGs
[2025-03-08T23:50:22.328+0000] {logging_mixin.py:190} INFO - [2025-03-08T23:50:22.328+0000] {dag.py:4180} INFO - Setting next_dagrun for tutorial to 2025-03-07 00:00:00+00:00, run_after=2025-03-08 00:00:00+00:00
[2025-03-08T23:50:22.341+0000] {processor.py:208} INFO - Processing /home/airflow/.local/lib/python3.12/site-packages/airflow/example_dags/tutorial.py took 0.052 seconds
[2025-03-08T23:50:52.882+0000] {processor.py:186} INFO - Started process (PID=1723) to work on /home/airflow/.local/lib/python3.12/site-packages/airflow/example_dags/tutorial.py
[2025-03-08T23:50:52.882+0000] {processor.py:914} INFO - Processing file /home/airflow/.local/lib/python3.12/site-packages/airflow/example_dags/tutorial.py for tasks to queue
[2025-03-08T23:50:52.884+0000] {logging_mixin.py:190} INFO - [2025-03-08T23:50:52.883+0000] {dagbag.py:588} INFO - Filling up the DagBag from /home/airflow/.local/lib/python3.12/site-packages/airflow/example_dags/tutorial.py
[2025-03-08T23:50:52.888+0000] {processor.py:925} INFO - DAG(s) 'tutorial' retrieved from /home/airflow/.local/lib/python3.12/site-packages/airflow/example_dags/tutorial.py
[2025-03-08T23:50:52.901+0000] {logging_mixin.py:190} INFO - [2025-03-08T23:50:52.901+0000] {dag.py:3239} INFO - Sync 1 DAGs
[2025-03-08T23:50:52.917+0000] {logging_mixin.py:190} INFO - [2025-03-08T23:50:52.917+0000] {dag.py:4180} INFO - Setting next_dagrun for tutorial to 2025-03-07 00:00:00+00:00, run_after=2025-03-08 00:00:00+00:00
[2025-03-08T23:50:52.932+0000] {processor.py:208} INFO - Processing /home/airflow/.local/lib/python3.12/site-packages/airflow/example_dags/tutorial.py took 0.054 seconds
[2025-03-08T23:51:24.227+0000] {processor.py:186} INFO - Started process (PID=1786) to work on /home/airflow/.local/lib/python3.12/site-packages/airflow/example_dags/tutorial.py
[2025-03-08T23:51:24.228+0000] {processor.py:914} INFO - Processing file /home/airflow/.local/lib/python3.12/site-packages/airflow/example_dags/tutorial.py for tasks to queue
[2025-03-08T23:51:24.230+0000] {logging_mixin.py:190} INFO - [2025-03-08T23:51:24.230+0000] {dagbag.py:588} INFO - Filling up the DagBag from /home/airflow/.local/lib/python3.12/site-packages/airflow/example_dags/tutorial.py
[2025-03-08T23:51:24.236+0000] {processor.py:925} INFO - DAG(s) 'tutorial' retrieved from /home/airflow/.local/lib/python3.12/site-packages/airflow/example_dags/tutorial.py
[2025-03-08T23:51:24.250+0000] {logging_mixin.py:190} INFO - [2025-03-08T23:51:24.250+0000] {dag.py:3239} INFO - Sync 1 DAGs
[2025-03-08T23:51:24.267+0000] {logging_mixin.py:190} INFO - [2025-03-08T23:51:24.267+0000] {dag.py:4180} INFO - Setting next_dagrun for tutorial to 2025-03-07 00:00:00+00:00, run_after=2025-03-08 00:00:00+00:00
[2025-03-08T23:51:24.282+0000] {processor.py:208} INFO - Processing /home/airflow/.local/lib/python3.12/site-packages/airflow/example_dags/tutorial.py took 0.058 seconds
[2025-03-08T23:51:55.374+0000] {processor.py:186} INFO - Started process (PID=1849) to work on /home/airflow/.local/lib/python3.12/site-packages/airflow/example_dags/tutorial.py
[2025-03-08T23:51:55.374+0000] {processor.py:914} INFO - Processing file /home/airflow/.local/lib/python3.12/site-packages/airflow/example_dags/tutorial.py for tasks to queue
[2025-03-08T23:51:55.376+0000] {logging_mixin.py:190} INFO - [2025-03-08T23:51:55.376+0000] {dagbag.py:588} INFO - Filling up the DagBag from /home/airflow/.local/lib/python3.12/site-packages/airflow/example_dags/tutorial.py
[2025-03-08T23:51:55.382+0000] {processor.py:925} INFO - DAG(s) 'tutorial' retrieved from /home/airflow/.local/lib/python3.12/site-packages/airflow/example_dags/tutorial.py
[2025-03-08T23:51:55.397+0000] {logging_mixin.py:190} INFO - [2025-03-08T23:51:55.397+0000] {dag.py:3239} INFO - Sync 1 DAGs
[2025-03-08T23:51:55.413+0000] {logging_mixin.py:190} INFO - [2025-03-08T23:51:55.413+0000] {dag.py:4180} INFO - Setting next_dagrun for tutorial to 2025-03-07 00:00:00+00:00, run_after=2025-03-08 00:00:00+00:00
[2025-03-08T23:51:55.428+0000] {processor.py:208} INFO - Processing /home/airflow/.local/lib/python3.12/site-packages/airflow/example_dags/tutorial.py took 0.058 seconds
[2025-03-08T23:52:26.527+0000] {processor.py:186} INFO - Started process (PID=1913) to work on /home/airflow/.local/lib/python3.12/site-packages/airflow/example_dags/tutorial.py
[2025-03-08T23:52:26.528+0000] {processor.py:914} INFO - Processing file /home/airflow/.local/lib/python3.12/site-packages/airflow/example_dags/tutorial.py for tasks to queue
[2025-03-08T23:52:26.530+0000] {logging_mixin.py:190} INFO - [2025-03-08T23:52:26.529+0000] {dagbag.py:588} INFO - Filling up the DagBag from /home/airflow/.local/lib/python3.12/site-packages/airflow/example_dags/tutorial.py
[2025-03-08T23:52:26.535+0000] {processor.py:925} INFO - DAG(s) 'tutorial' retrieved from /home/airflow/.local/lib/python3.12/site-packages/airflow/example_dags/tutorial.py
[2025-03-08T23:52:26.551+0000] {logging_mixin.py:190} INFO - [2025-03-08T23:52:26.551+0000] {dag.py:3239} INFO - Sync 1 DAGs
[2025-03-08T23:52:26.570+0000] {logging_mixin.py:190} INFO - [2025-03-08T23:52:26.570+0000] {dag.py:4180} INFO - Setting next_dagrun for tutorial to 2025-03-07 00:00:00+00:00, run_after=2025-03-08 00:00:00+00:00
[2025-03-08T23:52:26.587+0000] {processor.py:208} INFO - Processing /home/airflow/.local/lib/python3.12/site-packages/airflow/example_dags/tutorial.py took 0.065 seconds
[2025-03-08T23:52:57.490+0000] {processor.py:186} INFO - Started process (PID=1976) to work on /home/airflow/.local/lib/python3.12/site-packages/airflow/example_dags/tutorial.py
[2025-03-08T23:52:57.491+0000] {processor.py:914} INFO - Processing file /home/airflow/.local/lib/python3.12/site-packages/airflow/example_dags/tutorial.py for tasks to queue
[2025-03-08T23:52:57.492+0000] {logging_mixin.py:190} INFO - [2025-03-08T23:52:57.492+0000] {dagbag.py:588} INFO - Filling up the DagBag from /home/airflow/.local/lib/python3.12/site-packages/airflow/example_dags/tutorial.py
[2025-03-08T23:52:57.497+0000] {processor.py:925} INFO - DAG(s) 'tutorial' retrieved from /home/airflow/.local/lib/python3.12/site-packages/airflow/example_dags/tutorial.py
[2025-03-08T23:52:57.512+0000] {logging_mixin.py:190} INFO - [2025-03-08T23:52:57.512+0000] {dag.py:3239} INFO - Sync 1 DAGs
[2025-03-08T23:52:57.529+0000] {logging_mixin.py:190} INFO - [2025-03-08T23:52:57.529+0000] {dag.py:4180} INFO - Setting next_dagrun for tutorial to 2025-03-07 00:00:00+00:00, run_after=2025-03-08 00:00:00+00:00
[2025-03-08T23:52:57.543+0000] {processor.py:208} INFO - Processing /home/airflow/.local/lib/python3.12/site-packages/airflow/example_dags/tutorial.py took 0.058 seconds
[2025-03-08T23:53:28.285+0000] {processor.py:186} INFO - Started process (PID=2039) to work on /home/airflow/.local/lib/python3.12/site-packages/airflow/example_dags/tutorial.py
[2025-03-08T23:53:28.285+0000] {processor.py:914} INFO - Processing file /home/airflow/.local/lib/python3.12/site-packages/airflow/example_dags/tutorial.py for tasks to queue
[2025-03-08T23:53:28.287+0000] {logging_mixin.py:190} INFO - [2025-03-08T23:53:28.287+0000] {dagbag.py:588} INFO - Filling up the DagBag from /home/airflow/.local/lib/python3.12/site-packages/airflow/example_dags/tutorial.py
[2025-03-08T23:53:28.292+0000] {processor.py:925} INFO - DAG(s) 'tutorial' retrieved from /home/airflow/.local/lib/python3.12/site-packages/airflow/example_dags/tutorial.py
[2025-03-08T23:53:28.307+0000] {logging_mixin.py:190} INFO - [2025-03-08T23:53:28.307+0000] {dag.py:3239} INFO - Sync 1 DAGs
[2025-03-08T23:53:28.324+0000] {logging_mixin.py:190} INFO - [2025-03-08T23:53:28.324+0000] {dag.py:4180} INFO - Setting next_dagrun for tutorial to 2025-03-07 00:00:00+00:00, run_after=2025-03-08 00:00:00+00:00
[2025-03-08T23:53:28.338+0000] {processor.py:208} INFO - Processing /home/airflow/.local/lib/python3.12/site-packages/airflow/example_dags/tutorial.py took 0.057 seconds
[2025-03-08T23:53:59.481+0000] {processor.py:186} INFO - Started process (PID=2108) to work on /home/airflow/.local/lib/python3.12/site-packages/airflow/example_dags/tutorial.py
[2025-03-08T23:53:59.482+0000] {processor.py:914} INFO - Processing file /home/airflow/.local/lib/python3.12/site-packages/airflow/example_dags/tutorial.py for tasks to queue
[2025-03-08T23:53:59.484+0000] {logging_mixin.py:190} INFO - [2025-03-08T23:53:59.484+0000] {dagbag.py:588} INFO - Filling up the DagBag from /home/airflow/.local/lib/python3.12/site-packages/airflow/example_dags/tutorial.py
[2025-03-08T23:53:59.492+0000] {processor.py:925} INFO - DAG(s) 'tutorial' retrieved from /home/airflow/.local/lib/python3.12/site-packages/airflow/example_dags/tutorial.py
[2025-03-08T23:53:59.514+0000] {logging_mixin.py:190} INFO - [2025-03-08T23:53:59.514+0000] {dag.py:3239} INFO - Sync 1 DAGs
[2025-03-08T23:53:59.536+0000] {logging_mixin.py:190} INFO - [2025-03-08T23:53:59.536+0000] {dag.py:4180} INFO - Setting next_dagrun for tutorial to 2025-03-07 00:00:00+00:00, run_after=2025-03-08 00:00:00+00:00
[2025-03-08T23:53:59.551+0000] {processor.py:208} INFO - Processing /home/airflow/.local/lib/python3.12/site-packages/airflow/example_dags/tutorial.py took 0.075 seconds
[2025-03-08T23:54:30.754+0000] {processor.py:186} INFO - Started process (PID=2171) to work on /home/airflow/.local/lib/python3.12/site-packages/airflow/example_dags/tutorial.py
[2025-03-08T23:54:30.755+0000] {processor.py:914} INFO - Processing file /home/airflow/.local/lib/python3.12/site-packages/airflow/example_dags/tutorial.py for tasks to queue
[2025-03-08T23:54:30.758+0000] {logging_mixin.py:190} INFO - [2025-03-08T23:54:30.758+0000] {dagbag.py:588} INFO - Filling up the DagBag from /home/airflow/.local/lib/python3.12/site-packages/airflow/example_dags/tutorial.py
[2025-03-08T23:54:30.763+0000] {processor.py:925} INFO - DAG(s) 'tutorial' retrieved from /home/airflow/.local/lib/python3.12/site-packages/airflow/example_dags/tutorial.py
[2025-03-08T23:54:30.780+0000] {logging_mixin.py:190} INFO - [2025-03-08T23:54:30.780+0000] {dag.py:3239} INFO - Sync 1 DAGs
[2025-03-08T23:54:30.799+0000] {logging_mixin.py:190} INFO - [2025-03-08T23:54:30.798+0000] {dag.py:4180} INFO - Setting next_dagrun for tutorial to 2025-03-07 00:00:00+00:00, run_after=2025-03-08 00:00:00+00:00
[2025-03-08T23:54:30.815+0000] {processor.py:208} INFO - Processing /home/airflow/.local/lib/python3.12/site-packages/airflow/example_dags/tutorial.py took 0.066 seconds
[2025-03-08T23:55:01.369+0000] {processor.py:186} INFO - Started process (PID=2234) to work on /home/airflow/.local/lib/python3.12/site-packages/airflow/example_dags/tutorial.py
[2025-03-08T23:55:01.370+0000] {processor.py:914} INFO - Processing file /home/airflow/.local/lib/python3.12/site-packages/airflow/example_dags/tutorial.py for tasks to queue
[2025-03-08T23:55:01.372+0000] {logging_mixin.py:190} INFO - [2025-03-08T23:55:01.371+0000] {dagbag.py:588} INFO - Filling up the DagBag from /home/airflow/.local/lib/python3.12/site-packages/airflow/example_dags/tutorial.py
[2025-03-08T23:55:01.377+0000] {processor.py:925} INFO - DAG(s) 'tutorial' retrieved from /home/airflow/.local/lib/python3.12/site-packages/airflow/example_dags/tutorial.py
[2025-03-08T23:55:01.394+0000] {logging_mixin.py:190} INFO - [2025-03-08T23:55:01.394+0000] {dag.py:3239} INFO - Sync 1 DAGs
[2025-03-08T23:55:01.414+0000] {logging_mixin.py:190} INFO - [2025-03-08T23:55:01.413+0000] {dag.py:4180} INFO - Setting next_dagrun for tutorial to 2025-03-07 00:00:00+00:00, run_after=2025-03-08 00:00:00+00:00
[2025-03-08T23:55:01.430+0000] {processor.py:208} INFO - Processing /home/airflow/.local/lib/python3.12/site-packages/airflow/example_dags/tutorial.py took 0.066 seconds
[2025-03-08T23:55:32.508+0000] {processor.py:186} INFO - Started process (PID=2296) to work on /home/airflow/.local/lib/python3.12/site-packages/airflow/example_dags/tutorial.py
[2025-03-08T23:55:32.509+0000] {processor.py:914} INFO - Processing file /home/airflow/.local/lib/python3.12/site-packages/airflow/example_dags/tutorial.py for tasks to queue
[2025-03-08T23:55:32.511+0000] {logging_mixin.py:190} INFO - [2025-03-08T23:55:32.511+0000] {dagbag.py:588} INFO - Filling up the DagBag from /home/airflow/.local/lib/python3.12/site-packages/airflow/example_dags/tutorial.py
[2025-03-08T23:55:32.516+0000] {processor.py:925} INFO - DAG(s) 'tutorial' retrieved from /home/airflow/.local/lib/python3.12/site-packages/airflow/example_dags/tutorial.py
[2025-03-08T23:55:32.530+0000] {logging_mixin.py:190} INFO - [2025-03-08T23:55:32.530+0000] {dag.py:3239} INFO - Sync 1 DAGs
[2025-03-08T23:55:32.545+0000] {logging_mixin.py:190} INFO - [2025-03-08T23:55:32.545+0000] {dag.py:4180} INFO - Setting next_dagrun for tutorial to 2025-03-07 00:00:00+00:00, run_after=2025-03-08 00:00:00+00:00
[2025-03-08T23:55:32.559+0000] {processor.py:208} INFO - Processing /home/airflow/.local/lib/python3.12/site-packages/airflow/example_dags/tutorial.py took 0.054 seconds
[2025-03-08T23:56:03.804+0000] {processor.py:186} INFO - Started process (PID=2359) to work on /home/airflow/.local/lib/python3.12/site-packages/airflow/example_dags/tutorial.py
[2025-03-08T23:56:03.804+0000] {processor.py:914} INFO - Processing file /home/airflow/.local/lib/python3.12/site-packages/airflow/example_dags/tutorial.py for tasks to queue
[2025-03-08T23:56:03.806+0000] {logging_mixin.py:190} INFO - [2025-03-08T23:56:03.806+0000] {dagbag.py:588} INFO - Filling up the DagBag from /home/airflow/.local/lib/python3.12/site-packages/airflow/example_dags/tutorial.py
[2025-03-08T23:56:03.811+0000] {processor.py:925} INFO - DAG(s) 'tutorial' retrieved from /home/airflow/.local/lib/python3.12/site-packages/airflow/example_dags/tutorial.py
[2025-03-08T23:56:03.825+0000] {logging_mixin.py:190} INFO - [2025-03-08T23:56:03.825+0000] {dag.py:3239} INFO - Sync 1 DAGs
[2025-03-08T23:56:03.843+0000] {logging_mixin.py:190} INFO - [2025-03-08T23:56:03.843+0000] {dag.py:4180} INFO - Setting next_dagrun for tutorial to 2025-03-07 00:00:00+00:00, run_after=2025-03-08 00:00:00+00:00
[2025-03-08T23:56:03.857+0000] {processor.py:208} INFO - Processing /home/airflow/.local/lib/python3.12/site-packages/airflow/example_dags/tutorial.py took 0.057 seconds
[2025-03-08T23:56:35.330+0000] {processor.py:186} INFO - Started process (PID=2422) to work on /home/airflow/.local/lib/python3.12/site-packages/airflow/example_dags/tutorial.py
[2025-03-08T23:56:35.331+0000] {processor.py:914} INFO - Processing file /home/airflow/.local/lib/python3.12/site-packages/airflow/example_dags/tutorial.py for tasks to queue
[2025-03-08T23:56:35.332+0000] {logging_mixin.py:190} INFO - [2025-03-08T23:56:35.332+0000] {dagbag.py:588} INFO - Filling up the DagBag from /home/airflow/.local/lib/python3.12/site-packages/airflow/example_dags/tutorial.py
[2025-03-08T23:56:35.338+0000] {processor.py:925} INFO - DAG(s) 'tutorial' retrieved from /home/airflow/.local/lib/python3.12/site-packages/airflow/example_dags/tutorial.py
[2025-03-08T23:56:35.356+0000] {logging_mixin.py:190} INFO - [2025-03-08T23:56:35.356+0000] {dag.py:3239} INFO - Sync 1 DAGs
[2025-03-08T23:56:35.372+0000] {logging_mixin.py:190} INFO - [2025-03-08T23:56:35.371+0000] {dag.py:4180} INFO - Setting next_dagrun for tutorial to 2025-03-07 00:00:00+00:00, run_after=2025-03-08 00:00:00+00:00
[2025-03-08T23:56:35.385+0000] {processor.py:208} INFO - Processing /home/airflow/.local/lib/python3.12/site-packages/airflow/example_dags/tutorial.py took 0.059 seconds
[2025-03-08T23:57:06.360+0000] {processor.py:186} INFO - Started process (PID=2485) to work on /home/airflow/.local/lib/python3.12/site-packages/airflow/example_dags/tutorial.py
[2025-03-08T23:57:06.361+0000] {processor.py:914} INFO - Processing file /home/airflow/.local/lib/python3.12/site-packages/airflow/example_dags/tutorial.py for tasks to queue
[2025-03-08T23:57:06.363+0000] {logging_mixin.py:190} INFO - [2025-03-08T23:57:06.363+0000] {dagbag.py:588} INFO - Filling up the DagBag from /home/airflow/.local/lib/python3.12/site-packages/airflow/example_dags/tutorial.py
[2025-03-08T23:57:06.368+0000] {processor.py:925} INFO - DAG(s) 'tutorial' retrieved from /home/airflow/.local/lib/python3.12/site-packages/airflow/example_dags/tutorial.py
[2025-03-08T23:57:06.383+0000] {logging_mixin.py:190} INFO - [2025-03-08T23:57:06.382+0000] {dag.py:3239} INFO - Sync 1 DAGs
[2025-03-08T23:57:06.398+0000] {logging_mixin.py:190} INFO - [2025-03-08T23:57:06.398+0000] {dag.py:4180} INFO - Setting next_dagrun for tutorial to 2025-03-07 00:00:00+00:00, run_after=2025-03-08 00:00:00+00:00
[2025-03-08T23:57:06.411+0000] {processor.py:208} INFO - Processing /home/airflow/.local/lib/python3.12/site-packages/airflow/example_dags/tutorial.py took 0.055 seconds
[2025-03-08T23:57:37.568+0000] {processor.py:186} INFO - Started process (PID=2548) to work on /home/airflow/.local/lib/python3.12/site-packages/airflow/example_dags/tutorial.py
[2025-03-08T23:57:37.569+0000] {processor.py:914} INFO - Processing file /home/airflow/.local/lib/python3.12/site-packages/airflow/example_dags/tutorial.py for tasks to queue
[2025-03-08T23:57:37.570+0000] {logging_mixin.py:190} INFO - [2025-03-08T23:57:37.570+0000] {dagbag.py:588} INFO - Filling up the DagBag from /home/airflow/.local/lib/python3.12/site-packages/airflow/example_dags/tutorial.py
[2025-03-08T23:57:37.576+0000] {processor.py:925} INFO - DAG(s) 'tutorial' retrieved from /home/airflow/.local/lib/python3.12/site-packages/airflow/example_dags/tutorial.py
[2025-03-08T23:57:37.592+0000] {logging_mixin.py:190} INFO - [2025-03-08T23:57:37.591+0000] {dag.py:3239} INFO - Sync 1 DAGs
[2025-03-08T23:57:37.608+0000] {logging_mixin.py:190} INFO - [2025-03-08T23:57:37.608+0000] {dag.py:4180} INFO - Setting next_dagrun for tutorial to 2025-03-07 00:00:00+00:00, run_after=2025-03-08 00:00:00+00:00
[2025-03-08T23:57:37.622+0000] {processor.py:208} INFO - Processing /home/airflow/.local/lib/python3.12/site-packages/airflow/example_dags/tutorial.py took 0.057 seconds
[2025-03-08T23:58:09.086+0000] {processor.py:186} INFO - Started process (PID=2611) to work on /home/airflow/.local/lib/python3.12/site-packages/airflow/example_dags/tutorial.py
[2025-03-08T23:58:09.087+0000] {processor.py:914} INFO - Processing file /home/airflow/.local/lib/python3.12/site-packages/airflow/example_dags/tutorial.py for tasks to queue
[2025-03-08T23:58:09.089+0000] {logging_mixin.py:190} INFO - [2025-03-08T23:58:09.089+0000] {dagbag.py:588} INFO - Filling up the DagBag from /home/airflow/.local/lib/python3.12/site-packages/airflow/example_dags/tutorial.py
[2025-03-08T23:58:09.094+0000] {processor.py:925} INFO - DAG(s) 'tutorial' retrieved from /home/airflow/.local/lib/python3.12/site-packages/airflow/example_dags/tutorial.py
[2025-03-08T23:58:09.107+0000] {logging_mixin.py:190} INFO - [2025-03-08T23:58:09.107+0000] {dag.py:3239} INFO - Sync 1 DAGs
[2025-03-08T23:58:09.123+0000] {logging_mixin.py:190} INFO - [2025-03-08T23:58:09.123+0000] {dag.py:4180} INFO - Setting next_dagrun for tutorial to 2025-03-07 00:00:00+00:00, run_after=2025-03-08 00:00:00+00:00
[2025-03-08T23:58:09.136+0000] {processor.py:208} INFO - Processing /home/airflow/.local/lib/python3.12/site-packages/airflow/example_dags/tutorial.py took 0.054 seconds
